#
# There is insufficient memory for the Java Runtime Environment to continue.
# Native memory allocation (mmap) failed to map 33554432 bytes for G1 virtual space
# Possible reasons:
#   The system is out of physical RAM or swap space
#   The process is running with CompressedOops enabled, and the Java Heap may be blocking the growth of the native heap
# Possible solutions:
#   Reduce memory load on the system
#   Increase physical memory or swap space
#   Check if swap backing store is full
#   Decrease Java heap size (-Xmx/-Xms)
#   Decrease number of Java threads
#   Decrease Java thread stack sizes (-Xss)
#   Set larger code cache with -XX:ReservedCodeCacheSize=
#   JVM is running with Unscaled Compressed Oops mode in which the Java heap is
#     placed in the first 4GB address space. The Java Heap base address is the
#     maximum limit for the native heap growth. Please use -XX:HeapBaseMinAddress
#     to set the Java Heap base and to place the Java Heap above 4GB virtual address.
# This output file may be truncated or incomplete.
#
#  Out of Memory Error (os_windows.cpp:3769), pid=1244, tid=14588
#
# JRE version: OpenJDK Runtime Environment (17.0.6) (build 17.0.6+0-b2043.56-10027231)
# Java VM: OpenJDK 64-Bit Server VM (17.0.6+0-b2043.56-10027231, mixed mode, tiered, compressed oops, compressed class ptrs, g1 gc, windows-amd64)
# No core dump will be written. Minidumps are not enabled by default on client versions of Windows
#

---------------  S U M M A R Y ------------

Command Line: --add-opens=java.base/java.util=ALL-UNNAMED --add-opens=java.base/java.lang=ALL-UNNAMED --add-opens=java.base/java.lang.invoke=ALL-UNNAMED --add-opens=java.prefs/java.util.prefs=ALL-UNNAMED --add-opens=java.base/java.nio.charset=ALL-UNNAMED --add-opens=java.base/java.net=ALL-UNNAMED --add-opens=java.base/java.util.concurrent.atomic=ALL-UNNAMED -Xmx2048m -Dfile.encoding=UTF-8 -Duser.country=CN -Duser.language=zh -Duser.variant org.gradle.launcher.daemon.bootstrap.GradleDaemon 8.0

Host: 11th Gen Intel(R) Core(TM) i5-1135G7 @ 2.40GHz, 8 cores, 15G,  Windows 11 , 64 bit Build 22621 (10.0.22621.2506)
Time: Mon Jan 15 19:05:10 2024  Windows 11 , 64 bit Build 22621 (10.0.22621.2506) elapsed time: 8.350458 seconds (0d 0h 0m 8s)

---------------  T H R E A D  ---------------

Current thread (0x00000131f1c12540):  VMThread "VM Thread" [stack: 0x000000196ec00000,0x000000196ed00000] [id=14588]

Stack: [0x000000196ec00000,0x000000196ed00000]
Native frames: (J=compiled Java code, j=interpreted, Vv=VM code, C=native code)
V  [jvm.dll+0x683c9a]
V  [jvm.dll+0x8427a4]
V  [jvm.dll+0x843f9e]
V  [jvm.dll+0x844603]
V  [jvm.dll+0x249b75]
V  [jvm.dll+0x680b69]
V  [jvm.dll+0x67505a]
V  [jvm.dll+0x309acb]
V  [jvm.dll+0x310f86]
V  [jvm.dll+0x3608ee]
V  [jvm.dll+0x360b1f]
V  [jvm.dll+0x2dfbf8]
V  [jvm.dll+0x2ddec4]
V  [jvm.dll+0x2dd4cc]
V  [jvm.dll+0x321f3b]
V  [jvm.dll+0x848ccb]
V  [jvm.dll+0x849a04]
V  [jvm.dll+0x849f1d]
V  [jvm.dll+0x84a2f4]
V  [jvm.dll+0x84a3c0]
V  [jvm.dll+0x7f274a]
V  [jvm.dll+0x682ad5]
C  [ucrtbase.dll+0x29363]
C  [KERNEL32.DLL+0x1257d]
C  [ntdll.dll+0x5aa58]

VM_Operation (0x00000019705f5ac0): G1CollectForAllocation, mode: safepoint, requested by thread 0x00000131f43e7e80


---------------  P R O C E S S  ---------------

Threads class SMR info:
_java_thread_list=0x00000131fbbd3690, length=129, elements={
0x00000131d74f2a50, 0x00000131f1c91250, 0x00000131f1c91e00, 0x00000131f1cbf4f0,
0x00000131f1cc00a0, 0x00000131f1cc0d60, 0x00000131f1cc1710, 0x00000131f1ce2890,
0x00000131f1ceaea0, 0x00000131f1cec0a0, 0x00000131f1e71010, 0x00000131f1e75ab0,
0x00000131f436ef60, 0x00000131f227e190, 0x00000131f31f5240, 0x00000131f43125d0,
0x00000131f498c040, 0x00000131f498c510, 0x00000131f43e79b0, 0x00000131f43e7e80,
0x00000131f43e8350, 0x00000131f43ea500, 0x00000131f43e8cf0, 0x00000131f43e9b60,
0x00000131f43e8820, 0x00000131f43ea030, 0x00000131f43e91c0, 0x00000131f43ea9d0,
0x00000131f43e9690, 0x00000131f43eaea0, 0x00000131f43eb370, 0x00000131f546d870,
0x00000131f546c530, 0x00000131f546ced0, 0x00000131f546dd40, 0x00000131f546e210,
0x00000131f5470890, 0x00000131f5471bd0, 0x00000131f546e6e0, 0x00000131f546ca00,
0x00000131f54720a0, 0x00000131f546d3a0, 0x00000131f546fef0, 0x00000131f546f550,
0x00000131f546fa20, 0x00000131f54703c0, 0x00000131f5472f10, 0x00000131f5472570,
0x00000131f54733e0, 0x00000131f546c060, 0x00000131f5472a40, 0x00000131f754f250,
0x00000131f754f720, 0x00000131f754cbd0, 0x00000131f7550590, 0x00000131f754d0a0,
0x00000131f754df10, 0x00000131f7550f30, 0x00000131f7550a60, 0x00000131f754d570,
0x00000131f7551400, 0x00000131f7549bb0, 0x00000131f754aef0, 0x00000131f754a080,
0x00000131f754ed80, 0x00000131f75500c0, 0x00000131f754b3c0, 0x00000131f754a550,
0x00000131f754fbf0, 0x00000131f754e3e0, 0x00000131f754aa20, 0x00000131f754e8b0,
0x00000131f754b890, 0x00000131f754bd60, 0x00000131f754c230, 0x00000131f754c700,
0x00000131f754da40, 0x00000131f75c76b0, 0x00000131f75c0cd0, 0x00000131f75c2e80,
0x00000131f75c59d0, 0x00000131f75c3350, 0x00000131f75c24e0, 0x00000131f75c29b0,
0x00000131f75c3820, 0x00000131f75c0330, 0x00000131f75c3cf0, 0x00000131f75bfe60,
0x00000131f75c41c0, 0x00000131f75c4690, 0x00000131f75c4b60, 0x00000131f75c5030,
0x00000131f75c5500, 0x00000131f75c5ea0, 0x00000131f75c0800, 0x00000131f75c11a0,
0x00000131f75c6370, 0x00000131f75c71e0, 0x00000131f75c1670, 0x00000131f75c1b40,
0x00000131f75c6840, 0x00000131f75c2010, 0x00000131f75c6d10, 0x00000131f1f849e0,
0x00000131f1f85d20, 0x00000131f1f87ed0, 0x00000131f1f87060, 0x00000131f1f861f0,
0x00000131f1f866c0, 0x00000131f1f84eb0, 0x00000131f1f85850, 0x00000131f1f86b90,
0x00000131f1f883a0, 0x00000131f1f87530, 0x00000131f1f87a00, 0x00000131f1f85380,
0x00000131f8c498b0, 0x00000131f8c4abf0, 0x00000131f8c4e0e0, 0x00000131f8c48570,
0x00000131f8c4dc10, 0x00000131f8c4b590, 0x00000131f8c4d270, 0x00000131f8c49d80,
0x00000131f8c48a40, 0x00000131f5d97d10, 0x00000131f8c4e5b0, 0x00000131f8c48f10,
0x00000131f8c480a0
}

Java Threads: ( => current thread )
  0x00000131d74f2a50 JavaThread "main" [_thread_blocked, id=11736, stack(0x000000196e600000,0x000000196e700000)]
  0x00000131f1c91250 JavaThread "Reference Handler" daemon [_thread_blocked, id=14640, stack(0x000000196ed00000,0x000000196ee00000)]
  0x00000131f1c91e00 JavaThread "Finalizer" daemon [_thread_blocked, id=18624, stack(0x000000196ee00000,0x000000196ef00000)]
  0x00000131f1cbf4f0 JavaThread "Signal Dispatcher" daemon [_thread_blocked, id=10560, stack(0x000000196ef00000,0x000000196f000000)]
  0x00000131f1cc00a0 JavaThread "Attach Listener" daemon [_thread_blocked, id=16440, stack(0x000000196f000000,0x000000196f100000)]
  0x00000131f1cc0d60 JavaThread "Service Thread" daemon [_thread_blocked, id=6580, stack(0x000000196f100000,0x000000196f200000)]
  0x00000131f1cc1710 JavaThread "Monitor Deflation Thread" daemon [_thread_blocked, id=4736, stack(0x000000196f200000,0x000000196f300000)]
  0x00000131f1ce2890 JavaThread "C2 CompilerThread0" daemon [_thread_blocked, id=9648, stack(0x000000196f300000,0x000000196f400000)]
  0x00000131f1ceaea0 JavaThread "C1 CompilerThread0" daemon [_thread_blocked, id=13556, stack(0x000000196f400000,0x000000196f500000)]
  0x00000131f1cec0a0 JavaThread "Sweeper thread" daemon [_thread_blocked, id=19856, stack(0x000000196f500000,0x000000196f600000)]
  0x00000131f1e71010 JavaThread "Common-Cleaner" daemon [_thread_blocked, id=14244, stack(0x000000196f600000,0x000000196f700000)]
  0x00000131f1e75ab0 JavaThread "Notification Thread" daemon [_thread_blocked, id=18200, stack(0x000000196f700000,0x000000196f800000)]
  0x00000131f436ef60 JavaThread "Daemon health stats" [_thread_blocked, id=13108, stack(0x0000001970000000,0x0000001970100000)]
  0x00000131f227e190 JavaThread "Incoming local TCP Connector on port 54806" [_thread_in_native, id=16988, stack(0x000000196f900000,0x000000196fa00000)]
  0x00000131f31f5240 JavaThread "Daemon periodic checks" [_thread_blocked, id=6456, stack(0x000000196fa00000,0x000000196fb00000)]
  0x00000131f43125d0 JavaThread "C2 CompilerThread1" daemon [_thread_blocked, id=16708, stack(0x0000001970100000,0x0000001970200000)]
  0x00000131f498c040 JavaThread "Daemon" [_thread_blocked, id=5736, stack(0x0000001970200000,0x0000001970300000)]
  0x00000131f498c510 JavaThread "Handler for socket connection from /127.0.0.1:54806 to /127.0.0.1:54807" [_thread_in_native, id=14876, stack(0x0000001970300000,0x0000001970400000)]
  0x00000131f43e79b0 JavaThread "Cancel handler" [_thread_blocked, id=3776, stack(0x0000001970400000,0x0000001970500000)]
  0x00000131f43e7e80 JavaThread "Daemon worker" [_thread_blocked, id=15472, stack(0x0000001970500000,0x0000001970600000)]
  0x00000131f43e8350 JavaThread "Asynchronous log dispatcher for DefaultDaemonConnection: socket connection from /127.0.0.1:54806 to /127.0.0.1:54807" [_thread_blocked, id=13488, stack(0x0000001970600000,0x0000001970700000)]
  0x00000131f43ea500 JavaThread "Stdin handler" [_thread_blocked, id=1748, stack(0x0000001970700000,0x0000001970800000)]
  0x00000131f43e8cf0 JavaThread "Daemon client event forwarder" [_thread_blocked, id=16488, stack(0x0000001970800000,0x0000001970900000)]
  0x00000131f43e9b60 JavaThread "Cache worker for journal cache (C:\Users\86199\.gradle\caches\journal-1)" [_thread_blocked, id=16896, stack(0x0000001970c00000,0x0000001970d00000)]
  0x00000131f43e8820 JavaThread "File lock request listener" [_thread_in_native, id=2372, stack(0x0000001970d00000,0x0000001970e00000)]
  0x00000131f43ea030 JavaThread "Cache worker for file hash cache (C:\Users\86199\.gradle\caches\8.0\fileHashes)" [_thread_blocked, id=4756, stack(0x0000001970e00000,0x0000001970f00000)]
  0x00000131f43e91c0 JavaThread "File watcher server" daemon [_thread_in_native, id=20220, stack(0x0000001971000000,0x0000001971100000)]
  0x00000131f43ea9d0 JavaThread "File watcher consumer" daemon [_thread_blocked, id=11076, stack(0x0000001971100000,0x0000001971200000)]
  0x00000131f43e9690 JavaThread "jar transforms" [_thread_blocked, id=16480, stack(0x0000001971200000,0x0000001971300000)]
  0x00000131f43eaea0 JavaThread "jar transforms Thread 2" [_thread_blocked, id=11016, stack(0x0000001971300000,0x0000001971400000)]
  0x00000131f43eb370 JavaThread "jar transforms Thread 3" [_thread_blocked, id=20072, stack(0x0000001971400000,0x0000001971500000)]
  0x00000131f546d870 JavaThread "jar transforms Thread 4" [_thread_blocked, id=11184, stack(0x0000001971500000,0x0000001971600000)]
  0x00000131f546c530 JavaThread "jar transforms Thread 5" [_thread_blocked, id=5716, stack(0x0000001971600000,0x0000001971700000)]
  0x00000131f546ced0 JavaThread "jar transforms Thread 6" [_thread_blocked, id=18276, stack(0x0000001971700000,0x0000001971800000)]
  0x00000131f546dd40 JavaThread "jar transforms Thread 7" [_thread_blocked, id=10248, stack(0x0000001971800000,0x0000001971900000)]
  0x00000131f546e210 JavaThread "jar transforms Thread 8" [_thread_blocked, id=5084, stack(0x0000001971900000,0x0000001971a00000)]
  0x00000131f5470890 JavaThread "Cache worker for checksums cache (D:\MyApplication\.gradle\8.0\checksums)" [_thread_blocked, id=14444, stack(0x0000001971a00000,0x0000001971b00000)]
  0x00000131f5471bd0 JavaThread "Cache worker for cache directory md-rule (C:\Users\86199\.gradle\caches\8.0\md-rule)" [_thread_blocked, id=18036, stack(0x0000001971b00000,0x0000001971c00000)]
  0x00000131f546e6e0 JavaThread "Cache worker for file content cache (C:\Users\86199\.gradle\caches\8.0\fileContent)" [_thread_blocked, id=6932, stack(0x0000001971c00000,0x0000001971d00000)]
  0x00000131f546ca00 JavaThread "Cache worker for file hash cache (D:\MyApplication\.gradle\8.0\fileHashes)" [_thread_blocked, id=14892, stack(0x0000001971d00000,0x0000001971e00000)]
  0x00000131f54720a0 JavaThread "Cache worker for cache directory md-supplier (C:\Users\86199\.gradle\caches\8.0\md-supplier)" [_thread_blocked, id=17044, stack(0x0000001971e00000,0x0000001971f00000)]
  0x00000131f546d3a0 JavaThread "Cache worker for execution history cache (C:\Users\86199\.gradle\caches\8.0\executionHistory)" [_thread_blocked, id=15464, stack(0x0000001971f00000,0x0000001972000000)]
  0x00000131f546fef0 JavaThread "Cache worker for kotlin-dsl (C:\Users\86199\.gradle\caches\8.0\kotlin-dsl)" [_thread_blocked, id=3832, stack(0x0000001972000000,0x0000001972100000)]
  0x00000131f546f550 JavaThread "Cache worker for dependencies-accessors (D:\MyApplication\.gradle\8.0\dependencies-accessors)" [_thread_blocked, id=15140, stack(0x0000001972100000,0x0000001972200000)]
  0x00000131f546fa20 JavaThread "Cache worker for Build Output Cleanup Cache (D:\MyApplication\.gradle\buildOutputCleanup)" [_thread_blocked, id=3384, stack(0x0000001972200000,0x0000001972300000)]
  0x00000131f54703c0 JavaThread "Unconstrained build operations" [_thread_blocked, id=17068, stack(0x0000001972300000,0x0000001972400000)]
  0x00000131f5472f10 JavaThread "Unconstrained build operations Thread 2" [_thread_blocked, id=5340, stack(0x0000001972400000,0x0000001972500000)]
  0x00000131f5472570 JavaThread "Unconstrained build operations Thread 3" [_thread_blocked, id=19608, stack(0x0000001972500000,0x0000001972600000)]
  0x00000131f54733e0 JavaThread "Unconstrained build operations Thread 4" [_thread_blocked, id=17364, stack(0x0000001972600000,0x0000001972700000)]
  0x00000131f546c060 JavaThread "Unconstrained build operations Thread 5" [_thread_blocked, id=7632, stack(0x0000001972700000,0x0000001972800000)]
  0x00000131f5472a40 JavaThread "Unconstrained build operations Thread 6" [_thread_blocked, id=7464, stack(0x0000001972800000,0x0000001972900000)]
  0x00000131f754f250 JavaThread "Unconstrained build operations Thread 7" [_thread_blocked, id=18752, stack(0x0000001972900000,0x0000001972a00000)]
  0x00000131f754f720 JavaThread "Unconstrained build operations Thread 8" [_thread_blocked, id=14864, stack(0x0000001972a00000,0x0000001972b00000)]
  0x00000131f754cbd0 JavaThread "Unconstrained build operations Thread 9" [_thread_blocked, id=17380, stack(0x0000001972b00000,0x0000001972c00000)]
  0x00000131f7550590 JavaThread "Unconstrained build operations Thread 10" [_thread_blocked, id=18848, stack(0x0000001972c00000,0x0000001972d00000)]
  0x00000131f754d0a0 JavaThread "Unconstrained build operations Thread 11" [_thread_blocked, id=8868, stack(0x0000001972d00000,0x0000001972e00000)]
  0x00000131f754df10 JavaThread "Unconstrained build operations Thread 12" [_thread_blocked, id=8044, stack(0x0000001972e00000,0x0000001972f00000)]
  0x00000131f7550f30 JavaThread "Unconstrained build operations Thread 13" [_thread_blocked, id=18300, stack(0x0000001972f00000,0x0000001973000000)]
  0x00000131f7550a60 JavaThread "Unconstrained build operations Thread 14" [_thread_blocked, id=13132, stack(0x0000001973000000,0x0000001973100000)]
  0x00000131f754d570 JavaThread "Unconstrained build operations Thread 15" [_thread_blocked, id=5608, stack(0x0000001973100000,0x0000001973200000)]
  0x00000131f7551400 JavaThread "Unconstrained build operations Thread 16" [_thread_blocked, id=3852, stack(0x0000001973200000,0x0000001973300000)]
  0x00000131f7549bb0 JavaThread "Unconstrained build operations Thread 17" [_thread_blocked, id=19672, stack(0x0000001973300000,0x0000001973400000)]
  0x00000131f754aef0 JavaThread "Unconstrained build operations Thread 18" [_thread_blocked, id=16572, stack(0x0000001973400000,0x0000001973500000)]
  0x00000131f754a080 JavaThread "Unconstrained build operations Thread 19" [_thread_blocked, id=19208, stack(0x0000001973500000,0x0000001973600000)]
  0x00000131f754ed80 JavaThread "Unconstrained build operations Thread 20" [_thread_blocked, id=10768, stack(0x0000001973600000,0x0000001973700000)]
  0x00000131f75500c0 JavaThread "Unconstrained build operations Thread 21" [_thread_blocked, id=16840, stack(0x0000001973700000,0x0000001973800000)]
  0x00000131f754b3c0 JavaThread "Unconstrained build operations Thread 22" [_thread_blocked, id=14744, stack(0x0000001973800000,0x0000001973900000)]
  0x00000131f754a550 JavaThread "Unconstrained build operations Thread 23" [_thread_blocked, id=6600, stack(0x0000001973900000,0x0000001973a00000)]
  0x00000131f754fbf0 JavaThread "Unconstrained build operations Thread 24" [_thread_blocked, id=19700, stack(0x0000001973a00000,0x0000001973b00000)]
  0x00000131f754e3e0 JavaThread "Unconstrained build operations Thread 25" [_thread_blocked, id=4260, stack(0x0000001973b00000,0x0000001973c00000)]
  0x00000131f754aa20 JavaThread "Unconstrained build operations Thread 26" [_thread_blocked, id=17784, stack(0x0000001973c00000,0x0000001973d00000)]
  0x00000131f754e8b0 JavaThread "Unconstrained build operations Thread 27" [_thread_blocked, id=9864, stack(0x0000001973d00000,0x0000001973e00000)]
  0x00000131f754b890 JavaThread "Unconstrained build operations Thread 28" [_thread_blocked, id=18496, stack(0x0000001973e00000,0x0000001973f00000)]
  0x00000131f754bd60 JavaThread "Unconstrained build operations Thread 29" [_thread_blocked, id=16532, stack(0x0000001973f00000,0x0000001974000000)]
  0x00000131f754c230 JavaThread "Unconstrained build operations Thread 30" [_thread_blocked, id=20376, stack(0x0000001974000000,0x0000001974100000)]
  0x00000131f754c700 JavaThread "Unconstrained build operations Thread 31" [_thread_blocked, id=8500, stack(0x0000001974100000,0x0000001974200000)]
  0x00000131f754da40 JavaThread "Unconstrained build operations Thread 32" [_thread_blocked, id=16668, stack(0x0000001974200000,0x0000001974300000)]
  0x00000131f75c76b0 JavaThread "Unconstrained build operations Thread 33" [_thread_blocked, id=13464, stack(0x0000001974300000,0x0000001974400000)]
  0x00000131f75c0cd0 JavaThread "Unconstrained build operations Thread 34" [_thread_blocked, id=17684, stack(0x0000001974400000,0x0000001974500000)]
  0x00000131f75c2e80 JavaThread "Unconstrained build operations Thread 35" [_thread_blocked, id=18628, stack(0x0000001974500000,0x0000001974600000)]
  0x00000131f75c59d0 JavaThread "Unconstrained build operations Thread 36" [_thread_blocked, id=15440, stack(0x0000001974600000,0x0000001974700000)]
  0x00000131f75c3350 JavaThread "Unconstrained build operations Thread 37" [_thread_blocked, id=16216, stack(0x0000001974700000,0x0000001974800000)]
  0x00000131f75c24e0 JavaThread "Unconstrained build operations Thread 38" [_thread_blocked, id=14964, stack(0x0000001974800000,0x0000001974900000)]
  0x00000131f75c29b0 JavaThread "Unconstrained build operations Thread 39" [_thread_blocked, id=2508, stack(0x0000001974900000,0x0000001974a00000)]
  0x00000131f75c3820 JavaThread "Unconstrained build operations Thread 40" [_thread_blocked, id=16788, stack(0x0000001974a00000,0x0000001974b00000)]
  0x00000131f75c0330 JavaThread "Unconstrained build operations Thread 41" [_thread_blocked, id=19648, stack(0x0000001974b00000,0x0000001974c00000)]
  0x00000131f75c3cf0 JavaThread "Unconstrained build operations Thread 42" [_thread_blocked, id=3432, stack(0x0000001974c00000,0x0000001974d00000)]
  0x00000131f75bfe60 JavaThread "Unconstrained build operations Thread 43" [_thread_blocked, id=8668, stack(0x0000001974d00000,0x0000001974e00000)]
  0x00000131f75c41c0 JavaThread "Unconstrained build operations Thread 44" [_thread_blocked, id=13324, stack(0x0000001974e00000,0x0000001974f00000)]
  0x00000131f75c4690 JavaThread "Unconstrained build operations Thread 45" [_thread_blocked, id=19548, stack(0x0000001974f00000,0x0000001975000000)]
  0x00000131f75c4b60 JavaThread "Unconstrained build operations Thread 46" [_thread_blocked, id=15968, stack(0x0000001975000000,0x0000001975100000)]
  0x00000131f75c5030 JavaThread "Unconstrained build operations Thread 47" [_thread_blocked, id=7156, stack(0x0000001975100000,0x0000001975200000)]
  0x00000131f75c5500 JavaThread "Unconstrained build operations Thread 48" [_thread_blocked, id=1564, stack(0x0000001975200000,0x0000001975300000)]
  0x00000131f75c5ea0 JavaThread "Unconstrained build operations Thread 49" [_thread_blocked, id=16628, stack(0x0000001975300000,0x0000001975400000)]
  0x00000131f75c0800 JavaThread "Unconstrained build operations Thread 50" [_thread_blocked, id=14480, stack(0x0000001975400000,0x0000001975500000)]
  0x00000131f75c11a0 JavaThread "Unconstrained build operations Thread 51" [_thread_blocked, id=20424, stack(0x0000001975500000,0x0000001975600000)]
  0x00000131f75c6370 JavaThread "Unconstrained build operations Thread 52" [_thread_blocked, id=9020, stack(0x0000001975600000,0x0000001975700000)]
  0x00000131f75c71e0 JavaThread "Unconstrained build operations Thread 53" [_thread_blocked, id=1720, stack(0x0000001975700000,0x0000001975800000)]
  0x00000131f75c1670 JavaThread "Unconstrained build operations Thread 54" [_thread_blocked, id=17500, stack(0x0000001975800000,0x0000001975900000)]
  0x00000131f75c1b40 JavaThread "Unconstrained build operations Thread 55" [_thread_blocked, id=13780, stack(0x0000001975900000,0x0000001975a00000)]
  0x00000131f75c6840 JavaThread "Unconstrained build operations Thread 56" [_thread_blocked, id=18040, stack(0x0000001975a00000,0x0000001975b00000)]
  0x00000131f75c2010 JavaThread "Unconstrained build operations Thread 57" [_thread_blocked, id=19888, stack(0x0000001975b00000,0x0000001975c00000)]
  0x00000131f75c6d10 JavaThread "Unconstrained build operations Thread 58" [_thread_blocked, id=12364, stack(0x0000001975c00000,0x0000001975d00000)]
  0x00000131f1f849e0 JavaThread "Unconstrained build operations Thread 59" [_thread_blocked, id=13588, stack(0x0000001975d00000,0x0000001975e00000)]
  0x00000131f1f85d20 JavaThread "Unconstrained build operations Thread 60" [_thread_blocked, id=19412, stack(0x0000001975e00000,0x0000001975f00000)]
  0x00000131f1f87ed0 JavaThread "Unconstrained build operations Thread 61" [_thread_blocked, id=17224, stack(0x0000001975f00000,0x0000001976000000)]
  0x00000131f1f87060 JavaThread "Unconstrained build operations Thread 62" [_thread_blocked, id=4660, stack(0x0000001976000000,0x0000001976100000)]
  0x00000131f1f861f0 JavaThread "Unconstrained build operations Thread 63" [_thread_blocked, id=7176, stack(0x0000001976100000,0x0000001976200000)]
  0x00000131f1f866c0 JavaThread "Unconstrained build operations Thread 64" [_thread_blocked, id=18512, stack(0x0000001976200000,0x0000001976300000)]
  0x00000131f1f84eb0 JavaThread "Unconstrained build operations Thread 65" [_thread_blocked, id=19688, stack(0x0000001976300000,0x0000001976400000)]
  0x00000131f1f85850 JavaThread "Unconstrained build operations Thread 66" [_thread_blocked, id=18928, stack(0x0000001976400000,0x0000001976500000)]
  0x00000131f1f86b90 JavaThread "Unconstrained build operations Thread 67" [_thread_blocked, id=15812, stack(0x0000001976500000,0x0000001976600000)]
  0x00000131f1f883a0 JavaThread "Unconstrained build operations Thread 68" [_thread_blocked, id=17020, stack(0x0000001976600000,0x0000001976700000)]
  0x00000131f1f87530 JavaThread "Unconstrained build operations Thread 69" [_thread_blocked, id=13136, stack(0x0000001976700000,0x0000001976800000)]
  0x00000131f1f87a00 JavaThread "Unconstrained build operations Thread 70" [_thread_blocked, id=8568, stack(0x0000001976800000,0x0000001976900000)]
  0x00000131f1f85380 JavaThread "Unconstrained build operations Thread 71" [_thread_blocked, id=18812, stack(0x0000001976900000,0x0000001976a00000)]
  0x00000131f8c498b0 JavaThread "Unconstrained build operations Thread 72" [_thread_blocked, id=3000, stack(0x0000001976a00000,0x0000001976b00000)]
  0x00000131f8c4abf0 JavaThread "Unconstrained build operations Thread 73" [_thread_blocked, id=12296, stack(0x0000001976b00000,0x0000001976c00000)]
  0x00000131f8c4e0e0 JavaThread "Unconstrained build operations Thread 74" [_thread_blocked, id=8496, stack(0x0000001976c00000,0x0000001976d00000)]
  0x00000131f8c48570 JavaThread "Unconstrained build operations Thread 75" [_thread_blocked, id=9628, stack(0x0000001976d00000,0x0000001976e00000)]
  0x00000131f8c4dc10 JavaThread "Unconstrained build operations Thread 76" [_thread_blocked, id=6524, stack(0x0000001976e00000,0x0000001976f00000)]
  0x00000131f8c4b590 JavaThread "Unconstrained build operations Thread 77" [_thread_blocked, id=9060, stack(0x0000001976f00000,0x0000001977000000)]
  0x00000131f8c4d270 JavaThread "Unconstrained build operations Thread 78" [_thread_blocked, id=20168, stack(0x0000001977000000,0x0000001977100000)]
  0x00000131f8c49d80 JavaThread "Unconstrained build operations Thread 79" [_thread_blocked, id=7008, stack(0x0000001977100000,0x0000001977200000)]
  0x00000131f8c48a40 JavaThread "Unconstrained build operations Thread 80" [_thread_blocked, id=9900, stack(0x0000001977200000,0x0000001977300000)]
  0x00000131f5d97d10 JavaThread "C2 CompilerThread2" daemon [_thread_blocked, id=8476, stack(0x0000001970f00000,0x0000001971000000)]
  0x00000131f8c4e5b0 JavaThread "Memory manager" [_thread_blocked, id=17052, stack(0x0000001977300000,0x0000001977400000)]
  0x00000131f8c48f10 JavaThread "build event listener" [_thread_blocked, id=11272, stack(0x0000001977400000,0x0000001977500000)]
  0x00000131f8c480a0 JavaThread "build event listener" [_thread_blocked, id=19792, stack(0x0000001977500000,0x0000001977600000)]

Other Threads:
=>0x00000131f1c12540 VMThread "VM Thread" [stack: 0x000000196ec00000,0x000000196ed00000] [id=14588]
  0x00000131f1e75f80 WatcherThread [stack: 0x000000196f800000,0x000000196f900000] [id=17120]
  0x00000131d754b5d0 GCTaskThread "GC Thread#0" [stack: 0x000000196e700000,0x000000196e800000] [id=20040]
  0x00000131f2d52830 GCTaskThread "GC Thread#1" [stack: 0x000000196fb00000,0x000000196fc00000] [id=2164]
  0x00000131f2c2e230 GCTaskThread "GC Thread#2" [stack: 0x000000196fc00000,0x000000196fd00000] [id=15584]
  0x00000131f2c2e4e0 GCTaskThread "GC Thread#3" [stack: 0x000000196fd00000,0x000000196fe00000] [id=3288]
  0x00000131f2c2e790 GCTaskThread "GC Thread#4" [stack: 0x000000196fe00000,0x000000196ff00000] [id=15832]
  0x00000131f2c2ea40 GCTaskThread "GC Thread#5" [stack: 0x000000196ff00000,0x0000001970000000] [id=5144]
  0x00000131f33ff340 GCTaskThread "GC Thread#6" [stack: 0x0000001970900000,0x0000001970a00000] [id=7624]
  0x00000131f33fe5d0 GCTaskThread "GC Thread#7" [stack: 0x0000001970a00000,0x0000001970b00000] [id=16132]
  0x00000131d755c510 ConcurrentGCThread "G1 Main Marker" [stack: 0x000000196e800000,0x000000196e900000] [id=19652]
  0x00000131d755cf20 ConcurrentGCThread "G1 Conc#0" [stack: 0x000000196e900000,0x000000196ea00000] [id=17188]
  0x00000131f33feb30 ConcurrentGCThread "G1 Conc#1" [stack: 0x0000001970b00000,0x0000001970c00000] [id=17648]
  0x00000131d75ae7b0 ConcurrentGCThread "G1 Refine#0" [stack: 0x000000196ea00000,0x000000196eb00000] [id=15948]
  0x00000131f1021f70 ConcurrentGCThread "G1 Service" [stack: 0x000000196eb00000,0x000000196ec00000] [id=7172]

Threads with active compile tasks:
C2 CompilerThread1     8498 7338       4       jdk.internal.org.objectweb.asm.SymbolTable::addType (81 bytes)

VM state: at safepoint (normal execution)

VM Mutex/Monitor currently owned by a thread:  ([mutex/lock_event])
[0x00000131d74f1ab0] Threads_lock - owner thread: 0x00000131f1c12540
[0x00000131d74f04c0] Heap_lock - owner thread: 0x00000131f43e7e80

Heap address: 0x0000000080000000, size: 2048 MB, Compressed Oops mode: 32-bit

CDS archive(s) not mapped
Compressed class space mapped at: 0x0000000100000000-0x0000000140000000, reserved size: 1073741824
Narrow klass base: 0x0000000000000000, Narrow klass shift: 3, Narrow klass range: 0x140000000

GC Precious Log:
 CPUs: 8 total, 8 available
 Memory: 16167M
 Large Page Support: Disabled
 NUMA Support: Disabled
 Compressed Oops: Enabled (32-bit)
 Heap Region Size: 1M
 Heap Min Capacity: 8M
 Heap Initial Capacity: 254M
 Heap Max Capacity: 2G
 Pre-touch: Disabled
 Parallel Workers: 8
 Concurrent Workers: 2
 Concurrent Refinement Workers: 8
 Periodic GC: Disabled

Heap:
 garbage-first heap   total 186368K, used 97440K [0x0000000080000000, 0x0000000100000000)
  region size 1024K, 6 young (6144K), 6 survivors (6144K)
 Metaspace       used 71382K, committed 72128K, reserved 1114112K
  class space    used 9567K, committed 9920K, reserved 1048576K

Heap Regions: E=young(eden), S=young(survivor), O=old, HS=humongous(starts), HC=humongous(continues), CS=collection set, F=free, OA=open archive, CA=closed archive, TAMS=top-at-mark-start (previous, next)
|   0|0x0000000080000000, 0x0000000080100000, 0x0000000080100000|100%|HS|  |TAMS 0x0000000080100000, 0x0000000080100000| Complete 
|   1|0x0000000080100000, 0x0000000080200000, 0x0000000080200000|100%|HC|  |TAMS 0x0000000080200000, 0x0000000080200000| Complete 
|   2|0x0000000080200000, 0x0000000080300000, 0x0000000080300000|100%|HC|  |TAMS 0x0000000080300000, 0x0000000080300000| Complete 
|   3|0x0000000080300000, 0x0000000080400000, 0x0000000080400000|100%|HC|  |TAMS 0x0000000080400000, 0x0000000080400000| Complete 
|   4|0x0000000080400000, 0x0000000080500000, 0x0000000080500000|100%| O|  |TAMS 0x0000000080500000, 0x0000000080500000| Untracked 
|   5|0x0000000080500000, 0x0000000080600000, 0x0000000080600000|100%| O|  |TAMS 0x0000000080600000, 0x0000000080600000| Untracked 
|   6|0x0000000080600000, 0x0000000080700000, 0x0000000080700000|100%| O|  |TAMS 0x0000000080700000, 0x0000000080700000| Untracked 
|   7|0x0000000080700000, 0x0000000080800000, 0x0000000080800000|100%| O|  |TAMS 0x0000000080800000, 0x0000000080800000| Untracked 
|   8|0x0000000080800000, 0x0000000080900000, 0x0000000080900000|100%| O|  |TAMS 0x0000000080900000, 0x0000000080900000| Untracked 
|   9|0x0000000080900000, 0x0000000080a00000, 0x0000000080a00000|100%| O|  |TAMS 0x0000000080a00000, 0x0000000080a00000| Untracked 
|  10|0x0000000080a00000, 0x0000000080af9800, 0x0000000080b00000| 97%| O|  |TAMS 0x0000000080af9800, 0x0000000080af9800| Untracked 
|  11|0x0000000080b00000, 0x0000000080c00000, 0x0000000080c00000|100%| O|  |TAMS 0x0000000080c00000, 0x0000000080c00000| Untracked 
|  12|0x0000000080c00000, 0x0000000080d00000, 0x0000000080d00000|100%| O|  |TAMS 0x0000000080d00000, 0x0000000080d00000| Untracked 
|  13|0x0000000080d00000, 0x0000000080e00000, 0x0000000080e00000|100%| O|  |TAMS 0x0000000080e00000, 0x0000000080e00000| Untracked 
|  14|0x0000000080e00000, 0x0000000080f00000, 0x0000000080f00000|100%| O|  |TAMS 0x0000000080f00000, 0x0000000080f00000| Untracked 
|  15|0x0000000080f00000, 0x0000000081000000, 0x0000000081000000|100%| O|  |TAMS 0x0000000081000000, 0x0000000081000000| Untracked 
|  16|0x0000000081000000, 0x0000000081100000, 0x0000000081100000|100%| O|  |TAMS 0x0000000081100000, 0x0000000081100000| Untracked 
|  17|0x0000000081100000, 0x0000000081200000, 0x0000000081200000|100%| O|  |TAMS 0x0000000081200000, 0x0000000081200000| Untracked 
|  18|0x0000000081200000, 0x0000000081300000, 0x0000000081300000|100%| O|  |TAMS 0x0000000081300000, 0x0000000081300000| Untracked 
|  19|0x0000000081300000, 0x0000000081400000, 0x0000000081400000|100%| O|  |TAMS 0x0000000081400000, 0x0000000081400000| Untracked 
|  20|0x0000000081400000, 0x0000000081500000, 0x0000000081500000|100%| O|  |TAMS 0x0000000081500000, 0x0000000081500000| Untracked 
|  21|0x0000000081500000, 0x0000000081600000, 0x0000000081600000|100%| O|  |TAMS 0x0000000081600000, 0x0000000081600000| Untracked 
|  22|0x0000000081600000, 0x0000000081700000, 0x0000000081700000|100%|HS|  |TAMS 0x0000000081700000, 0x0000000081700000| Complete 
|  23|0x0000000081700000, 0x0000000081800000, 0x0000000081800000|100%|HC|  |TAMS 0x0000000081800000, 0x0000000081800000| Complete 
|  24|0x0000000081800000, 0x0000000081900000, 0x0000000081900000|100%|HS|  |TAMS 0x0000000081900000, 0x0000000081900000| Complete 
|  25|0x0000000081900000, 0x0000000081a00000, 0x0000000081a00000|100%|HC|  |TAMS 0x0000000081a00000, 0x0000000081a00000| Complete 
|  26|0x0000000081a00000, 0x0000000081b00000, 0x0000000081b00000|100%|HC|  |TAMS 0x0000000081b00000, 0x0000000081b00000| Complete 
|  27|0x0000000081b00000, 0x0000000081c00000, 0x0000000081c00000|100%|HS|  |TAMS 0x0000000081c00000, 0x0000000081c00000| Complete 
|  28|0x0000000081c00000, 0x0000000081d00000, 0x0000000081d00000|100%|HC|  |TAMS 0x0000000081d00000, 0x0000000081d00000| Complete 
|  29|0x0000000081d00000, 0x0000000081e00000, 0x0000000081e00000|100%|HC|  |TAMS 0x0000000081e00000, 0x0000000081e00000| Complete 
|  30|0x0000000081e00000, 0x0000000081f00000, 0x0000000081f00000|100%| O|  |TAMS 0x0000000081f00000, 0x0000000081f00000| Untracked 
|  31|0x0000000081f00000, 0x0000000082000000, 0x0000000082000000|100%| O|  |TAMS 0x0000000082000000, 0x0000000082000000| Untracked 
|  32|0x0000000082000000, 0x0000000082100000, 0x0000000082100000|100%|HS|  |TAMS 0x0000000082100000, 0x0000000082100000| Complete 
|  33|0x0000000082100000, 0x0000000082200000, 0x0000000082200000|100%|HC|  |TAMS 0x0000000082200000, 0x0000000082200000| Complete 
|  34|0x0000000082200000, 0x0000000082300000, 0x0000000082300000|100%| O|  |TAMS 0x0000000082300000, 0x0000000082300000| Untracked 
|  35|0x0000000082300000, 0x0000000082400000, 0x0000000082400000|100%| O|  |TAMS 0x0000000082400000, 0x0000000082400000| Untracked 
|  36|0x0000000082400000, 0x0000000082500000, 0x0000000082500000|100%| O|  |TAMS 0x0000000082500000, 0x0000000082500000| Untracked 
|  37|0x0000000082500000, 0x0000000082600000, 0x0000000082600000|100%| O|  |TAMS 0x0000000082600000, 0x0000000082600000| Untracked 
|  38|0x0000000082600000, 0x0000000082700000, 0x0000000082700000|100%| O|  |TAMS 0x0000000082700000, 0x0000000082700000| Untracked 
|  39|0x0000000082700000, 0x0000000082800000, 0x0000000082800000|100%| O|  |TAMS 0x0000000082800000, 0x0000000082800000| Untracked 
|  40|0x0000000082800000, 0x0000000082900000, 0x0000000082900000|100%| O|  |TAMS 0x0000000082900000, 0x0000000082900000| Untracked 
|  41|0x0000000082900000, 0x0000000082a00000, 0x0000000082a00000|100%| O|  |TAMS 0x0000000082a00000, 0x0000000082a00000| Untracked 
|  42|0x0000000082a00000, 0x0000000082b00000, 0x0000000082b00000|100%| O|  |TAMS 0x0000000082b00000, 0x0000000082b00000| Untracked 
|  43|0x0000000082b00000, 0x0000000082c00000, 0x0000000082c00000|100%| O|  |TAMS 0x0000000082c00000, 0x0000000082c00000| Untracked 
|  44|0x0000000082c00000, 0x0000000082d00000, 0x0000000082d00000|100%|HS|  |TAMS 0x0000000082d00000, 0x0000000082d00000| Complete 
|  45|0x0000000082d00000, 0x0000000082e00000, 0x0000000082e00000|100%|HC|  |TAMS 0x0000000082e00000, 0x0000000082e00000| Complete 
|  46|0x0000000082e00000, 0x0000000082f00000, 0x0000000082f00000|100%|HC|  |TAMS 0x0000000082f00000, 0x0000000082f00000| Complete 
|  47|0x0000000082f00000, 0x0000000083000000, 0x0000000083000000|100%|HC|  |TAMS 0x0000000083000000, 0x0000000083000000| Complete 
|  48|0x0000000083000000, 0x0000000083100000, 0x0000000083100000|100%|HC|  |TAMS 0x0000000083100000, 0x0000000083100000| Complete 
|  49|0x0000000083100000, 0x0000000083200000, 0x0000000083200000|100%|HC|  |TAMS 0x0000000083200000, 0x0000000083200000| Complete 
|  50|0x0000000083200000, 0x0000000083300000, 0x0000000083300000|100%|HC|  |TAMS 0x0000000083300000, 0x0000000083300000| Complete 
|  51|0x0000000083300000, 0x0000000083400000, 0x0000000083400000|100%|HC|  |TAMS 0x0000000083400000, 0x0000000083400000| Complete 
|  52|0x0000000083400000, 0x0000000083500000, 0x0000000083500000|100%|HC|  |TAMS 0x0000000083500000, 0x0000000083500000| Complete 
|  53|0x0000000083500000, 0x0000000083600000, 0x0000000083600000|100%|HC|  |TAMS 0x0000000083600000, 0x0000000083600000| Complete 
|  54|0x0000000083600000, 0x0000000083700000, 0x0000000083700000|100%|HC|  |TAMS 0x0000000083700000, 0x0000000083700000| Complete 
|  55|0x0000000083700000, 0x0000000083800000, 0x0000000083800000|100%|HC|  |TAMS 0x0000000083800000, 0x0000000083800000| Complete 
|  56|0x0000000083800000, 0x0000000083900000, 0x0000000083900000|100%|HS|  |TAMS 0x0000000083900000, 0x0000000083900000| Complete 
|  57|0x0000000083900000, 0x0000000083a00000, 0x0000000083a00000|100%|HC|  |TAMS 0x0000000083a00000, 0x0000000083a00000| Complete 
|  58|0x0000000083a00000, 0x0000000083b00000, 0x0000000083b00000|100%|HC|  |TAMS 0x0000000083b00000, 0x0000000083b00000| Complete 
|  59|0x0000000083b00000, 0x0000000083c00000, 0x0000000083c00000|100%|HS|  |TAMS 0x0000000083c00000, 0x0000000083c00000| Complete 
|  60|0x0000000083c00000, 0x0000000083d00000, 0x0000000083d00000|100%|HC|  |TAMS 0x0000000083d00000, 0x0000000083d00000| Complete 
|  61|0x0000000083d00000, 0x0000000083e00000, 0x0000000083e00000|100%|HC|  |TAMS 0x0000000083e00000, 0x0000000083e00000| Complete 
|  62|0x0000000083e00000, 0x0000000083f00000, 0x0000000083f00000|100%| O|  |TAMS 0x0000000083f00000, 0x0000000083f00000| Untracked 
|  63|0x0000000083f00000, 0x0000000084000000, 0x0000000084000000|100%| O|  |TAMS 0x0000000084000000, 0x0000000084000000| Untracked 
|  64|0x0000000084000000, 0x0000000084100000, 0x0000000084100000|100%| O|  |TAMS 0x0000000084100000, 0x0000000084100000| Untracked 
|  65|0x0000000084100000, 0x0000000084200000, 0x0000000084200000|100%| O|  |TAMS 0x0000000084200000, 0x0000000084200000| Untracked 
|  66|0x0000000084200000, 0x0000000084300000, 0x0000000084300000|100%| O|  |TAMS 0x0000000084300000, 0x0000000084300000| Untracked 
|  67|0x0000000084300000, 0x0000000084400000, 0x0000000084400000|100%| O|  |TAMS 0x0000000084400000, 0x0000000084400000| Untracked 
|  68|0x0000000084400000, 0x0000000084500000, 0x0000000084500000|100%| O|  |TAMS 0x0000000084500000, 0x0000000084500000| Untracked 
|  69|0x0000000084500000, 0x0000000084600000, 0x0000000084600000|100%| O|  |TAMS 0x0000000084600000, 0x0000000084600000| Untracked 
|  70|0x0000000084600000, 0x0000000084700000, 0x0000000084700000|100%| O|  |TAMS 0x0000000084700000, 0x0000000084700000| Untracked 
|  71|0x0000000084700000, 0x0000000084800000, 0x0000000084800000|100%| O|  |TAMS 0x0000000084800000, 0x0000000084800000| Untracked 
|  72|0x0000000084800000, 0x0000000084900000, 0x0000000084900000|100%|HS|  |TAMS 0x0000000084900000, 0x0000000084900000| Complete 
|  73|0x0000000084900000, 0x0000000084a00000, 0x0000000084a00000|100%|HS|  |TAMS 0x0000000084a00000, 0x0000000084a00000| Complete 
|  74|0x0000000084a00000, 0x0000000084b00000, 0x0000000084b00000|100%|HS|  |TAMS 0x0000000084b00000, 0x0000000084b00000| Complete 
|  75|0x0000000084b00000, 0x0000000084c00000, 0x0000000084c00000|100%|HC|  |TAMS 0x0000000084c00000, 0x0000000084c00000| Complete 
|  76|0x0000000084c00000, 0x0000000084d00000, 0x0000000084d00000|100%|HS|  |TAMS 0x0000000084d00000, 0x0000000084d00000| Complete 
|  77|0x0000000084d00000, 0x0000000084e00000, 0x0000000084e00000|100%|HS|  |TAMS 0x0000000084e00000, 0x0000000084e00000| Complete 
|  78|0x0000000084e00000, 0x0000000084f00000, 0x0000000084f00000|100%|HC|  |TAMS 0x0000000084f00000, 0x0000000084f00000| Complete 
|  79|0x0000000084f00000, 0x0000000085000000, 0x0000000085000000|100%|HC|  |TAMS 0x0000000085000000, 0x0000000085000000| Complete 
|  80|0x0000000085000000, 0x0000000085100000, 0x0000000085100000|100%|HC|  |TAMS 0x0000000085100000, 0x0000000085100000| Complete 
|  81|0x0000000085100000, 0x0000000085200000, 0x0000000085200000|100%| O|  |TAMS 0x0000000085200000, 0x0000000085200000| Untracked 
|  82|0x0000000085200000, 0x0000000085300000, 0x0000000085300000|100%| O|  |TAMS 0x0000000085300000, 0x0000000085300000| Untracked 
|  83|0x0000000085300000, 0x0000000085400000, 0x0000000085400000|100%| O|  |TAMS 0x0000000085400000, 0x0000000085400000| Untracked 
|  84|0x0000000085400000, 0x0000000085500000, 0x0000000085500000|100%| O|  |TAMS 0x0000000085500000, 0x0000000085500000| Untracked 
|  85|0x0000000085500000, 0x0000000085600000, 0x0000000085600000|100%| O|  |TAMS 0x0000000085600000, 0x0000000085600000| Untracked 
|  86|0x0000000085600000, 0x0000000085700000, 0x0000000085700000|100%| O|  |TAMS 0x0000000085700000, 0x0000000085700000| Untracked 
|  87|0x0000000085700000, 0x0000000085800000, 0x0000000085800000|100%| O|  |TAMS 0x000000008575b200, 0x0000000085800000| Untracked 
|  88|0x0000000085800000, 0x0000000085800000, 0x0000000085900000|  0%| F|  |TAMS 0x0000000085800000, 0x0000000085800000| Untracked 
|  89|0x0000000085900000, 0x0000000085900000, 0x0000000085a00000|  0%| F|  |TAMS 0x0000000085900000, 0x0000000085900000| Untracked 
|  90|0x0000000085a00000, 0x0000000085a00000, 0x0000000085b00000|  0%| F|  |TAMS 0x0000000085a00000, 0x0000000085a00000| Untracked 
|  91|0x0000000085b00000, 0x0000000085b00000, 0x0000000085c00000|  0%| F|  |TAMS 0x0000000085b00000, 0x0000000085b00000| Untracked 
|  92|0x0000000085c00000, 0x0000000085c00000, 0x0000000085d00000|  0%| F|  |TAMS 0x0000000085c00000, 0x0000000085c00000| Untracked 
|  93|0x0000000085d00000, 0x0000000085d00000, 0x0000000085e00000|  0%| F|  |TAMS 0x0000000085d00000, 0x0000000085d00000| Untracked 
|  94|0x0000000085e00000, 0x0000000085f00000, 0x0000000085f00000|100%| O|  |TAMS 0x0000000085e00000, 0x0000000085f00000| Untracked 
|  95|0x0000000085f00000, 0x0000000085fa6000, 0x0000000086000000| 64%| O|  |TAMS 0x0000000085f00000, 0x0000000085fa6000| Untracked 
|  96|0x0000000086000000, 0x0000000086000000, 0x0000000086100000|  0%| F|  |TAMS 0x0000000086000000, 0x0000000086000000| Untracked 
|  97|0x0000000086100000, 0x0000000086100000, 0x0000000086200000|  0%| F|  |TAMS 0x0000000086100000, 0x0000000086100000| Untracked 
|  98|0x0000000086200000, 0x0000000086200000, 0x0000000086300000|  0%| F|  |TAMS 0x0000000086200000, 0x0000000086200000| Untracked 
|  99|0x0000000086300000, 0x0000000086300000, 0x0000000086400000|  0%| F|  |TAMS 0x0000000086300000, 0x0000000086300000| Untracked 
| 100|0x0000000086400000, 0x0000000086400000, 0x0000000086500000|  0%| F|  |TAMS 0x0000000086400000, 0x0000000086400000| Untracked 
| 101|0x0000000086500000, 0x0000000086500000, 0x0000000086600000|  0%| F|  |TAMS 0x0000000086500000, 0x0000000086500000| Untracked 
| 102|0x0000000086600000, 0x0000000086600000, 0x0000000086700000|  0%| F|  |TAMS 0x0000000086600000, 0x0000000086600000| Untracked 
| 103|0x0000000086700000, 0x0000000086700000, 0x0000000086800000|  0%| F|  |TAMS 0x0000000086700000, 0x0000000086700000| Untracked 
| 104|0x0000000086800000, 0x0000000086800000, 0x0000000086900000|  0%| F|  |TAMS 0x0000000086800000, 0x0000000086800000| Untracked 
| 105|0x0000000086900000, 0x0000000086900000, 0x0000000086a00000|  0%| F|  |TAMS 0x0000000086900000, 0x0000000086900000| Untracked 
| 106|0x0000000086a00000, 0x0000000086a00000, 0x0000000086b00000|  0%| F|  |TAMS 0x0000000086a00000, 0x0000000086a00000| Untracked 
| 107|0x0000000086b00000, 0x0000000086b00000, 0x0000000086c00000|  0%| F|  |TAMS 0x0000000086b00000, 0x0000000086b00000| Untracked 
| 108|0x0000000086c00000, 0x0000000086c00000, 0x0000000086d00000|  0%| F|  |TAMS 0x0000000086c00000, 0x0000000086c00000| Untracked 
| 109|0x0000000086d00000, 0x0000000086d00000, 0x0000000086e00000|  0%| F|  |TAMS 0x0000000086d00000, 0x0000000086d00000| Untracked 
| 110|0x0000000086e00000, 0x0000000086e00000, 0x0000000086f00000|  0%| F|  |TAMS 0x0000000086e00000, 0x0000000086e00000| Untracked 
| 111|0x0000000086f00000, 0x0000000086f00000, 0x0000000087000000|  0%| F|  |TAMS 0x0000000086f00000, 0x0000000086f00000| Untracked 
| 112|0x0000000087000000, 0x0000000087000000, 0x0000000087100000|  0%| F|  |TAMS 0x0000000087000000, 0x0000000087000000| Untracked 
| 113|0x0000000087100000, 0x0000000087100000, 0x0000000087200000|  0%| F|  |TAMS 0x0000000087100000, 0x0000000087100000| Untracked 
| 114|0x0000000087200000, 0x0000000087200000, 0x0000000087300000|  0%| F|  |TAMS 0x0000000087200000, 0x0000000087200000| Untracked 
| 115|0x0000000087300000, 0x0000000087300000, 0x0000000087400000|  0%| F|  |TAMS 0x0000000087300000, 0x0000000087300000| Untracked 
| 116|0x0000000087400000, 0x0000000087400000, 0x0000000087500000|  0%| F|  |TAMS 0x0000000087400000, 0x0000000087400000| Untracked 
| 117|0x0000000087500000, 0x0000000087500000, 0x0000000087600000|  0%| F|  |TAMS 0x0000000087500000, 0x0000000087500000| Untracked 
| 118|0x0000000087600000, 0x0000000087600000, 0x0000000087700000|  0%| F|  |TAMS 0x0000000087600000, 0x0000000087600000| Untracked 
| 119|0x0000000087700000, 0x0000000087700000, 0x0000000087800000|  0%| F|  |TAMS 0x0000000087700000, 0x0000000087700000| Untracked 
| 120|0x0000000087800000, 0x0000000087800000, 0x0000000087900000|  0%| F|  |TAMS 0x0000000087800000, 0x0000000087800000| Untracked 
| 121|0x0000000087900000, 0x0000000087900000, 0x0000000087a00000|  0%| F|  |TAMS 0x0000000087900000, 0x0000000087900000| Untracked 
| 122|0x0000000087a00000, 0x0000000087a00000, 0x0000000087b00000|  0%| F|  |TAMS 0x0000000087a00000, 0x0000000087a00000| Untracked 
| 123|0x0000000087b00000, 0x0000000087b00000, 0x0000000087c00000|  0%| F|  |TAMS 0x0000000087b00000, 0x0000000087b00000| Untracked 
| 124|0x0000000087c00000, 0x0000000087c00000, 0x0000000087d00000|  0%| F|  |TAMS 0x0000000087c00000, 0x0000000087c00000| Untracked 
| 125|0x0000000087d00000, 0x0000000087d00000, 0x0000000087e00000|  0%| F|  |TAMS 0x0000000087d00000, 0x0000000087d00000| Untracked 
| 126|0x0000000087e00000, 0x0000000087e00000, 0x0000000087f00000|  0%| F|  |TAMS 0x0000000087e00000, 0x0000000087e00000| Untracked 
| 127|0x0000000087f00000, 0x0000000087f00000, 0x0000000088000000|  0%| F|  |TAMS 0x0000000087f00000, 0x0000000087f00000| Untracked 
| 128|0x0000000088000000, 0x0000000088000000, 0x0000000088100000|  0%| F|  |TAMS 0x0000000088000000, 0x0000000088000000| Untracked 
| 129|0x0000000088100000, 0x0000000088100000, 0x0000000088200000|  0%| F|  |TAMS 0x0000000088100000, 0x0000000088100000| Untracked 
| 130|0x0000000088200000, 0x0000000088200000, 0x0000000088300000|  0%| F|  |TAMS 0x0000000088200000, 0x0000000088200000| Untracked 
| 131|0x0000000088300000, 0x0000000088300000, 0x0000000088400000|  0%| F|  |TAMS 0x0000000088300000, 0x0000000088300000| Untracked 
| 132|0x0000000088400000, 0x0000000088400000, 0x0000000088500000|  0%| F|  |TAMS 0x0000000088400000, 0x0000000088400000| Untracked 
| 133|0x0000000088500000, 0x0000000088500000, 0x0000000088600000|  0%| F|  |TAMS 0x0000000088500000, 0x0000000088500000| Untracked 
| 134|0x0000000088600000, 0x0000000088600000, 0x0000000088700000|  0%| F|  |TAMS 0x0000000088600000, 0x0000000088600000| Untracked 
| 135|0x0000000088700000, 0x0000000088788b80, 0x0000000088800000| 53%| S|CS|TAMS 0x0000000088700000, 0x0000000088700000| Complete 
| 136|0x0000000088800000, 0x0000000088900000, 0x0000000088900000|100%| S|CS|TAMS 0x0000000088800000, 0x0000000088800000| Complete 
| 137|0x0000000088900000, 0x0000000088a00000, 0x0000000088a00000|100%| S|CS|TAMS 0x0000000088900000, 0x0000000088900000| Complete 
| 138|0x0000000088a00000, 0x0000000088b00000, 0x0000000088b00000|100%| S|CS|TAMS 0x0000000088a00000, 0x0000000088a00000| Complete 
| 139|0x0000000088b00000, 0x0000000088c00000, 0x0000000088c00000|100%| S|CS|TAMS 0x0000000088b00000, 0x0000000088b00000| Complete 
| 140|0x0000000088c00000, 0x0000000088d00000, 0x0000000088d00000|100%| S|CS|TAMS 0x0000000088c00000, 0x0000000088c00000| Complete 
| 141|0x0000000088d00000, 0x0000000088d00000, 0x0000000088e00000|  0%| F|  |TAMS 0x0000000088d00000, 0x0000000088d00000| Untracked 
| 142|0x0000000088e00000, 0x0000000088e00000, 0x0000000088f00000|  0%| F|  |TAMS 0x0000000088e00000, 0x0000000088e00000| Untracked 
| 143|0x0000000088f00000, 0x0000000088f00000, 0x0000000089000000|  0%| F|  |TAMS 0x0000000088f00000, 0x0000000088f00000| Untracked 
| 144|0x0000000089000000, 0x0000000089000000, 0x0000000089100000|  0%| F|  |TAMS 0x0000000089000000, 0x0000000089000000| Untracked 
| 145|0x0000000089100000, 0x0000000089100000, 0x0000000089200000|  0%| F|  |TAMS 0x0000000089100000, 0x0000000089100000| Untracked 
| 146|0x0000000089200000, 0x0000000089200000, 0x0000000089300000|  0%| F|  |TAMS 0x0000000089200000, 0x0000000089200000| Untracked 
| 147|0x0000000089300000, 0x0000000089300000, 0x0000000089400000|  0%| F|  |TAMS 0x0000000089300000, 0x0000000089300000| Untracked 
| 148|0x0000000089400000, 0x0000000089400000, 0x0000000089500000|  0%| F|  |TAMS 0x0000000089400000, 0x0000000089400000| Untracked 
| 149|0x0000000089500000, 0x0000000089500000, 0x0000000089600000|  0%| F|  |TAMS 0x0000000089500000, 0x0000000089500000| Untracked 
| 150|0x0000000089600000, 0x0000000089600000, 0x0000000089700000|  0%| F|  |TAMS 0x0000000089600000, 0x0000000089600000| Untracked 
| 151|0x0000000089700000, 0x0000000089700000, 0x0000000089800000|  0%| F|  |TAMS 0x0000000089700000, 0x0000000089700000| Untracked 
| 152|0x0000000089800000, 0x0000000089800000, 0x0000000089900000|  0%| F|  |TAMS 0x0000000089800000, 0x0000000089800000| Untracked 
| 153|0x0000000089900000, 0x0000000089900000, 0x0000000089a00000|  0%| F|  |TAMS 0x0000000089900000, 0x0000000089900000| Untracked 
| 154|0x0000000089a00000, 0x0000000089a00000, 0x0000000089b00000|  0%| F|  |TAMS 0x0000000089a00000, 0x0000000089a00000| Untracked 
| 155|0x0000000089b00000, 0x0000000089b00000, 0x0000000089c00000|  0%| F|  |TAMS 0x0000000089b00000, 0x0000000089b00000| Untracked 
| 156|0x0000000089c00000, 0x0000000089c00000, 0x0000000089d00000|  0%| F|  |TAMS 0x0000000089c00000, 0x0000000089c00000| Untracked 
| 157|0x0000000089d00000, 0x0000000089d00000, 0x0000000089e00000|  0%| F|  |TAMS 0x0000000089d00000, 0x0000000089d00000| Untracked 
| 158|0x0000000089e00000, 0x0000000089e00000, 0x0000000089f00000|  0%| F|  |TAMS 0x0000000089e00000, 0x0000000089e00000| Untracked 
| 159|0x0000000089f00000, 0x0000000089f00000, 0x000000008a000000|  0%| F|  |TAMS 0x0000000089f00000, 0x0000000089f00000| Untracked 
| 160|0x000000008a000000, 0x000000008a000000, 0x000000008a100000|  0%| F|  |TAMS 0x000000008a000000, 0x000000008a000000| Untracked 
| 161|0x000000008a100000, 0x000000008a100000, 0x000000008a200000|  0%| F|  |TAMS 0x000000008a100000, 0x000000008a100000| Untracked 
| 162|0x000000008a200000, 0x000000008a200000, 0x000000008a300000|  0%| F|  |TAMS 0x000000008a200000, 0x000000008a200000| Untracked 
| 163|0x000000008a300000, 0x000000008a300000, 0x000000008a400000|  0%| F|  |TAMS 0x000000008a300000, 0x000000008a300000| Untracked 
| 164|0x000000008a400000, 0x000000008a400000, 0x000000008a500000|  0%| F|  |TAMS 0x000000008a400000, 0x000000008a400000| Untracked 
| 165|0x000000008a500000, 0x000000008a500000, 0x000000008a600000|  0%| F|  |TAMS 0x000000008a500000, 0x000000008a500000| Untracked 
| 166|0x000000008a600000, 0x000000008a600000, 0x000000008a700000|  0%| F|  |TAMS 0x000000008a600000, 0x000000008a600000| Untracked 
| 167|0x000000008a700000, 0x000000008a700000, 0x000000008a800000|  0%| F|  |TAMS 0x000000008a700000, 0x000000008a700000| Untracked 
| 168|0x000000008a800000, 0x000000008a800000, 0x000000008a900000|  0%| F|  |TAMS 0x000000008a800000, 0x000000008a800000| Untracked 
| 169|0x000000008a900000, 0x000000008a900000, 0x000000008aa00000|  0%| F|  |TAMS 0x000000008a900000, 0x000000008a900000| Untracked 
| 170|0x000000008aa00000, 0x000000008aa00000, 0x000000008ab00000|  0%| F|  |TAMS 0x000000008aa00000, 0x000000008aa00000| Untracked 
| 171|0x000000008ab00000, 0x000000008ab00000, 0x000000008ac00000|  0%| F|  |TAMS 0x000000008ab00000, 0x000000008ab00000| Untracked 
| 172|0x000000008ac00000, 0x000000008ac00000, 0x000000008ad00000|  0%| F|  |TAMS 0x000000008ac00000, 0x000000008ac00000| Untracked 
| 205|0x000000008cd00000, 0x000000008cd00000, 0x000000008ce00000|  0%| F|  |TAMS 0x000000008cd00000, 0x000000008cd00000| Untracked 
| 206|0x000000008ce00000, 0x000000008ce00000, 0x000000008cf00000|  0%| F|  |TAMS 0x000000008ce00000, 0x000000008ce00000| Untracked 
| 207|0x000000008cf00000, 0x000000008cf00000, 0x000000008d000000|  0%| F|  |TAMS 0x000000008cf00000, 0x000000008cf00000| Untracked 
| 208|0x000000008d000000, 0x000000008d000000, 0x000000008d100000|  0%| F|  |TAMS 0x000000008d000000, 0x000000008d000000| Untracked 
| 209|0x000000008d100000, 0x000000008d100000, 0x000000008d200000|  0%| F|  |TAMS 0x000000008d100000, 0x000000008d100000| Untracked 
| 210|0x000000008d200000, 0x000000008d200000, 0x000000008d300000|  0%| F|  |TAMS 0x000000008d200000, 0x000000008d200000| Untracked 
| 211|0x000000008d300000, 0x000000008d300000, 0x000000008d400000|  0%| F|  |TAMS 0x000000008d300000, 0x000000008d300000| Untracked 
| 212|0x000000008d400000, 0x000000008d400000, 0x000000008d500000|  0%| F|  |TAMS 0x000000008d400000, 0x000000008d400000| Untracked 
| 253|0x000000008fd00000, 0x000000008fd00000, 0x000000008fe00000|  0%| F|  |TAMS 0x000000008fd00000, 0x000000008fd00000| Untracked 

Card table byte_map: [0x00000131ea0f0000,0x00000131ea4f0000] _byte_map_base: 0x00000131e9cf0000

Marking Bits (Prev, Next): (CMBitMap*) 0x00000131d754bbe0, (CMBitMap*) 0x00000131d754bc20
 Prev Bits: [0x00000131ea8f0000, 0x00000131ec8f0000)
 Next Bits: [0x00000131ec8f0000, 0x00000131ee8f0000)

Polling page: 0x00000131d54b0000

Metaspace:

Usage:
  Non-class:     60.37 MB used.
      Class:      9.34 MB used.
       Both:     69.71 MB used.

Virtual space:
  Non-class space:       64.00 MB reserved,      60.75 MB ( 95%) committed,  8 nodes.
      Class space:        1.00 GB reserved,       9.69 MB ( <1%) committed,  1 nodes.
             Both:        1.06 GB reserved,      70.44 MB (  6%) committed. 

Chunk freelists:
   Non-Class:  2.70 MB
       Class:  2.31 MB
        Both:  5.01 MB

MaxMetaspaceSize: unlimited
CompressedClassSpaceSize: 1.00 GB
Initial GC threshold: 21.00 MB
Current GC threshold: 108.75 MB
CDS: off
MetaspaceReclaimPolicy: balanced
 - commit_granule_bytes: 65536.
 - commit_granule_words: 8192.
 - virtual_space_node_default_size: 1048576.
 - enlarge_chunks_in_place: 1.
 - new_chunks_are_fully_committed: 0.
 - uncommit_free_chunks: 1.
 - use_allocation_guard: 0.
 - handle_deallocations: 1.


Internal statistics:

num_allocs_failed_limit: 3.
num_arena_births: 836.
num_arena_deaths: 0.
num_vsnodes_births: 9.
num_vsnodes_deaths: 0.
num_space_committed: 1127.
num_space_uncommitted: 0.
num_chunks_returned_to_freelist: 3.
num_chunks_taken_from_freelist: 3311.
num_chunk_merges: 3.
num_chunk_splits: 2169.
num_chunks_enlarged: 1429.
num_purges: 0.
num_inconsistent_stats: 0.

CodeHeap 'non-profiled nmethods': size=120000Kb used=3993Kb max_used=3993Kb free=116006Kb
 bounds [0x00000131e2480000, 0x00000131e2870000, 0x00000131e99b0000]
CodeHeap 'profiled nmethods': size=120000Kb used=12704Kb max_used=12704Kb free=107295Kb
 bounds [0x00000131da9b0000, 0x00000131db620000, 0x00000131e1ee0000]
CodeHeap 'non-nmethods': size=5760Kb used=2371Kb max_used=2411Kb free=3388Kb
 bounds [0x00000131e1ee0000, 0x00000131e2150000, 0x00000131e2480000]
 total_blobs=7467 nmethods=6578 adapters=801
 compilation: enabled
              stopped_count=0, restarted_count=0
 full_count=0

Compilation events (20 events):
Event: 8.307 Thread 0x00000131f1ceaea0 nmethod 7328 0x00000131db610590 code [0x00000131db610780, 0x00000131db610de8]
Event: 8.307 Thread 0x00000131f1ceaea0 7327       3       org.gradle.internal.event.BroadcastDispatch::<init> (6 bytes)
Event: 8.307 Thread 0x00000131f1ceaea0 nmethod 7327 0x00000131db611010 code [0x00000131db6111c0, 0x00000131db6113d8]
Event: 8.310 Thread 0x00000131f1ceaea0 7330       3       org.gradle.api.internal.artifacts.ivyservice.moduleconverter.DefaultRootComponentMetadataBuilder$MetadataHolder::validateMutation (68 bytes)
Event: 8.310 Thread 0x00000131f1ceaea0 nmethod 7330 0x00000131db611510 code [0x00000131db611700, 0x00000131db611d98]
Event: 8.313 Thread 0x00000131f1ceaea0 7331       3       java.util.regex.Pattern::compile (500 bytes)
Event: 8.315 Thread 0x00000131f1ceaea0 nmethod 7331 0x00000131db611f90 code [0x00000131db612440, 0x00000131db615128]
Event: 8.315 Thread 0x00000131f1ceaea0 7332       3       org.gradle.api.internal.provider.AbstractProperty::attachOwner (6 bytes)
Event: 8.315 Thread 0x00000131f43125d0 7334       4       org.objectweb.asm.MethodVisitor::visitFieldInsn (20 bytes)
Event: 8.315 Thread 0x00000131f1ceaea0 nmethod 7332 0x00000131db615b90 code [0x00000131db615d20, 0x00000131db615e78]
Event: 8.315 Thread 0x00000131f1ceaea0 7333   !   3       org.gradle.internal.instantiation.generator.DefaultInstantiatorFactory$ManagedTypeFactory::fromState (61 bytes)
Event: 8.316 Thread 0x00000131f1ceaea0 nmethod 7333 0x00000131db615f10 code [0x00000131db6161a0, 0x00000131db616ee8]
Event: 8.316 Thread 0x00000131f1ceaea0 7335       3       org.gradle.internal.instantiation.generator.AbstractClassGenerator$GeneratedClassImpl$SerializationConstructorImpl::newInstance (16 bytes)
Event: 8.316 Thread 0x00000131f1ceaea0 nmethod 7335 0x00000131db617590 code [0x00000131db617740, 0x00000131db617988]
Event: 8.316 Thread 0x00000131f1ceaea0 7336       3       org.gradle.internal.instantiation.generator.AbstractClassGenerator::access$800 (4 bytes)
Event: 8.316 Thread 0x00000131f1ceaea0 nmethod 7336 0x00000131db617a90 code [0x00000131db617c20, 0x00000131db617d18]
Event: 8.320 Thread 0x00000131f43125d0 nmethod 7334 0x00000131e2865e90 code [0x00000131e2866040, 0x00000131e28663a8]
Event: 8.321 Thread 0x00000131f1ceaea0 7337       3       java.lang.StringBuilder::append (6 bytes)
Event: 8.321 Thread 0x00000131f1ceaea0 nmethod 7337 0x00000131db617d90 code [0x00000131db617f40, 0x00000131db6180e8]
Event: 8.325 Thread 0x00000131f43125d0 7338       4       jdk.internal.org.objectweb.asm.SymbolTable::addType (81 bytes)

GC Heap History (20 events):
Event: 5.461 GC heap after
{Heap after GC invocations=24 (full 0):
 garbage-first heap   total 119808K, used 69565K [0x0000000080000000, 0x0000000100000000)
  region size 1024K, 3 young (3072K), 3 survivors (3072K)
 Metaspace       used 51192K, committed 51712K, reserved 1097728K
  class space    used 6821K, committed 7040K, reserved 1048576K
}
Event: 5.794 GC heap before
{Heap before GC invocations=25 (full 0):
 garbage-first heap   total 121856K, used 94141K [0x0000000080000000, 0x0000000100000000)
  region size 1024K, 27 young (27648K), 3 survivors (3072K)
 Metaspace       used 53974K, committed 54656K, reserved 1097728K
  class space    used 7301K, committed 7616K, reserved 1048576K
}
Event: 5.799 GC heap after
{Heap after GC invocations=26 (full 0):
 garbage-first heap   total 121856K, used 71279K [0x0000000080000000, 0x0000000100000000)
  region size 1024K, 3 young (3072K), 3 survivors (3072K)
 Metaspace       used 53974K, committed 54656K, reserved 1097728K
  class space    used 7301K, committed 7616K, reserved 1048576K
}
Event: 6.223 GC heap before
{Heap before GC invocations=26 (full 0):
 garbage-first heap   total 121856K, used 97903K [0x0000000080000000, 0x0000000100000000)
  region size 1024K, 29 young (29696K), 3 survivors (3072K)
 Metaspace       used 55645K, committed 56320K, reserved 1105920K
  class space    used 7506K, committed 7808K, reserved 1048576K
}
Event: 6.227 GC heap after
{Heap after GC invocations=27 (full 0):
 garbage-first heap   total 121856K, used 73671K [0x0000000080000000, 0x0000000100000000)
  region size 1024K, 4 young (4096K), 4 survivors (4096K)
 Metaspace       used 55645K, committed 56320K, reserved 1105920K
  class space    used 7506K, committed 7808K, reserved 1048576K
}
Event: 6.417 GC heap before
{Heap before GC invocations=28 (full 0):
 garbage-first heap   total 130048K, used 88007K [0x0000000080000000, 0x0000000100000000)
  region size 1024K, 20 young (20480K), 4 survivors (4096K)
 Metaspace       used 55943K, committed 56640K, reserved 1105920K
  class space    used 7530K, committed 7808K, reserved 1048576K
}
Event: 6.421 GC heap after
{Heap after GC invocations=29 (full 0):
 garbage-first heap   total 130048K, used 74206K [0x0000000080000000, 0x0000000100000000)
  region size 1024K, 2 young (2048K), 2 survivors (2048K)
 Metaspace       used 55943K, committed 56640K, reserved 1105920K
  class space    used 7530K, committed 7808K, reserved 1048576K
}
Event: 6.532 GC heap before
{Heap before GC invocations=30 (full 0):
 garbage-first heap   total 137216K, used 83422K [0x0000000080000000, 0x0000000100000000)
  region size 1024K, 7 young (7168K), 2 survivors (2048K)
 Metaspace       used 56021K, committed 56640K, reserved 1105920K
  class space    used 7539K, committed 7808K, reserved 1048576K
}
Event: 6.538 GC heap after
{Heap after GC invocations=31 (full 0):
 garbage-first heap   total 137216K, used 82140K [0x0000000080000000, 0x0000000100000000)
  region size 1024K, 4 young (4096K), 4 survivors (4096K)
 Metaspace       used 56021K, committed 56640K, reserved 1105920K
  class space    used 7539K, committed 7808K, reserved 1048576K
}
Event: 6.613 GC heap before
{Heap before GC invocations=32 (full 0):
 garbage-first heap   total 148480K, used 88284K [0x0000000080000000, 0x0000000100000000)
  region size 1024K, 8 young (8192K), 4 survivors (4096K)
 Metaspace       used 56307K, committed 56960K, reserved 1105920K
  class space    used 7591K, committed 7872K, reserved 1048576K
}
Event: 6.616 GC heap after
{Heap after GC invocations=33 (full 0):
 garbage-first heap   total 148480K, used 88091K [0x0000000080000000, 0x0000000100000000)
  region size 1024K, 2 young (2048K), 2 survivors (2048K)
 Metaspace       used 56307K, committed 56960K, reserved 1105920K
  class space    used 7591K, committed 7872K, reserved 1048576K
}
Event: 6.858 GC heap before
{Heap before GC invocations=34 (full 0):
 garbage-first heap   total 153600K, used 107547K [0x0000000080000000, 0x0000000100000000)
  region size 1024K, 20 young (20480K), 2 survivors (2048K)
 Metaspace       used 58436K, committed 59072K, reserved 1105920K
  class space    used 7881K, committed 8192K, reserved 1048576K
}
Event: 6.860 GC heap after
{Heap after GC invocations=35 (full 0):
 garbage-first heap   total 153600K, used 89494K [0x0000000080000000, 0x0000000100000000)
  region size 1024K, 2 young (2048K), 2 survivors (2048K)
 Metaspace       used 58436K, committed 59072K, reserved 1105920K
  class space    used 7881K, committed 8192K, reserved 1048576K
}
Event: 7.158 GC heap before
{Heap before GC invocations=35 (full 0):
 garbage-first heap   total 153600K, used 109974K [0x0000000080000000, 0x0000000100000000)
  region size 1024K, 23 young (23552K), 2 survivors (2048K)
 Metaspace       used 61923K, committed 62528K, reserved 1105920K
  class space    used 8283K, committed 8512K, reserved 1048576K
}
Event: 7.161 GC heap after
{Heap after GC invocations=36 (full 0):
 garbage-first heap   total 153600K, used 90229K [0x0000000080000000, 0x0000000100000000)
  region size 1024K, 1 young (1024K), 1 survivors (1024K)
 Metaspace       used 61923K, committed 62528K, reserved 1105920K
  class space    used 8283K, committed 8512K, reserved 1048576K
}
Event: 7.594 GC heap before
{Heap before GC invocations=37 (full 0):
 garbage-first heap   total 157696K, used 110709K [0x0000000080000000, 0x0000000100000000)
  region size 1024K, 23 young (23552K), 1 survivors (1024K)
 Metaspace       used 66118K, committed 66816K, reserved 1114112K
  class space    used 8852K, committed 9152K, reserved 1048576K
}
Event: 7.597 GC heap after
{Heap after GC invocations=38 (full 0):
 garbage-first heap   total 157696K, used 92460K [0x0000000080000000, 0x0000000100000000)
  region size 1024K, 3 young (3072K), 3 survivors (3072K)
 Metaspace       used 66118K, committed 66816K, reserved 1114112K
  class space    used 8852K, committed 9152K, reserved 1048576K
}
Event: 7.828 GC heap before
{Heap before GC invocations=39 (full 0):
 garbage-first heap   total 186368K, used 124204K [0x0000000080000000, 0x0000000100000000)
  region size 1024K, 28 young (28672K), 3 survivors (3072K)
 Metaspace       used 67725K, committed 68480K, reserved 1114112K
  class space    used 9067K, committed 9408K, reserved 1048576K
}
Event: 7.836 GC heap after
{Heap after GC invocations=40 (full 0):
 garbage-first heap   total 186368K, used 94988K [0x0000000080000000, 0x0000000100000000)
  region size 1024K, 4 young (4096K), 4 survivors (4096K)
 Metaspace       used 67725K, committed 68480K, reserved 1114112K
  class space    used 9067K, committed 9408K, reserved 1048576K
}
Event: 8.330 GC heap before
{Heap before GC invocations=40 (full 0):
 garbage-first heap   total 186368K, used 132876K [0x0000000080000000, 0x0000000100000000)
  region size 1024K, 41 young (41984K), 4 survivors (4096K)
 Metaspace       used 71382K, committed 72128K, reserved 1114112K
  class space    used 9567K, committed 9920K, reserved 1048576K
}

Dll operation events (2 events):
Event: 0.026 Loaded shared library C:\Program Files\Android\Android Studio\jbr\bin\java.dll
Event: 0.424 Loaded shared library C:\Program Files\Android\Android Studio\jbr\bin\verify.dll

Deoptimization events (20 events):
Event: 8.111 Thread 0x00000131f43e7e80 Uncommon trap: trap_request=0xffffff45 fr.pc=0x00000131e282cc54 relative=0x0000000000000154
Event: 8.111 Thread 0x00000131f43e7e80 Uncommon trap: reason=unstable_if action=reinterpret pc=0x00000131e282cc54 method=org.objectweb.asm.ByteVector.putByteArray([BII)Lorg/objectweb/asm/ByteVector; @ 20 c2
Event: 8.111 Thread 0x00000131f43e7e80 DEOPT PACKING pc=0x00000131e282cc54 sp=0x00000019705f4c20
Event: 8.111 Thread 0x00000131f43e7e80 DEOPT UNPACKING pc=0x00000131e1f3a1a3 sp=0x00000019705f4bf0 mode 2
Event: 8.111 Thread 0x00000131f43e7e80 Uncommon trap: trap_request=0xffffff45 fr.pc=0x00000131e281a790 relative=0x00000000000009d0
Event: 8.111 Thread 0x00000131f43e7e80 Uncommon trap: reason=unstable_if action=reinterpret pc=0x00000131e281a790 method=org.objectweb.asm.Label.resolve([BI)Z @ 80 c2
Event: 8.111 Thread 0x00000131f43e7e80 DEOPT PACKING pc=0x00000131e281a790 sp=0x00000019705f4c40
Event: 8.111 Thread 0x00000131f43e7e80 DEOPT UNPACKING pc=0x00000131e1f3a1a3 sp=0x00000019705f4b60 mode 2
Event: 8.111 Thread 0x00000131f43e7e80 Uncommon trap: trap_request=0xffffff45 fr.pc=0x00000131e248fc88 relative=0x00000000000001e8
Event: 8.111 Thread 0x00000131f43e7e80 Uncommon trap: reason=unstable_if action=reinterpret pc=0x00000131e248fc88 method=org.objectweb.asm.Label.resolve([BI)Z @ 80 c2
Event: 8.111 Thread 0x00000131f43e7e80 DEOPT PACKING pc=0x00000131e248fc88 sp=0x00000019705f4bd0
Event: 8.111 Thread 0x00000131f43e7e80 DEOPT UNPACKING pc=0x00000131e1f3a1a3 sp=0x00000019705f4b50 mode 2
Event: 8.112 Thread 0x00000131f43e7e80 Uncommon trap: trap_request=0xffffff45 fr.pc=0x00000131e283fe94 relative=0x00000000000011d4
Event: 8.112 Thread 0x00000131f43e7e80 Uncommon trap: reason=unstable_if action=reinterpret pc=0x00000131e283fe94 method=org.objectweb.asm.MethodWriter.<init>(Lorg/objectweb/asm/SymbolTable;ILjava/lang/String;Ljava/lang/String;Ljava/lang/String;[Ljava/lang/String;I)V @ 94 c2
Event: 8.112 Thread 0x00000131f43e7e80 DEOPT PACKING pc=0x00000131e283fe94 sp=0x00000019705f4d10
Event: 8.112 Thread 0x00000131f43e7e80 DEOPT UNPACKING pc=0x00000131e1f3a1a3 sp=0x00000019705f4c40 mode 2
Event: 8.167 Thread 0x00000131f43e7e80 Uncommon trap: trap_request=0xfffffff4 fr.pc=0x00000131e28465e8 relative=0x0000000000000068
Event: 8.167 Thread 0x00000131f43e7e80 Uncommon trap: reason=null_check action=make_not_entrant pc=0x00000131e28465e8 method=java.lang.Class.isAnnotation()Z @ 1 c2
Event: 8.167 Thread 0x00000131f43e7e80 DEOPT PACKING pc=0x00000131e28465e8 sp=0x00000019705f74d0
Event: 8.167 Thread 0x00000131f43e7e80 DEOPT UNPACKING pc=0x00000131e1f3a1a3 sp=0x00000019705f7460 mode 2

Classes unloaded (0 events):
No events

Classes redefined (0 events):
No events

Internal exceptions (20 events):
Event: 8.246 Thread 0x00000131f43e7e80 Exception <a 'java/lang/ClassNotFoundException'{0x000000008921c598}: org/gradle/api/plugins/BasePluginConventionCustomizer> (0x000000008921c598) 
thrown [s\src\hotspot\share\classfile\systemDictionary.cpp, line 256]
Event: 8.247 Thread 0x00000131f43e7e80 Exception <a 'java/lang/ClassNotFoundException'{0x000000008923f068}: org/gradle/api/plugins/internal/DefaultBasePluginConventionCustomizer> (0x000000008923f068) 
thrown [s\src\hotspot\share\classfile\systemDictionary.cpp, line 256]
Event: 8.248 Thread 0x00000131f43e7e80 Exception <a 'java/lang/ClassNotFoundException'{0x0000000089269f80}: org/gradle/api/plugins/internal/DefaultBasePluginConvention_DecoratedCustomizer> (0x0000000089269f80) 
thrown [s\src\hotspot\share\classfile\systemDictionary.cpp, line 256]
Event: 8.253 Thread 0x00000131f43e7e80 Exception <a 'java/lang/ClassNotFoundException'{0x00000000892db298}: org/gradle/api/plugins/internal/DefaultJavaPluginConvention_DecoratedBeanInfo> (0x00000000892db298) 
thrown [s\src\hotspot\share\classfile\systemDictionary.cpp, line 256]
Event: 8.256 Thread 0x00000131f43e7e80 Exception <a 'java/lang/ClassNotFoundException'{0x00000000892f39e0}: org/gradle/api/plugins/internal/DefaultJavaPluginConventionBeanInfo> (0x00000000892f39e0) 
thrown [s\src\hotspot\share\classfile\systemDictionary.cpp, line 256]
Event: 8.256 Thread 0x00000131f43e7e80 Exception <a 'java/lang/ClassNotFoundException'{0x000000008910c240}: org/gradle/api/plugins/JavaPluginConventionBeanInfo> (0x000000008910c240) 
thrown [s\src\hotspot\share\classfile\systemDictionary.cpp, line 256]
Event: 8.257 Thread 0x00000131f43e7e80 Exception <a 'java/lang/ClassNotFoundException'{0x0000000089124520}: org/gradle/api/plugins/JavaPluginConventionCustomizer> (0x0000000089124520) 
thrown [s\src\hotspot\share\classfile\systemDictionary.cpp, line 256]
Event: 8.258 Thread 0x00000131f43e7e80 Exception <a 'java/lang/ClassNotFoundException'{0x0000000089150c90}: org/gradle/api/plugins/internal/DefaultJavaPluginConventionCustomizer> (0x0000000089150c90) 
thrown [s\src\hotspot\share\classfile\systemDictionary.cpp, line 256]
Event: 8.259 Thread 0x00000131f43e7e80 Exception <a 'java/lang/ClassNotFoundException'{0x000000008918ffd8}: org/gradle/api/plugins/internal/DefaultJavaPluginConvention_DecoratedCustomizer> (0x000000008918ffd8) 
thrown [s\src\hotspot\share\classfile\systemDictionary.cpp, line 256]
Event: 8.274 Thread 0x00000131f43e7e80 Exception <a 'java/lang/NoSuchMethodError'{0x0000000089094b30}: static Lorg/jetbrains/kotlin/gradle/plugin/internal/DefaultConfigurationTimePropertiesAccessorVariantFactory;.<clinit>()V> (0x0000000089094b30) 
thrown [s\src\hotspot\share\prims\jni.cpp, line 1108]
Event: 8.275 Thread 0x00000131f43e7e80 Exception <a 'java/lang/NoSuchMethodError'{0x00000000890ad7a0}: static Lorg/jetbrains/kotlin/gradle/plugin/internal/DefaultProjectIsolationStartParameterAccessorVariantFactory;.<clinit>()V> (0x00000000890ad7a0) 
thrown [s\src\hotspot\share\prims\jni.cpp, line 1108]
Event: 8.275 Thread 0x00000131f43e7e80 Exception <a 'java/lang/NoSuchMethodError'{0x00000000890c6e80}: static Lorg/jetbrains/kotlin/gradle/plugin/internal/DefaultMppTestReportHelperVariantFactory;.<clinit>()V> (0x00000000890c6e80) 
thrown [s\src\hotspot\share\prims\jni.cpp, line 1108]
Event: 8.276 Thread 0x00000131f43e7e80 Exception <a 'java/lang/NoSuchMethodError'{0x00000000890dfa80}: static Lorg/jetbrains/kotlin/gradle/plugin/internal/CompatibilityConventionRegistrarG80$Factory;.<clinit>()V> (0x00000000890dfa80) 
thrown [s\src\hotspot\share\prims\jni.cpp, line 1108]
Event: 8.277 Thread 0x00000131f43e7e80 Exception <a 'java/lang/NoSuchMethodError'{0x00000000890ff7e0}: static Lorg/jetbrains/kotlin/gradle/plugin/internal/DefaultArtifactTypeAttributeAccessorVariantFactory;.<clinit>()V> (0x00000000890ff7e0) 
thrown [s\src\hotspot\share\prims\jni.cpp, line 1108]
Event: 8.277 Thread 0x00000131f43e7e80 Exception <a 'java/lang/NoSuchMethodError'{0x0000000088f19988}: static Lorg/jetbrains/kotlin/gradle/plugin/internal/MavenPluginConfigurator$DefaultMavenPluginConfiguratorVariantFactory;.<clinit>()V> (0x0000000088f19988) 
thrown [s\src\hotspot\share\prims\jni.cpp, line 1108]
Event: 8.278 Thread 0x00000131f43e7e80 Exception <a 'java/lang/NoSuchMethodError'{0x0000000088f32c90}: static Lorg/jetbrains/kotlin/gradle/plugin/internal/DefaultJavaSourceSetsAccessorVariantFactory;.<clinit>()V> (0x0000000088f32c90) 
thrown [s\src\hotspot\share\prims\jni.cpp, line 1108]
Event: 8.279 Thread 0x00000131f43e7e80 Exception <a 'java/lang/NoSuchMethodError'{0x0000000088f4b830}: static Lorg/jetbrains/kotlin/gradle/targets/js/nodejs/DefaultUnameExecutorVariantFactory;.<clinit>()V> (0x0000000088f4b830) 
thrown [s\src\hotspot\share\prims\jni.cpp, line 1108]
Event: 8.280 Thread 0x00000131f43e7e80 Exception <a 'java/lang/NoSuchMethodError'{0x0000000088f64b78}: static Lorg/jetbrains/kotlin/gradle/plugin/internal/DefaultBasePluginConfigurationVariantFactory;.<clinit>()V> (0x0000000088f64b78) 
thrown [s\src\hotspot\share\prims\jni.cpp, line 1108]
Event: 8.280 Thread 0x00000131f43e7e80 Exception <a 'java/lang/NoSuchMethodError'{0x0000000088f7d7b8}: static Lorg/jetbrains/kotlin/gradle/plugin/internal/DefaultIdeaSyncDetectorVariantFactory;.<clinit>()V> (0x0000000088f7d7b8) 
thrown [s\src\hotspot\share\prims\jni.cpp, line 1108]
Event: 8.281 Thread 0x00000131f43e7e80 Exception <a 'java/lang/NoSuchMethodError'{0x0000000088f972f0}: static Lorg/jetbrains/kotlin/gradle/plugin/internal/DefaultKotlinTestReportCompatibilityHelperVariantFactory;.<clinit>()V> (0x0000000088f972f0) 
thrown [s\src\hotspot\share\prims\jni.cpp, line 1108]

VM Operations (20 events):
Event: 7.205 Executing VM operation: G1Concurrent done
Event: 7.220 Executing VM operation: G1Concurrent
Event: 7.220 Executing VM operation: G1Concurrent done
Event: 7.515 Executing VM operation: HandshakeAllThreads
Event: 7.515 Executing VM operation: HandshakeAllThreads done
Event: 7.556 Executing VM operation: HandshakeAllThreads
Event: 7.556 Executing VM operation: HandshakeAllThreads done
Event: 7.594 Executing VM operation: G1TryInitiateConcMark
Event: 7.597 Executing VM operation: G1TryInitiateConcMark done
Event: 7.637 Executing VM operation: G1Concurrent
Event: 7.639 Executing VM operation: G1Concurrent done
Event: 7.653 Executing VM operation: G1Concurrent
Event: 7.653 Executing VM operation: G1Concurrent done
Event: 7.828 Executing VM operation: G1CollectForAllocation
Event: 7.836 Executing VM operation: G1CollectForAllocation done
Event: 8.163 Executing VM operation: HandshakeAllThreads
Event: 8.163 Executing VM operation: HandshakeAllThreads done
Event: 8.281 Executing VM operation: ICBufferFull
Event: 8.281 Executing VM operation: ICBufferFull done
Event: 8.330 Executing VM operation: G1CollectForAllocation

Events (20 events):
Event: 8.090 loading class sun/reflect/annotation/AnnotationInvocationHandler$1
Event: 8.090 loading class sun/reflect/annotation/AnnotationInvocationHandler$1 done
Event: 8.162 loading class java/net/SocketTimeoutException
Event: 8.162 loading class java/net/SocketTimeoutException done
Event: 8.178 loading class java/time/format/DateTimeFormatterBuilder$WeekBasedFieldPrinterParser
Event: 8.179 loading class java/time/format/DateTimeFormatterBuilder$WeekBasedFieldPrinterParser done
Event: 8.192 loading class com/sun/jmx/mbeanserver/StandardMBeanSupport
Event: 8.192 loading class com/sun/jmx/mbeanserver/StandardMBeanSupport done
Event: 8.193 loading class com/sun/jmx/mbeanserver/StandardMBeanIntrospector
Event: 8.193 loading class com/sun/jmx/mbeanserver/StandardMBeanIntrospector done
Event: 8.201 Thread 0x00000131f8c48f10 Thread added: 0x00000131f8c48f10
Event: 8.272 loading class java/io/ObjectOutputStream$BlockDataOutputStream
Event: 8.272 loading class java/io/ObjectOutputStream$BlockDataOutputStream done
Event: 8.272 loading class java/io/ObjectOutputStream$HandleTable
Event: 8.273 loading class java/io/ObjectOutputStream$HandleTable done
Event: 8.273 loading class java/io/ObjectOutputStream$ReplaceTable
Event: 8.273 loading class java/io/ObjectOutputStream$ReplaceTable done
Event: 8.298 loading class java/nio/channels/Channels$1
Event: 8.299 loading class java/nio/channels/Channels$1 done
Event: 8.300 Thread 0x00000131f8c480a0 Thread added: 0x00000131f8c480a0


Dynamic libraries:
0x00007ff73d970000 - 0x00007ff73d97a000 	C:\Program Files\Android\Android Studio\jbr\bin\java.exe
0x00007ffcb0010000 - 0x00007ffcb0227000 	C:\WINDOWS\SYSTEM32\ntdll.dll
0x00007ffcaf480000 - 0x00007ffcaf544000 	C:\WINDOWS\System32\KERNEL32.DLL
0x00007ffcad470000 - 0x00007ffcad816000 	C:\WINDOWS\System32\KERNELBASE.dll
0x00007ffcad350000 - 0x00007ffcad461000 	C:\WINDOWS\System32\ucrtbase.dll
0x00007ffc8fc40000 - 0x00007ffc8fc5b000 	C:\Program Files\Android\Android Studio\jbr\bin\VCRUNTIME140.dll
0x00007ffc8e8a0000 - 0x00007ffc8e8b7000 	C:\Program Files\Android\Android Studio\jbr\bin\jli.dll
0x00007ffcadef0000 - 0x00007ffcae09e000 	C:\WINDOWS\System32\USER32.dll
0x00007ffcada10000 - 0x00007ffcada36000 	C:\WINDOWS\System32\win32u.dll
0x00007ffcaee80000 - 0x00007ffcaeea9000 	C:\WINDOWS\System32\GDI32.dll
0x00007ffcad8f0000 - 0x00007ffcada08000 	C:\WINDOWS\System32\gdi32full.dll
0x00007ffc91b20000 - 0x00007ffc91db3000 	C:\WINDOWS\WinSxS\amd64_microsoft.windows.common-controls_6595b64144ccf1df_6.0.22621.2506_none_270c5ae97388e100\COMCTL32.dll
0x00007ffcad820000 - 0x00007ffcad8ba000 	C:\WINDOWS\System32\msvcp_win.dll
0x00007ffcade40000 - 0x00007ffcadee7000 	C:\WINDOWS\System32\msvcrt.dll
0x00007ffcaff90000 - 0x00007ffcaffc1000 	C:\WINDOWS\System32\IMM32.DLL
0x00007ffc8fc30000 - 0x00007ffc8fc3c000 	C:\Program Files\Android\Android Studio\jbr\bin\vcruntime140_1.dll
0x00007ffc63ec0000 - 0x00007ffc63f4d000 	C:\Program Files\Android\Android Studio\jbr\bin\msvcp140.dll
0x00007ffc5e950000 - 0x00007ffc5f5be000 	C:\Program Files\Android\Android Studio\jbr\bin\server\jvm.dll
0x00007ffcafe30000 - 0x00007ffcafee3000 	C:\WINDOWS\System32\ADVAPI32.dll
0x00007ffcaf3c0000 - 0x00007ffcaf468000 	C:\WINDOWS\System32\sechost.dll
0x00007ffcad8c0000 - 0x00007ffcad8e8000 	C:\WINDOWS\System32\bcrypt.dll
0x00007ffcaf1f0000 - 0x00007ffcaf307000 	C:\WINDOWS\System32\RPCRT4.dll
0x00007ffca95e0000 - 0x00007ffca95e9000 	C:\WINDOWS\SYSTEM32\WSOCK32.dll
0x00007ffc9e500000 - 0x00007ffc9e50a000 	C:\WINDOWS\SYSTEM32\VERSION.dll
0x00007ffca2fb0000 - 0x00007ffca2fe4000 	C:\WINDOWS\SYSTEM32\WINMM.dll
0x00007ffcae900000 - 0x00007ffcae971000 	C:\WINDOWS\System32\WS2_32.dll
0x00007ffcac380000 - 0x00007ffcac398000 	C:\WINDOWS\SYSTEM32\kernel.appcore.dll
0x00007ffca9520000 - 0x00007ffca952a000 	C:\Program Files\Android\Android Studio\jbr\bin\jimage.dll
0x00007ffcaac60000 - 0x00007ffcaae93000 	C:\WINDOWS\SYSTEM32\DBGHELP.DLL
0x00007ffcaeaf0000 - 0x00007ffcaee79000 	C:\WINDOWS\System32\combase.dll
0x00007ffcadd60000 - 0x00007ffcade37000 	C:\WINDOWS\System32\OLEAUT32.dll
0x00007ffc92170000 - 0x00007ffc921a2000 	C:\WINDOWS\SYSTEM32\dbgcore.DLL
0x00007ffcada40000 - 0x00007ffcadaba000 	C:\WINDOWS\System32\bcryptPrimitives.dll
0x00007ffc8fd90000 - 0x00007ffc8fdb5000 	C:\Program Files\Android\Android Studio\jbr\bin\java.dll
0x00007ffca9500000 - 0x00007ffca9518000 	C:\Program Files\Android\Android Studio\jbr\bin\zip.dll
0x00007ffcae0a0000 - 0x00007ffcae8fa000 	C:\WINDOWS\System32\SHELL32.dll
0x00007ffcab2a0000 - 0x00007ffcabb96000 	C:\WINDOWS\SYSTEM32\windows.storage.dll
0x00007ffcab160000 - 0x00007ffcab29e000 	C:\WINDOWS\SYSTEM32\wintypes.dll
0x00007ffcaeec0000 - 0x00007ffcaefb3000 	C:\WINDOWS\System32\SHCORE.dll
0x00007ffcaf790000 - 0x00007ffcaf7ee000 	C:\WINDOWS\System32\shlwapi.dll
0x00007ffcad280000 - 0x00007ffcad2a6000 	C:\WINDOWS\SYSTEM32\profapi.dll
0x00007ffc8f700000 - 0x00007ffc8f719000 	C:\Program Files\Android\Android Studio\jbr\bin\net.dll
0x00007ffca6430000 - 0x00007ffca6567000 	C:\WINDOWS\SYSTEM32\WINHTTP.dll
0x00007ffcac800000 - 0x00007ffcac869000 	C:\WINDOWS\system32\mswsock.dll
0x00007ffc8e9b0000 - 0x00007ffc8e9c6000 	C:\Program Files\Android\Android Studio\jbr\bin\nio.dll
0x00007ffca69c0000 - 0x00007ffca69d0000 	C:\Program Files\Android\Android Studio\jbr\bin\verify.dll
0x00007ffc8e3c0000 - 0x00007ffc8e3e7000 	C:\Users\86199\.gradle\native\68d5fa5c4cc2d200863cafc0d521ce42e7d3e7ee720ec0a83991735586a16f82\windows-amd64\native-platform.dll
0x00007ffc5e800000 - 0x00007ffc5e944000 	C:\Users\86199\.gradle\native\e376f236ea51e6404a007f0833ffe2c6e607c4080706a723a18a27aeea778392\windows-amd64\native-platform-file-events.dll
0x00007ffc8fe60000 - 0x00007ffc8fe69000 	C:\Program Files\Android\Android Studio\jbr\bin\management.dll
0x00007ffc8fd80000 - 0x00007ffc8fd8b000 	C:\Program Files\Android\Android Studio\jbr\bin\management_ext.dll
0x00007ffcaf9a0000 - 0x00007ffcaf9a8000 	C:\WINDOWS\System32\PSAPI.DLL
0x00007ffcaca50000 - 0x00007ffcaca6b000 	C:\WINDOWS\SYSTEM32\CRYPTSP.dll
0x00007ffcac2e0000 - 0x00007ffcac315000 	C:\WINDOWS\system32\rsaenh.dll
0x00007ffcac8f0000 - 0x00007ffcac91c000 	C:\WINDOWS\SYSTEM32\USERENV.dll
0x00007ffcaca70000 - 0x00007ffcaca7c000 	C:\WINDOWS\SYSTEM32\CRYPTBASE.dll
0x00007ffcabe00000 - 0x00007ffcabe2d000 	C:\WINDOWS\SYSTEM32\IPHLPAPI.DLL
0x00007ffcaf470000 - 0x00007ffcaf479000 	C:\WINDOWS\System32\NSI.dll
0x00007ffca6410000 - 0x00007ffca6429000 	C:\WINDOWS\SYSTEM32\dhcpcsvc6.DLL
0x00007ffca63f0000 - 0x00007ffca640f000 	C:\WINDOWS\SYSTEM32\dhcpcsvc.DLL
0x00007ffcabe30000 - 0x00007ffcabf29000 	C:\WINDOWS\SYSTEM32\DNSAPI.dll
0x00007ffc8fcf0000 - 0x00007ffc8fcf8000 	C:\WINDOWS\system32\wshunix.dll

dbghelp: loaded successfully - version: 4.0.5 - missing functions: none
symbol engine: initialized successfully - sym options: 0x614 - pdb path: .;C:\Program Files\Android\Android Studio\jbr\bin;C:\WINDOWS\SYSTEM32;C:\WINDOWS\WinSxS\amd64_microsoft.windows.common-controls_6595b64144ccf1df_6.0.22621.2506_none_270c5ae97388e100;C:\Program Files\Android\Android Studio\jbr\bin\server;C:\Users\86199\.gradle\native\68d5fa5c4cc2d200863cafc0d521ce42e7d3e7ee720ec0a83991735586a16f82\windows-amd64;C:\Users\86199\.gradle\native\e376f236ea51e6404a007f0833ffe2c6e607c4080706a723a18a27aeea778392\windows-amd64

VM Arguments:
jvm_args: --add-opens=java.base/java.util=ALL-UNNAMED --add-opens=java.base/java.lang=ALL-UNNAMED --add-opens=java.base/java.lang.invoke=ALL-UNNAMED --add-opens=java.prefs/java.util.prefs=ALL-UNNAMED --add-opens=java.base/java.nio.charset=ALL-UNNAMED --add-opens=java.base/java.net=ALL-UNNAMED --add-opens=java.base/java.util.concurrent.atomic=ALL-UNNAMED -Xmx2048m -Dfile.encoding=UTF-8 -Duser.country=CN -Duser.language=zh -Duser.variant 
java_command: org.gradle.launcher.daemon.bootstrap.GradleDaemon 8.0
java_class_path (initial): C:\Users\86199\.gradle\wrapper\dists\gradle-8.0-bin\ca5e32bp14vu59qr306oxotwh\gradle-8.0\lib\gradle-launcher-8.0.jar
Launcher Type: SUN_STANDARD

[Global flags]
     intx CICompilerCount                          = 4                                         {product} {ergonomic}
     uint ConcGCThreads                            = 2                                         {product} {ergonomic}
     uint G1ConcRefinementThreads                  = 8                                         {product} {ergonomic}
   size_t G1HeapRegionSize                         = 1048576                                   {product} {ergonomic}
    uintx GCDrainStackTargetSize                   = 64                                        {product} {ergonomic}
   size_t InitialHeapSize                          = 266338304                                 {product} {ergonomic}
   size_t MarkStackSize                            = 4194304                                   {product} {ergonomic}
   size_t MaxHeapSize                              = 2147483648                                {product} {command line}
   size_t MaxNewSize                               = 1287651328                                {product} {ergonomic}
   size_t MinHeapDeltaBytes                        = 1048576                                   {product} {ergonomic}
   size_t MinHeapSize                              = 8388608                                   {product} {ergonomic}
    uintx NonNMethodCodeHeapSize                   = 5839372                                {pd product} {ergonomic}
    uintx NonProfiledCodeHeapSize                  = 122909434                              {pd product} {ergonomic}
    uintx ProfiledCodeHeapSize                     = 122909434                              {pd product} {ergonomic}
    uintx ReservedCodeCacheSize                    = 251658240                              {pd product} {ergonomic}
     bool SegmentedCodeCache                       = true                                      {product} {ergonomic}
   size_t SoftMaxHeapSize                          = 2147483648                             {manageable} {ergonomic}
     bool UseCompressedClassPointers               = true                           {product lp64_product} {ergonomic}
     bool UseCompressedOops                        = true                           {product lp64_product} {ergonomic}
     bool UseG1GC                                  = true                                      {product} {ergonomic}
     bool UseLargePagesIndividualAllocation        = false                                  {pd product} {ergonomic}

Logging:
Log output configuration:
 #0: stdout all=warning uptime,level,tags
 #1: stderr all=off uptime,level,tags

Environment Variables:
JAVA_HOME=D:\android\Java
CLASSPATH=.;D:\android\Java\lib;D:\android\Java\lib\tools.jar
PATH=C:\Program Files\Java\jdk 1.8.0_341\bin;D:\android\Java\bin;D:\android\Java\jre\bin;D:\mysql\mysql-5.7.27-winx64\bin;c:\windows\system32;C:\WINDOWS\system32;D:\tomcat\apache-tomcat-8.5.47\bin;D:\Anaconda;D:\Anaconda\Scripts;D:\Anaconda\Library\bin;D:\Anaconda\Library\mingw-w64\bin;D:\tomcat\apache-tomcat-8.5.47\lib\;%OMCAT_HOME%\bin;C:\Program Files\Azure Data Studio\bin;C:\Users\86199\Downloads\ffmpeg-6.0-full_build\bin;C:\WINDOWS;C:\WINDOWS\System32\Wbem;C:\WINDOWS\System32\WindowsPowerShell\v1.0\;C:\WINDOWS\System32\OpenSSH\;D:\Download\web\dll;%MAVEN;HOME%\bin;"% ANDROID_SDK_HOME%\platform-tools;% ANDROID_SDK_HOME%\tools";D:\android\SDK\platform-tools;C:\WINDOWS\system32;D:\software\node.js\;D:\software\gradle-8.0\bin;D:\software\Git\Git\cmd;D:\Anaconda;D:\Anaconda\Library\mingw-w64\bin;D:\Anaconda\Library\usr\bin;D:\Anaconda\Library\bin;D:\Anaconda\Scripts;C:\Users\86199\AppData\Local\Microsoft\WindowsApps;C:\Program Files\JetBrains\PyCharm Community Edition 2021.3\bin;;%JAVA_HOME\bin;%IntelliJ IDEA Community Edition%;C:\Program Files (x86)\Tencent\QQGameTempest\Hall.57915\;C:\Program Files\Azure Data Studio\bin;D:\Download\Microsoft VS Code\bin;C:\Users\86199\AppData\Roaming\npm
USERNAME=86199
OS=Windows_NT
PROCESSOR_IDENTIFIER=Intel64 Family 6 Model 140 Stepping 1, GenuineIntel
TMP=C:\Users\86199\AppData\Local\Temp
TEMP=C:\Users\86199\AppData\Local\Temp


JNI global refs:
JNI global refs: 26, weak refs: 0

JNI global refs memory usage: 843, weak refs: 841


---------------  S Y S T E M  ---------------

OS:
 Windows 11 , 64 bit Build 22621 (10.0.22621.2506)
OS uptime: 0 days 8:45 hours

CPU: total 8 (initial active 8) (4 cores per cpu, 2 threads per core) family 6 model 140 stepping 1 microcode 0x86, cx8, cmov, fxsr, ht, mmx, 3dnowpref, sse, sse2, sse3, ssse3, sse4.1, sse4.2, popcnt, lzcnt, tsc, tscinvbit, avx, avx2, aes, erms, clmul, bmi1, bmi2, adx, avx512f, avx512dq, avx512cd, avx512bw, avx512vl, sha, fma, vzeroupper, avx512_vpopcntdq, avx512_vpclmulqdq, avx512_vaes, avx512_vnni, clflush, clflushopt, clwb, avx512_vbmi2, avx512_vbmi

Memory: 4k page, system-wide physical 16167M (1937M free)
TotalPageFile size 16167M (AvailPageFile size 29M)
current process WorkingSet (physical memory assigned to process): 403M, peak: 408M
current process commit charge ("private bytes"): 450M, peak: 482M

vm_info: OpenJDK 64-Bit Server VM (17.0.6+0-b2043.56-10027231) for windows-amd64 JRE (17.0.6+0-b2043.56-10027231), built on Apr 28 2023 00:43:19 by "androidbuild" with MS VC++ 16.10 / 16.11 (VS2019)

END.
