#
# There is insufficient memory for the Java Runtime Environment to continue.
# Native memory allocation (mmap) failed to map 68157440 bytes for G1 virtual space
# Possible reasons:
#   The system is out of physical RAM or swap space
#   The process is running with CompressedOops enabled, and the Java Heap may be blocking the growth of the native heap
# Possible solutions:
#   Reduce memory load on the system
#   Increase physical memory or swap space
#   Check if swap backing store is full
#   Decrease Java heap size (-Xmx/-Xms)
#   Decrease number of Java threads
#   Decrease Java thread stack sizes (-Xss)
#   Set larger code cache with -XX:ReservedCodeCacheSize=
#   JVM is running with Unscaled Compressed Oops mode in which the Java heap is
#     placed in the first 4GB address space. The Java Heap base address is the
#     maximum limit for the native heap growth. Please use -XX:HeapBaseMinAddress
#     to set the Java Heap base and to place the Java Heap above 4GB virtual address.
# This output file may be truncated or incomplete.
#
#  Out of Memory Error (os_windows.cpp:3769), pid=22320, tid=20960
#
# JRE version: OpenJDK Runtime Environment (17.0.6) (build 17.0.6+0-b2043.56-10027231)
# Java VM: OpenJDK 64-Bit Server VM (17.0.6+0-b2043.56-10027231, mixed mode, tiered, compressed oops, compressed class ptrs, g1 gc, windows-amd64)
# No core dump will be written. Minidumps are not enabled by default on client versions of Windows
#

---------------  S U M M A R Y ------------

Command Line: --add-opens=java.base/java.util=ALL-UNNAMED --add-opens=java.base/java.lang=ALL-UNNAMED --add-opens=java.base/java.lang.invoke=ALL-UNNAMED --add-opens=java.prefs/java.util.prefs=ALL-UNNAMED --add-opens=java.base/java.nio.charset=ALL-UNNAMED --add-opens=java.base/java.net=ALL-UNNAMED --add-opens=java.base/java.util.concurrent.atomic=ALL-UNNAMED -Xmx2048m -Dfile.encoding=UTF-8 -Duser.country=CN -Duser.language=zh -Duser.variant org.gradle.launcher.daemon.bootstrap.GradleDaemon 8.0

Host: 11th Gen Intel(R) Core(TM) i5-1135G7 @ 2.40GHz, 8 cores, 15G,  Windows 11 , 64 bit Build 22621 (10.0.22621.2506)
Time: Sat Jan 20 16:11:19 2024  Windows 11 , 64 bit Build 22621 (10.0.22621.2506) elapsed time: 1415.418947 seconds (0d 0h 23m 35s)

---------------  T H R E A D  ---------------

Current thread (0x000002680725d2f0):  VMThread "VM Thread" [stack: 0x0000006c22800000,0x0000006c22900000] [id=20960]

Stack: [0x0000006c22800000,0x0000006c22900000]
Native frames: (J=compiled Java code, j=interpreted, Vv=VM code, C=native code)
V  [jvm.dll+0x683c9a]
V  [jvm.dll+0x8427a4]
V  [jvm.dll+0x843f9e]
V  [jvm.dll+0x844603]
V  [jvm.dll+0x249b75]
V  [jvm.dll+0x680b69]
V  [jvm.dll+0x67505a]
V  [jvm.dll+0x309acb]
V  [jvm.dll+0x310f86]
V  [jvm.dll+0x3608ee]
V  [jvm.dll+0x360b1f]
V  [jvm.dll+0x2dfbf8]
V  [jvm.dll+0x2ddec4]
V  [jvm.dll+0x2dd4cc]
V  [jvm.dll+0x321f3b]
V  [jvm.dll+0x848ccb]
V  [jvm.dll+0x849a04]
V  [jvm.dll+0x849f1d]
V  [jvm.dll+0x84a2f4]
V  [jvm.dll+0x84a3c0]
V  [jvm.dll+0x7f274a]
V  [jvm.dll+0x682ad5]
C  [ucrtbase.dll+0x29363]
C  [KERNEL32.DLL+0x1257d]
C  [ntdll.dll+0x5aa58]

VM_Operation (0x0000006c235f5dd0): G1CollectForAllocation, mode: safepoint, requested by thread 0x000002680ed12a10


---------------  P R O C E S S  ---------------

Threads class SMR info:
_java_thread_list=0x0000026811328920, length=130, elements={
0x000002686d33f690, 0x0000026807c5d250, 0x0000026807c5de00, 0x0000026807c99ff0,
0x0000026807c9aab0, 0x0000026807c9b470, 0x0000026807c9be20, 0x0000026807c76330,
0x0000026807c77b10, 0x0000026807cc08d0, 0x0000026807e41010, 0x0000026807e4a530,
0x000002680a3e65a0, 0x000002680908d1a0, 0x000002680acea8f0, 0x000002680ab66060,
0x000002680ab67d40, 0x000002680ab66530, 0x000002680ab673a0, 0x000002680ab66ed0,
0x000002680ab686e0, 0x000002680b6dd7d0, 0x000002680b6da7b0, 0x000002680b6ddca0,
0x000002680b6db150, 0x000002680b6d9470, 0x000002680b6dbaf0, 0x000002680b6de640,
0x000002680bf9f3e0, 0x000002680bfa2da0, 0x000002680bf9e0a0, 0x000002680bfa58f0,
0x000002680ed13d50, 0x000002680ed10860, 0x000002680ed12540, 0x000002680ed12a10,
0x000002680ed11ba0, 0x000002680ed12ee0, 0x000002680ed0e6b0, 0x000002680ed0e1e0,
0x000002680ed13880, 0x000002680ed146f0, 0x000002680ed14220, 0x000002680ed14bc0,
0x000002680f0c8c50, 0x000002680ed15090, 0x000002680f0c7810, 0x000002680ed0f520,
0x000002680ed15560, 0x000002680ed15a30, 0x000002680ed0eb80, 0x000002680ed0f9f0,
0x000002680ed10390, 0x000002680bfa0bf0, 0x000002680bfa1590, 0x000002680bf9ef10,
0x000002680bfa1a60, 0x000002680bfa4f50, 0x000002680bf9e570, 0x000002680bfa1f30,
0x000002680bfa2400, 0x000002680bfa28d0, 0x000002680bfa3270, 0x000002680bf9ea40,
0x000002680bf9fd80, 0x000002680bfa3740, 0x000002680bfa40e0, 0x000002680bfa3c10,
0x000002680bfa45b0, 0x000002680bfa4a80, 0x000002680bfa5420, 0x000002680b6da2e0,
0x000002680b6dbfc0, 0x000002680b6dc490, 0x000002680b6dc960, 0x000002680b6dce30,
0x000002680b6dd300, 0x000002680b6defe0, 0x000002680b6de170, 0x000002680b6e0320,
0x000002680b6df4b0, 0x000002680b6d9e10, 0x000002680b6df980, 0x000002680b6d9940,
0x000002680b6d8ad0, 0x000002680b6deb10, 0x000002680b6dfe50, 0x000002680ab66a00,
0x000002680ab68bb0, 0x000002680ab69080, 0x000002680ab68210, 0x000002680ab69550,
0x000002680ab67870, 0x000002680ab69a20, 0x0000026814bbfb40, 0x0000026814bc2b60,
0x0000026814bc3030, 0x0000026814bc3500, 0x0000026814bc0010, 0x0000026814bc39d0,
0x0000026814bbc180, 0x0000026814bc1cf0, 0x0000026814bc1820, 0x0000026814bbde60,
0x0000026814bbc650, 0x0000026814bbcff0, 0x0000026814bbd4c0, 0x0000026814bbe330,
0x0000026814bc2690, 0x0000026814bbcb20, 0x0000026814bbd990, 0x0000026814bc04e0,
0x0000026814bc09b0, 0x0000026814bbe800, 0x0000026814bbf670, 0x0000026814bbecd0,
0x0000026814bbf1a0, 0x0000026814bc0e80, 0x0000026814bc1350, 0x0000026814bc21c0,
0x000002680a810e90, 0x000002680a80f680, 0x000002680a811360, 0x000002680a80fb50,
0x000002680a80d000, 0x000002680a80d4d0, 0x000002680a80d9a0, 0x000002680a80e340,
0x000002680a810020, 0x000002680a811d00
}

Java Threads: ( => current thread )
  0x000002686d33f690 JavaThread "main" [_thread_blocked, id=22768, stack(0x0000006c22200000,0x0000006c22300000)]
  0x0000026807c5d250 JavaThread "Reference Handler" daemon [_thread_blocked, id=25440, stack(0x0000006c22900000,0x0000006c22a00000)]
  0x0000026807c5de00 JavaThread "Finalizer" daemon [_thread_blocked, id=24620, stack(0x0000006c22a00000,0x0000006c22b00000)]
  0x0000026807c99ff0 JavaThread "Signal Dispatcher" daemon [_thread_blocked, id=20520, stack(0x0000006c22b00000,0x0000006c22c00000)]
  0x0000026807c9aab0 JavaThread "Attach Listener" daemon [_thread_blocked, id=21364, stack(0x0000006c22c00000,0x0000006c22d00000)]
  0x0000026807c9b470 JavaThread "Service Thread" daemon [_thread_blocked, id=20656, stack(0x0000006c22d00000,0x0000006c22e00000)]
  0x0000026807c9be20 JavaThread "Monitor Deflation Thread" daemon [_thread_blocked, id=21556, stack(0x0000006c22e00000,0x0000006c22f00000)]
  0x0000026807c76330 JavaThread "C2 CompilerThread0" daemon [_thread_blocked, id=21988, stack(0x0000006c22f00000,0x0000006c23000000)]
  0x0000026807c77b10 JavaThread "C1 CompilerThread0" daemon [_thread_blocked, id=23932, stack(0x0000006c23000000,0x0000006c23100000)]
  0x0000026807cc08d0 JavaThread "Sweeper thread" daemon [_thread_blocked, id=12176, stack(0x0000006c23100000,0x0000006c23200000)]
  0x0000026807e41010 JavaThread "Common-Cleaner" daemon [_thread_blocked, id=23424, stack(0x0000006c23200000,0x0000006c23300000)]
  0x0000026807e4a530 JavaThread "Notification Thread" daemon [_thread_blocked, id=23988, stack(0x0000006c23300000,0x0000006c23400000)]
  0x000002680a3e65a0 JavaThread "Daemon health stats" [_thread_blocked, id=17816, stack(0x0000006c23b00000,0x0000006c23c00000)]
  0x000002680908d1a0 JavaThread "Incoming local TCP Connector on port 56191" [_thread_in_native, id=18516, stack(0x0000006c23c00000,0x0000006c23d00000)]
  0x000002680acea8f0 JavaThread "Daemon periodic checks" [_thread_blocked, id=22452, stack(0x0000006c23d00000,0x0000006c23e00000)]
  0x000002680ab66060 JavaThread "Cache worker for journal cache (C:\Users\86199\.gradle\caches\journal-1)" [_thread_blocked, id=2684, stack(0x0000006c24800000,0x0000006c24900000)]
  0x000002680ab67d40 JavaThread "File lock request listener" [_thread_in_native, id=19836, stack(0x0000006c24900000,0x0000006c24a00000)]
  0x000002680ab66530 JavaThread "Cache worker for file hash cache (C:\Users\86199\.gradle\caches\8.0\fileHashes)" [_thread_blocked, id=10632, stack(0x0000006c24a00000,0x0000006c24b00000)]
  0x000002680ab673a0 JavaThread "File watcher server" daemon [_thread_in_native, id=4644, stack(0x0000006c24c00000,0x0000006c24d00000)]
  0x000002680ab66ed0 JavaThread "File watcher consumer" daemon [_thread_blocked, id=22704, stack(0x0000006c24d00000,0x0000006c24e00000)]
  0x000002680ab686e0 JavaThread "Cache worker for file content cache (C:\Users\86199\.gradle\caches\8.0\fileContent)" [_thread_blocked, id=23412, stack(0x0000006c25000000,0x0000006c25100000)]
  0x000002680b6dd7d0 JavaThread "Cache worker for execution history cache (C:\Users\86199\.gradle\caches\8.0\executionHistory)" [_thread_blocked, id=18316, stack(0x0000006c25300000,0x0000006c25400000)]
  0x000002680b6da7b0 JavaThread "jar transforms" [_thread_blocked, id=23100, stack(0x0000006c25400000,0x0000006c25500000)]
  0x000002680b6ddca0 JavaThread "jar transforms Thread 2" [_thread_blocked, id=20392, stack(0x0000006c25500000,0x0000006c25600000)]
  0x000002680b6db150 JavaThread "Cache worker for kotlin-dsl (C:\Users\86199\.gradle\caches\8.0\kotlin-dsl)" [_thread_blocked, id=11344, stack(0x0000006c25700000,0x0000006c25800000)]
  0x000002680b6d9470 JavaThread "jar transforms Thread 3" [_thread_blocked, id=22764, stack(0x0000006c24b00000,0x0000006c24c00000)]
  0x000002680b6dbaf0 JavaThread "jar transforms Thread 4" [_thread_blocked, id=18244, stack(0x0000006c25900000,0x0000006c25a00000)]
  0x000002680b6de640 JavaThread "jar transforms Thread 5" [_thread_blocked, id=8136, stack(0x0000006c25c00000,0x0000006c25d00000)]
  0x000002680bf9f3e0 JavaThread "jar transforms Thread 6" [_thread_blocked, id=16728, stack(0x0000006c2ae00000,0x0000006c2af00000)]
  0x000002680bfa2da0 JavaThread "jar transforms Thread 7" [_thread_blocked, id=23456, stack(0x0000006c2af00000,0x0000006c2b000000)]
  0x000002680bf9e0a0 JavaThread "jar transforms Thread 8" [_thread_blocked, id=15312, stack(0x0000006c2b000000,0x0000006c2b100000)]
  0x000002680bfa58f0 JavaThread "Memory manager" [_thread_blocked, id=25360, stack(0x0000006c2b200000,0x0000006c2b300000)]
  0x000002680ed13d50 JavaThread "Daemon Thread 3" [_thread_blocked, id=9172, stack(0x0000006c21f00000,0x0000006c22000000)]
  0x000002680ed10860 JavaThread "Handler for socket connection from /127.0.0.1:56191 to /127.0.0.1:56924" [_thread_in_native, id=24804, stack(0x0000006c22000000,0x0000006c22100000)]
  0x000002680ed12540 JavaThread "Cancel handler" [_thread_blocked, id=24824, stack(0x0000006c22100000,0x0000006c22200000)]
  0x000002680ed12a10 JavaThread "Daemon worker Thread 3" [_thread_blocked, id=24452, stack(0x0000006c23500000,0x0000006c23600000)]
  0x000002680ed11ba0 JavaThread "Asynchronous log dispatcher for DefaultDaemonConnection: socket connection from /127.0.0.1:56191 to /127.0.0.1:56924" [_thread_blocked, id=2852, stack(0x0000006c23e00000,0x0000006c23f00000)]
  0x000002680ed12ee0 JavaThread "Stdin handler" [_thread_blocked, id=13744, stack(0x0000006c23f00000,0x0000006c24000000)]
  0x000002680ed0e6b0 JavaThread "Daemon client event forwarder" [_thread_blocked, id=22684, stack(0x0000006c24000000,0x0000006c24100000)]
  0x000002680ed0e1e0 JavaThread "Cache worker for checksums cache (D:\MyApplication\.gradle\8.0\checksums)" [_thread_blocked, id=22052, stack(0x0000006c24100000,0x0000006c24200000)]
  0x000002680ed13880 JavaThread "Cache worker for cache directory md-rule (C:\Users\86199\.gradle\caches\8.0\md-rule)" [_thread_blocked, id=20496, stack(0x0000006c24200000,0x0000006c24300000)]
  0x000002680ed146f0 JavaThread "Cache worker for file hash cache (D:\MyApplication\.gradle\8.0\fileHashes)" [_thread_blocked, id=8860, stack(0x0000006c24300000,0x0000006c24400000)]
  0x000002680ed14220 JavaThread "Cache worker for cache directory md-supplier (C:\Users\86199\.gradle\caches\8.0\md-supplier)" [_thread_blocked, id=21612, stack(0x0000006c24400000,0x0000006c24500000)]
  0x000002680ed14bc0 JavaThread "Cache worker for dependencies-accessors (D:\MyApplication\.gradle\8.0\dependencies-accessors)" [_thread_blocked, id=23916, stack(0x0000006c24e00000,0x0000006c24f00000)]
  0x000002680f0c8c50 JavaThread "C2 CompilerThread1" daemon [_thread_in_native, id=8996, stack(0x0000006c24f00000,0x0000006c25000000)]
  0x000002680ed15090 JavaThread "Cache worker for Build Output Cleanup Cache (D:\MyApplication\.gradle\buildOutputCleanup)" [_thread_blocked, id=19812, stack(0x0000006c25100000,0x0000006c25200000)]
  0x000002680f0c7810 JavaThread "C2 CompilerThread2" daemon [_thread_blocked, id=13412, stack(0x0000006c25200000,0x0000006c25300000)]
  0x000002680ed0f520 JavaThread "Unconstrained build operations" [_thread_blocked, id=23328, stack(0x0000006c25800000,0x0000006c25900000)]
  0x000002680ed15560 JavaThread "Unconstrained build operations Thread 2" [_thread_blocked, id=18156, stack(0x0000006c25a00000,0x0000006c25b00000)]
  0x000002680ed15a30 JavaThread "Unconstrained build operations Thread 3" [_thread_blocked, id=22240, stack(0x0000006c25b00000,0x0000006c25c00000)]
  0x000002680ed0eb80 JavaThread "Unconstrained build operations Thread 4" [_thread_blocked, id=24216, stack(0x0000006c25d00000,0x0000006c25e00000)]
  0x000002680ed0f9f0 JavaThread "Unconstrained build operations Thread 5" [_thread_blocked, id=23192, stack(0x0000006c25e00000,0x0000006c25f00000)]
  0x000002680ed10390 JavaThread "Unconstrained build operations Thread 6" [_thread_blocked, id=23016, stack(0x0000006c25f00000,0x0000006c26000000)]
  0x000002680bfa0bf0 JavaThread "Unconstrained build operations Thread 7" [_thread_blocked, id=10140, stack(0x0000006c26000000,0x0000006c26100000)]
  0x000002680bfa1590 JavaThread "Unconstrained build operations Thread 8" [_thread_blocked, id=20900, stack(0x0000006c26100000,0x0000006c26200000)]
  0x000002680bf9ef10 JavaThread "Unconstrained build operations Thread 9" [_thread_blocked, id=2144, stack(0x0000006c26200000,0x0000006c26300000)]
  0x000002680bfa1a60 JavaThread "Unconstrained build operations Thread 10" [_thread_blocked, id=25404, stack(0x0000006c26300000,0x0000006c26400000)]
  0x000002680bfa4f50 JavaThread "Unconstrained build operations Thread 11" [_thread_blocked, id=20996, stack(0x0000006c26400000,0x0000006c26500000)]
  0x000002680bf9e570 JavaThread "Unconstrained build operations Thread 12" [_thread_blocked, id=5376, stack(0x0000006c26500000,0x0000006c26600000)]
  0x000002680bfa1f30 JavaThread "Unconstrained build operations Thread 13" [_thread_blocked, id=24244, stack(0x0000006c26600000,0x0000006c26700000)]
  0x000002680bfa2400 JavaThread "Unconstrained build operations Thread 14" [_thread_blocked, id=23616, stack(0x0000006c26700000,0x0000006c26800000)]
  0x000002680bfa28d0 JavaThread "Unconstrained build operations Thread 15" [_thread_blocked, id=22468, stack(0x0000006c26800000,0x0000006c26900000)]
  0x000002680bfa3270 JavaThread "Unconstrained build operations Thread 16" [_thread_blocked, id=21044, stack(0x0000006c26900000,0x0000006c26a00000)]
  0x000002680bf9ea40 JavaThread "Unconstrained build operations Thread 17" [_thread_blocked, id=23564, stack(0x0000006c26a00000,0x0000006c26b00000)]
  0x000002680bf9fd80 JavaThread "Unconstrained build operations Thread 18" [_thread_blocked, id=21660, stack(0x0000006c26b00000,0x0000006c26c00000)]
  0x000002680bfa3740 JavaThread "Unconstrained build operations Thread 19" [_thread_blocked, id=21236, stack(0x0000006c26c00000,0x0000006c26d00000)]
  0x000002680bfa40e0 JavaThread "Unconstrained build operations Thread 20" [_thread_blocked, id=20228, stack(0x0000006c26d00000,0x0000006c26e00000)]
  0x000002680bfa3c10 JavaThread "Unconstrained build operations Thread 21" [_thread_blocked, id=22412, stack(0x0000006c26e00000,0x0000006c26f00000)]
  0x000002680bfa45b0 JavaThread "Unconstrained build operations Thread 22" [_thread_blocked, id=13220, stack(0x0000006c26f00000,0x0000006c27000000)]
  0x000002680bfa4a80 JavaThread "Unconstrained build operations Thread 23" [_thread_blocked, id=23888, stack(0x0000006c27000000,0x0000006c27100000)]
  0x000002680bfa5420 JavaThread "Unconstrained build operations Thread 24" [_thread_blocked, id=23308, stack(0x0000006c27100000,0x0000006c27200000)]
  0x000002680b6da2e0 JavaThread "Unconstrained build operations Thread 25" [_thread_blocked, id=24312, stack(0x0000006c27200000,0x0000006c27300000)]
  0x000002680b6dbfc0 JavaThread "Unconstrained build operations Thread 26" [_thread_blocked, id=7644, stack(0x0000006c27300000,0x0000006c27400000)]
  0x000002680b6dc490 JavaThread "Unconstrained build operations Thread 27" [_thread_blocked, id=23080, stack(0x0000006c27400000,0x0000006c27500000)]
  0x000002680b6dc960 JavaThread "Unconstrained build operations Thread 28" [_thread_blocked, id=25224, stack(0x0000006c27500000,0x0000006c27600000)]
  0x000002680b6dce30 JavaThread "Unconstrained build operations Thread 29" [_thread_blocked, id=23384, stack(0x0000006c27600000,0x0000006c27700000)]
  0x000002680b6dd300 JavaThread "Unconstrained build operations Thread 30" [_thread_blocked, id=21096, stack(0x0000006c27700000,0x0000006c27800000)]
  0x000002680b6defe0 JavaThread "Unconstrained build operations Thread 31" [_thread_blocked, id=4852, stack(0x0000006c27800000,0x0000006c27900000)]
  0x000002680b6de170 JavaThread "Unconstrained build operations Thread 32" [_thread_blocked, id=22680, stack(0x0000006c27900000,0x0000006c27a00000)]
  0x000002680b6e0320 JavaThread "Unconstrained build operations Thread 33" [_thread_blocked, id=13784, stack(0x0000006c27a00000,0x0000006c27b00000)]
  0x000002680b6df4b0 JavaThread "Unconstrained build operations Thread 34" [_thread_blocked, id=25180, stack(0x0000006c27b00000,0x0000006c27c00000)]
  0x000002680b6d9e10 JavaThread "Unconstrained build operations Thread 35" [_thread_blocked, id=7800, stack(0x0000006c27c00000,0x0000006c27d00000)]
  0x000002680b6df980 JavaThread "Unconstrained build operations Thread 36" [_thread_blocked, id=23092, stack(0x0000006c27d00000,0x0000006c27e00000)]
  0x000002680b6d9940 JavaThread "Unconstrained build operations Thread 37" [_thread_blocked, id=20884, stack(0x0000006c27e00000,0x0000006c27f00000)]
  0x000002680b6d8ad0 JavaThread "Unconstrained build operations Thread 38" [_thread_blocked, id=22616, stack(0x0000006c27f00000,0x0000006c28000000)]
  0x000002680b6deb10 JavaThread "Unconstrained build operations Thread 39" [_thread_blocked, id=2544, stack(0x0000006c28000000,0x0000006c28100000)]
  0x000002680b6dfe50 JavaThread "Unconstrained build operations Thread 40" [_thread_blocked, id=11308, stack(0x0000006c28100000,0x0000006c28200000)]
  0x000002680ab66a00 JavaThread "Unconstrained build operations Thread 41" [_thread_blocked, id=22804, stack(0x0000006c28200000,0x0000006c28300000)]
  0x000002680ab68bb0 JavaThread "Unconstrained build operations Thread 42" [_thread_blocked, id=20948, stack(0x0000006c28300000,0x0000006c28400000)]
  0x000002680ab69080 JavaThread "Unconstrained build operations Thread 43" [_thread_blocked, id=20664, stack(0x0000006c28400000,0x0000006c28500000)]
  0x000002680ab68210 JavaThread "Unconstrained build operations Thread 44" [_thread_blocked, id=19296, stack(0x0000006c28500000,0x0000006c28600000)]
  0x000002680ab69550 JavaThread "Unconstrained build operations Thread 45" [_thread_blocked, id=8084, stack(0x0000006c28600000,0x0000006c28700000)]
  0x000002680ab67870 JavaThread "Unconstrained build operations Thread 46" [_thread_blocked, id=15612, stack(0x0000006c28700000,0x0000006c28800000)]
  0x000002680ab69a20 JavaThread "Unconstrained build operations Thread 47" [_thread_blocked, id=16912, stack(0x0000006c28800000,0x0000006c28900000)]
  0x0000026814bbfb40 JavaThread "Unconstrained build operations Thread 48" [_thread_blocked, id=20840, stack(0x0000006c28900000,0x0000006c28a00000)]
  0x0000026814bc2b60 JavaThread "Unconstrained build operations Thread 49" [_thread_blocked, id=18832, stack(0x0000006c28a00000,0x0000006c28b00000)]
  0x0000026814bc3030 JavaThread "Unconstrained build operations Thread 50" [_thread_blocked, id=2752, stack(0x0000006c28b00000,0x0000006c28c00000)]
  0x0000026814bc3500 JavaThread "Unconstrained build operations Thread 51" [_thread_blocked, id=2252, stack(0x0000006c28c00000,0x0000006c28d00000)]
  0x0000026814bc0010 JavaThread "Unconstrained build operations Thread 52" [_thread_blocked, id=24148, stack(0x0000006c28d00000,0x0000006c28e00000)]
  0x0000026814bc39d0 JavaThread "Unconstrained build operations Thread 53" [_thread_blocked, id=13236, stack(0x0000006c28e00000,0x0000006c28f00000)]
  0x0000026814bbc180 JavaThread "Unconstrained build operations Thread 54" [_thread_blocked, id=9848, stack(0x0000006c28f00000,0x0000006c29000000)]
  0x0000026814bc1cf0 JavaThread "Unconstrained build operations Thread 55" [_thread_blocked, id=15116, stack(0x0000006c29000000,0x0000006c29100000)]
  0x0000026814bc1820 JavaThread "Unconstrained build operations Thread 56" [_thread_blocked, id=24472, stack(0x0000006c29100000,0x0000006c29200000)]
  0x0000026814bbde60 JavaThread "Unconstrained build operations Thread 57" [_thread_blocked, id=5808, stack(0x0000006c29200000,0x0000006c29300000)]
  0x0000026814bbc650 JavaThread "Unconstrained build operations Thread 58" [_thread_blocked, id=25228, stack(0x0000006c29300000,0x0000006c29400000)]
  0x0000026814bbcff0 JavaThread "Unconstrained build operations Thread 59" [_thread_blocked, id=24660, stack(0x0000006c29400000,0x0000006c29500000)]
  0x0000026814bbd4c0 JavaThread "Unconstrained build operations Thread 60" [_thread_blocked, id=20584, stack(0x0000006c29500000,0x0000006c29600000)]
  0x0000026814bbe330 JavaThread "Unconstrained build operations Thread 61" [_thread_blocked, id=25136, stack(0x0000006c29600000,0x0000006c29700000)]
  0x0000026814bc2690 JavaThread "Unconstrained build operations Thread 62" [_thread_blocked, id=23648, stack(0x0000006c29700000,0x0000006c29800000)]
  0x0000026814bbcb20 JavaThread "Unconstrained build operations Thread 63" [_thread_blocked, id=16272, stack(0x0000006c29800000,0x0000006c29900000)]
  0x0000026814bbd990 JavaThread "Unconstrained build operations Thread 64" [_thread_blocked, id=21896, stack(0x0000006c29900000,0x0000006c29a00000)]
  0x0000026814bc04e0 JavaThread "Unconstrained build operations Thread 65" [_thread_blocked, id=11324, stack(0x0000006c29a00000,0x0000006c29b00000)]
  0x0000026814bc09b0 JavaThread "Unconstrained build operations Thread 66" [_thread_blocked, id=20500, stack(0x0000006c29b00000,0x0000006c29c00000)]
  0x0000026814bbe800 JavaThread "Unconstrained build operations Thread 67" [_thread_blocked, id=18052, stack(0x0000006c29c00000,0x0000006c29d00000)]
  0x0000026814bbf670 JavaThread "Unconstrained build operations Thread 68" [_thread_blocked, id=7248, stack(0x0000006c29d00000,0x0000006c29e00000)]
  0x0000026814bbecd0 JavaThread "Unconstrained build operations Thread 69" [_thread_blocked, id=18652, stack(0x0000006c29e00000,0x0000006c29f00000)]
  0x0000026814bbf1a0 JavaThread "Unconstrained build operations Thread 70" [_thread_blocked, id=17392, stack(0x0000006c29f00000,0x0000006c2a000000)]
  0x0000026814bc0e80 JavaThread "Unconstrained build operations Thread 71" [_thread_blocked, id=21168, stack(0x0000006c2a000000,0x0000006c2a100000)]
  0x0000026814bc1350 JavaThread "Unconstrained build operations Thread 72" [_thread_blocked, id=23976, stack(0x0000006c2a100000,0x0000006c2a200000)]
  0x0000026814bc21c0 JavaThread "Unconstrained build operations Thread 73" [_thread_blocked, id=23680, stack(0x0000006c2a200000,0x0000006c2a300000)]
  0x000002680a810e90 JavaThread "Unconstrained build operations Thread 74" [_thread_blocked, id=15972, stack(0x0000006c2a300000,0x0000006c2a400000)]
  0x000002680a80f680 JavaThread "Unconstrained build operations Thread 75" [_thread_blocked, id=22612, stack(0x0000006c2a400000,0x0000006c2a500000)]
  0x000002680a811360 JavaThread "Unconstrained build operations Thread 76" [_thread_blocked, id=11348, stack(0x0000006c2a500000,0x0000006c2a600000)]
  0x000002680a80fb50 JavaThread "Unconstrained build operations Thread 77" [_thread_blocked, id=6408, stack(0x0000006c2a600000,0x0000006c2a700000)]
  0x000002680a80d000 JavaThread "Unconstrained build operations Thread 78" [_thread_blocked, id=12000, stack(0x0000006c2a700000,0x0000006c2a800000)]
  0x000002680a80d4d0 JavaThread "Unconstrained build operations Thread 79" [_thread_blocked, id=23324, stack(0x0000006c2a800000,0x0000006c2a900000)]
  0x000002680a80d9a0 JavaThread "Unconstrained build operations Thread 80" [_thread_blocked, id=20764, stack(0x0000006c2a900000,0x0000006c2aa00000)]
  0x000002680a80e340 JavaThread "build event listener" [_thread_blocked, id=22060, stack(0x0000006c2aa00000,0x0000006c2ab00000)]
  0x000002680a810020 JavaThread "build event listener" [_thread_blocked, id=25128, stack(0x0000006c2ab00000,0x0000006c2ac00000)]
  0x000002680a811d00 JavaThread "build event listener" [_thread_blocked, id=13324, stack(0x0000006c2ac00000,0x0000006c2ad00000)]

Other Threads:
=>0x000002680725d2f0 VMThread "VM Thread" [stack: 0x0000006c22800000,0x0000006c22900000] [id=20960]
  0x0000026807e4aa00 WatcherThread [stack: 0x0000006c23400000,0x0000006c23500000] [id=22268]
  0x000002686d39a8b0 GCTaskThread "GC Thread#0" [stack: 0x0000006c22300000,0x0000006c22400000] [id=1964]
  0x0000026808ce8bc0 GCTaskThread "GC Thread#1" [stack: 0x0000006c23600000,0x0000006c23700000] [id=19380]
  0x0000026808c74d40 GCTaskThread "GC Thread#2" [stack: 0x0000006c23700000,0x0000006c23800000] [id=21140]
  0x0000026808a3d760 GCTaskThread "GC Thread#3" [stack: 0x0000006c23800000,0x0000006c23900000] [id=24480]
  0x0000026808994600 GCTaskThread "GC Thread#4" [stack: 0x0000006c23900000,0x0000006c23a00000] [id=4284]
  0x0000026808a3e1b0 GCTaskThread "GC Thread#5" [stack: 0x0000006c23a00000,0x0000006c23b00000] [id=25132]
  0x000002680a0a4df0 GCTaskThread "GC Thread#6" [stack: 0x0000006c24500000,0x0000006c24600000] [id=24336]
  0x000002680a0a50a0 GCTaskThread "GC Thread#7" [stack: 0x0000006c24600000,0x0000006c24700000] [id=8816]
  0x000002686d3ab7f0 ConcurrentGCThread "G1 Main Marker" [stack: 0x0000006c22400000,0x0000006c22500000] [id=13388]
  0x000002686d3ac200 ConcurrentGCThread "G1 Conc#0" [stack: 0x0000006c22500000,0x0000006c22600000] [id=24388]
  0x0000026808bb2b00 ConcurrentGCThread "G1 Conc#1" [stack: 0x0000006c24700000,0x0000006c24800000] [id=18444]
  0x000002680710c9c0 ConcurrentGCThread "G1 Refine#0" [stack: 0x0000006c22600000,0x0000006c22700000] [id=18512]
  0x000002680bad9060 ConcurrentGCThread "G1 Refine#1" [stack: 0x0000006c25600000,0x0000006c25700000] [id=25156]
  0x000002680710d3e0 ConcurrentGCThread "G1 Service" [stack: 0x0000006c22700000,0x0000006c22800000] [id=21688]

Threads with active compile tasks:
C2 CompilerThread0  1415483 11963       4       java.security.SecureClassLoader$CodeSourceKey::hashCode (21 bytes)
C2 CompilerThread1  1415483 11955       4       jdk.internal.jimage.ImageLocation::verify (218 bytes)

VM state: at safepoint (normal execution)

VM Mutex/Monitor currently owned by a thread:  ([mutex/lock_event])
[0x000002686d33b490] Threads_lock - owner thread: 0x000002680725d2f0
[0x000002686d33bac0] Heap_lock - owner thread: 0x000002680ed12a10

Heap address: 0x0000000080000000, size: 2048 MB, Compressed Oops mode: 32-bit

CDS archive(s) not mapped
Compressed class space mapped at: 0x0000000100000000-0x0000000140000000, reserved size: 1073741824
Narrow klass base: 0x0000000000000000, Narrow klass shift: 3, Narrow klass range: 0x140000000

GC Precious Log:
 CPUs: 8 total, 8 available
 Memory: 16167M
 Large Page Support: Disabled
 NUMA Support: Disabled
 Compressed Oops: Enabled (32-bit)
 Heap Region Size: 1M
 Heap Min Capacity: 8M
 Heap Initial Capacity: 254M
 Heap Max Capacity: 2G
 Pre-touch: Disabled
 Parallel Workers: 8
 Concurrent Workers: 2
 Concurrent Refinement Workers: 8
 Periodic GC: Disabled

Heap:
 garbage-first heap   total 150528K, used 88703K [0x0000000080000000, 0x0000000100000000)
  region size 1024K, 4 young (4096K), 4 survivors (4096K)
 Metaspace       used 98413K, committed 99072K, reserved 1138688K
  class space    used 13392K, committed 13696K, reserved 1048576K

Heap Regions: E=young(eden), S=young(survivor), O=old, HS=humongous(starts), HC=humongous(continues), CS=collection set, F=free, OA=open archive, CA=closed archive, TAMS=top-at-mark-start (previous, next)
|   0|0x0000000080000000, 0x0000000080100000, 0x0000000080100000|100%|HS|  |TAMS 0x0000000080100000, 0x0000000080100000| Complete 
|   1|0x0000000080100000, 0x0000000080200000, 0x0000000080200000|100%|HC|  |TAMS 0x0000000080200000, 0x0000000080200000| Complete 
|   2|0x0000000080200000, 0x0000000080300000, 0x0000000080300000|100%|HC|  |TAMS 0x0000000080300000, 0x0000000080300000| Complete 
|   3|0x0000000080300000, 0x0000000080400000, 0x0000000080400000|100%|HC|  |TAMS 0x0000000080400000, 0x0000000080400000| Complete 
|   4|0x0000000080400000, 0x0000000080500000, 0x0000000080500000|100%| O|  |TAMS 0x0000000080500000, 0x0000000080500000| Untracked 
|   5|0x0000000080500000, 0x0000000080600000, 0x0000000080600000|100%| O|  |TAMS 0x0000000080600000, 0x0000000080600000| Untracked 
|   6|0x0000000080600000, 0x0000000080700000, 0x0000000080700000|100%| O|  |TAMS 0x0000000080700000, 0x0000000080700000| Untracked 
|   7|0x0000000080700000, 0x0000000080800000, 0x0000000080800000|100%| O|  |TAMS 0x0000000080800000, 0x0000000080800000| Untracked 
|   8|0x0000000080800000, 0x0000000080900000, 0x0000000080900000|100%| O|  |TAMS 0x0000000080900000, 0x0000000080900000| Untracked 
|   9|0x0000000080900000, 0x0000000080a00000, 0x0000000080a00000|100%| O|  |TAMS 0x0000000080a00000, 0x0000000080a00000| Untracked 
|  10|0x0000000080a00000, 0x0000000080b00000, 0x0000000080b00000|100%| O|  |TAMS 0x0000000080b00000, 0x0000000080b00000| Untracked 
|  11|0x0000000080b00000, 0x0000000080c00000, 0x0000000080c00000|100%| O|  |TAMS 0x0000000080c00000, 0x0000000080c00000| Untracked 
|  12|0x0000000080c00000, 0x0000000080d00000, 0x0000000080d00000|100%| O|  |TAMS 0x0000000080d00000, 0x0000000080d00000| Untracked 
|  13|0x0000000080d00000, 0x0000000080e00000, 0x0000000080e00000|100%| O|  |TAMS 0x0000000080e00000, 0x0000000080e00000| Untracked 
|  14|0x0000000080e00000, 0x0000000080effff8, 0x0000000080f00000| 99%| O|  |TAMS 0x0000000080effff8, 0x0000000080effff8| Untracked 
|  15|0x0000000080f00000, 0x0000000081000000, 0x0000000081000000|100%| O|  |TAMS 0x0000000081000000, 0x0000000081000000| Untracked 
|  16|0x0000000081000000, 0x0000000081100000, 0x0000000081100000|100%| O|  |TAMS 0x0000000081100000, 0x0000000081100000| Untracked 
|  17|0x0000000081100000, 0x0000000081200000, 0x0000000081200000|100%| O|  |TAMS 0x0000000081200000, 0x0000000081200000| Untracked 
|  18|0x0000000081200000, 0x0000000081300000, 0x0000000081300000|100%| O|  |TAMS 0x0000000081300000, 0x0000000081300000| Untracked 
|  19|0x0000000081300000, 0x0000000081400000, 0x0000000081400000|100%| O|  |TAMS 0x0000000081400000, 0x0000000081400000| Untracked 
|  20|0x0000000081400000, 0x0000000081500000, 0x0000000081500000|100%| O|  |TAMS 0x0000000081500000, 0x0000000081500000| Untracked 
|  21|0x0000000081500000, 0x0000000081600000, 0x0000000081600000|100%| O|  |TAMS 0x0000000081600000, 0x0000000081600000| Untracked 
|  22|0x0000000081600000, 0x0000000081700000, 0x0000000081700000|100%| O|  |TAMS 0x0000000081700000, 0x0000000081700000| Untracked 
|  23|0x0000000081700000, 0x0000000081800000, 0x0000000081800000|100%| O|  |TAMS 0x0000000081800000, 0x0000000081800000| Untracked 
|  24|0x0000000081800000, 0x0000000081900000, 0x0000000081900000|100%| O|  |TAMS 0x0000000081900000, 0x0000000081900000| Untracked 
|  25|0x0000000081900000, 0x0000000081a00000, 0x0000000081a00000|100%| O|  |TAMS 0x0000000081a00000, 0x0000000081a00000| Untracked 
|  26|0x0000000081a00000, 0x0000000081b00000, 0x0000000081b00000|100%| O|  |TAMS 0x0000000081b00000, 0x0000000081b00000| Untracked 
|  27|0x0000000081b00000, 0x0000000081c00000, 0x0000000081c00000|100%| O|  |TAMS 0x0000000081c00000, 0x0000000081c00000| Untracked 
|  28|0x0000000081c00000, 0x0000000081d00000, 0x0000000081d00000|100%| O|  |TAMS 0x0000000081d00000, 0x0000000081d00000| Untracked 
|  29|0x0000000081d00000, 0x0000000081e00000, 0x0000000081e00000|100%| O|  |TAMS 0x0000000081e00000, 0x0000000081e00000| Untracked 
|  30|0x0000000081e00000, 0x0000000081f00000, 0x0000000081f00000|100%| O|  |TAMS 0x0000000081f00000, 0x0000000081f00000| Untracked 
|  31|0x0000000081f00000, 0x0000000082000000, 0x0000000082000000|100%| O|  |TAMS 0x0000000082000000, 0x0000000082000000| Untracked 
|  32|0x0000000082000000, 0x0000000082100000, 0x0000000082100000|100%| O|  |TAMS 0x0000000082100000, 0x0000000082100000| Untracked 
|  33|0x0000000082100000, 0x0000000082200000, 0x0000000082200000|100%| O|  |TAMS 0x0000000082200000, 0x0000000082200000| Untracked 
|  34|0x0000000082200000, 0x0000000082300000, 0x0000000082300000|100%| O|  |TAMS 0x0000000082300000, 0x0000000082300000| Untracked 
|  35|0x0000000082300000, 0x0000000082400000, 0x0000000082400000|100%| O|  |TAMS 0x0000000082400000, 0x0000000082400000| Untracked 
|  36|0x0000000082400000, 0x0000000082400000, 0x0000000082500000|  0%| F|  |TAMS 0x0000000082400000, 0x0000000082400000| Untracked 
|  37|0x0000000082500000, 0x0000000082600000, 0x0000000082600000|100%| O|  |TAMS 0x0000000082500000, 0x0000000082600000| Untracked 
|  38|0x0000000082600000, 0x0000000082700000, 0x0000000082700000|100%|HS|  |TAMS 0x0000000082700000, 0x0000000082700000| Complete 
|  39|0x0000000082700000, 0x0000000082800000, 0x0000000082800000|100%|HS|  |TAMS 0x0000000082800000, 0x0000000082800000| Complete 
|  40|0x0000000082800000, 0x0000000082900000, 0x0000000082900000|100%| O|  |TAMS 0x0000000082900000, 0x0000000082900000| Untracked 
|  41|0x0000000082900000, 0x0000000082a00000, 0x0000000082a00000|100%|HS|  |TAMS 0x0000000082a00000, 0x0000000082a00000| Complete 
|  42|0x0000000082a00000, 0x0000000082b00000, 0x0000000082b00000|100%|HC|  |TAMS 0x0000000082b00000, 0x0000000082b00000| Complete 
|  43|0x0000000082b00000, 0x0000000082c00000, 0x0000000082c00000|100%|HS|  |TAMS 0x0000000082c00000, 0x0000000082c00000| Complete 
|  44|0x0000000082c00000, 0x0000000082d00000, 0x0000000082d00000|100%| O|  |TAMS 0x0000000082d00000, 0x0000000082d00000| Untracked 
|  45|0x0000000082d00000, 0x0000000082e00000, 0x0000000082e00000|100%| O|  |TAMS 0x0000000082e00000, 0x0000000082e00000| Untracked 
|  46|0x0000000082e00000, 0x0000000082f00000, 0x0000000082f00000|100%|HS|  |TAMS 0x0000000082f00000, 0x0000000082f00000| Complete 
|  47|0x0000000082f00000, 0x0000000083000000, 0x0000000083000000|100%|HC|  |TAMS 0x0000000083000000, 0x0000000083000000| Complete 
|  48|0x0000000083000000, 0x0000000083100000, 0x0000000083100000|100%|HC|  |TAMS 0x0000000083100000, 0x0000000083100000| Complete 
|  49|0x0000000083100000, 0x0000000083200000, 0x0000000083200000|100%|HC|  |TAMS 0x0000000083200000, 0x0000000083200000| Complete 
|  50|0x0000000083200000, 0x0000000083300000, 0x0000000083300000|100%| O|  |TAMS 0x0000000083300000, 0x0000000083300000| Untracked 
|  51|0x0000000083300000, 0x0000000083400000, 0x0000000083400000|100%| O|  |TAMS 0x0000000083400000, 0x0000000083400000| Untracked 
|  52|0x0000000083400000, 0x0000000083500000, 0x0000000083500000|100%| O|  |TAMS 0x0000000083500000, 0x0000000083500000| Untracked 
|  53|0x0000000083500000, 0x0000000083600000, 0x0000000083600000|100%| O|  |TAMS 0x0000000083600000, 0x0000000083600000| Untracked 
|  54|0x0000000083600000, 0x0000000083700000, 0x0000000083700000|100%| O|  |TAMS 0x0000000083700000, 0x0000000083700000| Untracked 
|  55|0x0000000083700000, 0x0000000083800000, 0x0000000083800000|100%| O|  |TAMS 0x0000000083800000, 0x0000000083800000| Untracked 
|  56|0x0000000083800000, 0x0000000083900000, 0x0000000083900000|100%| O|  |TAMS 0x0000000083900000, 0x0000000083900000| Untracked 
|  57|0x0000000083900000, 0x0000000083a00000, 0x0000000083a00000|100%| O|  |TAMS 0x0000000083a00000, 0x0000000083a00000| Untracked 
|  58|0x0000000083a00000, 0x0000000083b00000, 0x0000000083b00000|100%| O|  |TAMS 0x0000000083b00000, 0x0000000083b00000| Untracked 
|  59|0x0000000083b00000, 0x0000000083c00000, 0x0000000083c00000|100%| O|  |TAMS 0x0000000083c00000, 0x0000000083c00000| Untracked 
|  60|0x0000000083c00000, 0x0000000083d00000, 0x0000000083d00000|100%| O|  |TAMS 0x0000000083d00000, 0x0000000083d00000| Untracked 
|  61|0x0000000083d00000, 0x0000000083e00000, 0x0000000083e00000|100%| O|  |TAMS 0x0000000083e00000, 0x0000000083e00000| Untracked 
|  62|0x0000000083e00000, 0x0000000083f00000, 0x0000000083f00000|100%| O|  |TAMS 0x0000000083f00000, 0x0000000083f00000| Untracked 
|  63|0x0000000083f00000, 0x0000000084000000, 0x0000000084000000|100%| O|  |TAMS 0x0000000084000000, 0x0000000084000000| Untracked 
|  64|0x0000000084000000, 0x0000000084100000, 0x0000000084100000|100%| O|  |TAMS 0x0000000084100000, 0x0000000084100000| Untracked 
|  65|0x0000000084100000, 0x0000000084200000, 0x0000000084200000|100%| O|  |TAMS 0x0000000084200000, 0x0000000084200000| Untracked 
|  66|0x0000000084200000, 0x0000000084300000, 0x0000000084300000|100%| O|  |TAMS 0x0000000084300000, 0x0000000084300000| Untracked 
|  67|0x0000000084300000, 0x0000000084400000, 0x0000000084400000|100%| O|  |TAMS 0x0000000084400000, 0x0000000084400000| Untracked 
|  68|0x0000000084400000, 0x0000000084500000, 0x0000000084500000|100%| O|  |TAMS 0x0000000084500000, 0x0000000084500000| Untracked 
|  69|0x0000000084500000, 0x0000000084600000, 0x0000000084600000|100%| O|  |TAMS 0x0000000084600000, 0x0000000084600000| Untracked 
|  70|0x0000000084600000, 0x0000000084700000, 0x0000000084700000|100%| O|  |TAMS 0x0000000084700000, 0x0000000084700000| Untracked 
|  71|0x0000000084700000, 0x0000000084800000, 0x0000000084800000|100%| O|  |TAMS 0x0000000084800000, 0x0000000084800000| Untracked 
|  72|0x0000000084800000, 0x0000000084900000, 0x0000000084900000|100%| O|  |TAMS 0x0000000084900000, 0x0000000084900000| Untracked 
|  73|0x0000000084900000, 0x0000000084900000, 0x0000000084a00000|  0%| F|  |TAMS 0x0000000084900000, 0x0000000084900000| Untracked 
|  74|0x0000000084a00000, 0x0000000084b00000, 0x0000000084b00000|100%| O|  |TAMS 0x0000000084b00000, 0x0000000084b00000| Untracked 
|  75|0x0000000084b00000, 0x0000000084c00000, 0x0000000084c00000|100%| O|  |TAMS 0x0000000084c00000, 0x0000000084c00000| Untracked 
|  76|0x0000000084c00000, 0x0000000084d00000, 0x0000000084d00000|100%| O|  |TAMS 0x0000000084caae00, 0x0000000084d00000| Untracked 
|  77|0x0000000084d00000, 0x0000000084e00000, 0x0000000084e00000|100%| O|  |TAMS 0x0000000084d00000, 0x0000000084e00000| Untracked 
|  78|0x0000000084e00000, 0x0000000084f00000, 0x0000000084f00000|100%| O|  |TAMS 0x0000000084e00000, 0x0000000084f00000| Untracked 
|  79|0x0000000084f00000, 0x0000000085000000, 0x0000000085000000|100%| O|  |TAMS 0x0000000084f00000, 0x0000000085000000| Untracked 
|  80|0x0000000085000000, 0x0000000085100000, 0x0000000085100000|100%| O|  |TAMS 0x0000000085000000, 0x0000000085100000| Untracked 
|  81|0x0000000085100000, 0x0000000085200000, 0x0000000085200000|100%| O|  |TAMS 0x0000000085100000, 0x0000000085200000| Untracked 
|  82|0x0000000085200000, 0x0000000085300000, 0x0000000085300000|100%| O|  |TAMS 0x0000000085200000, 0x0000000085300000| Untracked 
|  83|0x0000000085300000, 0x0000000085400000, 0x0000000085400000|100%| O|  |TAMS 0x0000000085300000, 0x0000000085400000| Untracked 
|  84|0x0000000085400000, 0x00000000854e7200, 0x0000000085500000| 90%| O|  |TAMS 0x0000000085400000, 0x00000000854e7200| Untracked 
|  85|0x0000000085500000, 0x0000000085500000, 0x0000000085600000|  0%| F|  |TAMS 0x0000000085500000, 0x0000000085500000| Untracked 
|  86|0x0000000085600000, 0x0000000085600000, 0x0000000085700000|  0%| F|  |TAMS 0x0000000085600000, 0x0000000085600000| Untracked 
|  87|0x0000000085700000, 0x0000000085700000, 0x0000000085800000|  0%| F|  |TAMS 0x0000000085700000, 0x0000000085700000| Untracked 
|  88|0x0000000085800000, 0x0000000085800000, 0x0000000085900000|  0%| F|  |TAMS 0x0000000085800000, 0x0000000085800000| Untracked 
|  89|0x0000000085900000, 0x0000000085900000, 0x0000000085a00000|  0%| F|  |TAMS 0x0000000085900000, 0x0000000085900000| Untracked 
|  90|0x0000000085a00000, 0x0000000085a00000, 0x0000000085b00000|  0%| F|  |TAMS 0x0000000085a00000, 0x0000000085a00000| Untracked 
|  91|0x0000000085b00000, 0x0000000085b00000, 0x0000000085c00000|  0%| F|  |TAMS 0x0000000085b00000, 0x0000000085b00000| Untracked 
|  92|0x0000000085c00000, 0x0000000085c00000, 0x0000000085d00000|  0%| F|  |TAMS 0x0000000085c00000, 0x0000000085c00000| Untracked 
|  93|0x0000000085d00000, 0x0000000085d00000, 0x0000000085e00000|  0%| F|  |TAMS 0x0000000085d00000, 0x0000000085d00000| Untracked 
|  94|0x0000000085e00000, 0x0000000085e00000, 0x0000000085f00000|  0%| F|  |TAMS 0x0000000085e00000, 0x0000000085e00000| Untracked 
|  95|0x0000000085f00000, 0x0000000085f00000, 0x0000000086000000|  0%| F|  |TAMS 0x0000000085f00000, 0x0000000085f00000| Untracked 
|  96|0x0000000086000000, 0x0000000086000000, 0x0000000086100000|  0%| F|  |TAMS 0x0000000086000000, 0x0000000086000000| Untracked 
|  97|0x0000000086100000, 0x0000000086100000, 0x0000000086200000|  0%| F|  |TAMS 0x0000000086100000, 0x0000000086100000| Untracked 
|  98|0x0000000086200000, 0x0000000086200000, 0x0000000086300000|  0%| F|  |TAMS 0x0000000086200000, 0x0000000086200000| Untracked 
|  99|0x0000000086300000, 0x0000000086300000, 0x0000000086400000|  0%| F|  |TAMS 0x0000000086300000, 0x0000000086300000| Untracked 
| 100|0x0000000086400000, 0x0000000086400000, 0x0000000086500000|  0%| F|  |TAMS 0x0000000086400000, 0x0000000086400000| Untracked 
| 101|0x0000000086500000, 0x0000000086500000, 0x0000000086600000|  0%| F|  |TAMS 0x0000000086500000, 0x0000000086500000| Untracked 
| 102|0x0000000086600000, 0x0000000086600000, 0x0000000086700000|  0%| F|  |TAMS 0x0000000086600000, 0x0000000086600000| Untracked 
| 103|0x0000000086700000, 0x0000000086700000, 0x0000000086800000|  0%| F|  |TAMS 0x0000000086700000, 0x0000000086700000| Untracked 
| 104|0x0000000086800000, 0x0000000086800000, 0x0000000086900000|  0%| F|  |TAMS 0x0000000086800000, 0x0000000086800000| Untracked 
| 105|0x0000000086900000, 0x00000000869b8c40, 0x0000000086a00000| 72%| S|CS|TAMS 0x0000000086900000, 0x0000000086900000| Complete 
| 106|0x0000000086a00000, 0x0000000086b00000, 0x0000000086b00000|100%| S|CS|TAMS 0x0000000086a00000, 0x0000000086a00000| Complete 
| 107|0x0000000086b00000, 0x0000000086c00000, 0x0000000086c00000|100%| S|CS|TAMS 0x0000000086b00000, 0x0000000086b00000| Complete 
| 108|0x0000000086c00000, 0x0000000086d00000, 0x0000000086d00000|100%| S|CS|TAMS 0x0000000086c00000, 0x0000000086c00000| Complete 
| 109|0x0000000086d00000, 0x0000000086d00000, 0x0000000086e00000|  0%| F|  |TAMS 0x0000000086d00000, 0x0000000086d00000| Untracked 
| 110|0x0000000086e00000, 0x0000000086e00000, 0x0000000086f00000|  0%| F|  |TAMS 0x0000000086e00000, 0x0000000086e00000| Untracked 
| 111|0x0000000086f00000, 0x0000000086f00000, 0x0000000087000000|  0%| F|  |TAMS 0x0000000086f00000, 0x0000000086f00000| Untracked 
| 112|0x0000000087000000, 0x0000000087000000, 0x0000000087100000|  0%| F|  |TAMS 0x0000000087000000, 0x0000000087000000| Untracked 
| 113|0x0000000087100000, 0x0000000087100000, 0x0000000087200000|  0%| F|  |TAMS 0x0000000087100000, 0x0000000087100000| Untracked 
| 114|0x0000000087200000, 0x0000000087200000, 0x0000000087300000|  0%| F|  |TAMS 0x0000000087200000, 0x0000000087200000| Untracked 
| 115|0x0000000087300000, 0x0000000087300000, 0x0000000087400000|  0%| F|  |TAMS 0x0000000087300000, 0x0000000087300000| Untracked 
| 116|0x0000000087400000, 0x0000000087400000, 0x0000000087500000|  0%| F|  |TAMS 0x0000000087400000, 0x0000000087400000| Untracked 
| 117|0x0000000087500000, 0x0000000087500000, 0x0000000087600000|  0%| F|  |TAMS 0x0000000087500000, 0x0000000087500000| Untracked 
| 118|0x0000000087600000, 0x0000000087600000, 0x0000000087700000|  0%| F|  |TAMS 0x0000000087600000, 0x0000000087600000| Untracked 
| 119|0x0000000087700000, 0x0000000087700000, 0x0000000087800000|  0%| F|  |TAMS 0x0000000087700000, 0x0000000087700000| Untracked 
| 120|0x0000000087800000, 0x0000000087800000, 0x0000000087900000|  0%| F|  |TAMS 0x0000000087800000, 0x0000000087800000| Untracked 
| 121|0x0000000087900000, 0x0000000087900000, 0x0000000087a00000|  0%| F|  |TAMS 0x0000000087900000, 0x0000000087900000| Untracked 
| 122|0x0000000087a00000, 0x0000000087a00000, 0x0000000087b00000|  0%| F|  |TAMS 0x0000000087a00000, 0x0000000087a00000| Untracked 
| 123|0x0000000087b00000, 0x0000000087b00000, 0x0000000087c00000|  0%| F|  |TAMS 0x0000000087b00000, 0x0000000087b00000| Untracked 
| 124|0x0000000087c00000, 0x0000000087c00000, 0x0000000087d00000|  0%| F|  |TAMS 0x0000000087c00000, 0x0000000087c00000| Untracked 
| 125|0x0000000087d00000, 0x0000000087d00000, 0x0000000087e00000|  0%| F|  |TAMS 0x0000000087d00000, 0x0000000087d00000| Untracked 
| 126|0x0000000087e00000, 0x0000000087e00000, 0x0000000087f00000|  0%| F|  |TAMS 0x0000000087e00000, 0x0000000087e00000| Untracked 
| 127|0x0000000087f00000, 0x0000000087f00000, 0x0000000088000000|  0%| F|  |TAMS 0x0000000087f00000, 0x0000000087f00000| Untracked 
| 128|0x0000000088000000, 0x0000000088000000, 0x0000000088100000|  0%| F|  |TAMS 0x0000000088000000, 0x0000000088000000| Untracked 
| 129|0x0000000088100000, 0x0000000088100000, 0x0000000088200000|  0%| F|  |TAMS 0x0000000088100000, 0x0000000088100000| Untracked 
| 130|0x0000000088200000, 0x0000000088200000, 0x0000000088300000|  0%| F|  |TAMS 0x0000000088200000, 0x0000000088200000| Untracked 
| 131|0x0000000088300000, 0x0000000088300000, 0x0000000088400000|  0%| F|  |TAMS 0x0000000088300000, 0x0000000088300000| Untracked 
| 132|0x0000000088400000, 0x0000000088400000, 0x0000000088500000|  0%| F|  |TAMS 0x0000000088400000, 0x0000000088400000| Untracked 
| 133|0x0000000088500000, 0x0000000088500000, 0x0000000088600000|  0%| F|  |TAMS 0x0000000088500000, 0x0000000088500000| Untracked 
| 134|0x0000000088600000, 0x0000000088600000, 0x0000000088700000|  0%| F|  |TAMS 0x0000000088600000, 0x0000000088600000| Untracked 
| 135|0x0000000088700000, 0x0000000088700000, 0x0000000088800000|  0%| F|  |TAMS 0x0000000088700000, 0x0000000088700000| Untracked 
| 136|0x0000000088800000, 0x0000000088800000, 0x0000000088900000|  0%| F|  |TAMS 0x0000000088800000, 0x0000000088800000| Untracked 
| 202|0x000000008ca00000, 0x000000008ca00000, 0x000000008cb00000|  0%| F|  |TAMS 0x000000008ca00000, 0x000000008ca00000| Untracked 
| 203|0x000000008cb00000, 0x000000008cb00000, 0x000000008cc00000|  0%| F|  |TAMS 0x000000008cb00000, 0x000000008cb00000| Untracked 
| 204|0x000000008cc00000, 0x000000008cc00000, 0x000000008cd00000|  0%| F|  |TAMS 0x000000008cc00000, 0x000000008cc00000| Untracked 
| 205|0x000000008cd00000, 0x000000008cd00000, 0x000000008ce00000|  0%| F|  |TAMS 0x000000008cd00000, 0x000000008cd00000| Untracked 
| 206|0x000000008ce00000, 0x000000008ce00000, 0x000000008cf00000|  0%| F|  |TAMS 0x000000008ce00000, 0x000000008ce00000| Untracked 
| 207|0x000000008cf00000, 0x000000008cf00000, 0x000000008d000000|  0%| F|  |TAMS 0x000000008cf00000, 0x000000008cf00000| Untracked 
| 208|0x000000008d000000, 0x000000008d000000, 0x000000008d100000|  0%| F|  |TAMS 0x000000008d000000, 0x000000008d000000| Untracked 
| 209|0x000000008d100000, 0x000000008d100000, 0x000000008d200000|  0%| F|  |TAMS 0x000000008d100000, 0x000000008d100000| Untracked 
| 210|0x000000008d200000, 0x000000008d200000, 0x000000008d300000|  0%| F|  |TAMS 0x000000008d200000, 0x000000008d200000| Untracked 
| 253|0x000000008fd00000, 0x000000008fd00000, 0x000000008fe00000|  0%| F|  |TAMS 0x000000008fd00000, 0x000000008fd00000| Untracked 

Card table byte_map: [0x0000026800000000,0x0000026800400000] _byte_map_base: 0x00000267ffc00000

Marking Bits (Prev, Next): (CMBitMap*) 0x000002686d39af00, (CMBitMap*) 0x000002686d39aec0
 Prev Bits: [0x0000026802800000, 0x0000026804800000)
 Next Bits: [0x0000026800800000, 0x0000026802800000)

Polling page: 0x000002686b2a0000

Metaspace:

Usage:
  Non-class:     83.03 MB used.
      Class:     13.08 MB used.
       Both:     96.11 MB used.

Virtual space:
  Non-class space:       88.00 MB reserved,      83.38 MB ( 95%) committed,  11 nodes.
      Class space:        1.00 GB reserved,      13.38 MB (  1%) committed,  1 nodes.
             Both:        1.09 GB reserved,      96.75 MB (  9%) committed. 

Chunk freelists:
   Non-Class:  480.00 KB
       Class:  2.56 MB
        Both:  3.03 MB

MaxMetaspaceSize: unlimited
CompressedClassSpaceSize: 1.00 GB
Initial GC threshold: 21.00 MB
Current GC threshold: 155.25 MB
CDS: off
MetaspaceReclaimPolicy: balanced
 - commit_granule_bytes: 65536.
 - commit_granule_words: 8192.
 - virtual_space_node_default_size: 1048576.
 - enlarge_chunks_in_place: 1.
 - new_chunks_are_fully_committed: 0.
 - uncommit_free_chunks: 1.
 - use_allocation_guard: 0.
 - handle_deallocations: 1.


Internal statistics:

num_allocs_failed_limit: 9.
num_arena_births: 1062.
num_arena_deaths: 0.
num_vsnodes_births: 12.
num_vsnodes_deaths: 0.
num_space_committed: 1548.
num_space_uncommitted: 0.
num_chunks_returned_to_freelist: 9.
num_chunks_taken_from_freelist: 4636.
num_chunk_merges: 6.
num_chunk_splits: 3035.
num_chunks_enlarged: 1985.
num_purges: 0.
num_inconsistent_stats: 0.

CodeHeap 'non-profiled nmethods': size=120000Kb used=6335Kb max_used=6335Kb free=113664Kb
 bounds [0x00000268782d0000, 0x0000026878900000, 0x000002687f800000]
CodeHeap 'profiled nmethods': size=120000Kb used=20262Kb max_used=20262Kb free=99737Kb
 bounds [0x0000026870800000, 0x0000026871bd0000, 0x0000026877d30000]
CodeHeap 'non-nmethods': size=5760Kb used=2442Kb max_used=2603Kb free=3317Kb
 bounds [0x0000026877d30000, 0x0000026877fd0000, 0x00000268782d0000]
 total_blobs=11426 nmethods=10453 adapters=885
 compilation: enabled
              stopped_count=0, restarted_count=0
 full_count=0

Compilation events (20 events):
Event: 1415.353 Thread 0x0000026807c77b10 11953   !   3       jdk.internal.loader.BuiltinClassLoader::findMiscResource (122 bytes)
Event: 1415.354 Thread 0x000002680f0c8c50 11955       4       jdk.internal.jimage.ImageLocation::verify (218 bytes)
Event: 1415.354 Thread 0x0000026807c77b10 nmethod 11953 0x0000026871bc5d10 code [0x0000026871bc5fc0, 0x0000026871bc7318]
Event: 1415.355 Thread 0x0000026807c77b10 11957       3       java.lang.ModuleLayer::boot (4 bytes)
Event: 1415.355 Thread 0x0000026807c77b10 nmethod 11957 0x0000026871bc7810 code [0x0000026871bc79a0, 0x0000026871bc7a98]
Event: 1415.358 Thread 0x000002680f0c7810 nmethod 11954 0x00000268788fca10 code [0x00000268788fcba0, 0x00000268788fcfb8]
Event: 1415.358 Thread 0x000002680f0c7810 11956       4       java.lang.Module::isNamed (13 bytes)
Event: 1415.358 Thread 0x000002680f0c7810 nmethod 11956 0x00000268788fd190 code [0x00000268788fd300, 0x00000268788fd398]
Event: 1415.364 Thread 0x000002680f0c7810 11958       4       java.util.jar.JarFile::getVersionedEntry (133 bytes)
Event: 1415.369 Thread 0x0000026807c76330 nmethod 11952 0x00000268788fd490 code [0x00000268788fd680, 0x00000268788fe520]
Event: 1415.377 Thread 0x000002680f0c7810 nmethod 11958 0x00000268788feb90 code [0x00000268788fed60, 0x00000268788ffa58]
Event: 1415.392 Thread 0x0000026807c77b10 11959       3       java.lang.StackTraceElement::<init> (10 bytes)
Event: 1415.392 Thread 0x0000026807c77b10 nmethod 11959 0x0000026871bc7b10 code [0x0000026871bc7ca0, 0x0000026871bc7e18]
Event: 1415.392 Thread 0x0000026807c77b10 11960  s!   3       java.lang.StackTraceElement::computeFormat (71 bytes)
Event: 1415.392 Thread 0x0000026807c77b10 nmethod 11960 0x0000026871bc7f10 code [0x0000026871bc8120, 0x0000026871bc89b8]
Event: 1415.392 Thread 0x0000026807c77b10 11961       3       java.lang.StackTraceElement::isHashedInJavaBase (31 bytes)
Event: 1415.393 Thread 0x0000026807c77b10 nmethod 11961 0x0000026871bc8c90 code [0x0000026871bc8e80, 0x0000026871bc9398]
Event: 1415.393 Thread 0x0000026807c77b10 11962       3       java.lang.Module::getLayer (43 bytes)
Event: 1415.393 Thread 0x0000026807c77b10 nmethod 11962 0x0000026871bc9510 code [0x0000026871bc96e0, 0x0000026871bc9aa8]
Event: 1415.410 Thread 0x0000026807c76330 11963       4       java.security.SecureClassLoader$CodeSourceKey::hashCode (21 bytes)

GC Heap History (20 events):
Event: 12.461 GC heap after
{Heap after GC invocations=35 (full 0):
 garbage-first heap   total 122880K, used 69621K [0x0000000080000000, 0x0000000100000000)
  region size 1024K, 5 young (5120K), 5 survivors (5120K)
 Metaspace       used 82961K, committed 83520K, reserved 1122304K
  class space    used 11057K, committed 11328K, reserved 1048576K
}
Event: 12.525 GC heap before
{Heap before GC invocations=35 (full 0):
 garbage-first heap   total 122880K, used 74741K [0x0000000080000000, 0x0000000100000000)
  region size 1024K, 12 young (12288K), 5 survivors (5120K)
 Metaspace       used 83556K, committed 84160K, reserved 1122304K
  class space    used 11138K, committed 11456K, reserved 1048576K
}
Event: 12.529 GC heap after
{Heap after GC invocations=36 (full 0):
 garbage-first heap   total 149504K, used 70036K [0x0000000080000000, 0x0000000100000000)
  region size 1024K, 3 young (3072K), 3 survivors (3072K)
 Metaspace       used 83556K, committed 84160K, reserved 1122304K
  class space    used 11138K, committed 11456K, reserved 1048576K
}
Event: 13.105 GC heap before
{Heap before GC invocations=37 (full 0):
 garbage-first heap   total 149504K, used 116116K [0x0000000080000000, 0x0000000100000000)
  region size 1024K, 47 young (48128K), 3 survivors (3072K)
 Metaspace       used 88683K, committed 89280K, reserved 1130496K
  class space    used 12056K, committed 12352K, reserved 1048576K
}
Event: 13.111 GC heap after
{Heap after GC invocations=38 (full 0):
 garbage-first heap   total 149504K, used 72247K [0x0000000080000000, 0x0000000100000000)
  region size 1024K, 5 young (5120K), 5 survivors (5120K)
 Metaspace       used 88683K, committed 89280K, reserved 1130496K
  class space    used 12056K, committed 12352K, reserved 1048576K
}
Event: 13.133 GC heap before
{Heap before GC invocations=38 (full 0):
 garbage-first heap   total 149504K, used 73271K [0x0000000080000000, 0x0000000100000000)
  region size 1024K, 7 young (7168K), 5 survivors (5120K)
 Metaspace       used 88936K, committed 89600K, reserved 1130496K
  class space    used 12094K, committed 12416K, reserved 1048576K
}
Event: 13.137 GC heap after
{Heap after GC invocations=39 (full 0):
 garbage-first heap   total 149504K, used 72924K [0x0000000080000000, 0x0000000100000000)
  region size 1024K, 1 young (1024K), 1 survivors (1024K)
 Metaspace       used 88936K, committed 89600K, reserved 1130496K
  class space    used 12094K, committed 12416K, reserved 1048576K
}
Event: 14.388 GC heap before
{Heap before GC invocations=39 (full 0):
 garbage-first heap   total 149504K, used 119004K [0x0000000080000000, 0x0000000100000000)
  region size 1024K, 46 young (47104K), 1 survivors (1024K)
 Metaspace       used 93514K, committed 94144K, reserved 1130496K
  class space    used 12830K, committed 13120K, reserved 1048576K
}
Event: 14.393 GC heap after
{Heap after GC invocations=40 (full 0):
 garbage-first heap   total 149504K, used 76042K [0x0000000080000000, 0x0000000100000000)
  region size 1024K, 4 young (4096K), 4 survivors (4096K)
 Metaspace       used 93514K, committed 94144K, reserved 1130496K
  class space    used 12830K, committed 13120K, reserved 1048576K
}
Event: 1054.957 GC heap before
{Heap before GC invocations=41 (full 0):
 garbage-first heap   total 149504K, used 119050K [0x0000000080000000, 0x0000000100000000)
  region size 1024K, 47 young (48128K), 4 survivors (4096K)
 Metaspace       used 93997K, committed 94656K, reserved 1130496K
  class space    used 12846K, committed 13184K, reserved 1048576K
}
Event: 1054.961 GC heap after
{Heap after GC invocations=42 (full 0):
 garbage-first heap   total 149504K, used 78142K [0x0000000080000000, 0x0000000100000000)
  region size 1024K, 3 young (3072K), 3 survivors (3072K)
 Metaspace       used 93997K, committed 94656K, reserved 1130496K
  class space    used 12846K, committed 13184K, reserved 1048576K
}
Event: 1055.023 GC heap before
{Heap before GC invocations=42 (full 0):
 garbage-first heap   total 149504K, used 82238K [0x0000000080000000, 0x0000000100000000)
  region size 1024K, 7 young (7168K), 3 survivors (3072K)
 Metaspace       used 94078K, committed 94720K, reserved 1138688K
  class space    used 12846K, committed 13184K, reserved 1048576K
}
Event: 1055.026 GC heap after
{Heap after GC invocations=43 (full 0):
 garbage-first heap   total 149504K, used 78362K [0x0000000080000000, 0x0000000100000000)
  region size 1024K, 1 young (1024K), 1 survivors (1024K)
 Metaspace       used 94078K, committed 94720K, reserved 1138688K
  class space    used 12846K, committed 13184K, reserved 1048576K
}
Event: 1414.490 GC heap before
{Heap before GC invocations=43 (full 0):
 garbage-first heap   total 149504K, used 121370K [0x0000000080000000, 0x0000000100000000)
  region size 1024K, 44 young (45056K), 1 survivors (1024K)
 Metaspace       used 94681K, committed 95360K, reserved 1138688K
  class space    used 12874K, committed 13184K, reserved 1048576K
}
Event: 1414.495 GC heap after
{Heap after GC invocations=44 (full 0):
 garbage-first heap   total 149504K, used 82576K [0x0000000080000000, 0x0000000100000000)
  region size 1024K, 5 young (5120K), 5 survivors (5120K)
 Metaspace       used 94681K, committed 95360K, reserved 1138688K
  class space    used 12874K, committed 13184K, reserved 1048576K
}
Event: 1414.903 GC heap before
{Heap before GC invocations=45 (full 0):
 garbage-first heap   total 150528K, used 121488K [0x0000000080000000, 0x0000000100000000)
  region size 1024K, 44 young (45056K), 5 survivors (5120K)
 Metaspace       used 94959K, committed 95616K, reserved 1138688K
  class space    used 12884K, committed 13184K, reserved 1048576K
}
Event: 1414.910 GC heap after
{Heap after GC invocations=46 (full 0):
 garbage-first heap   total 150528K, used 86309K [0x0000000080000000, 0x0000000100000000)
  region size 1024K, 4 young (4096K), 4 survivors (4096K)
 Metaspace       used 94959K, committed 95616K, reserved 1138688K
  class space    used 12884K, committed 13184K, reserved 1048576K
}
Event: 1414.940 GC heap before
{Heap before GC invocations=46 (full 0):
 garbage-first heap   total 150528K, used 89381K [0x0000000080000000, 0x0000000100000000)
  region size 1024K, 7 young (7168K), 4 survivors (4096K)
 Metaspace       used 95000K, committed 95680K, reserved 1138688K
  class space    used 12885K, committed 13184K, reserved 1048576K
}
Event: 1414.944 GC heap after
{Heap after GC invocations=47 (full 0):
 garbage-first heap   total 150528K, used 85916K [0x0000000080000000, 0x0000000100000000)
  region size 1024K, 1 young (1024K), 1 survivors (1024K)
 Metaspace       used 95000K, committed 95680K, reserved 1138688K
  class space    used 12885K, committed 13184K, reserved 1048576K
}
Event: 1415.411 GC heap before
{Heap before GC invocations=47 (full 0):
 garbage-first heap   total 150528K, used 123804K [0x0000000080000000, 0x0000000100000000)
  region size 1024K, 38 young (38912K), 1 survivors (1024K)
 Metaspace       used 98413K, committed 99072K, reserved 1138688K
  class space    used 13392K, committed 13696K, reserved 1048576K
}

Dll operation events (2 events):
Event: 0.025 Loaded shared library C:\Program Files\Android\Android Studio\jbr\bin\java.dll
Event: 0.501 Loaded shared library C:\Program Files\Android\Android Studio\jbr\bin\verify.dll

Deoptimization events (20 events):
Event: 1415.089 Thread 0x000002680ed12a10 Uncommon trap: trap_request=0xffffff45 fr.pc=0x0000026878342db0 relative=0x0000000000000950
Event: 1415.089 Thread 0x000002680ed12a10 Uncommon trap: reason=unstable_if action=reinterpret pc=0x0000026878342db0 method=java.util.HashMap.resize()[Ljava/util/HashMap$Node; @ 203 c2
Event: 1415.089 Thread 0x000002680ed12a10 DEOPT PACKING pc=0x0000026878342db0 sp=0x0000006c235f8e30
Event: 1415.089 Thread 0x000002680ed12a10 DEOPT UNPACKING pc=0x0000026877d8a1a3 sp=0x0000006c235f8dc0 mode 2
Event: 1415.089 Thread 0x000002680ed12a10 Uncommon trap: trap_request=0xffffff45 fr.pc=0x00000268784394f8 relative=0x0000000000002998
Event: 1415.089 Thread 0x000002680ed12a10 Uncommon trap: reason=unstable_if action=reinterpret pc=0x00000268784394f8 method=java.util.HashMap.getNode(Ljava/lang/Object;)Ljava/util/HashMap$Node; @ 85 c2
Event: 1415.089 Thread 0x000002680ed12a10 DEOPT PACKING pc=0x00000268784394f8 sp=0x0000006c235f8ec0
Event: 1415.089 Thread 0x000002680ed12a10 DEOPT UNPACKING pc=0x0000026877d8a1a3 sp=0x0000006c235f8da8 mode 2
Event: 1415.089 Thread 0x000002680ed12a10 Uncommon trap: trap_request=0xffffff45 fr.pc=0x00000268783551c4 relative=0x00000000000002a4
Event: 1415.089 Thread 0x000002680ed12a10 Uncommon trap: reason=unstable_if action=reinterpret pc=0x00000268783551c4 method=java.util.HashMap.getNode(Ljava/lang/Object;)Ljava/util/HashMap$Node; @ 85 c2
Event: 1415.089 Thread 0x000002680ed12a10 DEOPT PACKING pc=0x00000268783551c4 sp=0x0000006c235f8e70
Event: 1415.089 Thread 0x000002680ed12a10 DEOPT UNPACKING pc=0x0000026877d8a1a3 sp=0x0000006c235f8d90 mode 2
Event: 1415.089 Thread 0x000002680ed12a10 Uncommon trap: trap_request=0xffffff45 fr.pc=0x0000026878475448 relative=0x0000000000000228
Event: 1415.089 Thread 0x000002680ed12a10 Uncommon trap: reason=unstable_if action=reinterpret pc=0x0000026878475448 method=java.util.HashMap.getNode(Ljava/lang/Object;)Ljava/util/HashMap$Node; @ 85 c2
Event: 1415.089 Thread 0x000002680ed12a10 DEOPT PACKING pc=0x0000026878475448 sp=0x0000006c235f8e10
Event: 1415.089 Thread 0x000002680ed12a10 DEOPT UNPACKING pc=0x0000026877d8a1a3 sp=0x0000006c235f8d90 mode 2
Event: 1415.344 Thread 0x000002680ed12a10 Uncommon trap: trap_request=0xffffff45 fr.pc=0x00000268788cf658 relative=0x0000000000000d58
Event: 1415.344 Thread 0x000002680ed12a10 Uncommon trap: reason=unstable_if action=reinterpret pc=0x00000268788cf658 method=java.util.jar.JarFile.getEntry(Ljava/lang/String;)Ljava/util/zip/ZipEntry; @ 15 c2
Event: 1415.344 Thread 0x000002680ed12a10 DEOPT PACKING pc=0x00000268788cf658 sp=0x0000006c235f83a0
Event: 1415.344 Thread 0x000002680ed12a10 DEOPT UNPACKING pc=0x0000026877d8a1a3 sp=0x0000006c235f8398 mode 2

Classes unloaded (0 events):
No events

Classes redefined (0 events):
No events

Internal exceptions (20 events):
Event: 14.267 Thread 0x000002680bfa3740 Implicit null exception at 0x00000268787e67b8 to 0x00000268787e7224
Event: 14.268 Thread 0x000002680bf9e570 Exception <a 'java/lang/NoSuchMethodError'{0x0000000086bbc400}: static Lcom/android/buildanalyzer/common/AndroidGradlePluginAttributionData$JavaInfo;.<clinit>()V> (0x0000000086bbc400) 
thrown [s\src\hotspot\share\prims\jni.cpp, line 1108]
Event: 14.271 Thread 0x000002680bf9e570 Exception <a 'java/lang/NoSuchMethodError'{0x0000000086bf5338}: static [Ljava/lang/String;.<clinit>()V> (0x0000000086bf5338) 
thrown [s\src\hotspot\share\prims\jni.cpp, line 1108]
Event: 14.272 Thread 0x000002680bf9e570 Exception <a 'java/lang/NoSuchMethodError'{0x0000000086a17cc8}: static Lcom/android/buildanalyzer/common/AndroidGradlePluginAttributionData$TaskInfo;.<clinit>()V> (0x0000000086a17cc8) 
thrown [s\src\hotspot\share\prims\jni.cpp, line 1108]
Event: 14.272 Thread 0x000002680bf9e570 Exception <a 'java/lang/NoSuchMethodError'{0x0000000086a246b8}: static Lcom/android/buildanalyzer/common/AndroidGradlePluginAttributionData$TaskCategoryInfo;.<clinit>()V> (0x0000000086a246b8) 
thrown [s\src\hotspot\share\prims\jni.cpp, line 1108]
Event: 14.274 Thread 0x000002680bfa3740 Exception <a 'java/lang/NoSuchMethodError'{0x0000000086a3d660}: static Lorg/jetbrains/kotlin/gradle/plugin/statistics/MetricContainer;.<clinit>()V> (0x0000000086a3d660) 
thrown [s\src\hotspot\share\prims\jni.cpp, line 1108]
Event: 14.297 Thread 0x000002680ab69080 Exception <a 'sun/nio/fs/WindowsException'{0x00000000869318d8}> (0x00000000869318d8) 
thrown [s\src\hotspot\share\prims\jni.cpp, line 517]
Event: 14.297 Thread 0x000002680ab69080 Exception <a 'sun/nio/fs/WindowsException'{0x0000000086931bf8}> (0x0000000086931bf8) 
thrown [s\src\hotspot\share\prims\jni.cpp, line 517]
Event: 14.300 Thread 0x000002680ab69080 Exception <a 'sun/nio/fs/WindowsException'{0x000000008693ffb8}> (0x000000008693ffb8) 
thrown [s\src\hotspot\share\prims\jni.cpp, line 517]
Event: 14.335 Thread 0x000002680ab69080 Exception <a 'java/lang/NoSuchMethodError'{0x0000000086707e20}: 'java.lang.Object java.lang.invoke.DirectMethodHandle$Holder.newInvokeSpecial(java.lang.Object, java.lang.Object, java.lang.Object, java.lang.Object, int, java.lang.Object)'> (0x0000000086707e20) 
thrown [s\src\hotspot\share\interpreter\linkResolver.cpp, line 771]
Event: 14.335 Thread 0x000002680ab69080 Exception <a 'java/lang/NoSuchMethodError'{0x000000008670c188}: 'java.lang.Object java.lang.invoke.Invokers$Holder.linkToTargetMethod(java.lang.Object, java.lang.Object, java.lang.Object, int, java.lang.Object, java.lang.Object)'> (0x000000008670c188) 
thrown [s\src\hotspot\share\interpreter\linkResolver.cpp, line 771]
Event: 22.363 Thread 0x000002680acea8f0 Implicit null exception at 0x000002687833cbd5 to 0x000002687833d1e8
Event: 1054.790 Thread 0x000002680bfa5420 Implicit null exception at 0x00000268787eb0bf to 0x00000268787eb3d0
Event: 1055.201 Thread 0x000002680bfa5420 Exception <a 'sun/nio/fs/WindowsException'{0x000000008818efd0}> (0x000000008818efd0) 
thrown [s\src\hotspot\share\prims\jni.cpp, line 517]
Event: 1055.825 Thread 0x000002680bfa5420 Exception <a 'sun/nio/fs/WindowsException'{0x0000000087233cc0}> (0x0000000087233cc0) 
thrown [s\src\hotspot\share\prims\jni.cpp, line 517]
Event: 1055.826 Thread 0x000002680bfa5420 Exception <a 'sun/nio/fs/WindowsException'{0x0000000087233fe0}> (0x0000000087233fe0) 
thrown [s\src\hotspot\share\prims\jni.cpp, line 517]
Event: 1055.827 Thread 0x000002680bfa5420 Exception <a 'sun/nio/fs/WindowsException'{0x0000000087235da0}> (0x0000000087235da0) 
thrown [s\src\hotspot\share\prims\jni.cpp, line 517]
Event: 1414.794 Thread 0x000002680ed12a10 Exception <a 'sun/nio/fs/WindowsException'{0x00000000875dce38}> (0x00000000875dce38) 
thrown [s\src\hotspot\share\prims\jni.cpp, line 517]
Event: 1415.289 Thread 0x000002680ed12a10 Exception <a 'sun/nio/fs/WindowsException'{0x000000008765d230}> (0x000000008765d230) 
thrown [s\src\hotspot\share\prims\jni.cpp, line 517]
Event: 1415.385 Thread 0x000002680ed12a10 Exception <a 'java/lang/NullPointerException'{0x0000000086fb7258}> (0x0000000086fb7258) 
thrown [s\src\hotspot\share\interpreter\linkResolver.cpp, line 1447]

VM Operations (20 events):
Event: 1382.969 Executing VM operation: Cleanup done
Event: 1393.075 Executing VM operation: Cleanup
Event: 1393.075 Executing VM operation: Cleanup done
Event: 1396.102 Executing VM operation: Cleanup
Event: 1396.102 Executing VM operation: Cleanup done
Event: 1414.489 Executing VM operation: G1CollectForAllocation
Event: 1414.495 Executing VM operation: G1CollectForAllocation done
Event: 1414.549 Executing VM operation: G1Concurrent
Event: 1414.555 Executing VM operation: G1Concurrent done
Event: 1414.578 Executing VM operation: G1Concurrent
Event: 1414.578 Executing VM operation: G1Concurrent done
Event: 1414.888 Executing VM operation: ICBufferFull
Event: 1414.888 Executing VM operation: ICBufferFull done
Event: 1414.903 Executing VM operation: G1CollectForAllocation
Event: 1414.910 Executing VM operation: G1CollectForAllocation done
Event: 1414.939 Executing VM operation: G1CollectForAllocation
Event: 1414.944 Executing VM operation: G1CollectForAllocation done
Event: 1415.251 Executing VM operation: ICBufferFull
Event: 1415.252 Executing VM operation: ICBufferFull done
Event: 1415.411 Executing VM operation: G1CollectForAllocation

Events (20 events):
Event: 1415.393 loading class javax/xml/datatype/DatatypeConstants$Field
Event: 1415.393 loading class javax/xml/datatype/DatatypeConstants$Field done
Event: 1415.395 loading class java/awt/image/RenderedImage
Event: 1415.395 loading class java/awt/image/RenderedImage done
Event: 1415.396 loading class java/awt/image/BufferedImage
Event: 1415.397 loading class java/awt/image/WritableRenderedImage
Event: 1415.397 loading class java/awt/image/WritableRenderedImage done
Event: 1415.397 loading class java/awt/image/BufferedImage done
Event: 1415.398 loading class java/awt/Graphics2D
Event: 1415.398 loading class java/awt/Graphics2D done
Event: 1415.399 loading class java/awt/datatransfer/Transferable
Event: 1415.399 loading class java/awt/datatransfer/Transferable done
Event: 1415.400 loading class javax/xml/transform/Result
Event: 1415.400 loading class javax/xml/transform/Result done
Event: 1415.400 loading class javax/xml/datatype/XMLGregorianCalendar
Event: 1415.400 loading class javax/xml/datatype/XMLGregorianCalendar done
Event: 1415.402 loading class javax/xml/namespace/NamespaceContext
Event: 1415.402 loading class javax/xml/namespace/NamespaceContext done
Event: 1415.402 loading class javax/xml/datatype/Duration
Event: 1415.403 loading class javax/xml/datatype/Duration done


Dynamic libraries:
0x00007ff735ca0000 - 0x00007ff735caa000 	C:\Program Files\Android\Android Studio\jbr\bin\java.exe
0x00007ffadcc70000 - 0x00007ffadce87000 	C:\WINDOWS\SYSTEM32\ntdll.dll
0x00007ffadb930000 - 0x00007ffadb9f4000 	C:\WINDOWS\System32\KERNEL32.DLL
0x00007ffada050000 - 0x00007ffada3f6000 	C:\WINDOWS\System32\KERNELBASE.dll
0x00007ffada540000 - 0x00007ffada651000 	C:\WINDOWS\System32\ucrtbase.dll
0x00007ffabc6a0000 - 0x00007ffabc6b7000 	C:\Program Files\Android\Android Studio\jbr\bin\jli.dll
0x00007ffadb2e0000 - 0x00007ffadb48e000 	C:\WINDOWS\System32\USER32.dll
0x00007ffada660000 - 0x00007ffada686000 	C:\WINDOWS\System32\win32u.dll
0x00007ffadc710000 - 0x00007ffadc739000 	C:\WINDOWS\System32\GDI32.dll
0x00007ffacf5f0000 - 0x00007ffacf60b000 	C:\Program Files\Android\Android Studio\jbr\bin\VCRUNTIME140.dll
0x00007ffada8a0000 - 0x00007ffada9b8000 	C:\WINDOWS\System32\gdi32full.dll
0x00007ffabe7e0000 - 0x00007ffabea73000 	C:\WINDOWS\WinSxS\amd64_microsoft.windows.common-controls_6595b64144ccf1df_6.0.22621.2506_none_270c5ae97388e100\COMCTL32.dll
0x00007ffad9fb0000 - 0x00007ffada04a000 	C:\WINDOWS\System32\msvcp_win.dll
0x00007ffadb760000 - 0x00007ffadb807000 	C:\WINDOWS\System32\msvcrt.dll
0x00007ffadaa40000 - 0x00007ffadaa71000 	C:\WINDOWS\System32\IMM32.DLL
0x00007ffacfb40000 - 0x00007ffacfb4c000 	C:\Program Files\Android\Android Studio\jbr\bin\vcruntime140_1.dll
0x00007ffabc9e0000 - 0x00007ffabca6d000 	C:\Program Files\Android\Android Studio\jbr\bin\msvcp140.dll
0x00007ffa3bba0000 - 0x00007ffa3c80e000 	C:\Program Files\Android\Android Studio\jbr\bin\server\jvm.dll
0x00007ffadc520000 - 0x00007ffadc5d3000 	C:\WINDOWS\System32\ADVAPI32.dll
0x00007ffadc7c0000 - 0x00007ffadc868000 	C:\WINDOWS\System32\sechost.dll
0x00007ffada870000 - 0x00007ffada898000 	C:\WINDOWS\System32\bcrypt.dll
0x00007ffadc400000 - 0x00007ffadc517000 	C:\WINDOWS\System32\RPCRT4.dll
0x00007ffacfa80000 - 0x00007ffacfa89000 	C:\WINDOWS\SYSTEM32\WSOCK32.dll
0x00007ffac5630000 - 0x00007ffac563a000 	C:\WINDOWS\SYSTEM32\VERSION.dll
0x00007ffacf950000 - 0x00007ffacf984000 	C:\WINDOWS\SYSTEM32\WINMM.dll
0x00007ffadbff0000 - 0x00007ffadc061000 	C:\WINDOWS\System32\WS2_32.dll
0x00007ffad8fe0000 - 0x00007ffad8ff8000 	C:\WINDOWS\SYSTEM32\kernel.appcore.dll
0x00007ffacf590000 - 0x00007ffacf59a000 	C:\Program Files\Android\Android Studio\jbr\bin\jimage.dll
0x00007ffad78c0000 - 0x00007ffad7af3000 	C:\WINDOWS\SYSTEM32\DBGHELP.DLL
0x00007ffadc070000 - 0x00007ffadc3f9000 	C:\WINDOWS\System32\combase.dll
0x00007ffadc630000 - 0x00007ffadc707000 	C:\WINDOWS\System32\OLEAUT32.dll
0x00007ffab1e80000 - 0x00007ffab1eb2000 	C:\WINDOWS\SYSTEM32\dbgcore.DLL
0x00007ffada4c0000 - 0x00007ffada53a000 	C:\WINDOWS\System32\bcryptPrimitives.dll
0x00007ffabbea0000 - 0x00007ffabbec5000 	C:\Program Files\Android\Android Studio\jbr\bin\java.dll
0x00007ffabc330000 - 0x00007ffabc348000 	C:\Program Files\Android\Android Studio\jbr\bin\zip.dll
0x00007ffadaa80000 - 0x00007ffadb2da000 	C:\WINDOWS\System32\SHELL32.dll
0x00007ffad7f00000 - 0x00007ffad87f6000 	C:\WINDOWS\SYSTEM32\windows.storage.dll
0x00007ffad7dc0000 - 0x00007ffad7efe000 	C:\WINDOWS\SYSTEM32\wintypes.dll
0x00007ffadb4f0000 - 0x00007ffadb5e3000 	C:\WINDOWS\System32\SHCORE.dll
0x00007ffadb490000 - 0x00007ffadb4ee000 	C:\WINDOWS\System32\shlwapi.dll
0x00007ffad9ee0000 - 0x00007ffad9f06000 	C:\WINDOWS\SYSTEM32\profapi.dll
0x00007ffabbe80000 - 0x00007ffabbe99000 	C:\Program Files\Android\Android Studio\jbr\bin\net.dll
0x00007ffad3180000 - 0x00007ffad32b7000 	C:\WINDOWS\SYSTEM32\WINHTTP.dll
0x00007ffad9460000 - 0x00007ffad94c9000 	C:\WINDOWS\system32\mswsock.dll
0x00007ffabbb90000 - 0x00007ffabbba6000 	C:\Program Files\Android\Android Studio\jbr\bin\nio.dll
0x00007ffac72e0000 - 0x00007ffac72f0000 	C:\Program Files\Android\Android Studio\jbr\bin\verify.dll
0x00007ffacf610000 - 0x00007ffacf637000 	C:\Users\86199\.gradle\native\68d5fa5c4cc2d200863cafc0d521ce42e7d3e7ee720ec0a83991735586a16f82\windows-amd64\native-platform.dll
0x00007ffabc1e0000 - 0x00007ffabc324000 	C:\Users\86199\.gradle\native\e376f236ea51e6404a007f0833ffe2c6e607c4080706a723a18a27aeea778392\windows-amd64\native-platform-file-events.dll
0x00007ffabcba0000 - 0x00007ffabcba9000 	C:\Program Files\Android\Android Studio\jbr\bin\management.dll
0x00007ffabc960000 - 0x00007ffabc96b000 	C:\Program Files\Android\Android Studio\jbr\bin\management_ext.dll
0x00007ffadbb60000 - 0x00007ffadbb68000 	C:\WINDOWS\System32\PSAPI.DLL
0x00007ffad96b0000 - 0x00007ffad96cb000 	C:\WINDOWS\SYSTEM32\CRYPTSP.dll
0x00007ffad8f40000 - 0x00007ffad8f75000 	C:\WINDOWS\system32\rsaenh.dll
0x00007ffad9550000 - 0x00007ffad957c000 	C:\WINDOWS\SYSTEM32\USERENV.dll
0x00007ffad96d0000 - 0x00007ffad96dc000 	C:\WINDOWS\SYSTEM32\CRYPTBASE.dll
0x00007ffad8a60000 - 0x00007ffad8a8d000 	C:\WINDOWS\SYSTEM32\IPHLPAPI.DLL
0x00007ffadb740000 - 0x00007ffadb749000 	C:\WINDOWS\System32\NSI.dll
0x00007ffad3350000 - 0x00007ffad3369000 	C:\WINDOWS\SYSTEM32\dhcpcsvc6.DLL
0x00007ffad2ed0000 - 0x00007ffad2eef000 	C:\WINDOWS\SYSTEM32\dhcpcsvc.DLL
0x00007ffad8a90000 - 0x00007ffad8b89000 	C:\WINDOWS\SYSTEM32\DNSAPI.dll
0x00007ffacfb50000 - 0x00007ffacfb58000 	C:\WINDOWS\system32\wshunix.dll
0x00007ffacf580000 - 0x00007ffacf58a000 	C:\Windows\System32\rasadhlp.dll
0x00007ffacfbf0000 - 0x00007ffacfc73000 	C:\WINDOWS\System32\fwpuclnt.dll

dbghelp: loaded successfully - version: 4.0.5 - missing functions: none
symbol engine: initialized successfully - sym options: 0x614 - pdb path: .;C:\Program Files\Android\Android Studio\jbr\bin;C:\WINDOWS\SYSTEM32;C:\WINDOWS\WinSxS\amd64_microsoft.windows.common-controls_6595b64144ccf1df_6.0.22621.2506_none_270c5ae97388e100;C:\Program Files\Android\Android Studio\jbr\bin\server;C:\Users\86199\.gradle\native\68d5fa5c4cc2d200863cafc0d521ce42e7d3e7ee720ec0a83991735586a16f82\windows-amd64;C:\Users\86199\.gradle\native\e376f236ea51e6404a007f0833ffe2c6e607c4080706a723a18a27aeea778392\windows-amd64

VM Arguments:
jvm_args: --add-opens=java.base/java.util=ALL-UNNAMED --add-opens=java.base/java.lang=ALL-UNNAMED --add-opens=java.base/java.lang.invoke=ALL-UNNAMED --add-opens=java.prefs/java.util.prefs=ALL-UNNAMED --add-opens=java.base/java.nio.charset=ALL-UNNAMED --add-opens=java.base/java.net=ALL-UNNAMED --add-opens=java.base/java.util.concurrent.atomic=ALL-UNNAMED -Xmx2048m -Dfile.encoding=UTF-8 -Duser.country=CN -Duser.language=zh -Duser.variant 
java_command: org.gradle.launcher.daemon.bootstrap.GradleDaemon 8.0
java_class_path (initial): C:\Users\86199\.gradle\wrapper\dists\gradle-8.0-bin\ca5e32bp14vu59qr306oxotwh\gradle-8.0\lib\gradle-launcher-8.0.jar
Launcher Type: SUN_STANDARD

[Global flags]
     intx CICompilerCount                          = 4                                         {product} {ergonomic}
     uint ConcGCThreads                            = 2                                         {product} {ergonomic}
     uint G1ConcRefinementThreads                  = 8                                         {product} {ergonomic}
   size_t G1HeapRegionSize                         = 1048576                                   {product} {ergonomic}
    uintx GCDrainStackTargetSize                   = 64                                        {product} {ergonomic}
   size_t InitialHeapSize                          = 266338304                                 {product} {ergonomic}
   size_t MarkStackSize                            = 4194304                                   {product} {ergonomic}
   size_t MaxHeapSize                              = 2147483648                                {product} {command line}
   size_t MaxNewSize                               = 1287651328                                {product} {ergonomic}
   size_t MinHeapDeltaBytes                        = 1048576                                   {product} {ergonomic}
   size_t MinHeapSize                              = 8388608                                   {product} {ergonomic}
    uintx NonNMethodCodeHeapSize                   = 5839372                                {pd product} {ergonomic}
    uintx NonProfiledCodeHeapSize                  = 122909434                              {pd product} {ergonomic}
    uintx ProfiledCodeHeapSize                     = 122909434                              {pd product} {ergonomic}
    uintx ReservedCodeCacheSize                    = 251658240                              {pd product} {ergonomic}
     bool SegmentedCodeCache                       = true                                      {product} {ergonomic}
   size_t SoftMaxHeapSize                          = 2147483648                             {manageable} {ergonomic}
     bool UseCompressedClassPointers               = true                           {product lp64_product} {ergonomic}
     bool UseCompressedOops                        = true                           {product lp64_product} {ergonomic}
     bool UseG1GC                                  = true                                      {product} {ergonomic}
     bool UseLargePagesIndividualAllocation        = false                                  {pd product} {ergonomic}

Logging:
Log output configuration:
 #0: stdout all=warning uptime,level,tags
 #1: stderr all=off uptime,level,tags

Environment Variables:
JAVA_HOME=D:\android\Java
CLASSPATH=.;D:\android\Java\lib;D:\android\Java\lib\tools.jar
PATH=C:\Program Files\Java\jdk 1.8.0_341\bin;D:\android\Java\bin;D:\android\Java\jre\bin;D:\mysql\mysql-5.7.27-winx64\bin;c:\windows\system32;C:\WINDOWS\system32;D:\tomcat\apache-tomcat-8.5.47\bin;D:\Anaconda;D:\Anaconda\Scripts;D:\Anaconda\Library\bin;D:\Anaconda\Library\mingw-w64\bin;D:\tomcat\apache-tomcat-8.5.47\lib\;%OMCAT_HOME%\bin;C:\Program Files\Azure Data Studio\bin;C:\Users\86199\Downloads\ffmpeg-6.0-full_build\bin;C:\WINDOWS;C:\WINDOWS\System32\Wbem;C:\WINDOWS\System32\WindowsPowerShell\v1.0\;C:\WINDOWS\System32\OpenSSH\;D:\Download\web\dll;%MAVEN;HOME%\bin;"% ANDROID_SDK_HOME%\platform-tools;% ANDROID_SDK_HOME%\tools";D:\android\SDK\platform-tools;C:\WINDOWS\system32;D:\software\node.js\;D:\software\gradle-8.0\bin;D:\software\Git\Git\cmd;D:\Anaconda;D:\Anaconda\Library\mingw-w64\bin;D:\Anaconda\Library\usr\bin;D:\Anaconda\Library\bin;D:\Anaconda\Scripts;C:\Users\86199\AppData\Local\Microsoft\WindowsApps;C:\Program Files\JetBrains\PyCharm Community Edition 2021.3\bin;;%JAVA_HOME\bin;%IntelliJ IDEA Community Edition%;C:\Program Files (x86)\Tencent\QQGameTempest\Hall.57915\;C:\Program Files\Azure Data Studio\bin;D:\Download\Microsoft VS Code\bin;C:\Users\86199\AppData\Roaming\npm
USERNAME=86199
OS=Windows_NT
PROCESSOR_IDENTIFIER=Intel64 Family 6 Model 140 Stepping 1, GenuineIntel
TMP=C:\Users\86199\AppData\Local\Temp
TEMP=C:\Users\86199\AppData\Local\Temp


JNI global refs:
JNI global refs: 27, weak refs: 0

JNI global refs memory usage: 843, weak refs: 841


---------------  S Y S T E M  ---------------

OS:
 Windows 11 , 64 bit Build 22621 (10.0.22621.2506)
OS uptime: 0 days 22:51 hours

CPU: total 8 (initial active 8) (4 cores per cpu, 2 threads per core) family 6 model 140 stepping 1 microcode 0x86, cx8, cmov, fxsr, ht, mmx, 3dnowpref, sse, sse2, sse3, ssse3, sse4.1, sse4.2, popcnt, lzcnt, tsc, tscinvbit, avx, avx2, aes, erms, clmul, bmi1, bmi2, adx, avx512f, avx512dq, avx512cd, avx512bw, avx512vl, sha, fma, vzeroupper, avx512_vpopcntdq, avx512_vpclmulqdq, avx512_vaes, avx512_vnni, clflush, clflushopt, clwb, avx512_vbmi2, avx512_vbmi

Memory: 4k page, system-wide physical 16167M (3094M free)
TotalPageFile size 16167M (AvailPageFile size 63M)
current process WorkingSet (physical memory assigned to process): 406M, peak: 441M
current process commit charge ("private bytes"): 442M, peak: 506M

vm_info: OpenJDK 64-Bit Server VM (17.0.6+0-b2043.56-10027231) for windows-amd64 JRE (17.0.6+0-b2043.56-10027231), built on Apr 28 2023 00:43:19 by "androidbuild" with MS VC++ 16.10 / 16.11 (VS2019)

END.
