#
# There is insufficient memory for the Java Runtime Environment to continue.
# Native memory allocation (mmap) failed to map 65536 bytes for Failed to commit metaspace.
# Possible reasons:
#   The system is out of physical RAM or swap space
#   The process is running with CompressedOops enabled, and the Java Heap may be blocking the growth of the native heap
# Possible solutions:
#   Reduce memory load on the system
#   Increase physical memory or swap space
#   Check if swap backing store is full
#   Decrease Java heap size (-Xmx/-Xms)
#   Decrease number of Java threads
#   Decrease Java thread stack sizes (-Xss)
#   Set larger code cache with -XX:ReservedCodeCacheSize=
#   JVM is running with Zero Based Compressed Oops mode in which the Java heap is
#     placed in the first 32GB address space. The Java Heap base address is the
#     maximum limit for the native heap growth. Please use -XX:HeapBaseMinAddress
#     to set the Java Heap base and to place the Java Heap above 32GB virtual address.
# This output file may be truncated or incomplete.
#
#  Out of Memory Error (virtualSpaceNode.cpp:110), pid=17540, tid=18580
#
# JRE version: OpenJDK Runtime Environment (17.0.6) (build 17.0.6+0-b2043.56-10027231)
# Java VM: OpenJDK 64-Bit Server VM (17.0.6+0-b2043.56-10027231, mixed mode, tiered, compressed oops, compressed class ptrs, g1 gc, windows-amd64)
# No core dump will be written. Minidumps are not enabled by default on client versions of Windows
#

---------------  S U M M A R Y ------------

Command Line: org.jetbrains.kotlin.cli.jvm.K2JVMCompiler @D:\MyApplication\app\build\20240111_11933191579345567463.compiler.options

Host: 11th Gen Intel(R) Core(TM) i5-1135G7 @ 2.40GHz, 8 cores, 15G,  Windows 11 , 64 bit Build 22621 (10.0.22621.2506)
Time: Thu Jan 11 14:32:44 2024  Windows 11 , 64 bit Build 22621 (10.0.22621.2506) elapsed time: 0.319608 seconds (0d 0h 0m 0s)

---------------  T H R E A D  ---------------

Current thread (0x000001ae95733020):  JavaThread "main" [_thread_in_vm, id=18580, stack(0x00000068ed000000,0x00000068ed100000)]

Stack: [0x00000068ed000000,0x00000068ed100000]
Native frames: (J=compiled Java code, j=interpreted, Vv=VM code, C=native code)
V  [jvm.dll+0x683c9a]
V  [jvm.dll+0x8427a4]
V  [jvm.dll+0x843f9e]
V  [jvm.dll+0x844603]
V  [jvm.dll+0x249b75]
V  [jvm.dll+0x83e7fb]
V  [jvm.dll+0x628006]
V  [jvm.dll+0x62806a]
V  [jvm.dll+0x62a87a]
V  [jvm.dll+0x6289a6]
V  [jvm.dll+0x23db6f]
V  [jvm.dll+0x632795]
V  [jvm.dll+0x1eda2b]
V  [jvm.dll+0x1edf65]
V  [jvm.dll+0x1ee884]
V  [jvm.dll+0x1e3dcc]
V  [jvm.dll+0x547fed]
V  [jvm.dll+0x1f46eb]
V  [jvm.dll+0x7bc7cb]
V  [jvm.dll+0x7bdc12]
V  [jvm.dll+0x418a15]
C  [java.dll+0x1a55]

Java frames: (J=compiled Java code, j=interpreted, Vv=VM code)
j  java.lang.ClassLoader.findBootstrapClass(Ljava/lang/String;)Ljava/lang/Class;+0 java.base@17.0.6
J 299 c1 jdk.internal.loader.ClassLoaders$BootClassLoader.loadClassOrNull(Ljava/lang/String;Z)Ljava/lang/Class; java.base@17.0.6 (10 bytes) @ 0x000001ae98c53fcc [0x000001ae98c53e60+0x000000000000016c]
J 213 c1 jdk.internal.loader.BuiltinClassLoader.loadClassOrNull(Ljava/lang/String;Z)Ljava/lang/Class; java.base@17.0.6 (143 bytes) @ 0x000001ae98c35e74 [0x000001ae98c353c0+0x0000000000000ab4]
j  jdk.internal.loader.BuiltinClassLoader.loadClass(Ljava/lang/String;Z)Ljava/lang/Class;+3 java.base@17.0.6
j  jdk.internal.loader.ClassLoaders$AppClassLoader.loadClass(Ljava/lang/String;Z)Ljava/lang/Class;+36 java.base@17.0.6
J 297 c1 java.lang.ClassLoader.loadClass(Ljava/lang/String;)Ljava/lang/Class; java.base@17.0.6 (7 bytes) @ 0x000001ae98c534cc [0x000001ae98c533c0+0x000000000000010c]
v  ~StubRoutines::call_stub
j  kotlin.reflect.jvm.internal.impl.resolve.jvm.JvmPrimitiveType.<clinit>()V+256
v  ~StubRoutines::call_stub
j  kotlin.reflect.jvm.internal.impl.builtins.jvm.JavaToKotlinClassMap.<clinit>()V+1094
v  ~StubRoutines::call_stub
j  kotlin.reflect.jvm.internal.RuntimeTypeMapper.mapJvmClassToKotlinClassId(Ljava/lang/Class;)Lkotlin/reflect/jvm/internal/impl/name/ClassId;+142
j  kotlin.reflect.jvm.internal.KClassImpl.getClassId()Lkotlin/reflect/jvm/internal/impl/name/ClassId;+7
j  kotlin.reflect.jvm.internal.KClassImpl.access$getClassId(Lkotlin/reflect/jvm/internal/KClassImpl;)Lkotlin/reflect/jvm/internal/impl/name/ClassId;+1
j  kotlin.reflect.jvm.internal.KClassImpl$Data$descriptor$2.invoke()Lkotlin/reflect/jvm/internal/impl/descriptors/ClassDescriptor;+4
j  kotlin.reflect.jvm.internal.KClassImpl$Data$descriptor$2.invoke()Ljava/lang/Object;+1
j  kotlin.reflect.jvm.internal.ReflectProperties$LazySoftVal.invoke()Ljava/lang/Object;+28
j  kotlin.reflect.jvm.internal.ReflectProperties$Val.getValue(Ljava/lang/Object;Ljava/lang/Object;)Ljava/lang/Object;+1
j  kotlin.reflect.jvm.internal.KClassImpl$Data.getDescriptor()Lkotlin/reflect/jvm/internal/impl/descriptors/ClassDescriptor;+10
j  kotlin.reflect.jvm.internal.KClassImpl.getDescriptor()Lkotlin/reflect/jvm/internal/impl/descriptors/ClassDescriptor;+10
j  kotlin.reflect.jvm.internal.KClassImpl.getMemberScope$kotlin_reflection()Lkotlin/reflect/jvm/internal/impl/resolve/scopes/MemberScope;+1
j  kotlin.reflect.jvm.internal.KClassImpl$Data$declaredNonStaticMembers$2.invoke()Ljava/util/Collection;+8
j  kotlin.reflect.jvm.internal.KClassImpl$Data$declaredNonStaticMembers$2.invoke()Ljava/lang/Object;+1
j  kotlin.reflect.jvm.internal.ReflectProperties$LazySoftVal.invoke()Ljava/lang/Object;+28
j  kotlin.reflect.jvm.internal.ReflectProperties$Val.getValue(Ljava/lang/Object;Ljava/lang/Object;)Ljava/lang/Object;+1
j  kotlin.reflect.jvm.internal.KClassImpl$Data.getDeclaredNonStaticMembers()Ljava/util/Collection;+11
j  kotlin.reflect.jvm.internal.KClassImpl$Data$allNonStaticMembers$2.invoke()Ljava/util/List;+4
j  kotlin.reflect.jvm.internal.KClassImpl$Data$allNonStaticMembers$2.invoke()Ljava/lang/Object;+1
j  kotlin.reflect.jvm.internal.ReflectProperties$LazySoftVal.invoke()Ljava/lang/Object;+28
j  kotlin.reflect.jvm.internal.ReflectProperties$Val.getValue(Ljava/lang/Object;Ljava/lang/Object;)Ljava/lang/Object;+1
j  kotlin.reflect.jvm.internal.KClassImpl$Data.getAllNonStaticMembers()Ljava/util/Collection;+11
j  kotlin.reflect.full.KClasses.getMemberProperties(Lkotlin/reflect/KClass;)Ljava/util/Collection;+19
j  org.jetbrains.kotlin.cli.common.arguments.ParseCommandLineArgumentsKt.parsePreprocessedCommandLineArguments(Ljava/util/List;Lorg/jetbrains/kotlin/cli/common/arguments/CommonToolArguments;Lkotlin/Lazy;Z)V+7
j  org.jetbrains.kotlin.cli.common.arguments.ParseCommandLineArgumentsKt.parseCommandLineArguments(Ljava/util/List;Lorg/jetbrains/kotlin/cli/common/arguments/CommonToolArguments;Z)V+39
j  org.jetbrains.kotlin.cli.common.arguments.ParseCommandLineArgumentsKt.parseCommandLineArguments$default(Ljava/util/List;Lorg/jetbrains/kotlin/cli/common/arguments/CommonToolArguments;ZILjava/lang/Object;)V+11
j  org.jetbrains.kotlin.cli.common.CLITool.exec(Ljava/io/PrintStream;Lorg/jetbrains/kotlin/config/Services;Lorg/jetbrains/kotlin/cli/common/messages/MessageRenderer;[Ljava/lang/String;)Lorg/jetbrains/kotlin/cli/common/ExitCode;+41
j  org.jetbrains.kotlin.cli.common.CLITool.exec(Ljava/io/PrintStream;Lorg/jetbrains/kotlin/cli/common/messages/MessageRenderer;[Ljava/lang/String;)Lorg/jetbrains/kotlin/cli/common/ExitCode;+25
j  org.jetbrains.kotlin.cli.common.CLITool$Companion.doMainNoExit(Lorg/jetbrains/kotlin/cli/common/CLITool;[Ljava/lang/String;Lorg/jetbrains/kotlin/cli/common/messages/MessageRenderer;)Lorg/jetbrains/kotlin/cli/common/ExitCode;+39
j  org.jetbrains.kotlin.cli.common.CLITool$Companion.doMainNoExit$default(Lorg/jetbrains/kotlin/cli/common/CLITool$Companion;Lorg/jetbrains/kotlin/cli/common/CLITool;[Ljava/lang/String;Lorg/jetbrains/kotlin/cli/common/messages/MessageRenderer;ILjava/lang/Object;)Lorg/jetbrains/kotlin/cli/common/ExitCode;+16
j  org.jetbrains.kotlin.cli.common.CLITool$Companion.doMain(Lorg/jetbrains/kotlin/cli/common/CLITool;[Ljava/lang/String;)V+57
j  org.jetbrains.kotlin.cli.jvm.K2JVMCompiler$Companion.main([Ljava/lang/String;)V+20
j  org.jetbrains.kotlin.cli.jvm.K2JVMCompiler.main([Ljava/lang/String;)V+4
v  ~StubRoutines::call_stub

---------------  P R O C E S S  ---------------

Threads class SMR info:
_java_thread_list=0x000001aeb4af5df0, length=13, elements={
0x000001ae95733020, 0x000001aeb4842c90, 0x000001aeb4843840, 0x000001aeb48926e0,
0x000001aeb48931a0, 0x000001aeb48c1830, 0x000001aeb48c20f0, 0x000001aeb48c2dd0,
0x000001aeb48c3dd0, 0x000001aeb48c51f0, 0x000001aeb4a2dc80, 0x000001aeb4a282b0,
0x000001aeb4af55f0
}

Java Threads: ( => current thread )
=>0x000001ae95733020 JavaThread "main" [_thread_in_vm, id=18580, stack(0x00000068ed000000,0x00000068ed100000)]
  0x000001aeb4842c90 JavaThread "Reference Handler" daemon [_thread_blocked, id=16452, stack(0x00000068ed700000,0x00000068ed800000)]
  0x000001aeb4843840 JavaThread "Finalizer" daemon [_thread_blocked, id=10996, stack(0x00000068ed800000,0x00000068ed900000)]
  0x000001aeb48926e0 JavaThread "Signal Dispatcher" daemon [_thread_blocked, id=18632, stack(0x00000068ed900000,0x00000068eda00000)]
  0x000001aeb48931a0 JavaThread "Attach Listener" daemon [_thread_blocked, id=17636, stack(0x00000068eda00000,0x00000068edb00000)]
  0x000001aeb48c1830 JavaThread "Service Thread" daemon [_thread_blocked, id=2824, stack(0x00000068edb00000,0x00000068edc00000)]
  0x000001aeb48c20f0 JavaThread "Monitor Deflation Thread" daemon [_thread_blocked, id=16244, stack(0x00000068edc00000,0x00000068edd00000)]
  0x000001aeb48c2dd0 JavaThread "C2 CompilerThread0" daemon [_thread_blocked, id=796, stack(0x00000068edd00000,0x00000068ede00000)]
  0x000001aeb48c3dd0 JavaThread "C1 CompilerThread0" daemon [_thread_blocked, id=8624, stack(0x00000068ede00000,0x00000068edf00000)]
  0x000001aeb48c51f0 JavaThread "Sweeper thread" daemon [_thread_blocked, id=12460, stack(0x00000068edf00000,0x00000068ee000000)]
  0x000001aeb4a2dc80 JavaThread "Notification Thread" daemon [_thread_blocked, id=11040, stack(0x00000068ee000000,0x00000068ee100000)]
  0x000001aeb4a282b0 JavaThread "Common-Cleaner" daemon [_thread_blocked, id=17964, stack(0x00000068ee200000,0x00000068ee300000)]
  0x000001aeb4af55f0 JavaThread "C2 CompilerThread1" daemon [_thread_blocked, id=17912, stack(0x00000068ee300000,0x00000068ee400000)]

Other Threads:
  0x000001aeb483f940 VMThread "VM Thread" [stack: 0x00000068ed600000,0x00000068ed700000] [id=11680]
  0x000001aeb4a30160 WatcherThread [stack: 0x00000068ee100000,0x00000068ee200000] [id=13232]
  0x000001ae957a1db0 GCTaskThread "GC Thread#0" [stack: 0x00000068ed100000,0x00000068ed200000] [id=16044]
  0x000001ae957b2980 ConcurrentGCThread "G1 Main Marker" [stack: 0x00000068ed200000,0x00000068ed300000] [id=15712]
  0x000001ae957b3390 ConcurrentGCThread "G1 Conc#0" [stack: 0x00000068ed300000,0x00000068ed400000] [id=8356]
  0x000001ae957ed580 ConcurrentGCThread "G1 Refine#0" [stack: 0x00000068ed400000,0x00000068ed500000] [id=2540]
  0x000001ae957edfa0 ConcurrentGCThread "G1 Service" [stack: 0x00000068ed500000,0x00000068ed600000] [id=10524]

Threads with active compile tasks:

VM state: not at safepoint (normal execution)

VM Mutex/Monitor currently owned by a thread:  ([mutex/lock_event])
[0x000001ae9571ae70] Metaspace_lock - owner thread: 0x000001ae95733020

Heap address: 0x0000000703600000, size: 4042 MB, Compressed Oops mode: Zero based, Oop shift amount: 3

CDS archive(s) not mapped
Compressed class space mapped at: 0x0000000800000000-0x0000000840000000, reserved size: 1073741824
Narrow klass base: 0x0000000800000000, Narrow klass shift: 0, Narrow klass range: 0x40000000

GC Precious Log:
 CPUs: 8 total, 8 available
 Memory: 16167M
 Large Page Support: Disabled
 NUMA Support: Disabled
 Compressed Oops: Enabled (Zero based)
 Heap Region Size: 2M
 Heap Min Capacity: 8M
 Heap Initial Capacity: 254M
 Heap Max Capacity: 4042M
 Pre-touch: Disabled
 Parallel Workers: 8
 Concurrent Workers: 2
 Concurrent Refinement Workers: 8
 Periodic GC: Disabled

Heap:
 garbage-first heap   total 260096K, used 12288K [0x0000000703600000, 0x0000000800000000)
  region size 2048K, 6 young (12288K), 0 survivors (0K)
 Metaspace       used 9202K, committed 9344K, reserved 1064960K
  class space    used 741K, committed 832K, reserved 1048576K

Heap Regions: E=young(eden), S=young(survivor), O=old, HS=humongous(starts), HC=humongous(continues), CS=collection set, F=free, OA=open archive, CA=closed archive, TAMS=top-at-mark-start (previous, next)
|   0|0x0000000703600000, 0x0000000703800000, 0x0000000703800000|100%|HS|  |TAMS 0x0000000703600000, 0x0000000703600000| Complete 
|   1|0x0000000703800000, 0x0000000703a00000, 0x0000000703a00000|100%|HC|  |TAMS 0x0000000703800000, 0x0000000703800000| Complete 
|   2|0x0000000703a00000, 0x0000000703a00000, 0x0000000703c00000|  0%| F|  |TAMS 0x0000000703a00000, 0x0000000703a00000| Untracked 
|   3|0x0000000703c00000, 0x0000000703c00000, 0x0000000703e00000|  0%| F|  |TAMS 0x0000000703c00000, 0x0000000703c00000| Untracked 
|   4|0x0000000703e00000, 0x0000000703e00000, 0x0000000704000000|  0%| F|  |TAMS 0x0000000703e00000, 0x0000000703e00000| Untracked 
|   5|0x0000000704000000, 0x0000000704000000, 0x0000000704200000|  0%| F|  |TAMS 0x0000000704000000, 0x0000000704000000| Untracked 
|   6|0x0000000704200000, 0x0000000704200000, 0x0000000704400000|  0%| F|  |TAMS 0x0000000704200000, 0x0000000704200000| Untracked 
|   7|0x0000000704400000, 0x0000000704400000, 0x0000000704600000|  0%| F|  |TAMS 0x0000000704400000, 0x0000000704400000| Untracked 
|   8|0x0000000704600000, 0x0000000704600000, 0x0000000704800000|  0%| F|  |TAMS 0x0000000704600000, 0x0000000704600000| Untracked 
|   9|0x0000000704800000, 0x0000000704800000, 0x0000000704a00000|  0%| F|  |TAMS 0x0000000704800000, 0x0000000704800000| Untracked 
|  10|0x0000000704a00000, 0x0000000704a00000, 0x0000000704c00000|  0%| F|  |TAMS 0x0000000704a00000, 0x0000000704a00000| Untracked 
|  11|0x0000000704c00000, 0x0000000704c00000, 0x0000000704e00000|  0%| F|  |TAMS 0x0000000704c00000, 0x0000000704c00000| Untracked 
|  12|0x0000000704e00000, 0x0000000704e00000, 0x0000000705000000|  0%| F|  |TAMS 0x0000000704e00000, 0x0000000704e00000| Untracked 
|  13|0x0000000705000000, 0x0000000705000000, 0x0000000705200000|  0%| F|  |TAMS 0x0000000705000000, 0x0000000705000000| Untracked 
|  14|0x0000000705200000, 0x0000000705200000, 0x0000000705400000|  0%| F|  |TAMS 0x0000000705200000, 0x0000000705200000| Untracked 
|  15|0x0000000705400000, 0x0000000705400000, 0x0000000705600000|  0%| F|  |TAMS 0x0000000705400000, 0x0000000705400000| Untracked 
|  16|0x0000000705600000, 0x0000000705600000, 0x0000000705800000|  0%| F|  |TAMS 0x0000000705600000, 0x0000000705600000| Untracked 
|  17|0x0000000705800000, 0x0000000705800000, 0x0000000705a00000|  0%| F|  |TAMS 0x0000000705800000, 0x0000000705800000| Untracked 
|  18|0x0000000705a00000, 0x0000000705a00000, 0x0000000705c00000|  0%| F|  |TAMS 0x0000000705a00000, 0x0000000705a00000| Untracked 
|  19|0x0000000705c00000, 0x0000000705c00000, 0x0000000705e00000|  0%| F|  |TAMS 0x0000000705c00000, 0x0000000705c00000| Untracked 
|  20|0x0000000705e00000, 0x0000000705e00000, 0x0000000706000000|  0%| F|  |TAMS 0x0000000705e00000, 0x0000000705e00000| Untracked 
|  21|0x0000000706000000, 0x0000000706000000, 0x0000000706200000|  0%| F|  |TAMS 0x0000000706000000, 0x0000000706000000| Untracked 
|  22|0x0000000706200000, 0x0000000706200000, 0x0000000706400000|  0%| F|  |TAMS 0x0000000706200000, 0x0000000706200000| Untracked 
|  23|0x0000000706400000, 0x0000000706400000, 0x0000000706600000|  0%| F|  |TAMS 0x0000000706400000, 0x0000000706400000| Untracked 
|  24|0x0000000706600000, 0x0000000706600000, 0x0000000706800000|  0%| F|  |TAMS 0x0000000706600000, 0x0000000706600000| Untracked 
|  25|0x0000000706800000, 0x0000000706800000, 0x0000000706a00000|  0%| F|  |TAMS 0x0000000706800000, 0x0000000706800000| Untracked 
|  26|0x0000000706a00000, 0x0000000706a00000, 0x0000000706c00000|  0%| F|  |TAMS 0x0000000706a00000, 0x0000000706a00000| Untracked 
|  27|0x0000000706c00000, 0x0000000706c00000, 0x0000000706e00000|  0%| F|  |TAMS 0x0000000706c00000, 0x0000000706c00000| Untracked 
|  28|0x0000000706e00000, 0x0000000706e00000, 0x0000000707000000|  0%| F|  |TAMS 0x0000000706e00000, 0x0000000706e00000| Untracked 
|  29|0x0000000707000000, 0x0000000707000000, 0x0000000707200000|  0%| F|  |TAMS 0x0000000707000000, 0x0000000707000000| Untracked 
|  30|0x0000000707200000, 0x0000000707200000, 0x0000000707400000|  0%| F|  |TAMS 0x0000000707200000, 0x0000000707200000| Untracked 
|  31|0x0000000707400000, 0x0000000707400000, 0x0000000707600000|  0%| F|  |TAMS 0x0000000707400000, 0x0000000707400000| Untracked 
|  32|0x0000000707600000, 0x0000000707600000, 0x0000000707800000|  0%| F|  |TAMS 0x0000000707600000, 0x0000000707600000| Untracked 
|  33|0x0000000707800000, 0x0000000707800000, 0x0000000707a00000|  0%| F|  |TAMS 0x0000000707800000, 0x0000000707800000| Untracked 
|  34|0x0000000707a00000, 0x0000000707a00000, 0x0000000707c00000|  0%| F|  |TAMS 0x0000000707a00000, 0x0000000707a00000| Untracked 
|  35|0x0000000707c00000, 0x0000000707c00000, 0x0000000707e00000|  0%| F|  |TAMS 0x0000000707c00000, 0x0000000707c00000| Untracked 
|  36|0x0000000707e00000, 0x0000000707e00000, 0x0000000708000000|  0%| F|  |TAMS 0x0000000707e00000, 0x0000000707e00000| Untracked 
|  37|0x0000000708000000, 0x0000000708000000, 0x0000000708200000|  0%| F|  |TAMS 0x0000000708000000, 0x0000000708000000| Untracked 
|  38|0x0000000708200000, 0x0000000708200000, 0x0000000708400000|  0%| F|  |TAMS 0x0000000708200000, 0x0000000708200000| Untracked 
|  39|0x0000000708400000, 0x0000000708400000, 0x0000000708600000|  0%| F|  |TAMS 0x0000000708400000, 0x0000000708400000| Untracked 
|  40|0x0000000708600000, 0x0000000708600000, 0x0000000708800000|  0%| F|  |TAMS 0x0000000708600000, 0x0000000708600000| Untracked 
|  41|0x0000000708800000, 0x0000000708800000, 0x0000000708a00000|  0%| F|  |TAMS 0x0000000708800000, 0x0000000708800000| Untracked 
|  42|0x0000000708a00000, 0x0000000708a00000, 0x0000000708c00000|  0%| F|  |TAMS 0x0000000708a00000, 0x0000000708a00000| Untracked 
|  43|0x0000000708c00000, 0x0000000708c00000, 0x0000000708e00000|  0%| F|  |TAMS 0x0000000708c00000, 0x0000000708c00000| Untracked 
|  44|0x0000000708e00000, 0x0000000708e00000, 0x0000000709000000|  0%| F|  |TAMS 0x0000000708e00000, 0x0000000708e00000| Untracked 
|  45|0x0000000709000000, 0x0000000709000000, 0x0000000709200000|  0%| F|  |TAMS 0x0000000709000000, 0x0000000709000000| Untracked 
|  46|0x0000000709200000, 0x0000000709200000, 0x0000000709400000|  0%| F|  |TAMS 0x0000000709200000, 0x0000000709200000| Untracked 
|  47|0x0000000709400000, 0x0000000709400000, 0x0000000709600000|  0%| F|  |TAMS 0x0000000709400000, 0x0000000709400000| Untracked 
|  48|0x0000000709600000, 0x0000000709600000, 0x0000000709800000|  0%| F|  |TAMS 0x0000000709600000, 0x0000000709600000| Untracked 
|  49|0x0000000709800000, 0x0000000709800000, 0x0000000709a00000|  0%| F|  |TAMS 0x0000000709800000, 0x0000000709800000| Untracked 
|  50|0x0000000709a00000, 0x0000000709a00000, 0x0000000709c00000|  0%| F|  |TAMS 0x0000000709a00000, 0x0000000709a00000| Untracked 
|  51|0x0000000709c00000, 0x0000000709c00000, 0x0000000709e00000|  0%| F|  |TAMS 0x0000000709c00000, 0x0000000709c00000| Untracked 
|  52|0x0000000709e00000, 0x0000000709e00000, 0x000000070a000000|  0%| F|  |TAMS 0x0000000709e00000, 0x0000000709e00000| Untracked 
|  53|0x000000070a000000, 0x000000070a000000, 0x000000070a200000|  0%| F|  |TAMS 0x000000070a000000, 0x000000070a000000| Untracked 
|  54|0x000000070a200000, 0x000000070a200000, 0x000000070a400000|  0%| F|  |TAMS 0x000000070a200000, 0x000000070a200000| Untracked 
|  55|0x000000070a400000, 0x000000070a400000, 0x000000070a600000|  0%| F|  |TAMS 0x000000070a400000, 0x000000070a400000| Untracked 
|  56|0x000000070a600000, 0x000000070a600000, 0x000000070a800000|  0%| F|  |TAMS 0x000000070a600000, 0x000000070a600000| Untracked 
|  57|0x000000070a800000, 0x000000070a800000, 0x000000070aa00000|  0%| F|  |TAMS 0x000000070a800000, 0x000000070a800000| Untracked 
|  58|0x000000070aa00000, 0x000000070aa00000, 0x000000070ac00000|  0%| F|  |TAMS 0x000000070aa00000, 0x000000070aa00000| Untracked 
|  59|0x000000070ac00000, 0x000000070ac00000, 0x000000070ae00000|  0%| F|  |TAMS 0x000000070ac00000, 0x000000070ac00000| Untracked 
|  60|0x000000070ae00000, 0x000000070ae00000, 0x000000070b000000|  0%| F|  |TAMS 0x000000070ae00000, 0x000000070ae00000| Untracked 
|  61|0x000000070b000000, 0x000000070b000000, 0x000000070b200000|  0%| F|  |TAMS 0x000000070b000000, 0x000000070b000000| Untracked 
|  62|0x000000070b200000, 0x000000070b200000, 0x000000070b400000|  0%| F|  |TAMS 0x000000070b200000, 0x000000070b200000| Untracked 
|  63|0x000000070b400000, 0x000000070b400000, 0x000000070b600000|  0%| F|  |TAMS 0x000000070b400000, 0x000000070b400000| Untracked 
|  64|0x000000070b600000, 0x000000070b600000, 0x000000070b800000|  0%| F|  |TAMS 0x000000070b600000, 0x000000070b600000| Untracked 
|  65|0x000000070b800000, 0x000000070b800000, 0x000000070ba00000|  0%| F|  |TAMS 0x000000070b800000, 0x000000070b800000| Untracked 
|  66|0x000000070ba00000, 0x000000070ba00000, 0x000000070bc00000|  0%| F|  |TAMS 0x000000070ba00000, 0x000000070ba00000| Untracked 
|  67|0x000000070bc00000, 0x000000070bc00000, 0x000000070be00000|  0%| F|  |TAMS 0x000000070bc00000, 0x000000070bc00000| Untracked 
|  68|0x000000070be00000, 0x000000070be00000, 0x000000070c000000|  0%| F|  |TAMS 0x000000070be00000, 0x000000070be00000| Untracked 
|  69|0x000000070c000000, 0x000000070c000000, 0x000000070c200000|  0%| F|  |TAMS 0x000000070c000000, 0x000000070c000000| Untracked 
|  70|0x000000070c200000, 0x000000070c200000, 0x000000070c400000|  0%| F|  |TAMS 0x000000070c200000, 0x000000070c200000| Untracked 
|  71|0x000000070c400000, 0x000000070c400000, 0x000000070c600000|  0%| F|  |TAMS 0x000000070c400000, 0x000000070c400000| Untracked 
|  72|0x000000070c600000, 0x000000070c600000, 0x000000070c800000|  0%| F|  |TAMS 0x000000070c600000, 0x000000070c600000| Untracked 
|  73|0x000000070c800000, 0x000000070c800000, 0x000000070ca00000|  0%| F|  |TAMS 0x000000070c800000, 0x000000070c800000| Untracked 
|  74|0x000000070ca00000, 0x000000070ca00000, 0x000000070cc00000|  0%| F|  |TAMS 0x000000070ca00000, 0x000000070ca00000| Untracked 
|  75|0x000000070cc00000, 0x000000070cc00000, 0x000000070ce00000|  0%| F|  |TAMS 0x000000070cc00000, 0x000000070cc00000| Untracked 
|  76|0x000000070ce00000, 0x000000070ce00000, 0x000000070d000000|  0%| F|  |TAMS 0x000000070ce00000, 0x000000070ce00000| Untracked 
|  77|0x000000070d000000, 0x000000070d000000, 0x000000070d200000|  0%| F|  |TAMS 0x000000070d000000, 0x000000070d000000| Untracked 
|  78|0x000000070d200000, 0x000000070d200000, 0x000000070d400000|  0%| F|  |TAMS 0x000000070d200000, 0x000000070d200000| Untracked 
|  79|0x000000070d400000, 0x000000070d400000, 0x000000070d600000|  0%| F|  |TAMS 0x000000070d400000, 0x000000070d400000| Untracked 
|  80|0x000000070d600000, 0x000000070d600000, 0x000000070d800000|  0%| F|  |TAMS 0x000000070d600000, 0x000000070d600000| Untracked 
|  81|0x000000070d800000, 0x000000070d800000, 0x000000070da00000|  0%| F|  |TAMS 0x000000070d800000, 0x000000070d800000| Untracked 
|  82|0x000000070da00000, 0x000000070da00000, 0x000000070dc00000|  0%| F|  |TAMS 0x000000070da00000, 0x000000070da00000| Untracked 
|  83|0x000000070dc00000, 0x000000070dc00000, 0x000000070de00000|  0%| F|  |TAMS 0x000000070dc00000, 0x000000070dc00000| Untracked 
|  84|0x000000070de00000, 0x000000070de00000, 0x000000070e000000|  0%| F|  |TAMS 0x000000070de00000, 0x000000070de00000| Untracked 
|  85|0x000000070e000000, 0x000000070e000000, 0x000000070e200000|  0%| F|  |TAMS 0x000000070e000000, 0x000000070e000000| Untracked 
|  86|0x000000070e200000, 0x000000070e200000, 0x000000070e400000|  0%| F|  |TAMS 0x000000070e200000, 0x000000070e200000| Untracked 
|  87|0x000000070e400000, 0x000000070e400000, 0x000000070e600000|  0%| F|  |TAMS 0x000000070e400000, 0x000000070e400000| Untracked 
|  88|0x000000070e600000, 0x000000070e600000, 0x000000070e800000|  0%| F|  |TAMS 0x000000070e600000, 0x000000070e600000| Untracked 
|  89|0x000000070e800000, 0x000000070e800000, 0x000000070ea00000|  0%| F|  |TAMS 0x000000070e800000, 0x000000070e800000| Untracked 
|  90|0x000000070ea00000, 0x000000070ea00000, 0x000000070ec00000|  0%| F|  |TAMS 0x000000070ea00000, 0x000000070ea00000| Untracked 
|  91|0x000000070ec00000, 0x000000070ec00000, 0x000000070ee00000|  0%| F|  |TAMS 0x000000070ec00000, 0x000000070ec00000| Untracked 
|  92|0x000000070ee00000, 0x000000070ee00000, 0x000000070f000000|  0%| F|  |TAMS 0x000000070ee00000, 0x000000070ee00000| Untracked 
|  93|0x000000070f000000, 0x000000070f000000, 0x000000070f200000|  0%| F|  |TAMS 0x000000070f000000, 0x000000070f000000| Untracked 
|  94|0x000000070f200000, 0x000000070f200000, 0x000000070f400000|  0%| F|  |TAMS 0x000000070f200000, 0x000000070f200000| Untracked 
|  95|0x000000070f400000, 0x000000070f400000, 0x000000070f600000|  0%| F|  |TAMS 0x000000070f400000, 0x000000070f400000| Untracked 
|  96|0x000000070f600000, 0x000000070f600000, 0x000000070f800000|  0%| F|  |TAMS 0x000000070f600000, 0x000000070f600000| Untracked 
|  97|0x000000070f800000, 0x000000070f800000, 0x000000070fa00000|  0%| F|  |TAMS 0x000000070f800000, 0x000000070f800000| Untracked 
|  98|0x000000070fa00000, 0x000000070fa00000, 0x000000070fc00000|  0%| F|  |TAMS 0x000000070fa00000, 0x000000070fa00000| Untracked 
|  99|0x000000070fc00000, 0x000000070fc00000, 0x000000070fe00000|  0%| F|  |TAMS 0x000000070fc00000, 0x000000070fc00000| Untracked 
| 100|0x000000070fe00000, 0x000000070fe00000, 0x0000000710000000|  0%| F|  |TAMS 0x000000070fe00000, 0x000000070fe00000| Untracked 
| 101|0x0000000710000000, 0x0000000710000000, 0x0000000710200000|  0%| F|  |TAMS 0x0000000710000000, 0x0000000710000000| Untracked 
| 102|0x0000000710200000, 0x0000000710200000, 0x0000000710400000|  0%| F|  |TAMS 0x0000000710200000, 0x0000000710200000| Untracked 
| 103|0x0000000710400000, 0x0000000710400000, 0x0000000710600000|  0%| F|  |TAMS 0x0000000710400000, 0x0000000710400000| Untracked 
| 104|0x0000000710600000, 0x0000000710600000, 0x0000000710800000|  0%| F|  |TAMS 0x0000000710600000, 0x0000000710600000| Untracked 
| 105|0x0000000710800000, 0x0000000710800000, 0x0000000710a00000|  0%| F|  |TAMS 0x0000000710800000, 0x0000000710800000| Untracked 
| 106|0x0000000710a00000, 0x0000000710a00000, 0x0000000710c00000|  0%| F|  |TAMS 0x0000000710a00000, 0x0000000710a00000| Untracked 
| 107|0x0000000710c00000, 0x0000000710c00000, 0x0000000710e00000|  0%| F|  |TAMS 0x0000000710c00000, 0x0000000710c00000| Untracked 
| 108|0x0000000710e00000, 0x0000000710e00000, 0x0000000711000000|  0%| F|  |TAMS 0x0000000710e00000, 0x0000000710e00000| Untracked 
| 109|0x0000000711000000, 0x0000000711000000, 0x0000000711200000|  0%| F|  |TAMS 0x0000000711000000, 0x0000000711000000| Untracked 
| 110|0x0000000711200000, 0x0000000711200000, 0x0000000711400000|  0%| F|  |TAMS 0x0000000711200000, 0x0000000711200000| Untracked 
| 111|0x0000000711400000, 0x0000000711400000, 0x0000000711600000|  0%| F|  |TAMS 0x0000000711400000, 0x0000000711400000| Untracked 
| 112|0x0000000711600000, 0x0000000711600000, 0x0000000711800000|  0%| F|  |TAMS 0x0000000711600000, 0x0000000711600000| Untracked 
| 113|0x0000000711800000, 0x0000000711800000, 0x0000000711a00000|  0%| F|  |TAMS 0x0000000711800000, 0x0000000711800000| Untracked 
| 114|0x0000000711a00000, 0x0000000711a00000, 0x0000000711c00000|  0%| F|  |TAMS 0x0000000711a00000, 0x0000000711a00000| Untracked 
| 115|0x0000000711c00000, 0x0000000711c00000, 0x0000000711e00000|  0%| F|  |TAMS 0x0000000711c00000, 0x0000000711c00000| Untracked 
| 116|0x0000000711e00000, 0x0000000711e00000, 0x0000000712000000|  0%| F|  |TAMS 0x0000000711e00000, 0x0000000711e00000| Untracked 
| 117|0x0000000712000000, 0x0000000712000000, 0x0000000712200000|  0%| F|  |TAMS 0x0000000712000000, 0x0000000712000000| Untracked 
| 118|0x0000000712200000, 0x0000000712200000, 0x0000000712400000|  0%| F|  |TAMS 0x0000000712200000, 0x0000000712200000| Untracked 
| 119|0x0000000712400000, 0x0000000712400000, 0x0000000712600000|  0%| F|  |TAMS 0x0000000712400000, 0x0000000712400000| Untracked 
| 120|0x0000000712600000, 0x0000000712600000, 0x0000000712800000|  0%| F|  |TAMS 0x0000000712600000, 0x0000000712600000| Untracked 
| 121|0x0000000712800000, 0x00000007128ed3f8, 0x0000000712a00000| 46%| E|  |TAMS 0x0000000712800000, 0x0000000712800000| Complete 
| 122|0x0000000712a00000, 0x0000000712c00000, 0x0000000712c00000|100%| E|CS|TAMS 0x0000000712a00000, 0x0000000712a00000| Complete 
| 123|0x0000000712c00000, 0x0000000712e00000, 0x0000000712e00000|100%| E|CS|TAMS 0x0000000712c00000, 0x0000000712c00000| Complete 
| 124|0x0000000712e00000, 0x0000000713000000, 0x0000000713000000|100%| E|  |TAMS 0x0000000712e00000, 0x0000000712e00000| Complete 
| 125|0x0000000713000000, 0x0000000713200000, 0x0000000713200000|100%| E|CS|TAMS 0x0000000713000000, 0x0000000713000000| Complete 
| 126|0x0000000713200000, 0x0000000713400000, 0x0000000713400000|100%| E|CS|TAMS 0x0000000713200000, 0x0000000713200000| Complete 

Card table byte_map: [0x000001aea8710000,0x000001aea8f00000] _byte_map_base: 0x000001aea4ef5000

Marking Bits (Prev, Next): (CMBitMap*) 0x000001ae957a23c0, (CMBitMap*) 0x000001ae957a2400
 Prev Bits: [0x000001aea96f0000, 0x000001aead618000)
 Next Bits: [0x000001aead620000, 0x000001aeb1548000)

Polling page: 0x000001ae936a0000

Metaspace:

Usage:
  Non-class:      8.26 MB used.
      Class:    741.98 KB used.
       Both:      8.99 MB used.

Virtual space:
  Non-class space:       16.00 MB reserved,       8.31 MB ( 52%) committed,  2 nodes.
      Class space:        1.00 GB reserved,     832.00 KB ( <1%) committed,  1 nodes.
             Both:        1.02 GB reserved,       9.12 MB ( <1%) committed. 

Chunk freelists:
   Non-Class:  3.23 MB
       Class:  3.11 MB
        Both:  6.34 MB

MaxMetaspaceSize: unlimited
CompressedClassSpaceSize: 1.00 GB
Initial GC threshold: 21.00 MB
Current GC threshold: 21.00 MB
CDS: off
MetaspaceReclaimPolicy: balanced
 - commit_granule_bytes: 65536.
 - commit_granule_words: 8192.
 - virtual_space_node_default_size: 1048576.
 - enlarge_chunks_in_place: 1.
 - new_chunks_are_fully_committed: 0.
 - uncommit_free_chunks: 1.
 - use_allocation_guard: 0.
 - handle_deallocations: 1.


Internal statistics:

num_allocs_failed_limit: 0.
num_arena_births: 6.
num_arena_deaths: 0.
num_vsnodes_births: 3.
num_vsnodes_deaths: 0.
num_space_committed: 146.
num_space_uncommitted: 0.
num_chunks_returned_to_freelist: 0.
num_chunks_taken_from_freelist: 105.
num_chunk_merges: 0.
num_chunk_splits: 83.
num_chunks_enlarged: 77.
num_purges: 0.
num_inconsistent_stats: 0.

CodeHeap 'non-profiled nmethods': size=120000Kb used=94Kb max_used=94Kb free=119905Kb
 bounds [0x000001aea06c0000, 0x000001aea0930000, 0x000001aea7bf0000]
CodeHeap 'profiled nmethods': size=120000Kb used=542Kb max_used=542Kb free=119457Kb
 bounds [0x000001ae98bf0000, 0x000001ae98e60000, 0x000001aea0120000]
CodeHeap 'non-nmethods': size=5760Kb used=1140Kb max_used=1153Kb free=4619Kb
 bounds [0x000001aea0120000, 0x000001aea0390000, 0x000001aea06c0000]
 total_blobs=758 nmethods=348 adapters=323
 compilation: enabled
              stopped_count=0, restarted_count=0
 full_count=0

Compilation events (20 events):
Event: 0.301 Thread 0x000001aeb4af55f0 nmethod 338 0x000001aea06d7690 code [0x000001aea06d7800, 0x000001aea06d78b8]
Event: 0.301 Thread 0x000001aeb48c3dd0 nmethod 339 0x000001ae98c70910 code [0x000001ae98c70ae0, 0x000001ae98c70f28]
Event: 0.301 Thread 0x000001aeb48c3dd0  340       3       java.util.ArrayList::add (23 bytes)
Event: 0.301 Thread 0x000001aeb48c3dd0 nmethod 340 0x000001ae98c71110 code [0x000001ae98c712e0, 0x000001ae98c716a8]
Event: 0.311 Thread 0x000001aeb48c3dd0  341       3       kotlin.jvm.internal.Intrinsics::checkNotNullExpressionValue (38 bytes)
Event: 0.311 Thread 0x000001aeb48c3dd0 nmethod 341 0x000001ae98c71810 code [0x000001ae98c71a40, 0x000001ae98c71fc8]
Event: 0.311 Thread 0x000001aeb48c3dd0  342       3       java.util.ArrayDeque::pollFirst (36 bytes)
Event: 0.311 Thread 0x000001aeb48c3dd0 nmethod 342 0x000001ae98c72210 code [0x000001ae98c723c0, 0x000001ae98c727d8]
Event: 0.311 Thread 0x000001aeb48c3dd0  343       3       sun.net.util.URLUtil::urlNoFragString (114 bytes)
Event: 0.312 Thread 0x000001aeb48c3dd0 nmethod 343 0x000001ae98c72990 code [0x000001ae98c72cc0, 0x000001ae98c73d48]
Event: 0.312 Thread 0x000001aeb48c3dd0  344       3       java.lang.Module::isNamed (13 bytes)
Event: 0.312 Thread 0x000001aeb48c3dd0 nmethod 344 0x000001ae98c74310 code [0x000001ae98c744a0, 0x000001ae98c74618]
Event: 0.313 Thread 0x000001aeb48c3dd0  345       3       java.util.jar.JarFile::getVersionedEntry (133 bytes)
Event: 0.313 Thread 0x000001aeb48c3dd0 nmethod 345 0x000001ae98c74690 code [0x000001ae98c74960, 0x000001ae98c75758]
Event: 0.314 Thread 0x000001aeb48c3dd0  346       3       java.util.jar.Attributes::getValue (9 bytes)
Event: 0.314 Thread 0x000001aeb48c3dd0 nmethod 346 0x000001ae98c75d10 code [0x000001ae98c75ec0, 0x000001ae98c761e8]
Event: 0.314 Thread 0x000001aeb48c3dd0  347       3       java.util.jar.Attributes::get (11 bytes)
Event: 0.315 Thread 0x000001aeb48c3dd0 nmethod 347 0x000001ae98c76310 code [0x000001ae98c764c0, 0x000001ae98c766a8]
Event: 0.315 Thread 0x000001aeb48c3dd0  348   !   3       jdk.internal.loader.URLClassPath$JarLoader::checkResource (78 bytes)
Event: 0.316 Thread 0x000001aeb48c3dd0 nmethod 348 0x000001ae98c76790 code [0x000001ae98c769e0, 0x000001ae98c77428]

GC Heap History (0 events):
No events

Dll operation events (1 events):
Event: 0.011 Loaded shared library C:\Program Files\Android\Android Studio\jbr\bin\java.dll

Deoptimization events (20 events):
Event: 0.116 Thread 0x000001ae95733020 DEOPT PACKING pc=0x000001ae98c06d0c sp=0x00000068ed0fd830
Event: 0.116 Thread 0x000001ae95733020 DEOPT UNPACKING pc=0x000001aea017ace3 sp=0x00000068ed0fccc0 mode 0
Event: 0.116 Thread 0x000001ae95733020 DEOPT PACKING pc=0x000001ae98c06d0c sp=0x00000068ed0fd830
Event: 0.116 Thread 0x000001ae95733020 DEOPT UNPACKING pc=0x000001aea017ace3 sp=0x00000068ed0fccc0 mode 0
Event: 0.116 Thread 0x000001ae95733020 DEOPT PACKING pc=0x000001ae98c06d0c sp=0x00000068ed0fd830
Event: 0.116 Thread 0x000001ae95733020 DEOPT UNPACKING pc=0x000001aea017ace3 sp=0x00000068ed0fccc0 mode 0
Event: 0.116 Thread 0x000001ae95733020 DEOPT PACKING pc=0x000001ae98c06d0c sp=0x00000068ed0fd830
Event: 0.116 Thread 0x000001ae95733020 DEOPT UNPACKING pc=0x000001aea017ace3 sp=0x00000068ed0fccc0 mode 0
Event: 0.116 Thread 0x000001ae95733020 DEOPT PACKING pc=0x000001ae98c06d0c sp=0x00000068ed0fd830
Event: 0.116 Thread 0x000001ae95733020 DEOPT UNPACKING pc=0x000001aea017ace3 sp=0x00000068ed0fccc0 mode 0
Event: 0.116 Thread 0x000001ae95733020 DEOPT PACKING pc=0x000001ae98c06d0c sp=0x00000068ed0fd830
Event: 0.116 Thread 0x000001ae95733020 DEOPT UNPACKING pc=0x000001aea017ace3 sp=0x00000068ed0fccc0 mode 0
Event: 0.173 Thread 0x000001ae95733020 Uncommon trap: trap_request=0xffffff45 fr.pc=0x000001aea06c47d0 relative=0x00000000000006f0
Event: 0.173 Thread 0x000001ae95733020 Uncommon trap: reason=unstable_if action=reinterpret pc=0x000001aea06c47d0 method=java.util.zip.ZipFile$Source.checkAndAddEntry(II)I @ 50 c2
Event: 0.173 Thread 0x000001ae95733020 DEOPT PACKING pc=0x000001aea06c47d0 sp=0x00000068ed0fe410
Event: 0.173 Thread 0x000001ae95733020 DEOPT UNPACKING pc=0x000001aea017a1a3 sp=0x00000068ed0fe388 mode 2
Event: 0.249 Thread 0x000001ae95733020 DEOPT PACKING pc=0x000001ae98c112e7 sp=0x00000068ed0fe130
Event: 0.249 Thread 0x000001ae95733020 DEOPT UNPACKING pc=0x000001aea017ace3 sp=0x00000068ed0fd550 mode 0
Event: 0.270 Thread 0x000001ae95733020 DEOPT PACKING pc=0x000001ae98c035d1 sp=0x00000068ed0f9a40
Event: 0.270 Thread 0x000001ae95733020 DEOPT UNPACKING pc=0x000001aea017ace3 sp=0x00000068ed0f8eb8 mode 0

Classes unloaded (0 events):
No events

Classes redefined (0 events):
No events

Internal exceptions (0 events):
No events

VM Operations (2 events):
Event: 0.124 Executing VM operation: HandshakeAllThreads
Event: 0.124 Executing VM operation: HandshakeAllThreads done

Events (20 events):
Event: 0.280 loading class java/util/regex/Pattern$TreeInfo done
Event: 0.287 loading class java/lang/NoSuchFieldError
Event: 0.287 loading class java/lang/IncompatibleClassChangeError
Event: 0.287 loading class java/lang/IncompatibleClassChangeError done
Event: 0.287 loading class java/lang/NoSuchFieldError done
Event: 0.288 loading class java/util/concurrent/atomic/AtomicReferenceFieldUpdater
Event: 0.288 loading class java/util/concurrent/atomic/AtomicReferenceFieldUpdater done
Event: 0.288 loading class java/util/concurrent/atomic/AtomicReferenceFieldUpdater$AtomicReferenceFieldUpdaterImpl
Event: 0.288 loading class java/util/concurrent/atomic/AtomicReferenceFieldUpdater$AtomicReferenceFieldUpdaterImpl done
Event: 0.288 loading class java/util/concurrent/atomic/AtomicReferenceFieldUpdater$AtomicReferenceFieldUpdaterImpl$1
Event: 0.288 loading class java/util/concurrent/atomic/AtomicReferenceFieldUpdater$AtomicReferenceFieldUpdaterImpl$1 done
Event: 0.289 loading class sun/reflect/misc/ReflectUtil
Event: 0.289 loading class sun/reflect/misc/ReflectUtil done
Event: 0.295 loading class java/util/regex/Pattern$Begin
Event: 0.295 loading class java/util/regex/Pattern$Begin done
Event: 0.295 loading class java/util/regex/Pattern$First
Event: 0.295 loading class java/util/regex/Pattern$First done
Event: 0.309 loading class java/util/LinkedHashSet
Event: 0.309 loading class java/util/LinkedHashSet done
Event: 0.316 loading class java/util/EnumMap


Dynamic libraries:
0x00007ff7fbcf0000 - 0x00007ff7fbcfa000 	C:\Program Files\Android\Android Studio\jbr\bin\java.exe
0x00007ff997d50000 - 0x00007ff997f67000 	C:\WINDOWS\SYSTEM32\ntdll.dll
0x00007ff996a50000 - 0x00007ff996b14000 	C:\WINDOWS\System32\KERNEL32.DLL
0x00007ff995360000 - 0x00007ff995706000 	C:\WINDOWS\System32\KERNELBASE.dll
0x00007ff995710000 - 0x00007ff995821000 	C:\WINDOWS\System32\ucrtbase.dll
0x00007ff95fe60000 - 0x00007ff95fe77000 	C:\Program Files\Android\Android Studio\jbr\bin\jli.dll
0x00007ff979310000 - 0x00007ff97932b000 	C:\Program Files\Android\Android Studio\jbr\bin\VCRUNTIME140.dll
0x00007ff996f40000 - 0x00007ff9970ee000 	C:\WINDOWS\System32\USER32.dll
0x00007ff9959c0000 - 0x00007ff9959e6000 	C:\WINDOWS\System32\win32u.dll
0x00007ff997220000 - 0x00007ff997249000 	C:\WINDOWS\System32\GDI32.dll
0x00007ff9958a0000 - 0x00007ff9959b8000 	C:\WINDOWS\System32\gdi32full.dll
0x00007ff995200000 - 0x00007ff99529a000 	C:\WINDOWS\System32\msvcp_win.dll
0x00007ff97b500000 - 0x00007ff97b793000 	C:\WINDOWS\WinSxS\amd64_microsoft.windows.common-controls_6595b64144ccf1df_6.0.22621.2506_none_270c5ae97388e100\COMCTL32.dll
0x00007ff9970f0000 - 0x00007ff997197000 	C:\WINDOWS\System32\msvcrt.dll
0x00007ff996eb0000 - 0x00007ff996ee1000 	C:\WINDOWS\System32\IMM32.DLL
0x00007ff979300000 - 0x00007ff97930c000 	C:\Program Files\Android\Android Studio\jbr\bin\vcruntime140_1.dll
0x00007ff979270000 - 0x00007ff9792fd000 	C:\Program Files\Android\Android Studio\jbr\bin\msvcp140.dll
0x00007ff9186f0000 - 0x00007ff91935e000 	C:\Program Files\Android\Android Studio\jbr\bin\server\jvm.dll
0x00007ff997b10000 - 0x00007ff997bc3000 	C:\WINDOWS\System32\ADVAPI32.dll
0x00007ff9975e0000 - 0x00007ff997688000 	C:\WINDOWS\System32\sechost.dll
0x00007ff9959f0000 - 0x00007ff995a18000 	C:\WINDOWS\System32\bcrypt.dll
0x00007ff997bd0000 - 0x00007ff997ce7000 	C:\WINDOWS\System32\RPCRT4.dll
0x00007ff978af0000 - 0x00007ff978af9000 	C:\WINDOWS\SYSTEM32\WSOCK32.dll
0x00007ff985530000 - 0x00007ff98553a000 	C:\WINDOWS\SYSTEM32\VERSION.dll
0x00007ff98ae20000 - 0x00007ff98ae54000 	C:\WINDOWS\SYSTEM32\WINMM.dll
0x00007ff996500000 - 0x00007ff996571000 	C:\WINDOWS\System32\WS2_32.dll
0x00007ff9940c0000 - 0x00007ff9940d8000 	C:\WINDOWS\SYSTEM32\kernel.appcore.dll
0x00007ff970920000 - 0x00007ff97092a000 	C:\Program Files\Android\Android Studio\jbr\bin\jimage.dll
0x00007ff9929a0000 - 0x00007ff992bd3000 	C:\WINDOWS\SYSTEM32\DBGHELP.DLL
0x00007ff997250000 - 0x00007ff9975d9000 	C:\WINDOWS\System32\combase.dll
0x00007ff9967c0000 - 0x00007ff996897000 	C:\WINDOWS\System32\OLEAUT32.dll
0x00007ff97a3f0000 - 0x00007ff97a422000 	C:\WINDOWS\SYSTEM32\dbgcore.DLL
0x00007ff995a20000 - 0x00007ff995a9a000 	C:\WINDOWS\System32\bcryptPrimitives.dll
0x00007ff9680b0000 - 0x00007ff9680d5000 	C:\Program Files\Android\Android Studio\jbr\bin\java.dll
0x00007ff960ca0000 - 0x00007ff960cb8000 	C:\Program Files\Android\Android Studio\jbr\bin\zip.dll
0x00007ff995aa0000 - 0x00007ff9962fa000 	C:\WINDOWS\System32\SHELL32.dll
0x00007ff992fe0000 - 0x00007ff9938d6000 	C:\WINDOWS\SYSTEM32\windows.storage.dll
0x00007ff992ea0000 - 0x00007ff992fde000 	C:\WINDOWS\SYSTEM32\wintypes.dll
0x00007ff996300000 - 0x00007ff9963f3000 	C:\WINDOWS\System32\SHCORE.dll
0x00007ff996dd0000 - 0x00007ff996e2e000 	C:\WINDOWS\System32\shlwapi.dll
0x00007ff994fc0000 - 0x00007ff994fe6000 	C:\WINDOWS\SYSTEM32\profapi.dll
0x00007ff960c80000 - 0x00007ff960c99000 	C:\Program Files\Android\Android Studio\jbr\bin\net.dll
0x00007ff98e200000 - 0x00007ff98e337000 	C:\WINDOWS\SYSTEM32\WINHTTP.dll
0x00007ff994540000 - 0x00007ff9945a9000 	C:\WINDOWS\system32\mswsock.dll
0x00007ff960240000 - 0x00007ff960256000 	C:\Program Files\Android\Android Studio\jbr\bin\nio.dll

dbghelp: loaded successfully - version: 4.0.5 - missing functions: none
symbol engine: initialized successfully - sym options: 0x614 - pdb path: .;C:\Program Files\Android\Android Studio\jbr\bin;C:\WINDOWS\SYSTEM32;C:\WINDOWS\WinSxS\amd64_microsoft.windows.common-controls_6595b64144ccf1df_6.0.22621.2506_none_270c5ae97388e100;C:\Program Files\Android\Android Studio\jbr\bin\server

VM Arguments:
java_command: org.jetbrains.kotlin.cli.jvm.K2JVMCompiler @D:\MyApplication\app\build\20240111_11933191579345567463.compiler.options
java_class_path (initial): C:\Users\86199\.gradle\caches\modules-2\files-2.1\org.jetbrains.kotlin\kotlin-compiler-embeddable\1.9.0\2c8c3a7402becca891f12739b3e9fd2dc2adbd7a\kotlin-compiler-embeddable-1.9.0.jar;C:\Users\86199\.gradle\caches\modules-2\files-2.1\org.jetbrains.kotlin\kotlin-stdlib\1.9.0\8ee15ef0c67dc83d874f412d84378d7f0eb50b63\kotlin-stdlib-1.9.0.jar;C:\Users\86199\.gradle\caches\modules-2\files-2.1\org.jetbrains.kotlin\kotlin-script-runtime\1.9.0\4b3102cbbb7e1b58d9d1adf89563f00069ffa7d1\kotlin-script-runtime-1.9.0.jar;C:\Users\86199\.gradle\caches\modules-2\files-2.1\org.jetbrains.kotlin\kotlin-reflect\1.6.10\1cbe9c92c12a94eea200d23c2bbaedaf3daf5132\kotlin-reflect-1.6.10.jar;C:\Users\86199\.gradle\caches\modules-2\files-2.1\org.jetbrains.kotlin\kotlin-daemon-embeddable\1.9.0\186543f5e28cf8d9a0290fecc2cf34301c40a65c\kotlin-daemon-embeddable-1.9.0.jar;C:\Users\86199\.gradle\caches\modules-2\files-2.1\org.jetbrains.intellij.deps\trove4j\1.0.20200330\3afb14d5f9ceb459d724e907a21145e8ff394f02\trove4j-1.0.20200330.jar;C:\Users\86199\.gradle\caches\modules-2\files-2.1\org.jetbrains.kotlin\kotlin-stdlib-common\1.9.0\cd65c21cfd1eec4d44ef09f9f52b6d9f8a720636\kotlin-stdlib-common-1.9.0.jar;C:\Users\86199\.gradle\caches\modules-2\files-2.1\org.jetbrains\annotations\13.0\919f0dfe192fb4e063e7dacadee7f8bb9a2672a9\annotations-13.0.jar
Launcher Type: SUN_STANDARD

[Global flags]
     intx CICompilerCount                          = 4                                         {product} {ergonomic}
     uint ConcGCThreads                            = 2                                         {product} {ergonomic}
     uint G1ConcRefinementThreads                  = 8                                         {product} {ergonomic}
   size_t G1HeapRegionSize                         = 2097152                                   {product} {ergonomic}
    uintx GCDrainStackTargetSize                   = 64                                        {product} {ergonomic}
   size_t InitialHeapSize                          = 266338304                                 {product} {ergonomic}
   size_t MarkStackSize                            = 4194304                                   {product} {ergonomic}
   size_t MaxHeapSize                              = 4238344192                                {product} {ergonomic}
   size_t MaxNewSize                               = 2541748224                                {product} {ergonomic}
   size_t MinHeapDeltaBytes                        = 2097152                                   {product} {ergonomic}
   size_t MinHeapSize                              = 8388608                                   {product} {ergonomic}
    uintx NonNMethodCodeHeapSize                   = 5839372                                {pd product} {ergonomic}
    uintx NonProfiledCodeHeapSize                  = 122909434                              {pd product} {ergonomic}
    uintx ProfiledCodeHeapSize                     = 122909434                              {pd product} {ergonomic}
    uintx ReservedCodeCacheSize                    = 251658240                              {pd product} {ergonomic}
     bool SegmentedCodeCache                       = true                                      {product} {ergonomic}
   size_t SoftMaxHeapSize                          = 4238344192                             {manageable} {ergonomic}
     bool UseCompressedClassPointers               = true                           {product lp64_product} {ergonomic}
     bool UseCompressedOops                        = true                           {product lp64_product} {ergonomic}
     bool UseG1GC                                  = true                                      {product} {ergonomic}
     bool UseLargePagesIndividualAllocation        = false                                  {pd product} {ergonomic}

Logging:
Log output configuration:
 #0: stdout all=warning uptime,level,tags
 #1: stderr all=off uptime,level,tags

Environment Variables:
JAVA_HOME=D:\android\Java
CLASSPATH=.;D:\android\Java\lib;D:\android\Java\lib\tools.jar
PATH=C:\Program Files\Java\jdk 1.8.0_341\bin;D:\android\Java\bin;D:\android\Java\jre\bin;D:\mysql\mysql-5.7.27-winx64\bin;c:\windows\system32;C:\WINDOWS\system32;D:\tomcat\apache-tomcat-8.5.47\bin;D:\Anaconda;D:\Anaconda\Scripts;D:\Anaconda\Library\bin;D:\Anaconda\Library\mingw-w64\bin;D:\tomcat\apache-tomcat-8.5.47\lib\;%OMCAT_HOME%\bin;C:\Program Files\Azure Data Studio\bin;C:\Users\86199\Downloads\ffmpeg-6.0-full_build\bin;C:\WINDOWS;C:\WINDOWS\System32\Wbem;C:\WINDOWS\System32\WindowsPowerShell\v1.0\;C:\WINDOWS\System32\OpenSSH\;D:\Download\微信web开发者工具\dll;%MAVEN;HOME%\bin;"% ANDROID_SDK_HOME%\platform-tools;% ANDROID_SDK_HOME%\tools";D:\android\SDK\platform-tools;C:\WINDOWS\system32;D:\software\node.js\;D:\software\gradle-8.0\bin;D:\software\Git\Git\cmd;D:\Anaconda;D:\Anaconda\Library\mingw-w64\bin;D:\Anaconda\Library\usr\bin;D:\Anaconda\Library\bin;D:\Anaconda\Scripts;C:\Users\86199\AppData\Local\Microsoft\WindowsApps;C:\Program Files\JetBrains\PyCharm Community Edition 2021.3\bin;;%JAVA_HOME\bin;%IntelliJ IDEA Community Edition%;C:\Program Files (x86)\Tencent\QQGameTempest\Hall.57915\;C:\Program Files\Azure Data Studio\bin;D:\Download\Microsoft VS Code\bin;C:\Users\86199\AppData\Roaming\npm
USERNAME=86199
OS=Windows_NT
PROCESSOR_IDENTIFIER=Intel64 Family 6 Model 140 Stepping 1, GenuineIntel
TMP=C:\Users\86199\AppData\Local\Temp
TEMP=C:\Users\86199\AppData\Local\Temp


JNI global refs:
JNI global refs: 9, weak refs: 0

JNI global refs memory usage: 843, weak refs: 841


---------------  S Y S T E M  ---------------

OS:
 Windows 11 , 64 bit Build 22621 (10.0.22621.2506)
OS uptime: 0 days 1:04 hours

CPU: total 8 (initial active 8) (4 cores per cpu, 2 threads per core) family 6 model 140 stepping 1 microcode 0x86, cx8, cmov, fxsr, ht, mmx, 3dnowpref, sse, sse2, sse3, ssse3, sse4.1, sse4.2, popcnt, lzcnt, tsc, tscinvbit, avx, avx2, aes, erms, clmul, bmi1, bmi2, adx, avx512f, avx512dq, avx512cd, avx512bw, avx512vl, sha, fma, vzeroupper, avx512_vpopcntdq, avx512_vpclmulqdq, avx512_vaes, avx512_vnni, clflush, clflushopt, clwb, avx512_vbmi2, avx512_vbmi

Memory: 4k page, system-wide physical 16167M (1531M free)
TotalPageFile size 16167M (AvailPageFile size 0M)
current process WorkingSet (physical memory assigned to process): 54M, peak: 54M
current process commit charge ("private bytes"): 342M, peak: 342M

vm_info: OpenJDK 64-Bit Server VM (17.0.6+0-b2043.56-10027231) for windows-amd64 JRE (17.0.6+0-b2043.56-10027231), built on Apr 28 2023 00:43:19 by "androidbuild" with MS VC++ 16.10 / 16.11 (VS2019)

END.
