#
# There is insufficient memory for the Java Runtime Environment to continue.
# Native memory allocation (malloc) failed to allocate 491536 bytes for Chunk::new
# Possible reasons:
#   The system is out of physical RAM or swap space
#   The process is running with CompressedOops enabled, and the Java Heap may be blocking the growth of the native heap
# Possible solutions:
#   Reduce memory load on the system
#   Increase physical memory or swap space
#   Check if swap backing store is full
#   Decrease Java heap size (-Xmx/-Xms)
#   Decrease number of Java threads
#   Decrease Java thread stack sizes (-Xss)
#   Set larger code cache with -XX:ReservedCodeCacheSize=
#   JVM is running with Unscaled Compressed Oops mode in which the Java heap is
#     placed in the first 4GB address space. The Java Heap base address is the
#     maximum limit for the native heap growth. Please use -XX:HeapBaseMinAddress
#     to set the Java Heap base and to place the Java Heap above 4GB virtual address.
# This output file may be truncated or incomplete.
#
#  Out of Memory Error (arena.cpp:189), pid=2040, tid=2320
#
# JRE version: OpenJDK Runtime Environment (17.0.6) (build 17.0.6+0-b2043.56-10027231)
# Java VM: OpenJDK 64-Bit Server VM (17.0.6+0-b2043.56-10027231, mixed mode, tiered, compressed oops, compressed class ptrs, g1 gc, windows-amd64)
# No core dump will be written. Minidumps are not enabled by default on client versions of Windows
#

---------------  S U M M A R Y ------------

Command Line: --add-opens=java.base/java.util=ALL-UNNAMED --add-opens=java.base/java.lang=ALL-UNNAMED --add-opens=java.base/java.lang.invoke=ALL-UNNAMED --add-opens=java.prefs/java.util.prefs=ALL-UNNAMED --add-opens=java.base/java.nio.charset=ALL-UNNAMED --add-opens=java.base/java.net=ALL-UNNAMED --add-opens=java.base/java.util.concurrent.atomic=ALL-UNNAMED -Xmx2048m -Dfile.encoding=UTF-8 -Duser.country=CN -Duser.language=zh -Duser.variant org.gradle.launcher.daemon.bootstrap.GradleDaemon 8.0

Host: 11th Gen Intel(R) Core(TM) i5-1135G7 @ 2.40GHz, 8 cores, 15G,  Windows 11 , 64 bit Build 22621 (10.0.22621.2506)
Time: Sat Jan 13 20:08:46 2024  Windows 11 , 64 bit Build 22621 (10.0.22621.2506) elapsed time: 3804.851806 seconds (0d 1h 3m 24s)

---------------  T H R E A D  ---------------

Current thread (0x000001b847cb5810):  JavaThread "C2 CompilerThread0" daemon [_thread_in_native, id=2320, stack(0x00000061c5100000,0x00000061c5200000)]


Current CompileTask:
C2:3804852 13518       4       java.lang.reflect.Method::getTypeParameters (20 bytes)

Stack: [0x00000061c5100000,0x00000061c5200000]
Native frames: (J=compiled Java code, j=interpreted, Vv=VM code, C=native code)
V  [jvm.dll+0x683c9a]
V  [jvm.dll+0x8427a4]
V  [jvm.dll+0x843f9e]
V  [jvm.dll+0x844603]
V  [jvm.dll+0x249b75]
V  [jvm.dll+0xabcac]
V  [jvm.dll+0xac27c]
V  [jvm.dll+0x2b0eef]
V  [jvm.dll+0x58a267]
V  [jvm.dll+0x2243b2]
V  [jvm.dll+0x22478f]
V  [jvm.dll+0x21e055]
V  [jvm.dll+0x21b51b]
V  [jvm.dll+0x1a4fdd]
V  [jvm.dll+0x22b098]
V  [jvm.dll+0x229159]
V  [jvm.dll+0x7f81ec]
V  [jvm.dll+0x7f274a]
V  [jvm.dll+0x682ad5]
C  [ucrtbase.dll+0x29363]
C  [KERNEL32.DLL+0x1257d]
C  [ntdll.dll+0x5aa58]


---------------  P R O C E S S  ---------------

Threads class SMR info:
_java_thread_list=0x000001b84bffa240, length=46, elements={
0x000001b82d32f0e0, 0x000001b84717e110, 0x000001b847c40140, 0x000001b847c6c2b0,
0x000001b847c6ce60, 0x000001b847c4abf0, 0x000001b847cb5010, 0x000001b847cb5810,
0x000001b847cb96c0, 0x000001b847cc20c0, 0x000001b847e46b40, 0x000001b847e4b030,
0x000001b84aa1b7c0, 0x000001b8483892a0, 0x000001b84a7f4cb0, 0x000001b848eb11d0,
0x000001b848eb2510, 0x000001b848eb0360, 0x000001b848eb1b70, 0x000001b848eb0d00,
0x000001b848eb0830, 0x000001b848eb16a0, 0x000001b848eb2040, 0x000001b84ac08710,
0x000001b84ac0c0d0, 0x000001b84ac056f0, 0x000001b84ac0b730, 0x000001b84ac0c5a0,
0x000001b84ac06090, 0x000001b84ac06a30, 0x000001b84ac07d70, 0x000001b84e9cac90,
0x000001b84e9ca2f0, 0x000001b84e9d0cd0, 0x000001b84e9ca7c0, 0x000001b84e9cd310,
0x000001b84e9cc4a0, 0x000001b84e9cb630, 0x000001b84e9cbb00, 0x000001b8523ff020,
0x000001b84e9cc970, 0x000001b84e9cf4c0, 0x000001b84e9ce180, 0x000001b84e9d0800,
0x000001b8524031f0, 0x000001b84e9cd7e0
}

Java Threads: ( => current thread )
  0x000001b82d32f0e0 JavaThread "main" [_thread_blocked, id=19244, stack(0x00000061c4400000,0x00000061c4500000)]
  0x000001b84717e110 JavaThread "Reference Handler" daemon [_thread_blocked, id=15888, stack(0x00000061c4b00000,0x00000061c4c00000)]
  0x000001b847c40140 JavaThread "Finalizer" daemon [_thread_blocked, id=15684, stack(0x00000061c4c00000,0x00000061c4d00000)]
  0x000001b847c6c2b0 JavaThread "Signal Dispatcher" daemon [_thread_blocked, id=17140, stack(0x00000061c4d00000,0x00000061c4e00000)]
  0x000001b847c6ce60 JavaThread "Attach Listener" daemon [_thread_blocked, id=17476, stack(0x00000061c4e00000,0x00000061c4f00000)]
  0x000001b847c4abf0 JavaThread "Service Thread" daemon [_thread_blocked, id=5460, stack(0x00000061c4f00000,0x00000061c5000000)]
  0x000001b847cb5010 JavaThread "Monitor Deflation Thread" daemon [_thread_blocked, id=11960, stack(0x00000061c5000000,0x00000061c5100000)]
=>0x000001b847cb5810 JavaThread "C2 CompilerThread0" daemon [_thread_in_native, id=2320, stack(0x00000061c5100000,0x00000061c5200000)]
  0x000001b847cb96c0 JavaThread "C1 CompilerThread0" daemon [_thread_in_native, id=18604, stack(0x00000061c5200000,0x00000061c5300000)]
  0x000001b847cc20c0 JavaThread "Sweeper thread" daemon [_thread_blocked, id=6172, stack(0x00000061c5300000,0x00000061c5400000)]
  0x000001b847e46b40 JavaThread "Common-Cleaner" daemon [_thread_blocked, id=9460, stack(0x00000061c5400000,0x00000061c5500000)]
  0x000001b847e4b030 JavaThread "Notification Thread" daemon [_thread_blocked, id=4148, stack(0x00000061c5500000,0x00000061c5600000)]
  0x000001b84aa1b7c0 JavaThread "Daemon health stats" [_thread_blocked, id=19200, stack(0x00000061c5e00000,0x00000061c5f00000)]
  0x000001b8483892a0 JavaThread "Incoming local TCP Connector on port 53423" [_thread_in_native, id=12664, stack(0x00000061c5700000,0x00000061c5800000)]
  0x000001b84a7f4cb0 JavaThread "Daemon periodic checks" [_thread_blocked, id=14120, stack(0x00000061c5800000,0x00000061c5900000)]
  0x000001b848eb11d0 JavaThread "Cache worker for journal cache (C:\Users\86199\.gradle\caches\journal-1)" [_thread_blocked, id=12904, stack(0x00000061c6a00000,0x00000061c6b00000)]
  0x000001b848eb2510 JavaThread "File lock request listener" [_thread_in_native, id=3180, stack(0x00000061c6b00000,0x00000061c6c00000)]
  0x000001b848eb0360 JavaThread "Cache worker for file hash cache (C:\Users\86199\.gradle\caches\8.0\fileHashes)" [_thread_blocked, id=3652, stack(0x00000061c6c00000,0x00000061c6d00000)]
  0x000001b848eb1b70 JavaThread "File watcher server" daemon [_thread_in_native, id=7176, stack(0x00000061c6e00000,0x00000061c6f00000)]
  0x000001b848eb0d00 JavaThread "File watcher consumer" daemon [_thread_blocked, id=13324, stack(0x00000061c6f00000,0x00000061c7000000)]
  0x000001b848eb0830 JavaThread "jar transforms" [_thread_blocked, id=5200, stack(0x00000061c7000000,0x00000061c7100000)]
  0x000001b848eb16a0 JavaThread "jar transforms Thread 2" [_thread_blocked, id=14968, stack(0x00000061c7100000,0x00000061c7200000)]
  0x000001b848eb2040 JavaThread "jar transforms Thread 3" [_thread_blocked, id=11948, stack(0x00000061c7200000,0x00000061c7300000)]
  0x000001b84ac08710 JavaThread "jar transforms Thread 4" [_thread_blocked, id=12956, stack(0x00000061c7300000,0x00000061c7400000)]
  0x000001b84ac0c0d0 JavaThread "jar transforms Thread 5" [_thread_blocked, id=19328, stack(0x00000061c7400000,0x00000061c7500000)]
  0x000001b84ac056f0 JavaThread "jar transforms Thread 6" [_thread_blocked, id=7280, stack(0x00000061c7500000,0x00000061c7600000)]
  0x000001b84ac0b730 JavaThread "jar transforms Thread 7" [_thread_blocked, id=4700, stack(0x00000061c7600000,0x00000061c7700000)]
  0x000001b84ac0c5a0 JavaThread "jar transforms Thread 8" [_thread_blocked, id=2292, stack(0x00000061c7700000,0x00000061c7800000)]
  0x000001b84ac06090 JavaThread "Cache worker for file content cache (C:\Users\86199\.gradle\caches\8.0\fileContent)" [_thread_blocked, id=3148, stack(0x00000061c7a00000,0x00000061c7b00000)]
  0x000001b84ac06a30 JavaThread "Cache worker for execution history cache (C:\Users\86199\.gradle\caches\8.0\executionHistory)" [_thread_blocked, id=11952, stack(0x00000061c7d00000,0x00000061c7e00000)]
  0x000001b84ac07d70 JavaThread "Cache worker for kotlin-dsl (C:\Users\86199\.gradle\caches\8.0\kotlin-dsl)" [_thread_blocked, id=4760, stack(0x00000061c7f00000,0x00000061c8000000)]
  0x000001b84e9cac90 JavaThread "Memory manager" [_thread_blocked, id=12636, stack(0x00000061cd200000,0x00000061cd300000)]
  0x000001b84e9ca2f0 JavaThread "Daemon Thread 2" [_thread_blocked, id=14572, stack(0x00000061c4200000,0x00000061c4300000)]
  0x000001b84e9d0cd0 JavaThread "Handler for socket connection from /127.0.0.1:53423 to /127.0.0.1:58886" [_thread_in_native, id=17152, stack(0x00000061c4300000,0x00000061c4400000)]
  0x000001b84e9ca7c0 JavaThread "Cancel handler" [_thread_blocked, id=19816, stack(0x00000061c5f00000,0x00000061c6000000)]
  0x000001b84e9cd310 JavaThread "Daemon worker Thread 2" [_thread_in_native, id=1880, stack(0x00000061c6100000,0x00000061c6200000)]
  0x000001b84e9cc4a0 JavaThread "Asynchronous log dispatcher for DefaultDaemonConnection: socket connection from /127.0.0.1:53423 to /127.0.0.1:58886" [_thread_blocked, id=11288, stack(0x00000061c6200000,0x00000061c6300000)]
  0x000001b84e9cb630 JavaThread "Stdin handler" [_thread_blocked, id=14260, stack(0x00000061c6300000,0x00000061c6400000)]
  0x000001b84e9cbb00 JavaThread "Daemon client event forwarder" [_thread_blocked, id=5732, stack(0x00000061c6400000,0x00000061c6500000)]
  0x000001b8523ff020 JavaThread "C2 CompilerThread1" daemon [_thread_in_native, id=20144, stack(0x00000061c6500000,0x00000061c6600000)]
  0x000001b84e9cc970 JavaThread "Cache worker for checksums cache (D:\MyApplication\.gradle\8.0\checksums)" [_thread_blocked, id=15156, stack(0x00000061c6600000,0x00000061c6700000)]
  0x000001b84e9cf4c0 JavaThread "Cache worker for cache directory md-rule (C:\Users\86199\.gradle\caches\8.0\md-rule)" [_thread_blocked, id=20032, stack(0x00000061c6700000,0x00000061c6800000)]
  0x000001b84e9ce180 JavaThread "Cache worker for file hash cache (D:\MyApplication\.gradle\8.0\fileHashes)" [_thread_blocked, id=10216, stack(0x00000061c6d00000,0x00000061c6e00000)]
  0x000001b84e9d0800 JavaThread "Cache worker for cache directory md-supplier (C:\Users\86199\.gradle\caches\8.0\md-supplier)" [_thread_blocked, id=19884, stack(0x00000061c7800000,0x00000061c7900000)]
  0x000001b8524031f0 JavaThread "C2 CompilerThread2" daemon [_thread_in_native, id=8992, stack(0x00000061c7900000,0x00000061c7a00000)]
  0x000001b84e9cd7e0 JavaThread "Cache worker for dependencies-accessors (D:\MyApplication\.gradle\8.0\dependencies-accessors)" [_thread_blocked, id=1572, stack(0x00000061c7b00000,0x00000061c7c00000)]

Other Threads:
  0x000001b84719ecd0 VMThread "VM Thread" [stack: 0x00000061c4a00000,0x00000061c4b00000] [id=17844]
  0x000001b82d3ad1c0 WatcherThread [stack: 0x00000061c5600000,0x00000061c5700000] [id=4636]
  0x000001b82d38c310 GCTaskThread "GC Thread#0" [stack: 0x00000061c4500000,0x00000061c4600000] [id=19196]
  0x000001b848784fe0 GCTaskThread "GC Thread#1" [stack: 0x00000061c5900000,0x00000061c5a00000] [id=3008]
  0x000001b848785290 GCTaskThread "GC Thread#2" [stack: 0x00000061c5a00000,0x00000061c5b00000] [id=18312]
  0x000001b848783fc0 GCTaskThread "GC Thread#3" [stack: 0x00000061c5b00000,0x00000061c5c00000] [id=1180]
  0x000001b848784270 GCTaskThread "GC Thread#4" [stack: 0x00000061c5c00000,0x00000061c5d00000] [id=15420]
  0x000001b848783d10 GCTaskThread "GC Thread#5" [stack: 0x00000061c5d00000,0x00000061c5e00000] [id=14388]
  0x000001b848784a80 GCTaskThread "GC Thread#6" [stack: 0x00000061c6000000,0x00000061c6100000] [id=17648]
  0x000001b848784d30 GCTaskThread "GC Thread#7" [stack: 0x00000061c6800000,0x00000061c6900000] [id=16740]
  0x000001b82d39d250 ConcurrentGCThread "G1 Main Marker" [stack: 0x00000061c4600000,0x00000061c4700000] [id=15372]
  0x000001b82d39e400 ConcurrentGCThread "G1 Conc#0" [stack: 0x00000061c4700000,0x00000061c4800000] [id=13944]
  0x000001b84a631300 ConcurrentGCThread "G1 Conc#1" [stack: 0x00000061c6900000,0x00000061c6a00000] [id=7796]
  0x000001b82d3eec20 ConcurrentGCThread "G1 Refine#0" [stack: 0x00000061c4800000,0x00000061c4900000] [id=15964]
  0x000001b84ae69140 ConcurrentGCThread "G1 Refine#1" [stack: 0x00000061c7e00000,0x00000061c7f00000] [id=1352]
  0x000001b850878920 ConcurrentGCThread "G1 Refine#2" [stack: 0x00000061c4100000,0x00000061c4200000] [id=16284]
  0x000001b84702a8f0 ConcurrentGCThread "G1 Service" [stack: 0x00000061c4900000,0x00000061c4a00000] [id=8432]

Threads with active compile tasks:
C2 CompilerThread0  3804897 13518       4       java.lang.reflect.Method::getTypeParameters (20 bytes)
C1 CompilerThread0  3804898 13569       3       jdk.internal.reflect.AccessorGenerator::emitBoxingContantPoolEntries (1439 bytes)
C2 CompilerThread1  3804898 13506       4       org.codehaus.groovy.vmplugin.v9.Java9::checkCanSetAccessible (137 bytes)
C2 CompilerThread2  3804898 13524       4       java.lang.reflect.Modifier::toString (185 bytes)

VM state: not at safepoint (normal execution)

VM Mutex/Monitor currently owned by a thread: None

Heap address: 0x0000000080000000, size: 2048 MB, Compressed Oops mode: 32-bit

CDS archive(s) not mapped
Compressed class space mapped at: 0x0000000100000000-0x0000000140000000, reserved size: 1073741824
Narrow klass base: 0x0000000000000000, Narrow klass shift: 3, Narrow klass range: 0x140000000

GC Precious Log:
 CPUs: 8 total, 8 available
 Memory: 16167M
 Large Page Support: Disabled
 NUMA Support: Disabled
 Compressed Oops: Enabled (32-bit)
 Heap Region Size: 1M
 Heap Min Capacity: 8M
 Heap Initial Capacity: 254M
 Heap Max Capacity: 2G
 Pre-touch: Disabled
 Parallel Workers: 8
 Concurrent Workers: 2
 Concurrent Refinement Workers: 8
 Periodic GC: Disabled

Heap:
 garbage-first heap   total 268288K, used 198303K [0x0000000080000000, 0x0000000100000000)
  region size 1024K, 41 young (41984K), 1 survivors (1024K)
 Metaspace       used 112264K, committed 114112K, reserved 1155072K
  class space    used 15012K, committed 15744K, reserved 1048576K

Heap Regions: E=young(eden), S=young(survivor), O=old, HS=humongous(starts), HC=humongous(continues), CS=collection set, F=free, OA=open archive, CA=closed archive, TAMS=top-at-mark-start (previous, next)
|   0|0x0000000080000000, 0x0000000080100000, 0x0000000080100000|100%|HS|  |TAMS 0x0000000080100000, 0x0000000080000000| Complete 
|   1|0x0000000080100000, 0x0000000080200000, 0x0000000080200000|100%|HC|  |TAMS 0x0000000080200000, 0x0000000080100000| Complete 
|   2|0x0000000080200000, 0x0000000080300000, 0x0000000080300000|100%|HC|  |TAMS 0x0000000080300000, 0x0000000080200000| Complete 
|   3|0x0000000080300000, 0x0000000080400000, 0x0000000080400000|100%|HC|  |TAMS 0x0000000080400000, 0x0000000080300000| Complete 
|   4|0x0000000080400000, 0x0000000080500000, 0x0000000080500000|100%| O|  |TAMS 0x0000000080500000, 0x0000000080400000| Untracked 
|   5|0x0000000080500000, 0x0000000080600000, 0x0000000080600000|100%| O|  |TAMS 0x0000000080600000, 0x0000000080500000| Untracked 
|   6|0x0000000080600000, 0x0000000080700000, 0x0000000080700000|100%| O|  |TAMS 0x0000000080700000, 0x0000000080600000| Untracked 
|   7|0x0000000080700000, 0x0000000080800000, 0x0000000080800000|100%| O|  |TAMS 0x0000000080800000, 0x0000000080700000| Untracked 
|   8|0x0000000080800000, 0x0000000080900000, 0x0000000080900000|100%| O|  |TAMS 0x0000000080900000, 0x0000000080800000| Untracked 
|   9|0x0000000080900000, 0x0000000080a00000, 0x0000000080a00000|100%| O|  |TAMS 0x0000000080a00000, 0x0000000080900000| Untracked 
|  10|0x0000000080a00000, 0x0000000080b00000, 0x0000000080b00000|100%| O|  |TAMS 0x0000000080b00000, 0x0000000080a00000| Untracked 
|  11|0x0000000080b00000, 0x0000000080c00000, 0x0000000080c00000|100%| O|  |TAMS 0x0000000080c00000, 0x0000000080b00000| Complete 
|  12|0x0000000080c00000, 0x0000000080d00000, 0x0000000080d00000|100%| O|  |TAMS 0x0000000080d00000, 0x0000000080c00000| Untracked 
|  13|0x0000000080d00000, 0x0000000080e00000, 0x0000000080e00000|100%| O|  |TAMS 0x0000000080e00000, 0x0000000080d00000| Untracked 
|  14|0x0000000080e00000, 0x0000000080f00000, 0x0000000080f00000|100%| O|  |TAMS 0x0000000080f00000, 0x0000000080e00000| Untracked 
|  15|0x0000000080f00000, 0x0000000081000000, 0x0000000081000000|100%| O|  |TAMS 0x0000000081000000, 0x0000000080f00000| Untracked 
|  16|0x0000000081000000, 0x0000000081100000, 0x0000000081100000|100%| O|  |TAMS 0x0000000081100000, 0x0000000081000000| Untracked 
|  17|0x0000000081100000, 0x0000000081200000, 0x0000000081200000|100%| O|  |TAMS 0x0000000081200000, 0x0000000081100000| Untracked 
|  18|0x0000000081200000, 0x0000000081300000, 0x0000000081300000|100%| O|  |TAMS 0x0000000081300000, 0x0000000081200000| Untracked 
|  19|0x0000000081300000, 0x0000000081400000, 0x0000000081400000|100%|HS|  |TAMS 0x0000000081400000, 0x0000000081300000| Complete 
|  20|0x0000000081400000, 0x0000000081500000, 0x0000000081500000|100%|HC|  |TAMS 0x0000000081500000, 0x0000000081400000| Complete 
|  21|0x0000000081500000, 0x0000000081600000, 0x0000000081600000|100%|HS|  |TAMS 0x0000000081600000, 0x0000000081500000| Complete 
|  22|0x0000000081600000, 0x0000000081700000, 0x0000000081700000|100%|HC|  |TAMS 0x0000000081700000, 0x0000000081600000| Complete 
|  23|0x0000000081700000, 0x0000000081800000, 0x0000000081800000|100%|HC|  |TAMS 0x0000000081800000, 0x0000000081700000| Complete 
|  24|0x0000000081800000, 0x0000000081900000, 0x0000000081900000|100%| O|  |TAMS 0x0000000081900000, 0x0000000081800000| Untracked 
|  25|0x0000000081900000, 0x0000000081a00000, 0x0000000081a00000|100%| O|  |TAMS 0x0000000081a00000, 0x0000000081900000| Untracked 
|  26|0x0000000081a00000, 0x0000000081b00000, 0x0000000081b00000|100%| O|  |TAMS 0x0000000081b00000, 0x0000000081a00000| Untracked 
|  27|0x0000000081b00000, 0x0000000081c00000, 0x0000000081c00000|100%|HS|  |TAMS 0x0000000081c00000, 0x0000000081b00000| Complete 
|  28|0x0000000081c00000, 0x0000000081d00000, 0x0000000081d00000|100%|HC|  |TAMS 0x0000000081d00000, 0x0000000081c00000| Complete 
|  29|0x0000000081d00000, 0x0000000081e00000, 0x0000000081e00000|100%|HC|  |TAMS 0x0000000081e00000, 0x0000000081d00000| Complete 
|  30|0x0000000081e00000, 0x0000000081f00000, 0x0000000081f00000|100%| O|  |TAMS 0x0000000081f00000, 0x0000000081e00000| Untracked 
|  31|0x0000000081f00000, 0x0000000082000000, 0x0000000082000000|100%| O|  |TAMS 0x0000000082000000, 0x0000000081f00000| Untracked 
|  32|0x0000000082000000, 0x0000000082100000, 0x0000000082100000|100%| O|  |TAMS 0x0000000082100000, 0x0000000082000000| Untracked 
|  33|0x0000000082100000, 0x0000000082200000, 0x0000000082200000|100%|HS|  |TAMS 0x0000000082200000, 0x0000000082100000| Complete 
|  34|0x0000000082200000, 0x0000000082300000, 0x0000000082300000|100%|HC|  |TAMS 0x0000000082300000, 0x0000000082200000| Complete 
|  35|0x0000000082300000, 0x0000000082400000, 0x0000000082400000|100%| O|  |TAMS 0x0000000082400000, 0x0000000082300000| Untracked 
|  36|0x0000000082400000, 0x0000000082500000, 0x0000000082500000|100%| O|  |TAMS 0x0000000082500000, 0x0000000082400000| Untracked 
|  37|0x0000000082500000, 0x0000000082600000, 0x0000000082600000|100%| O|  |TAMS 0x0000000082600000, 0x0000000082500000| Untracked 
|  38|0x0000000082600000, 0x0000000082700000, 0x0000000082700000|100%| O|  |TAMS 0x0000000082700000, 0x0000000082600000| Untracked 
|  39|0x0000000082700000, 0x0000000082800000, 0x0000000082800000|100%| O|  |TAMS 0x0000000082800000, 0x0000000082700000| Untracked 
|  40|0x0000000082800000, 0x0000000082900000, 0x0000000082900000|100%| O|  |TAMS 0x0000000082900000, 0x0000000082800000| Untracked 
|  41|0x0000000082900000, 0x0000000082a00000, 0x0000000082a00000|100%| O|  |TAMS 0x0000000082a00000, 0x0000000082900000| Untracked 
|  42|0x0000000082a00000, 0x0000000082b00000, 0x0000000082b00000|100%|HS|  |TAMS 0x0000000082b00000, 0x0000000082a00000| Complete 
|  43|0x0000000082b00000, 0x0000000082c00000, 0x0000000082c00000|100%|HC|  |TAMS 0x0000000082c00000, 0x0000000082b00000| Complete 
|  44|0x0000000082c00000, 0x0000000082d00000, 0x0000000082d00000|100%|HC|  |TAMS 0x0000000082d00000, 0x0000000082c00000| Complete 
|  45|0x0000000082d00000, 0x0000000082e00000, 0x0000000082e00000|100%|HS|  |TAMS 0x0000000082e00000, 0x0000000082d00000| Complete 
|  46|0x0000000082e00000, 0x0000000082f00000, 0x0000000082f00000|100%|HC|  |TAMS 0x0000000082f00000, 0x0000000082e00000| Complete 
|  47|0x0000000082f00000, 0x0000000083000000, 0x0000000083000000|100%|HC|  |TAMS 0x0000000083000000, 0x0000000082f00000| Complete 
|  48|0x0000000083000000, 0x0000000083100000, 0x0000000083100000|100%|HC|  |TAMS 0x0000000083100000, 0x0000000083000000| Complete 
|  49|0x0000000083100000, 0x0000000083200000, 0x0000000083200000|100%|HC|  |TAMS 0x0000000083200000, 0x0000000083100000| Complete 
|  50|0x0000000083200000, 0x0000000083300000, 0x0000000083300000|100%|HC|  |TAMS 0x0000000083300000, 0x0000000083200000| Complete 
|  51|0x0000000083300000, 0x0000000083400000, 0x0000000083400000|100%|HC|  |TAMS 0x0000000083400000, 0x0000000083300000| Complete 
|  52|0x0000000083400000, 0x0000000083500000, 0x0000000083500000|100%|HC|  |TAMS 0x0000000083500000, 0x0000000083400000| Complete 
|  53|0x0000000083500000, 0x0000000083600000, 0x0000000083600000|100%|HC|  |TAMS 0x0000000083600000, 0x0000000083500000| Complete 
|  54|0x0000000083600000, 0x0000000083700000, 0x0000000083700000|100%|HC|  |TAMS 0x0000000083700000, 0x0000000083600000| Complete 
|  55|0x0000000083700000, 0x0000000083800000, 0x0000000083800000|100%|HC|  |TAMS 0x0000000083800000, 0x0000000083700000| Complete 
|  56|0x0000000083800000, 0x0000000083900000, 0x0000000083900000|100%|HC|  |TAMS 0x0000000083900000, 0x0000000083800000| Complete 
|  57|0x0000000083900000, 0x0000000083a00000, 0x0000000083a00000|100%|HS|  |TAMS 0x0000000083a00000, 0x0000000083900000| Complete 
|  58|0x0000000083a00000, 0x0000000083b00000, 0x0000000083b00000|100%|HC|  |TAMS 0x0000000083b00000, 0x0000000083a00000| Complete 
|  59|0x0000000083b00000, 0x0000000083c00000, 0x0000000083c00000|100%|HC|  |TAMS 0x0000000083c00000, 0x0000000083b00000| Complete 
|  60|0x0000000083c00000, 0x0000000083d00000, 0x0000000083d00000|100%| O|  |TAMS 0x0000000083d00000, 0x0000000083c00000| Untracked 
|  61|0x0000000083d00000, 0x0000000083e00000, 0x0000000083e00000|100%| O|  |TAMS 0x0000000083e00000, 0x0000000083d00000| Complete 
|  62|0x0000000083e00000, 0x0000000083f00000, 0x0000000083f00000|100%| O|  |TAMS 0x0000000083f00000, 0x0000000083e00000| Untracked 
|  63|0x0000000083f00000, 0x0000000084000000, 0x0000000084000000|100%| O|  |TAMS 0x0000000084000000, 0x0000000083f00000| Untracked 
|  64|0x0000000084000000, 0x0000000084100000, 0x0000000084100000|100%| O|  |TAMS 0x0000000084100000, 0x0000000084000000| Complete 
|  65|0x0000000084100000, 0x0000000084200000, 0x0000000084200000|100%| O|  |TAMS 0x0000000084200000, 0x0000000084100000| Untracked 
|  66|0x0000000084200000, 0x0000000084300000, 0x0000000084300000|100%| O|  |TAMS 0x0000000084300000, 0x0000000084200000| Complete 
|  67|0x0000000084300000, 0x0000000084400000, 0x0000000084400000|100%| O|  |TAMS 0x0000000084400000, 0x0000000084300000| Untracked 
|  68|0x0000000084400000, 0x0000000084500000, 0x0000000084500000|100%| O|  |TAMS 0x0000000084500000, 0x0000000084400000| Untracked 
|  69|0x0000000084500000, 0x0000000084600000, 0x0000000084600000|100%| O|  |TAMS 0x0000000084600000, 0x0000000084500000| Complete 
|  70|0x0000000084600000, 0x0000000084700000, 0x0000000084700000|100%| O|  |TAMS 0x0000000084700000, 0x0000000084600000| Complete 
|  71|0x0000000084700000, 0x0000000084800000, 0x0000000084800000|100%| O|  |TAMS 0x0000000084800000, 0x0000000084700000| Untracked 
|  72|0x0000000084800000, 0x0000000084900000, 0x0000000084900000|100%|HS|  |TAMS 0x0000000084900000, 0x0000000084800000| Complete 
|  73|0x0000000084900000, 0x0000000084a00000, 0x0000000084a00000|100%|HS|  |TAMS 0x0000000084a00000, 0x0000000084900000| Complete 
|  74|0x0000000084a00000, 0x0000000084b00000, 0x0000000084b00000|100%|HS|  |TAMS 0x0000000084b00000, 0x0000000084a00000| Complete 
|  75|0x0000000084b00000, 0x0000000084c00000, 0x0000000084c00000|100%|HC|  |TAMS 0x0000000084c00000, 0x0000000084b00000| Complete 
|  76|0x0000000084c00000, 0x0000000084d00000, 0x0000000084d00000|100%|HS|  |TAMS 0x0000000084d00000, 0x0000000084c00000| Complete 
|  77|0x0000000084d00000, 0x0000000084e00000, 0x0000000084e00000|100%|HS|  |TAMS 0x0000000084e00000, 0x0000000084d00000| Complete 
|  78|0x0000000084e00000, 0x0000000084f00000, 0x0000000084f00000|100%|HC|  |TAMS 0x0000000084f00000, 0x0000000084e00000| Complete 
|  79|0x0000000084f00000, 0x0000000085000000, 0x0000000085000000|100%|HC|  |TAMS 0x0000000085000000, 0x0000000084f00000| Complete 
|  80|0x0000000085000000, 0x0000000085100000, 0x0000000085100000|100%|HC|  |TAMS 0x0000000085100000, 0x0000000085000000| Complete 
|  81|0x0000000085100000, 0x0000000085100000, 0x0000000085200000|  0%| F|  |TAMS 0x0000000085100000, 0x0000000085100000| Untracked 
|  82|0x0000000085200000, 0x0000000085300000, 0x0000000085300000|100%| O|  |TAMS 0x0000000085300000, 0x0000000085200000| Untracked 
|  83|0x0000000085300000, 0x0000000085400000, 0x0000000085400000|100%| O|  |TAMS 0x0000000085400000, 0x0000000085300000| Untracked 
|  84|0x0000000085400000, 0x0000000085500000, 0x0000000085500000|100%| O|  |TAMS 0x0000000085500000, 0x0000000085400000| Untracked 
|  85|0x0000000085500000, 0x0000000085600000, 0x0000000085600000|100%| O|  |TAMS 0x0000000085600000, 0x0000000085500000| Untracked 
|  86|0x0000000085600000, 0x0000000085700000, 0x0000000085700000|100%| O|  |TAMS 0x0000000085700000, 0x0000000085600000| Untracked 
|  87|0x0000000085700000, 0x0000000085800000, 0x0000000085800000|100%| O|  |TAMS 0x0000000085800000, 0x0000000085700000| Untracked 
|  88|0x0000000085800000, 0x0000000085900000, 0x0000000085900000|100%| O|  |TAMS 0x0000000085900000, 0x0000000085800000| Complete 
|  89|0x0000000085900000, 0x0000000085900000, 0x0000000085a00000|  0%| F|  |TAMS 0x0000000085900000, 0x0000000085900000| Untracked 
|  90|0x0000000085a00000, 0x0000000085b00000, 0x0000000085b00000|100%| O|  |TAMS 0x0000000085b00000, 0x0000000085a00000| Complete 
|  91|0x0000000085b00000, 0x0000000085c00000, 0x0000000085c00000|100%| O|  |TAMS 0x0000000085c00000, 0x0000000085b00000| Untracked 
|  92|0x0000000085c00000, 0x0000000085d00000, 0x0000000085d00000|100%| O|  |TAMS 0x0000000085d00000, 0x0000000085c00000| Untracked 
|  93|0x0000000085d00000, 0x0000000085e00000, 0x0000000085e00000|100%| O|  |TAMS 0x0000000085e00000, 0x0000000085d00000| Untracked 
|  94|0x0000000085e00000, 0x0000000085f00000, 0x0000000085f00000|100%| O|  |TAMS 0x0000000085f00000, 0x0000000085e00000| Untracked 
|  95|0x0000000085f00000, 0x0000000086000000, 0x0000000086000000|100%| O|  |TAMS 0x0000000086000000, 0x0000000085f00000| Untracked 
|  96|0x0000000086000000, 0x0000000086100000, 0x0000000086100000|100%| O|  |TAMS 0x0000000086100000, 0x0000000086000000| Untracked 
|  97|0x0000000086100000, 0x0000000086200000, 0x0000000086200000|100%| O|  |TAMS 0x0000000086200000, 0x0000000086100000| Complete 
|  98|0x0000000086200000, 0x0000000086300000, 0x0000000086300000|100%| O|  |TAMS 0x0000000086300000, 0x0000000086200000| Untracked 
|  99|0x0000000086300000, 0x0000000086400000, 0x0000000086400000|100%| O|  |TAMS 0x0000000086400000, 0x0000000086300000| Complete 
| 100|0x0000000086400000, 0x0000000086500000, 0x0000000086500000|100%| O|  |TAMS 0x0000000086500000, 0x0000000086400000| Untracked 
| 101|0x0000000086500000, 0x0000000086600000, 0x0000000086600000|100%| O|  |TAMS 0x0000000086600000, 0x0000000086500000| Complete 
| 102|0x0000000086600000, 0x0000000086700000, 0x0000000086700000|100%|HS|  |TAMS 0x0000000086700000, 0x0000000086600000| Complete 
| 103|0x0000000086700000, 0x0000000086800000, 0x0000000086800000|100%|HC|  |TAMS 0x0000000086800000, 0x0000000086700000| Complete 
| 104|0x0000000086800000, 0x0000000086900000, 0x0000000086900000|100%|HS|  |TAMS 0x0000000086900000, 0x0000000086800000| Complete 
| 105|0x0000000086900000, 0x0000000086a00000, 0x0000000086a00000|100%|HC|  |TAMS 0x0000000086a00000, 0x0000000086900000| Complete 
| 106|0x0000000086a00000, 0x0000000086b00000, 0x0000000086b00000|100%|HC|  |TAMS 0x0000000086b00000, 0x0000000086a00000| Complete 
| 107|0x0000000086b00000, 0x0000000086c00000, 0x0000000086c00000|100%|HS|  |TAMS 0x0000000086c00000, 0x0000000086b00000| Complete 
| 108|0x0000000086c00000, 0x0000000086d00000, 0x0000000086d00000|100%|HC|  |TAMS 0x0000000086d00000, 0x0000000086c00000| Complete 
| 109|0x0000000086d00000, 0x0000000086e00000, 0x0000000086e00000|100%|HC|  |TAMS 0x0000000086e00000, 0x0000000086d00000| Complete 
| 110|0x0000000086e00000, 0x0000000086f00000, 0x0000000086f00000|100%|HS|  |TAMS 0x0000000086f00000, 0x0000000086e00000| Complete 
| 111|0x0000000086f00000, 0x0000000087000000, 0x0000000087000000|100%|HC|  |TAMS 0x0000000087000000, 0x0000000086f00000| Complete 
| 112|0x0000000087000000, 0x0000000087100000, 0x0000000087100000|100%|HC|  |TAMS 0x0000000087100000, 0x0000000087000000| Complete 
| 113|0x0000000087100000, 0x0000000087200000, 0x0000000087200000|100%|HC|  |TAMS 0x0000000087200000, 0x0000000087100000| Complete 
| 114|0x0000000087200000, 0x0000000087300000, 0x0000000087300000|100%|HC|  |TAMS 0x0000000087300000, 0x0000000087200000| Complete 
| 115|0x0000000087300000, 0x0000000087400000, 0x0000000087400000|100%|HC|  |TAMS 0x0000000087400000, 0x0000000087300000| Complete 
| 116|0x0000000087400000, 0x0000000087500000, 0x0000000087500000|100%|HC|  |TAMS 0x0000000087500000, 0x0000000087400000| Complete 
| 117|0x0000000087500000, 0x0000000087600000, 0x0000000087600000|100%|HC|  |TAMS 0x0000000087600000, 0x0000000087500000| Complete 
| 118|0x0000000087600000, 0x0000000087700000, 0x0000000087700000|100%|HC|  |TAMS 0x0000000087700000, 0x0000000087600000| Complete 
| 119|0x0000000087700000, 0x0000000087800000, 0x0000000087800000|100%|HC|  |TAMS 0x0000000087800000, 0x0000000087700000| Complete 
| 120|0x0000000087800000, 0x0000000087900000, 0x0000000087900000|100%|HC|  |TAMS 0x0000000087900000, 0x0000000087800000| Complete 
| 121|0x0000000087900000, 0x0000000087a00000, 0x0000000087a00000|100%|HC|  |TAMS 0x0000000087a00000, 0x0000000087900000| Complete 
| 122|0x0000000087a00000, 0x0000000087b00000, 0x0000000087b00000|100%|HS|  |TAMS 0x0000000087b00000, 0x0000000087a00000| Complete 
| 123|0x0000000087b00000, 0x0000000087c00000, 0x0000000087c00000|100%|HC|  |TAMS 0x0000000087c00000, 0x0000000087b00000| Complete 
| 124|0x0000000087c00000, 0x0000000087d00000, 0x0000000087d00000|100%| O|  |TAMS 0x0000000087d00000, 0x0000000087c00000| Untracked 
| 125|0x0000000087d00000, 0x0000000087e00000, 0x0000000087e00000|100%| O|  |TAMS 0x0000000087e00000, 0x0000000087d00000| Complete 
| 126|0x0000000087e00000, 0x0000000087f00000, 0x0000000087f00000|100%| O|  |TAMS 0x0000000087f00000, 0x0000000087e00000| Complete 
| 127|0x0000000087f00000, 0x0000000088000000, 0x0000000088000000|100%| O|  |TAMS 0x0000000088000000, 0x0000000087f00000| Untracked 
| 128|0x0000000088000000, 0x0000000088100000, 0x0000000088100000|100%| O|  |TAMS 0x0000000088100000, 0x0000000088000000| Complete 
| 129|0x0000000088100000, 0x0000000088200000, 0x0000000088200000|100%| O|  |TAMS 0x0000000088200000, 0x0000000088100000| Complete 
| 130|0x0000000088200000, 0x0000000088300000, 0x0000000088300000|100%| O|  |TAMS 0x0000000088300000, 0x0000000088200000| Untracked 
| 131|0x0000000088300000, 0x0000000088400000, 0x0000000088400000|100%| O|  |TAMS 0x0000000088400000, 0x0000000088300000| Untracked 
| 132|0x0000000088400000, 0x0000000088500000, 0x0000000088500000|100%| O|  |TAMS 0x0000000088500000, 0x0000000088400000| Untracked 
| 133|0x0000000088500000, 0x0000000088600000, 0x0000000088600000|100%| O|  |TAMS 0x0000000088600000, 0x0000000088500000| Untracked 
| 134|0x0000000088600000, 0x0000000088700000, 0x0000000088700000|100%| O|  |TAMS 0x0000000088700000, 0x0000000088600000| Complete 
| 135|0x0000000088700000, 0x0000000088800000, 0x0000000088800000|100%| O|  |TAMS 0x0000000088800000, 0x0000000088700000| Complete 
| 136|0x0000000088800000, 0x0000000088900000, 0x0000000088900000|100%| O|  |TAMS 0x0000000088900000, 0x0000000088800000| Complete 
| 137|0x0000000088900000, 0x0000000088a00000, 0x0000000088a00000|100%| O|  |TAMS 0x0000000088a00000, 0x0000000088900000| Untracked 
| 138|0x0000000088a00000, 0x0000000088b00000, 0x0000000088b00000|100%| O|  |TAMS 0x0000000088b00000, 0x0000000088a00000| Untracked 
| 139|0x0000000088b00000, 0x0000000088c00000, 0x0000000088c00000|100%| O|  |TAMS 0x0000000088c00000, 0x0000000088b00000| Untracked 
| 140|0x0000000088c00000, 0x0000000088d00000, 0x0000000088d00000|100%| O|  |TAMS 0x0000000088d00000, 0x0000000088c00000| Untracked 
| 141|0x0000000088d00000, 0x0000000088e00000, 0x0000000088e00000|100%| O|  |TAMS 0x0000000088e00000, 0x0000000088d00000| Untracked 
| 142|0x0000000088e00000, 0x0000000088f00000, 0x0000000088f00000|100%| O|  |TAMS 0x0000000088f00000, 0x0000000088e00000| Untracked 
| 143|0x0000000088f00000, 0x0000000089000000, 0x0000000089000000|100%| O|  |TAMS 0x0000000089000000, 0x0000000088f00000| Complete 
| 144|0x0000000089000000, 0x0000000089100000, 0x0000000089100000|100%| O|  |TAMS 0x0000000089100000, 0x0000000089000000| Complete 
| 145|0x0000000089100000, 0x0000000089200000, 0x0000000089200000|100%| O|  |TAMS 0x0000000089200000, 0x0000000089100000| Complete 
| 146|0x0000000089200000, 0x0000000089300000, 0x0000000089300000|100%| O|  |TAMS 0x0000000089300000, 0x0000000089200000| Complete 
| 147|0x0000000089300000, 0x0000000089400000, 0x0000000089400000|100%| O|  |TAMS 0x0000000089400000, 0x0000000089300000| Complete 
| 148|0x0000000089400000, 0x0000000089500000, 0x0000000089500000|100%| O|  |TAMS 0x0000000089500000, 0x0000000089400000| Complete 
| 149|0x0000000089500000, 0x0000000089600000, 0x0000000089600000|100%| O|  |TAMS 0x0000000089600000, 0x0000000089500000| Complete 
| 150|0x0000000089600000, 0x0000000089700000, 0x0000000089700000|100%| O|  |TAMS 0x0000000089700000, 0x0000000089600000| Complete 
| 151|0x0000000089700000, 0x0000000089800000, 0x0000000089800000|100%| O|  |TAMS 0x0000000089800000, 0x0000000089700000| Complete 
| 152|0x0000000089800000, 0x0000000089900000, 0x0000000089900000|100%| O|  |TAMS 0x0000000089900000, 0x0000000089800000| Complete 
| 153|0x0000000089900000, 0x0000000089a00000, 0x0000000089a00000|100%| O|  |TAMS 0x0000000089a00000, 0x0000000089900000| Complete 
| 154|0x0000000089a00000, 0x0000000089b00000, 0x0000000089b00000|100%| O|  |TAMS 0x0000000089b00000, 0x0000000089a00000| Complete 
| 155|0x0000000089b00000, 0x0000000089c00000, 0x0000000089c00000|100%| O|  |TAMS 0x0000000089c00000, 0x0000000089b00000| Complete 
| 156|0x0000000089c00000, 0x0000000089c93400, 0x0000000089d00000| 57%| O|  |TAMS 0x0000000089c93400, 0x0000000089c00000| Untracked 
| 157|0x0000000089d00000, 0x0000000089d00000, 0x0000000089e00000|  0%| F|  |TAMS 0x0000000089d00000, 0x0000000089d00000| Untracked 
| 158|0x0000000089e00000, 0x0000000089e00000, 0x0000000089f00000|  0%| F|  |TAMS 0x0000000089e00000, 0x0000000089e00000| Untracked 
| 159|0x0000000089f00000, 0x0000000089f00000, 0x000000008a000000|  0%| F|  |TAMS 0x0000000089f00000, 0x0000000089f00000| Untracked 
| 160|0x000000008a000000, 0x000000008a000000, 0x000000008a100000|  0%| F|  |TAMS 0x000000008a000000, 0x000000008a000000| Untracked 
| 161|0x000000008a100000, 0x000000008a100000, 0x000000008a200000|  0%| F|  |TAMS 0x000000008a100000, 0x000000008a100000| Untracked 
| 162|0x000000008a200000, 0x000000008a200000, 0x000000008a300000|  0%| F|  |TAMS 0x000000008a200000, 0x000000008a200000| Untracked 
| 163|0x000000008a300000, 0x000000008a300000, 0x000000008a400000|  0%| F|  |TAMS 0x000000008a300000, 0x000000008a300000| Untracked 
| 164|0x000000008a400000, 0x000000008a400000, 0x000000008a500000|  0%| F|  |TAMS 0x000000008a400000, 0x000000008a400000| Untracked 
| 165|0x000000008a500000, 0x000000008a500000, 0x000000008a600000|  0%| F|  |TAMS 0x000000008a500000, 0x000000008a500000| Untracked 
| 166|0x000000008a600000, 0x000000008a600000, 0x000000008a700000|  0%| F|  |TAMS 0x000000008a600000, 0x000000008a600000| Untracked 
| 167|0x000000008a700000, 0x000000008a700000, 0x000000008a800000|  0%| F|  |TAMS 0x000000008a700000, 0x000000008a700000| Untracked 
| 168|0x000000008a800000, 0x000000008a800000, 0x000000008a900000|  0%| F|  |TAMS 0x000000008a800000, 0x000000008a800000| Untracked 
| 169|0x000000008a900000, 0x000000008a900000, 0x000000008aa00000|  0%| F|  |TAMS 0x000000008a900000, 0x000000008a900000| Untracked 
| 170|0x000000008aa00000, 0x000000008aa00000, 0x000000008ab00000|  0%| F|  |TAMS 0x000000008aa00000, 0x000000008aa00000| Untracked 
| 171|0x000000008ab00000, 0x000000008ab00000, 0x000000008ac00000|  0%| F|  |TAMS 0x000000008ab00000, 0x000000008ab00000| Untracked 
| 172|0x000000008ac00000, 0x000000008ac00000, 0x000000008ad00000|  0%| F|  |TAMS 0x000000008ac00000, 0x000000008ac00000| Untracked 
| 173|0x000000008ad00000, 0x000000008ad00000, 0x000000008ae00000|  0%| F|  |TAMS 0x000000008ad00000, 0x000000008ad00000| Untracked 
| 174|0x000000008ae00000, 0x000000008ae00000, 0x000000008af00000|  0%| F|  |TAMS 0x000000008ae00000, 0x000000008ae00000| Untracked 
| 175|0x000000008af00000, 0x000000008af00000, 0x000000008b000000|  0%| F|  |TAMS 0x000000008af00000, 0x000000008af00000| Untracked 
| 176|0x000000008b000000, 0x000000008b000000, 0x000000008b100000|  0%| F|  |TAMS 0x000000008b000000, 0x000000008b000000| Untracked 
| 177|0x000000008b100000, 0x000000008b100000, 0x000000008b200000|  0%| F|  |TAMS 0x000000008b100000, 0x000000008b100000| Untracked 
| 178|0x000000008b200000, 0x000000008b200000, 0x000000008b300000|  0%| F|  |TAMS 0x000000008b200000, 0x000000008b200000| Untracked 
| 179|0x000000008b300000, 0x000000008b300000, 0x000000008b400000|  0%| F|  |TAMS 0x000000008b300000, 0x000000008b300000| Untracked 
| 180|0x000000008b400000, 0x000000008b400000, 0x000000008b500000|  0%| F|  |TAMS 0x000000008b400000, 0x000000008b400000| Untracked 
| 181|0x000000008b500000, 0x000000008b500000, 0x000000008b600000|  0%| F|  |TAMS 0x000000008b500000, 0x000000008b500000| Untracked 
| 182|0x000000008b600000, 0x000000008b600000, 0x000000008b700000|  0%| F|  |TAMS 0x000000008b600000, 0x000000008b600000| Untracked 
| 183|0x000000008b700000, 0x000000008b700000, 0x000000008b800000|  0%| F|  |TAMS 0x000000008b700000, 0x000000008b700000| Untracked 
| 184|0x000000008b800000, 0x000000008b800000, 0x000000008b900000|  0%| F|  |TAMS 0x000000008b800000, 0x000000008b800000| Untracked 
| 185|0x000000008b900000, 0x000000008b900000, 0x000000008ba00000|  0%| F|  |TAMS 0x000000008b900000, 0x000000008b900000| Untracked 
| 186|0x000000008ba00000, 0x000000008ba00000, 0x000000008bb00000|  0%| F|  |TAMS 0x000000008ba00000, 0x000000008ba00000| Untracked 
| 187|0x000000008bb00000, 0x000000008bb00000, 0x000000008bc00000|  0%| F|  |TAMS 0x000000008bb00000, 0x000000008bb00000| Untracked 
| 188|0x000000008bc00000, 0x000000008bc00000, 0x000000008bd00000|  0%| F|  |TAMS 0x000000008bc00000, 0x000000008bc00000| Untracked 
| 189|0x000000008bd00000, 0x000000008bd00000, 0x000000008be00000|  0%| F|  |TAMS 0x000000008bd00000, 0x000000008bd00000| Untracked 
| 190|0x000000008be00000, 0x000000008be00000, 0x000000008bf00000|  0%| F|  |TAMS 0x000000008be00000, 0x000000008be00000| Untracked 
| 191|0x000000008bf00000, 0x000000008bf00000, 0x000000008c000000|  0%| F|  |TAMS 0x000000008bf00000, 0x000000008bf00000| Untracked 
| 192|0x000000008c000000, 0x000000008c000000, 0x000000008c100000|  0%| F|  |TAMS 0x000000008c000000, 0x000000008c000000| Untracked 
| 193|0x000000008c100000, 0x000000008c100000, 0x000000008c200000|  0%| F|  |TAMS 0x000000008c100000, 0x000000008c100000| Untracked 
| 194|0x000000008c200000, 0x000000008c200000, 0x000000008c300000|  0%| F|  |TAMS 0x000000008c200000, 0x000000008c200000| Untracked 
| 195|0x000000008c300000, 0x000000008c300000, 0x000000008c400000|  0%| F|  |TAMS 0x000000008c300000, 0x000000008c300000| Untracked 
| 196|0x000000008c400000, 0x000000008c400000, 0x000000008c500000|  0%| F|  |TAMS 0x000000008c400000, 0x000000008c400000| Untracked 
| 197|0x000000008c500000, 0x000000008c500000, 0x000000008c600000|  0%| F|  |TAMS 0x000000008c500000, 0x000000008c500000| Untracked 
| 198|0x000000008c600000, 0x000000008c600000, 0x000000008c700000|  0%| F|  |TAMS 0x000000008c600000, 0x000000008c600000| Untracked 
| 199|0x000000008c700000, 0x000000008c714940, 0x000000008c800000|  8%| S|CS|TAMS 0x000000008c700000, 0x000000008c700000| Complete 
| 200|0x000000008c800000, 0x000000008c800000, 0x000000008c900000|  0%| F|  |TAMS 0x000000008c800000, 0x000000008c800000| Untracked 
| 201|0x000000008c900000, 0x000000008c900000, 0x000000008ca00000|  0%| F|  |TAMS 0x000000008c900000, 0x000000008c900000| Untracked 
| 202|0x000000008ca00000, 0x000000008ca00000, 0x000000008cb00000|  0%| F|  |TAMS 0x000000008ca00000, 0x000000008ca00000| Untracked 
| 203|0x000000008cb00000, 0x000000008cb00000, 0x000000008cc00000|  0%| F|  |TAMS 0x000000008cb00000, 0x000000008cb00000| Untracked 
| 204|0x000000008cc00000, 0x000000008cc00000, 0x000000008cd00000|  0%| F|  |TAMS 0x000000008cc00000, 0x000000008cc00000| Untracked 
| 205|0x000000008cd00000, 0x000000008cd00000, 0x000000008ce00000|  0%| F|  |TAMS 0x000000008cd00000, 0x000000008cd00000| Untracked 
| 206|0x000000008ce00000, 0x000000008ce00000, 0x000000008cf00000|  0%| F|  |TAMS 0x000000008ce00000, 0x000000008ce00000| Untracked 
| 207|0x000000008cf00000, 0x000000008cf00000, 0x000000008d000000|  0%| F|  |TAMS 0x000000008cf00000, 0x000000008cf00000| Untracked 
| 208|0x000000008d000000, 0x000000008d000000, 0x000000008d100000|  0%| F|  |TAMS 0x000000008d000000, 0x000000008d000000| Untracked 
| 209|0x000000008d100000, 0x000000008d100000, 0x000000008d200000|  0%| F|  |TAMS 0x000000008d100000, 0x000000008d100000| Untracked 
| 210|0x000000008d200000, 0x000000008d200000, 0x000000008d300000|  0%| F|  |TAMS 0x000000008d200000, 0x000000008d200000| Untracked 
| 211|0x000000008d300000, 0x000000008d300000, 0x000000008d400000|  0%| F|  |TAMS 0x000000008d300000, 0x000000008d300000| Untracked 
| 212|0x000000008d400000, 0x000000008d400000, 0x000000008d500000|  0%| F|  |TAMS 0x000000008d400000, 0x000000008d400000| Untracked 
| 213|0x000000008d500000, 0x000000008d500000, 0x000000008d600000|  0%| F|  |TAMS 0x000000008d500000, 0x000000008d500000| Untracked 
| 214|0x000000008d600000, 0x000000008d600000, 0x000000008d700000|  0%| F|  |TAMS 0x000000008d600000, 0x000000008d600000| Untracked 
| 215|0x000000008d700000, 0x000000008d700000, 0x000000008d800000|  0%| F|  |TAMS 0x000000008d700000, 0x000000008d700000| Untracked 
| 216|0x000000008d800000, 0x000000008d800000, 0x000000008d900000|  0%| F|  |TAMS 0x000000008d800000, 0x000000008d800000| Untracked 
| 217|0x000000008d900000, 0x000000008d900000, 0x000000008da00000|  0%| F|  |TAMS 0x000000008d900000, 0x000000008d900000| Untracked 
| 218|0x000000008da00000, 0x000000008da00000, 0x000000008db00000|  0%| F|  |TAMS 0x000000008da00000, 0x000000008da00000| Untracked 
| 219|0x000000008db00000, 0x000000008db00000, 0x000000008dc00000|  0%| F|  |TAMS 0x000000008db00000, 0x000000008db00000| Untracked 
| 220|0x000000008dc00000, 0x000000008dccf4e0, 0x000000008dd00000| 80%| E|  |TAMS 0x000000008dc00000, 0x000000008dc00000| Complete 
| 221|0x000000008dd00000, 0x000000008de00000, 0x000000008de00000|100%| E|CS|TAMS 0x000000008dd00000, 0x000000008dd00000| Complete 
| 222|0x000000008de00000, 0x000000008df00000, 0x000000008df00000|100%| E|CS|TAMS 0x000000008de00000, 0x000000008de00000| Complete 
| 223|0x000000008df00000, 0x000000008e000000, 0x000000008e000000|100%| E|CS|TAMS 0x000000008df00000, 0x000000008df00000| Complete 
| 224|0x000000008e000000, 0x000000008e100000, 0x000000008e100000|100%| E|CS|TAMS 0x000000008e000000, 0x000000008e000000| Complete 
| 225|0x000000008e100000, 0x000000008e200000, 0x000000008e200000|100%| E|CS|TAMS 0x000000008e100000, 0x000000008e100000| Complete 
| 226|0x000000008e200000, 0x000000008e300000, 0x000000008e300000|100%| E|CS|TAMS 0x000000008e200000, 0x000000008e200000| Complete 
| 227|0x000000008e300000, 0x000000008e400000, 0x000000008e400000|100%| E|CS|TAMS 0x000000008e300000, 0x000000008e300000| Complete 
| 228|0x000000008e400000, 0x000000008e500000, 0x000000008e500000|100%| E|CS|TAMS 0x000000008e400000, 0x000000008e400000| Complete 
| 229|0x000000008e500000, 0x000000008e600000, 0x000000008e600000|100%| E|CS|TAMS 0x000000008e500000, 0x000000008e500000| Complete 
| 230|0x000000008e600000, 0x000000008e700000, 0x000000008e700000|100%| E|CS|TAMS 0x000000008e600000, 0x000000008e600000| Complete 
| 231|0x000000008e700000, 0x000000008e800000, 0x000000008e800000|100%| E|CS|TAMS 0x000000008e700000, 0x000000008e700000| Complete 
| 232|0x000000008e800000, 0x000000008e900000, 0x000000008e900000|100%| E|CS|TAMS 0x000000008e800000, 0x000000008e800000| Complete 
| 233|0x000000008e900000, 0x000000008ea00000, 0x000000008ea00000|100%| E|CS|TAMS 0x000000008e900000, 0x000000008e900000| Complete 
| 234|0x000000008ea00000, 0x000000008eb00000, 0x000000008eb00000|100%| E|CS|TAMS 0x000000008ea00000, 0x000000008ea00000| Complete 
| 235|0x000000008eb00000, 0x000000008ec00000, 0x000000008ec00000|100%| E|CS|TAMS 0x000000008eb00000, 0x000000008eb00000| Complete 
| 236|0x000000008ec00000, 0x000000008ed00000, 0x000000008ed00000|100%| E|CS|TAMS 0x000000008ec00000, 0x000000008ec00000| Complete 
| 237|0x000000008ed00000, 0x000000008ee00000, 0x000000008ee00000|100%| E|CS|TAMS 0x000000008ed00000, 0x000000008ed00000| Complete 
| 238|0x000000008ee00000, 0x000000008ef00000, 0x000000008ef00000|100%| E|CS|TAMS 0x000000008ee00000, 0x000000008ee00000| Complete 
| 239|0x000000008ef00000, 0x000000008f000000, 0x000000008f000000|100%| E|CS|TAMS 0x000000008ef00000, 0x000000008ef00000| Complete 
| 240|0x000000008f000000, 0x000000008f100000, 0x000000008f100000|100%| E|CS|TAMS 0x000000008f000000, 0x000000008f000000| Complete 
| 241|0x000000008f100000, 0x000000008f200000, 0x000000008f200000|100%| E|CS|TAMS 0x000000008f100000, 0x000000008f100000| Complete 
| 242|0x000000008f200000, 0x000000008f300000, 0x000000008f300000|100%| E|CS|TAMS 0x000000008f200000, 0x000000008f200000| Complete 
| 243|0x000000008f300000, 0x000000008f400000, 0x000000008f400000|100%| E|CS|TAMS 0x000000008f300000, 0x000000008f300000| Complete 
| 244|0x000000008f400000, 0x000000008f500000, 0x000000008f500000|100%| E|CS|TAMS 0x000000008f400000, 0x000000008f400000| Complete 
| 245|0x000000008f500000, 0x000000008f600000, 0x000000008f600000|100%| E|CS|TAMS 0x000000008f500000, 0x000000008f500000| Complete 
| 246|0x000000008f600000, 0x000000008f700000, 0x000000008f700000|100%| E|CS|TAMS 0x000000008f600000, 0x000000008f600000| Complete 
| 247|0x000000008f700000, 0x000000008f800000, 0x000000008f800000|100%| E|CS|TAMS 0x000000008f700000, 0x000000008f700000| Complete 
| 248|0x000000008f800000, 0x000000008f900000, 0x000000008f900000|100%| E|CS|TAMS 0x000000008f800000, 0x000000008f800000| Complete 
| 249|0x000000008f900000, 0x000000008fa00000, 0x000000008fa00000|100%| E|CS|TAMS 0x000000008f900000, 0x000000008f900000| Complete 
| 250|0x000000008fa00000, 0x000000008fb00000, 0x000000008fb00000|100%| E|CS|TAMS 0x000000008fa00000, 0x000000008fa00000| Complete 
| 251|0x000000008fb00000, 0x000000008fc00000, 0x000000008fc00000|100%| E|CS|TAMS 0x000000008fb00000, 0x000000008fb00000| Complete 
| 252|0x000000008fc00000, 0x000000008fd00000, 0x000000008fd00000|100%| E|CS|TAMS 0x000000008fc00000, 0x000000008fc00000| Complete 
| 253|0x000000008fd00000, 0x000000008fe00000, 0x000000008fe00000|100%| E|CS|TAMS 0x000000008fd00000, 0x000000008fd00000| Complete 
| 254|0x000000008fe00000, 0x000000008ff00000, 0x000000008ff00000|100%| E|CS|TAMS 0x000000008fe00000, 0x000000008fe00000| Complete 
| 255|0x000000008ff00000, 0x0000000090000000, 0x0000000090000000|100%| E|CS|TAMS 0x000000008ff00000, 0x000000008ff00000| Complete 
| 256|0x0000000090000000, 0x0000000090100000, 0x0000000090100000|100%| E|CS|TAMS 0x0000000090000000, 0x0000000090000000| Complete 
| 257|0x0000000090100000, 0x0000000090200000, 0x0000000090200000|100%| E|CS|TAMS 0x0000000090100000, 0x0000000090100000| Complete 
| 258|0x0000000090200000, 0x0000000090300000, 0x0000000090300000|100%| E|CS|TAMS 0x0000000090200000, 0x0000000090200000| Complete 
| 259|0x0000000090300000, 0x0000000090400000, 0x0000000090400000|100%| E|CS|TAMS 0x0000000090300000, 0x0000000090300000| Complete 
| 260|0x0000000090400000, 0x0000000090500000, 0x0000000090500000|100%| E|CS|TAMS 0x0000000090400000, 0x0000000090400000| Complete 
| 261|0x0000000090500000, 0x0000000090600000, 0x0000000090600000|100%| E|CS|TAMS 0x0000000090500000, 0x0000000090500000| Complete 

Card table byte_map: [0x000001b83ff20000,0x000001b840320000] _byte_map_base: 0x000001b83fb20000

Marking Bits (Prev, Next): (CMBitMap*) 0x000001b82d38c920, (CMBitMap*) 0x000001b82d38c960
 Prev Bits: [0x000001b840720000, 0x000001b842720000)
 Next Bits: [0x000001b842720000, 0x000001b844720000)

Polling page: 0x000001b82b2a0000

Metaspace:

Usage:
  Non-class:     94.97 MB used.
      Class:     14.66 MB used.
       Both:    109.63 MB used.

Virtual space:
  Non-class space:      104.00 MB reserved,      96.06 MB ( 92%) committed,  13 nodes.
      Class space:        1.00 GB reserved,      15.38 MB (  2%) committed,  1 nodes.
             Both:        1.10 GB reserved,     111.44 MB ( 10%) committed. 

Chunk freelists:
   Non-Class:  4.12 MB
       Class:  983.00 KB
        Both:  5.08 MB

MaxMetaspaceSize: unlimited
CompressedClassSpaceSize: 1.00 GB
Initial GC threshold: 21.00 MB
Current GC threshold: 185.62 MB
CDS: off
MetaspaceReclaimPolicy: balanced
 - commit_granule_bytes: 65536.
 - commit_granule_words: 8192.
 - virtual_space_node_default_size: 1048576.
 - enlarge_chunks_in_place: 1.
 - new_chunks_are_fully_committed: 0.
 - uncommit_free_chunks: 1.
 - use_allocation_guard: 0.
 - handle_deallocations: 1.


Internal statistics:

num_allocs_failed_limit: 3.
num_arena_births: 1922.
num_arena_deaths: 1040.
num_vsnodes_births: 14.
num_vsnodes_deaths: 0.
num_space_committed: 1789.
num_space_uncommitted: 7.
num_chunks_returned_to_freelist: 1398.
num_chunks_taken_from_freelist: 6625.
num_chunk_merges: 599.
num_chunk_splits: 4103.
num_chunks_enlarged: 2448.
num_purges: 4.
num_inconsistent_stats: 0.

CodeHeap 'non-profiled nmethods': size=120000Kb used=7346Kb max_used=7346Kb free=112653Kb
 bounds [0x000001b8382c0000, 0x000001b8389f0000, 0x000001b83f7f0000]
CodeHeap 'profiled nmethods': size=120000Kb used=24763Kb max_used=24763Kb free=95236Kb
 bounds [0x000001b8307f0000, 0x000001b832020000, 0x000001b837d20000]
CodeHeap 'non-nmethods': size=5760Kb used=2462Kb max_used=2528Kb free=3297Kb
 bounds [0x000001b837d20000, 0x000001b837fb0000, 0x000001b8382c0000]
 total_blobs=13002 nmethods=12012 adapters=902
 compilation: enabled
              stopped_count=0, restarted_count=0
 full_count=0

Compilation events (20 events):
Event: 3804.822 Thread 0x000001b847cb96c0 13538       3       java.lang.invoke.LambdaFormEditor::oldSpeciesData (8 bytes)
Event: 3804.822 Thread 0x000001b847cb96c0 nmethod 13538 0x000001b83200d310 code [0x000001b83200d4e0, 0x000001b83200d8d8]
Event: 3804.823 Thread 0x000001b847cb96c0 13539       3       java.lang.invoke.Invokers::cachedInvoker (7 bytes)
Event: 3804.823 Thread 0x000001b847cb96c0 nmethod 13539 0x000001b83200da10 code [0x000001b83200dba0, 0x000001b83200dcd8]
Event: 3804.824 Thread 0x000001b8524031f0 nmethod 13531 0x000001b8389e9190 code [0x000001b8389e9320, 0x000001b8389e9598]
Event: 3804.824 Thread 0x000001b8524031f0 13535       4       sun.invoke.util.VerifyType::isNullConversion (157 bytes)
Event: 3804.826 Thread 0x000001b847cb96c0 13540       3       org.gradle.internal.instantiation.generator.DependencyInjectingInstantiator::newInstance (8 bytes)
Event: 3804.826 Thread 0x000001b847cb96c0 nmethod 13540 0x000001b83200dd90 code [0x000001b83200df40, 0x000001b83200e088]
Event: 3804.827 Thread 0x000001b8524031f0 nmethod 13535 0x000001b8389e9790 code [0x000001b8389e99a0, 0x000001b8389e9da0]
Event: 3804.827 Thread 0x000001b8524031f0 13509       4       groovy.lang.MetaClassImpl::checkIfStdMethod (178 bytes)
Event: 3804.830 Thread 0x000001b847cb96c0 13541       3       java.util.ArrayList::removeAll (12 bytes)
Event: 3804.830 Thread 0x000001b847cb96c0 nmethod 13541 0x000001b83200e190 code [0x000001b83200e320, 0x000001b83200e4e8]
Event: 3804.831 Thread 0x000001b847cb96c0 13542       3       org.gradle.api.internal.DefaultNamedDomainObjectCollection$UnfilteredIndex::put (13 bytes)
Event: 3804.831 Thread 0x000001b847cb96c0 nmethod 13542 0x000001b83200e590 code [0x000001b83200e740, 0x000001b83200e908]
Event: 3804.832 Thread 0x000001b847cb96c0 13543       3       org.gradle.api.internal.artifacts.DefaultResolverResults::maybeRethrowFatalError (13 bytes)
Event: 3804.832 Thread 0x000001b847cb96c0 nmethod 13543 0x000001b83200ea10 code [0x000001b83200eba0, 0x000001b83200ecf8]
Event: 3804.839 Thread 0x000001b8524031f0 nmethod 13509 0x000001b8389ea210 code [0x000001b8389ea440, 0x000001b8389eb330]
Event: 3804.839 Thread 0x000001b8524031f0 13510   !   4       org.codehaus.groovy.vmplugin.v8.Java8::checkCanSetAccessible (49 bytes)
Event: 3804.840 Thread 0x000001b8524031f0 nmethod 13510 0x000001b8389eba10 code [0x000001b8389ebba0, 0x000001b8389ebc78]
Event: 3804.840 Thread 0x000001b8524031f0 13515       4       groovy.lang.MetaClassImpl::addToAllMethodsIfPublic (22 bytes)

GC Heap History (20 events):
Event: 16.795 GC heap before
{Heap before GC invocations=46 (full 0):
 garbage-first heap   total 227328K, used 148481K [0x0000000080000000, 0x0000000100000000)
  region size 1024K, 19 young (19456K), 8 survivors (8192K)
 Metaspace       used 92498K, committed 93184K, reserved 1130496K
  class space    used 12708K, committed 13056K, reserved 1048576K
}
Event: 16.807 GC heap after
{Heap after GC invocations=47 (full 0):
 garbage-first heap   total 227328K, used 140553K [0x0000000080000000, 0x0000000100000000)
  region size 1024K, 2 young (2048K), 2 survivors (2048K)
 Metaspace       used 92498K, committed 93184K, reserved 1130496K
  class space    used 12708K, committed 13056K, reserved 1048576K
}
Event: 18.198 GC heap before
{Heap before GC invocations=48 (full 0):
 garbage-first heap   total 245760K, used 187657K [0x0000000080000000, 0x0000000100000000)
  region size 1024K, 47 young (48128K), 2 survivors (2048K)
 Metaspace       used 100050K, committed 100800K, reserved 1138688K
  class space    used 13666K, committed 14016K, reserved 1048576K
}
Event: 18.208 GC heap after
{Heap after GC invocations=49 (full 0):
 garbage-first heap   total 245760K, used 142298K [0x0000000080000000, 0x0000000100000000)
  region size 1024K, 3 young (3072K), 3 survivors (3072K)
 Metaspace       used 100050K, committed 100800K, reserved 1138688K
  class space    used 13666K, committed 14016K, reserved 1048576K
}
Event: 18.479 GC heap before
{Heap before GC invocations=49 (full 0):
 garbage-first heap   total 245760K, used 151514K [0x0000000080000000, 0x0000000100000000)
  region size 1024K, 12 young (12288K), 3 survivors (3072K)
 Metaspace       used 101001K, committed 101760K, reserved 1138688K
  class space    used 13824K, committed 14208K, reserved 1048576K
}
Event: 18.486 GC heap after
{Heap after GC invocations=50 (full 0):
 garbage-first heap   total 245760K, used 143241K [0x0000000080000000, 0x0000000100000000)
  region size 1024K, 2 young (2048K), 2 survivors (2048K)
 Metaspace       used 101001K, committed 101760K, reserved 1138688K
  class space    used 13824K, committed 14208K, reserved 1048576K
}
Event: 18.960 GC heap before
{Heap before GC invocations=50 (full 0):
 garbage-first heap   total 245760K, used 160649K [0x0000000080000000, 0x0000000100000000)
  region size 1024K, 20 young (20480K), 2 survivors (2048K)
 Metaspace       used 103447K, committed 104256K, reserved 1138688K
  class space    used 14098K, committed 14528K, reserved 1048576K
}
Event: 18.966 GC heap after
{Heap after GC invocations=51 (full 0):
 garbage-first heap   total 245760K, used 145044K [0x0000000080000000, 0x0000000100000000)
  region size 1024K, 3 young (3072K), 3 survivors (3072K)
 Metaspace       used 103447K, committed 104256K, reserved 1138688K
  class space    used 14098K, committed 14528K, reserved 1048576K
}
Event: 19.961 GC heap before
{Heap before GC invocations=52 (full 0):
 garbage-first heap   total 250880K, used 203412K [0x0000000080000000, 0x0000000100000000)
  region size 1024K, 60 young (61440K), 3 survivors (3072K)
 Metaspace       used 105304K, committed 106112K, reserved 1146880K
  class space    used 14251K, committed 14656K, reserved 1048576K
}
Event: 19.975 GC heap after
{Heap after GC invocations=53 (full 0):
 garbage-first heap   total 250880K, used 149320K [0x0000000080000000, 0x0000000100000000)
  region size 1024K, 7 young (7168K), 7 survivors (7168K)
 Metaspace       used 105304K, committed 106112K, reserved 1146880K
  class space    used 14251K, committed 14656K, reserved 1048576K
}
Event: 20.146 GC heap before
{Heap before GC invocations=53 (full 0):
 garbage-first heap   total 250880K, used 154440K [0x0000000080000000, 0x0000000100000000)
  region size 1024K, 12 young (12288K), 7 survivors (7168K)
 Metaspace       used 105412K, committed 106240K, reserved 1146880K
  class space    used 14257K, committed 14656K, reserved 1048576K
}
Event: 20.160 GC heap after
{Heap after GC invocations=54 (full 0):
 garbage-first heap   total 250880K, used 150591K [0x0000000080000000, 0x0000000100000000)
  region size 1024K, 2 young (2048K), 2 survivors (2048K)
 Metaspace       used 105412K, committed 106240K, reserved 1146880K
  class space    used 14257K, committed 14656K, reserved 1048576K
}
Event: 21.528 GC heap before
{Heap before GC invocations=54 (full 0):
 garbage-first heap   total 250880K, used 206911K [0x0000000080000000, 0x0000000100000000)
  region size 1024K, 58 young (59392K), 2 survivors (2048K)
 Metaspace       used 109012K, committed 109888K, reserved 1146880K
  class space    used 14695K, committed 15104K, reserved 1048576K
}
Event: 21.539 GC heap after
{Heap after GC invocations=55 (full 0):
 garbage-first heap   total 250880K, used 154809K [0x0000000080000000, 0x0000000100000000)
  region size 1024K, 6 young (6144K), 6 survivors (6144K)
 Metaspace       used 109012K, committed 109888K, reserved 1146880K
  class space    used 14695K, committed 15104K, reserved 1048576K
}
Event: 127.536 GC heap before
{Heap before GC invocations=56 (full 0):
 garbage-first heap   total 268288K, used 208057K [0x0000000080000000, 0x0000000100000000)
  region size 1024K, 58 young (59392K), 6 survivors (6144K)
 Metaspace       used 113135K, committed 114240K, reserved 1155072K
  class space    used 15263K, committed 15808K, reserved 1048576K
}
Event: 127.546 GC heap after
{Heap after GC invocations=57 (full 0):
 garbage-first heap   total 268288K, used 159465K [0x0000000080000000, 0x0000000100000000)
  region size 1024K, 5 young (5120K), 5 survivors (5120K)
 Metaspace       used 113135K, committed 114240K, reserved 1155072K
  class space    used 15263K, committed 15808K, reserved 1048576K
}
Event: 414.531 GC heap before
{Heap before GC invocations=57 (full 0):
 garbage-first heap   total 268288K, used 166633K [0x0000000080000000, 0x0000000100000000)
  region size 1024K, 13 young (13312K), 5 survivors (5120K)
 Metaspace       used 113239K, committed 114304K, reserved 1155072K
  class space    used 15263K, committed 15808K, reserved 1048576K
}
Event: 414.534 GC heap after
{Heap after GC invocations=58 (full 0):
 garbage-first heap   total 268288K, used 160075K [0x0000000080000000, 0x0000000100000000)
  region size 1024K, 1 young (1024K), 1 survivors (1024K)
 Metaspace       used 113239K, committed 114304K, reserved 1155072K
  class space    used 15263K, committed 15808K, reserved 1048576K
}
Event: 2982.264 GC heap before
{Heap before GC invocations=58 (full 0):
 garbage-first heap   total 268288K, used 222539K [0x0000000080000000, 0x0000000100000000)
  region size 1024K, 62 young (63488K), 1 survivors (1024K)
 Metaspace       used 113431K, committed 114496K, reserved 1155072K
  class space    used 15264K, committed 15808K, reserved 1048576K
}
Event: 2982.266 GC heap after
{Heap after GC invocations=59 (full 0):
 garbage-first heap   total 268288K, used 159391K [0x0000000080000000, 0x0000000100000000)
  region size 1024K, 1 young (1024K), 1 survivors (1024K)
 Metaspace       used 113431K, committed 114496K, reserved 1155072K
  class space    used 15264K, committed 15808K, reserved 1048576K
}

Dll operation events (2 events):
Event: 0.015 Loaded shared library C:\Program Files\Android\Android Studio\jbr\bin\java.dll
Event: 0.489 Loaded shared library C:\Program Files\Android\Android Studio\jbr\bin\verify.dll

Deoptimization events (20 events):
Event: 3804.782 Thread 0x000001b84e9cd310 Uncommon trap: trap_request=0xffffff45 fr.pc=0x000001b83872cb30 relative=0x0000000000000110
Event: 3804.782 Thread 0x000001b84e9cd310 Uncommon trap: reason=unstable_if action=reinterpret pc=0x000001b83872cb30 method=java.lang.ref.SoftReference.get()Ljava/lang/Object; @ 6 c2
Event: 3804.782 Thread 0x000001b84e9cd310 DEOPT PACKING pc=0x000001b83872cb30 sp=0x00000061c61f9380
Event: 3804.782 Thread 0x000001b84e9cd310 DEOPT UNPACKING pc=0x000001b837d7a1a3 sp=0x00000061c61f92d0 mode 2
Event: 3804.782 Thread 0x000001b84e9cd310 Uncommon trap: trap_request=0xffffff45 fr.pc=0x000001b83866710c relative=0x00000000000055cc
Event: 3804.782 Thread 0x000001b84e9cd310 Uncommon trap: reason=unstable_if action=reinterpret pc=0x000001b83866710c method=java.lang.ref.SoftReference.get()Ljava/lang/Object; @ 6 c2
Event: 3804.782 Thread 0x000001b84e9cd310 DEOPT PACKING pc=0x000001b83866710c sp=0x00000061c61f88b0
Event: 3804.782 Thread 0x000001b84e9cd310 DEOPT UNPACKING pc=0x000001b837d7a1a3 sp=0x00000061c61f8798 mode 2
Event: 3804.810 Thread 0x000001b84e9cd310 Uncommon trap: trap_request=0xffffffc6 fr.pc=0x000001b8387d5280 relative=0x0000000000000740
Event: 3804.810 Thread 0x000001b84e9cd310 Uncommon trap: reason=bimorphic_or_optimized_type_check action=maybe_recompile pc=0x000001b8387d5280 method=org.gradle.internal.operations.DefaultBuildOperationListenerManager$ProgressShieldingBuildOperationListener.finished(Lorg/gradle/internal/operation
Event: 3804.810 Thread 0x000001b84e9cd310 DEOPT PACKING pc=0x000001b8387d5280 sp=0x00000061c61fab40
Event: 3804.810 Thread 0x000001b84e9cd310 DEOPT UNPACKING pc=0x000001b837d7a1a3 sp=0x00000061c61fab08 mode 2
Event: 3804.810 Thread 0x000001b84e9cd310 Uncommon trap: trap_request=0xffffffc6 fr.pc=0x000001b8387d5280 relative=0x0000000000000740
Event: 3804.810 Thread 0x000001b84e9cd310 Uncommon trap: reason=bimorphic_or_optimized_type_check action=maybe_recompile pc=0x000001b8387d5280 method=org.gradle.internal.operations.DefaultBuildOperationListenerManager$ProgressShieldingBuildOperationListener.finished(Lorg/gradle/internal/operation
Event: 3804.810 Thread 0x000001b84e9cd310 DEOPT PACKING pc=0x000001b8387d5280 sp=0x00000061c61fb1d0
Event: 3804.810 Thread 0x000001b84e9cd310 DEOPT UNPACKING pc=0x000001b837d7a1a3 sp=0x00000061c61fb198 mode 2
Event: 3804.832 Thread 0x000001b84e9cd310 Uncommon trap: trap_request=0xffffffc6 fr.pc=0x000001b8387d5280 relative=0x0000000000000740
Event: 3804.832 Thread 0x000001b84e9cd310 Uncommon trap: reason=bimorphic_or_optimized_type_check action=maybe_recompile pc=0x000001b8387d5280 method=org.gradle.internal.operations.DefaultBuildOperationListenerManager$ProgressShieldingBuildOperationListener.finished(Lorg/gradle/internal/operation
Event: 3804.832 Thread 0x000001b84e9cd310 DEOPT PACKING pc=0x000001b8387d5280 sp=0x00000061c61f9410
Event: 3804.832 Thread 0x000001b84e9cd310 DEOPT UNPACKING pc=0x000001b837d7a1a3 sp=0x00000061c61f93d8 mode 2

Classes unloaded (20 events):
Event: 2982.317 Thread 0x000001b84719ecd0 Unloading class 0x0000000100224400 'jdk/internal/reflect/GeneratedSerializationConstructorAccessor1'
Event: 2982.317 Thread 0x000001b84719ecd0 Unloading class 0x0000000100200400 'java/lang/invoke/LambdaForm$DMH+0x0000000100200400'
Event: 2982.317 Thread 0x000001b84719ecd0 Unloading class 0x00000001001bdc00 'java/lang/invoke/LambdaForm$DMH+0x00000001001bdc00'
Event: 2982.317 Thread 0x000001b84719ecd0 Unloading class 0x00000001001bd800 'java/lang/invoke/LambdaForm$MH+0x00000001001bd800'
Event: 2982.317 Thread 0x000001b84719ecd0 Unloading class 0x00000001001bd400 'java/lang/invoke/LambdaForm$MH+0x00000001001bd400'
Event: 2982.317 Thread 0x000001b84719ecd0 Unloading class 0x00000001001bd000 'java/lang/invoke/LambdaForm$MH+0x00000001001bd000'
Event: 2982.317 Thread 0x000001b84719ecd0 Unloading class 0x00000001001bcc00 'java/lang/invoke/LambdaForm$MH+0x00000001001bcc00'
Event: 2982.317 Thread 0x000001b84719ecd0 Unloading class 0x00000001001bc800 'java/lang/invoke/LambdaForm$MH+0x00000001001bc800'
Event: 2982.317 Thread 0x000001b84719ecd0 Unloading class 0x00000001001bc400 'java/lang/invoke/LambdaForm$MH+0x00000001001bc400'
Event: 2982.317 Thread 0x000001b84719ecd0 Unloading class 0x00000001001bc000 'java/lang/invoke/LambdaForm$MH+0x00000001001bc000'
Event: 2982.317 Thread 0x000001b84719ecd0 Unloading class 0x0000000100192800 'java/lang/invoke/LambdaForm$MH+0x0000000100192800'
Event: 2982.317 Thread 0x000001b84719ecd0 Unloading class 0x0000000100192000 'java/lang/invoke/LambdaForm$MH+0x0000000100192000'
Event: 2982.317 Thread 0x000001b84719ecd0 Unloading class 0x0000000100191c00 'java/lang/invoke/LambdaForm$MH+0x0000000100191c00'
Event: 2982.317 Thread 0x000001b84719ecd0 Unloading class 0x0000000100191800 'java/lang/invoke/LambdaForm$MH+0x0000000100191800'
Event: 2982.317 Thread 0x000001b84719ecd0 Unloading class 0x0000000100191400 'java/lang/invoke/LambdaForm$MH+0x0000000100191400'
Event: 2982.317 Thread 0x000001b84719ecd0 Unloading class 0x0000000100190c00 'java/lang/invoke/LambdaForm$MH+0x0000000100190c00'
Event: 2982.317 Thread 0x000001b84719ecd0 Unloading class 0x00000001000a6c00 'java/lang/invoke/LambdaForm$MH+0x00000001000a6c00'
Event: 2982.317 Thread 0x000001b84719ecd0 Unloading class 0x00000001000a6800 'java/lang/invoke/LambdaForm$MH+0x00000001000a6800'
Event: 2982.317 Thread 0x000001b84719ecd0 Unloading class 0x00000001000a6000 'java/lang/invoke/LambdaForm$MH+0x00000001000a6000'
Event: 2982.317 Thread 0x000001b84719ecd0 Unloading class 0x00000001000a4400 'java/lang/invoke/LambdaForm$MH+0x00000001000a4400'

Classes redefined (0 events):
No events

Internal exceptions (20 events):
Event: 22.394 Thread 0x000001b848eb2eb0 Exception <a 'java/lang/ClassNotFoundException'{0x000000008e3ee6e0}: java/util/LinkedHashMapBeanInfo> (0x000000008e3ee6e0) 
thrown [s\src\hotspot\share\classfile\systemDictionary.cpp, line 256]
Event: 22.395 Thread 0x000001b848eb2eb0 Exception <a 'java/lang/ClassNotFoundException'{0x000000008e3f2c58}: java/util/HashMapBeanInfo> (0x000000008e3f2c58) 
thrown [s\src\hotspot\share\classfile\systemDictionary.cpp, line 256]
Event: 22.395 Thread 0x000001b848eb2eb0 Exception <a 'java/lang/ClassNotFoundException'{0x000000008e3f7728}: java/util/AbstractMapBeanInfo> (0x000000008e3f7728) 
thrown [s\src\hotspot\share\classfile\systemDictionary.cpp, line 256]
Event: 22.396 Thread 0x000001b848eb2eb0 Exception <a 'java/lang/ClassNotFoundException'{0x000000008e3fbca0}: java/util/AbstractMapCustomizer> (0x000000008e3fbca0) 
thrown [s\src\hotspot\share\classfile\systemDictionary.cpp, line 256]
Event: 22.397 Thread 0x000001b848eb2eb0 Exception <a 'java/lang/ClassNotFoundException'{0x000000008e20a848}: java/util/HashMapCustomizer> (0x000000008e20a848) 
thrown [s\src\hotspot\share\classfile\systemDictionary.cpp, line 256]
Event: 22.398 Thread 0x000001b848eb2eb0 Exception <a 'java/lang/ClassNotFoundException'{0x000000008e226160}: java/util/LinkedHashMapCustomizer> (0x000000008e226160) 
thrown [s\src\hotspot\share\classfile\systemDictionary.cpp, line 256]
Event: 22.626 Thread 0x000001b848eafe90 Exception <a 'java/lang/NoSuchMethodError'{0x000000008da90898}: static Lorg/gradle/internal/classloader/ClassLoaderSpec;.<clinit>()V> (0x000000008da90898) 
thrown [s\src\hotspot\share\prims\jni.cpp, line 1108]
Event: 22.627 Thread 0x000001b848eafe90 Exception <a 'java/lang/NoSuchMethodError'{0x000000008daab728}: static Lorg/gradle/internal/classloader/VisitableURLClassLoader$Spec;.<clinit>()V> (0x000000008daab728) 
thrown [s\src\hotspot\share\prims\jni.cpp, line 1108]
Event: 22.629 Thread 0x000001b848eafe90 Exception <a 'java/lang/NoSuchMethodError'{0x000000008dacf138}: static [Ljava/net/URL;.<clinit>()V> (0x000000008dacf138) 
thrown [s\src\hotspot\share\prims\jni.cpp, line 1108]
Event: 22.631 Thread 0x000001b848eafe90 Exception <a 'java/lang/NoSuchMethodError'{0x000000008dae7860}: static Lorg/gradle/internal/classloader/FilteringClassLoader$Spec;.<clinit>()V> (0x000000008dae7860) 
thrown [s\src\hotspot\share\prims\jni.cpp, line 1108]
Event: 22.632 Thread 0x000001b848eafe90 Exception <a 'java/lang/NoSuchMethodError'{0x000000008daf71b0}: static Lorg/gradle/internal/classloader/CachingClassLoader$Spec;.<clinit>()V> (0x000000008daf71b0) 
thrown [s\src\hotspot\share\prims\jni.cpp, line 1108]
Event: 32.270 Thread 0x000001b84a7f4cb0 Implicit null exception at 0x000001b838335f55 to 0x000001b838336568
Event: 32.271 Thread 0x000001b84a7f4cb0 Implicit null exception at 0x000001b83872eb72 to 0x000001b83872f320
Event: 3804.718 Thread 0x000001b84e9d0cd0 Implicit null exception at 0x000001b83849b252 to 0x000001b83849b450
Event: 3804.738 Thread 0x000001b84e9cd310 Implicit null exception at 0x000001b838526fe9 to 0x000001b838529a9c
Event: 3804.739 Thread 0x000001b84e9cd310 Implicit null exception at 0x000001b83852507e to 0x000001b838525480
Event: 3804.781 Thread 0x000001b84e9cd310 Implicit null exception at 0x000001b8388f1b7a to 0x000001b8388f1f20
Event: 3804.782 Thread 0x000001b84e9cd310 Implicit null exception at 0x000001b83872ca64 to 0x000001b83872cb1c
Event: 3804.782 Thread 0x000001b84e9cd310 Implicit null exception at 0x000001b838661cfb to 0x000001b8386670f0
Event: 3804.819 Thread 0x000001b84e9cd310 Exception <a 'java/lang/NoSuchMethodError'{0x000000008e96bdf0}: 'java.lang.Object java.lang.invoke.DelegatingMethodHandle$Holder.reinvoke_L(java.lang.Object, java.lang.Object, java.lang.Object, java.lang.Object, java.lang.Object, java.lang.Object, java.lang.Object, java.lang.Object, java.lang.Object, java.lang.Object, java.lang.Object, java.lang.Object, java.lang.Object, java.lang.Object, java.lang.Object, java.lang.Object, java.lang.Object, java.lang.Object, java.lang.Object, java.lang.Object, java.lang.O

VM Operations (20 events):
Event: 2572.518 Executing VM operation: Cleanup
Event: 2572.519 Executing VM operation: Cleanup done
Event: 2592.713 Executing VM operation: Cleanup
Event: 2592.713 Executing VM operation: Cleanup done
Event: 2882.951 Executing VM operation: Cleanup
Event: 2882.951 Executing VM operation: Cleanup done
Event: 2884.974 Executing VM operation: Cleanup
Event: 2884.974 Executing VM operation: Cleanup done
Event: 2982.264 Executing VM operation: G1CollectForAllocation
Event: 2982.266 Executing VM operation: G1CollectForAllocation done
Event: 2982.313 Executing VM operation: G1Concurrent
Event: 2982.330 Executing VM operation: G1Concurrent done
Event: 2982.351 Executing VM operation: G1Concurrent
Event: 2982.351 Executing VM operation: G1Concurrent done
Event: 3652.478 Executing VM operation: Cleanup
Event: 3652.479 Executing VM operation: Cleanup done
Event: 3704.886 Executing VM operation: Cleanup
Event: 3704.886 Executing VM operation: Cleanup done
Event: 3772.357 Executing VM operation: Cleanup
Event: 3772.357 Executing VM operation: Cleanup done

Events (20 events):
Event: 3804.713 Thread 0x000001b84e9d0cd0 Thread added: 0x000001b84e9d0cd0
Event: 3804.719 Thread 0x000001b84e9ca7c0 Thread added: 0x000001b84e9ca7c0
Event: 3804.726 Thread 0x000001b84e9cd310 Thread added: 0x000001b84e9cd310
Event: 3804.731 Thread 0x000001b84e9cc4a0 Thread added: 0x000001b84e9cc4a0
Event: 3804.731 loading class jdk/internal/math/FormattedFloatingDecimal$Form
Event: 3804.732 loading class jdk/internal/math/FormattedFloatingDecimal$Form done
Event: 3804.732 loading class jdk/internal/math/FormattedFloatingDecimal
Event: 3804.732 loading class jdk/internal/math/FormattedFloatingDecimal done
Event: 3804.732 loading class jdk/internal/math/FormattedFloatingDecimal$1
Event: 3804.732 loading class jdk/internal/math/FormattedFloatingDecimal$1 done
Event: 3804.732 loading class jdk/internal/math/FormattedFloatingDecimal$2
Event: 3804.732 loading class jdk/internal/math/FormattedFloatingDecimal$2 done
Event: 3804.734 Thread 0x000001b84e9cb630 Thread added: 0x000001b84e9cb630
Event: 3804.735 Thread 0x000001b84e9cbb00 Thread added: 0x000001b84e9cbb00
Event: 3804.750 Thread 0x000001b8523ff020 Thread added: 0x000001b8523ff020
Event: 3804.758 Thread 0x000001b84e9cc970 Thread added: 0x000001b84e9cc970
Event: 3804.764 Thread 0x000001b84e9cf4c0 Thread added: 0x000001b84e9cf4c0
Event: 3804.769 Thread 0x000001b84e9ce180 Thread added: 0x000001b84e9ce180
Event: 3804.773 Thread 0x000001b84e9d0800 Thread added: 0x000001b84e9d0800
Event: 3804.820 Thread 0x000001b8524031f0 Thread added: 0x000001b8524031f0


Dynamic libraries:
0x00007ff6fd8a0000 - 0x00007ff6fd8aa000 	C:\Program Files\Android\Android Studio\jbr\bin\java.exe
0x00007ffb21390000 - 0x00007ffb215a7000 	C:\WINDOWS\SYSTEM32\ntdll.dll
0x00007ffb21000000 - 0x00007ffb210c4000 	C:\WINDOWS\System32\KERNEL32.DLL
0x00007ffb1e8e0000 - 0x00007ffb1ec86000 	C:\WINDOWS\System32\KERNELBASE.dll
0x00007ffb1edf0000 - 0x00007ffb1ef01000 	C:\WINDOWS\System32\ucrtbase.dll
0x00007ffb15aa0000 - 0x00007ffb15abb000 	C:\Program Files\Android\Android Studio\jbr\bin\VCRUNTIME140.dll
0x00007ffb10310000 - 0x00007ffb10327000 	C:\Program Files\Android\Android Studio\jbr\bin\jli.dll
0x00007ffb1f180000 - 0x00007ffb1f32e000 	C:\WINDOWS\System32\USER32.dll
0x00007ffb1e8b0000 - 0x00007ffb1e8d6000 	C:\WINDOWS\System32\win32u.dll
0x00007ffb203b0000 - 0x00007ffb203d9000 	C:\WINDOWS\System32\GDI32.dll
0x00007ffb02e20000 - 0x00007ffb030b3000 	C:\WINDOWS\WinSxS\amd64_microsoft.windows.common-controls_6595b64144ccf1df_6.0.22621.2506_none_270c5ae97388e100\COMCTL32.dll
0x00007ffb1ef40000 - 0x00007ffb1f058000 	C:\WINDOWS\System32\gdi32full.dll
0x00007ffb1f750000 - 0x00007ffb1f7f7000 	C:\WINDOWS\System32\msvcrt.dll
0x00007ffb1ed50000 - 0x00007ffb1edea000 	C:\WINDOWS\System32\msvcp_win.dll
0x00007ffb20d20000 - 0x00007ffb20d51000 	C:\WINDOWS\System32\IMM32.DLL
0x00007ffb162e0000 - 0x00007ffb162ec000 	C:\Program Files\Android\Android Studio\jbr\bin\vcruntime140_1.dll
0x00007ffb006c0000 - 0x00007ffb0074d000 	C:\Program Files\Android\Android Studio\jbr\bin\msvcp140.dll
0x00007ffac4df0000 - 0x00007ffac5a5e000 	C:\Program Files\Android\Android Studio\jbr\bin\server\jvm.dll
0x00007ffb21220000 - 0x00007ffb212d3000 	C:\WINDOWS\System32\ADVAPI32.dll
0x00007ffb202f0000 - 0x00007ffb20398000 	C:\WINDOWS\System32\sechost.dll
0x00007ffb1ef10000 - 0x00007ffb1ef38000 	C:\WINDOWS\System32\bcrypt.dll
0x00007ffb1fef0000 - 0x00007ffb20007000 	C:\WINDOWS\System32\RPCRT4.dll
0x00007ffb15a30000 - 0x00007ffb15a64000 	C:\WINDOWS\SYSTEM32\WINMM.dll
0x00007ffb0a1c0000 - 0x00007ffb0a1ca000 	C:\WINDOWS\SYSTEM32\VERSION.dll
0x00007ffaf8380000 - 0x00007ffaf8389000 	C:\WINDOWS\SYSTEM32\WSOCK32.dll
0x00007ffb20ca0000 - 0x00007ffb20d11000 	C:\WINDOWS\System32\WS2_32.dll
0x00007ffb1d700000 - 0x00007ffb1d718000 	C:\WINDOWS\SYSTEM32\kernel.appcore.dll
0x00007ffaffbe0000 - 0x00007ffaffbea000 	C:\Program Files\Android\Android Studio\jbr\bin\jimage.dll
0x00007ffb1bfe0000 - 0x00007ffb1c213000 	C:\WINDOWS\SYSTEM32\DBGHELP.DLL
0x00007ffb1f340000 - 0x00007ffb1f6c9000 	C:\WINDOWS\System32\combase.dll
0x00007ffb20f20000 - 0x00007ffb20ff7000 	C:\WINDOWS\System32\OLEAUT32.dll
0x00007ffafad90000 - 0x00007ffafadc2000 	C:\WINDOWS\SYSTEM32\dbgcore.DLL
0x00007ffb1f060000 - 0x00007ffb1f0da000 	C:\WINDOWS\System32\bcryptPrimitives.dll
0x00007ffaffbb0000 - 0x00007ffaffbd5000 	C:\Program Files\Android\Android Studio\jbr\bin\java.dll
0x00007ffaffb90000 - 0x00007ffaffba8000 	C:\Program Files\Android\Android Studio\jbr\bin\zip.dll
0x00007ffb20440000 - 0x00007ffb20c9a000 	C:\WINDOWS\System32\SHELL32.dll
0x00007ffb1c620000 - 0x00007ffb1cf16000 	C:\WINDOWS\SYSTEM32\windows.storage.dll
0x00007ffb1c4e0000 - 0x00007ffb1c61e000 	C:\WINDOWS\SYSTEM32\wintypes.dll
0x00007ffb20010000 - 0x00007ffb20103000 	C:\WINDOWS\System32\SHCORE.dll
0x00007ffb212f0000 - 0x00007ffb2134e000 	C:\WINDOWS\System32\shlwapi.dll
0x00007ffb1e600000 - 0x00007ffb1e626000 	C:\WINDOWS\SYSTEM32\profapi.dll
0x00007ffaffb70000 - 0x00007ffaffb89000 	C:\Program Files\Android\Android Studio\jbr\bin\net.dll
0x00007ffb17790000 - 0x00007ffb178c7000 	C:\WINDOWS\SYSTEM32\WINHTTP.dll
0x00007ffb1db80000 - 0x00007ffb1dbe9000 	C:\WINDOWS\system32\mswsock.dll
0x00007ffaffb50000 - 0x00007ffaffb66000 	C:\Program Files\Android\Android Studio\jbr\bin\nio.dll
0x00007ffaff910000 - 0x00007ffaff920000 	C:\Program Files\Android\Android Studio\jbr\bin\verify.dll
0x00007ffb15b10000 - 0x00007ffb15b37000 	C:\Users\86199\.gradle\native\68d5fa5c4cc2d200863cafc0d521ce42e7d3e7ee720ec0a83991735586a16f82\windows-amd64\native-platform.dll
0x00007ffaf83e0000 - 0x00007ffaf8524000 	C:\Users\86199\.gradle\native\e376f236ea51e6404a007f0833ffe2c6e607c4080706a723a18a27aeea778392\windows-amd64\native-platform-file-events.dll
0x00007ffb10400000 - 0x00007ffb10409000 	C:\Program Files\Android\Android Studio\jbr\bin\management.dll
0x00007ffaff900000 - 0x00007ffaff90b000 	C:\Program Files\Android\Android Studio\jbr\bin\management_ext.dll
0x00007ffb1f0e0000 - 0x00007ffb1f0e8000 	C:\WINDOWS\System32\PSAPI.DLL
0x00007ffb1ddd0000 - 0x00007ffb1ddeb000 	C:\WINDOWS\SYSTEM32\CRYPTSP.dll
0x00007ffb1d660000 - 0x00007ffb1d695000 	C:\WINDOWS\system32\rsaenh.dll
0x00007ffb1dc70000 - 0x00007ffb1dc9c000 	C:\WINDOWS\SYSTEM32\USERENV.dll
0x00007ffb1ddf0000 - 0x00007ffb1ddfc000 	C:\WINDOWS\SYSTEM32\CRYPTBASE.dll
0x00007ffb1d180000 - 0x00007ffb1d1ad000 	C:\WINDOWS\SYSTEM32\IPHLPAPI.DLL
0x00007ffb203a0000 - 0x00007ffb203a9000 	C:\WINDOWS\System32\NSI.dll
0x00007ffb17770000 - 0x00007ffb17789000 	C:\WINDOWS\SYSTEM32\dhcpcsvc6.DLL
0x00007ffb17750000 - 0x00007ffb1776f000 	C:\WINDOWS\SYSTEM32\dhcpcsvc.DLL
0x00007ffb1d1b0000 - 0x00007ffb1d2a9000 	C:\WINDOWS\SYSTEM32\DNSAPI.dll
0x00007ffb17e20000 - 0x00007ffb17e28000 	C:\WINDOWS\system32\wshunix.dll
0x00007ffafcc70000 - 0x00007ffafcc87000 	C:\WINDOWS\system32\napinsp.dll
0x00007ffafcc50000 - 0x00007ffafcc6b000 	C:\WINDOWS\system32\pnrpnsp.dll
0x00007ffafcc30000 - 0x00007ffafcc41000 	C:\WINDOWS\System32\winrnr.dll
0x00007ffafcc10000 - 0x00007ffafcc25000 	C:\WINDOWS\system32\wshbth.dll
0x00007ffafcbe0000 - 0x00007ffafcc01000 	C:\WINDOWS\system32\nlansp_c.dll
0x00007ffb17a10000 - 0x00007ffb17a1a000 	C:\Windows\System32\rasadhlp.dll
0x00007ffb142a0000 - 0x00007ffb14323000 	C:\WINDOWS\System32\fwpuclnt.dll

dbghelp: loaded successfully - version: 4.0.5 - missing functions: none
symbol engine: initialized successfully - sym options: 0x614 - pdb path: .;C:\Program Files\Android\Android Studio\jbr\bin;C:\WINDOWS\SYSTEM32;C:\WINDOWS\WinSxS\amd64_microsoft.windows.common-controls_6595b64144ccf1df_6.0.22621.2506_none_270c5ae97388e100;C:\Program Files\Android\Android Studio\jbr\bin\server;C:\Users\86199\.gradle\native\68d5fa5c4cc2d200863cafc0d521ce42e7d3e7ee720ec0a83991735586a16f82\windows-amd64;C:\Users\86199\.gradle\native\e376f236ea51e6404a007f0833ffe2c6e607c4080706a723a18a27aeea778392\windows-amd64

VM Arguments:
jvm_args: --add-opens=java.base/java.util=ALL-UNNAMED --add-opens=java.base/java.lang=ALL-UNNAMED --add-opens=java.base/java.lang.invoke=ALL-UNNAMED --add-opens=java.prefs/java.util.prefs=ALL-UNNAMED --add-opens=java.base/java.nio.charset=ALL-UNNAMED --add-opens=java.base/java.net=ALL-UNNAMED --add-opens=java.base/java.util.concurrent.atomic=ALL-UNNAMED -Xmx2048m -Dfile.encoding=UTF-8 -Duser.country=CN -Duser.language=zh -Duser.variant 
java_command: org.gradle.launcher.daemon.bootstrap.GradleDaemon 8.0
java_class_path (initial): C:\Users\86199\.gradle\wrapper\dists\gradle-8.0-bin\ca5e32bp14vu59qr306oxotwh\gradle-8.0\lib\gradle-launcher-8.0.jar
Launcher Type: SUN_STANDARD

[Global flags]
     intx CICompilerCount                          = 4                                         {product} {ergonomic}
     uint ConcGCThreads                            = 2                                         {product} {ergonomic}
     uint G1ConcRefinementThreads                  = 8                                         {product} {ergonomic}
   size_t G1HeapRegionSize                         = 1048576                                   {product} {ergonomic}
    uintx GCDrainStackTargetSize                   = 64                                        {product} {ergonomic}
   size_t InitialHeapSize                          = 266338304                                 {product} {ergonomic}
   size_t MarkStackSize                            = 4194304                                   {product} {ergonomic}
   size_t MaxHeapSize                              = 2147483648                                {product} {command line}
   size_t MaxNewSize                               = 1287651328                                {product} {ergonomic}
   size_t MinHeapDeltaBytes                        = 1048576                                   {product} {ergonomic}
   size_t MinHeapSize                              = 8388608                                   {product} {ergonomic}
    uintx NonNMethodCodeHeapSize                   = 5839372                                {pd product} {ergonomic}
    uintx NonProfiledCodeHeapSize                  = 122909434                              {pd product} {ergonomic}
    uintx ProfiledCodeHeapSize                     = 122909434                              {pd product} {ergonomic}
    uintx ReservedCodeCacheSize                    = 251658240                              {pd product} {ergonomic}
     bool SegmentedCodeCache                       = true                                      {product} {ergonomic}
   size_t SoftMaxHeapSize                          = 2147483648                             {manageable} {ergonomic}
     bool UseCompressedClassPointers               = true                           {product lp64_product} {ergonomic}
     bool UseCompressedOops                        = true                           {product lp64_product} {ergonomic}
     bool UseG1GC                                  = true                                      {product} {ergonomic}
     bool UseLargePagesIndividualAllocation        = false                                  {pd product} {ergonomic}

Logging:
Log output configuration:
 #0: stdout all=warning uptime,level,tags
 #1: stderr all=off uptime,level,tags

Environment Variables:
JAVA_HOME=D:\android\Java
CLASSPATH=.;D:\android\Java\lib;D:\android\Java\lib\tools.jar
PATH=C:\Program Files\Java\jdk 1.8.0_341\bin;D:\android\Java\bin;D:\android\Java\jre\bin;D:\mysql\mysql-5.7.27-winx64\bin;c:\windows\system32;C:\WINDOWS\system32;D:\tomcat\apache-tomcat-8.5.47\bin;D:\Anaconda;D:\Anaconda\Scripts;D:\Anaconda\Library\bin;D:\Anaconda\Library\mingw-w64\bin;D:\tomcat\apache-tomcat-8.5.47\lib\;%OMCAT_HOME%\bin;C:\Program Files\Azure Data Studio\bin;C:\Users\86199\Downloads\ffmpeg-6.0-full_build\bin;C:\WINDOWS;C:\WINDOWS\System32\Wbem;C:\WINDOWS\System32\WindowsPowerShell\v1.0\;C:\WINDOWS\System32\OpenSSH\;D:\Download\web\dll;%MAVEN;HOME%\bin;"% ANDROID_SDK_HOME%\platform-tools;% ANDROID_SDK_HOME%\tools";D:\android\SDK\platform-tools;C:\WINDOWS\system32;D:\software\node.js\;D:\software\gradle-8.0\bin;D:\software\Git\Git\cmd;D:\Anaconda;D:\Anaconda\Library\mingw-w64\bin;D:\Anaconda\Library\usr\bin;D:\Anaconda\Library\bin;D:\Anaconda\Scripts;C:\Users\86199\AppData\Local\Microsoft\WindowsApps;C:\Program Files\JetBrains\PyCharm Community Edition 2021.3\bin;;%JAVA_HOME\bin;%IntelliJ IDEA Community Edition%;C:\Program Files (x86)\Tencent\QQGameTempest\Hall.57915\;C:\Program Files\Azure Data Studio\bin;D:\Download\Microsoft VS Code\bin;C:\Users\86199\AppData\Roaming\npm
USERNAME=86199
OS=Windows_NT
PROCESSOR_IDENTIFIER=Intel64 Family 6 Model 140 Stepping 1, GenuineIntel
TMP=C:\Users\86199\AppData\Local\Temp
TEMP=C:\Users\86199\AppData\Local\Temp


JNI global refs:
JNI global refs: 27, weak refs: 10

JNI global refs memory usage: 843, weak refs: 841


---------------  S Y S T E M  ---------------

OS:
 Windows 11 , 64 bit Build 22621 (10.0.22621.2506)
OS uptime: 0 days 4:19 hours

CPU: total 8 (initial active 8) (4 cores per cpu, 2 threads per core) family 6 model 140 stepping 1 microcode 0x86, cx8, cmov, fxsr, ht, mmx, 3dnowpref, sse, sse2, sse3, ssse3, sse4.1, sse4.2, popcnt, lzcnt, tsc, tscinvbit, avx, avx2, aes, erms, clmul, bmi1, bmi2, adx, avx512f, avx512dq, avx512cd, avx512bw, avx512vl, sha, fma, vzeroupper, avx512_vpopcntdq, avx512_vpclmulqdq, avx512_vaes, avx512_vnni, clflush, clflushopt, clwb, avx512_vbmi2, avx512_vbmi

Memory: 4k page, system-wide physical 16167M (3783M free)
TotalPageFile size 16167M (AvailPageFile size 2M)
current process WorkingSet (physical memory assigned to process): 516M, peak: 584M
current process commit charge ("private bytes"): 575M, peak: 621M

vm_info: OpenJDK 64-Bit Server VM (17.0.6+0-b2043.56-10027231) for windows-amd64 JRE (17.0.6+0-b2043.56-10027231), built on Apr 28 2023 00:43:19 by "androidbuild" with MS VC++ 16.10 / 16.11 (VS2019)

END.
