#
# There is insufficient memory for the Java Runtime Environment to continue.
# Native memory allocation (malloc) failed to allocate 2410688 bytes for Chunk::new
# Possible reasons:
#   The system is out of physical RAM or swap space
#   The process is running with CompressedOops enabled, and the Java Heap may be blocking the growth of the native heap
# Possible solutions:
#   Reduce memory load on the system
#   Increase physical memory or swap space
#   Check if swap backing store is full
#   Decrease Java heap size (-Xmx/-Xms)
#   Decrease number of Java threads
#   Decrease Java thread stack sizes (-Xss)
#   Set larger code cache with -XX:ReservedCodeCacheSize=
#   JVM is running with Unscaled Compressed Oops mode in which the Java heap is
#     placed in the first 4GB address space. The Java Heap base address is the
#     maximum limit for the native heap growth. Please use -XX:HeapBaseMinAddress
#     to set the Java Heap base and to place the Java Heap above 4GB virtual address.
# This output file may be truncated or incomplete.
#
#  Out of Memory Error (arena.cpp:189), pid=16668, tid=18888
#
# JRE version: OpenJDK Runtime Environment (17.0.6) (build 17.0.6+0-b2043.56-10027231)
# Java VM: OpenJDK 64-Bit Server VM (17.0.6+0-b2043.56-10027231, mixed mode, tiered, compressed oops, compressed class ptrs, g1 gc, windows-amd64)
# No core dump will be written. Minidumps are not enabled by default on client versions of Windows
#

---------------  S U M M A R Y ------------

Command Line: --add-opens=java.base/java.util=ALL-UNNAMED --add-opens=java.base/java.lang=ALL-UNNAMED --add-opens=java.base/java.lang.invoke=ALL-UNNAMED --add-opens=java.prefs/java.util.prefs=ALL-UNNAMED --add-opens=java.base/java.nio.charset=ALL-UNNAMED --add-opens=java.base/java.net=ALL-UNNAMED --add-opens=java.base/java.util.concurrent.atomic=ALL-UNNAMED -Xmx2048m -Dfile.encoding=UTF-8 -Duser.country=CN -Duser.language=zh -Duser.variant org.gradle.launcher.daemon.bootstrap.GradleDaemon 8.0

Host: 11th Gen Intel(R) Core(TM) i5-1135G7 @ 2.40GHz, 8 cores, 15G,  Windows 11 , 64 bit Build 22621 (10.0.22621.2506)
Time: Mon Jan 15 19:12:07 2024  Windows 11 , 64 bit Build 22621 (10.0.22621.2506) elapsed time: 7.538026 seconds (0d 0h 0m 7s)

---------------  T H R E A D  ---------------

Current thread (0x00000238f2370880):  JavaThread "C2 CompilerThread1" daemon [_thread_in_native, id=18888, stack(0x0000007a6a300000,0x0000007a6a400000)]


Current CompileTask:
C2:   7538 6593   !   4       com.google.common.reflect.TypeVisitor::visit (244 bytes)

Stack: [0x0000007a6a300000,0x0000007a6a400000]
Native frames: (J=compiled Java code, j=interpreted, Vv=VM code, C=native code)
V  [jvm.dll+0x683c9a]
V  [jvm.dll+0x8427a4]
V  [jvm.dll+0x843f9e]
V  [jvm.dll+0x844603]
V  [jvm.dll+0x249b75]
V  [jvm.dll+0xabcac]
V  [jvm.dll+0xac27c]
V  [jvm.dll+0x368857]
V  [jvm.dll+0x332f31]
V  [jvm.dll+0x3323da]
V  [jvm.dll+0x21c201]
V  [jvm.dll+0x21b621]
V  [jvm.dll+0x1a4fdd]
V  [jvm.dll+0x22b098]
V  [jvm.dll+0x229159]
V  [jvm.dll+0x7f81ec]
V  [jvm.dll+0x7f274a]
V  [jvm.dll+0x682ad5]
C  [ucrtbase.dll+0x29363]
C  [KERNEL32.DLL+0x1257d]
C  [ntdll.dll+0x5aa58]


---------------  P R O C E S S  ---------------

Threads class SMR info:
_java_thread_list=0x00000238ef9d29a0, length=127, elements={
0x00000238d4aef6d0, 0x00000238ee95d550, 0x00000238ef43fb30, 0x00000238ef46d380,
0x00000238ef46df30, 0x00000238ef46e9e0, 0x00000238ef46f390, 0x00000238ef470120,
0x00000238ef493530, 0x00000238ef497420, 0x00000238ef62a690, 0x00000238ef64bb40,
0x00000238f18c4ad0, 0x00000238f1e6f750, 0x00000238f182c4a0, 0x00000238f2370880,
0x00000238f0dd9880, 0x00000238f19f2840, 0x00000238f19f1ea0, 0x00000238f19f2370,
0x00000238f19f31e0, 0x00000238f19ef820, 0x00000238f19f0b60, 0x00000238f19f1030,
0x00000238f19f19d0, 0x00000238f19efcf0, 0x00000238f19f01c0, 0x00000238f19f0690,
0x00000238f19f1500, 0x00000238f19f2d10, 0x00000238f3246f80, 0x00000238f3249fa0,
0x00000238f324a940, 0x00000238f324ae10, 0x00000238f324b2e0, 0x00000238f3243a90,
0x00000238f3248790, 0x00000238f3247920, 0x00000238f3245c40, 0x00000238f3249600,
0x00000238f324a470, 0x00000238f3246ab0, 0x00000238f3248c60, 0x00000238f3245770,
0x00000238f3246110, 0x00000238f3247df0, 0x00000238f3247450, 0x00000238f3249130,
0x00000238f3244dd0, 0x00000238f32482c0, 0x00000238f315c9c0, 0x00000238f315f9e0,
0x00000238f315f510, 0x00000238f315e1d0, 0x00000238f3160d20, 0x00000238f3160850,
0x00000238f315feb0, 0x00000238f3162a00, 0x00000238f3162060, 0x00000238f3160380,
0x00000238f3162ed0, 0x00000238f31611f0, 0x00000238f31616c0, 0x00000238f315eb70,
0x00000238f315c4f0, 0x00000238f3161b90, 0x00000238f315f040, 0x00000238f3162530,
0x00000238f31633a0, 0x00000238f3163870, 0x00000238f315c020, 0x00000238f315ce90,
0x00000238f315d360, 0x00000238f315d830, 0x00000238f315dd00, 0x00000238f315e6a0,
0x00000238f24e8c00, 0x00000238f24e8260, 0x00000238f24e5be0, 0x00000238f24e9a70,
0x00000238f24ec0f0, 0x00000238f24e9f40, 0x00000238f24e8730, 0x00000238f24e6580,
0x00000238f24eadb0, 0x00000238f24eb280, 0x00000238f24ebc20, 0x00000238f24ea410,
0x00000238f24e73f0, 0x00000238f24e90d0, 0x00000238f24e5240, 0x00000238f24e95a0,
0x00000238f24e78c0, 0x00000238f24e5710, 0x00000238f24ea8e0, 0x00000238f24e48a0,
0x00000238f24e6a50, 0x00000238f24eb750, 0x00000238f24e6f20, 0x00000238f24e4d70,
0x00000238f24e60b0, 0x00000238f24e7d90, 0x00000238f6161730, 0x00000238f6160d90,
0x00000238f615e240, 0x00000238f615d3d0, 0x00000238f61620d0, 0x00000238f615fa50,
0x00000238f615ebe0, 0x00000238f6162a70, 0x00000238f615e710, 0x00000238f6161c00,
0x00000238f61608c0, 0x00000238f6162f40, 0x00000238f615f0b0, 0x00000238f615dd70,
0x00000238f615d8a0, 0x00000238f615f580, 0x00000238f615c560, 0x00000238f615ff20,
0x00000238f6161260, 0x00000238f61603f0, 0x00000238f615ca30, 0x00000238f61625a0,
0x00000238f615cf00, 0x00000238f6163410, 0x00000238f615c090
}

Java Threads: ( => current thread )
  0x00000238d4aef6d0 JavaThread "main" [_thread_blocked, id=17500, stack(0x0000007a68800000,0x0000007a68900000)]
  0x00000238ee95d550 JavaThread "Reference Handler" daemon [_thread_blocked, id=16488, stack(0x0000007a68f00000,0x0000007a69000000)]
  0x00000238ef43fb30 JavaThread "Finalizer" daemon [_thread_blocked, id=2412, stack(0x0000007a69000000,0x0000007a69100000)]
  0x00000238ef46d380 JavaThread "Signal Dispatcher" daemon [_thread_blocked, id=5756, stack(0x0000007a69100000,0x0000007a69200000)]
  0x00000238ef46df30 JavaThread "Attach Listener" daemon [_thread_blocked, id=19116, stack(0x0000007a69200000,0x0000007a69300000)]
  0x00000238ef46e9e0 JavaThread "Service Thread" daemon [_thread_blocked, id=11088, stack(0x0000007a69300000,0x0000007a69400000)]
  0x00000238ef46f390 JavaThread "Monitor Deflation Thread" daemon [_thread_blocked, id=19848, stack(0x0000007a69400000,0x0000007a69500000)]
  0x00000238ef470120 JavaThread "C2 CompilerThread0" daemon [_thread_blocked, id=6336, stack(0x0000007a69500000,0x0000007a69600000)]
  0x00000238ef493530 JavaThread "C1 CompilerThread0" daemon [_thread_blocked, id=7688, stack(0x0000007a69600000,0x0000007a69700000)]
  0x00000238ef497420 JavaThread "Sweeper thread" daemon [_thread_blocked, id=6472, stack(0x0000007a69700000,0x0000007a69800000)]
  0x00000238ef62a690 JavaThread "Common-Cleaner" daemon [_thread_blocked, id=15892, stack(0x0000007a69800000,0x0000007a69900000)]
  0x00000238ef64bb40 JavaThread "Notification Thread" daemon [_thread_blocked, id=8380, stack(0x0000007a69900000,0x0000007a69a00000)]
  0x00000238f18c4ad0 JavaThread "Daemon health stats" [_thread_blocked, id=5008, stack(0x0000007a6a200000,0x0000007a6a300000)]
  0x00000238f1e6f750 JavaThread "Incoming local TCP Connector on port 55046" [_thread_in_native, id=19364, stack(0x0000007a69b00000,0x0000007a69c00000)]
  0x00000238f182c4a0 JavaThread "Daemon periodic checks" [_thread_blocked, id=16648, stack(0x0000007a69c00000,0x0000007a69d00000)]
=>0x00000238f2370880 JavaThread "C2 CompilerThread1" daemon [_thread_in_native, id=18888, stack(0x0000007a6a300000,0x0000007a6a400000)]
  0x00000238f0dd9880 JavaThread "C2 CompilerThread2" daemon [_thread_in_native, id=13280, stack(0x0000007a6a400000,0x0000007a6a500000)]
  0x00000238f19f2840 JavaThread "Daemon" [_thread_blocked, id=9868, stack(0x0000007a6a500000,0x0000007a6a600000)]
  0x00000238f19f1ea0 JavaThread "Handler for socket connection from /127.0.0.1:55046 to /127.0.0.1:55047" [_thread_in_native, id=2344, stack(0x0000007a6a600000,0x0000007a6a700000)]
  0x00000238f19f2370 JavaThread "Cancel handler" [_thread_blocked, id=20044, stack(0x0000007a6a700000,0x0000007a6a800000)]
  0x00000238f19f31e0 JavaThread "Daemon worker" [_thread_in_vm, id=7624, stack(0x0000007a6a800000,0x0000007a6a900000)]
  0x00000238f19ef820 JavaThread "Asynchronous log dispatcher for DefaultDaemonConnection: socket connection from /127.0.0.1:55046 to /127.0.0.1:55047" [_thread_blocked, id=17236, stack(0x0000007a6a900000,0x0000007a6aa00000)]
  0x00000238f19f0b60 JavaThread "Stdin handler" [_thread_blocked, id=8960, stack(0x0000007a6aa00000,0x0000007a6ab00000)]
  0x00000238f19f1030 JavaThread "Daemon client event forwarder" [_thread_blocked, id=18528, stack(0x0000007a6ab00000,0x0000007a6ac00000)]
  0x00000238f19f19d0 JavaThread "Cache worker for journal cache (C:\Users\86199\.gradle\caches\journal-1)" [_thread_blocked, id=18296, stack(0x0000007a6af00000,0x0000007a6b000000)]
  0x00000238f19efcf0 JavaThread "File lock request listener" [_thread_in_native, id=10668, stack(0x0000007a6b000000,0x0000007a6b100000)]
  0x00000238f19f01c0 JavaThread "Cache worker for file hash cache (C:\Users\86199\.gradle\caches\8.0\fileHashes)" [_thread_blocked, id=15584, stack(0x0000007a6b100000,0x0000007a6b200000)]
  0x00000238f19f0690 JavaThread "File watcher server" daemon [_thread_in_native, id=16916, stack(0x0000007a6b200000,0x0000007a6b300000)]
  0x00000238f19f1500 JavaThread "File watcher consumer" daemon [_thread_blocked, id=17760, stack(0x0000007a6b300000,0x0000007a6b400000)]
  0x00000238f19f2d10 JavaThread "jar transforms" [_thread_blocked, id=19600, stack(0x0000007a6b400000,0x0000007a6b500000)]
  0x00000238f3246f80 JavaThread "jar transforms Thread 2" [_thread_blocked, id=8988, stack(0x0000007a6b500000,0x0000007a6b600000)]
  0x00000238f3249fa0 JavaThread "jar transforms Thread 3" [_thread_blocked, id=17136, stack(0x0000007a6b600000,0x0000007a6b700000)]
  0x00000238f324a940 JavaThread "jar transforms Thread 4" [_thread_blocked, id=5160, stack(0x0000007a6b700000,0x0000007a6b800000)]
  0x00000238f324ae10 JavaThread "jar transforms Thread 5" [_thread_blocked, id=5892, stack(0x0000007a6b800000,0x0000007a6b900000)]
  0x00000238f324b2e0 JavaThread "jar transforms Thread 6" [_thread_blocked, id=18812, stack(0x0000007a6b900000,0x0000007a6ba00000)]
  0x00000238f3243a90 JavaThread "jar transforms Thread 7" [_thread_blocked, id=19428, stack(0x0000007a6ba00000,0x0000007a6bb00000)]
  0x00000238f3248790 JavaThread "jar transforms Thread 8" [_thread_blocked, id=18160, stack(0x0000007a6bb00000,0x0000007a6bc00000)]
  0x00000238f3247920 JavaThread "Cache worker for checksums cache (D:\MyApplication\.gradle\8.0\checksums)" [_thread_blocked, id=14588, stack(0x0000007a6bc00000,0x0000007a6bd00000)]
  0x00000238f3245c40 JavaThread "Cache worker for cache directory md-rule (C:\Users\86199\.gradle\caches\8.0\md-rule)" [_thread_blocked, id=15572, stack(0x0000007a6bd00000,0x0000007a6be00000)]
  0x00000238f3249600 JavaThread "Cache worker for file content cache (C:\Users\86199\.gradle\caches\8.0\fileContent)" [_thread_blocked, id=20076, stack(0x0000007a6be00000,0x0000007a6bf00000)]
  0x00000238f324a470 JavaThread "Cache worker for file hash cache (D:\MyApplication\.gradle\8.0\fileHashes)" [_thread_blocked, id=19688, stack(0x0000007a6bf00000,0x0000007a6c000000)]
  0x00000238f3246ab0 JavaThread "Cache worker for cache directory md-supplier (C:\Users\86199\.gradle\caches\8.0\md-supplier)" [_thread_blocked, id=16296, stack(0x0000007a6c000000,0x0000007a6c100000)]
  0x00000238f3248c60 JavaThread "Cache worker for execution history cache (C:\Users\86199\.gradle\caches\8.0\executionHistory)" [_thread_blocked, id=15048, stack(0x0000007a6c100000,0x0000007a6c200000)]
  0x00000238f3245770 JavaThread "Cache worker for kotlin-dsl (C:\Users\86199\.gradle\caches\8.0\kotlin-dsl)" [_thread_blocked, id=18836, stack(0x0000007a6c200000,0x0000007a6c300000)]
  0x00000238f3246110 JavaThread "Cache worker for dependencies-accessors (D:\MyApplication\.gradle\8.0\dependencies-accessors)" [_thread_blocked, id=17052, stack(0x0000007a6c300000,0x0000007a6c400000)]
  0x00000238f3247df0 JavaThread "Cache worker for Build Output Cleanup Cache (D:\MyApplication\.gradle\buildOutputCleanup)" [_thread_blocked, id=17668, stack(0x0000007a6c400000,0x0000007a6c500000)]
  0x00000238f3247450 JavaThread "Unconstrained build operations" [_thread_blocked, id=16420, stack(0x0000007a6c500000,0x0000007a6c600000)]
  0x00000238f3249130 JavaThread "Unconstrained build operations Thread 2" [_thread_blocked, id=7464, stack(0x0000007a6c600000,0x0000007a6c700000)]
  0x00000238f3244dd0 JavaThread "Unconstrained build operations Thread 3" [_thread_blocked, id=16132, stack(0x0000007a6c700000,0x0000007a6c800000)]
  0x00000238f32482c0 JavaThread "Unconstrained build operations Thread 4" [_thread_blocked, id=10248, stack(0x0000007a6c800000,0x0000007a6c900000)]
  0x00000238f315c9c0 JavaThread "Unconstrained build operations Thread 5" [_thread_blocked, id=18324, stack(0x0000007a6c900000,0x0000007a6ca00000)]
  0x00000238f315f9e0 JavaThread "Unconstrained build operations Thread 6" [_thread_blocked, id=2292, stack(0x0000007a6ca00000,0x0000007a6cb00000)]
  0x00000238f315f510 JavaThread "Unconstrained build operations Thread 7" [_thread_blocked, id=18300, stack(0x0000007a6cb00000,0x0000007a6cc00000)]
  0x00000238f315e1d0 JavaThread "Unconstrained build operations Thread 8" [_thread_blocked, id=19100, stack(0x0000007a6cc00000,0x0000007a6cd00000)]
  0x00000238f3160d20 JavaThread "Unconstrained build operations Thread 9" [_thread_blocked, id=17532, stack(0x0000007a6cd00000,0x0000007a6ce00000)]
  0x00000238f3160850 JavaThread "Unconstrained build operations Thread 10" [_thread_blocked, id=1244, stack(0x0000007a6ce00000,0x0000007a6cf00000)]
  0x00000238f315feb0 JavaThread "Unconstrained build operations Thread 11" [_thread_blocked, id=10776, stack(0x0000007a6cf00000,0x0000007a6d000000)]
  0x00000238f3162a00 JavaThread "Unconstrained build operations Thread 12" [_thread_blocked, id=17684, stack(0x0000007a6d000000,0x0000007a6d100000)]
  0x00000238f3162060 JavaThread "Unconstrained build operations Thread 13" [_thread_blocked, id=1964, stack(0x0000007a6d100000,0x0000007a6d200000)]
  0x00000238f3160380 JavaThread "Unconstrained build operations Thread 14" [_thread_blocked, id=19488, stack(0x0000007a6d200000,0x0000007a6d300000)]
  0x00000238f3162ed0 JavaThread "Unconstrained build operations Thread 15" [_thread_blocked, id=11712, stack(0x0000007a6d300000,0x0000007a6d400000)]
  0x00000238f31611f0 JavaThread "Unconstrained build operations Thread 16" [_thread_blocked, id=19132, stack(0x0000007a6d400000,0x0000007a6d500000)]
  0x00000238f31616c0 JavaThread "Unconstrained build operations Thread 17" [_thread_blocked, id=15152, stack(0x0000007a6d500000,0x0000007a6d600000)]
  0x00000238f315eb70 JavaThread "Unconstrained build operations Thread 18" [_thread_blocked, id=1832, stack(0x0000007a6d600000,0x0000007a6d700000)]
  0x00000238f315c4f0 JavaThread "Unconstrained build operations Thread 19" [_thread_blocked, id=8180, stack(0x0000007a6d700000,0x0000007a6d800000)]
  0x00000238f3161b90 JavaThread "Unconstrained build operations Thread 20" [_thread_blocked, id=3260, stack(0x0000007a6d800000,0x0000007a6d900000)]
  0x00000238f315f040 JavaThread "Unconstrained build operations Thread 21" [_thread_blocked, id=18856, stack(0x0000007a6d900000,0x0000007a6da00000)]
  0x00000238f3162530 JavaThread "Unconstrained build operations Thread 22" [_thread_blocked, id=20100, stack(0x0000007a6da00000,0x0000007a6db00000)]
  0x00000238f31633a0 JavaThread "Unconstrained build operations Thread 23" [_thread_blocked, id=15812, stack(0x0000007a6db00000,0x0000007a6dc00000)]
  0x00000238f3163870 JavaThread "Unconstrained build operations Thread 24" [_thread_blocked, id=19628, stack(0x0000007a6dc00000,0x0000007a6dd00000)]
  0x00000238f315c020 JavaThread "Unconstrained build operations Thread 25" [_thread_blocked, id=13080, stack(0x0000007a6dd00000,0x0000007a6de00000)]
  0x00000238f315ce90 JavaThread "Unconstrained build operations Thread 26" [_thread_blocked, id=8540, stack(0x0000007a6de00000,0x0000007a6df00000)]
  0x00000238f315d360 JavaThread "Unconstrained build operations Thread 27" [_thread_blocked, id=14080, stack(0x0000007a6df00000,0x0000007a6e000000)]
  0x00000238f315d830 JavaThread "Unconstrained build operations Thread 28" [_thread_blocked, id=6828, stack(0x0000007a6e000000,0x0000007a6e100000)]
  0x00000238f315dd00 JavaThread "Unconstrained build operations Thread 29" [_thread_blocked, id=18212, stack(0x0000007a6e100000,0x0000007a6e200000)]
  0x00000238f315e6a0 JavaThread "Unconstrained build operations Thread 30" [_thread_blocked, id=19792, stack(0x0000007a6e200000,0x0000007a6e300000)]
  0x00000238f24e8c00 JavaThread "Unconstrained build operations Thread 31" [_thread_blocked, id=3432, stack(0x0000007a6e300000,0x0000007a6e400000)]
  0x00000238f24e8260 JavaThread "Unconstrained build operations Thread 32" [_thread_blocked, id=20376, stack(0x0000007a6e400000,0x0000007a6e500000)]
  0x00000238f24e5be0 JavaThread "Unconstrained build operations Thread 33" [_thread_blocked, id=16376, stack(0x0000007a6e500000,0x0000007a6e600000)]
  0x00000238f24e9a70 JavaThread "Unconstrained build operations Thread 34" [_thread_blocked, id=14200, stack(0x0000007a6e600000,0x0000007a6e700000)]
  0x00000238f24ec0f0 JavaThread "Unconstrained build operations Thread 35" [_thread_blocked, id=12972, stack(0x0000007a6e700000,0x0000007a6e800000)]
  0x00000238f24e9f40 JavaThread "Unconstrained build operations Thread 36" [_thread_blocked, id=15016, stack(0x0000007a6e800000,0x0000007a6e900000)]
  0x00000238f24e8730 JavaThread "Unconstrained build operations Thread 37" [_thread_blocked, id=16708, stack(0x0000007a6e900000,0x0000007a6ea00000)]
  0x00000238f24e6580 JavaThread "Unconstrained build operations Thread 38" [_thread_blocked, id=18220, stack(0x0000007a6ea00000,0x0000007a6eb00000)]
  0x00000238f24eadb0 JavaThread "Unconstrained build operations Thread 39" [_thread_blocked, id=3220, stack(0x0000007a6eb00000,0x0000007a6ec00000)]
  0x00000238f24eb280 JavaThread "Unconstrained build operations Thread 40" [_thread_blocked, id=14712, stack(0x0000007a6ec00000,0x0000007a6ed00000)]
  0x00000238f24ebc20 JavaThread "Unconstrained build operations Thread 41" [_thread_blocked, id=12512, stack(0x0000007a6ed00000,0x0000007a6ee00000)]
  0x00000238f24ea410 JavaThread "Unconstrained build operations Thread 42" [_thread_blocked, id=2740, stack(0x0000007a6ee00000,0x0000007a6ef00000)]
  0x00000238f24e73f0 JavaThread "Unconstrained build operations Thread 43" [_thread_blocked, id=11480, stack(0x0000007a6ef00000,0x0000007a6f000000)]
  0x00000238f24e90d0 JavaThread "Unconstrained build operations Thread 44" [_thread_blocked, id=19144, stack(0x0000007a6f000000,0x0000007a6f100000)]
  0x00000238f24e5240 JavaThread "Unconstrained build operations Thread 45" [_thread_blocked, id=17560, stack(0x0000007a6f100000,0x0000007a6f200000)]
  0x00000238f24e95a0 JavaThread "Unconstrained build operations Thread 46" [_thread_blocked, id=12824, stack(0x0000007a6f200000,0x0000007a6f300000)]
  0x00000238f24e78c0 JavaThread "Unconstrained build operations Thread 47" [_thread_blocked, id=3300, stack(0x0000007a6f300000,0x0000007a6f400000)]
  0x00000238f24e5710 JavaThread "Unconstrained build operations Thread 48" [_thread_blocked, id=14516, stack(0x0000007a6f400000,0x0000007a6f500000)]
  0x00000238f24ea8e0 JavaThread "Unconstrained build operations Thread 49" [_thread_blocked, id=1960, stack(0x0000007a6f500000,0x0000007a6f600000)]
  0x00000238f24e48a0 JavaThread "Unconstrained build operations Thread 50" [_thread_blocked, id=12012, stack(0x0000007a6f600000,0x0000007a6f700000)]
  0x00000238f24e6a50 JavaThread "Unconstrained build operations Thread 51" [_thread_blocked, id=20092, stack(0x0000007a6f700000,0x0000007a6f800000)]
  0x00000238f24eb750 JavaThread "Unconstrained build operations Thread 52" [_thread_blocked, id=16552, stack(0x0000007a6f800000,0x0000007a6f900000)]
  0x00000238f24e6f20 JavaThread "Unconstrained build operations Thread 53" [_thread_blocked, id=16876, stack(0x0000007a6f900000,0x0000007a6fa00000)]
  0x00000238f24e4d70 JavaThread "Unconstrained build operations Thread 54" [_thread_blocked, id=19844, stack(0x0000007a6fa00000,0x0000007a6fb00000)]
  0x00000238f24e60b0 JavaThread "Unconstrained build operations Thread 55" [_thread_blocked, id=10460, stack(0x0000007a6fb00000,0x0000007a6fc00000)]
  0x00000238f24e7d90 JavaThread "Unconstrained build operations Thread 56" [_thread_blocked, id=4756, stack(0x0000007a6fc00000,0x0000007a6fd00000)]
  0x00000238f6161730 JavaThread "Unconstrained build operations Thread 57" [_thread_blocked, id=10580, stack(0x0000007a6fd00000,0x0000007a6fe00000)]
  0x00000238f6160d90 JavaThread "Unconstrained build operations Thread 58" [_thread_blocked, id=20368, stack(0x0000007a6fe00000,0x0000007a6ff00000)]
  0x00000238f615e240 JavaThread "Unconstrained build operations Thread 59" [_thread_blocked, id=18540, stack(0x0000007a6ff00000,0x0000007a70000000)]
  0x00000238f615d3d0 JavaThread "Unconstrained build operations Thread 60" [_thread_blocked, id=6864, stack(0x0000007a70000000,0x0000007a70100000)]
  0x00000238f61620d0 JavaThread "Unconstrained build operations Thread 61" [_thread_blocked, id=2032, stack(0x0000007a70100000,0x0000007a70200000)]
  0x00000238f615fa50 JavaThread "Unconstrained build operations Thread 62" [_thread_blocked, id=11016, stack(0x0000007a70200000,0x0000007a70300000)]
  0x00000238f615ebe0 JavaThread "Unconstrained build operations Thread 63" [_thread_blocked, id=13324, stack(0x0000007a70300000,0x0000007a70400000)]
  0x00000238f6162a70 JavaThread "Unconstrained build operations Thread 64" [_thread_blocked, id=19304, stack(0x0000007a70400000,0x0000007a70500000)]
  0x00000238f615e710 JavaThread "Unconstrained build operations Thread 65" [_thread_blocked, id=13780, stack(0x0000007a70500000,0x0000007a70600000)]
  0x00000238f6161c00 JavaThread "Unconstrained build operations Thread 66" [_thread_blocked, id=5004, stack(0x0000007a70600000,0x0000007a70700000)]
  0x00000238f61608c0 JavaThread "Unconstrained build operations Thread 67" [_thread_blocked, id=20260, stack(0x0000007a70700000,0x0000007a70800000)]
  0x00000238f6162f40 JavaThread "Unconstrained build operations Thread 68" [_thread_blocked, id=5148, stack(0x0000007a70800000,0x0000007a70900000)]
  0x00000238f615f0b0 JavaThread "Unconstrained build operations Thread 69" [_thread_blocked, id=13720, stack(0x0000007a70900000,0x0000007a70a00000)]
  0x00000238f615dd70 JavaThread "Unconstrained build operations Thread 70" [_thread_blocked, id=19808, stack(0x0000007a70a00000,0x0000007a70b00000)]
  0x00000238f615d8a0 JavaThread "Unconstrained build operations Thread 71" [_thread_blocked, id=900, stack(0x0000007a70b00000,0x0000007a70c00000)]
  0x00000238f615f580 JavaThread "Unconstrained build operations Thread 72" [_thread_blocked, id=14376, stack(0x0000007a70c00000,0x0000007a70d00000)]
  0x00000238f615c560 JavaThread "Unconstrained build operations Thread 73" [_thread_blocked, id=12404, stack(0x0000007a70d00000,0x0000007a70e00000)]
  0x00000238f615ff20 JavaThread "Unconstrained build operations Thread 74" [_thread_blocked, id=16976, stack(0x0000007a70e00000,0x0000007a70f00000)]
  0x00000238f6161260 JavaThread "Unconstrained build operations Thread 75" [_thread_blocked, id=12536, stack(0x0000007a70f00000,0x0000007a71000000)]
  0x00000238f61603f0 JavaThread "Unconstrained build operations Thread 76" [_thread_blocked, id=19444, stack(0x0000007a71000000,0x0000007a71100000)]
  0x00000238f615ca30 JavaThread "Unconstrained build operations Thread 77" [_thread_blocked, id=20328, stack(0x0000007a71100000,0x0000007a71200000)]
  0x00000238f61625a0 JavaThread "Unconstrained build operations Thread 78" [_thread_blocked, id=12308, stack(0x0000007a71200000,0x0000007a71300000)]
  0x00000238f615cf00 JavaThread "Unconstrained build operations Thread 79" [_thread_blocked, id=3848, stack(0x0000007a71300000,0x0000007a71400000)]
  0x00000238f6163410 JavaThread "Unconstrained build operations Thread 80" [_thread_blocked, id=14964, stack(0x0000007a71400000,0x0000007a71500000)]
  0x00000238f615c090 JavaThread "Memory manager" [_thread_blocked, id=14840, stack(0x0000007a71500000,0x0000007a71600000)]

Other Threads:
  0x00000238ee973400 VMThread "VM Thread" [stack: 0x0000007a68e00000,0x0000007a68f00000] [id=9832]
  0x00000238ef64c410 WatcherThread [stack: 0x0000007a69a00000,0x0000007a69b00000] [id=14988]
  0x00000238d4b4a8f0 GCTaskThread "GC Thread#0" [stack: 0x0000007a68900000,0x0000007a68a00000] [id=20052]
  0x00000238f0120480 GCTaskThread "GC Thread#1" [stack: 0x0000007a69d00000,0x0000007a69e00000] [id=17196]
  0x00000238f0120730 GCTaskThread "GC Thread#2" [stack: 0x0000007a69e00000,0x0000007a69f00000] [id=4984]
  0x00000238efec5f10 GCTaskThread "GC Thread#3" [stack: 0x0000007a69f00000,0x0000007a6a000000] [id=16572]
  0x00000238f01ae090 GCTaskThread "GC Thread#4" [stack: 0x0000007a6a000000,0x0000007a6a100000] [id=18472]
  0x00000238f0593dd0 GCTaskThread "GC Thread#5" [stack: 0x0000007a6a100000,0x0000007a6a200000] [id=16672]
  0x00000238f0592850 GCTaskThread "GC Thread#6" [stack: 0x0000007a6ac00000,0x0000007a6ad00000] [id=14224]
  0x00000238f0592b00 GCTaskThread "GC Thread#7" [stack: 0x0000007a6ad00000,0x0000007a6ae00000] [id=6524]
  0x00000238d4b5b830 ConcurrentGCThread "G1 Main Marker" [stack: 0x0000007a68a00000,0x0000007a68b00000] [id=19696]
  0x00000238d4b5c240 ConcurrentGCThread "G1 Conc#0" [stack: 0x0000007a68b00000,0x0000007a68c00000] [id=16020]
  0x00000238f0592db0 ConcurrentGCThread "G1 Conc#1" [stack: 0x0000007a6ae00000,0x0000007a6af00000] [id=5716]
  0x00000238d4badf60 ConcurrentGCThread "G1 Refine#0" [stack: 0x0000007a68c00000,0x0000007a68d00000] [id=16860]
  0x00000238d4bae980 ConcurrentGCThread "G1 Service" [stack: 0x0000007a68d00000,0x0000007a68e00000] [id=6548]

Threads with active compile tasks:
C2 CompilerThread0     7594 6734       4       org.gradle.internal.service.DefaultServiceRegistry$ClassInspector$ClassDetails::collectTypes (63 bytes)
C1 CompilerThread0     7594 6749       3       org.gradle.internal.instantiation.generator.AbstractClassGenerator::assembleProperties (239 bytes)
C2 CompilerThread1     7594 6593   !   4       com.google.common.reflect.TypeVisitor::visit (244 bytes)
C2 CompilerThread2     7595 6484       4       org.objectweb.asm.Frame::execute (2318 bytes)

VM state: not at safepoint (normal execution)

VM Mutex/Monitor currently owned by a thread: None

Heap address: 0x0000000080000000, size: 2048 MB, Compressed Oops mode: 32-bit

CDS archive(s) not mapped
Compressed class space mapped at: 0x0000000100000000-0x0000000140000000, reserved size: 1073741824
Narrow klass base: 0x0000000000000000, Narrow klass shift: 3, Narrow klass range: 0x140000000

GC Precious Log:
 CPUs: 8 total, 8 available
 Memory: 16167M
 Large Page Support: Disabled
 NUMA Support: Disabled
 Compressed Oops: Enabled (32-bit)
 Heap Region Size: 1M
 Heap Min Capacity: 8M
 Heap Initial Capacity: 254M
 Heap Max Capacity: 2G
 Pre-touch: Disabled
 Parallel Workers: 8
 Concurrent Workers: 2
 Concurrent Refinement Workers: 8
 Periodic GC: Disabled

Heap:
 garbage-first heap   total 181248K, used 105890K [0x0000000080000000, 0x0000000100000000)
  region size 1024K, 18 young (18432K), 1 survivors (1024K)
 Metaspace       used 64416K, committed 65088K, reserved 1105920K
  class space    used 8649K, committed 8960K, reserved 1048576K

Heap Regions: E=young(eden), S=young(survivor), O=old, HS=humongous(starts), HC=humongous(continues), CS=collection set, F=free, OA=open archive, CA=closed archive, TAMS=top-at-mark-start (previous, next)
|   0|0x0000000080000000, 0x0000000080100000, 0x0000000080100000|100%|HS|  |TAMS 0x0000000080100000, 0x0000000080000000| Complete 
|   1|0x0000000080100000, 0x0000000080200000, 0x0000000080200000|100%|HC|  |TAMS 0x0000000080200000, 0x0000000080100000| Complete 
|   2|0x0000000080200000, 0x0000000080300000, 0x0000000080300000|100%|HC|  |TAMS 0x0000000080300000, 0x0000000080200000| Complete 
|   3|0x0000000080300000, 0x0000000080400000, 0x0000000080400000|100%|HC|  |TAMS 0x0000000080400000, 0x0000000080300000| Complete 
|   4|0x0000000080400000, 0x0000000080500000, 0x0000000080500000|100%| O|  |TAMS 0x0000000080500000, 0x0000000080400000| Untracked 
|   5|0x0000000080500000, 0x0000000080600000, 0x0000000080600000|100%| O|  |TAMS 0x0000000080600000, 0x0000000080500000| Untracked 
|   6|0x0000000080600000, 0x0000000080700000, 0x0000000080700000|100%| O|  |TAMS 0x0000000080700000, 0x0000000080600000| Untracked 
|   7|0x0000000080700000, 0x0000000080800000, 0x0000000080800000|100%| O|  |TAMS 0x0000000080800000, 0x0000000080700000| Untracked 
|   8|0x0000000080800000, 0x0000000080900000, 0x0000000080900000|100%| O|  |TAMS 0x0000000080900000, 0x0000000080800000| Untracked 
|   9|0x0000000080900000, 0x0000000080a00000, 0x0000000080a00000|100%| O|  |TAMS 0x0000000080a00000, 0x0000000080900000| Untracked 
|  10|0x0000000080a00000, 0x0000000080b00000, 0x0000000080b00000|100%| O|  |TAMS 0x0000000080b00000, 0x0000000080a00000| Untracked 
|  11|0x0000000080b00000, 0x0000000080b19800, 0x0000000080c00000|  9%| O|  |TAMS 0x0000000080b19800, 0x0000000080b00000| Untracked 
|  12|0x0000000080c00000, 0x0000000080d00000, 0x0000000080d00000|100%| O|  |TAMS 0x0000000080d00000, 0x0000000080c00000| Untracked 
|  13|0x0000000080d00000, 0x0000000080e00000, 0x0000000080e00000|100%| O|  |TAMS 0x0000000080e00000, 0x0000000080d00000| Untracked 
|  14|0x0000000080e00000, 0x0000000080f00000, 0x0000000080f00000|100%| O|  |TAMS 0x0000000080f00000, 0x0000000080e00000| Untracked 
|  15|0x0000000080f00000, 0x0000000081000000, 0x0000000081000000|100%| O|  |TAMS 0x0000000081000000, 0x0000000080f00000| Untracked 
|  16|0x0000000081000000, 0x0000000081100000, 0x0000000081100000|100%| O|  |TAMS 0x0000000081100000, 0x0000000081000000| Untracked 
|  17|0x0000000081100000, 0x0000000081200000, 0x0000000081200000|100%| O|  |TAMS 0x0000000081200000, 0x0000000081100000| Untracked 
|  18|0x0000000081200000, 0x0000000081300000, 0x0000000081300000|100%| O|  |TAMS 0x0000000081300000, 0x0000000081200000| Untracked 
|  19|0x0000000081300000, 0x0000000081400000, 0x0000000081400000|100%|HS|  |TAMS 0x0000000081400000, 0x0000000081300000| Complete 
|  20|0x0000000081400000, 0x0000000081500000, 0x0000000081500000|100%|HC|  |TAMS 0x0000000081500000, 0x0000000081400000| Complete 
|  21|0x0000000081500000, 0x0000000081600000, 0x0000000081600000|100%|HS|  |TAMS 0x0000000081600000, 0x0000000081500000| Complete 
|  22|0x0000000081600000, 0x0000000081700000, 0x0000000081700000|100%|HC|  |TAMS 0x0000000081700000, 0x0000000081600000| Complete 
|  23|0x0000000081700000, 0x0000000081800000, 0x0000000081800000|100%|HC|  |TAMS 0x0000000081800000, 0x0000000081700000| Complete 
|  24|0x0000000081800000, 0x0000000081900000, 0x0000000081900000|100%| O|  |TAMS 0x0000000081900000, 0x0000000081800000| Untracked 
|  25|0x0000000081900000, 0x0000000081a00000, 0x0000000081a00000|100%| O|  |TAMS 0x0000000081a00000, 0x0000000081900000| Untracked 
|  26|0x0000000081a00000, 0x0000000081b00000, 0x0000000081b00000|100%| O|  |TAMS 0x0000000081b00000, 0x0000000081a00000| Untracked 
|  27|0x0000000081b00000, 0x0000000081c00000, 0x0000000081c00000|100%| O|  |TAMS 0x0000000081c00000, 0x0000000081b00000| Untracked 
|  28|0x0000000081c00000, 0x0000000081d00000, 0x0000000081d00000|100%|HS|  |TAMS 0x0000000081d00000, 0x0000000081c00000| Complete 
|  29|0x0000000081d00000, 0x0000000081e00000, 0x0000000081e00000|100%|HC|  |TAMS 0x0000000081e00000, 0x0000000081d00000| Complete 
|  30|0x0000000081e00000, 0x0000000081f00000, 0x0000000081f00000|100%|HC|  |TAMS 0x0000000081f00000, 0x0000000081e00000| Complete 
|  31|0x0000000081f00000, 0x0000000082000000, 0x0000000082000000|100%| O|  |TAMS 0x0000000082000000, 0x0000000081f00000| Untracked 
|  32|0x0000000082000000, 0x0000000082100000, 0x0000000082100000|100%|HS|  |TAMS 0x0000000082100000, 0x0000000082000000| Complete 
|  33|0x0000000082100000, 0x0000000082200000, 0x0000000082200000|100%|HC|  |TAMS 0x0000000082200000, 0x0000000082100000| Complete 
|  34|0x0000000082200000, 0x0000000082300000, 0x0000000082300000|100%|HC|  |TAMS 0x0000000082300000, 0x0000000082200000| Complete 
|  35|0x0000000082300000, 0x0000000082400000, 0x0000000082400000|100%|HC|  |TAMS 0x0000000082400000, 0x0000000082300000| Complete 
|  36|0x0000000082400000, 0x0000000082500000, 0x0000000082500000|100%|HC|  |TAMS 0x0000000082500000, 0x0000000082400000| Complete 
|  37|0x0000000082500000, 0x0000000082600000, 0x0000000082600000|100%|HC|  |TAMS 0x0000000082600000, 0x0000000082500000| Complete 
|  38|0x0000000082600000, 0x0000000082700000, 0x0000000082700000|100%|HC|  |TAMS 0x0000000082700000, 0x0000000082600000| Complete 
|  39|0x0000000082700000, 0x0000000082800000, 0x0000000082800000|100%|HC|  |TAMS 0x0000000082800000, 0x0000000082700000| Complete 
|  40|0x0000000082800000, 0x0000000082900000, 0x0000000082900000|100%|HC|  |TAMS 0x0000000082900000, 0x0000000082800000| Complete 
|  41|0x0000000082900000, 0x0000000082a00000, 0x0000000082a00000|100%|HC|  |TAMS 0x0000000082a00000, 0x0000000082900000| Complete 
|  42|0x0000000082a00000, 0x0000000082b00000, 0x0000000082b00000|100%|HC|  |TAMS 0x0000000082b00000, 0x0000000082a00000| Complete 
|  43|0x0000000082b00000, 0x0000000082c00000, 0x0000000082c00000|100%|HC|  |TAMS 0x0000000082c00000, 0x0000000082b00000| Complete 
|  44|0x0000000082c00000, 0x0000000082d00000, 0x0000000082d00000|100%| O|  |TAMS 0x0000000082d00000, 0x0000000082c00000| Untracked 
|  45|0x0000000082d00000, 0x0000000082e00000, 0x0000000082e00000|100%|HS|  |TAMS 0x0000000082e00000, 0x0000000082d00000| Complete 
|  46|0x0000000082e00000, 0x0000000082f00000, 0x0000000082f00000|100%|HC|  |TAMS 0x0000000082f00000, 0x0000000082e00000| Complete 
|  47|0x0000000082f00000, 0x0000000083000000, 0x0000000083000000|100%| O|  |TAMS 0x0000000083000000, 0x0000000082f00000| Untracked 
|  48|0x0000000083000000, 0x0000000083100000, 0x0000000083100000|100%| O|  |TAMS 0x0000000083100000, 0x0000000083000000| Untracked 
|  49|0x0000000083100000, 0x0000000083200000, 0x0000000083200000|100%| O|  |TAMS 0x0000000083200000, 0x0000000083100000| Untracked 
|  50|0x0000000083200000, 0x0000000083300000, 0x0000000083300000|100%| O|  |TAMS 0x0000000083300000, 0x0000000083200000| Untracked 
|  51|0x0000000083300000, 0x0000000083400000, 0x0000000083400000|100%| O|  |TAMS 0x0000000083400000, 0x0000000083300000| Untracked 
|  52|0x0000000083400000, 0x0000000083500000, 0x0000000083500000|100%| O|  |TAMS 0x0000000083500000, 0x0000000083400000| Untracked 
|  53|0x0000000083500000, 0x0000000083600000, 0x0000000083600000|100%| O|  |TAMS 0x0000000083600000, 0x0000000083500000| Untracked 
|  54|0x0000000083600000, 0x0000000083700000, 0x0000000083700000|100%| O|  |TAMS 0x0000000083700000, 0x0000000083600000| Untracked 
|  55|0x0000000083700000, 0x0000000083800000, 0x0000000083800000|100%|HS|  |TAMS 0x0000000083800000, 0x0000000083700000| Complete 
|  56|0x0000000083800000, 0x0000000083900000, 0x0000000083900000|100%|HC|  |TAMS 0x0000000083900000, 0x0000000083800000| Complete 
|  57|0x0000000083900000, 0x0000000083a00000, 0x0000000083a00000|100%|HC|  |TAMS 0x0000000083a00000, 0x0000000083900000| Complete 
|  58|0x0000000083a00000, 0x0000000083b00000, 0x0000000083b00000|100%|HS|  |TAMS 0x0000000083b00000, 0x0000000083a00000| Complete 
|  59|0x0000000083b00000, 0x0000000083c00000, 0x0000000083c00000|100%|HC|  |TAMS 0x0000000083c00000, 0x0000000083b00000| Complete 
|  60|0x0000000083c00000, 0x0000000083d00000, 0x0000000083d00000|100%|HC|  |TAMS 0x0000000083d00000, 0x0000000083c00000| Complete 
|  61|0x0000000083d00000, 0x0000000083e00000, 0x0000000083e00000|100%| O|  |TAMS 0x0000000083e00000, 0x0000000083d00000| Untracked 
|  62|0x0000000083e00000, 0x0000000083f00000, 0x0000000083f00000|100%| O|  |TAMS 0x0000000083f00000, 0x0000000083e00000| Untracked 
|  63|0x0000000083f00000, 0x0000000084000000, 0x0000000084000000|100%| O|  |TAMS 0x0000000084000000, 0x0000000083f00000| Untracked 
|  64|0x0000000084000000, 0x0000000084100000, 0x0000000084100000|100%| O|  |TAMS 0x0000000084100000, 0x0000000084000000| Untracked 
|  65|0x0000000084100000, 0x0000000084200000, 0x0000000084200000|100%| O|  |TAMS 0x0000000084200000, 0x0000000084100000| Untracked 
|  66|0x0000000084200000, 0x0000000084300000, 0x0000000084300000|100%| O|  |TAMS 0x0000000084300000, 0x0000000084200000| Untracked 
|  67|0x0000000084300000, 0x0000000084400000, 0x0000000084400000|100%| O|  |TAMS 0x0000000084400000, 0x0000000084300000| Untracked 
|  68|0x0000000084400000, 0x0000000084500000, 0x0000000084500000|100%| O|  |TAMS 0x0000000084500000, 0x0000000084400000| Untracked 
|  69|0x0000000084500000, 0x0000000084600000, 0x0000000084600000|100%| O|  |TAMS 0x0000000084600000, 0x0000000084500000| Untracked 
|  70|0x0000000084600000, 0x0000000084700000, 0x0000000084700000|100%| O|  |TAMS 0x0000000084700000, 0x0000000084600000| Untracked 
|  71|0x0000000084700000, 0x0000000084800000, 0x0000000084800000|100%| O|  |TAMS 0x0000000084800000, 0x0000000084700000| Untracked 
|  72|0x0000000084800000, 0x0000000084900000, 0x0000000084900000|100%|HS|  |TAMS 0x0000000084900000, 0x0000000084800000| Complete 
|  73|0x0000000084900000, 0x0000000084a00000, 0x0000000084a00000|100%|HS|  |TAMS 0x0000000084a00000, 0x0000000084900000| Complete 
|  74|0x0000000084a00000, 0x0000000084b00000, 0x0000000084b00000|100%|HS|  |TAMS 0x0000000084b00000, 0x0000000084a00000| Complete 
|  75|0x0000000084b00000, 0x0000000084c00000, 0x0000000084c00000|100%|HC|  |TAMS 0x0000000084c00000, 0x0000000084b00000| Complete 
|  76|0x0000000084c00000, 0x0000000084d00000, 0x0000000084d00000|100%|HS|  |TAMS 0x0000000084d00000, 0x0000000084c00000| Complete 
|  77|0x0000000084d00000, 0x0000000084e00000, 0x0000000084e00000|100%|HS|  |TAMS 0x0000000084e00000, 0x0000000084d00000| Complete 
|  78|0x0000000084e00000, 0x0000000084f00000, 0x0000000084f00000|100%|HC|  |TAMS 0x0000000084f00000, 0x0000000084e00000| Complete 
|  79|0x0000000084f00000, 0x0000000085000000, 0x0000000085000000|100%|HC|  |TAMS 0x0000000085000000, 0x0000000084f00000| Complete 
|  80|0x0000000085000000, 0x0000000085100000, 0x0000000085100000|100%|HC|  |TAMS 0x0000000085100000, 0x0000000085000000| Complete 
|  81|0x0000000085100000, 0x0000000085200000, 0x0000000085200000|100%| O|  |TAMS 0x0000000085100000, 0x0000000085100000| Untracked 
|  82|0x0000000085200000, 0x0000000085300000, 0x0000000085300000|100%| O|  |TAMS 0x0000000085300000, 0x0000000085200000| Untracked 
|  83|0x0000000085300000, 0x0000000085400000, 0x0000000085400000|100%| O|  |TAMS 0x0000000085400000, 0x0000000085300000| Untracked 
|  84|0x0000000085400000, 0x0000000085500000, 0x0000000085500000|100%| O|  |TAMS 0x0000000085500000, 0x0000000085400000| Untracked 
|  85|0x0000000085500000, 0x0000000085600000, 0x0000000085600000|100%| O|  |TAMS 0x000000008551be00, 0x0000000085500000| Untracked 
|  86|0x0000000085600000, 0x0000000085700000, 0x0000000085700000|100%| O|  |TAMS 0x0000000085600000, 0x0000000085600000| Untracked 
|  87|0x0000000085700000, 0x000000008575a800, 0x0000000085800000| 35%| O|  |TAMS 0x0000000085700000, 0x0000000085700000| Untracked 
|  88|0x0000000085800000, 0x0000000085800000, 0x0000000085900000|  0%| F|  |TAMS 0x0000000085800000, 0x0000000085800000| Untracked 
|  89|0x0000000085900000, 0x0000000085900000, 0x0000000085a00000|  0%| F|  |TAMS 0x0000000085900000, 0x0000000085900000| Untracked 
|  90|0x0000000085a00000, 0x0000000085a00000, 0x0000000085b00000|  0%| F|  |TAMS 0x0000000085a00000, 0x0000000085a00000| Untracked 
|  91|0x0000000085b00000, 0x0000000085b00000, 0x0000000085c00000|  0%| F|  |TAMS 0x0000000085b00000, 0x0000000085b00000| Untracked 
|  92|0x0000000085c00000, 0x0000000085c00000, 0x0000000085d00000|  0%| F|  |TAMS 0x0000000085c00000, 0x0000000085c00000| Untracked 
|  93|0x0000000085d00000, 0x0000000085d00000, 0x0000000085e00000|  0%| F|  |TAMS 0x0000000085d00000, 0x0000000085d00000| Untracked 
|  94|0x0000000085e00000, 0x0000000085e00000, 0x0000000085f00000|  0%| F|  |TAMS 0x0000000085e00000, 0x0000000085e00000| Untracked 
|  95|0x0000000085f00000, 0x0000000085f00000, 0x0000000086000000|  0%| F|  |TAMS 0x0000000085f00000, 0x0000000085f00000| Untracked 
|  96|0x0000000086000000, 0x0000000086000000, 0x0000000086100000|  0%| F|  |TAMS 0x0000000086000000, 0x0000000086000000| Untracked 
|  97|0x0000000086100000, 0x0000000086100000, 0x0000000086200000|  0%| F|  |TAMS 0x0000000086100000, 0x0000000086100000| Untracked 
|  98|0x0000000086200000, 0x0000000086200000, 0x0000000086300000|  0%| F|  |TAMS 0x0000000086200000, 0x0000000086200000| Untracked 
|  99|0x0000000086300000, 0x0000000086300000, 0x0000000086400000|  0%| F|  |TAMS 0x0000000086300000, 0x0000000086300000| Untracked 
| 100|0x0000000086400000, 0x0000000086400000, 0x0000000086500000|  0%| F|  |TAMS 0x0000000086400000, 0x0000000086400000| Untracked 
| 101|0x0000000086500000, 0x0000000086500000, 0x0000000086600000|  0%| F|  |TAMS 0x0000000086500000, 0x0000000086500000| Untracked 
| 102|0x0000000086600000, 0x0000000086600000, 0x0000000086700000|  0%| F|  |TAMS 0x0000000086600000, 0x0000000086600000| Untracked 
| 103|0x0000000086700000, 0x0000000086700000, 0x0000000086800000|  0%| F|  |TAMS 0x0000000086700000, 0x0000000086700000| Untracked 
| 104|0x0000000086800000, 0x0000000086800000, 0x0000000086900000|  0%| F|  |TAMS 0x0000000086800000, 0x0000000086800000| Untracked 
| 105|0x0000000086900000, 0x0000000086900000, 0x0000000086a00000|  0%| F|  |TAMS 0x0000000086900000, 0x0000000086900000| Untracked 
| 106|0x0000000086a00000, 0x0000000086a00000, 0x0000000086b00000|  0%| F|  |TAMS 0x0000000086a00000, 0x0000000086a00000| Untracked 
| 107|0x0000000086b00000, 0x0000000086b00000, 0x0000000086c00000|  0%| F|  |TAMS 0x0000000086b00000, 0x0000000086b00000| Untracked 
| 108|0x0000000086c00000, 0x0000000086c00000, 0x0000000086d00000|  0%| F|  |TAMS 0x0000000086c00000, 0x0000000086c00000| Untracked 
| 109|0x0000000086d00000, 0x0000000086d00000, 0x0000000086e00000|  0%| F|  |TAMS 0x0000000086d00000, 0x0000000086d00000| Untracked 
| 110|0x0000000086e00000, 0x0000000086e00000, 0x0000000086f00000|  0%| F|  |TAMS 0x0000000086e00000, 0x0000000086e00000| Untracked 
| 111|0x0000000086f00000, 0x0000000086f00000, 0x0000000087000000|  0%| F|  |TAMS 0x0000000086f00000, 0x0000000086f00000| Untracked 
| 112|0x0000000087000000, 0x0000000087000000, 0x0000000087100000|  0%| F|  |TAMS 0x0000000087000000, 0x0000000087000000| Untracked 
| 113|0x0000000087100000, 0x0000000087100000, 0x0000000087200000|  0%| F|  |TAMS 0x0000000087100000, 0x0000000087100000| Untracked 
| 114|0x0000000087200000, 0x0000000087200000, 0x0000000087300000|  0%| F|  |TAMS 0x0000000087200000, 0x0000000087200000| Untracked 
| 115|0x0000000087300000, 0x0000000087300000, 0x0000000087400000|  0%| F|  |TAMS 0x0000000087300000, 0x0000000087300000| Untracked 
| 116|0x0000000087400000, 0x0000000087400000, 0x0000000087500000|  0%| F|  |TAMS 0x0000000087400000, 0x0000000087400000| Untracked 
| 117|0x0000000087500000, 0x0000000087500000, 0x0000000087600000|  0%| F|  |TAMS 0x0000000087500000, 0x0000000087500000| Untracked 
| 118|0x0000000087600000, 0x0000000087600000, 0x0000000087700000|  0%| F|  |TAMS 0x0000000087600000, 0x0000000087600000| Untracked 
| 119|0x0000000087700000, 0x0000000087700000, 0x0000000087800000|  0%| F|  |TAMS 0x0000000087700000, 0x0000000087700000| Untracked 
| 120|0x0000000087800000, 0x0000000087800000, 0x0000000087900000|  0%| F|  |TAMS 0x0000000087800000, 0x0000000087800000| Untracked 
| 121|0x0000000087900000, 0x0000000087900000, 0x0000000087a00000|  0%| F|  |TAMS 0x0000000087900000, 0x0000000087900000| Untracked 
| 122|0x0000000087a00000, 0x0000000087a00000, 0x0000000087b00000|  0%| F|  |TAMS 0x0000000087a00000, 0x0000000087a00000| Untracked 
| 123|0x0000000087b00000, 0x0000000087b00000, 0x0000000087c00000|  0%| F|  |TAMS 0x0000000087b00000, 0x0000000087b00000| Untracked 
| 124|0x0000000087c00000, 0x0000000087cf4a80, 0x0000000087d00000| 95%| S|CS|TAMS 0x0000000087c00000, 0x0000000087c00000| Complete 
| 125|0x0000000087d00000, 0x0000000087d00000, 0x0000000087e00000|  0%| F|  |TAMS 0x0000000087d00000, 0x0000000087d00000| Untracked 
| 126|0x0000000087e00000, 0x0000000087e00000, 0x0000000087f00000|  0%| F|  |TAMS 0x0000000087e00000, 0x0000000087e00000| Untracked 
| 127|0x0000000087f00000, 0x0000000087f00000, 0x0000000088000000|  0%| F|  |TAMS 0x0000000087f00000, 0x0000000087f00000| Untracked 
| 128|0x0000000088000000, 0x0000000088000000, 0x0000000088100000|  0%| F|  |TAMS 0x0000000088000000, 0x0000000088000000| Untracked 
| 129|0x0000000088100000, 0x0000000088100000, 0x0000000088200000|  0%| F|  |TAMS 0x0000000088100000, 0x0000000088100000| Untracked 
| 130|0x0000000088200000, 0x0000000088200000, 0x0000000088300000|  0%| F|  |TAMS 0x0000000088200000, 0x0000000088200000| Untracked 
| 131|0x0000000088300000, 0x0000000088300000, 0x0000000088400000|  0%| F|  |TAMS 0x0000000088300000, 0x0000000088300000| Untracked 
| 132|0x0000000088400000, 0x0000000088400000, 0x0000000088500000|  0%| F|  |TAMS 0x0000000088400000, 0x0000000088400000| Untracked 
| 133|0x0000000088500000, 0x0000000088500000, 0x0000000088600000|  0%| F|  |TAMS 0x0000000088500000, 0x0000000088500000| Untracked 
| 134|0x0000000088600000, 0x0000000088600000, 0x0000000088700000|  0%| F|  |TAMS 0x0000000088600000, 0x0000000088600000| Untracked 
| 135|0x0000000088700000, 0x0000000088700000, 0x0000000088800000|  0%| F|  |TAMS 0x0000000088700000, 0x0000000088700000| Untracked 
| 136|0x0000000088800000, 0x0000000088800000, 0x0000000088900000|  0%| F|  |TAMS 0x0000000088800000, 0x0000000088800000| Untracked 
| 137|0x0000000088900000, 0x0000000088900000, 0x0000000088a00000|  0%| F|  |TAMS 0x0000000088900000, 0x0000000088900000| Untracked 
| 138|0x0000000088a00000, 0x0000000088a00000, 0x0000000088b00000|  0%| F|  |TAMS 0x0000000088a00000, 0x0000000088a00000| Untracked 
| 139|0x0000000088b00000, 0x0000000088b00000, 0x0000000088c00000|  0%| F|  |TAMS 0x0000000088b00000, 0x0000000088b00000| Untracked 
| 140|0x0000000088c00000, 0x0000000088c00000, 0x0000000088d00000|  0%| F|  |TAMS 0x0000000088c00000, 0x0000000088c00000| Untracked 
| 141|0x0000000088d00000, 0x0000000088d00000, 0x0000000088e00000|  0%| F|  |TAMS 0x0000000088d00000, 0x0000000088d00000| Untracked 
| 142|0x0000000088e00000, 0x0000000088e00000, 0x0000000088f00000|  0%| F|  |TAMS 0x0000000088e00000, 0x0000000088e00000| Untracked 
| 143|0x0000000088f00000, 0x0000000088f00000, 0x0000000089000000|  0%| F|  |TAMS 0x0000000088f00000, 0x0000000088f00000| Untracked 
| 144|0x0000000089000000, 0x0000000089000000, 0x0000000089100000|  0%| F|  |TAMS 0x0000000089000000, 0x0000000089000000| Untracked 
| 145|0x0000000089100000, 0x0000000089100000, 0x0000000089200000|  0%| F|  |TAMS 0x0000000089100000, 0x0000000089100000| Untracked 
| 146|0x0000000089200000, 0x0000000089200000, 0x0000000089300000|  0%| F|  |TAMS 0x0000000089200000, 0x0000000089200000| Untracked 
| 147|0x0000000089300000, 0x0000000089300000, 0x0000000089400000|  0%| F|  |TAMS 0x0000000089300000, 0x0000000089300000| Untracked 
| 148|0x0000000089400000, 0x0000000089400000, 0x0000000089500000|  0%| F|  |TAMS 0x0000000089400000, 0x0000000089400000| Untracked 
| 149|0x0000000089500000, 0x0000000089500000, 0x0000000089600000|  0%| F|  |TAMS 0x0000000089500000, 0x0000000089500000| Untracked 
| 150|0x0000000089600000, 0x0000000089600000, 0x0000000089700000|  0%| F|  |TAMS 0x0000000089600000, 0x0000000089600000| Untracked 
| 151|0x0000000089700000, 0x0000000089700000, 0x0000000089800000|  0%| F|  |TAMS 0x0000000089700000, 0x0000000089700000| Untracked 
| 152|0x0000000089800000, 0x0000000089800000, 0x0000000089900000|  0%| F|  |TAMS 0x0000000089800000, 0x0000000089800000| Untracked 
| 153|0x0000000089900000, 0x0000000089900000, 0x0000000089a00000|  0%| F|  |TAMS 0x0000000089900000, 0x0000000089900000| Untracked 
| 154|0x0000000089a00000, 0x0000000089a00000, 0x0000000089b00000|  0%| F|  |TAMS 0x0000000089a00000, 0x0000000089a00000| Untracked 
| 155|0x0000000089b00000, 0x0000000089b00000, 0x0000000089c00000|  0%| F|  |TAMS 0x0000000089b00000, 0x0000000089b00000| Untracked 
| 156|0x0000000089c00000, 0x0000000089c00000, 0x0000000089d00000|  0%| F|  |TAMS 0x0000000089c00000, 0x0000000089c00000| Untracked 
| 157|0x0000000089d00000, 0x0000000089d00000, 0x0000000089e00000|  0%| F|  |TAMS 0x0000000089d00000, 0x0000000089d00000| Untracked 
| 158|0x0000000089e00000, 0x0000000089e80800, 0x0000000089f00000| 50%| E|  |TAMS 0x0000000089e00000, 0x0000000089e00000| Complete 
| 159|0x0000000089f00000, 0x000000008a000000, 0x000000008a000000|100%| E|CS|TAMS 0x0000000089f00000, 0x0000000089f00000| Complete 
| 160|0x000000008a000000, 0x000000008a100000, 0x000000008a100000|100%| E|CS|TAMS 0x000000008a000000, 0x000000008a000000| Complete 
| 161|0x000000008a100000, 0x000000008a200000, 0x000000008a200000|100%| E|CS|TAMS 0x000000008a100000, 0x000000008a100000| Complete 
| 162|0x000000008a200000, 0x000000008a300000, 0x000000008a300000|100%| E|CS|TAMS 0x000000008a200000, 0x000000008a200000| Complete 
| 163|0x000000008a300000, 0x000000008a400000, 0x000000008a400000|100%| E|CS|TAMS 0x000000008a300000, 0x000000008a300000| Complete 
| 164|0x000000008a400000, 0x000000008a500000, 0x000000008a500000|100%| E|CS|TAMS 0x000000008a400000, 0x000000008a400000| Complete 
| 165|0x000000008a500000, 0x000000008a600000, 0x000000008a600000|100%| E|CS|TAMS 0x000000008a500000, 0x000000008a500000| Complete 
| 166|0x000000008a600000, 0x000000008a700000, 0x000000008a700000|100%| E|CS|TAMS 0x000000008a600000, 0x000000008a600000| Complete 
| 204|0x000000008cc00000, 0x000000008cd00000, 0x000000008cd00000|100%| E|CS|TAMS 0x000000008cc00000, 0x000000008cc00000| Complete 
| 205|0x000000008cd00000, 0x000000008ce00000, 0x000000008ce00000|100%| E|CS|TAMS 0x000000008cd00000, 0x000000008cd00000| Complete 
| 206|0x000000008ce00000, 0x000000008cf00000, 0x000000008cf00000|100%| E|CS|TAMS 0x000000008ce00000, 0x000000008ce00000| Complete 
| 207|0x000000008cf00000, 0x000000008d000000, 0x000000008d000000|100%| E|CS|TAMS 0x000000008cf00000, 0x000000008cf00000| Complete 
| 208|0x000000008d000000, 0x000000008d100000, 0x000000008d100000|100%| E|CS|TAMS 0x000000008d000000, 0x000000008d000000| Complete 
| 209|0x000000008d100000, 0x000000008d200000, 0x000000008d200000|100%| E|CS|TAMS 0x000000008d100000, 0x000000008d100000| Complete 
| 210|0x000000008d200000, 0x000000008d300000, 0x000000008d300000|100%| E|CS|TAMS 0x000000008d200000, 0x000000008d200000| Complete 
| 211|0x000000008d300000, 0x000000008d400000, 0x000000008d400000|100%| E|CS|TAMS 0x000000008d300000, 0x000000008d300000| Complete 
| 212|0x000000008d400000, 0x000000008d500000, 0x000000008d500000|100%| E|CS|TAMS 0x000000008d400000, 0x000000008d400000| Complete 
| 253|0x000000008fd00000, 0x000000008fe00000, 0x000000008fe00000|100%| E|CS|TAMS 0x000000008fd00000, 0x000000008fd00000| Complete 

Card table byte_map: [0x00000238e76e0000,0x00000238e7ae0000] _byte_map_base: 0x00000238e72e0000

Marking Bits (Prev, Next): (CMBitMap*) 0x00000238d4b4af00, (CMBitMap*) 0x00000238d4b4af40
 Prev Bits: [0x00000238e7ee0000, 0x00000238e9ee0000)
 Next Bits: [0x00000238e9ee0000, 0x00000238ebee0000)

Polling page: 0x00000238d2af0000

Metaspace:

Usage:
  Non-class:     54.65 MB used.
      Class:      8.48 MB used.
       Both:     63.13 MB used.

Virtual space:
  Non-class space:       56.00 MB reserved,      55.06 MB ( 98%) committed,  7 nodes.
      Class space:        1.00 GB reserved,       8.81 MB ( <1%) committed,  1 nodes.
             Both:        1.05 GB reserved,      63.88 MB (  6%) committed. 

Chunk freelists:
   Non-Class:  144.00 KB
       Class:  3.03 MB
        Both:  3.17 MB

MaxMetaspaceSize: unlimited
CompressedClassSpaceSize: 1.00 GB
Initial GC threshold: 21.00 MB
Current GC threshold: 102.00 MB
CDS: off
MetaspaceReclaimPolicy: balanced
 - commit_granule_bytes: 65536.
 - commit_granule_words: 8192.
 - virtual_space_node_default_size: 1048576.
 - enlarge_chunks_in_place: 1.
 - new_chunks_are_fully_committed: 0.
 - uncommit_free_chunks: 1.
 - use_allocation_guard: 0.
 - handle_deallocations: 1.


Internal statistics:

num_allocs_failed_limit: 3.
num_arena_births: 788.
num_arena_deaths: 0.
num_vsnodes_births: 8.
num_vsnodes_deaths: 0.
num_space_committed: 1022.
num_space_uncommitted: 0.
num_chunks_returned_to_freelist: 3.
num_chunks_taken_from_freelist: 3024.
num_chunk_merges: 3.
num_chunk_splits: 1974.
num_chunks_enlarged: 1295.
num_purges: 0.
num_inconsistent_stats: 0.

CodeHeap 'non-profiled nmethods': size=120000Kb used=3218Kb max_used=3361Kb free=116781Kb
 bounds [0x00000238dfa80000, 0x00000238dfdd0000, 0x00000238e6fb0000]
CodeHeap 'profiled nmethods': size=120000Kb used=11611Kb max_used=11611Kb free=108388Kb
 bounds [0x00000238d7fb0000, 0x00000238d8b10000, 0x00000238df4e0000]
CodeHeap 'non-nmethods': size=5760Kb used=2364Kb max_used=2392Kb free=3395Kb
 bounds [0x00000238df4e0000, 0x00000238df750000, 0x00000238dfa80000]
 total_blobs=6859 nmethods=5984 adapters=786
 compilation: enabled
              stopped_count=0, restarted_count=0
 full_count=0

Compilation events (20 events):
Event: 7.508 Thread 0x00000238ef493530 6680   !   3       java.lang.reflect.Proxy$ProxyBuilder::ensureVisible (53 bytes)
Event: 7.508 Thread 0x00000238ef493530 nmethod 6680 0x00000238d8ad4b90 code [0x00000238d8ad4e00, 0x00000238d8ad5688]
Event: 7.508 Thread 0x00000238ef493530 6681       3       java.lang.reflect.ProxyGenerator::addProxyMethod (190 bytes)
Event: 7.509 Thread 0x00000238ef493530 nmethod 6681 0x00000238d8ad5a10 code [0x00000238d8ad5da0, 0x00000238d8ad7588]
Event: 7.516 Thread 0x00000238ef493530 6682       3       java.util.logging.LogManager::getProperty (9 bytes)
Event: 7.517 Thread 0x00000238ef493530 nmethod 6682 0x00000238d8ad7e10 code [0x00000238d8ad7fc0, 0x00000238d8ad8188]
Event: 7.518 Thread 0x00000238ef493530 6683       3       java.lang.invoke.MethodHandle::bindArgumentL (10 bytes)
Event: 7.518 Thread 0x00000238ef493530 nmethod 6683 0x00000238d8ad8290 code [0x00000238d8ad8480, 0x00000238d8ad8ae8]
Event: 7.526 Thread 0x00000238ef493530 6685       3       java.util.Arrays::binarySearch0 (95 bytes)
Event: 7.527 Thread 0x00000238ef493530 nmethod 6685 0x00000238d8ad8d90 code [0x00000238d8ad8f60, 0x00000238d8ad9398]
Event: 7.529 Thread 0x00000238ef493530 6686       3       com.sun.jmx.mbeanserver.MBeanAnalyzer$MethodOrder::compare (13 bytes)
Event: 7.529 Thread 0x00000238ef493530 nmethod 6686 0x00000238d8ad9510 code [0x00000238d8ad96c0, 0x00000238d8ad99e8]
Event: 7.529 Thread 0x00000238ef493530 6687       3       com.sun.jmx.mbeanserver.MBeanAnalyzer$MethodOrder::compare (106 bytes)
Event: 7.530 Thread 0x00000238ef493530 nmethod 6687 0x00000238d8ad9b10 code [0x00000238d8ad9d80, 0x00000238d8ada698]
Event: 7.530 Thread 0x00000238ef493530 6688       3       java.lang.Class::isRecord (33 bytes)
Event: 7.530 Thread 0x00000238ef493530 nmethod 6688 0x00000238d8adaa10 code [0x00000238d8adabc0, 0x00000238d8adae38]
Event: 7.530 Thread 0x00000238ef493530 6689       1       javax.management.openmbean.OpenType::getClassName (5 bytes)
Event: 7.530 Thread 0x00000238ef493530 nmethod 6689 0x00000238dfbaa890 code [0x00000238dfbaaa20, 0x00000238dfbaaaf8]
Event: 7.532 Thread 0x00000238ef493530 6691       3       sun.reflect.annotation.AnnotationParser::toArray (18 bytes)
Event: 7.532 Thread 0x00000238ef493530 nmethod 6691 0x00000238d8adaf10 code [0x00000238d8adb0e0, 0x00000238d8adb458]

GC Heap History (20 events):
Event: 5.055 GC heap before
{Heap before GC invocations=17 (full 0):
 garbage-first heap   total 102400K, used 61828K [0x0000000080000000, 0x0000000100000000)
  region size 1024K, 9 young (9216K), 3 survivors (3072K)
 Metaspace       used 46129K, committed 46592K, reserved 1089536K
  class space    used 6138K, committed 6336K, reserved 1048576K
}
Event: 5.058 GC heap after
{Heap after GC invocations=18 (full 0):
 garbage-first heap   total 102400K, used 58135K [0x0000000080000000, 0x0000000100000000)
  region size 1024K, 3 young (3072K), 3 survivors (3072K)
 Metaspace       used 46129K, committed 46592K, reserved 1089536K
  class space    used 6138K, committed 6336K, reserved 1048576K
}
Event: 5.187 GC heap before
{Heap before GC invocations=19 (full 0):
 garbage-first heap   total 111616K, used 73495K [0x0000000080000000, 0x0000000100000000)
  region size 1024K, 14 young (14336K), 3 survivors (3072K)
 Metaspace       used 46849K, committed 47296K, reserved 1097728K
  class space    used 6220K, committed 6400K, reserved 1048576K
}
Event: 5.191 GC heap after
{Heap after GC invocations=20 (full 0):
 garbage-first heap   total 111616K, used 66572K [0x0000000080000000, 0x0000000100000000)
  region size 1024K, 4 young (4096K), 4 survivors (4096K)
 Metaspace       used 46849K, committed 47296K, reserved 1097728K
  class space    used 6220K, committed 6400K, reserved 1048576K
}
Event: 5.438 GC heap before
{Heap before GC invocations=21 (full 0):
 garbage-first heap   total 117760K, used 86028K [0x0000000080000000, 0x0000000100000000)
  region size 1024K, 22 young (22528K), 4 survivors (4096K)
 Metaspace       used 49162K, committed 49728K, reserved 1097728K
  class space    used 6452K, committed 6656K, reserved 1048576K
}
Event: 5.443 GC heap after
{Heap after GC invocations=22 (full 0):
 garbage-first heap   total 117760K, used 67406K [0x0000000080000000, 0x0000000100000000)
  region size 1024K, 2 young (2048K), 2 survivors (2048K)
 Metaspace       used 49162K, committed 49728K, reserved 1097728K
  class space    used 6452K, committed 6656K, reserved 1048576K
}
Event: 5.700 GC heap before
{Heap before GC invocations=22 (full 0):
 garbage-first heap   total 117760K, used 89934K [0x0000000080000000, 0x0000000100000000)
  region size 1024K, 24 young (24576K), 2 survivors (2048K)
 Metaspace       used 51137K, committed 51648K, reserved 1097728K
  class space    used 6813K, committed 7040K, reserved 1048576K
}
Event: 5.703 GC heap after
{Heap after GC invocations=23 (full 0):
 garbage-first heap   total 117760K, used 68717K [0x0000000080000000, 0x0000000100000000)
  region size 1024K, 2 young (2048K), 2 survivors (2048K)
 Metaspace       used 51137K, committed 51648K, reserved 1097728K
  class space    used 6813K, committed 7040K, reserved 1048576K
}
Event: 6.009 GC heap before
{Heap before GC invocations=24 (full 0):
 garbage-first heap   total 119808K, used 92269K [0x0000000080000000, 0x0000000100000000)
  region size 1024K, 25 young (25600K), 2 survivors (2048K)
 Metaspace       used 53760K, committed 54464K, reserved 1097728K
  class space    used 7261K, committed 7552K, reserved 1048576K
}
Event: 6.012 GC heap after
{Heap after GC invocations=25 (full 0):
 garbage-first heap   total 119808K, used 70212K [0x0000000080000000, 0x0000000100000000)
  region size 1024K, 3 young (3072K), 3 survivors (3072K)
 Metaspace       used 53760K, committed 54464K, reserved 1097728K
  class space    used 7261K, committed 7552K, reserved 1048576K
}
Event: 6.487 GC heap before
{Heap before GC invocations=25 (full 0):
 garbage-first heap   total 119808K, used 94788K [0x0000000080000000, 0x0000000100000000)
  region size 1024K, 27 young (27648K), 3 survivors (3072K)
 Metaspace       used 55654K, committed 56320K, reserved 1097728K
  class space    used 7509K, committed 7808K, reserved 1048576K
}
Event: 6.494 GC heap after
{Heap after GC invocations=26 (full 0):
 garbage-first heap   total 119808K, used 72637K [0x0000000080000000, 0x0000000100000000)
  region size 1024K, 4 young (4096K), 4 survivors (4096K)
 Metaspace       used 55654K, committed 56320K, reserved 1097728K
  class space    used 7509K, committed 7808K, reserved 1048576K
}
Event: 6.761 GC heap before
{Heap before GC invocations=27 (full 0):
 garbage-first heap   total 132096K, used 89021K [0x0000000080000000, 0x0000000100000000)
  region size 1024K, 22 young (22528K), 4 survivors (4096K)
 Metaspace       used 55975K, committed 56640K, reserved 1097728K
  class space    used 7533K, committed 7808K, reserved 1048576K
}
Event: 6.765 GC heap after
{Heap after GC invocations=28 (full 0):
 garbage-first heap   total 132096K, used 72954K [0x0000000080000000, 0x0000000100000000)
  region size 1024K, 2 young (2048K), 2 survivors (2048K)
 Metaspace       used 55975K, committed 56640K, reserved 1097728K
  class space    used 7533K, committed 7808K, reserved 1048576K
}
Event: 6.821 GC heap before
{Heap before GC invocations=29 (full 0):
 garbage-first heap   total 137216K, used 81146K [0x0000000080000000, 0x0000000100000000)
  region size 1024K, 7 young (7168K), 2 survivors (2048K)
 Metaspace       used 56054K, committed 56768K, reserved 1097728K
  class space    used 7543K, committed 7872K, reserved 1048576K
}
Event: 6.823 GC heap after
{Heap after GC invocations=30 (full 0):
 garbage-first heap   total 137216K, used 81016K [0x0000000080000000, 0x0000000100000000)
  region size 1024K, 4 young (4096K), 4 survivors (4096K)
 Metaspace       used 56054K, committed 56768K, reserved 1097728K
  class space    used 7543K, committed 7872K, reserved 1048576K
}
Event: 7.046 GC heap before
{Heap before GC invocations=31 (full 0):
 garbage-first heap   total 150528K, used 104568K [0x0000000080000000, 0x0000000100000000)
  region size 1024K, 23 young (23552K), 4 survivors (4096K)
 Metaspace       used 58059K, committed 58752K, reserved 1105920K
  class space    used 7821K, committed 8128K, reserved 1048576K
}
Event: 7.049 GC heap after
{Heap after GC invocations=32 (full 0):
 garbage-first heap   total 150528K, used 88277K [0x0000000080000000, 0x0000000100000000)
  region size 1024K, 3 young (3072K), 3 survivors (3072K)
 Metaspace       used 58059K, committed 58752K, reserved 1105920K
  class space    used 7821K, committed 8128K, reserved 1048576K
}
Event: 7.344 GC heap before
{Heap before GC invocations=32 (full 0):
 garbage-first heap   total 150528K, used 110805K [0x0000000080000000, 0x0000000100000000)
  region size 1024K, 25 young (25600K), 3 survivors (3072K)
 Metaspace       used 61754K, committed 62336K, reserved 1105920K
  class space    used 8263K, committed 8512K, reserved 1048576K
}
Event: 7.347 GC heap after
{Heap after GC invocations=33 (full 0):
 garbage-first heap   total 181248K, used 89506K [0x0000000080000000, 0x0000000100000000)
  region size 1024K, 1 young (1024K), 1 survivors (1024K)
 Metaspace       used 61754K, committed 62336K, reserved 1105920K
  class space    used 8263K, committed 8512K, reserved 1048576K
}

Dll operation events (2 events):
Event: 0.018 Loaded shared library C:\Program Files\Android\Android Studio\jbr\bin\java.dll
Event: 0.495 Loaded shared library C:\Program Files\Android\Android Studio\jbr\bin\verify.dll

Deoptimization events (20 events):
Event: 7.526 Thread 0x00000238f19f31e0 Uncommon trap: trap_request=0xffffffbe fr.pc=0x00000238dfd14f0c relative=0x000000000000030c
Event: 7.526 Thread 0x00000238f19f31e0 Uncommon trap: reason=profile_predicate action=maybe_recompile pc=0x00000238dfd14f0c method=java.util.Arrays.binarySearch0([Ljava/lang/Object;IILjava/lang/Object;Ljava/util/Comparator;)I @ 25 c2
Event: 7.526 Thread 0x00000238f19f31e0 DEOPT PACKING pc=0x00000238dfd14f0c sp=0x0000007a6a8f33f0
Event: 7.526 Thread 0x00000238f19f31e0 DEOPT UNPACKING pc=0x00000238df53a1a3 sp=0x0000007a6a8f3310 mode 2
Event: 7.526 Thread 0x00000238f19f31e0 Uncommon trap: trap_request=0xffffffbe fr.pc=0x00000238dfd14f0c relative=0x000000000000030c
Event: 7.526 Thread 0x00000238f19f31e0 Uncommon trap: reason=profile_predicate action=maybe_recompile pc=0x00000238dfd14f0c method=java.util.Arrays.binarySearch0([Ljava/lang/Object;IILjava/lang/Object;Ljava/util/Comparator;)I @ 25 c2
Event: 7.526 Thread 0x00000238f19f31e0 DEOPT PACKING pc=0x00000238dfd14f0c sp=0x0000007a6a8f33f0
Event: 7.526 Thread 0x00000238f19f31e0 DEOPT UNPACKING pc=0x00000238df53a1a3 sp=0x0000007a6a8f3310 mode 2
Event: 7.526 Thread 0x00000238f19f31e0 Uncommon trap: trap_request=0xffffffbe fr.pc=0x00000238dfd14f0c relative=0x000000000000030c
Event: 7.526 Thread 0x00000238f19f31e0 Uncommon trap: reason=profile_predicate action=maybe_recompile pc=0x00000238dfd14f0c method=java.util.Arrays.binarySearch0([Ljava/lang/Object;IILjava/lang/Object;Ljava/util/Comparator;)I @ 25 c2
Event: 7.526 Thread 0x00000238f19f31e0 DEOPT PACKING pc=0x00000238dfd14f0c sp=0x0000007a6a8f33f0
Event: 7.526 Thread 0x00000238f19f31e0 DEOPT UNPACKING pc=0x00000238df53a1a3 sp=0x0000007a6a8f3310 mode 2
Event: 7.526 Thread 0x00000238f19f31e0 Uncommon trap: trap_request=0xffffffbe fr.pc=0x00000238dfd14f0c relative=0x000000000000030c
Event: 7.526 Thread 0x00000238f19f31e0 Uncommon trap: reason=profile_predicate action=maybe_recompile pc=0x00000238dfd14f0c method=java.util.Arrays.binarySearch0([Ljava/lang/Object;IILjava/lang/Object;Ljava/util/Comparator;)I @ 25 c2
Event: 7.526 Thread 0x00000238f19f31e0 DEOPT PACKING pc=0x00000238dfd14f0c sp=0x0000007a6a8f3480
Event: 7.526 Thread 0x00000238f19f31e0 DEOPT UNPACKING pc=0x00000238df53a1a3 sp=0x0000007a6a8f33a0 mode 2
Event: 7.526 Thread 0x00000238f19f31e0 Uncommon trap: trap_request=0xffffffbe fr.pc=0x00000238dfd12f30 relative=0x0000000000000330
Event: 7.526 Thread 0x00000238f19f31e0 Uncommon trap: reason=profile_predicate action=maybe_recompile pc=0x00000238dfd12f30 method=java.util.Arrays.binarySearch0([Ljava/lang/Object;IILjava/lang/Object;Ljava/util/Comparator;)I @ 25 c2
Event: 7.526 Thread 0x00000238f19f31e0 DEOPT PACKING pc=0x00000238dfd12f30 sp=0x0000007a6a8f33e0
Event: 7.526 Thread 0x00000238f19f31e0 DEOPT UNPACKING pc=0x00000238df53a1a3 sp=0x0000007a6a8f3380 mode 2

Classes unloaded (0 events):
No events

Classes redefined (0 events):
No events

Internal exceptions (20 events):
Event: 5.695 Thread 0x00000238f19f31e0 Exception <a 'java/lang/ClassNotFoundException'{0x0000000085b9cb20}: org/jetbrains/plugins/gradle/model/web/WebConfigurationCustomizer> (0x0000000085b9cb20) 
thrown [s\src\hotspot\share\classfile\systemDictionary.cpp, line 256]
Event: 5.696 Thread 0x00000238f19f31e0 Exception <a 'java/lang/ClassNotFoundException'{0x0000000085bbb7c8}: org/jetbrains/plugins/gradle/model/scala/ScalaModelBeanInfo> (0x0000000085bbb7c8) 
thrown [s\src\hotspot\share\classfile\systemDictionary.cpp, line 256]
Event: 5.696 Thread 0x00000238f19f31e0 Exception <a 'java/lang/ClassNotFoundException'{0x0000000085bc3ad0}: org/jetbrains/plugins/gradle/model/scala/ScalaModelCustomizer> (0x0000000085bc3ad0) 
thrown [s\src\hotspot\share\classfile\systemDictionary.cpp, line 256]
Event: 5.700 Thread 0x00000238f19f31e0 Exception <a 'java/lang/ClassNotFoundException'{0x0000000085bf4dc8}: org/jetbrains/plugins/gradle/model/DependencyAccessorsModelBeanInfo> (0x0000000085bf4dc8) 
thrown [s\src\hotspot\share\classfile\systemDictionary.cpp, line 256]
Event: 5.700 Thread 0x00000238f19f31e0 Exception <a 'java/lang/ClassNotFoundException'{0x0000000085bfd178}: org/jetbrains/plugins/gradle/model/DependencyAccessorsModelCustomizer> (0x0000000085bfd178) 
thrown [s\src\hotspot\share\classfile\systemDictionary.cpp, line 256]
Event: 5.796 Thread 0x00000238f19f31e0 Exception <a 'java/lang/ClassNotFoundException'{0x000000008ce48820}: org/gradle/api/internal/project/DefaultProject_DecoratedBeanInfo> (0x000000008ce48820) 
thrown [s\src\hotspot\share\classfile\systemDictionary.cpp, line 256]
Event: 5.796 Thread 0x00000238f19f31e0 Exception <a 'java/lang/ClassNotFoundException'{0x000000008ce55378}: org/gradle/api/internal/project/DefaultProjectBeanInfo> (0x000000008ce55378) 
thrown [s\src\hotspot\share\classfile\systemDictionary.cpp, line 256]
Event: 5.797 Thread 0x00000238f19f31e0 Exception <a 'java/lang/ClassNotFoundException'{0x000000008ce61ed8}: org/gradle/api/internal/project/DefaultProjectCustomizer> (0x000000008ce61ed8) 
thrown [s\src\hotspot\share\classfile\systemDictionary.cpp, line 256]
Event: 5.799 Thread 0x00000238f19f31e0 Exception <a 'java/lang/ClassNotFoundException'{0x000000008cd0b878}: org/gradle/api/internal/project/DefaultProject_DecoratedCustomizer> (0x000000008cd0b878) 
thrown [s\src\hotspot\share\classfile\systemDictionary.cpp, line 256]
Event: 6.114 Thread 0x00000238f19f31e0 Exception <a 'java/lang/NoSuchMethodError'{0x000000008cec51d0}: 'java.lang.Object java.lang.invoke.DirectMethodHandle$Holder.newInvokeSpecial(java.lang.Object, java.lang.Object, java.lang.Object, java.lang.Object, java.lang.Object, int)'> (0x000000008cec51d0) 
thrown [s\src\hotspot\share\interpreter\linkResolver.cpp, line 771]
Event: 6.114 Thread 0x00000238f19f31e0 Exception <a 'java/lang/NoSuchMethodError'{0x000000008ceca828}: 'java.lang.Object java.lang.invoke.DirectMethodHandle$Holder.invokeSpecial(java.lang.Object, java.lang.Object, java.lang.Object, java.lang.Object, java.lang.Object, java.lang.Object, int)'> (0x000000008ceca828) 
thrown [s\src\hotspot\share\interpreter\linkResolver.cpp, line 771]
Event: 6.122 Thread 0x00000238f19f31e0 Exception <a 'java/lang/NoSuchMethodError'{0x000000008cd6a7e8}: 'void java.lang.invoke.DirectMethodHandle$Holder.invokeStatic(java.lang.Object, java.lang.Object, java.lang.Object, int, java.lang.Object)'> (0x000000008cd6a7e8) 
thrown [s\src\hotspot\share\interpreter\linkResolver.cpp, line 771]
Event: 6.458 Thread 0x00000238f19f31e0 Implicit null exception at 0x00000238dfcd6aef to 0x00000238dfcd716c
Event: 6.759 Thread 0x00000238f19f31e0 Implicit null exception at 0x00000238dfdc3c12 to 0x00000238dfdc4280
Event: 6.759 Thread 0x00000238f19f31e0 Implicit null exception at 0x00000238dfdc6f14 to 0x00000238dfdc7590
Event: 6.994 Thread 0x00000238f19f31e0 Exception <a 'java/lang/NoSuchMethodError'{0x0000000087f03cc8}: 'java.lang.Object java.lang.invoke.DirectMethodHandle$Holder.newInvokeSpecial(java.lang.Object, java.lang.Object, java.lang.Object, java.lang.Object, int)'> (0x0000000087f03cc8) 
thrown [s\src\hotspot\share\interpreter\linkResolver.cpp, line 771]
Event: 6.994 Thread 0x00000238f19f31e0 Exception <a 'java/lang/NoSuchMethodError'{0x0000000087f09110}: 'java.lang.Object java.lang.invoke.DirectMethodHandle$Holder.invokeSpecial(java.lang.Object, java.lang.Object, java.lang.Object, java.lang.Object, java.lang.Object, int)'> (0x0000000087f09110) 
thrown [s\src\hotspot\share\interpreter\linkResolver.cpp, line 771]
Event: 6.994 Thread 0x00000238f19f31e0 Exception <a 'java/lang/NoSuchMethodError'{0x0000000087f0de90}: 'java.lang.Object java.lang.invoke.Invokers$Holder.linkToTargetMethod(java.lang.Object, java.lang.Object, java.lang.Object, int, java.lang.Object)'> (0x0000000087f0de90) 
thrown [s\src\hotspot\share\interpreter\linkResolver.cpp, line 771]
Event: 7.161 Thread 0x00000238f19f31e0 Exception <a 'java/lang/NoSuchMethodError'{0x000000008cdea928}: 'int java.lang.invoke.DirectMethodHandle$Holder.invokeInterface(java.lang.Object, java.lang.Object, java.lang.Object, java.lang.Object)'> (0x000000008cdea928) 
thrown [s\src\hotspot\share\interpreter\linkResolver.cpp, line 771]
Event: 7.518 Thread 0x00000238f19f31e0 Exception <a 'java/lang/IncompatibleClassChangeError'{0x000000008a505428}: Found class java.lang.Object, but interface was expected> (0x000000008a505428) 
thrown [s\src\hotspot\share\interpreter\linkResolver.cpp, line 838]

VM Operations (20 events):
Event: 6.807 Executing VM operation: G1Concurrent
Event: 6.807 Executing VM operation: G1Concurrent done
Event: 6.821 Executing VM operation: G1TryInitiateConcMark
Event: 6.823 Executing VM operation: G1TryInitiateConcMark done
Event: 6.849 Executing VM operation: G1Concurrent
Event: 6.852 Executing VM operation: G1Concurrent done
Event: 6.867 Executing VM operation: G1Concurrent
Event: 6.867 Executing VM operation: G1Concurrent done
Event: 7.046 Executing VM operation: G1CollectForAllocation
Event: 7.049 Executing VM operation: G1CollectForAllocation done
Event: 7.150 Executing VM operation: HandshakeAllThreads
Event: 7.151 Executing VM operation: HandshakeAllThreads done
Event: 7.161 Executing VM operation: HandshakeAllThreads
Event: 7.161 Executing VM operation: HandshakeAllThreads done
Event: 7.344 Executing VM operation: G1CollectForAllocation
Event: 7.347 Executing VM operation: G1CollectForAllocation done
Event: 7.380 Executing VM operation: G1Concurrent
Event: 7.382 Executing VM operation: G1Concurrent done
Event: 7.398 Executing VM operation: G1Concurrent
Event: 7.398 Executing VM operation: G1Concurrent done

Events (20 events):
Event: 7.527 loading class com/sun/jmx/mbeanserver/WeakIdentityHashMap
Event: 7.527 loading class com/sun/jmx/mbeanserver/WeakIdentityHashMap done
Event: 7.527 loading class com/sun/jmx/mbeanserver/WeakIdentityHashMap$IdentityWeakReference
Event: 7.528 loading class com/sun/jmx/mbeanserver/WeakIdentityHashMap$IdentityWeakReference done
Event: 7.528 loading class java/lang/management/ThreadInfo
Event: 7.528 loading class java/lang/management/ThreadInfo done
Event: 7.528 loading class java/lang/management/LockInfo
Event: 7.528 loading class java/lang/management/LockInfo done
Event: 7.528 loading class java/lang/management/MonitorInfo
Event: 7.529 loading class java/lang/management/MonitorInfo done
Event: 7.529 loading class com/sun/jmx/mbeanserver/DefaultMXBeanMappingFactory$CompositeMapping
Event: 7.529 loading class com/sun/jmx/mbeanserver/DefaultMXBeanMappingFactory$CompositeMapping done
Event: 7.530 loading class com/sun/jmx/mbeanserver/DefaultMXBeanMappingFactory$ArrayMapping
Event: 7.530 loading class com/sun/jmx/mbeanserver/DefaultMXBeanMappingFactory$ArrayMapping done
Event: 7.530 loading class com/sun/jmx/mbeanserver/DefaultMXBeanMappingFactory$EnumMapping
Event: 7.530 loading class com/sun/jmx/mbeanserver/DefaultMXBeanMappingFactory$EnumMapping done
Event: 7.531 loading class javax/management/MBeanParameterInfo
Event: 7.531 loading class javax/management/MBeanParameterInfo done
Event: 7.532 loading class com/sun/jmx/mbeanserver/PerInterface$MethodAndSig
Event: 7.532 loading class com/sun/jmx/mbeanserver/PerInterface$MethodAndSig done


Dynamic libraries:
0x00007ff73d970000 - 0x00007ff73d97a000 	C:\Program Files\Android\Android Studio\jbr\bin\java.exe
0x00007ffcb0010000 - 0x00007ffcb0227000 	C:\WINDOWS\SYSTEM32\ntdll.dll
0x00007ffcaf480000 - 0x00007ffcaf544000 	C:\WINDOWS\System32\KERNEL32.DLL
0x00007ffcad470000 - 0x00007ffcad816000 	C:\WINDOWS\System32\KERNELBASE.dll
0x00007ffcad350000 - 0x00007ffcad461000 	C:\WINDOWS\System32\ucrtbase.dll
0x00007ffc8e8a0000 - 0x00007ffc8e8b7000 	C:\Program Files\Android\Android Studio\jbr\bin\jli.dll
0x00007ffca3260000 - 0x00007ffca327b000 	C:\Program Files\Android\Android Studio\jbr\bin\VCRUNTIME140.dll
0x00007ffcadef0000 - 0x00007ffcae09e000 	C:\WINDOWS\System32\USER32.dll
0x00007ffcada10000 - 0x00007ffcada36000 	C:\WINDOWS\System32\win32u.dll
0x00007ffcaee80000 - 0x00007ffcaeea9000 	C:\WINDOWS\System32\GDI32.dll
0x00007ffc91b20000 - 0x00007ffc91db3000 	C:\WINDOWS\WinSxS\amd64_microsoft.windows.common-controls_6595b64144ccf1df_6.0.22621.2506_none_270c5ae97388e100\COMCTL32.dll
0x00007ffcad8f0000 - 0x00007ffcada08000 	C:\WINDOWS\System32\gdi32full.dll
0x00007ffcade40000 - 0x00007ffcadee7000 	C:\WINDOWS\System32\msvcrt.dll
0x00007ffcad820000 - 0x00007ffcad8ba000 	C:\WINDOWS\System32\msvcp_win.dll
0x00007ffcaff90000 - 0x00007ffcaffc1000 	C:\WINDOWS\System32\IMM32.DLL
0x00007ffc8fb70000 - 0x00007ffc8fb7c000 	C:\Program Files\Android\Android Studio\jbr\bin\vcruntime140_1.dll
0x00007ffc879f0000 - 0x00007ffc87a7d000 	C:\Program Files\Android\Android Studio\jbr\bin\msvcp140.dll
0x00007ffc5e950000 - 0x00007ffc5f5be000 	C:\Program Files\Android\Android Studio\jbr\bin\server\jvm.dll
0x00007ffcafe30000 - 0x00007ffcafee3000 	C:\WINDOWS\System32\ADVAPI32.dll
0x00007ffcaf3c0000 - 0x00007ffcaf468000 	C:\WINDOWS\System32\sechost.dll
0x00007ffcad8c0000 - 0x00007ffcad8e8000 	C:\WINDOWS\System32\bcrypt.dll
0x00007ffcaf1f0000 - 0x00007ffcaf307000 	C:\WINDOWS\System32\RPCRT4.dll
0x00007ffc9e500000 - 0x00007ffc9e50a000 	C:\WINDOWS\SYSTEM32\VERSION.dll
0x00007ffca95e0000 - 0x00007ffca95e9000 	C:\WINDOWS\SYSTEM32\WSOCK32.dll
0x00007ffca2fb0000 - 0x00007ffca2fe4000 	C:\WINDOWS\SYSTEM32\WINMM.dll
0x00007ffcae900000 - 0x00007ffcae971000 	C:\WINDOWS\System32\WS2_32.dll
0x00007ffcac380000 - 0x00007ffcac398000 	C:\WINDOWS\SYSTEM32\kernel.appcore.dll
0x00007ffca9520000 - 0x00007ffca952a000 	C:\Program Files\Android\Android Studio\jbr\bin\jimage.dll
0x00007ffcaac60000 - 0x00007ffcaae93000 	C:\WINDOWS\SYSTEM32\DBGHELP.DLL
0x00007ffcaeaf0000 - 0x00007ffcaee79000 	C:\WINDOWS\System32\combase.dll
0x00007ffcadd60000 - 0x00007ffcade37000 	C:\WINDOWS\System32\OLEAUT32.dll
0x00007ffc92170000 - 0x00007ffc921a2000 	C:\WINDOWS\SYSTEM32\dbgcore.DLL
0x00007ffcada40000 - 0x00007ffcadaba000 	C:\WINDOWS\System32\bcryptPrimitives.dll
0x00007ffc8fd90000 - 0x00007ffc8fdb5000 	C:\Program Files\Android\Android Studio\jbr\bin\java.dll
0x00007ffca9500000 - 0x00007ffca9518000 	C:\Program Files\Android\Android Studio\jbr\bin\zip.dll
0x00007ffcae0a0000 - 0x00007ffcae8fa000 	C:\WINDOWS\System32\SHELL32.dll
0x00007ffcab2a0000 - 0x00007ffcabb96000 	C:\WINDOWS\SYSTEM32\windows.storage.dll
0x00007ffcab160000 - 0x00007ffcab29e000 	C:\WINDOWS\SYSTEM32\wintypes.dll
0x00007ffcaeec0000 - 0x00007ffcaefb3000 	C:\WINDOWS\System32\SHCORE.dll
0x00007ffcaf790000 - 0x00007ffcaf7ee000 	C:\WINDOWS\System32\shlwapi.dll
0x00007ffcad280000 - 0x00007ffcad2a6000 	C:\WINDOWS\SYSTEM32\profapi.dll
0x00007ffc8f700000 - 0x00007ffc8f719000 	C:\Program Files\Android\Android Studio\jbr\bin\net.dll
0x00007ffca6430000 - 0x00007ffca6567000 	C:\WINDOWS\SYSTEM32\WINHTTP.dll
0x00007ffcac800000 - 0x00007ffcac869000 	C:\WINDOWS\system32\mswsock.dll
0x00007ffc8e9b0000 - 0x00007ffc8e9c6000 	C:\Program Files\Android\Android Studio\jbr\bin\nio.dll
0x00007ffca80a0000 - 0x00007ffca80b0000 	C:\Program Files\Android\Android Studio\jbr\bin\verify.dll
0x00007ffc88270000 - 0x00007ffc88297000 	C:\Users\86199\.gradle\native\68d5fa5c4cc2d200863cafc0d521ce42e7d3e7ee720ec0a83991735586a16f82\windows-amd64\native-platform.dll
0x00007ffc63ed0000 - 0x00007ffc64014000 	C:\Users\86199\.gradle\native\e376f236ea51e6404a007f0833ffe2c6e607c4080706a723a18a27aeea778392\windows-amd64\native-platform-file-events.dll
0x00007ffca69c0000 - 0x00007ffca69c9000 	C:\Program Files\Android\Android Studio\jbr\bin\management.dll
0x00007ffc8fe60000 - 0x00007ffc8fe6b000 	C:\Program Files\Android\Android Studio\jbr\bin\management_ext.dll
0x00007ffcaf9a0000 - 0x00007ffcaf9a8000 	C:\WINDOWS\System32\PSAPI.DLL
0x00007ffcaca50000 - 0x00007ffcaca6b000 	C:\WINDOWS\SYSTEM32\CRYPTSP.dll
0x00007ffcac2e0000 - 0x00007ffcac315000 	C:\WINDOWS\system32\rsaenh.dll
0x00007ffcac8f0000 - 0x00007ffcac91c000 	C:\WINDOWS\SYSTEM32\USERENV.dll
0x00007ffcaca70000 - 0x00007ffcaca7c000 	C:\WINDOWS\SYSTEM32\CRYPTBASE.dll
0x00007ffcabe00000 - 0x00007ffcabe2d000 	C:\WINDOWS\SYSTEM32\IPHLPAPI.DLL
0x00007ffcaf470000 - 0x00007ffcaf479000 	C:\WINDOWS\System32\NSI.dll
0x00007ffca6410000 - 0x00007ffca6429000 	C:\WINDOWS\SYSTEM32\dhcpcsvc6.DLL
0x00007ffca63f0000 - 0x00007ffca640f000 	C:\WINDOWS\SYSTEM32\dhcpcsvc.DLL
0x00007ffcabe30000 - 0x00007ffcabf29000 	C:\WINDOWS\SYSTEM32\DNSAPI.dll
0x00007ffc8fd80000 - 0x00007ffc8fd88000 	C:\WINDOWS\system32\wshunix.dll

dbghelp: loaded successfully - version: 4.0.5 - missing functions: none
symbol engine: initialized successfully - sym options: 0x614 - pdb path: .;C:\Program Files\Android\Android Studio\jbr\bin;C:\WINDOWS\SYSTEM32;C:\WINDOWS\WinSxS\amd64_microsoft.windows.common-controls_6595b64144ccf1df_6.0.22621.2506_none_270c5ae97388e100;C:\Program Files\Android\Android Studio\jbr\bin\server;C:\Users\86199\.gradle\native\68d5fa5c4cc2d200863cafc0d521ce42e7d3e7ee720ec0a83991735586a16f82\windows-amd64;C:\Users\86199\.gradle\native\e376f236ea51e6404a007f0833ffe2c6e607c4080706a723a18a27aeea778392\windows-amd64

VM Arguments:
jvm_args: --add-opens=java.base/java.util=ALL-UNNAMED --add-opens=java.base/java.lang=ALL-UNNAMED --add-opens=java.base/java.lang.invoke=ALL-UNNAMED --add-opens=java.prefs/java.util.prefs=ALL-UNNAMED --add-opens=java.base/java.nio.charset=ALL-UNNAMED --add-opens=java.base/java.net=ALL-UNNAMED --add-opens=java.base/java.util.concurrent.atomic=ALL-UNNAMED -Xmx2048m -Dfile.encoding=UTF-8 -Duser.country=CN -Duser.language=zh -Duser.variant 
java_command: org.gradle.launcher.daemon.bootstrap.GradleDaemon 8.0
java_class_path (initial): C:\Users\86199\.gradle\wrapper\dists\gradle-8.0-bin\ca5e32bp14vu59qr306oxotwh\gradle-8.0\lib\gradle-launcher-8.0.jar
Launcher Type: SUN_STANDARD

[Global flags]
     intx CICompilerCount                          = 4                                         {product} {ergonomic}
     uint ConcGCThreads                            = 2                                         {product} {ergonomic}
     uint G1ConcRefinementThreads                  = 8                                         {product} {ergonomic}
   size_t G1HeapRegionSize                         = 1048576                                   {product} {ergonomic}
    uintx GCDrainStackTargetSize                   = 64                                        {product} {ergonomic}
   size_t InitialHeapSize                          = 266338304                                 {product} {ergonomic}
   size_t MarkStackSize                            = 4194304                                   {product} {ergonomic}
   size_t MaxHeapSize                              = 2147483648                                {product} {command line}
   size_t MaxNewSize                               = 1287651328                                {product} {ergonomic}
   size_t MinHeapDeltaBytes                        = 1048576                                   {product} {ergonomic}
   size_t MinHeapSize                              = 8388608                                   {product} {ergonomic}
    uintx NonNMethodCodeHeapSize                   = 5839372                                {pd product} {ergonomic}
    uintx NonProfiledCodeHeapSize                  = 122909434                              {pd product} {ergonomic}
    uintx ProfiledCodeHeapSize                     = 122909434                              {pd product} {ergonomic}
    uintx ReservedCodeCacheSize                    = 251658240                              {pd product} {ergonomic}
     bool SegmentedCodeCache                       = true                                      {product} {ergonomic}
   size_t SoftMaxHeapSize                          = 2147483648                             {manageable} {ergonomic}
     bool UseCompressedClassPointers               = true                           {product lp64_product} {ergonomic}
     bool UseCompressedOops                        = true                           {product lp64_product} {ergonomic}
     bool UseG1GC                                  = true                                      {product} {ergonomic}
     bool UseLargePagesIndividualAllocation        = false                                  {pd product} {ergonomic}

Logging:
Log output configuration:
 #0: stdout all=warning uptime,level,tags
 #1: stderr all=off uptime,level,tags

Environment Variables:
JAVA_HOME=D:\android\Java
CLASSPATH=.;D:\android\Java\lib;D:\android\Java\lib\tools.jar
PATH=C:\Program Files\Java\jdk 1.8.0_341\bin;D:\android\Java\bin;D:\android\Java\jre\bin;D:\mysql\mysql-5.7.27-winx64\bin;c:\windows\system32;C:\WINDOWS\system32;D:\tomcat\apache-tomcat-8.5.47\bin;D:\Anaconda;D:\Anaconda\Scripts;D:\Anaconda\Library\bin;D:\Anaconda\Library\mingw-w64\bin;D:\tomcat\apache-tomcat-8.5.47\lib\;%OMCAT_HOME%\bin;C:\Program Files\Azure Data Studio\bin;C:\Users\86199\Downloads\ffmpeg-6.0-full_build\bin;C:\WINDOWS;C:\WINDOWS\System32\Wbem;C:\WINDOWS\System32\WindowsPowerShell\v1.0\;C:\WINDOWS\System32\OpenSSH\;D:\Download\web\dll;%MAVEN;HOME%\bin;"% ANDROID_SDK_HOME%\platform-tools;% ANDROID_SDK_HOME%\tools";D:\android\SDK\platform-tools;C:\WINDOWS\system32;D:\software\node.js\;D:\software\gradle-8.0\bin;D:\software\Git\Git\cmd;D:\Anaconda;D:\Anaconda\Library\mingw-w64\bin;D:\Anaconda\Library\usr\bin;D:\Anaconda\Library\bin;D:\Anaconda\Scripts;C:\Users\86199\AppData\Local\Microsoft\WindowsApps;C:\Program Files\JetBrains\PyCharm Community Edition 2021.3\bin;;%JAVA_HOME\bin;%IntelliJ IDEA Community Edition%;C:\Program Files (x86)\Tencent\QQGameTempest\Hall.57915\;C:\Program Files\Azure Data Studio\bin;D:\Download\Microsoft VS Code\bin;C:\Users\86199\AppData\Roaming\npm
USERNAME=86199
OS=Windows_NT
PROCESSOR_IDENTIFIER=Intel64 Family 6 Model 140 Stepping 1, GenuineIntel
TMP=C:\Users\86199\AppData\Local\Temp
TEMP=C:\Users\86199\AppData\Local\Temp


JNI global refs:
JNI global refs: 29, weak refs: 4

JNI global refs memory usage: 843, weak refs: 841


---------------  S Y S T E M  ---------------

OS:
 Windows 11 , 64 bit Build 22621 (10.0.22621.2506)
OS uptime: 0 days 8:52 hours

CPU: total 8 (initial active 8) (4 cores per cpu, 2 threads per core) family 6 model 140 stepping 1 microcode 0x86, cx8, cmov, fxsr, ht, mmx, 3dnowpref, sse, sse2, sse3, ssse3, sse4.1, sse4.2, popcnt, lzcnt, tsc, tscinvbit, avx, avx2, aes, erms, clmul, bmi1, bmi2, adx, avx512f, avx512dq, avx512cd, avx512bw, avx512vl, sha, fma, vzeroupper, avx512_vpopcntdq, avx512_vpclmulqdq, avx512_vaes, avx512_vnni, clflush, clflushopt, clwb, avx512_vbmi2, avx512_vbmi

Memory: 4k page, system-wide physical 16167M (1909M free)
TotalPageFile size 16167M (AvailPageFile size 3M)
current process WorkingSet (physical memory assigned to process): 368M, peak: 368M
current process commit charge ("private bytes"): 434M, peak: 438M

vm_info: OpenJDK 64-Bit Server VM (17.0.6+0-b2043.56-10027231) for windows-amd64 JRE (17.0.6+0-b2043.56-10027231), built on Apr 28 2023 00:43:19 by "androidbuild" with MS VC++ 16.10 / 16.11 (VS2019)

END.
