#
# There is insufficient memory for the Java Runtime Environment to continue.
# Native memory allocation (mmap) failed to map 347078656 bytes for G1 virtual space
# Possible reasons:
#   The system is out of physical RAM or swap space
#   The process is running with CompressedOops enabled, and the Java Heap may be blocking the growth of the native heap
# Possible solutions:
#   Reduce memory load on the system
#   Increase physical memory or swap space
#   Check if swap backing store is full
#   Decrease Java heap size (-Xmx/-Xms)
#   Decrease number of Java threads
#   Decrease Java thread stack sizes (-Xss)
#   Set larger code cache with -XX:ReservedCodeCacheSize=
#   JVM is running with Unscaled Compressed Oops mode in which the Java heap is
#     placed in the first 4GB address space. The Java Heap base address is the
#     maximum limit for the native heap growth. Please use -XX:HeapBaseMinAddress
#     to set the Java Heap base and to place the Java Heap above 4GB virtual address.
# This output file may be truncated or incomplete.
#
#  Out of Memory Error (os_windows.cpp:3769), pid=16492, tid=19484
#
# JRE version: OpenJDK Runtime Environment (17.0.6) (build 17.0.6+0-b2043.56-10027231)
# Java VM: OpenJDK 64-Bit Server VM (17.0.6+0-b2043.56-10027231, mixed mode, tiered, compressed oops, compressed class ptrs, g1 gc, windows-amd64)
# No core dump will be written. Minidumps are not enabled by default on client versions of Windows
#

---------------  S U M M A R Y ------------

Command Line: --add-opens=java.base/java.util=ALL-UNNAMED --add-opens=java.base/java.lang=ALL-UNNAMED --add-opens=java.base/java.lang.invoke=ALL-UNNAMED --add-opens=java.prefs/java.util.prefs=ALL-UNNAMED --add-opens=java.base/java.nio.charset=ALL-UNNAMED --add-opens=java.base/java.net=ALL-UNNAMED --add-opens=java.base/java.util.concurrent.atomic=ALL-UNNAMED -Xmx2048m -Dfile.encoding=UTF-8 -Duser.country=CN -Duser.language=zh -Duser.variant org.gradle.launcher.daemon.bootstrap.GradleDaemon 8.0

Host: 11th Gen Intel(R) Core(TM) i5-1135G7 @ 2.40GHz, 8 cores, 15G,  Windows 11 , 64 bit Build 22621 (10.0.22621.2506)
Time: Mon Jan 15 19:09:23 2024  Windows 11 , 64 bit Build 22621 (10.0.22621.2506) elapsed time: 11.818194 seconds (0d 0h 0m 11s)

---------------  T H R E A D  ---------------

Current thread (0x000001e3fc03a320):  VMThread "VM Thread" [stack: 0x00000066ad100000,0x00000066ad200000] [id=19484]

Stack: [0x00000066ad100000,0x00000066ad200000]
Native frames: (J=compiled Java code, j=interpreted, Vv=VM code, C=native code)
V  [jvm.dll+0x683c9a]
V  [jvm.dll+0x8427a4]
V  [jvm.dll+0x843f9e]
V  [jvm.dll+0x844603]
V  [jvm.dll+0x249b75]
V  [jvm.dll+0x680b69]
V  [jvm.dll+0x67505a]
V  [jvm.dll+0x309acb]
V  [jvm.dll+0x310f86]
V  [jvm.dll+0x3608ee]
V  [jvm.dll+0x360b1f]
V  [jvm.dll+0x2dfbf8]
V  [jvm.dll+0x2ddec4]
V  [jvm.dll+0x2dd4cc]
V  [jvm.dll+0x321f3b]
V  [jvm.dll+0x848ccb]
V  [jvm.dll+0x849a04]
V  [jvm.dll+0x849f1d]
V  [jvm.dll+0x84a2f4]
V  [jvm.dll+0x84a3c0]
V  [jvm.dll+0x7f274a]
V  [jvm.dll+0x682ad5]
C  [ucrtbase.dll+0x29363]
C  [KERNEL32.DLL+0x1257d]
C  [ntdll.dll+0x5aa58]

VM_Operation (0x00000066aeaf2620): G1CollectForAllocation, mode: safepoint, requested by thread 0x000001e3fd917db0


---------------  P R O C E S S  ---------------

Threads class SMR info:
_java_thread_list=0x000001e386f63830, length=128, elements={
0x000001e3e17af750, 0x000001e3fc03fed0, 0x000001e3fc040a80, 0x000001e3fc06ee00,
0x000001e3fc06f9b0, 0x000001e3fc070460, 0x000001e3fc071210, 0x000001e3fc095050,
0x000001e3fc095950, 0x000001e3fc099840, 0x000001e3fc23cce0, 0x000001e3fc2477e0,
0x000001e3fe5cb790, 0x000001e3fd8f71a0, 0x000001e3fc667e50, 0x000001e3fe56f7e0,
0x000001e3fefbd6f0, 0x000001e3fd91a430, 0x000001e3fd917db0, 0x000001e3fd9195c0,
0x000001e3fd918280, 0x000001e3fd919a90, 0x000001e3fd918750, 0x000001e3fd919f60,
0x000001e3fd91add0, 0x000001e3fd918c20, 0x000001e3fd91a900, 0x000001e3fd91b2a0,
0x000001e3fd9178e0, 0x000001e3fd9190f0, 0x000001e3fefeacb0, 0x000001e3fefebb20,
0x000001e3fefe8630, 0x000001e3fefe8b00, 0x000001e3fefedcd0, 0x000001e3fefed330,
0x000001e3fefef4e0, 0x000001e3fefeb650, 0x000001e3fefea310, 0x000001e3fefece60,
0x000001e3fefea7e0, 0x000001e3fefee1a0, 0x000001e3fefe9970, 0x000001e3fefec990,
0x000001e3fef16530, 0x000001e3fef126a0, 0x000001e3fef14850, 0x000001e3fef0fb50,
0x000001e3fef10020, 0x000001e3fef104f0, 0x000001e3fef12b70, 0x000001e3fef13510,
0x000001e3fef10e90, 0x000001e3fef16a00, 0x000001e3fef109c0, 0x000001e3fef11360,
0x000001e3fef11830, 0x000001e3fef11d00, 0x000001e3fef121d0, 0x000001e3fef13eb0,
0x000001e3fef139e0, 0x000001e3fef16ed0, 0x000001e3fef151f0, 0x000001e3fef14380,
0x000001e3fef13040, 0x000001e3fef15b90, 0x000001e3fef14d20, 0x000001e3fef156c0,
0x000001e3fef16060, 0x000001e3fef173a0, 0x000001e3803a4bb0, 0x000001e3803a4210,
0x000001e3803a93e0, 0x000001e3803a5ef0, 0x000001e3803a63c0, 0x000001e3803a98b0,
0x000001e3803a2ed0, 0x000001e3803a33a0, 0x000001e3803a5080, 0x000001e3803a6890,
0x000001e3803a7700, 0x000001e3803a7bd0, 0x000001e3803a6d60, 0x000001e3803a8570,
0x000001e3803a9d80, 0x000001e3803a80a0, 0x000001e3803a8f10, 0x000001e3803a2530,
0x000001e3803a5550, 0x000001e3803a7230, 0x000001e3803a5a20, 0x000001e3803a8a40,
0x000001e3803a2a00, 0x000001e3803a3870, 0x000001e3803a3d40, 0x000001e3803a46e0,
0x000001e3fe89f8b0, 0x000001e3fe89d230, 0x000001e3fe8a1f30, 0x000001e3fe89fd80,
0x000001e3fe8a1a60, 0x000001e3fe8a28d0, 0x000001e3fe8a2da0, 0x000001e3fe8a0250,
0x000001e3fe8a1590, 0x000001e3fe8a2400, 0x000001e3fe8a0720, 0x000001e3fe89ef10,
0x000001e3fe8a3c10, 0x000001e3fe8a0bf0, 0x000001e3fe8a3270, 0x000001e3fe89d700,
0x000001e3fe89e0a0, 0x000001e3fe8a10c0, 0x000001e3fe8a3740, 0x000001e3fe89c3c0,
0x000001e3fe89ea40, 0x000001e3fe89c890, 0x000001e3fe89cd60, 0x000001e3fe89dbd0,
0x000001e3fe89e570, 0x000001e3fe89f3e0, 0x000001e3fcb19ea0, 0x000001e3fcb1c050,
0x000001e3fcb1a840, 0x000001e3fcb1f540, 0x000001e3fcb19030, 0x000001e3fee3b850
}

Java Threads: ( => current thread )
  0x000001e3e17af750 JavaThread "main" [_thread_blocked, id=19208, stack(0x00000066acb00000,0x00000066acc00000)]
  0x000001e3fc03fed0 JavaThread "Reference Handler" daemon [_thread_blocked, id=2896, stack(0x00000066ad200000,0x00000066ad300000)]
  0x000001e3fc040a80 JavaThread "Finalizer" daemon [_thread_blocked, id=17016, stack(0x00000066ad300000,0x00000066ad400000)]
  0x000001e3fc06ee00 JavaThread "Signal Dispatcher" daemon [_thread_blocked, id=11256, stack(0x00000066ad400000,0x00000066ad500000)]
  0x000001e3fc06f9b0 JavaThread "Attach Listener" daemon [_thread_blocked, id=15004, stack(0x00000066ad500000,0x00000066ad600000)]
  0x000001e3fc070460 JavaThread "Service Thread" daemon [_thread_blocked, id=20172, stack(0x00000066ad600000,0x00000066ad700000)]
  0x000001e3fc071210 JavaThread "Monitor Deflation Thread" daemon [_thread_blocked, id=18984, stack(0x00000066ad700000,0x00000066ad800000)]
  0x000001e3fc095050 JavaThread "C2 CompilerThread0" daemon [_thread_blocked, id=19720, stack(0x00000066ad800000,0x00000066ad900000)]
  0x000001e3fc095950 JavaThread "C1 CompilerThread0" daemon [_thread_blocked, id=12704, stack(0x00000066ad900000,0x00000066ada00000)]
  0x000001e3fc099840 JavaThread "Sweeper thread" daemon [_thread_blocked, id=16844, stack(0x00000066ada00000,0x00000066adb00000)]
  0x000001e3fc23cce0 JavaThread "Common-Cleaner" daemon [_thread_blocked, id=20008, stack(0x00000066adb00000,0x00000066adc00000)]
  0x000001e3fc2477e0 JavaThread "Notification Thread" daemon [_thread_blocked, id=16216, stack(0x00000066adc00000,0x00000066add00000)]
  0x000001e3fe5cb790 JavaThread "Daemon health stats" [_thread_blocked, id=16856, stack(0x00000066ae500000,0x00000066ae600000)]
  0x000001e3fd8f71a0 JavaThread "Incoming local TCP Connector on port 54985" [_thread_in_native, id=7100, stack(0x00000066ade00000,0x00000066adf00000)]
  0x000001e3fc667e50 JavaThread "Daemon periodic checks" [_thread_blocked, id=17168, stack(0x00000066adf00000,0x00000066ae000000)]
  0x000001e3fe56f7e0 JavaThread "Daemon" [_thread_blocked, id=18040, stack(0x00000066ae700000,0x00000066ae800000)]
  0x000001e3fefbd6f0 JavaThread "Handler for socket connection from /127.0.0.1:54985 to /127.0.0.1:54986" [_thread_in_native, id=10444, stack(0x00000066ae800000,0x00000066ae900000)]
  0x000001e3fd91a430 JavaThread "Cancel handler" [_thread_blocked, id=12660, stack(0x00000066ae900000,0x00000066aea00000)]
  0x000001e3fd917db0 JavaThread "Daemon worker" [_thread_blocked, id=20356, stack(0x00000066aea00000,0x00000066aeb00000)]
  0x000001e3fd9195c0 JavaThread "Asynchronous log dispatcher for DefaultDaemonConnection: socket connection from /127.0.0.1:54985 to /127.0.0.1:54986" [_thread_blocked, id=9628, stack(0x00000066aeb00000,0x00000066aec00000)]
  0x000001e3fd918280 JavaThread "Stdin handler" [_thread_blocked, id=1360, stack(0x00000066aec00000,0x00000066aed00000)]
  0x000001e3fd919a90 JavaThread "Daemon client event forwarder" [_thread_blocked, id=10464, stack(0x00000066aed00000,0x00000066aee00000)]
  0x000001e3fd918750 JavaThread "Cache worker for journal cache (C:\Users\86199\.gradle\caches\journal-1)" [_thread_blocked, id=13456, stack(0x00000066af100000,0x00000066af200000)]
  0x000001e3fd919f60 JavaThread "File lock request listener" [_thread_in_native, id=18048, stack(0x00000066af200000,0x00000066af300000)]
  0x000001e3fd91add0 JavaThread "Cache worker for file hash cache (C:\Users\86199\.gradle\caches\8.0\fileHashes)" [_thread_blocked, id=16636, stack(0x00000066af300000,0x00000066af400000)]
  0x000001e3fd918c20 JavaThread "File watcher server" daemon [_thread_in_native, id=18108, stack(0x00000066af500000,0x00000066af600000)]
  0x000001e3fd91a900 JavaThread "File watcher consumer" daemon [_thread_blocked, id=17244, stack(0x00000066af600000,0x00000066af700000)]
  0x000001e3fd91b2a0 JavaThread "jar transforms" [_thread_blocked, id=3140, stack(0x00000066af700000,0x00000066af800000)]
  0x000001e3fd9178e0 JavaThread "jar transforms Thread 2" [_thread_blocked, id=9440, stack(0x00000066af800000,0x00000066af900000)]
  0x000001e3fd9190f0 JavaThread "jar transforms Thread 3" [_thread_blocked, id=15776, stack(0x00000066af900000,0x00000066afa00000)]
  0x000001e3fefeacb0 JavaThread "jar transforms Thread 4" [_thread_blocked, id=8416, stack(0x00000066afa00000,0x00000066afb00000)]
  0x000001e3fefebb20 JavaThread "jar transforms Thread 5" [_thread_blocked, id=9616, stack(0x00000066afb00000,0x00000066afc00000)]
  0x000001e3fefe8630 JavaThread "jar transforms Thread 6" [_thread_blocked, id=19660, stack(0x00000066afc00000,0x00000066afd00000)]
  0x000001e3fefe8b00 JavaThread "jar transforms Thread 7" [_thread_blocked, id=15764, stack(0x00000066afd00000,0x00000066afe00000)]
  0x000001e3fefedcd0 JavaThread "jar transforms Thread 8" [_thread_blocked, id=10640, stack(0x00000066afe00000,0x00000066aff00000)]
  0x000001e3fefed330 JavaThread "Cache worker for checksums cache (D:\MyApplication\.gradle\8.0\checksums)" [_thread_blocked, id=10560, stack(0x00000066aff00000,0x00000066b0000000)]
  0x000001e3fefef4e0 JavaThread "Cache worker for cache directory md-rule (C:\Users\86199\.gradle\caches\8.0\md-rule)" [_thread_blocked, id=17936, stack(0x00000066b0000000,0x00000066b0100000)]
  0x000001e3fefeb650 JavaThread "Cache worker for file content cache (C:\Users\86199\.gradle\caches\8.0\fileContent)" [_thread_blocked, id=16520, stack(0x00000066b0100000,0x00000066b0200000)]
  0x000001e3fefea310 JavaThread "Cache worker for file hash cache (D:\MyApplication\.gradle\8.0\fileHashes)" [_thread_blocked, id=16808, stack(0x00000066b0200000,0x00000066b0300000)]
  0x000001e3fefece60 JavaThread "Cache worker for cache directory md-supplier (C:\Users\86199\.gradle\caches\8.0\md-supplier)" [_thread_blocked, id=15320, stack(0x00000066b0300000,0x00000066b0400000)]
  0x000001e3fefea7e0 JavaThread "Cache worker for execution history cache (C:\Users\86199\.gradle\caches\8.0\executionHistory)" [_thread_blocked, id=5968, stack(0x00000066b0400000,0x00000066b0500000)]
  0x000001e3fefee1a0 JavaThread "Cache worker for kotlin-dsl (C:\Users\86199\.gradle\caches\8.0\kotlin-dsl)" [_thread_blocked, id=7632, stack(0x00000066b0500000,0x00000066b0600000)]
  0x000001e3fefe9970 JavaThread "Cache worker for dependencies-accessors (D:\MyApplication\.gradle\8.0\dependencies-accessors)" [_thread_blocked, id=18232, stack(0x00000066b0600000,0x00000066b0700000)]
  0x000001e3fefec990 JavaThread "Cache worker for Build Output Cleanup Cache (D:\MyApplication\.gradle\buildOutputCleanup)" [_thread_blocked, id=8528, stack(0x00000066b0700000,0x00000066b0800000)]
  0x000001e3fef16530 JavaThread "Unconstrained build operations" [_thread_blocked, id=11736, stack(0x00000066b0800000,0x00000066b0900000)]
  0x000001e3fef126a0 JavaThread "Unconstrained build operations Thread 2" [_thread_blocked, id=14568, stack(0x00000066b0900000,0x00000066b0a00000)]
  0x000001e3fef14850 JavaThread "Unconstrained build operations Thread 3" [_thread_blocked, id=3488, stack(0x00000066b0a00000,0x00000066b0b00000)]
  0x000001e3fef0fb50 JavaThread "Unconstrained build operations Thread 4" [_thread_blocked, id=1504, stack(0x00000066b0b00000,0x00000066b0c00000)]
  0x000001e3fef10020 JavaThread "Unconstrained build operations Thread 5" [_thread_blocked, id=13748, stack(0x00000066b0c00000,0x00000066b0d00000)]
  0x000001e3fef104f0 JavaThread "Unconstrained build operations Thread 6" [_thread_blocked, id=18248, stack(0x00000066b0d00000,0x00000066b0e00000)]
  0x000001e3fef12b70 JavaThread "Unconstrained build operations Thread 7" [_thread_blocked, id=19760, stack(0x00000066b0e00000,0x00000066b0f00000)]
  0x000001e3fef13510 JavaThread "Unconstrained build operations Thread 8" [_thread_blocked, id=12892, stack(0x00000066b0f00000,0x00000066b1000000)]
  0x000001e3fef10e90 JavaThread "Unconstrained build operations Thread 9" [_thread_blocked, id=20108, stack(0x00000066b1000000,0x00000066b1100000)]
  0x000001e3fef16a00 JavaThread "Unconstrained build operations Thread 10" [_thread_blocked, id=7096, stack(0x00000066b1100000,0x00000066b1200000)]
  0x000001e3fef109c0 JavaThread "Unconstrained build operations Thread 11" [_thread_blocked, id=12720, stack(0x00000066b1200000,0x00000066b1300000)]
  0x000001e3fef11360 JavaThread "Unconstrained build operations Thread 12" [_thread_blocked, id=19228, stack(0x00000066b1300000,0x00000066b1400000)]
  0x000001e3fef11830 JavaThread "Unconstrained build operations Thread 13" [_thread_blocked, id=20336, stack(0x00000066b1400000,0x00000066b1500000)]
  0x000001e3fef11d00 JavaThread "Unconstrained build operations Thread 14" [_thread_blocked, id=15632, stack(0x00000066b1500000,0x00000066b1600000)]
  0x000001e3fef121d0 JavaThread "Unconstrained build operations Thread 15" [_thread_blocked, id=19244, stack(0x00000066b1600000,0x00000066b1700000)]
  0x000001e3fef13eb0 JavaThread "Unconstrained build operations Thread 16" [_thread_blocked, id=19112, stack(0x00000066b1700000,0x00000066b1800000)]
  0x000001e3fef139e0 JavaThread "Unconstrained build operations Thread 17" [_thread_blocked, id=20416, stack(0x00000066b1800000,0x00000066b1900000)]
  0x000001e3fef16ed0 JavaThread "Unconstrained build operations Thread 18" [_thread_blocked, id=18364, stack(0x00000066b1900000,0x00000066b1a00000)]
  0x000001e3fef151f0 JavaThread "Unconstrained build operations Thread 19" [_thread_blocked, id=7752, stack(0x00000066b1a00000,0x00000066b1b00000)]
  0x000001e3fef14380 JavaThread "Unconstrained build operations Thread 20" [_thread_blocked, id=13276, stack(0x00000066b1b00000,0x00000066b1c00000)]
  0x000001e3fef13040 JavaThread "Unconstrained build operations Thread 21" [_thread_blocked, id=3700, stack(0x00000066b1c00000,0x00000066b1d00000)]
  0x000001e3fef15b90 JavaThread "Unconstrained build operations Thread 22" [_thread_blocked, id=19572, stack(0x00000066b1d00000,0x00000066b1e00000)]
  0x000001e3fef14d20 JavaThread "Unconstrained build operations Thread 23" [_thread_blocked, id=11200, stack(0x00000066b1e00000,0x00000066b1f00000)]
  0x000001e3fef156c0 JavaThread "Unconstrained build operations Thread 24" [_thread_blocked, id=17716, stack(0x00000066b1f00000,0x00000066b2000000)]
  0x000001e3fef16060 JavaThread "Unconstrained build operations Thread 25" [_thread_blocked, id=17384, stack(0x00000066b2000000,0x00000066b2100000)]
  0x000001e3fef173a0 JavaThread "Unconstrained build operations Thread 26" [_thread_blocked, id=18624, stack(0x00000066b2100000,0x00000066b2200000)]
  0x000001e3803a4bb0 JavaThread "Unconstrained build operations Thread 27" [_thread_blocked, id=7768, stack(0x00000066b2200000,0x00000066b2300000)]
  0x000001e3803a4210 JavaThread "Unconstrained build operations Thread 28" [_thread_blocked, id=14676, stack(0x00000066b2300000,0x00000066b2400000)]
  0x000001e3803a93e0 JavaThread "Unconstrained build operations Thread 29" [_thread_blocked, id=19800, stack(0x00000066b2400000,0x00000066b2500000)]
  0x000001e3803a5ef0 JavaThread "Unconstrained build operations Thread 30" [_thread_blocked, id=12264, stack(0x00000066b2500000,0x00000066b2600000)]
  0x000001e3803a63c0 JavaThread "Unconstrained build operations Thread 31" [_thread_blocked, id=20012, stack(0x00000066b2600000,0x00000066b2700000)]
  0x000001e3803a98b0 JavaThread "Unconstrained build operations Thread 32" [_thread_blocked, id=16656, stack(0x00000066b2700000,0x00000066b2800000)]
  0x000001e3803a2ed0 JavaThread "Unconstrained build operations Thread 33" [_thread_blocked, id=3576, stack(0x00000066b2800000,0x00000066b2900000)]
  0x000001e3803a33a0 JavaThread "Unconstrained build operations Thread 34" [_thread_blocked, id=14360, stack(0x00000066b2900000,0x00000066b2a00000)]
  0x000001e3803a5080 JavaThread "Unconstrained build operations Thread 35" [_thread_blocked, id=7000, stack(0x00000066b2a00000,0x00000066b2b00000)]
  0x000001e3803a6890 JavaThread "Unconstrained build operations Thread 36" [_thread_blocked, id=12496, stack(0x00000066b2b00000,0x00000066b2c00000)]
  0x000001e3803a7700 JavaThread "Unconstrained build operations Thread 37" [_thread_blocked, id=16148, stack(0x00000066b2c00000,0x00000066b2d00000)]
  0x000001e3803a7bd0 JavaThread "Unconstrained build operations Thread 38" [_thread_blocked, id=3988, stack(0x00000066b2d00000,0x00000066b2e00000)]
  0x000001e3803a6d60 JavaThread "Unconstrained build operations Thread 39" [_thread_blocked, id=18736, stack(0x00000066b2e00000,0x00000066b2f00000)]
  0x000001e3803a8570 JavaThread "Unconstrained build operations Thread 40" [_thread_blocked, id=20184, stack(0x00000066b2f00000,0x00000066b3000000)]
  0x000001e3803a9d80 JavaThread "Unconstrained build operations Thread 41" [_thread_blocked, id=8280, stack(0x00000066b3000000,0x00000066b3100000)]
  0x000001e3803a80a0 JavaThread "Unconstrained build operations Thread 42" [_thread_blocked, id=17160, stack(0x00000066b3100000,0x00000066b3200000)]
  0x000001e3803a8f10 JavaThread "Unconstrained build operations Thread 43" [_thread_blocked, id=15816, stack(0x00000066b3200000,0x00000066b3300000)]
  0x000001e3803a2530 JavaThread "Unconstrained build operations Thread 44" [_thread_blocked, id=9784, stack(0x00000066b3300000,0x00000066b3400000)]
  0x000001e3803a5550 JavaThread "Unconstrained build operations Thread 45" [_thread_blocked, id=14140, stack(0x00000066b3400000,0x00000066b3500000)]
  0x000001e3803a7230 JavaThread "Unconstrained build operations Thread 46" [_thread_blocked, id=13524, stack(0x00000066b3500000,0x00000066b3600000)]
  0x000001e3803a5a20 JavaThread "Unconstrained build operations Thread 47" [_thread_blocked, id=17676, stack(0x00000066b3600000,0x00000066b3700000)]
  0x000001e3803a8a40 JavaThread "Unconstrained build operations Thread 48" [_thread_blocked, id=16988, stack(0x00000066b3700000,0x00000066b3800000)]
  0x000001e3803a2a00 JavaThread "Unconstrained build operations Thread 49" [_thread_blocked, id=6456, stack(0x00000066b3800000,0x00000066b3900000)]
  0x000001e3803a3870 JavaThread "Unconstrained build operations Thread 50" [_thread_blocked, id=15964, stack(0x00000066b3900000,0x00000066b3a00000)]
  0x000001e3803a3d40 JavaThread "Unconstrained build operations Thread 51" [_thread_blocked, id=1088, stack(0x00000066b3a00000,0x00000066b3b00000)]
  0x000001e3803a46e0 JavaThread "Unconstrained build operations Thread 52" [_thread_blocked, id=11252, stack(0x00000066b3b00000,0x00000066b3c00000)]
  0x000001e3fe89f8b0 JavaThread "Unconstrained build operations Thread 53" [_thread_blocked, id=12296, stack(0x00000066b3c00000,0x00000066b3d00000)]
  0x000001e3fe89d230 JavaThread "Unconstrained build operations Thread 54" [_thread_blocked, id=8496, stack(0x00000066b3d00000,0x00000066b3e00000)]
  0x000001e3fe8a1f30 JavaThread "Unconstrained build operations Thread 55" [_thread_blocked, id=2808, stack(0x00000066b3e00000,0x00000066b3f00000)]
  0x000001e3fe89fd80 JavaThread "Unconstrained build operations Thread 56" [_thread_blocked, id=18740, stack(0x00000066b3f00000,0x00000066b4000000)]
  0x000001e3fe8a1a60 JavaThread "Unconstrained build operations Thread 57" [_thread_blocked, id=20364, stack(0x00000066b4000000,0x00000066b4100000)]
  0x000001e3fe8a28d0 JavaThread "Unconstrained build operations Thread 58" [_thread_blocked, id=18500, stack(0x00000066b4100000,0x00000066b4200000)]
  0x000001e3fe8a2da0 JavaThread "Unconstrained build operations Thread 59" [_thread_blocked, id=17240, stack(0x00000066b4200000,0x00000066b4300000)]
  0x000001e3fe8a0250 JavaThread "Unconstrained build operations Thread 60" [_thread_blocked, id=17732, stack(0x00000066b4300000,0x00000066b4400000)]
  0x000001e3fe8a1590 JavaThread "Unconstrained build operations Thread 61" [_thread_blocked, id=14260, stack(0x00000066b4400000,0x00000066b4500000)]
  0x000001e3fe8a2400 JavaThread "Unconstrained build operations Thread 62" [_thread_blocked, id=2000, stack(0x00000066b4500000,0x00000066b4600000)]
  0x000001e3fe8a0720 JavaThread "Unconstrained build operations Thread 63" [_thread_blocked, id=16684, stack(0x00000066b4600000,0x00000066b4700000)]
  0x000001e3fe89ef10 JavaThread "Unconstrained build operations Thread 64" [_thread_blocked, id=15384, stack(0x00000066b4700000,0x00000066b4800000)]
  0x000001e3fe8a3c10 JavaThread "Unconstrained build operations Thread 65" [_thread_blocked, id=19820, stack(0x00000066b4800000,0x00000066b4900000)]
  0x000001e3fe8a0bf0 JavaThread "Unconstrained build operations Thread 66" [_thread_blocked, id=9848, stack(0x00000066b4900000,0x00000066b4a00000)]
  0x000001e3fe8a3270 JavaThread "Unconstrained build operations Thread 67" [_thread_blocked, id=17628, stack(0x00000066b4a00000,0x00000066b4b00000)]
  0x000001e3fe89d700 JavaThread "Unconstrained build operations Thread 68" [_thread_blocked, id=4796, stack(0x00000066b4b00000,0x00000066b4c00000)]
  0x000001e3fe89e0a0 JavaThread "Unconstrained build operations Thread 69" [_thread_blocked, id=15832, stack(0x00000066b4c00000,0x00000066b4d00000)]
  0x000001e3fe8a10c0 JavaThread "Unconstrained build operations Thread 70" [_thread_blocked, id=16208, stack(0x00000066b4d00000,0x00000066b4e00000)]
  0x000001e3fe8a3740 JavaThread "Unconstrained build operations Thread 71" [_thread_blocked, id=3288, stack(0x00000066b4e00000,0x00000066b4f00000)]
  0x000001e3fe89c3c0 JavaThread "Unconstrained build operations Thread 72" [_thread_blocked, id=5764, stack(0x00000066b4f00000,0x00000066b5000000)]
  0x000001e3fe89ea40 JavaThread "Unconstrained build operations Thread 73" [_thread_blocked, id=20156, stack(0x00000066b5000000,0x00000066b5100000)]
  0x000001e3fe89c890 JavaThread "Unconstrained build operations Thread 74" [_thread_blocked, id=16784, stack(0x00000066b5100000,0x00000066b5200000)]
  0x000001e3fe89cd60 JavaThread "Unconstrained build operations Thread 75" [_thread_blocked, id=17680, stack(0x00000066b5200000,0x00000066b5300000)]
  0x000001e3fe89dbd0 JavaThread "Unconstrained build operations Thread 76" [_thread_blocked, id=14084, stack(0x00000066b5300000,0x00000066b5400000)]
  0x000001e3fe89e570 JavaThread "Unconstrained build operations Thread 77" [_thread_blocked, id=14896, stack(0x00000066b5400000,0x00000066b5500000)]
  0x000001e3fe89f3e0 JavaThread "Unconstrained build operations Thread 78" [_thread_blocked, id=17548, stack(0x00000066b5500000,0x00000066b5600000)]
  0x000001e3fcb19ea0 JavaThread "Unconstrained build operations Thread 79" [_thread_blocked, id=16788, stack(0x00000066b5600000,0x00000066b5700000)]
  0x000001e3fcb1c050 JavaThread "Unconstrained build operations Thread 80" [_thread_blocked, id=8488, stack(0x00000066b5700000,0x00000066b5800000)]
  0x000001e3fcb1a840 JavaThread "Memory manager" [_thread_blocked, id=16324, stack(0x00000066b5800000,0x00000066b5900000)]
  0x000001e3fcb1f540 JavaThread "build event listener" [_thread_blocked, id=18428, stack(0x00000066b5900000,0x00000066b5a00000)]
  0x000001e3fcb19030 JavaThread "build event listener" [_thread_blocked, id=18996, stack(0x00000066b5a00000,0x00000066b5b00000)]
  0x000001e3fee3b850 JavaThread "C2 CompilerThread1" daemon [_thread_blocked, id=18268, stack(0x00000066ae600000,0x00000066ae700000)]

Other Threads:
=>0x000001e3fc03a320 VMThread "VM Thread" [stack: 0x00000066ad100000,0x00000066ad200000] [id=19484]
  0x000001e3e1822d50 WatcherThread [stack: 0x00000066add00000,0x00000066ade00000] [id=14244]
  0x000001e3e180a970 GCTaskThread "GC Thread#0" [stack: 0x00000066acc00000,0x00000066acd00000] [id=20224]
  0x000001e3fd64e010 GCTaskThread "GC Thread#1" [stack: 0x00000066ae000000,0x00000066ae100000] [id=18732]
  0x000001e3fcf57060 GCTaskThread "GC Thread#2" [stack: 0x00000066ae100000,0x00000066ae200000] [id=10876]
  0x000001e3fcf57310 GCTaskThread "GC Thread#3" [stack: 0x00000066ae200000,0x00000066ae300000] [id=11752]
  0x000001e3fcf575c0 GCTaskThread "GC Thread#4" [stack: 0x00000066ae300000,0x00000066ae400000] [id=11476]
  0x000001e3fd1b85c0 GCTaskThread "GC Thread#5" [stack: 0x00000066ae400000,0x00000066ae500000] [id=4824]
  0x000001e3fd252720 GCTaskThread "GC Thread#6" [stack: 0x00000066aee00000,0x00000066aef00000] [id=18188]
  0x000001e3fd251450 GCTaskThread "GC Thread#7" [stack: 0x00000066aef00000,0x00000066af000000] [id=16256]
  0x000001e3e181b8b0 ConcurrentGCThread "G1 Main Marker" [stack: 0x00000066acd00000,0x00000066ace00000] [id=19240]
  0x000001e3e181c2c0 ConcurrentGCThread "G1 Conc#0" [stack: 0x00000066ace00000,0x00000066acf00000] [id=14792]
  0x000001e3fd251700 ConcurrentGCThread "G1 Conc#1" [stack: 0x00000066af000000,0x00000066af100000] [id=14320]
  0x000001e3e186e5c0 ConcurrentGCThread "G1 Refine#0" [stack: 0x00000066acf00000,0x00000066ad000000] [id=17024]
  0x000001e38546a680 ConcurrentGCThread "G1 Refine#1" [stack: 0x00000066af400000,0x00000066af500000] [id=6776]
  0x000001e385469260 ConcurrentGCThread "G1 Refine#2" [stack: 0x00000066b5b00000,0x00000066b5c00000] [id=8472]
  0x000001e385468120 ConcurrentGCThread "G1 Refine#3" [stack: 0x00000066b5c00000,0x00000066b5d00000] [id=14888]
  0x000001e385467880 ConcurrentGCThread "G1 Refine#4" [stack: 0x00000066b5d00000,0x00000066b5e00000] [id=15312]
  0x000001e38546a960 ConcurrentGCThread "G1 Refine#5" [stack: 0x00000066b5e00000,0x00000066b5f00000] [id=10272]
  0x000001e3fb4be330 ConcurrentGCThread "G1 Service" [stack: 0x00000066ad000000,0x00000066ad100000] [id=16436]

Threads with active compile tasks:

VM state: at safepoint (normal execution)

VM Mutex/Monitor currently owned by a thread:  ([mutex/lock_event])
[0x000001e3e17aac00] Threads_lock - owner thread: 0x000001e3fc03a320
[0x000001e3e17aaa50] Heap_lock - owner thread: 0x000001e3fd917db0

Heap address: 0x0000000080000000, size: 2048 MB, Compressed Oops mode: 32-bit

CDS archive(s) not mapped
Compressed class space mapped at: 0x0000000100000000-0x0000000140000000, reserved size: 1073741824
Narrow klass base: 0x0000000000000000, Narrow klass shift: 3, Narrow klass range: 0x140000000

GC Precious Log:
 CPUs: 8 total, 8 available
 Memory: 16167M
 Large Page Support: Disabled
 NUMA Support: Disabled
 Compressed Oops: Enabled (32-bit)
 Heap Region Size: 1M
 Heap Min Capacity: 8M
 Heap Initial Capacity: 254M
 Heap Max Capacity: 2G
 Pre-touch: Disabled
 Parallel Workers: 8
 Concurrent Workers: 2
 Concurrent Refinement Workers: 8
 Periodic GC: Disabled

Heap:
 garbage-first heap   total 260096K, used 149502K [0x0000000080000000, 0x0000000100000000)
  region size 1024K, 1 young (1024K), 1 survivors (1024K)
 Metaspace       used 98032K, committed 98688K, reserved 1138688K
  class space    used 13372K, committed 13696K, reserved 1048576K

Heap Regions: E=young(eden), S=young(survivor), O=old, HS=humongous(starts), HC=humongous(continues), CS=collection set, F=free, OA=open archive, CA=closed archive, TAMS=top-at-mark-start (previous, next)
|   0|0x0000000080000000, 0x0000000080100000, 0x0000000080100000|100%|HS|  |TAMS 0x0000000080100000, 0x0000000080000000| Complete 
|   1|0x0000000080100000, 0x0000000080200000, 0x0000000080200000|100%|HC|  |TAMS 0x0000000080200000, 0x0000000080100000| Complete 
|   2|0x0000000080200000, 0x0000000080300000, 0x0000000080300000|100%|HC|  |TAMS 0x0000000080300000, 0x0000000080200000| Complete 
|   3|0x0000000080300000, 0x0000000080400000, 0x0000000080400000|100%|HC|  |TAMS 0x0000000080400000, 0x0000000080300000| Complete 
|   4|0x0000000080400000, 0x0000000080500000, 0x0000000080500000|100%| O|  |TAMS 0x0000000080500000, 0x0000000080400000| Untracked 
|   5|0x0000000080500000, 0x0000000080600000, 0x0000000080600000|100%| O|  |TAMS 0x0000000080600000, 0x0000000080500000| Untracked 
|   6|0x0000000080600000, 0x0000000080700000, 0x0000000080700000|100%| O|  |TAMS 0x0000000080700000, 0x0000000080600000| Untracked 
|   7|0x0000000080700000, 0x0000000080800000, 0x0000000080800000|100%| O|  |TAMS 0x0000000080800000, 0x0000000080700000| Untracked 
|   8|0x0000000080800000, 0x0000000080900000, 0x0000000080900000|100%| O|  |TAMS 0x0000000080900000, 0x0000000080800000| Untracked 
|   9|0x0000000080900000, 0x0000000080a00000, 0x0000000080a00000|100%| O|  |TAMS 0x0000000080a00000, 0x0000000080900000| Untracked 
|  10|0x0000000080a00000, 0x0000000080b00000, 0x0000000080b00000|100%| O|  |TAMS 0x0000000080b00000, 0x0000000080a00000| Untracked 
|  11|0x0000000080b00000, 0x0000000080c00000, 0x0000000080c00000|100%| O|  |TAMS 0x0000000080c00000, 0x0000000080b00000| Untracked 
|  12|0x0000000080c00000, 0x0000000080d00000, 0x0000000080d00000|100%| O|  |TAMS 0x0000000080d00000, 0x0000000080c00000| Untracked 
|  13|0x0000000080d00000, 0x0000000080e00000, 0x0000000080e00000|100%| O|  |TAMS 0x0000000080e00000, 0x0000000080d00000| Untracked 
|  14|0x0000000080e00000, 0x0000000080f00000, 0x0000000080f00000|100%| O|  |TAMS 0x0000000080f00000, 0x0000000080e00000| Untracked 
|  15|0x0000000080f00000, 0x0000000081000000, 0x0000000081000000|100%| O|  |TAMS 0x0000000081000000, 0x0000000080f00000| Untracked 
|  16|0x0000000081000000, 0x0000000081100000, 0x0000000081100000|100%| O|  |TAMS 0x0000000081100000, 0x0000000081000000| Untracked 
|  17|0x0000000081100000, 0x0000000081200000, 0x0000000081200000|100%| O|  |TAMS 0x0000000081200000, 0x0000000081100000| Untracked 
|  18|0x0000000081200000, 0x0000000081300000, 0x0000000081300000|100%| O|  |TAMS 0x0000000081300000, 0x0000000081200000| Untracked 
|  19|0x0000000081300000, 0x0000000081400000, 0x0000000081400000|100%|HS|  |TAMS 0x0000000081400000, 0x0000000081300000| Complete 
|  20|0x0000000081400000, 0x0000000081500000, 0x0000000081500000|100%|HC|  |TAMS 0x0000000081500000, 0x0000000081400000| Complete 
|  21|0x0000000081500000, 0x0000000081600000, 0x0000000081600000|100%|HS|  |TAMS 0x0000000081600000, 0x0000000081500000| Complete 
|  22|0x0000000081600000, 0x0000000081700000, 0x0000000081700000|100%|HC|  |TAMS 0x0000000081700000, 0x0000000081600000| Complete 
|  23|0x0000000081700000, 0x0000000081800000, 0x0000000081800000|100%|HC|  |TAMS 0x0000000081800000, 0x0000000081700000| Complete 
|  24|0x0000000081800000, 0x0000000081900000, 0x0000000081900000|100%| O|  |TAMS 0x0000000081900000, 0x0000000081800000| Untracked 
|  25|0x0000000081900000, 0x0000000081a00000, 0x0000000081a00000|100%| O|  |TAMS 0x0000000081a00000, 0x0000000081900000| Untracked 
|  26|0x0000000081a00000, 0x0000000081b00000, 0x0000000081b00000|100%| O|  |TAMS 0x0000000081b00000, 0x0000000081a00000| Untracked 
|  27|0x0000000081b00000, 0x0000000081c00000, 0x0000000081c00000|100%| O|  |TAMS 0x0000000081c00000, 0x0000000081b00000| Untracked 
|  28|0x0000000081c00000, 0x0000000081d00000, 0x0000000081d00000|100%|HS|  |TAMS 0x0000000081d00000, 0x0000000081c00000| Complete 
|  29|0x0000000081d00000, 0x0000000081e00000, 0x0000000081e00000|100%|HC|  |TAMS 0x0000000081e00000, 0x0000000081d00000| Complete 
|  30|0x0000000081e00000, 0x0000000081f00000, 0x0000000081f00000|100%|HC|  |TAMS 0x0000000081f00000, 0x0000000081e00000| Complete 
|  31|0x0000000081f00000, 0x0000000082000000, 0x0000000082000000|100%| O|  |TAMS 0x0000000081f00000, 0x0000000081f00000| Untracked 
|  32|0x0000000082000000, 0x0000000082100000, 0x0000000082100000|100%|HS|  |TAMS 0x0000000082100000, 0x0000000082000000| Complete 
|  33|0x0000000082100000, 0x0000000082200000, 0x0000000082200000|100%|HC|  |TAMS 0x0000000082200000, 0x0000000082100000| Complete 
|  34|0x0000000082200000, 0x0000000082300000, 0x0000000082300000|100%|HC|  |TAMS 0x0000000082300000, 0x0000000082200000| Complete 
|  35|0x0000000082300000, 0x0000000082400000, 0x0000000082400000|100%|HC|  |TAMS 0x0000000082400000, 0x0000000082300000| Complete 
|  36|0x0000000082400000, 0x0000000082500000, 0x0000000082500000|100%|HC|  |TAMS 0x0000000082500000, 0x0000000082400000| Complete 
|  37|0x0000000082500000, 0x0000000082600000, 0x0000000082600000|100%|HC|  |TAMS 0x0000000082600000, 0x0000000082500000| Complete 
|  38|0x0000000082600000, 0x0000000082700000, 0x0000000082700000|100%|HC|  |TAMS 0x0000000082700000, 0x0000000082600000| Complete 
|  39|0x0000000082700000, 0x0000000082800000, 0x0000000082800000|100%|HC|  |TAMS 0x0000000082800000, 0x0000000082700000| Complete 
|  40|0x0000000082800000, 0x0000000082900000, 0x0000000082900000|100%|HC|  |TAMS 0x0000000082900000, 0x0000000082800000| Complete 
|  41|0x0000000082900000, 0x0000000082a00000, 0x0000000082a00000|100%|HC|  |TAMS 0x0000000082a00000, 0x0000000082900000| Complete 
|  42|0x0000000082a00000, 0x0000000082b00000, 0x0000000082b00000|100%|HC|  |TAMS 0x0000000082b00000, 0x0000000082a00000| Complete 
|  43|0x0000000082b00000, 0x0000000082c00000, 0x0000000082c00000|100%|HC|  |TAMS 0x0000000082c00000, 0x0000000082b00000| Complete 
|  44|0x0000000082c00000, 0x0000000082d00000, 0x0000000082d00000|100%| O|  |TAMS 0x0000000082d00000, 0x0000000082c00000| Untracked 
|  45|0x0000000082d00000, 0x0000000082e00000, 0x0000000082e00000|100%|HS|  |TAMS 0x0000000082e00000, 0x0000000082d00000| Complete 
|  46|0x0000000082e00000, 0x0000000082f00000, 0x0000000082f00000|100%|HC|  |TAMS 0x0000000082f00000, 0x0000000082e00000| Complete 
|  47|0x0000000082f00000, 0x0000000083000000, 0x0000000083000000|100%| O|  |TAMS 0x0000000083000000, 0x0000000082f00000| Untracked 
|  48|0x0000000083000000, 0x0000000083100000, 0x0000000083100000|100%| O|  |TAMS 0x0000000083100000, 0x0000000083000000| Untracked 
|  49|0x0000000083100000, 0x0000000083200000, 0x0000000083200000|100%| O|  |TAMS 0x0000000083200000, 0x0000000083100000| Untracked 
|  50|0x0000000083200000, 0x0000000083300000, 0x0000000083300000|100%| O|  |TAMS 0x0000000083300000, 0x0000000083200000| Untracked 
|  51|0x0000000083300000, 0x0000000083400000, 0x0000000083400000|100%| O|  |TAMS 0x0000000083400000, 0x0000000083300000| Untracked 
|  52|0x0000000083400000, 0x0000000083500000, 0x0000000083500000|100%| O|  |TAMS 0x0000000083500000, 0x0000000083400000| Untracked 
|  53|0x0000000083500000, 0x0000000083600000, 0x0000000083600000|100%| O|  |TAMS 0x0000000083600000, 0x0000000083500000| Untracked 
|  54|0x0000000083600000, 0x0000000083700000, 0x0000000083700000|100%|HS|  |TAMS 0x0000000083700000, 0x0000000083600000| Complete 
|  55|0x0000000083700000, 0x0000000083800000, 0x0000000083800000|100%|HC|  |TAMS 0x0000000083800000, 0x0000000083700000| Complete 
|  56|0x0000000083800000, 0x0000000083900000, 0x0000000083900000|100%|HC|  |TAMS 0x0000000083900000, 0x0000000083800000| Complete 
|  57|0x0000000083900000, 0x0000000083a00000, 0x0000000083a00000|100%| O|  |TAMS 0x0000000083a00000, 0x0000000083900000| Untracked 
|  58|0x0000000083a00000, 0x0000000083b00000, 0x0000000083b00000|100%| O|  |TAMS 0x0000000083b00000, 0x0000000083a00000| Untracked 
|  59|0x0000000083b00000, 0x0000000083c00000, 0x0000000083c00000|100%|HS|  |TAMS 0x0000000083c00000, 0x0000000083b00000| Complete 
|  60|0x0000000083c00000, 0x0000000083d00000, 0x0000000083d00000|100%|HC|  |TAMS 0x0000000083d00000, 0x0000000083c00000| Complete 
|  61|0x0000000083d00000, 0x0000000083e00000, 0x0000000083e00000|100%|HC|  |TAMS 0x0000000083e00000, 0x0000000083d00000| Complete 
|  62|0x0000000083e00000, 0x0000000083f00000, 0x0000000083f00000|100%| O|  |TAMS 0x0000000083f00000, 0x0000000083e00000| Untracked 
|  63|0x0000000083f00000, 0x0000000084000000, 0x0000000084000000|100%| O|  |TAMS 0x0000000084000000, 0x0000000083f00000| Untracked 
|  64|0x0000000084000000, 0x0000000084100000, 0x0000000084100000|100%| O|  |TAMS 0x0000000084100000, 0x0000000084000000| Untracked 
|  65|0x0000000084100000, 0x0000000084200000, 0x0000000084200000|100%| O|  |TAMS 0x0000000084200000, 0x0000000084100000| Untracked 
|  66|0x0000000084200000, 0x0000000084300000, 0x0000000084300000|100%| O|  |TAMS 0x0000000084300000, 0x0000000084200000| Untracked 
|  67|0x0000000084300000, 0x0000000084400000, 0x0000000084400000|100%| O|  |TAMS 0x0000000084400000, 0x0000000084300000| Untracked 
|  68|0x0000000084400000, 0x0000000084500000, 0x0000000084500000|100%| O|  |TAMS 0x0000000084500000, 0x0000000084400000| Untracked 
|  69|0x0000000084500000, 0x0000000084600000, 0x0000000084600000|100%| O|  |TAMS 0x0000000084600000, 0x0000000084500000| Untracked 
|  70|0x0000000084600000, 0x0000000084700000, 0x0000000084700000|100%| O|  |TAMS 0x0000000084700000, 0x0000000084600000| Untracked 
|  71|0x0000000084700000, 0x0000000084800000, 0x0000000084800000|100%|HS|  |TAMS 0x0000000084800000, 0x0000000084700000| Complete 
|  72|0x0000000084800000, 0x0000000084900000, 0x0000000084900000|100%|HS|  |TAMS 0x0000000084900000, 0x0000000084800000| Complete 
|  73|0x0000000084900000, 0x0000000084a00000, 0x0000000084a00000|100%|HS|  |TAMS 0x0000000084a00000, 0x0000000084900000| Complete 
|  74|0x0000000084a00000, 0x0000000084b00000, 0x0000000084b00000|100%|HC|  |TAMS 0x0000000084b00000, 0x0000000084a00000| Complete 
|  75|0x0000000084b00000, 0x0000000084c00000, 0x0000000084c00000|100%|HS|  |TAMS 0x0000000084c00000, 0x0000000084b00000| Complete 
|  76|0x0000000084c00000, 0x0000000084d00000, 0x0000000084d00000|100%|HS|  |TAMS 0x0000000084d00000, 0x0000000084c00000| Complete 
|  77|0x0000000084d00000, 0x0000000084e00000, 0x0000000084e00000|100%|HC|  |TAMS 0x0000000084e00000, 0x0000000084d00000| Complete 
|  78|0x0000000084e00000, 0x0000000084f00000, 0x0000000084f00000|100%|HC|  |TAMS 0x0000000084f00000, 0x0000000084e00000| Complete 
|  79|0x0000000084f00000, 0x0000000085000000, 0x0000000085000000|100%|HC|  |TAMS 0x0000000085000000, 0x0000000084f00000| Complete 
|  80|0x0000000085000000, 0x0000000085100000, 0x0000000085100000|100%| O|  |TAMS 0x0000000085100000, 0x0000000085000000| Untracked 
|  81|0x0000000085100000, 0x0000000085200000, 0x0000000085200000|100%| O|  |TAMS 0x0000000085200000, 0x0000000085100000| Untracked 
|  82|0x0000000085200000, 0x0000000085300000, 0x0000000085300000|100%| O|  |TAMS 0x0000000085300000, 0x0000000085200000| Untracked 
|  83|0x0000000085300000, 0x0000000085400000, 0x0000000085400000|100%| O|  |TAMS 0x0000000085400000, 0x0000000085300000| Untracked 
|  84|0x0000000085400000, 0x0000000085500000, 0x0000000085500000|100%| O|  |TAMS 0x0000000085500000, 0x0000000085400000| Untracked 
|  85|0x0000000085500000, 0x0000000085600000, 0x0000000085600000|100%| O|  |TAMS 0x0000000085600000, 0x0000000085500000| Untracked 
|  86|0x0000000085600000, 0x0000000085700000, 0x0000000085700000|100%| O|  |TAMS 0x0000000085700000, 0x0000000085600000| Untracked 
|  87|0x0000000085700000, 0x0000000085800000, 0x0000000085800000|100%| O|  |TAMS 0x0000000085800000, 0x0000000085700000| Untracked 
|  88|0x0000000085800000, 0x0000000085900000, 0x0000000085900000|100%| O|  |TAMS 0x0000000085900000, 0x0000000085800000| Untracked 
|  89|0x0000000085900000, 0x0000000085a00000, 0x0000000085a00000|100%| O|  |TAMS 0x0000000085a00000, 0x0000000085900000| Untracked 
|  90|0x0000000085a00000, 0x0000000085b00000, 0x0000000085b00000|100%| O|  |TAMS 0x0000000085b00000, 0x0000000085a00000| Untracked 
|  91|0x0000000085b00000, 0x0000000085c00000, 0x0000000085c00000|100%| O|  |TAMS 0x0000000085c00000, 0x0000000085b00000| Untracked 
|  92|0x0000000085c00000, 0x0000000085d00000, 0x0000000085d00000|100%| O|  |TAMS 0x0000000085d00000, 0x0000000085c00000| Untracked 
|  93|0x0000000085d00000, 0x0000000085e00000, 0x0000000085e00000|100%| O|  |TAMS 0x0000000085e00000, 0x0000000085d00000| Untracked 
|  94|0x0000000085e00000, 0x0000000085f00000, 0x0000000085f00000|100%|HS|  |TAMS 0x0000000085f00000, 0x0000000085e00000| Complete 
|  95|0x0000000085f00000, 0x0000000086000000, 0x0000000086000000|100%|HC|  |TAMS 0x0000000086000000, 0x0000000085f00000| Complete 
|  96|0x0000000086000000, 0x0000000086100000, 0x0000000086100000|100%|HC|  |TAMS 0x0000000086100000, 0x0000000086000000| Complete 
|  97|0x0000000086100000, 0x0000000086200000, 0x0000000086200000|100%|HC|  |TAMS 0x0000000086200000, 0x0000000086100000| Complete 
|  98|0x0000000086200000, 0x0000000086300000, 0x0000000086300000|100%| O|  |TAMS 0x0000000086300000, 0x0000000086200000| Untracked 
|  99|0x0000000086300000, 0x0000000086400000, 0x0000000086400000|100%| O|  |TAMS 0x0000000086400000, 0x0000000086300000| Untracked 
| 100|0x0000000086400000, 0x0000000086500000, 0x0000000086500000|100%| O|  |TAMS 0x0000000086500000, 0x0000000086400000| Untracked 
| 101|0x0000000086500000, 0x0000000086600000, 0x0000000086600000|100%| O|  |TAMS 0x0000000086600000, 0x0000000086500000| Untracked 
| 102|0x0000000086600000, 0x0000000086700000, 0x0000000086700000|100%| O|  |TAMS 0x0000000086700000, 0x0000000086600000| Untracked 
| 103|0x0000000086700000, 0x0000000086800000, 0x0000000086800000|100%| O|  |TAMS 0x0000000086800000, 0x0000000086700000| Untracked 
| 104|0x0000000086800000, 0x0000000086900000, 0x0000000086900000|100%| O|  |TAMS 0x0000000086900000, 0x0000000086800000| Untracked 
| 105|0x0000000086900000, 0x0000000086a00000, 0x0000000086a00000|100%| O|  |TAMS 0x0000000086a00000, 0x0000000086900000| Untracked 
| 106|0x0000000086a00000, 0x0000000086b00000, 0x0000000086b00000|100%| O|  |TAMS 0x0000000086b00000, 0x0000000086a00000| Untracked 
| 107|0x0000000086b00000, 0x0000000086c00000, 0x0000000086c00000|100%| O|  |TAMS 0x0000000086c00000, 0x0000000086b00000| Untracked 
| 108|0x0000000086c00000, 0x0000000086d00000, 0x0000000086d00000|100%| O|  |TAMS 0x0000000086d00000, 0x0000000086c00000| Untracked 
| 109|0x0000000086d00000, 0x0000000086e00000, 0x0000000086e00000|100%| O|  |TAMS 0x0000000086e00000, 0x0000000086d00000| Untracked 
| 110|0x0000000086e00000, 0x0000000086f00000, 0x0000000086f00000|100%| O|  |TAMS 0x0000000086f00000, 0x0000000086e00000| Untracked 
| 111|0x0000000086f00000, 0x0000000087000000, 0x0000000087000000|100%| O|  |TAMS 0x0000000087000000, 0x0000000086f00000| Untracked 
| 112|0x0000000087000000, 0x0000000087100000, 0x0000000087100000|100%| O|  |TAMS 0x0000000087100000, 0x0000000087000000| Untracked 
| 113|0x0000000087100000, 0x0000000087200000, 0x0000000087200000|100%| O|  |TAMS 0x0000000087200000, 0x0000000087100000| Untracked 
| 114|0x0000000087200000, 0x0000000087300000, 0x0000000087300000|100%| O|  |TAMS 0x0000000087300000, 0x0000000087200000| Untracked 
| 115|0x0000000087300000, 0x0000000087400000, 0x0000000087400000|100%| O|  |TAMS 0x0000000087400000, 0x0000000087300000| Untracked 
| 116|0x0000000087400000, 0x0000000087500000, 0x0000000087500000|100%| O|  |TAMS 0x0000000087500000, 0x0000000087400000| Untracked 
| 117|0x0000000087500000, 0x0000000087600000, 0x0000000087600000|100%| O|  |TAMS 0x0000000087600000, 0x0000000087500000| Untracked 
| 118|0x0000000087600000, 0x0000000087700000, 0x0000000087700000|100%| O|  |TAMS 0x0000000087700000, 0x0000000087600000| Untracked 
| 119|0x0000000087700000, 0x0000000087800000, 0x0000000087800000|100%| O|  |TAMS 0x0000000087800000, 0x0000000087700000| Untracked 
| 120|0x0000000087800000, 0x0000000087900000, 0x0000000087900000|100%| O|  |TAMS 0x0000000087900000, 0x0000000087800000| Untracked 
| 121|0x0000000087900000, 0x0000000087a00000, 0x0000000087a00000|100%| O|  |TAMS 0x0000000087a00000, 0x0000000087900000| Untracked 
| 122|0x0000000087a00000, 0x0000000087b00000, 0x0000000087b00000|100%| O|  |TAMS 0x0000000087b00000, 0x0000000087a00000| Untracked 
| 123|0x0000000087b00000, 0x0000000087c00000, 0x0000000087c00000|100%| O|  |TAMS 0x0000000087c00000, 0x0000000087b00000| Untracked 
| 124|0x0000000087c00000, 0x0000000087d00000, 0x0000000087d00000|100%| O|  |TAMS 0x0000000087d00000, 0x0000000087c00000| Untracked 
| 125|0x0000000087d00000, 0x0000000087e00000, 0x0000000087e00000|100%| O|  |TAMS 0x0000000087e00000, 0x0000000087d00000| Untracked 
| 126|0x0000000087e00000, 0x0000000087e00000, 0x0000000087f00000|  0%| F|  |TAMS 0x0000000087e00000, 0x0000000087e00000| Untracked 
| 127|0x0000000087f00000, 0x0000000088000000, 0x0000000088000000|100%| O|  |TAMS 0x0000000087f00000, 0x0000000087f00000| Untracked 
| 128|0x0000000088000000, 0x0000000088100000, 0x0000000088100000|100%|HS|  |TAMS 0x0000000088000000, 0x0000000088000000| Complete 
| 129|0x0000000088100000, 0x0000000088200000, 0x0000000088200000|100%|HC|  |TAMS 0x0000000088100000, 0x0000000088100000| Complete 
| 130|0x0000000088200000, 0x0000000088300000, 0x0000000088300000|100%|HC|  |TAMS 0x0000000088200000, 0x0000000088200000| Complete 
| 131|0x0000000088300000, 0x0000000088400000, 0x0000000088400000|100%|HC|  |TAMS 0x0000000088300000, 0x0000000088300000| Complete 
| 132|0x0000000088400000, 0x0000000088500000, 0x0000000088500000|100%|HC|  |TAMS 0x0000000088400000, 0x0000000088400000| Complete 
| 133|0x0000000088500000, 0x0000000088600000, 0x0000000088600000|100%|HC|  |TAMS 0x0000000088500000, 0x0000000088500000| Complete 
| 134|0x0000000088600000, 0x0000000088700000, 0x0000000088700000|100%| O|  |TAMS 0x0000000088600000, 0x0000000088600000| Untracked 
| 135|0x0000000088700000, 0x0000000088800000, 0x0000000088800000|100%| O|  |TAMS 0x0000000088700000, 0x0000000088700000| Untracked 
| 136|0x0000000088800000, 0x0000000088900000, 0x0000000088900000|100%| O|  |TAMS 0x0000000088800000, 0x0000000088800000| Untracked 
| 137|0x0000000088900000, 0x0000000088a00000, 0x0000000088a00000|100%| O|  |TAMS 0x0000000088900000, 0x0000000088900000| Untracked 
| 138|0x0000000088a00000, 0x0000000088b00000, 0x0000000088b00000|100%| O|  |TAMS 0x0000000088a00000, 0x0000000088a00000| Untracked 
| 139|0x0000000088b00000, 0x0000000088c00000, 0x0000000088c00000|100%| O|  |TAMS 0x0000000088b00000, 0x0000000088b00000| Untracked 
| 140|0x0000000088c00000, 0x0000000088d00000, 0x0000000088d00000|100%| O|  |TAMS 0x0000000088c00000, 0x0000000088c00000| Untracked 
| 141|0x0000000088d00000, 0x0000000088e00000, 0x0000000088e00000|100%| O|  |TAMS 0x0000000088d00000, 0x0000000088d00000| Untracked 
| 142|0x0000000088e00000, 0x0000000088f00000, 0x0000000088f00000|100%| O|  |TAMS 0x0000000088e00000, 0x0000000088e00000| Untracked 
| 143|0x0000000088f00000, 0x0000000089000000, 0x0000000089000000|100%| O|  |TAMS 0x0000000088f00000, 0x0000000088f00000| Untracked 
| 144|0x0000000089000000, 0x0000000089100000, 0x0000000089100000|100%| O|  |TAMS 0x0000000089000000, 0x0000000089000000| Untracked 
| 145|0x0000000089100000, 0x0000000089200000, 0x0000000089200000|100%| O|  |TAMS 0x0000000089100000, 0x0000000089100000| Untracked 
| 146|0x0000000089200000, 0x0000000089200000, 0x0000000089300000|  0%| F|  |TAMS 0x0000000089200000, 0x0000000089200000| Untracked 
| 147|0x0000000089300000, 0x0000000089300000, 0x0000000089400000|  0%| F|  |TAMS 0x0000000089300000, 0x0000000089300000| Untracked 
| 148|0x0000000089400000, 0x0000000089400000, 0x0000000089500000|  0%| F|  |TAMS 0x0000000089400000, 0x0000000089400000| Untracked 
| 149|0x0000000089500000, 0x0000000089500000, 0x0000000089600000|  0%| F|  |TAMS 0x0000000089500000, 0x0000000089500000| Untracked 
| 150|0x0000000089600000, 0x0000000089600000, 0x0000000089700000|  0%| F|  |TAMS 0x0000000089600000, 0x0000000089600000| Untracked 
| 151|0x0000000089700000, 0x0000000089700000, 0x0000000089800000|  0%| F|  |TAMS 0x0000000089700000, 0x0000000089700000| Untracked 
| 152|0x0000000089800000, 0x0000000089800000, 0x0000000089900000|  0%| F|  |TAMS 0x0000000089800000, 0x0000000089800000| Untracked 
| 153|0x0000000089900000, 0x0000000089900000, 0x0000000089a00000|  0%| F|  |TAMS 0x0000000089900000, 0x0000000089900000| Untracked 
| 154|0x0000000089a00000, 0x0000000089a00000, 0x0000000089b00000|  0%| F|  |TAMS 0x0000000089a00000, 0x0000000089a00000| Untracked 
| 155|0x0000000089b00000, 0x0000000089b00000, 0x0000000089c00000|  0%| F|  |TAMS 0x0000000089b00000, 0x0000000089b00000| Untracked 
| 156|0x0000000089c00000, 0x0000000089c00000, 0x0000000089d00000|  0%| F|  |TAMS 0x0000000089c00000, 0x0000000089c00000| Untracked 
| 157|0x0000000089d00000, 0x0000000089d00000, 0x0000000089e00000|  0%| F|  |TAMS 0x0000000089d00000, 0x0000000089d00000| Untracked 
| 158|0x0000000089e00000, 0x0000000089e00000, 0x0000000089f00000|  0%| F|  |TAMS 0x0000000089e00000, 0x0000000089e00000| Untracked 
| 159|0x0000000089f00000, 0x0000000089f00000, 0x000000008a000000|  0%| F|  |TAMS 0x0000000089f00000, 0x0000000089f00000| Untracked 
| 160|0x000000008a000000, 0x000000008a000000, 0x000000008a100000|  0%| F|  |TAMS 0x000000008a000000, 0x000000008a000000| Untracked 
| 161|0x000000008a100000, 0x000000008a100000, 0x000000008a200000|  0%| F|  |TAMS 0x000000008a100000, 0x000000008a100000| Untracked 
| 162|0x000000008a200000, 0x000000008a200000, 0x000000008a300000|  0%| F|  |TAMS 0x000000008a200000, 0x000000008a200000| Untracked 
| 163|0x000000008a300000, 0x000000008a300000, 0x000000008a400000|  0%| F|  |TAMS 0x000000008a300000, 0x000000008a300000| Untracked 
| 164|0x000000008a400000, 0x000000008a400000, 0x000000008a500000|  0%| F|  |TAMS 0x000000008a400000, 0x000000008a400000| Untracked 
| 165|0x000000008a500000, 0x000000008a500000, 0x000000008a600000|  0%| F|  |TAMS 0x000000008a500000, 0x000000008a500000| Untracked 
| 166|0x000000008a600000, 0x000000008a600000, 0x000000008a700000|  0%| F|  |TAMS 0x000000008a600000, 0x000000008a600000| Untracked 
| 167|0x000000008a700000, 0x000000008a700000, 0x000000008a800000|  0%| F|  |TAMS 0x000000008a700000, 0x000000008a700000| Untracked 
| 168|0x000000008a800000, 0x000000008a800000, 0x000000008a900000|  0%| F|  |TAMS 0x000000008a800000, 0x000000008a800000| Untracked 
| 169|0x000000008a900000, 0x000000008a900000, 0x000000008aa00000|  0%| F|  |TAMS 0x000000008a900000, 0x000000008a900000| Untracked 
| 170|0x000000008aa00000, 0x000000008aa00000, 0x000000008ab00000|  0%| F|  |TAMS 0x000000008aa00000, 0x000000008aa00000| Untracked 
| 171|0x000000008ab00000, 0x000000008ab00000, 0x000000008ac00000|  0%| F|  |TAMS 0x000000008ab00000, 0x000000008ab00000| Untracked 
| 172|0x000000008ac00000, 0x000000008ac00000, 0x000000008ad00000|  0%| F|  |TAMS 0x000000008ac00000, 0x000000008ac00000| Untracked 
| 173|0x000000008ad00000, 0x000000008ad00000, 0x000000008ae00000|  0%| F|  |TAMS 0x000000008ad00000, 0x000000008ad00000| Untracked 
| 174|0x000000008ae00000, 0x000000008ae00000, 0x000000008af00000|  0%| F|  |TAMS 0x000000008ae00000, 0x000000008ae00000| Untracked 
| 175|0x000000008af00000, 0x000000008af00000, 0x000000008b000000|  0%| F|  |TAMS 0x000000008af00000, 0x000000008af00000| Untracked 
| 176|0x000000008b000000, 0x000000008b000000, 0x000000008b100000|  0%| F|  |TAMS 0x000000008b000000, 0x000000008b000000| Untracked 
| 177|0x000000008b100000, 0x000000008b100000, 0x000000008b200000|  0%| F|  |TAMS 0x000000008b100000, 0x000000008b100000| Untracked 
| 178|0x000000008b200000, 0x000000008b200000, 0x000000008b300000|  0%| F|  |TAMS 0x000000008b200000, 0x000000008b200000| Untracked 
| 179|0x000000008b300000, 0x000000008b300000, 0x000000008b400000|  0%| F|  |TAMS 0x000000008b300000, 0x000000008b300000| Untracked 
| 180|0x000000008b400000, 0x000000008b400000, 0x000000008b500000|  0%| F|  |TAMS 0x000000008b400000, 0x000000008b400000| Untracked 
| 181|0x000000008b500000, 0x000000008b500000, 0x000000008b600000|  0%| F|  |TAMS 0x000000008b500000, 0x000000008b500000| Untracked 
| 182|0x000000008b600000, 0x000000008b600000, 0x000000008b700000|  0%| F|  |TAMS 0x000000008b600000, 0x000000008b600000| Untracked 
| 183|0x000000008b700000, 0x000000008b700000, 0x000000008b800000|  0%| F|  |TAMS 0x000000008b700000, 0x000000008b700000| Untracked 
| 184|0x000000008b800000, 0x000000008b800000, 0x000000008b900000|  0%| F|  |TAMS 0x000000008b800000, 0x000000008b800000| Untracked 
| 185|0x000000008b900000, 0x000000008b900000, 0x000000008ba00000|  0%| F|  |TAMS 0x000000008b900000, 0x000000008b900000| Untracked 
| 186|0x000000008ba00000, 0x000000008ba00000, 0x000000008bb00000|  0%| F|  |TAMS 0x000000008ba00000, 0x000000008ba00000| Untracked 
| 187|0x000000008bb00000, 0x000000008bb00000, 0x000000008bc00000|  0%| F|  |TAMS 0x000000008bb00000, 0x000000008bb00000| Untracked 
| 188|0x000000008bc00000, 0x000000008bc00000, 0x000000008bd00000|  0%| F|  |TAMS 0x000000008bc00000, 0x000000008bc00000| Untracked 
| 189|0x000000008bd00000, 0x000000008bd00000, 0x000000008be00000|  0%| F|  |TAMS 0x000000008bd00000, 0x000000008bd00000| Untracked 
| 190|0x000000008be00000, 0x000000008be00000, 0x000000008bf00000|  0%| F|  |TAMS 0x000000008be00000, 0x000000008be00000| Untracked 
| 191|0x000000008bf00000, 0x000000008bf00000, 0x000000008c000000|  0%| F|  |TAMS 0x000000008bf00000, 0x000000008bf00000| Untracked 
| 192|0x000000008c000000, 0x000000008c000000, 0x000000008c100000|  0%| F|  |TAMS 0x000000008c000000, 0x000000008c000000| Untracked 
| 193|0x000000008c100000, 0x000000008c100000, 0x000000008c200000|  0%| F|  |TAMS 0x000000008c100000, 0x000000008c100000| Untracked 
| 194|0x000000008c200000, 0x000000008c200000, 0x000000008c300000|  0%| F|  |TAMS 0x000000008c200000, 0x000000008c200000| Untracked 
| 195|0x000000008c300000, 0x000000008c300000, 0x000000008c400000|  0%| F|  |TAMS 0x000000008c300000, 0x000000008c300000| Untracked 
| 196|0x000000008c400000, 0x000000008c400000, 0x000000008c500000|  0%| F|  |TAMS 0x000000008c400000, 0x000000008c400000| Untracked 
| 197|0x000000008c500000, 0x000000008c500000, 0x000000008c600000|  0%| F|  |TAMS 0x000000008c500000, 0x000000008c500000| Untracked 
| 198|0x000000008c600000, 0x000000008c600000, 0x000000008c700000|  0%| F|  |TAMS 0x000000008c600000, 0x000000008c600000| Untracked 
| 199|0x000000008c700000, 0x000000008c700000, 0x000000008c800000|  0%| F|  |TAMS 0x000000008c700000, 0x000000008c700000| Untracked 
| 200|0x000000008c800000, 0x000000008c800000, 0x000000008c900000|  0%| F|  |TAMS 0x000000008c800000, 0x000000008c800000| Untracked 
| 201|0x000000008c900000, 0x000000008c900000, 0x000000008ca00000|  0%| F|  |TAMS 0x000000008c900000, 0x000000008c900000| Untracked 
| 202|0x000000008ca00000, 0x000000008ca00000, 0x000000008cb00000|  0%| F|  |TAMS 0x000000008ca00000, 0x000000008ca00000| Untracked 
| 203|0x000000008cb00000, 0x000000008cb00000, 0x000000008cc00000|  0%| F|  |TAMS 0x000000008cb00000, 0x000000008cb00000| Untracked 
| 204|0x000000008cc00000, 0x000000008cc00000, 0x000000008cd00000|  0%| F|  |TAMS 0x000000008cc00000, 0x000000008cc00000| Untracked 
| 205|0x000000008cd00000, 0x000000008cd00000, 0x000000008ce00000|  0%| F|  |TAMS 0x000000008cd00000, 0x000000008cd00000| Untracked 
| 206|0x000000008ce00000, 0x000000008ce00000, 0x000000008cf00000|  0%| F|  |TAMS 0x000000008ce00000, 0x000000008ce00000| Untracked 
| 207|0x000000008cf00000, 0x000000008cf00000, 0x000000008d000000|  0%| F|  |TAMS 0x000000008cf00000, 0x000000008cf00000| Untracked 
| 208|0x000000008d000000, 0x000000008d000000, 0x000000008d100000|  0%| F|  |TAMS 0x000000008d000000, 0x000000008d000000| Untracked 
| 209|0x000000008d100000, 0x000000008d100000, 0x000000008d200000|  0%| F|  |TAMS 0x000000008d100000, 0x000000008d100000| Untracked 
| 210|0x000000008d200000, 0x000000008d200000, 0x000000008d300000|  0%| F|  |TAMS 0x000000008d200000, 0x000000008d200000| Untracked 
| 211|0x000000008d300000, 0x000000008d300000, 0x000000008d400000|  0%| F|  |TAMS 0x000000008d300000, 0x000000008d300000| Untracked 
| 212|0x000000008d400000, 0x000000008d400000, 0x000000008d500000|  0%| F|  |TAMS 0x000000008d400000, 0x000000008d400000| Untracked 
| 213|0x000000008d500000, 0x000000008d500000, 0x000000008d600000|  0%| F|  |TAMS 0x000000008d500000, 0x000000008d500000| Untracked 
| 214|0x000000008d600000, 0x000000008d600000, 0x000000008d700000|  0%| F|  |TAMS 0x000000008d600000, 0x000000008d600000| Untracked 
| 215|0x000000008d700000, 0x000000008d700000, 0x000000008d800000|  0%| F|  |TAMS 0x000000008d700000, 0x000000008d700000| Untracked 
| 216|0x000000008d800000, 0x000000008d800000, 0x000000008d900000|  0%| F|  |TAMS 0x000000008d800000, 0x000000008d800000| Untracked 
| 217|0x000000008d900000, 0x000000008d900000, 0x000000008da00000|  0%| F|  |TAMS 0x000000008d900000, 0x000000008d900000| Untracked 
| 218|0x000000008da00000, 0x000000008da00000, 0x000000008db00000|  0%| F|  |TAMS 0x000000008da00000, 0x000000008da00000| Untracked 
| 219|0x000000008db00000, 0x000000008db00000, 0x000000008dc00000|  0%| F|  |TAMS 0x000000008db00000, 0x000000008db00000| Untracked 
| 220|0x000000008dc00000, 0x000000008dc00000, 0x000000008dd00000|  0%| F|  |TAMS 0x000000008dc00000, 0x000000008dc00000| Untracked 
| 221|0x000000008dd00000, 0x000000008dd00000, 0x000000008de00000|  0%| F|  |TAMS 0x000000008dd00000, 0x000000008dd00000| Untracked 
| 222|0x000000008de00000, 0x000000008de00000, 0x000000008df00000|  0%| F|  |TAMS 0x000000008de00000, 0x000000008de00000| Untracked 
| 223|0x000000008df00000, 0x000000008df00000, 0x000000008e000000|  0%| F|  |TAMS 0x000000008df00000, 0x000000008df00000| Untracked 
| 224|0x000000008e000000, 0x000000008e000000, 0x000000008e100000|  0%| F|  |TAMS 0x000000008e000000, 0x000000008e000000| Untracked 
| 225|0x000000008e100000, 0x000000008e100000, 0x000000008e200000|  0%| F|  |TAMS 0x000000008e100000, 0x000000008e100000| Untracked 
| 226|0x000000008e200000, 0x000000008e200000, 0x000000008e300000|  0%| F|  |TAMS 0x000000008e200000, 0x000000008e200000| Untracked 
| 227|0x000000008e300000, 0x000000008e300000, 0x000000008e400000|  0%| F|  |TAMS 0x000000008e300000, 0x000000008e300000| Untracked 
| 228|0x000000008e400000, 0x000000008e4ff9f0, 0x000000008e500000| 99%| S|CS|TAMS 0x000000008e400000, 0x000000008e400000| Complete 
| 229|0x000000008e500000, 0x000000008e500000, 0x000000008e600000|  0%| F|  |TAMS 0x000000008e500000, 0x000000008e500000| Untracked 
| 230|0x000000008e600000, 0x000000008e600000, 0x000000008e700000|  0%| F|  |TAMS 0x000000008e600000, 0x000000008e600000| Untracked 
| 231|0x000000008e700000, 0x000000008e700000, 0x000000008e800000|  0%| F|  |TAMS 0x000000008e700000, 0x000000008e700000| Untracked 
| 232|0x000000008e800000, 0x000000008e800000, 0x000000008e900000|  0%| F|  |TAMS 0x000000008e800000, 0x000000008e800000| Untracked 
| 233|0x000000008e900000, 0x000000008e900000, 0x000000008ea00000|  0%| F|  |TAMS 0x000000008e900000, 0x000000008e900000| Untracked 
| 234|0x000000008ea00000, 0x000000008ea00000, 0x000000008eb00000|  0%| F|  |TAMS 0x000000008ea00000, 0x000000008ea00000| Untracked 
| 235|0x000000008eb00000, 0x000000008eb00000, 0x000000008ec00000|  0%| F|  |TAMS 0x000000008eb00000, 0x000000008eb00000| Untracked 
| 236|0x000000008ec00000, 0x000000008ec00000, 0x000000008ed00000|  0%| F|  |TAMS 0x000000008ec00000, 0x000000008ec00000| Untracked 
| 237|0x000000008ed00000, 0x000000008ed00000, 0x000000008ee00000|  0%| F|  |TAMS 0x000000008ed00000, 0x000000008ed00000| Untracked 
| 238|0x000000008ee00000, 0x000000008ee00000, 0x000000008ef00000|  0%| F|  |TAMS 0x000000008ee00000, 0x000000008ee00000| Untracked 
| 239|0x000000008ef00000, 0x000000008ef00000, 0x000000008f000000|  0%| F|  |TAMS 0x000000008ef00000, 0x000000008ef00000| Untracked 
| 240|0x000000008f000000, 0x000000008f000000, 0x000000008f100000|  0%| F|  |TAMS 0x000000008f000000, 0x000000008f000000| Untracked 
| 241|0x000000008f100000, 0x000000008f100000, 0x000000008f200000|  0%| F|  |TAMS 0x000000008f100000, 0x000000008f100000| Untracked 
| 242|0x000000008f200000, 0x000000008f200000, 0x000000008f300000|  0%| F|  |TAMS 0x000000008f200000, 0x000000008f200000| Untracked 
| 243|0x000000008f300000, 0x000000008f300000, 0x000000008f400000|  0%| F|  |TAMS 0x000000008f300000, 0x000000008f300000| Untracked 
| 244|0x000000008f400000, 0x000000008f400000, 0x000000008f500000|  0%| F|  |TAMS 0x000000008f400000, 0x000000008f400000| Untracked 
| 245|0x000000008f500000, 0x000000008f500000, 0x000000008f600000|  0%| F|  |TAMS 0x000000008f500000, 0x000000008f500000| Untracked 
| 246|0x000000008f600000, 0x000000008f600000, 0x000000008f700000|  0%| F|  |TAMS 0x000000008f600000, 0x000000008f600000| Untracked 
| 247|0x000000008f700000, 0x000000008f700000, 0x000000008f800000|  0%| F|  |TAMS 0x000000008f700000, 0x000000008f700000| Untracked 
| 248|0x000000008f800000, 0x000000008f800000, 0x000000008f900000|  0%| F|  |TAMS 0x000000008f800000, 0x000000008f800000| Untracked 
| 249|0x000000008f900000, 0x000000008f900000, 0x000000008fa00000|  0%| F|  |TAMS 0x000000008f900000, 0x000000008f900000| Untracked 
| 250|0x000000008fa00000, 0x000000008fa00000, 0x000000008fb00000|  0%| F|  |TAMS 0x000000008fa00000, 0x000000008fa00000| Untracked 
| 251|0x000000008fb00000, 0x000000008fb00000, 0x000000008fc00000|  0%| F|  |TAMS 0x000000008fb00000, 0x000000008fb00000| Untracked 
| 252|0x000000008fc00000, 0x000000008fc00000, 0x000000008fd00000|  0%| F|  |TAMS 0x000000008fc00000, 0x000000008fc00000| Untracked 
| 253|0x000000008fd00000, 0x000000008fd00000, 0x000000008fe00000|  0%| F|  |TAMS 0x000000008fd00000, 0x000000008fd00000| Untracked 

Card table byte_map: [0x000001e3f43a0000,0x000001e3f47a0000] _byte_map_base: 0x000001e3f3fa0000

Marking Bits (Prev, Next): (CMBitMap*) 0x000001e3e180afc0, (CMBitMap*) 0x000001e3e180af80
 Prev Bits: [0x000001e3f6ba0000, 0x000001e3f8ba0000)
 Next Bits: [0x000001e3f4ba0000, 0x000001e3f6ba0000)

Polling page: 0x000001e3df700000

Metaspace:

Usage:
  Non-class:     82.68 MB used.
      Class:     13.06 MB used.
       Both:     95.74 MB used.

Virtual space:
  Non-class space:       88.00 MB reserved,      83.00 MB ( 94%) committed,  11 nodes.
      Class space:        1.00 GB reserved,      13.38 MB (  1%) committed,  1 nodes.
             Both:        1.09 GB reserved,      96.38 MB (  9%) committed. 

Chunk freelists:
   Non-Class:  640.00 KB
       Class:  2.64 MB
        Both:  3.27 MB

MaxMetaspaceSize: unlimited
CompressedClassSpaceSize: 1.00 GB
Initial GC threshold: 21.00 MB
Current GC threshold: 155.62 MB
CDS: off
MetaspaceReclaimPolicy: balanced
 - commit_granule_bytes: 65536.
 - commit_granule_words: 8192.
 - virtual_space_node_default_size: 1048576.
 - enlarge_chunks_in_place: 1.
 - new_chunks_are_fully_committed: 0.
 - uncommit_free_chunks: 1.
 - use_allocation_guard: 0.
 - handle_deallocations: 1.


Internal statistics:

num_allocs_failed_limit: 3.
num_arena_births: 942.
num_arena_deaths: 0.
num_vsnodes_births: 12.
num_vsnodes_deaths: 0.
num_space_committed: 1540.
num_space_uncommitted: 0.
num_chunks_returned_to_freelist: 3.
num_chunks_taken_from_freelist: 4362.
num_chunk_merges: 3.
num_chunk_splits: 3054.
num_chunks_enlarged: 2205.
num_purges: 0.
num_inconsistent_stats: 0.

CodeHeap 'non-profiled nmethods': size=120000Kb used=5108Kb max_used=5108Kb free=114891Kb
 bounds [0x000001e3ec740000, 0x000001e3ecc40000, 0x000001e3f3c70000]
CodeHeap 'profiled nmethods': size=120000Kb used=16111Kb max_used=16111Kb free=103888Kb
 bounds [0x000001e3e4c70000, 0x000001e3e5c30000, 0x000001e3ec1a0000]
CodeHeap 'non-nmethods': size=5760Kb used=2413Kb max_used=2451Kb free=3346Kb
 bounds [0x000001e3ec1a0000, 0x000001e3ec410000, 0x000001e3ec740000]
 total_blobs=9201 nmethods=8263 adapters=850
 compilation: enabled
              stopped_count=0, restarted_count=0
 full_count=0

Compilation events (20 events):
Event: 11.751 Thread 0x000001e3fee3b850 nmethod 9000 0x000001e3ecc3ba90 code [0x000001e3ecc3bc20, 0x000001e3ecc3c068]
Event: 11.753 Thread 0x000001e3fee3b850 9002   !   4       java.util.jar.JarFile$JarFileEntry::getCodeSigners (81 bytes)
Event: 11.758 Thread 0x000001e3fc095050 nmethod 9001 0x000001e3ecc3c210 code [0x000001e3ecc3c3e0, 0x000001e3ecc3c7d0]
Event: 11.760 Thread 0x000001e3fee3b850 nmethod 9002 0x000001e3ecc3ca90 code [0x000001e3ecc3cc60, 0x000001e3ecc3cff0]
Event: 11.776 Thread 0x000001e3fc095950 9003       3       org.jetbrains.kotlin.container.CacheKt::getSetterInfos (154 bytes)
Event: 11.780 Thread 0x000001e3fc095950 nmethod 9003 0x000001e3e5c24210 code [0x000001e3e5c24860, 0x000001e3e5c27a98]
Event: 11.780 Thread 0x000001e3fc095950 9004       3       sun.reflect.generics.parser.SignatureParser::parseSuperInterfaces (51 bytes)
Event: 11.781 Thread 0x000001e3fc095950 nmethod 9004 0x000001e3e5c28c90 code [0x000001e3e5c28ec0, 0x000001e3e5c29848]
Event: 11.781 Thread 0x000001e3fc095950 9005       3       sun.reflect.generics.tree.ClassSignature::make (11 bytes)
Event: 11.781 Thread 0x000001e3fc095950 nmethod 9005 0x000001e3e5c29b10 code [0x000001e3e5c29cc0, 0x000001e3e5c29fd8]
Event: 11.783 Thread 0x000001e3fc095950 9006       3       sun.reflect.annotation.AnnotationParser::skipMemberValue (65 bytes)
Event: 11.784 Thread 0x000001e3fc095950 nmethod 9006 0x000001e3e5c2a110 code [0x000001e3e5c2a340, 0x000001e3e5c2aa38]
Event: 11.785 Thread 0x000001e3fc095950 9007       3       org.jetbrains.kotlin.com.intellij.util.SmartList::<init> (5 bytes)
Event: 11.785 Thread 0x000001e3fc095950 nmethod 9007 0x000001e3e5c2ac90 code [0x000001e3e5c2ae40, 0x000001e3e5c2b078]
Event: 11.786 Thread 0x000001e3fc095950 9008       3       java.lang.reflect.Constructor::isSynthetic (5 bytes)
Event: 11.786 Thread 0x000001e3fc095950 nmethod 9008 0x000001e3e5c2b190 code [0x000001e3e5c2b340, 0x000001e3e5c2b578]
Event: 11.793 Thread 0x000001e3fc095950 9009       3       org.jetbrains.kotlin.com.intellij.util.containers.MultiMap$$Lambda$1019/0x0000000100d44c40::apply (9 bytes)
Event: 11.793 Thread 0x000001e3fc095950 nmethod 9009 0x000001e3e5c2b690 code [0x000001e3e5c2b840, 0x000001e3e5c2ba68]
Event: 11.793 Thread 0x000001e3fc095950 9010       3       org.jetbrains.kotlin.com.intellij.util.containers.MultiMap::lambda$putValue$1 (5 bytes)
Event: 11.793 Thread 0x000001e3fc095950 nmethod 9010 0x000001e3e5c2bb90 code [0x000001e3e5c2bd40, 0x000001e3e5c2bf08]

GC Heap History (20 events):
Event: 7.942 GC heap after
{Heap after GC invocations=37 (full 0):
 garbage-first heap   total 157696K, used 92434K [0x0000000080000000, 0x0000000100000000)
  region size 1024K, 1 young (1024K), 1 survivors (1024K)
 Metaspace       used 66145K, committed 66880K, reserved 1114112K
  class space    used 8857K, committed 9216K, reserved 1048576K
}
Event: 8.243 GC heap before
{Heap before GC invocations=38 (full 0):
 garbage-first heap   total 184320K, used 127250K [0x0000000080000000, 0x0000000100000000)
  region size 1024K, 29 young (29696K), 1 survivors (1024K)
 Metaspace       used 68024K, committed 68672K, reserved 1114112K
  class space    used 9105K, committed 9408K, reserved 1048576K
}
Event: 8.249 GC heap after
{Heap after GC invocations=39 (full 0):
 garbage-first heap   total 184320K, used 94963K [0x0000000080000000, 0x0000000100000000)
  region size 1024K, 4 young (4096K), 4 survivors (4096K)
 Metaspace       used 68024K, committed 68672K, reserved 1114112K
  class space    used 9105K, committed 9408K, reserved 1048576K
}
Event: 8.336 GC heap before
{Heap before GC invocations=39 (full 0):
 garbage-first heap   total 184320K, used 100083K [0x0000000080000000, 0x0000000100000000)
  region size 1024K, 9 young (9216K), 4 survivors (4096K)
 Metaspace       used 68407K, committed 69120K, reserved 1114112K
  class space    used 9158K, committed 9472K, reserved 1048576K
}
Event: 8.340 GC heap after
{Heap after GC invocations=40 (full 0):
 garbage-first heap   total 221184K, used 95545K [0x0000000080000000, 0x0000000100000000)
  region size 1024K, 1 young (1024K), 1 survivors (1024K)
 Metaspace       used 68407K, committed 69120K, reserved 1114112K
  class space    used 9158K, committed 9472K, reserved 1048576K
}
Event: 9.005 GC heap before
{Heap before GC invocations=40 (full 0):
 garbage-first heap   total 221184K, used 151865K [0x0000000080000000, 0x0000000100000000)
  region size 1024K, 56 young (57344K), 1 survivors (1024K)
 Metaspace       used 74837K, committed 75520K, reserved 1122304K
  class space    used 10042K, committed 10368K, reserved 1048576K
}
Event: 9.009 GC heap after
{Heap after GC invocations=41 (full 0):
 garbage-first heap   total 221184K, used 98420K [0x0000000080000000, 0x0000000100000000)
  region size 1024K, 4 young (4096K), 4 survivors (4096K)
 Metaspace       used 74837K, committed 75520K, reserved 1122304K
  class space    used 10042K, committed 10368K, reserved 1048576K
}
Event: 9.728 GC heap before
{Heap before GC invocations=41 (full 0):
 garbage-first heap   total 221184K, used 166004K [0x0000000080000000, 0x0000000100000000)
  region size 1024K, 71 young (72704K), 4 survivors (4096K)
 Metaspace       used 81758K, committed 82432K, reserved 1122304K
  class space    used 10938K, committed 11264K, reserved 1048576K
}
Event: 9.735 GC heap after
{Heap after GC invocations=42 (full 0):
 garbage-first heap   total 221184K, used 102952K [0x0000000080000000, 0x0000000100000000)
  region size 1024K, 8 young (8192K), 8 survivors (8192K)
 Metaspace       used 81758K, committed 82432K, reserved 1122304K
  class space    used 10938K, committed 11264K, reserved 1048576K
}
Event: 10.361 GC heap before
{Heap before GC invocations=42 (full 0):
 garbage-first heap   total 221184K, used 160296K [0x0000000080000000, 0x0000000100000000)
  region size 1024K, 61 young (62464K), 8 survivors (8192K)
 Metaspace       used 91279K, committed 91968K, reserved 1130496K
  class space    used 12618K, committed 12928K, reserved 1048576K
}
Event: 10.371 GC heap after
{Heap after GC invocations=43 (full 0):
 garbage-first heap   total 221184K, used 108619K [0x0000000080000000, 0x0000000100000000)
  region size 1024K, 6 young (6144K), 6 survivors (6144K)
 Metaspace       used 91279K, committed 91968K, reserved 1130496K
  class space    used 12618K, committed 12928K, reserved 1048576K
}
Event: 10.766 GC heap before
{Heap before GC invocations=44 (full 0):
 garbage-first heap   total 221184K, used 181323K [0x0000000080000000, 0x0000000100000000)
  region size 1024K, 71 young (72704K), 6 survivors (6144K)
 Metaspace       used 91463K, committed 92224K, reserved 1130496K
  class space    used 12627K, committed 12928K, reserved 1048576K
}
Event: 10.787 GC heap after
{Heap after GC invocations=45 (full 0):
 garbage-first heap   total 221184K, used 128323K [0x0000000080000000, 0x0000000100000000)
  region size 1024K, 9 young (9216K), 9 survivors (9216K)
 Metaspace       used 91463K, committed 92224K, reserved 1130496K
  class space    used 12627K, committed 12928K, reserved 1048576K
}
Event: 10.790 GC heap before
{Heap before GC invocations=45 (full 0):
 garbage-first heap   total 221184K, used 129347K [0x0000000080000000, 0x0000000100000000)
  region size 1024K, 10 young (10240K), 9 survivors (9216K)
 Metaspace       used 91463K, committed 92224K, reserved 1130496K
  class space    used 12627K, committed 12928K, reserved 1048576K
}
Event: 10.800 GC heap after
{Heap after GC invocations=46 (full 0):
 garbage-first heap   total 221184K, used 130437K [0x0000000080000000, 0x0000000100000000)
  region size 1024K, 2 young (2048K), 2 survivors (2048K)
 Metaspace       used 91463K, committed 92224K, reserved 1130496K
  class space    used 12627K, committed 12928K, reserved 1048576K
}
Event: 11.241 GC heap before
{Heap before GC invocations=46 (full 0):
 garbage-first heap   total 221184K, used 173445K [0x0000000080000000, 0x0000000100000000)
  region size 1024K, 44 young (45056K), 2 survivors (2048K)
 Metaspace       used 94353K, committed 95040K, reserved 1138688K
  class space    used 12984K, committed 13312K, reserved 1048576K
}
Event: 11.251 GC heap after
{Heap after GC invocations=47 (full 0):
 garbage-first heap   total 221184K, used 137193K [0x0000000080000000, 0x0000000100000000)
  region size 1024K, 6 young (6144K), 6 survivors (6144K)
 Metaspace       used 94353K, committed 95040K, reserved 1138688K
  class space    used 12984K, committed 13312K, reserved 1048576K
}
Event: 11.728 GC heap before
{Heap before GC invocations=48 (full 0):
 garbage-first heap   total 239616K, used 181225K [0x0000000080000000, 0x0000000100000000)
  region size 1024K, 43 young (44032K), 6 survivors (6144K)
 Metaspace       used 97308K, committed 97984K, reserved 1138688K
  class space    used 13297K, committed 13632K, reserved 1048576K
}
Event: 11.737 GC heap after
{Heap after GC invocations=49 (full 0):
 garbage-first heap   total 239616K, used 149220K [0x0000000080000000, 0x0000000100000000)
  region size 1024K, 6 young (6144K), 6 survivors (6144K)
 Metaspace       used 97308K, committed 97984K, reserved 1138688K
  class space    used 13297K, committed 13632K, reserved 1048576K
}
Event: 11.797 GC heap before
{Heap before GC invocations=49 (full 0):
 garbage-first heap   total 239616K, used 154340K [0x0000000080000000, 0x0000000100000000)
  region size 1024K, 11 young (11264K), 6 survivors (6144K)
 Metaspace       used 98032K, committed 98688K, reserved 1138688K
  class space    used 13372K, committed 13696K, reserved 1048576K
}

Dll operation events (2 events):
Event: 0.019 Loaded shared library C:\Program Files\Android\Android Studio\jbr\bin\java.dll
Event: 0.428 Loaded shared library C:\Program Files\Android\Android Studio\jbr\bin\verify.dll

Deoptimization events (20 events):
Event: 11.424 Thread 0x000001e3fd917db0 Uncommon trap: trap_request=0xffffffde fr.pc=0x000001e3ecc0f808 relative=0x00000000000004a8
Event: 11.424 Thread 0x000001e3fd917db0 Uncommon trap: reason=class_check action=maybe_recompile pc=0x000001e3ecc0f808 method=org.jetbrains.kotlin.protobuf.CodedInputStream.tryRefillBuffer(I)Z @ 177 c2
Event: 11.424 Thread 0x000001e3fd917db0 DEOPT PACKING pc=0x000001e3ecc0f808 sp=0x00000066aeaf4d50
Event: 11.424 Thread 0x000001e3fd917db0 DEOPT UNPACKING pc=0x000001e3ec1fa1a3 sp=0x00000066aeaf4c38 mode 2
Event: 11.427 Thread 0x000001e3fd917db0 Uncommon trap: trap_request=0xffffffde fr.pc=0x000001e3ecc0f808 relative=0x00000000000004a8
Event: 11.427 Thread 0x000001e3fd917db0 Uncommon trap: reason=class_check action=maybe_recompile pc=0x000001e3ecc0f808 method=org.jetbrains.kotlin.protobuf.CodedInputStream.tryRefillBuffer(I)Z @ 177 c2
Event: 11.427 Thread 0x000001e3fd917db0 DEOPT PACKING pc=0x000001e3ecc0f808 sp=0x00000066aeaf4d50
Event: 11.427 Thread 0x000001e3fd917db0 DEOPT UNPACKING pc=0x000001e3ec1fa1a3 sp=0x00000066aeaf4c38 mode 2
Event: 11.431 Thread 0x000001e3fd917db0 Uncommon trap: trap_request=0xffffffde fr.pc=0x000001e3ecc0f808 relative=0x00000000000004a8
Event: 11.431 Thread 0x000001e3fd917db0 Uncommon trap: reason=class_check action=maybe_recompile pc=0x000001e3ecc0f808 method=org.jetbrains.kotlin.protobuf.CodedInputStream.tryRefillBuffer(I)Z @ 177 c2
Event: 11.431 Thread 0x000001e3fd917db0 DEOPT PACKING pc=0x000001e3ecc0f808 sp=0x00000066aeaf4d50
Event: 11.431 Thread 0x000001e3fd917db0 DEOPT UNPACKING pc=0x000001e3ec1fa1a3 sp=0x00000066aeaf4c38 mode 2
Event: 11.431 Thread 0x000001e3fd917db0 Uncommon trap: trap_request=0xffffffde fr.pc=0x000001e3ecc0f808 relative=0x00000000000004a8
Event: 11.431 Thread 0x000001e3fd917db0 Uncommon trap: reason=class_check action=maybe_recompile pc=0x000001e3ecc0f808 method=org.jetbrains.kotlin.protobuf.CodedInputStream.tryRefillBuffer(I)Z @ 177 c2
Event: 11.431 Thread 0x000001e3fd917db0 DEOPT PACKING pc=0x000001e3ecc0f808 sp=0x00000066aeaf4d50
Event: 11.431 Thread 0x000001e3fd917db0 DEOPT UNPACKING pc=0x000001e3ec1fa1a3 sp=0x00000066aeaf4c38 mode 2
Event: 11.710 Thread 0x000001e3fd917db0 Uncommon trap: trap_request=0xffffff45 fr.pc=0x000001e3ecbbd484 relative=0x00000000000000e4
Event: 11.710 Thread 0x000001e3fd917db0 Uncommon trap: reason=unstable_if action=reinterpret pc=0x000001e3ecbbd484 method=org.jetbrains.kotlin.com.intellij.util.SmartList.get(I)Ljava/lang/Object; @ 13 c2
Event: 11.710 Thread 0x000001e3fd917db0 DEOPT PACKING pc=0x000001e3ecbbd484 sp=0x00000066aeaf36b0
Event: 11.710 Thread 0x000001e3fd917db0 DEOPT UNPACKING pc=0x000001e3ec1fa1a3 sp=0x00000066aeaf3650 mode 2

Classes unloaded (0 events):
No events

Classes redefined (0 events):
No events

Internal exceptions (20 events):
Event: 9.246 Thread 0x000001e3fd917db0 Exception <a 'java/lang/ClassNotFoundException'{0x000000008c1caf70}: org/jetbrains/kotlin/gradle/targets/js/npm/DefaultPeerNpmDependencyExtensionBeanInfo> (0x000000008c1caf70) 
thrown [s\src\hotspot\share\classfile\systemDictionary.cpp, line 256]
Event: 9.246 Thread 0x000001e3fd917db0 Exception <a 'java/lang/ClassNotFoundException'{0x000000008c1d76f8}: org/jetbrains/kotlin/gradle/targets/js/npm/DefaultPeerNpmDependencyExtensionCustomizer> (0x000000008c1d76f8) 
thrown [s\src\hotspot\share\classfile\systemDictionary.cpp, line 256]
Event: 9.248 Thread 0x000001e3fd917db0 Exception <a 'java/lang/ClassNotFoundException'{0x000000008c019b50}: org/jetbrains/kotlin/gradle/targets/js/npm/DefaultPeerNpmDependencyExtension$delegate$1BeanInfo> (0x000000008c019b50) 
thrown [s\src\hotspot\share\classfile\systemDictionary.cpp, line 256]
Event: 9.248 Thread 0x000001e3fd917db0 Exception <a 'java/lang/ClassNotFoundException'{0x000000008c0265a0}: org/jetbrains/kotlin/gradle/targets/js/npm/DefaultPeerNpmDependencyExtension$delegate$1Customizer> (0x000000008c0265a0) 
thrown [s\src\hotspot\share\classfile\systemDictionary.cpp, line 256]
Event: 9.447 Thread 0x000001e3fd917db0 Exception <a 'java/lang/NoSuchMethodError'{0x000000008ac7a9f0}: 'void java.lang.invoke.DirectMethodHandle$Holder.invokeVirtual(java.lang.Object, java.lang.Object)'> (0x000000008ac7a9f0) 
thrown [s\src\hotspot\share\interpreter\linkResolver.cpp, line 771]
Event: 9.521 Thread 0x000001e3fd917db0 Exception <a 'java/lang/NoSuchMethodError'{0x000000008a6a63f8}: 'int java.lang.invoke.DelegatingMethodHandle$Holder.reinvoke_L(java.lang.Object, java.lang.Object, java.lang.Object, long, int, int)'> (0x000000008a6a63f8) 
thrown [s\src\hotspot\share\interpreter\linkResolver.cpp, line 771]
Event: 9.521 Thread 0x000001e3fd917db0 Exception <a 'java/lang/NoSuchMethodError'{0x000000008a6b6270}: 'int java.lang.invoke.DelegatingMethodHandle$Holder.reinvoke_L(java.lang.Object, java.lang.Object, java.lang.Object, long, long, long)'> (0x000000008a6b6270) 
thrown [s\src\hotspot\share\interpreter\linkResolver.cpp, line 771]
Event: 9.522 Thread 0x000001e3fd917db0 Exception <a 'java/lang/NoSuchMethodError'{0x000000008a6c6808}: 'int java.lang.invoke.DelegatingMethodHandle$Holder.reinvoke_L(java.lang.Object, java.lang.Object, java.lang.Object, long, java.lang.Object, java.lang.Object)'> (0x000000008a6c6808) 
thrown [s\src\hotspot\share\interpreter\linkResolver.cpp, line 771]
Event: 9.523 Thread 0x000001e3fd917db0 Exception <a 'java/lang/NoSuchMethodError'{0x000000008a6d67d0}: 'void java.lang.invoke.DelegatingMethodHandle$Holder.reinvoke_L(java.lang.Object, java.lang.Object, java.lang.Object, long, java.lang.Object)'> (0x000000008a6d67d0) 
thrown [s\src\hotspot\share\interpreter\linkResolver.cpp, line 771]
Event: 9.523 Thread 0x000001e3fd917db0 Exception <a 'java/lang/NoSuchMethodError'{0x000000008a6df100}: 'java.lang.Object java.lang.invoke.DirectMethodHandle$Holder.invokeSpecial(java.lang.Object, java.lang.Object, java.lang.Object, java.lang.Object, long)'> (0x000000008a6df100) 
thrown [s\src\hotspot\share\interpreter\linkResolver.cpp, line 771]
Event: 9.525 Thread 0x000001e3fd917db0 Exception <a 'java/lang/NoSuchMethodError'{0x000000008a5090f8}: 'long java.lang.invoke.Invokers$Holder.invoke_MT(java.lang.Object, java.lang.Object, java.lang.Object, java.lang.Object)'> (0x000000008a5090f8) 
thrown [s\src\hotspot\share\interpreter\linkResolver.cpp, line 771]
Event: 9.525 Thread 0x000001e3fd917db0 Exception <a 'java/lang/NoSuchMethodError'{0x000000008a5121f8}: 'int java.lang.invoke.Invokers$Holder.invoke_MT(java.lang.Object, java.lang.Object, java.lang.Object, java.lang.Object)'> (0x000000008a5121f8) 
thrown [s\src\hotspot\share\interpreter\linkResolver.cpp, line 771]
Event: 9.526 Thread 0x000001e3fd917db0 Exception <a 'java/lang/NoSuchMethodError'{0x000000008a523240}: 'int java.lang.invoke.DelegatingMethodHandle$Holder.reinvoke_L(java.lang.Object, java.lang.Object, java.lang.Object, long, int)'> (0x000000008a523240) 
thrown [s\src\hotspot\share\interpreter\linkResolver.cpp, line 771]
Event: 9.527 Thread 0x000001e3fd917db0 Exception <a 'java/lang/NoSuchMethodError'{0x000000008a5367c0}: 'java.lang.Object java.lang.invoke.Invokers$Holder.invokeExact_MT(java.lang.Object, java.lang.Object, long, java.lang.Object)'> (0x000000008a5367c0) 
thrown [s\src\hotspot\share\interpreter\linkResolver.cpp, line 771]
Event: 9.624 Thread 0x000001e3fd917db0 Exception <a 'java/lang/NoSuchMethodError'{0x000000008993ef98}: 'java.lang.Object java.lang.invoke.DirectMethodHandle$Holder.invokeStaticInit(java.lang.Object, int)'> (0x000000008993ef98) 
thrown [s\src\hotspot\share\interpreter\linkResolver.cpp, line 771]
Event: 9.658 Thread 0x000001e3fd917db0 Exception <a 'java/lang/NoSuchMethodError'{0x000000008961ca30}: 'long java.lang.invoke.DirectMethodHandle$Holder.invokeStatic(java.lang.Object)'> (0x000000008961ca30) 
thrown [s\src\hotspot\share\interpreter\linkResolver.cpp, line 771]
Event: 9.659 Thread 0x000001e3fd917db0 Exception <a 'java/lang/NoSuchMethodError'{0x0000000089621618}: 'long java.lang.invoke.DirectMethodHandle$Holder.invokeStaticInit(java.lang.Object)'> (0x0000000089621618) 
thrown [s\src\hotspot\share\interpreter\linkResolver.cpp, line 771]
Event: 10.340 Thread 0x000001e3fd917db0 Exception <a 'java/lang/NoSuchMethodError'{0x000000008a5ad560}: 'java.lang.Object java.lang.invoke.Invokers$Holder.invoke_MT(java.lang.Object, java.lang.Object, java.lang.Object)'> (0x000000008a5ad560) 
thrown [s\src\hotspot\share\interpreter\linkResolver.cpp, line 771]
Event: 10.508 Thread 0x000001e3fd917db0 Implicit null exception at 0x000001e3ecbb3de0 to 0x000001e3ecbb5d68
Event: 10.523 Thread 0x000001e3fd917db0 Implicit null exception at 0x000001e3ecbb76db to 0x000001e3ecbb968c

VM Operations (20 events):
Event: 10.359 Executing VM operation: HandshakeAllThreads done
Event: 10.361 Executing VM operation: G1TryInitiateConcMark
Event: 10.371 Executing VM operation: G1TryInitiateConcMark done
Event: 10.413 Executing VM operation: G1Concurrent
Event: 10.417 Executing VM operation: G1Concurrent done
Event: 10.439 Executing VM operation: G1Concurrent
Event: 10.439 Executing VM operation: G1Concurrent done
Event: 10.766 Executing VM operation: G1CollectForAllocation
Event: 10.787 Executing VM operation: G1CollectForAllocation done
Event: 10.790 Executing VM operation: G1CollectForAllocation
Event: 10.800 Executing VM operation: G1CollectForAllocation done
Event: 11.241 Executing VM operation: G1CollectForAllocation
Event: 11.251 Executing VM operation: G1CollectForAllocation done
Event: 11.317 Executing VM operation: G1Concurrent
Event: 11.321 Executing VM operation: G1Concurrent done
Event: 11.350 Executing VM operation: G1Concurrent
Event: 11.351 Executing VM operation: G1Concurrent done
Event: 11.727 Executing VM operation: G1CollectForAllocation
Event: 11.737 Executing VM operation: G1CollectForAllocation done
Event: 11.797 Executing VM operation: G1CollectForAllocation

Events (20 events):
Event: 10.341 loading class sun/nio/ch/Util$4 done
Event: 10.341 loading class jdk/internal/access/foreign/MemorySegmentProxy
Event: 10.341 loading class jdk/internal/access/foreign/MemorySegmentProxy done
Event: 10.342 loading class java/io/UTFDataFormatException
Event: 10.342 loading class java/io/UTFDataFormatException done
Event: 10.358 loading class java/nio/file/attribute/DosFileAttributeView
Event: 10.358 loading class java/nio/file/attribute/DosFileAttributeView done
Event: 10.358 loading class sun/nio/fs/WindowsFileAttributeViews$Dos
Event: 10.358 loading class sun/nio/fs/WindowsFileAttributeViews$Dos done
Event: 10.399 Thread 0x000001e3856279a0 Thread added: 0x000001e3856279a0
Event: 10.399 Thread 0x000001e383e802f0 Thread added: 0x000001e383e802f0
Event: 10.748 Thread 0x000001e383e802f0 Thread exited: 0x000001e383e802f0
Event: 10.950 loading class java/nio/channels/Channels$ReadableByteChannelImpl
Event: 10.950 loading class java/nio/channels/Channels$ReadableByteChannelImpl done
Event: 10.950 loading class java/nio/channels/NonWritableChannelException
Event: 10.950 loading class java/nio/channels/NonWritableChannelException done
Event: 11.057 Thread 0x000001e38771a8b0 Thread added: 0x000001e38771a8b0
Event: 11.231 Thread 0x000001e38771a8b0 Thread exited: 0x000001e38771a8b0
Event: 11.231 Thread 0x000001e3856279a0 Thread exited: 0x000001e3856279a0
Event: 11.440 Thread 0x000001e3fee3b850 Thread added: 0x000001e3fee3b850


Dynamic libraries:
0x00007ff73d970000 - 0x00007ff73d97a000 	C:\Program Files\Android\Android Studio\jbr\bin\java.exe
0x00007ffcb0010000 - 0x00007ffcb0227000 	C:\WINDOWS\SYSTEM32\ntdll.dll
0x00007ffcaf480000 - 0x00007ffcaf544000 	C:\WINDOWS\System32\KERNEL32.DLL
0x00007ffcad470000 - 0x00007ffcad816000 	C:\WINDOWS\System32\KERNELBASE.dll
0x00007ffcad350000 - 0x00007ffcad461000 	C:\WINDOWS\System32\ucrtbase.dll
0x00007ffc8e8a0000 - 0x00007ffc8e8b7000 	C:\Program Files\Android\Android Studio\jbr\bin\jli.dll
0x00007ffca3270000 - 0x00007ffca328b000 	C:\Program Files\Android\Android Studio\jbr\bin\VCRUNTIME140.dll
0x00007ffcadef0000 - 0x00007ffcae09e000 	C:\WINDOWS\System32\USER32.dll
0x00007ffcada10000 - 0x00007ffcada36000 	C:\WINDOWS\System32\win32u.dll
0x00007ffcaee80000 - 0x00007ffcaeea9000 	C:\WINDOWS\System32\GDI32.dll
0x00007ffc91b20000 - 0x00007ffc91db3000 	C:\WINDOWS\WinSxS\amd64_microsoft.windows.common-controls_6595b64144ccf1df_6.0.22621.2506_none_270c5ae97388e100\COMCTL32.dll
0x00007ffcad8f0000 - 0x00007ffcada08000 	C:\WINDOWS\System32\gdi32full.dll
0x00007ffcade40000 - 0x00007ffcadee7000 	C:\WINDOWS\System32\msvcrt.dll
0x00007ffcad820000 - 0x00007ffcad8ba000 	C:\WINDOWS\System32\msvcp_win.dll
0x00007ffcaff90000 - 0x00007ffcaffc1000 	C:\WINDOWS\System32\IMM32.DLL
0x00007ffca3260000 - 0x00007ffca326c000 	C:\Program Files\Android\Android Studio\jbr\bin\vcruntime140_1.dll
0x00007ffc879f0000 - 0x00007ffc87a7d000 	C:\Program Files\Android\Android Studio\jbr\bin\msvcp140.dll
0x00007ffc5e950000 - 0x00007ffc5f5be000 	C:\Program Files\Android\Android Studio\jbr\bin\server\jvm.dll
0x00007ffcafe30000 - 0x00007ffcafee3000 	C:\WINDOWS\System32\ADVAPI32.dll
0x00007ffcaf3c0000 - 0x00007ffcaf468000 	C:\WINDOWS\System32\sechost.dll
0x00007ffcad8c0000 - 0x00007ffcad8e8000 	C:\WINDOWS\System32\bcrypt.dll
0x00007ffcaf1f0000 - 0x00007ffcaf307000 	C:\WINDOWS\System32\RPCRT4.dll
0x00007ffca2fb0000 - 0x00007ffca2fe4000 	C:\WINDOWS\SYSTEM32\WINMM.dll
0x00007ffc9e500000 - 0x00007ffc9e50a000 	C:\WINDOWS\SYSTEM32\VERSION.dll
0x00007ffca95e0000 - 0x00007ffca95e9000 	C:\WINDOWS\SYSTEM32\WSOCK32.dll
0x00007ffcae900000 - 0x00007ffcae971000 	C:\WINDOWS\System32\WS2_32.dll
0x00007ffcac380000 - 0x00007ffcac398000 	C:\WINDOWS\SYSTEM32\kernel.appcore.dll
0x00007ffca9520000 - 0x00007ffca952a000 	C:\Program Files\Android\Android Studio\jbr\bin\jimage.dll
0x00007ffcaac60000 - 0x00007ffcaae93000 	C:\WINDOWS\SYSTEM32\DBGHELP.DLL
0x00007ffcaeaf0000 - 0x00007ffcaee79000 	C:\WINDOWS\System32\combase.dll
0x00007ffcadd60000 - 0x00007ffcade37000 	C:\WINDOWS\System32\OLEAUT32.dll
0x00007ffc92170000 - 0x00007ffc921a2000 	C:\WINDOWS\SYSTEM32\dbgcore.DLL
0x00007ffcada40000 - 0x00007ffcadaba000 	C:\WINDOWS\System32\bcryptPrimitives.dll
0x00007ffc8fd90000 - 0x00007ffc8fdb5000 	C:\Program Files\Android\Android Studio\jbr\bin\java.dll
0x00007ffca9500000 - 0x00007ffca9518000 	C:\Program Files\Android\Android Studio\jbr\bin\zip.dll
0x00007ffcae0a0000 - 0x00007ffcae8fa000 	C:\WINDOWS\System32\SHELL32.dll
0x00007ffcab2a0000 - 0x00007ffcabb96000 	C:\WINDOWS\SYSTEM32\windows.storage.dll
0x00007ffcab160000 - 0x00007ffcab29e000 	C:\WINDOWS\SYSTEM32\wintypes.dll
0x00007ffcaeec0000 - 0x00007ffcaefb3000 	C:\WINDOWS\System32\SHCORE.dll
0x00007ffcaf790000 - 0x00007ffcaf7ee000 	C:\WINDOWS\System32\shlwapi.dll
0x00007ffcad280000 - 0x00007ffcad2a6000 	C:\WINDOWS\SYSTEM32\profapi.dll
0x00007ffc8f700000 - 0x00007ffc8f719000 	C:\Program Files\Android\Android Studio\jbr\bin\net.dll
0x00007ffca6430000 - 0x00007ffca6567000 	C:\WINDOWS\SYSTEM32\WINHTTP.dll
0x00007ffcac800000 - 0x00007ffcac869000 	C:\WINDOWS\system32\mswsock.dll
0x00007ffc8e9b0000 - 0x00007ffc8e9c6000 	C:\Program Files\Android\Android Studio\jbr\bin\nio.dll
0x00007ffca80a0000 - 0x00007ffca80b0000 	C:\Program Files\Android\Android Studio\jbr\bin\verify.dll
0x00007ffc88270000 - 0x00007ffc88297000 	C:\Users\86199\.gradle\native\68d5fa5c4cc2d200863cafc0d521ce42e7d3e7ee720ec0a83991735586a16f82\windows-amd64\native-platform.dll
0x00007ffc640e0000 - 0x00007ffc64224000 	C:\Users\86199\.gradle\native\e376f236ea51e6404a007f0833ffe2c6e607c4080706a723a18a27aeea778392\windows-amd64\native-platform-file-events.dll
0x00007ffca69c0000 - 0x00007ffca69c9000 	C:\Program Files\Android\Android Studio\jbr\bin\management.dll
0x00007ffc8fe60000 - 0x00007ffc8fe6b000 	C:\Program Files\Android\Android Studio\jbr\bin\management_ext.dll
0x00007ffcaf9a0000 - 0x00007ffcaf9a8000 	C:\WINDOWS\System32\PSAPI.DLL
0x00007ffcaca50000 - 0x00007ffcaca6b000 	C:\WINDOWS\SYSTEM32\CRYPTSP.dll
0x00007ffcac2e0000 - 0x00007ffcac315000 	C:\WINDOWS\system32\rsaenh.dll
0x00007ffcac8f0000 - 0x00007ffcac91c000 	C:\WINDOWS\SYSTEM32\USERENV.dll
0x00007ffcaca70000 - 0x00007ffcaca7c000 	C:\WINDOWS\SYSTEM32\CRYPTBASE.dll
0x00007ffcabe00000 - 0x00007ffcabe2d000 	C:\WINDOWS\SYSTEM32\IPHLPAPI.DLL
0x00007ffcaf470000 - 0x00007ffcaf479000 	C:\WINDOWS\System32\NSI.dll
0x00007ffca6410000 - 0x00007ffca6429000 	C:\WINDOWS\SYSTEM32\dhcpcsvc6.DLL
0x00007ffca63f0000 - 0x00007ffca640f000 	C:\WINDOWS\SYSTEM32\dhcpcsvc.DLL
0x00007ffcabe30000 - 0x00007ffcabf29000 	C:\WINDOWS\SYSTEM32\DNSAPI.dll
0x00007ffc8fd80000 - 0x00007ffc8fd88000 	C:\WINDOWS\system32\wshunix.dll

dbghelp: loaded successfully - version: 4.0.5 - missing functions: none
symbol engine: initialized successfully - sym options: 0x614 - pdb path: .;C:\Program Files\Android\Android Studio\jbr\bin;C:\WINDOWS\SYSTEM32;C:\WINDOWS\WinSxS\amd64_microsoft.windows.common-controls_6595b64144ccf1df_6.0.22621.2506_none_270c5ae97388e100;C:\Program Files\Android\Android Studio\jbr\bin\server;C:\Users\86199\.gradle\native\68d5fa5c4cc2d200863cafc0d521ce42e7d3e7ee720ec0a83991735586a16f82\windows-amd64;C:\Users\86199\.gradle\native\e376f236ea51e6404a007f0833ffe2c6e607c4080706a723a18a27aeea778392\windows-amd64

VM Arguments:
jvm_args: --add-opens=java.base/java.util=ALL-UNNAMED --add-opens=java.base/java.lang=ALL-UNNAMED --add-opens=java.base/java.lang.invoke=ALL-UNNAMED --add-opens=java.prefs/java.util.prefs=ALL-UNNAMED --add-opens=java.base/java.nio.charset=ALL-UNNAMED --add-opens=java.base/java.net=ALL-UNNAMED --add-opens=java.base/java.util.concurrent.atomic=ALL-UNNAMED -Xmx2048m -Dfile.encoding=UTF-8 -Duser.country=CN -Duser.language=zh -Duser.variant 
java_command: org.gradle.launcher.daemon.bootstrap.GradleDaemon 8.0
java_class_path (initial): C:\Users\86199\.gradle\wrapper\dists\gradle-8.0-bin\ca5e32bp14vu59qr306oxotwh\gradle-8.0\lib\gradle-launcher-8.0.jar
Launcher Type: SUN_STANDARD

[Global flags]
     intx CICompilerCount                          = 4                                         {product} {ergonomic}
     uint ConcGCThreads                            = 2                                         {product} {ergonomic}
     uint G1ConcRefinementThreads                  = 8                                         {product} {ergonomic}
   size_t G1HeapRegionSize                         = 1048576                                   {product} {ergonomic}
    uintx GCDrainStackTargetSize                   = 64                                        {product} {ergonomic}
   size_t InitialHeapSize                          = 266338304                                 {product} {ergonomic}
   size_t MarkStackSize                            = 4194304                                   {product} {ergonomic}
   size_t MaxHeapSize                              = 2147483648                                {product} {command line}
   size_t MaxNewSize                               = 1287651328                                {product} {ergonomic}
   size_t MinHeapDeltaBytes                        = 1048576                                   {product} {ergonomic}
   size_t MinHeapSize                              = 8388608                                   {product} {ergonomic}
    uintx NonNMethodCodeHeapSize                   = 5839372                                {pd product} {ergonomic}
    uintx NonProfiledCodeHeapSize                  = 122909434                              {pd product} {ergonomic}
    uintx ProfiledCodeHeapSize                     = 122909434                              {pd product} {ergonomic}
    uintx ReservedCodeCacheSize                    = 251658240                              {pd product} {ergonomic}
     bool SegmentedCodeCache                       = true                                      {product} {ergonomic}
   size_t SoftMaxHeapSize                          = 2147483648                             {manageable} {ergonomic}
     bool UseCompressedClassPointers               = true                           {product lp64_product} {ergonomic}
     bool UseCompressedOops                        = true                           {product lp64_product} {ergonomic}
     bool UseG1GC                                  = true                                      {product} {ergonomic}
     bool UseLargePagesIndividualAllocation        = false                                  {pd product} {ergonomic}

Logging:
Log output configuration:
 #0: stdout all=warning uptime,level,tags
 #1: stderr all=off uptime,level,tags

Environment Variables:
JAVA_HOME=D:\android\Java
CLASSPATH=.;D:\android\Java\lib;D:\android\Java\lib\tools.jar
PATH=C:\Program Files\Java\jdk 1.8.0_341\bin;D:\android\Java\bin;D:\android\Java\jre\bin;D:\mysql\mysql-5.7.27-winx64\bin;c:\windows\system32;C:\WINDOWS\system32;D:\tomcat\apache-tomcat-8.5.47\bin;D:\Anaconda;D:\Anaconda\Scripts;D:\Anaconda\Library\bin;D:\Anaconda\Library\mingw-w64\bin;D:\tomcat\apache-tomcat-8.5.47\lib\;%OMCAT_HOME%\bin;C:\Program Files\Azure Data Studio\bin;C:\Users\86199\Downloads\ffmpeg-6.0-full_build\bin;C:\WINDOWS;C:\WINDOWS\System32\Wbem;C:\WINDOWS\System32\WindowsPowerShell\v1.0\;C:\WINDOWS\System32\OpenSSH\;D:\Download\web\dll;%MAVEN;HOME%\bin;"% ANDROID_SDK_HOME%\platform-tools;% ANDROID_SDK_HOME%\tools";D:\android\SDK\platform-tools;C:\WINDOWS\system32;D:\software\node.js\;D:\software\gradle-8.0\bin;D:\software\Git\Git\cmd;D:\Anaconda;D:\Anaconda\Library\mingw-w64\bin;D:\Anaconda\Library\usr\bin;D:\Anaconda\Library\bin;D:\Anaconda\Scripts;C:\Users\86199\AppData\Local\Microsoft\WindowsApps;C:\Program Files\JetBrains\PyCharm Community Edition 2021.3\bin;;%JAVA_HOME\bin;%IntelliJ IDEA Community Edition%;C:\Program Files (x86)\Tencent\QQGameTempest\Hall.57915\;C:\Program Files\Azure Data Studio\bin;D:\Download\Microsoft VS Code\bin;C:\Users\86199\AppData\Roaming\npm
USERNAME=86199
OS=Windows_NT
PROCESSOR_IDENTIFIER=Intel64 Family 6 Model 140 Stepping 1, GenuineIntel
TMP=C:\Users\86199\AppData\Local\Temp
TEMP=C:\Users\86199\AppData\Local\Temp


JNI global refs:
JNI global refs: 25, weak refs: 0

JNI global refs memory usage: 843, weak refs: 841


---------------  S Y S T E M  ---------------

OS:
 Windows 11 , 64 bit Build 22621 (10.0.22621.2506)
OS uptime: 0 days 8:49 hours

CPU: total 8 (initial active 8) (4 cores per cpu, 2 threads per core) family 6 model 140 stepping 1 microcode 0x86, cx8, cmov, fxsr, ht, mmx, 3dnowpref, sse, sse2, sse3, ssse3, sse4.1, sse4.2, popcnt, lzcnt, tsc, tscinvbit, avx, avx2, aes, erms, clmul, bmi1, bmi2, adx, avx512f, avx512dq, avx512cd, avx512bw, avx512vl, sha, fma, vzeroupper, avx512_vpopcntdq, avx512_vpclmulqdq, avx512_vaes, avx512_vnni, clflush, clflushopt, clwb, avx512_vbmi2, avx512_vbmi

Memory: 4k page, system-wide physical 16167M (1958M free)
TotalPageFile size 16167M (AvailPageFile size 151M)
current process WorkingSet (physical memory assigned to process): 490M, peak: 490M
current process commit charge ("private bytes"): 546M, peak: 877M

vm_info: OpenJDK 64-Bit Server VM (17.0.6+0-b2043.56-10027231) for windows-amd64 JRE (17.0.6+0-b2043.56-10027231), built on Apr 28 2023 00:43:19 by "androidbuild" with MS VC++ 16.10 / 16.11 (VS2019)

END.
