#
# There is insufficient memory for the Java Runtime Environment to continue.
# Native memory allocation (malloc) failed to allocate 1057296 bytes for Chunk::new
# Possible reasons:
#   The system is out of physical RAM or swap space
#   The process is running with CompressedOops enabled, and the Java Heap may be blocking the growth of the native heap
# Possible solutions:
#   Reduce memory load on the system
#   Increase physical memory or swap space
#   Check if swap backing store is full
#   Decrease Java heap size (-Xmx/-Xms)
#   Decrease number of Java threads
#   Decrease Java thread stack sizes (-Xss)
#   Set larger code cache with -XX:ReservedCodeCacheSize=
#   JVM is running with Unscaled Compressed Oops mode in which the Java heap is
#     placed in the first 4GB address space. The Java Heap base address is the
#     maximum limit for the native heap growth. Please use -XX:HeapBaseMinAddress
#     to set the Java Heap base and to place the Java Heap above 4GB virtual address.
# This output file may be truncated or incomplete.
#
#  Out of Memory Error (arena.cpp:189), pid=13380, tid=17356
#
# JRE version: OpenJDK Runtime Environment (17.0.6) (build 17.0.6+0-b2043.56-10027231)
# Java VM: OpenJDK 64-Bit Server VM (17.0.6+0-b2043.56-10027231, mixed mode, tiered, compressed oops, compressed class ptrs, g1 gc, windows-amd64)
# No core dump will be written. Minidumps are not enabled by default on client versions of Windows
#

---------------  S U M M A R Y ------------

Command Line: --add-opens=java.base/java.util=ALL-UNNAMED --add-opens=java.base/java.lang=ALL-UNNAMED --add-opens=java.base/java.lang.invoke=ALL-UNNAMED --add-opens=java.prefs/java.util.prefs=ALL-UNNAMED --add-opens=java.base/java.nio.charset=ALL-UNNAMED --add-opens=java.base/java.net=ALL-UNNAMED --add-opens=java.base/java.util.concurrent.atomic=ALL-UNNAMED -Xmx2048m -Dfile.encoding=UTF-8 -Duser.country=CN -Duser.language=zh -Duser.variant org.gradle.launcher.daemon.bootstrap.GradleDaemon 8.0

Host: 11th Gen Intel(R) Core(TM) i5-1135G7 @ 2.40GHz, 8 cores, 15G,  Windows 11 , 64 bit Build 22621 (10.0.22621.2506)
Time: Wed Jan 10 19:44:30 2024  Windows 11 , 64 bit Build 22621 (10.0.22621.2506) elapsed time: 152.231367 seconds (0d 0h 2m 32s)

---------------  T H R E A D  ---------------

Current thread (0x0000029d3a08ac20):  JavaThread "C2 CompilerThread0" daemon [_thread_in_native, id=17356, stack(0x000000ac9ab00000,0x000000ac9ac00000)]


Current CompileTask:
C2: 152231 18901 %     4       com.android.tools.r8.dex.B::l @ 63 (1921 bytes)

Stack: [0x000000ac9ab00000,0x000000ac9ac00000]
Native frames: (J=compiled Java code, j=interpreted, Vv=VM code, C=native code)
V  [jvm.dll+0x683c9a]
V  [jvm.dll+0x8427a4]
V  [jvm.dll+0x843f9e]
V  [jvm.dll+0x844603]
V  [jvm.dll+0x249b75]
V  [jvm.dll+0xabcac]
V  [jvm.dll+0xac27c]
V  [jvm.dll+0x368802]
V  [jvm.dll+0x1bced2]
V  [jvm.dll+0x21c359]
V  [jvm.dll+0x21b621]
V  [jvm.dll+0x1a4fdd]
V  [jvm.dll+0x22b098]
V  [jvm.dll+0x229159]
V  [jvm.dll+0x7f81ec]
V  [jvm.dll+0x7f274a]
V  [jvm.dll+0x682ad5]
C  [ucrtbase.dll+0x29363]
C  [KERNEL32.DLL+0x1257d]
C  [ntdll.dll+0x5aa58]


---------------  P R O C E S S  ---------------

Threads class SMR info:
_java_thread_list=0x0000029d4371a360, length=152, elements={
0x0000029d1f8b98d0, 0x0000029d3a0350f0, 0x0000029d3a035ca0, 0x0000029d3a066d70,
0x0000029d3a067920, 0x0000029d3a0684d0, 0x0000029d3a08a030, 0x0000029d3a08ac20,
0x0000029d3a08b6c0, 0x0000029d3a08d0c0, 0x0000029d3a215910, 0x0000029d3a22a020,
0x0000029d3caa11a0, 0x0000029d3ca9fe60, 0x0000029d3ca9f990, 0x0000029d3caa0cd0,
0x0000029d3caa24e0, 0x0000029d3ca9eb20, 0x0000029d3cf62380, 0x0000029d3cf62850,
0x0000029d3cf5d1b0, 0x0000029d3cf61510, 0x0000029d3cf5e020, 0x0000029d3cf5e4f0,
0x0000029d3cf61eb0, 0x0000029d3cf5b4d0, 0x0000029d3cf5fd00, 0x0000029d3cf5f360,
0x0000029d3cf5ee90, 0x0000029d3cf60b70, 0x0000029d3cf5db50, 0x0000029d3cd1f2c0,
0x0000029d3cd1d110, 0x0000029d3cd1edf0, 0x0000029d47290780, 0x0000029d47295480,
0x0000029d47294140, 0x0000029d47291f90, 0x0000029d4728f440, 0x0000029d47294fb0,
0x0000029d472902b0, 0x0000029d401ecc50, 0x0000029d47295950, 0x0000029d47295e20,
0x0000029d47290c50, 0x0000029d4728fde0, 0x0000029d47291120, 0x0000029d47294610,
0x0000029d47294ae0, 0x0000029d472962f0, 0x0000029d472915f0, 0x0000029d47291ac0,
0x0000029d472937a0, 0x0000029d472967c0, 0x0000029d4728ef70, 0x0000029d47292460,
0x0000029d47292930, 0x0000029d47292e00, 0x0000029d472932d0, 0x0000029d3cd1fc60,
0x0000029d3cd1b430, 0x0000029d3cd1d5e0, 0x0000029d3cd1dab0, 0x0000029d3cd20130,
0x0000029d3cd21470, 0x0000029d3cd1a0f0, 0x0000029d3cd1b900, 0x0000029d3cd1cc40,
0x0000029d3cd1c2a0, 0x0000029d3cd1df80, 0x0000029d3cd1c770, 0x0000029d3cd1a5c0,
0x0000029d3cd1e920, 0x0000029d3ff54850, 0x0000029d3ff51830, 0x0000029d3ff526a0,
0x0000029d3ff52b70, 0x0000029d3ff53040, 0x0000029d3ff53eb0, 0x0000029d3ff53510,
0x0000029d3ff539e0, 0x0000029d3ff56060, 0x0000029d3ff56530, 0x0000029d3cf5be70,
0x0000029d3cf5d680, 0x0000029d3cf62d20, 0x0000029d3cf5f830, 0x0000029d3cf5b9a0,
0x0000029d3cf5c810, 0x0000029d3cf5e9c0, 0x0000029d3ca9eff0, 0x0000029d3ca9f4c0,
0x0000029d3caa0330, 0x0000029d3caa0800, 0x0000029d3caa1b40, 0x0000029d3caa1670,
0x0000029d3caa2010, 0x0000029d46f3cb50, 0x0000029d46f43a00, 0x0000029d46f42b90,
0x0000029d46f43060, 0x0000029d46f3c1b0, 0x0000029d46f3f6a0, 0x0000029d46f3c680,
0x0000029d46f3d4f0, 0x0000029d46f3d020, 0x0000029d46f3de90, 0x0000029d46f41d20,
0x0000029d46f43530, 0x0000029d46f3e360, 0x0000029d46f426c0, 0x0000029d46f40eb0,
0x0000029d46f3ed00, 0x0000029d46f421f0, 0x0000029d46f3fb70, 0x0000029d46f3d9c0,
0x0000029d46f3f1d0, 0x0000029d46f41850, 0x0000029d46f3e830, 0x0000029d46f40040,
0x0000029d46f40510, 0x0000029d46f409e0, 0x0000029d46f41380, 0x0000029d46f2b6b0,
0x0000029d46f29ea0, 0x0000029d46f2bb80, 0x0000029d46f281c0, 0x0000029d401e9ec0,
0x0000029d46f2a840, 0x0000029d46f2a370, 0x0000029d46f28690, 0x0000029d46f29500,
0x0000029d46f299d0, 0x0000029d3ff551f0, 0x0000029d408a85d0, 0x0000029d408a9de0,
0x0000029d408a8f70, 0x0000029d408a9910, 0x0000029d408aa2b0, 0x0000029d408aa780,
0x0000029d408ac460, 0x0000029d408ac930, 0x0000029d408abac0, 0x0000029d408abf90,
0x0000029d408ad2d0, 0x0000029d408ad7a0, 0x0000029d408ae140, 0x0000029d408adc70,
0x0000029d490aad60, 0x0000029d490a9ef0, 0x0000029d490ab700, 0x0000029d490abbd0
}

Java Threads: ( => current thread )
  0x0000029d1f8b98d0 JavaThread "main" [_thread_blocked, id=10880, stack(0x000000ac99e00000,0x000000ac99f00000)]
  0x0000029d3a0350f0 JavaThread "Reference Handler" daemon [_thread_blocked, id=11812, stack(0x000000ac9a500000,0x000000ac9a600000)]
  0x0000029d3a035ca0 JavaThread "Finalizer" daemon [_thread_blocked, id=17916, stack(0x000000ac9a600000,0x000000ac9a700000)]
  0x0000029d3a066d70 JavaThread "Signal Dispatcher" daemon [_thread_blocked, id=16284, stack(0x000000ac9a700000,0x000000ac9a800000)]
  0x0000029d3a067920 JavaThread "Attach Listener" daemon [_thread_blocked, id=1976, stack(0x000000ac9a800000,0x000000ac9a900000)]
  0x0000029d3a0684d0 JavaThread "Service Thread" daemon [_thread_blocked, id=11272, stack(0x000000ac9a900000,0x000000ac9aa00000)]
  0x0000029d3a08a030 JavaThread "Monitor Deflation Thread" daemon [_thread_blocked, id=3252, stack(0x000000ac9aa00000,0x000000ac9ab00000)]
=>0x0000029d3a08ac20 JavaThread "C2 CompilerThread0" daemon [_thread_in_native, id=17356, stack(0x000000ac9ab00000,0x000000ac9ac00000)]
  0x0000029d3a08b6c0 JavaThread "C1 CompilerThread0" daemon [_thread_blocked, id=16536, stack(0x000000ac9ac00000,0x000000ac9ad00000)]
  0x0000029d3a08d0c0 JavaThread "Sweeper thread" daemon [_thread_blocked, id=8436, stack(0x000000ac9ad00000,0x000000ac9ae00000)]
  0x0000029d3a215910 JavaThread "Common-Cleaner" daemon [_thread_blocked, id=10128, stack(0x000000ac9ae00000,0x000000ac9af00000)]
  0x0000029d3a22a020 JavaThread "Notification Thread" daemon [_thread_blocked, id=18588, stack(0x000000ac9af00000,0x000000ac9b000000)]
  0x0000029d3caa11a0 JavaThread "Daemon health stats" [_thread_blocked, id=14692, stack(0x000000ac9b800000,0x000000ac9b900000)]
  0x0000029d3ca9fe60 JavaThread "Incoming local TCP Connector on port 55377" [_thread_in_native, id=18676, stack(0x000000ac9b100000,0x000000ac9b200000)]
  0x0000029d3ca9f990 JavaThread "Daemon periodic checks" [_thread_blocked, id=14788, stack(0x000000ac9b200000,0x000000ac9b300000)]
  0x0000029d3caa0cd0 JavaThread "Cache worker for journal cache (C:\Users\86199\.gradle\caches\journal-1)" [_thread_blocked, id=1720, stack(0x000000ac9c500000,0x000000ac9c600000)]
  0x0000029d3caa24e0 JavaThread "File lock request listener" [_thread_in_native, id=17676, stack(0x000000ac9c600000,0x000000ac9c700000)]
  0x0000029d3ca9eb20 JavaThread "Cache worker for file hash cache (C:\Users\86199\.gradle\caches\8.0\fileHashes)" [_thread_blocked, id=16240, stack(0x000000ac9c700000,0x000000ac9c800000)]
  0x0000029d3cf62380 JavaThread "File watcher server" daemon [_thread_in_native, id=5728, stack(0x000000ac9c800000,0x000000ac9c900000)]
  0x0000029d3cf62850 JavaThread "File watcher consumer" daemon [_thread_blocked, id=10024, stack(0x000000ac9c900000,0x000000ac9ca00000)]
  0x0000029d3cf5d1b0 JavaThread "jar transforms" [_thread_blocked, id=3124, stack(0x000000ac9ca00000,0x000000ac9cb00000)]
  0x0000029d3cf61510 JavaThread "jar transforms Thread 2" [_thread_blocked, id=14868, stack(0x000000ac9cb00000,0x000000ac9cc00000)]
  0x0000029d3cf5e020 JavaThread "jar transforms Thread 3" [_thread_blocked, id=13428, stack(0x000000ac9cc00000,0x000000ac9cd00000)]
  0x0000029d3cf5e4f0 JavaThread "jar transforms Thread 4" [_thread_blocked, id=10584, stack(0x000000ac9cd00000,0x000000ac9ce00000)]
  0x0000029d3cf61eb0 JavaThread "jar transforms Thread 5" [_thread_blocked, id=15132, stack(0x000000ac9ce00000,0x000000ac9cf00000)]
  0x0000029d3cf5b4d0 JavaThread "jar transforms Thread 6" [_thread_blocked, id=11356, stack(0x000000ac9cf00000,0x000000ac9d000000)]
  0x0000029d3cf5fd00 JavaThread "jar transforms Thread 7" [_thread_blocked, id=7040, stack(0x000000ac9d000000,0x000000ac9d100000)]
  0x0000029d3cf5f360 JavaThread "jar transforms Thread 8" [_thread_blocked, id=17500, stack(0x000000ac9d100000,0x000000ac9d200000)]
  0x0000029d3cf5ee90 JavaThread "Cache worker for file content cache (C:\Users\86199\.gradle\caches\8.0\fileContent)" [_thread_blocked, id=2720, stack(0x000000ac9d400000,0x000000ac9d500000)]
  0x0000029d3cf60b70 JavaThread "Cache worker for execution history cache (C:\Users\86199\.gradle\caches\8.0\executionHistory)" [_thread_blocked, id=16160, stack(0x000000ac9d700000,0x000000ac9d800000)]
  0x0000029d3cf5db50 JavaThread "Cache worker for kotlin-dsl (C:\Users\86199\.gradle\caches\8.0\kotlin-dsl)" [_thread_blocked, id=6116, stack(0x000000ac9d800000,0x000000ac9d900000)]
  0x0000029d3cd1f2c0 JavaThread "Memory manager" [_thread_blocked, id=13988, stack(0x000000aca2b00000,0x000000aca2c00000)]
  0x0000029d3cd1d110 JavaThread "Daemon Thread 2" [_thread_blocked, id=19208, stack(0x000000ac99b00000,0x000000ac99c00000)]
  0x0000029d3cd1edf0 JavaThread "Daemon worker Thread 2" [_thread_blocked, id=3632, stack(0x000000ac9b900000,0x000000ac9ba00000)]
  0x0000029d47290780 JavaThread "included builds" [_thread_blocked, id=14560, stack(0x000000aca2c00000,0x000000aca2d00000)]
  0x0000029d47295480 JavaThread "Handler for socket connection from /127.0.0.1:55377 to /127.0.0.1:55402" [_thread_in_native, id=14416, stack(0x000000ac99c00000,0x000000ac99d00000)]
  0x0000029d47294140 JavaThread "Cancel handler" [_thread_blocked, id=14108, stack(0x000000ac99d00000,0x000000ac99e00000)]
  0x0000029d47291f90 JavaThread "Asynchronous log dispatcher for DefaultDaemonConnection: socket connection from /127.0.0.1:55377 to /127.0.0.1:55402" [_thread_blocked, id=8096, stack(0x000000ac9ba00000,0x000000ac9bb00000)]
  0x0000029d4728f440 JavaThread "Stdin handler" [_thread_blocked, id=11764, stack(0x000000ac9bb00000,0x000000ac9bc00000)]
  0x0000029d47294fb0 JavaThread "Daemon client event forwarder" [_thread_blocked, id=7304, stack(0x000000ac9bc00000,0x000000ac9bd00000)]
  0x0000029d472902b0 JavaThread "Cache worker for checksums cache (D:\MyApplication\.gradle\8.0\checksums)" [_thread_blocked, id=17484, stack(0x000000ac9bd00000,0x000000ac9be00000)]
  0x0000029d401ecc50 JavaThread "C2 CompilerThread1" daemon [_thread_blocked, id=7732, stack(0x000000ac9be00000,0x000000ac9bf00000)]
  0x0000029d47295950 JavaThread "Cache worker for cache directory md-rule (C:\Users\86199\.gradle\caches\8.0\md-rule)" [_thread_blocked, id=5888, stack(0x000000ac9bf00000,0x000000ac9c000000)]
  0x0000029d47295e20 JavaThread "Cache worker for file hash cache (D:\MyApplication\.gradle\8.0\fileHashes)" [_thread_blocked, id=240, stack(0x000000ac9c000000,0x000000ac9c100000)]
  0x0000029d47290c50 JavaThread "Cache worker for cache directory md-supplier (C:\Users\86199\.gradle\caches\8.0\md-supplier)" [_thread_blocked, id=17640, stack(0x000000ac9c100000,0x000000ac9c200000)]
  0x0000029d4728fde0 JavaThread "Cache worker for dependencies-accessors (D:\MyApplication\.gradle\8.0\dependencies-accessors)" [_thread_blocked, id=14920, stack(0x000000ac9d200000,0x000000ac9d300000)]
  0x0000029d47291120 JavaThread "Cache worker for Build Output Cleanup Cache (D:\MyApplication\.gradle\buildOutputCleanup)" [_thread_blocked, id=16136, stack(0x000000ac9d300000,0x000000ac9d400000)]
  0x0000029d47294610 JavaThread "Unconstrained build operations" [_thread_blocked, id=8968, stack(0x000000ac9d500000,0x000000ac9d600000)]
  0x0000029d47294ae0 JavaThread "Unconstrained build operations Thread 2" [_thread_blocked, id=19424, stack(0x000000ac9d600000,0x000000ac9d700000)]
  0x0000029d472962f0 JavaThread "Unconstrained build operations Thread 3" [_thread_blocked, id=10264, stack(0x000000ac9d900000,0x000000ac9da00000)]
  0x0000029d472915f0 JavaThread "Unconstrained build operations Thread 4" [_thread_blocked, id=14480, stack(0x000000ac9da00000,0x000000ac9db00000)]
  0x0000029d47291ac0 JavaThread "Unconstrained build operations Thread 5" [_thread_blocked, id=4548, stack(0x000000ac9db00000,0x000000ac9dc00000)]
  0x0000029d472937a0 JavaThread "Unconstrained build operations Thread 6" [_thread_blocked, id=1604, stack(0x000000ac9dc00000,0x000000ac9dd00000)]
  0x0000029d472967c0 JavaThread "Unconstrained build operations Thread 7" [_thread_blocked, id=16168, stack(0x000000ac9dd00000,0x000000ac9de00000)]
  0x0000029d4728ef70 JavaThread "Unconstrained build operations Thread 8" [_thread_blocked, id=16516, stack(0x000000ac9de00000,0x000000ac9df00000)]
  0x0000029d47292460 JavaThread "Unconstrained build operations Thread 9" [_thread_blocked, id=11604, stack(0x000000ac9df00000,0x000000ac9e000000)]
  0x0000029d47292930 JavaThread "Unconstrained build operations Thread 10" [_thread_blocked, id=10180, stack(0x000000ac9e000000,0x000000ac9e100000)]
  0x0000029d47292e00 JavaThread "Unconstrained build operations Thread 11" [_thread_blocked, id=10744, stack(0x000000ac9e100000,0x000000ac9e200000)]
  0x0000029d472932d0 JavaThread "Unconstrained build operations Thread 12" [_thread_blocked, id=17068, stack(0x000000ac9e200000,0x000000ac9e300000)]
  0x0000029d3cd1fc60 JavaThread "Unconstrained build operations Thread 13" [_thread_blocked, id=13172, stack(0x000000ac9e300000,0x000000ac9e400000)]
  0x0000029d3cd1b430 JavaThread "Unconstrained build operations Thread 14" [_thread_blocked, id=3708, stack(0x000000ac9e400000,0x000000ac9e500000)]
  0x0000029d3cd1d5e0 JavaThread "Unconstrained build operations Thread 15" [_thread_blocked, id=18456, stack(0x000000ac9e500000,0x000000ac9e600000)]
  0x0000029d3cd1dab0 JavaThread "Unconstrained build operations Thread 16" [_thread_blocked, id=17768, stack(0x000000ac9e600000,0x000000ac9e700000)]
  0x0000029d3cd20130 JavaThread "Unconstrained build operations Thread 17" [_thread_blocked, id=4824, stack(0x000000ac9e700000,0x000000ac9e800000)]
  0x0000029d3cd21470 JavaThread "Unconstrained build operations Thread 18" [_thread_blocked, id=8440, stack(0x000000ac9e800000,0x000000ac9e900000)]
  0x0000029d3cd1a0f0 JavaThread "Unconstrained build operations Thread 19" [_thread_blocked, id=2528, stack(0x000000ac9e900000,0x000000ac9ea00000)]
  0x0000029d3cd1b900 JavaThread "Unconstrained build operations Thread 20" [_thread_blocked, id=12172, stack(0x000000ac9ea00000,0x000000ac9eb00000)]
  0x0000029d3cd1cc40 JavaThread "Unconstrained build operations Thread 21" [_thread_blocked, id=11520, stack(0x000000ac9eb00000,0x000000ac9ec00000)]
  0x0000029d3cd1c2a0 JavaThread "Unconstrained build operations Thread 22" [_thread_blocked, id=14784, stack(0x000000ac9ec00000,0x000000ac9ed00000)]
  0x0000029d3cd1df80 JavaThread "Unconstrained build operations Thread 23" [_thread_blocked, id=6076, stack(0x000000ac9ed00000,0x000000ac9ee00000)]
  0x0000029d3cd1c770 JavaThread "Unconstrained build operations Thread 24" [_thread_blocked, id=9976, stack(0x000000ac9ee00000,0x000000ac9ef00000)]
  0x0000029d3cd1a5c0 JavaThread "Unconstrained build operations Thread 25" [_thread_blocked, id=18916, stack(0x000000ac9ef00000,0x000000ac9f000000)]
  0x0000029d3cd1e920 JavaThread "Unconstrained build operations Thread 26" [_thread_blocked, id=19380, stack(0x000000ac9f000000,0x000000ac9f100000)]
  0x0000029d3ff54850 JavaThread "Unconstrained build operations Thread 27" [_thread_blocked, id=18728, stack(0x000000ac9f100000,0x000000ac9f200000)]
  0x0000029d3ff51830 JavaThread "Unconstrained build operations Thread 28" [_thread_blocked, id=14536, stack(0x000000ac9f200000,0x000000ac9f300000)]
  0x0000029d3ff526a0 JavaThread "Unconstrained build operations Thread 29" [_thread_blocked, id=18748, stack(0x000000ac9f300000,0x000000ac9f400000)]
  0x0000029d3ff52b70 JavaThread "Unconstrained build operations Thread 30" [_thread_blocked, id=3340, stack(0x000000ac9f400000,0x000000ac9f500000)]
  0x0000029d3ff53040 JavaThread "Unconstrained build operations Thread 31" [_thread_blocked, id=17080, stack(0x000000ac9f500000,0x000000ac9f600000)]
  0x0000029d3ff53eb0 JavaThread "Unconstrained build operations Thread 32" [_thread_blocked, id=15504, stack(0x000000ac9f600000,0x000000ac9f700000)]
  0x0000029d3ff53510 JavaThread "Unconstrained build operations Thread 33" [_thread_blocked, id=8464, stack(0x000000ac9f700000,0x000000ac9f800000)]
  0x0000029d3ff539e0 JavaThread "Unconstrained build operations Thread 34" [_thread_blocked, id=15924, stack(0x000000ac9f800000,0x000000ac9f900000)]
  0x0000029d3ff56060 JavaThread "Unconstrained build operations Thread 35" [_thread_blocked, id=19044, stack(0x000000ac9f900000,0x000000ac9fa00000)]
  0x0000029d3ff56530 JavaThread "Unconstrained build operations Thread 36" [_thread_blocked, id=18032, stack(0x000000ac9fa00000,0x000000ac9fb00000)]
  0x0000029d3cf5be70 JavaThread "Unconstrained build operations Thread 37" [_thread_blocked, id=17588, stack(0x000000ac9fb00000,0x000000ac9fc00000)]
  0x0000029d3cf5d680 JavaThread "Unconstrained build operations Thread 38" [_thread_blocked, id=14180, stack(0x000000ac9fc00000,0x000000ac9fd00000)]
  0x0000029d3cf62d20 JavaThread "Unconstrained build operations Thread 39" [_thread_blocked, id=9136, stack(0x000000ac9fd00000,0x000000ac9fe00000)]
  0x0000029d3cf5f830 JavaThread "Unconstrained build operations Thread 40" [_thread_blocked, id=17644, stack(0x000000ac9fe00000,0x000000ac9ff00000)]
  0x0000029d3cf5b9a0 JavaThread "Unconstrained build operations Thread 41" [_thread_blocked, id=16408, stack(0x000000ac9ff00000,0x000000aca0000000)]
  0x0000029d3cf5c810 JavaThread "Unconstrained build operations Thread 42" [_thread_blocked, id=5604, stack(0x000000aca0000000,0x000000aca0100000)]
  0x0000029d3cf5e9c0 JavaThread "Unconstrained build operations Thread 43" [_thread_blocked, id=12912, stack(0x000000aca0100000,0x000000aca0200000)]
  0x0000029d3ca9eff0 JavaThread "Unconstrained build operations Thread 44" [_thread_blocked, id=18708, stack(0x000000aca0200000,0x000000aca0300000)]
  0x0000029d3ca9f4c0 JavaThread "Unconstrained build operations Thread 45" [_thread_blocked, id=11336, stack(0x000000aca0300000,0x000000aca0400000)]
  0x0000029d3caa0330 JavaThread "Unconstrained build operations Thread 46" [_thread_blocked, id=7748, stack(0x000000aca0400000,0x000000aca0500000)]
  0x0000029d3caa0800 JavaThread "Unconstrained build operations Thread 47" [_thread_blocked, id=17996, stack(0x000000aca0500000,0x000000aca0600000)]
  0x0000029d3caa1b40 JavaThread "Unconstrained build operations Thread 48" [_thread_blocked, id=13544, stack(0x000000aca0600000,0x000000aca0700000)]
  0x0000029d3caa1670 JavaThread "Unconstrained build operations Thread 49" [_thread_blocked, id=2236, stack(0x000000aca0700000,0x000000aca0800000)]
  0x0000029d3caa2010 JavaThread "Unconstrained build operations Thread 50" [_thread_blocked, id=7604, stack(0x000000aca0800000,0x000000aca0900000)]
  0x0000029d46f3cb50 JavaThread "Unconstrained build operations Thread 51" [_thread_blocked, id=19292, stack(0x000000aca0900000,0x000000aca0a00000)]
  0x0000029d46f43a00 JavaThread "Unconstrained build operations Thread 52" [_thread_blocked, id=18608, stack(0x000000aca0a00000,0x000000aca0b00000)]
  0x0000029d46f42b90 JavaThread "Unconstrained build operations Thread 53" [_thread_blocked, id=1980, stack(0x000000aca0b00000,0x000000aca0c00000)]
  0x0000029d46f43060 JavaThread "Unconstrained build operations Thread 54" [_thread_blocked, id=9508, stack(0x000000aca0c00000,0x000000aca0d00000)]
  0x0000029d46f3c1b0 JavaThread "Unconstrained build operations Thread 55" [_thread_blocked, id=10988, stack(0x000000aca0d00000,0x000000aca0e00000)]
  0x0000029d46f3f6a0 JavaThread "Unconstrained build operations Thread 56" [_thread_blocked, id=17168, stack(0x000000aca0e00000,0x000000aca0f00000)]
  0x0000029d46f3c680 JavaThread "Unconstrained build operations Thread 57" [_thread_blocked, id=8368, stack(0x000000aca0f00000,0x000000aca1000000)]
  0x0000029d46f3d4f0 JavaThread "Unconstrained build operations Thread 58" [_thread_blocked, id=13588, stack(0x000000aca1000000,0x000000aca1100000)]
  0x0000029d46f3d020 JavaThread "Unconstrained build operations Thread 59" [_thread_blocked, id=3104, stack(0x000000aca1100000,0x000000aca1200000)]
  0x0000029d46f3de90 JavaThread "Unconstrained build operations Thread 60" [_thread_blocked, id=112, stack(0x000000aca1200000,0x000000aca1300000)]
  0x0000029d46f41d20 JavaThread "Unconstrained build operations Thread 61" [_thread_blocked, id=17864, stack(0x000000aca1300000,0x000000aca1400000)]
  0x0000029d46f43530 JavaThread "Unconstrained build operations Thread 62" [_thread_blocked, id=19196, stack(0x000000aca1400000,0x000000aca1500000)]
  0x0000029d46f3e360 JavaThread "Unconstrained build operations Thread 63" [_thread_blocked, id=12980, stack(0x000000aca1500000,0x000000aca1600000)]
  0x0000029d46f426c0 JavaThread "Unconstrained build operations Thread 64" [_thread_blocked, id=10756, stack(0x000000aca1600000,0x000000aca1700000)]
  0x0000029d46f40eb0 JavaThread "Unconstrained build operations Thread 65" [_thread_blocked, id=14272, stack(0x000000aca1700000,0x000000aca1800000)]
  0x0000029d46f3ed00 JavaThread "Unconstrained build operations Thread 66" [_thread_blocked, id=7932, stack(0x000000aca1800000,0x000000aca1900000)]
  0x0000029d46f421f0 JavaThread "Unconstrained build operations Thread 67" [_thread_blocked, id=2608, stack(0x000000aca1900000,0x000000aca1a00000)]
  0x0000029d46f3fb70 JavaThread "Unconstrained build operations Thread 68" [_thread_blocked, id=18904, stack(0x000000aca1a00000,0x000000aca1b00000)]
  0x0000029d46f3d9c0 JavaThread "Unconstrained build operations Thread 69" [_thread_blocked, id=7768, stack(0x000000aca1b00000,0x000000aca1c00000)]
  0x0000029d46f3f1d0 JavaThread "Unconstrained build operations Thread 70" [_thread_blocked, id=18936, stack(0x000000aca1c00000,0x000000aca1d00000)]
  0x0000029d46f41850 JavaThread "Unconstrained build operations Thread 71" [_thread_blocked, id=10172, stack(0x000000aca1d00000,0x000000aca1e00000)]
  0x0000029d46f3e830 JavaThread "Unconstrained build operations Thread 72" [_thread_blocked, id=7108, stack(0x000000aca1e00000,0x000000aca1f00000)]
  0x0000029d46f40040 JavaThread "Unconstrained build operations Thread 73" [_thread_blocked, id=1900, stack(0x000000aca1f00000,0x000000aca2000000)]
  0x0000029d46f40510 JavaThread "Unconstrained build operations Thread 74" [_thread_blocked, id=13596, stack(0x000000aca2000000,0x000000aca2100000)]
  0x0000029d46f409e0 JavaThread "Unconstrained build operations Thread 75" [_thread_blocked, id=9056, stack(0x000000aca2100000,0x000000aca2200000)]
  0x0000029d46f41380 JavaThread "Unconstrained build operations Thread 76" [_thread_blocked, id=3560, stack(0x000000aca2200000,0x000000aca2300000)]
  0x0000029d46f2b6b0 JavaThread "Unconstrained build operations Thread 77" [_thread_blocked, id=17712, stack(0x000000aca2300000,0x000000aca2400000)]
  0x0000029d46f29ea0 JavaThread "Unconstrained build operations Thread 78" [_thread_blocked, id=13620, stack(0x000000aca2400000,0x000000aca2500000)]
  0x0000029d46f2bb80 JavaThread "Unconstrained build operations Thread 79" [_thread_blocked, id=16436, stack(0x000000aca2500000,0x000000aca2600000)]
  0x0000029d46f281c0 JavaThread "Unconstrained build operations Thread 80" [_thread_blocked, id=11300, stack(0x000000aca2600000,0x000000aca2700000)]
  0x0000029d401e9ec0 JavaThread "C2 CompilerThread2" daemon [_thread_blocked, id=7056, stack(0x000000aca2700000,0x000000aca2800000)]
  0x0000029d46f2a840 JavaThread "build event listener" [_thread_blocked, id=3816, stack(0x000000aca2800000,0x000000aca2900000)]
  0x0000029d46f2a370 JavaThread "build event listener" [_thread_blocked, id=11432, stack(0x000000aca2900000,0x000000aca2a00000)]
  0x0000029d46f28690 JavaThread "build event listener" [_thread_blocked, id=7564, stack(0x000000aca2a00000,0x000000aca2b00000)]
  0x0000029d46f29500 JavaThread "included builds" [_thread_blocked, id=4108, stack(0x000000aca2d00000,0x000000aca2e00000)]
  0x0000029d46f299d0 JavaThread "Execution worker" [_thread_blocked, id=12120, stack(0x000000aca2e00000,0x000000aca2f00000)]
  0x0000029d3ff551f0 JavaThread "Execution worker Thread 2" [_thread_blocked, id=2792, stack(0x000000aca2f00000,0x000000aca3000000)]
  0x0000029d408a85d0 JavaThread "Execution worker Thread 3" [_thread_blocked, id=5500, stack(0x000000aca3000000,0x000000aca3100000)]
  0x0000029d408a9de0 JavaThread "Execution worker Thread 4" [_thread_blocked, id=14680, stack(0x000000aca3100000,0x000000aca3200000)]
  0x0000029d408a8f70 JavaThread "Execution worker Thread 5" [_thread_blocked, id=13056, stack(0x000000aca3200000,0x000000aca3300000)]
  0x0000029d408a9910 JavaThread "Execution worker Thread 6" [_thread_blocked, id=16012, stack(0x000000aca3300000,0x000000aca3400000)]
  0x0000029d408aa2b0 JavaThread "Execution worker Thread 7" [_thread_blocked, id=16624, stack(0x000000aca3400000,0x000000aca3500000)]
  0x0000029d408aa780 JavaThread "Cache worker for execution history cache (D:\MyApplication\.gradle\8.0\executionHistory)" [_thread_blocked, id=8140, stack(0x000000aca3500000,0x000000aca3600000)]
  0x0000029d408ac460 JavaThread "WorkerExecutor Queue" [_thread_blocked, id=6992, stack(0x000000aca3600000,0x000000aca3700000)]
  0x0000029d408ac930 JavaThread "WorkerExecutor Queue Thread 2" [_thread_blocked, id=11712, stack(0x000000aca3800000,0x000000aca3900000)]
  0x0000029d408abac0 JavaThread "WorkerExecutor Queue Thread 3" [_thread_blocked, id=3648, stack(0x000000aca3900000,0x000000aca3a00000)]
  0x0000029d408abf90 JavaThread "WorkerExecutor Queue Thread 4" [_thread_blocked, id=12156, stack(0x000000aca3a00000,0x000000aca3b00000)]
  0x0000029d408ad2d0 JavaThread "WorkerExecutor Queue Thread 5" [_thread_blocked, id=17796, stack(0x000000aca3b00000,0x000000aca3c00000)]
  0x0000029d408ad7a0 JavaThread "WorkerExecutor Queue Thread 6" [_thread_blocked, id=13392, stack(0x000000aca3c00000,0x000000aca3d00000)]
  0x0000029d408ae140 JavaThread "WorkerExecutor Queue Thread 7" [_thread_in_Java, id=13008, stack(0x000000aca3d00000,0x000000aca3e00000)]
  0x0000029d408adc70 JavaThread "WorkerExecutor Queue Thread 8" [_thread_blocked, id=9496, stack(0x000000aca3e00000,0x000000aca3f00000)]
  0x0000029d490aad60 JavaThread "WorkerExecutor Queue Thread 9" [_thread_blocked, id=9144, stack(0x000000aca4000000,0x000000aca4100000)]
  0x0000029d490a9ef0 JavaThread "pool-6-thread-1" [_thread_blocked, id=7104, stack(0x000000aca4100000,0x000000aca4200000)]
  0x0000029d490ab700 JavaThread "stderr" [_thread_in_native, id=272, stack(0x000000aca4200000,0x000000aca4300000)]
  0x0000029d490abbd0 JavaThread "stdout" [_thread_in_native, id=9156, stack(0x000000aca4300000,0x000000aca4400000)]

Other Threads:
  0x0000029d3a033640 VMThread "VM Thread" [stack: 0x000000ac9a400000,0x000000ac9a500000] [id=4876]
  0x0000029d1f92d360 WatcherThread [stack: 0x000000ac9b000000,0x000000ac9b100000] [id=1984]
  0x0000029d1f914a60 GCTaskThread "GC Thread#0" [stack: 0x000000ac99f00000,0x000000ac9a000000] [id=13020]
  0x0000029d3b08e5a0 GCTaskThread "GC Thread#1" [stack: 0x000000ac9b300000,0x000000ac9b400000] [id=2896]
  0x0000029d3b08e850 GCTaskThread "GC Thread#2" [stack: 0x000000ac9b400000,0x000000ac9b500000] [id=1260]
  0x0000029d3a7f5890 GCTaskThread "GC Thread#3" [stack: 0x000000ac9b500000,0x000000ac9b600000] [id=13412]
  0x0000029d3aa0a2d0 GCTaskThread "GC Thread#4" [stack: 0x000000ac9b600000,0x000000ac9b700000] [id=7348]
  0x0000029d3aa0a580 GCTaskThread "GC Thread#5" [stack: 0x000000ac9b700000,0x000000ac9b800000] [id=12916]
  0x0000029d3cc41b40 GCTaskThread "GC Thread#6" [stack: 0x000000ac9c200000,0x000000ac9c300000] [id=18284]
  0x0000029d3c551060 GCTaskThread "GC Thread#7" [stack: 0x000000ac9c300000,0x000000ac9c400000] [id=11320]
  0x0000029d1f9259a0 ConcurrentGCThread "G1 Main Marker" [stack: 0x000000ac9a000000,0x000000ac9a100000] [id=4696]
  0x0000029d1f9263b0 ConcurrentGCThread "G1 Conc#0" [stack: 0x000000ac9a100000,0x000000ac9a200000] [id=12572]
  0x0000029d3cae2520 ConcurrentGCThread "G1 Conc#1" [stack: 0x000000ac9c400000,0x000000ac9c500000] [id=15828]
  0x0000029d1f97e6e0 ConcurrentGCThread "G1 Refine#0" [stack: 0x000000ac9a200000,0x000000ac9a300000] [id=3920]
  0x0000029d3f763e80 ConcurrentGCThread "G1 Refine#1" [stack: 0x000000aca3700000,0x000000aca3800000] [id=6672]
  0x0000029d48e47d30 ConcurrentGCThread "G1 Refine#2" [stack: 0x000000aca4400000,0x000000aca4500000] [id=15956]
  0x0000029d465ccc10 ConcurrentGCThread "G1 Refine#3" [stack: 0x000000aca4500000,0x000000aca4600000] [id=6224]
  0x0000029d395b8300 ConcurrentGCThread "G1 Service" [stack: 0x000000ac9a300000,0x000000ac9a400000] [id=10812]

Threads with active compile tasks:
C2 CompilerThread0   152289 18901 %     4       com.android.tools.r8.dex.B::l @ 63 (1921 bytes)

VM state: not at safepoint (normal execution)

VM Mutex/Monitor currently owned by a thread: None

Heap address: 0x0000000080000000, size: 2048 MB, Compressed Oops mode: 32-bit

CDS archive(s) not mapped
Compressed class space mapped at: 0x0000000100000000-0x0000000140000000, reserved size: 1073741824
Narrow klass base: 0x0000000000000000, Narrow klass shift: 3, Narrow klass range: 0x140000000

GC Precious Log:
 CPUs: 8 total, 8 available
 Memory: 16167M
 Large Page Support: Disabled
 NUMA Support: Disabled
 Compressed Oops: Enabled (32-bit)
 Heap Region Size: 1M
 Heap Min Capacity: 8M
 Heap Initial Capacity: 254M
 Heap Max Capacity: 2G
 Pre-touch: Disabled
 Parallel Workers: 8
 Concurrent Workers: 2
 Concurrent Refinement Workers: 8
 Periodic GC: Disabled

Heap:
 garbage-first heap   total 386048K, used 238592K [0x0000000080000000, 0x0000000100000000)
  region size 1024K, 7 young (7168K), 3 survivors (3072K)
 Metaspace       used 133441K, committed 134720K, reserved 1171456K
  class space    used 17589K, committed 18176K, reserved 1048576K

Heap Regions: E=young(eden), S=young(survivor), O=old, HS=humongous(starts), HC=humongous(continues), CS=collection set, F=free, OA=open archive, CA=closed archive, TAMS=top-at-mark-start (previous, next)
|   0|0x0000000080000000, 0x0000000080100000, 0x0000000080100000|100%|HS|  |TAMS 0x0000000080100000, 0x0000000080000000| Complete 
|   1|0x0000000080100000, 0x0000000080200000, 0x0000000080200000|100%|HC|  |TAMS 0x0000000080200000, 0x0000000080100000| Complete 
|   2|0x0000000080200000, 0x0000000080300000, 0x0000000080300000|100%|HC|  |TAMS 0x0000000080300000, 0x0000000080200000| Complete 
|   3|0x0000000080300000, 0x0000000080400000, 0x0000000080400000|100%|HC|  |TAMS 0x0000000080400000, 0x0000000080300000| Complete 
|   4|0x0000000080400000, 0x0000000080500000, 0x0000000080500000|100%| O|  |TAMS 0x0000000080500000, 0x0000000080400000| Untracked 
|   5|0x0000000080500000, 0x0000000080600000, 0x0000000080600000|100%| O|  |TAMS 0x0000000080600000, 0x0000000080500000| Untracked 
|   6|0x0000000080600000, 0x0000000080700000, 0x0000000080700000|100%| O|  |TAMS 0x0000000080700000, 0x0000000080600000| Untracked 
|   7|0x0000000080700000, 0x0000000080800000, 0x0000000080800000|100%| O|  |TAMS 0x0000000080800000, 0x0000000080700000| Untracked 
|   8|0x0000000080800000, 0x0000000080900000, 0x0000000080900000|100%| O|  |TAMS 0x0000000080900000, 0x0000000080800000| Untracked 
|   9|0x0000000080900000, 0x0000000080a00000, 0x0000000080a00000|100%| O|  |TAMS 0x0000000080a00000, 0x0000000080900000| Untracked 
|  10|0x0000000080a00000, 0x0000000080b00000, 0x0000000080b00000|100%| O|  |TAMS 0x0000000080b00000, 0x0000000080a00000| Untracked 
|  11|0x0000000080b00000, 0x0000000080c00000, 0x0000000080c00000|100%| O|  |TAMS 0x0000000080c00000, 0x0000000080b00000| Untracked 
|  12|0x0000000080c00000, 0x0000000080d00000, 0x0000000080d00000|100%| O|  |TAMS 0x0000000080d00000, 0x0000000080c00000| Untracked 
|  13|0x0000000080d00000, 0x0000000080e00000, 0x0000000080e00000|100%| O|  |TAMS 0x0000000080e00000, 0x0000000080d00000| Untracked 
|  14|0x0000000080e00000, 0x0000000080f00000, 0x0000000080f00000|100%| O|  |TAMS 0x0000000080f00000, 0x0000000080e00000| Untracked 
|  15|0x0000000080f00000, 0x0000000081000000, 0x0000000081000000|100%| O|  |TAMS 0x0000000081000000, 0x0000000080f00000| Untracked 
|  16|0x0000000081000000, 0x0000000081100000, 0x0000000081100000|100%| O|  |TAMS 0x0000000081100000, 0x0000000081000000| Untracked 
|  17|0x0000000081100000, 0x0000000081200000, 0x0000000081200000|100%| O|  |TAMS 0x0000000081200000, 0x0000000081100000| Untracked 
|  18|0x0000000081200000, 0x0000000081300000, 0x0000000081300000|100%| O|  |TAMS 0x0000000081300000, 0x0000000081200000| Untracked 
|  19|0x0000000081300000, 0x0000000081400000, 0x0000000081400000|100%| O|  |TAMS 0x0000000081400000, 0x0000000081300000| Untracked 
|  20|0x0000000081400000, 0x0000000081500000, 0x0000000081500000|100%|HS|  |TAMS 0x0000000081500000, 0x0000000081400000| Complete 
|  21|0x0000000081500000, 0x0000000081600000, 0x0000000081600000|100%|HC|  |TAMS 0x0000000081600000, 0x0000000081500000| Complete 
|  22|0x0000000081600000, 0x0000000081700000, 0x0000000081700000|100%| O|  |TAMS 0x0000000081700000, 0x0000000081600000| Untracked 
|  23|0x0000000081700000, 0x0000000081800000, 0x0000000081800000|100%| O|  |TAMS 0x0000000081800000, 0x0000000081700000| Untracked 
|  24|0x0000000081800000, 0x0000000081900000, 0x0000000081900000|100%| O|  |TAMS 0x0000000081900000, 0x0000000081800000| Untracked 
|  25|0x0000000081900000, 0x0000000081a00000, 0x0000000081a00000|100%| O|  |TAMS 0x0000000081a00000, 0x0000000081900000| Untracked 
|  26|0x0000000081a00000, 0x0000000081b00000, 0x0000000081b00000|100%| O|  |TAMS 0x0000000081b00000, 0x0000000081a00000| Untracked 
|  27|0x0000000081b00000, 0x0000000081c00000, 0x0000000081c00000|100%|HS|  |TAMS 0x0000000081c00000, 0x0000000081b00000| Complete 
|  28|0x0000000081c00000, 0x0000000081d00000, 0x0000000081d00000|100%|HC|  |TAMS 0x0000000081d00000, 0x0000000081c00000| Complete 
|  29|0x0000000081d00000, 0x0000000081e00000, 0x0000000081e00000|100%|HC|  |TAMS 0x0000000081e00000, 0x0000000081d00000| Complete 
|  30|0x0000000081e00000, 0x0000000081f00000, 0x0000000081f00000|100%|HS|  |TAMS 0x0000000081f00000, 0x0000000081e00000| Complete 
|  31|0x0000000081f00000, 0x0000000082000000, 0x0000000082000000|100%|HC|  |TAMS 0x0000000082000000, 0x0000000081f00000| Complete 
|  32|0x0000000082000000, 0x0000000082100000, 0x0000000082100000|100%|HC|  |TAMS 0x0000000082100000, 0x0000000082000000| Complete 
|  33|0x0000000082100000, 0x0000000082200000, 0x0000000082200000|100%|HS|  |TAMS 0x0000000082200000, 0x0000000082100000| Complete 
|  34|0x0000000082200000, 0x0000000082300000, 0x0000000082300000|100%|HC|  |TAMS 0x0000000082300000, 0x0000000082200000| Complete 
|  35|0x0000000082300000, 0x0000000082400000, 0x0000000082400000|100%| O|  |TAMS 0x0000000082400000, 0x0000000082300000| Untracked 
|  36|0x0000000082400000, 0x0000000082500000, 0x0000000082500000|100%| O|  |TAMS 0x0000000082500000, 0x0000000082400000| Untracked 
|  37|0x0000000082500000, 0x0000000082600000, 0x0000000082600000|100%| O|  |TAMS 0x0000000082600000, 0x0000000082500000| Untracked 
|  38|0x0000000082600000, 0x0000000082700000, 0x0000000082700000|100%| O|  |TAMS 0x0000000082700000, 0x0000000082600000| Untracked 
|  39|0x0000000082700000, 0x0000000082800000, 0x0000000082800000|100%| O|  |TAMS 0x0000000082800000, 0x0000000082700000| Untracked 
|  40|0x0000000082800000, 0x0000000082900000, 0x0000000082900000|100%| O|  |TAMS 0x0000000082900000, 0x0000000082800000| Untracked 
|  41|0x0000000082900000, 0x0000000082a00000, 0x0000000082a00000|100%| O|  |TAMS 0x0000000082a00000, 0x0000000082900000| Untracked 
|  42|0x0000000082a00000, 0x0000000082b00000, 0x0000000082b00000|100%| O|  |TAMS 0x0000000082b00000, 0x0000000082a00000| Untracked 
|  43|0x0000000082b00000, 0x0000000082c00000, 0x0000000082c00000|100%| O|  |TAMS 0x0000000082c00000, 0x0000000082b00000| Untracked 
|  44|0x0000000082c00000, 0x0000000082d00000, 0x0000000082d00000|100%| O|  |TAMS 0x0000000082d00000, 0x0000000082c00000| Untracked 
|  45|0x0000000082d00000, 0x0000000082e00000, 0x0000000082e00000|100%|HS|  |TAMS 0x0000000082e00000, 0x0000000082d00000| Complete 
|  46|0x0000000082e00000, 0x0000000082f00000, 0x0000000082f00000|100%|HC|  |TAMS 0x0000000082f00000, 0x0000000082e00000| Complete 
|  47|0x0000000082f00000, 0x0000000083000000, 0x0000000083000000|100%|HC|  |TAMS 0x0000000083000000, 0x0000000082f00000| Complete 
|  48|0x0000000083000000, 0x0000000083100000, 0x0000000083100000|100%|HC|  |TAMS 0x0000000083100000, 0x0000000083000000| Complete 
|  49|0x0000000083100000, 0x0000000083200000, 0x0000000083200000|100%|HC|  |TAMS 0x0000000083200000, 0x0000000083100000| Complete 
|  50|0x0000000083200000, 0x0000000083300000, 0x0000000083300000|100%|HC|  |TAMS 0x0000000083300000, 0x0000000083200000| Complete 
|  51|0x0000000083300000, 0x0000000083400000, 0x0000000083400000|100%|HC|  |TAMS 0x0000000083400000, 0x0000000083300000| Complete 
|  52|0x0000000083400000, 0x0000000083500000, 0x0000000083500000|100%|HC|  |TAMS 0x0000000083500000, 0x0000000083400000| Complete 
|  53|0x0000000083500000, 0x0000000083600000, 0x0000000083600000|100%|HC|  |TAMS 0x0000000083600000, 0x0000000083500000| Complete 
|  54|0x0000000083600000, 0x0000000083700000, 0x0000000083700000|100%|HC|  |TAMS 0x0000000083700000, 0x0000000083600000| Complete 
|  55|0x0000000083700000, 0x0000000083800000, 0x0000000083800000|100%|HC|  |TAMS 0x0000000083800000, 0x0000000083700000| Complete 
|  56|0x0000000083800000, 0x0000000083900000, 0x0000000083900000|100%|HC|  |TAMS 0x0000000083900000, 0x0000000083800000| Complete 
|  57|0x0000000083900000, 0x0000000083a00000, 0x0000000083a00000|100%| O|  |TAMS 0x0000000083a00000, 0x0000000083900000| Untracked 
|  58|0x0000000083a00000, 0x0000000083b00000, 0x0000000083b00000|100%|HS|  |TAMS 0x0000000083b00000, 0x0000000083a00000| Complete 
|  59|0x0000000083b00000, 0x0000000083c00000, 0x0000000083c00000|100%|HC|  |TAMS 0x0000000083c00000, 0x0000000083b00000| Complete 
|  60|0x0000000083c00000, 0x0000000083d00000, 0x0000000083d00000|100%|HC|  |TAMS 0x0000000083d00000, 0x0000000083c00000| Complete 
|  61|0x0000000083d00000, 0x0000000083e00000, 0x0000000083e00000|100%|HS|  |TAMS 0x0000000083e00000, 0x0000000083d00000| Complete 
|  62|0x0000000083e00000, 0x0000000083f00000, 0x0000000083f00000|100%|HC|  |TAMS 0x0000000083f00000, 0x0000000083e00000| Complete 
|  63|0x0000000083f00000, 0x0000000084000000, 0x0000000084000000|100%|HC|  |TAMS 0x0000000084000000, 0x0000000083f00000| Complete 
|  64|0x0000000084000000, 0x0000000084100000, 0x0000000084100000|100%| O|  |TAMS 0x0000000084100000, 0x0000000084000000| Untracked 
|  65|0x0000000084100000, 0x0000000084200000, 0x0000000084200000|100%| O|  |TAMS 0x0000000084200000, 0x0000000084100000| Untracked 
|  66|0x0000000084200000, 0x0000000084300000, 0x0000000084300000|100%| O|  |TAMS 0x0000000084300000, 0x0000000084200000| Untracked 
|  67|0x0000000084300000, 0x0000000084400000, 0x0000000084400000|100%| O|  |TAMS 0x0000000084400000, 0x0000000084300000| Untracked 
|  68|0x0000000084400000, 0x0000000084500000, 0x0000000084500000|100%| O|  |TAMS 0x0000000084500000, 0x0000000084400000| Untracked 
|  69|0x0000000084500000, 0x0000000084600000, 0x0000000084600000|100%| O|  |TAMS 0x0000000084600000, 0x0000000084500000| Untracked 
|  70|0x0000000084600000, 0x0000000084700000, 0x0000000084700000|100%|HS|  |TAMS 0x0000000084600000, 0x0000000084600000| Complete 
|  71|0x0000000084700000, 0x0000000084800000, 0x0000000084800000|100%| O|  |TAMS 0x0000000084800000, 0x0000000084700000| Untracked 
|  72|0x0000000084800000, 0x0000000084900000, 0x0000000084900000|100%|HS|  |TAMS 0x0000000084900000, 0x0000000084800000| Complete 
|  73|0x0000000084900000, 0x0000000084a00000, 0x0000000084a00000|100%|HS|  |TAMS 0x0000000084a00000, 0x0000000084900000| Complete 
|  74|0x0000000084a00000, 0x0000000084b00000, 0x0000000084b00000|100%|HS|  |TAMS 0x0000000084b00000, 0x0000000084a00000| Complete 
|  75|0x0000000084b00000, 0x0000000084c00000, 0x0000000084c00000|100%|HC|  |TAMS 0x0000000084c00000, 0x0000000084b00000| Complete 
|  76|0x0000000084c00000, 0x0000000084d00000, 0x0000000084d00000|100%|HS|  |TAMS 0x0000000084d00000, 0x0000000084c00000| Complete 
|  77|0x0000000084d00000, 0x0000000084e00000, 0x0000000084e00000|100%|HS|  |TAMS 0x0000000084e00000, 0x0000000084d00000| Complete 
|  78|0x0000000084e00000, 0x0000000084f00000, 0x0000000084f00000|100%|HC|  |TAMS 0x0000000084f00000, 0x0000000084e00000| Complete 
|  79|0x0000000084f00000, 0x0000000085000000, 0x0000000085000000|100%|HC|  |TAMS 0x0000000085000000, 0x0000000084f00000| Complete 
|  80|0x0000000085000000, 0x0000000085100000, 0x0000000085100000|100%|HC|  |TAMS 0x0000000085100000, 0x0000000085000000| Complete 
|  81|0x0000000085100000, 0x0000000085200000, 0x0000000085200000|100%| O|  |TAMS 0x0000000085200000, 0x0000000085100000| Untracked 
|  82|0x0000000085200000, 0x0000000085300000, 0x0000000085300000|100%| O|  |TAMS 0x0000000085300000, 0x0000000085200000| Untracked 
|  83|0x0000000085300000, 0x0000000085400000, 0x0000000085400000|100%| O|  |TAMS 0x0000000085400000, 0x0000000085300000| Untracked 
|  84|0x0000000085400000, 0x0000000085500000, 0x0000000085500000|100%| O|  |TAMS 0x0000000085500000, 0x0000000085400000| Untracked 
|  85|0x0000000085500000, 0x0000000085600000, 0x0000000085600000|100%| O|  |TAMS 0x0000000085600000, 0x0000000085500000| Untracked 
|  86|0x0000000085600000, 0x0000000085700000, 0x0000000085700000|100%| O|  |TAMS 0x0000000085700000, 0x0000000085600000| Untracked 
|  87|0x0000000085700000, 0x0000000085800000, 0x0000000085800000|100%| O|  |TAMS 0x0000000085800000, 0x0000000085700000| Untracked 
|  88|0x0000000085800000, 0x0000000085900000, 0x0000000085900000|100%| O|  |TAMS 0x0000000085900000, 0x0000000085800000| Untracked 
|  89|0x0000000085900000, 0x0000000085a00000, 0x0000000085a00000|100%| O|  |TAMS 0x0000000085a00000, 0x0000000085900000| Untracked 
|  90|0x0000000085a00000, 0x0000000085b00000, 0x0000000085b00000|100%| O|  |TAMS 0x0000000085b00000, 0x0000000085a00000| Untracked 
|  91|0x0000000085b00000, 0x0000000085c00000, 0x0000000085c00000|100%| O|  |TAMS 0x0000000085c00000, 0x0000000085b00000| Untracked 
|  92|0x0000000085c00000, 0x0000000085d00000, 0x0000000085d00000|100%| O|  |TAMS 0x0000000085d00000, 0x0000000085c00000| Untracked 
|  93|0x0000000085d00000, 0x0000000085e00000, 0x0000000085e00000|100%| O|  |TAMS 0x0000000085e00000, 0x0000000085d00000| Untracked 
|  94|0x0000000085e00000, 0x0000000085f00000, 0x0000000085f00000|100%| O|  |TAMS 0x0000000085f00000, 0x0000000085e00000| Untracked 
|  95|0x0000000085f00000, 0x0000000086000000, 0x0000000086000000|100%| O|  |TAMS 0x0000000086000000, 0x0000000085f00000| Untracked 
|  96|0x0000000086000000, 0x0000000086100000, 0x0000000086100000|100%|HS|  |TAMS 0x0000000086100000, 0x0000000086000000| Complete 
|  97|0x0000000086100000, 0x0000000086200000, 0x0000000086200000|100%|HC|  |TAMS 0x0000000086200000, 0x0000000086100000| Complete 
|  98|0x0000000086200000, 0x0000000086300000, 0x0000000086300000|100%| O|  |TAMS 0x0000000086300000, 0x0000000086200000| Untracked 
|  99|0x0000000086300000, 0x0000000086400000, 0x0000000086400000|100%| O|  |TAMS 0x0000000086400000, 0x0000000086300000| Untracked 
| 100|0x0000000086400000, 0x0000000086500000, 0x0000000086500000|100%| O|  |TAMS 0x0000000086500000, 0x0000000086400000| Untracked 
| 101|0x0000000086500000, 0x0000000086600000, 0x0000000086600000|100%|HS|  |TAMS 0x0000000086600000, 0x0000000086500000| Complete 
| 102|0x0000000086600000, 0x0000000086700000, 0x0000000086700000|100%|HC|  |TAMS 0x0000000086700000, 0x0000000086600000| Complete 
| 103|0x0000000086700000, 0x0000000086800000, 0x0000000086800000|100%|HC|  |TAMS 0x0000000086800000, 0x0000000086700000| Complete 
| 104|0x0000000086800000, 0x0000000086900000, 0x0000000086900000|100%|HS|  |TAMS 0x0000000086900000, 0x0000000086800000| Complete 
| 105|0x0000000086900000, 0x0000000086a00000, 0x0000000086a00000|100%|HC|  |TAMS 0x0000000086a00000, 0x0000000086900000| Complete 
| 106|0x0000000086a00000, 0x0000000086b00000, 0x0000000086b00000|100%|HC|  |TAMS 0x0000000086b00000, 0x0000000086a00000| Complete 
| 107|0x0000000086b00000, 0x0000000086c00000, 0x0000000086c00000|100%|HS|  |TAMS 0x0000000086c00000, 0x0000000086b00000| Complete 
| 108|0x0000000086c00000, 0x0000000086d00000, 0x0000000086d00000|100%|HC|  |TAMS 0x0000000086d00000, 0x0000000086c00000| Complete 
| 109|0x0000000086d00000, 0x0000000086e00000, 0x0000000086e00000|100%|HC|  |TAMS 0x0000000086e00000, 0x0000000086d00000| Complete 
| 110|0x0000000086e00000, 0x0000000086f00000, 0x0000000086f00000|100%|HC|  |TAMS 0x0000000086f00000, 0x0000000086e00000| Complete 
| 111|0x0000000086f00000, 0x0000000087000000, 0x0000000087000000|100%|HC|  |TAMS 0x0000000087000000, 0x0000000086f00000| Complete 
| 112|0x0000000087000000, 0x0000000087100000, 0x0000000087100000|100%|HC|  |TAMS 0x0000000087100000, 0x0000000087000000| Complete 
| 113|0x0000000087100000, 0x0000000087200000, 0x0000000087200000|100%|HC|  |TAMS 0x0000000087200000, 0x0000000087100000| Complete 
| 114|0x0000000087200000, 0x0000000087300000, 0x0000000087300000|100%|HC|  |TAMS 0x0000000087300000, 0x0000000087200000| Complete 
| 115|0x0000000087300000, 0x0000000087400000, 0x0000000087400000|100%|HC|  |TAMS 0x0000000087400000, 0x0000000087300000| Complete 
| 116|0x0000000087400000, 0x0000000087500000, 0x0000000087500000|100%|HC|  |TAMS 0x0000000087500000, 0x0000000087400000| Complete 
| 117|0x0000000087500000, 0x0000000087600000, 0x0000000087600000|100%|HC|  |TAMS 0x0000000087600000, 0x0000000087500000| Complete 
| 118|0x0000000087600000, 0x0000000087700000, 0x0000000087700000|100%|HC|  |TAMS 0x0000000087700000, 0x0000000087600000| Complete 
| 119|0x0000000087700000, 0x0000000087800000, 0x0000000087800000|100%|HS|  |TAMS 0x0000000087800000, 0x0000000087700000| Complete 
| 120|0x0000000087800000, 0x0000000087900000, 0x0000000087900000|100%|HC|  |TAMS 0x0000000087900000, 0x0000000087800000| Complete 
| 121|0x0000000087900000, 0x0000000087a00000, 0x0000000087a00000|100%| O|  |TAMS 0x0000000087a00000, 0x0000000087900000| Untracked 
| 122|0x0000000087a00000, 0x0000000087b00000, 0x0000000087b00000|100%| O|  |TAMS 0x0000000087b00000, 0x0000000087a00000| Untracked 
| 123|0x0000000087b00000, 0x0000000087c00000, 0x0000000087c00000|100%| O|  |TAMS 0x0000000087c00000, 0x0000000087b00000| Untracked 
| 124|0x0000000087c00000, 0x0000000087d00000, 0x0000000087d00000|100%| O|  |TAMS 0x0000000087d00000, 0x0000000087c00000| Untracked 
| 125|0x0000000087d00000, 0x0000000087e00000, 0x0000000087e00000|100%| O|  |TAMS 0x0000000087e00000, 0x0000000087d00000| Untracked 
| 126|0x0000000087e00000, 0x0000000087f00000, 0x0000000087f00000|100%| O|  |TAMS 0x0000000087f00000, 0x0000000087e00000| Untracked 
| 127|0x0000000087f00000, 0x0000000088000000, 0x0000000088000000|100%| O|  |TAMS 0x0000000088000000, 0x0000000087f00000| Untracked 
| 128|0x0000000088000000, 0x0000000088100000, 0x0000000088100000|100%| O|  |TAMS 0x0000000088100000, 0x0000000088000000| Untracked 
| 129|0x0000000088100000, 0x0000000088200000, 0x0000000088200000|100%| O|  |TAMS 0x0000000088200000, 0x0000000088100000| Untracked 
| 130|0x0000000088200000, 0x0000000088300000, 0x0000000088300000|100%| O|  |TAMS 0x0000000088300000, 0x0000000088200000| Untracked 
| 131|0x0000000088300000, 0x0000000088400000, 0x0000000088400000|100%| O|  |TAMS 0x0000000088400000, 0x0000000088300000| Untracked 
| 132|0x0000000088400000, 0x0000000088500000, 0x0000000088500000|100%| O|  |TAMS 0x0000000088500000, 0x0000000088400000| Untracked 
| 133|0x0000000088500000, 0x0000000088600000, 0x0000000088600000|100%| O|  |TAMS 0x0000000088600000, 0x0000000088500000| Untracked 
| 134|0x0000000088600000, 0x0000000088700000, 0x0000000088700000|100%| O|  |TAMS 0x0000000088700000, 0x0000000088600000| Untracked 
| 135|0x0000000088700000, 0x0000000088800000, 0x0000000088800000|100%| O|  |TAMS 0x0000000088800000, 0x0000000088700000| Untracked 
| 136|0x0000000088800000, 0x0000000088900000, 0x0000000088900000|100%| O|  |TAMS 0x0000000088900000, 0x0000000088800000| Untracked 
| 137|0x0000000088900000, 0x0000000088a00000, 0x0000000088a00000|100%| O|  |TAMS 0x0000000088a00000, 0x0000000088900000| Untracked 
| 138|0x0000000088a00000, 0x0000000088b00000, 0x0000000088b00000|100%| O|  |TAMS 0x0000000088b00000, 0x0000000088a00000| Untracked 
| 139|0x0000000088b00000, 0x0000000088c00000, 0x0000000088c00000|100%| O|  |TAMS 0x0000000088c00000, 0x0000000088b00000| Untracked 
| 140|0x0000000088c00000, 0x0000000088d00000, 0x0000000088d00000|100%| O|  |TAMS 0x0000000088d00000, 0x0000000088c00000| Untracked 
| 141|0x0000000088d00000, 0x0000000088e00000, 0x0000000088e00000|100%| O|  |TAMS 0x0000000088e00000, 0x0000000088d00000| Untracked 
| 142|0x0000000088e00000, 0x0000000088f00000, 0x0000000088f00000|100%| O|  |TAMS 0x0000000088f00000, 0x0000000088e00000| Untracked 
| 143|0x0000000088f00000, 0x0000000089000000, 0x0000000089000000|100%| O|  |TAMS 0x0000000089000000, 0x0000000088f00000| Untracked 
| 144|0x0000000089000000, 0x0000000089100000, 0x0000000089100000|100%| O|  |TAMS 0x0000000089100000, 0x0000000089000000| Untracked 
| 145|0x0000000089100000, 0x0000000089200000, 0x0000000089200000|100%| O|  |TAMS 0x0000000089200000, 0x0000000089100000| Untracked 
| 146|0x0000000089200000, 0x0000000089200000, 0x0000000089300000|  0%| F|  |TAMS 0x0000000089200000, 0x0000000089200000| Untracked 
| 147|0x0000000089300000, 0x0000000089300000, 0x0000000089400000|  0%| F|  |TAMS 0x0000000089300000, 0x0000000089300000| Untracked 
| 148|0x0000000089400000, 0x0000000089500000, 0x0000000089500000|100%|HS|  |TAMS 0x0000000089400000, 0x0000000089400000| Complete 
| 149|0x0000000089500000, 0x0000000089600000, 0x0000000089600000|100%| O|  |TAMS 0x0000000089600000, 0x0000000089500000| Untracked 
| 150|0x0000000089600000, 0x0000000089700000, 0x0000000089700000|100%| O|  |TAMS 0x0000000089700000, 0x0000000089600000| Untracked 
| 151|0x0000000089700000, 0x0000000089800000, 0x0000000089800000|100%| O|  |TAMS 0x0000000089800000, 0x0000000089700000| Untracked 
| 152|0x0000000089800000, 0x0000000089900000, 0x0000000089900000|100%| O|  |TAMS 0x0000000089900000, 0x0000000089800000| Untracked 
| 153|0x0000000089900000, 0x0000000089a00000, 0x0000000089a00000|100%| O|  |TAMS 0x0000000089a00000, 0x0000000089900000| Untracked 
| 154|0x0000000089a00000, 0x0000000089b00000, 0x0000000089b00000|100%| O|  |TAMS 0x0000000089b00000, 0x0000000089a00000| Untracked 
| 155|0x0000000089b00000, 0x0000000089b00000, 0x0000000089c00000|  0%| F|  |TAMS 0x0000000089b00000, 0x0000000089b00000| Untracked 
| 156|0x0000000089c00000, 0x0000000089d00000, 0x0000000089d00000|100%| O|  |TAMS 0x0000000089d00000, 0x0000000089c00000| Untracked 
| 157|0x0000000089d00000, 0x0000000089d00000, 0x0000000089e00000|  0%| F|  |TAMS 0x0000000089d00000, 0x0000000089d00000| Untracked 
| 158|0x0000000089e00000, 0x0000000089e00000, 0x0000000089f00000|  0%| F|  |TAMS 0x0000000089e00000, 0x0000000089e00000| Untracked 
| 159|0x0000000089f00000, 0x000000008a000000, 0x000000008a000000|100%| O|  |TAMS 0x000000008a000000, 0x0000000089f00000| Untracked 
| 160|0x000000008a000000, 0x000000008a100000, 0x000000008a100000|100%| O|  |TAMS 0x000000008a100000, 0x000000008a000000| Untracked 
| 161|0x000000008a100000, 0x000000008a200000, 0x000000008a200000|100%| O|  |TAMS 0x000000008a200000, 0x000000008a100000| Untracked 
| 162|0x000000008a200000, 0x000000008a300000, 0x000000008a300000|100%| O|  |TAMS 0x000000008a300000, 0x000000008a200000| Untracked 
| 163|0x000000008a300000, 0x000000008a400000, 0x000000008a400000|100%| O|  |TAMS 0x000000008a400000, 0x000000008a300000| Untracked 
| 164|0x000000008a400000, 0x000000008a500000, 0x000000008a500000|100%| O|  |TAMS 0x000000008a500000, 0x000000008a400000| Untracked 
| 165|0x000000008a500000, 0x000000008a600000, 0x000000008a600000|100%| O|  |TAMS 0x000000008a600000, 0x000000008a500000| Untracked 
| 166|0x000000008a600000, 0x000000008a700000, 0x000000008a700000|100%| O|  |TAMS 0x000000008a700000, 0x000000008a600000| Untracked 
| 167|0x000000008a700000, 0x000000008a800000, 0x000000008a800000|100%| O|  |TAMS 0x000000008a800000, 0x000000008a700000| Untracked 
| 168|0x000000008a800000, 0x000000008a900000, 0x000000008a900000|100%| O|  |TAMS 0x000000008a900000, 0x000000008a800000| Untracked 
| 169|0x000000008a900000, 0x000000008aa00000, 0x000000008aa00000|100%| O|  |TAMS 0x000000008aa00000, 0x000000008a900000| Untracked 
| 170|0x000000008aa00000, 0x000000008ab00000, 0x000000008ab00000|100%| O|  |TAMS 0x000000008ab00000, 0x000000008aa00000| Untracked 
| 171|0x000000008ab00000, 0x000000008ac00000, 0x000000008ac00000|100%| O|  |TAMS 0x000000008ac00000, 0x000000008ab00000| Untracked 
| 172|0x000000008ac00000, 0x000000008ad00000, 0x000000008ad00000|100%| O|  |TAMS 0x000000008ad00000, 0x000000008ac00000| Untracked 
| 173|0x000000008ad00000, 0x000000008ae00000, 0x000000008ae00000|100%| O|  |TAMS 0x000000008ae00000, 0x000000008ad00000| Untracked 
| 174|0x000000008ae00000, 0x000000008af00000, 0x000000008af00000|100%| O|  |TAMS 0x000000008af00000, 0x000000008ae00000| Untracked 
| 175|0x000000008af00000, 0x000000008b000000, 0x000000008b000000|100%| O|  |TAMS 0x000000008b000000, 0x000000008af00000| Untracked 
| 176|0x000000008b000000, 0x000000008b100000, 0x000000008b100000|100%| O|  |TAMS 0x000000008b100000, 0x000000008b000000| Untracked 
| 177|0x000000008b100000, 0x000000008b200000, 0x000000008b200000|100%| O|  |TAMS 0x000000008b200000, 0x000000008b100000| Untracked 
| 178|0x000000008b200000, 0x000000008b300000, 0x000000008b300000|100%| O|  |TAMS 0x000000008b300000, 0x000000008b200000| Untracked 
| 179|0x000000008b300000, 0x000000008b400000, 0x000000008b400000|100%| O|  |TAMS 0x000000008b400000, 0x000000008b300000| Untracked 
| 180|0x000000008b400000, 0x000000008b400000, 0x000000008b500000|  0%| F|  |TAMS 0x000000008b400000, 0x000000008b400000| Untracked 
| 181|0x000000008b500000, 0x000000008b600000, 0x000000008b600000|100%| O|  |TAMS 0x000000008b600000, 0x000000008b500000| Untracked 
| 182|0x000000008b600000, 0x000000008b700000, 0x000000008b700000|100%| O|  |TAMS 0x000000008b600000, 0x000000008b600000| Untracked 
| 183|0x000000008b700000, 0x000000008b700000, 0x000000008b800000|  0%| F|  |TAMS 0x000000008b700000, 0x000000008b700000| Untracked 
| 184|0x000000008b800000, 0x000000008b900000, 0x000000008b900000|100%|HS|  |TAMS 0x000000008b800000, 0x000000008b800000| Complete 
| 185|0x000000008b900000, 0x000000008ba00000, 0x000000008ba00000|100%| O|  |TAMS 0x000000008ba00000, 0x000000008b900000| Untracked 
| 186|0x000000008ba00000, 0x000000008ba00000, 0x000000008bb00000|  0%| F|  |TAMS 0x000000008ba00000, 0x000000008ba00000| Untracked 
| 187|0x000000008bb00000, 0x000000008bb00000, 0x000000008bc00000|  0%| F|  |TAMS 0x000000008bb00000, 0x000000008bb00000| Untracked 
| 188|0x000000008bc00000, 0x000000008bd00000, 0x000000008bd00000|100%| O|  |TAMS 0x000000008bc00000, 0x000000008bc00000| Untracked 
| 189|0x000000008bd00000, 0x000000008be00000, 0x000000008be00000|100%| O|  |TAMS 0x000000008bd00000, 0x000000008bd00000| Untracked 
| 190|0x000000008be00000, 0x000000008be00000, 0x000000008bf00000|  0%| F|  |TAMS 0x000000008be00000, 0x000000008be00000| Untracked 
| 191|0x000000008bf00000, 0x000000008bf00000, 0x000000008c000000|  0%| F|  |TAMS 0x000000008bf00000, 0x000000008bf00000| Untracked 
| 192|0x000000008c000000, 0x000000008c000000, 0x000000008c100000|  0%| F|  |TAMS 0x000000008c000000, 0x000000008c000000| Untracked 
| 193|0x000000008c100000, 0x000000008c100000, 0x000000008c200000|  0%| F|  |TAMS 0x000000008c100000, 0x000000008c100000| Untracked 
| 194|0x000000008c200000, 0x000000008c300000, 0x000000008c300000|100%|HS|  |TAMS 0x000000008c200000, 0x000000008c200000| Complete 
| 195|0x000000008c300000, 0x000000008c400000, 0x000000008c400000|100%|HC|  |TAMS 0x000000008c300000, 0x000000008c300000| Complete 
| 196|0x000000008c400000, 0x000000008c500000, 0x000000008c500000|100%| O|  |TAMS 0x000000008c400000, 0x000000008c400000| Untracked 
| 197|0x000000008c500000, 0x000000008c500000, 0x000000008c600000|  0%| F|  |TAMS 0x000000008c500000, 0x000000008c500000| Untracked 
| 198|0x000000008c600000, 0x000000008c700000, 0x000000008c700000|100%|HS|  |TAMS 0x000000008c600000, 0x000000008c600000| Complete 
| 199|0x000000008c700000, 0x000000008c800000, 0x000000008c800000|100%| O|  |TAMS 0x000000008c700000, 0x000000008c700000| Untracked 
| 200|0x000000008c800000, 0x000000008c800000, 0x000000008c900000|  0%| F|  |TAMS 0x000000008c800000, 0x000000008c800000| Untracked 
| 201|0x000000008c900000, 0x000000008c900000, 0x000000008ca00000|  0%| F|  |TAMS 0x000000008c900000, 0x000000008c900000| Untracked 
| 202|0x000000008ca00000, 0x000000008cb00000, 0x000000008cb00000|100%| O|  |TAMS 0x000000008ca00000, 0x000000008ca00000| Untracked 
| 203|0x000000008cb00000, 0x000000008cb00000, 0x000000008cc00000|  0%| F|  |TAMS 0x000000008cb00000, 0x000000008cb00000| Untracked 
| 204|0x000000008cc00000, 0x000000008cd00000, 0x000000008cd00000|100%| O|  |TAMS 0x000000008cc00000, 0x000000008cc00000| Untracked 
| 205|0x000000008cd00000, 0x000000008ce00000, 0x000000008ce00000|100%| O|  |TAMS 0x000000008cd00000, 0x000000008cd00000| Untracked 
| 206|0x000000008ce00000, 0x000000008cf00000, 0x000000008cf00000|100%|HS|  |TAMS 0x000000008ce00000, 0x000000008ce00000| Complete 
| 207|0x000000008cf00000, 0x000000008d000000, 0x000000008d000000|100%|HC|  |TAMS 0x000000008cf00000, 0x000000008cf00000| Complete 
| 208|0x000000008d000000, 0x000000008d100000, 0x000000008d100000|100%| O|  |TAMS 0x000000008d000000, 0x000000008d000000| Untracked 
| 209|0x000000008d100000, 0x000000008d200000, 0x000000008d200000|100%| O|  |TAMS 0x000000008d100000, 0x000000008d100000| Untracked 
| 210|0x000000008d200000, 0x000000008d200000, 0x000000008d300000|  0%| F|  |TAMS 0x000000008d200000, 0x000000008d200000| Untracked 
| 211|0x000000008d300000, 0x000000008d300000, 0x000000008d400000|  0%| F|  |TAMS 0x000000008d300000, 0x000000008d300000| Untracked 
| 212|0x000000008d400000, 0x000000008d400000, 0x000000008d500000|  0%| F|  |TAMS 0x000000008d400000, 0x000000008d400000| Untracked 
| 213|0x000000008d500000, 0x000000008d500000, 0x000000008d600000|  0%| F|  |TAMS 0x000000008d500000, 0x000000008d500000| Untracked 
| 214|0x000000008d600000, 0x000000008d700000, 0x000000008d700000|100%| O|  |TAMS 0x000000008d600000, 0x000000008d600000| Untracked 
| 215|0x000000008d700000, 0x000000008d700000, 0x000000008d800000|  0%| F|  |TAMS 0x000000008d700000, 0x000000008d700000| Untracked 
| 216|0x000000008d800000, 0x000000008d800000, 0x000000008d900000|  0%| F|  |TAMS 0x000000008d800000, 0x000000008d800000| Untracked 
| 217|0x000000008d900000, 0x000000008da00000, 0x000000008da00000|100%| O|  |TAMS 0x000000008d970a00, 0x000000008d900000| Untracked 
| 218|0x000000008da00000, 0x000000008db00000, 0x000000008db00000|100%|HS|  |TAMS 0x000000008db00000, 0x000000008da00000| Complete 
| 219|0x000000008db00000, 0x000000008dc00000, 0x000000008dc00000|100%|HC|  |TAMS 0x000000008dc00000, 0x000000008db00000| Complete 
| 220|0x000000008dc00000, 0x000000008dd00000, 0x000000008dd00000|100%|HS|  |TAMS 0x000000008dd00000, 0x000000008dc00000| Complete 
| 221|0x000000008dd00000, 0x000000008de00000, 0x000000008de00000|100%|HS|  |TAMS 0x000000008de00000, 0x000000008dd00000| Complete 
| 222|0x000000008de00000, 0x000000008df00000, 0x000000008df00000|100%|HS|  |TAMS 0x000000008df00000, 0x000000008de00000| Complete 
| 223|0x000000008df00000, 0x000000008e000000, 0x000000008e000000|100%|HC|  |TAMS 0x000000008e000000, 0x000000008df00000| Complete 
| 224|0x000000008e000000, 0x000000008e100000, 0x000000008e100000|100%| O|  |TAMS 0x000000008e000000, 0x000000008e000000| Untracked 
| 225|0x000000008e100000, 0x000000008e200000, 0x000000008e200000|100%| O|  |TAMS 0x000000008e100000, 0x000000008e100000| Untracked 
| 226|0x000000008e200000, 0x000000008e300000, 0x000000008e300000|100%| O|  |TAMS 0x000000008e200000, 0x000000008e200000| Untracked 
| 227|0x000000008e300000, 0x000000008e400000, 0x000000008e400000|100%|HS|  |TAMS 0x000000008e300000, 0x000000008e300000| Complete 
| 228|0x000000008e400000, 0x000000008e500000, 0x000000008e500000|100%|HC|  |TAMS 0x000000008e400000, 0x000000008e400000| Complete 
| 229|0x000000008e500000, 0x000000008e600000, 0x000000008e600000|100%|HS|  |TAMS 0x000000008e500000, 0x000000008e500000| Complete 
| 230|0x000000008e600000, 0x000000008e700000, 0x000000008e700000|100%|HC|  |TAMS 0x000000008e600000, 0x000000008e600000| Complete 
| 231|0x000000008e700000, 0x000000008e800000, 0x000000008e800000|100%|HC|  |TAMS 0x000000008e700000, 0x000000008e700000| Complete 
| 232|0x000000008e800000, 0x000000008e900000, 0x000000008e900000|100%|HS|  |TAMS 0x000000008e800000, 0x000000008e800000| Complete 
| 233|0x000000008e900000, 0x000000008ea00000, 0x000000008ea00000|100%|HC|  |TAMS 0x000000008e900000, 0x000000008e900000| Complete 
| 234|0x000000008ea00000, 0x000000008ea00000, 0x000000008eb00000|  0%| F|  |TAMS 0x000000008ea00000, 0x000000008ea00000| Untracked 
| 235|0x000000008eb00000, 0x000000008eb00000, 0x000000008ec00000|  0%| F|  |TAMS 0x000000008eb00000, 0x000000008eb00000| Untracked 
| 236|0x000000008ec00000, 0x000000008ec00000, 0x000000008ed00000|  0%| F|  |TAMS 0x000000008ec00000, 0x000000008ec00000| Untracked 
| 237|0x000000008ed00000, 0x000000008ed00000, 0x000000008ee00000|  0%| F|  |TAMS 0x000000008ed00000, 0x000000008ed00000| Untracked 
| 238|0x000000008ee00000, 0x000000008ee00000, 0x000000008ef00000|  0%| F|  |TAMS 0x000000008ee00000, 0x000000008ee00000| Untracked 
| 239|0x000000008ef00000, 0x000000008f000000, 0x000000008f000000|100%|HS|  |TAMS 0x000000008ef00000, 0x000000008ef00000| Complete 
| 240|0x000000008f000000, 0x000000008f100000, 0x000000008f100000|100%|HC|  |TAMS 0x000000008f000000, 0x000000008f000000| Complete 
| 241|0x000000008f100000, 0x000000008f200000, 0x000000008f200000|100%|HC|  |TAMS 0x000000008f100000, 0x000000008f100000| Complete 
| 242|0x000000008f200000, 0x000000008f300000, 0x000000008f300000|100%| O|  |TAMS 0x000000008f200000, 0x000000008f200000| Untracked 
| 243|0x000000008f300000, 0x000000008f400000, 0x000000008f400000|100%| O|  |TAMS 0x000000008f300000, 0x000000008f300000| Untracked 
| 244|0x000000008f400000, 0x000000008f500000, 0x000000008f500000|100%| O|  |TAMS 0x000000008f400000, 0x000000008f400000| Untracked 
| 245|0x000000008f500000, 0x000000008f600000, 0x000000008f600000|100%| O|  |TAMS 0x000000008f500000, 0x000000008f500000| Untracked 
| 246|0x000000008f600000, 0x000000008f700000, 0x000000008f700000|100%| O|  |TAMS 0x000000008f600000, 0x000000008f600000| Untracked 
| 247|0x000000008f700000, 0x000000008f800000, 0x000000008f800000|100%| O|  |TAMS 0x000000008f700000, 0x000000008f700000| Untracked 
| 248|0x000000008f800000, 0x000000008f900000, 0x000000008f900000|100%| O|  |TAMS 0x000000008f800000, 0x000000008f800000| Untracked 
| 249|0x000000008f900000, 0x000000008fa00000, 0x000000008fa00000|100%| O|  |TAMS 0x000000008f900000, 0x000000008f900000| Untracked 
| 250|0x000000008fa00000, 0x000000008fb00000, 0x000000008fb00000|100%| O|  |TAMS 0x000000008fa00000, 0x000000008fa00000| Untracked 
| 251|0x000000008fb00000, 0x000000008fc00000, 0x000000008fc00000|100%| O|  |TAMS 0x000000008fb00000, 0x000000008fb00000| Untracked 
| 252|0x000000008fc00000, 0x000000008fd00000, 0x000000008fd00000|100%| O|  |TAMS 0x000000008fc00000, 0x000000008fc00000| Untracked 
| 253|0x000000008fd00000, 0x000000008fe00000, 0x000000008fe00000|100%| O|  |TAMS 0x000000008fd00000, 0x000000008fd00000| Untracked 
| 254|0x000000008fe00000, 0x000000008ff00000, 0x000000008ff00000|100%| O|  |TAMS 0x000000008fe00000, 0x000000008fe00000| Untracked 
| 255|0x000000008ff00000, 0x0000000090000000, 0x0000000090000000|100%| O|  |TAMS 0x000000008ff00000, 0x000000008ff00000| Untracked 
| 256|0x0000000090000000, 0x0000000090000000, 0x0000000090100000|  0%| F|  |TAMS 0x0000000090000000, 0x0000000090000000| Untracked 
| 257|0x0000000090100000, 0x0000000090100000, 0x0000000090200000|  0%| F|  |TAMS 0x0000000090100000, 0x0000000090100000| Untracked 
| 258|0x0000000090200000, 0x0000000090200000, 0x0000000090300000|  0%| F|  |TAMS 0x0000000090200000, 0x0000000090200000| Untracked 
| 259|0x0000000090300000, 0x0000000090300000, 0x0000000090400000|  0%| F|  |TAMS 0x0000000090300000, 0x0000000090300000| Untracked 
| 260|0x0000000090400000, 0x0000000090400000, 0x0000000090500000|  0%| F|  |TAMS 0x0000000090400000, 0x0000000090400000| Untracked 
| 261|0x0000000090500000, 0x0000000090500000, 0x0000000090600000|  0%| F|  |TAMS 0x0000000090500000, 0x0000000090500000| Untracked 
| 262|0x0000000090600000, 0x0000000090600000, 0x0000000090700000|  0%| F|  |TAMS 0x0000000090600000, 0x0000000090600000| Untracked 
| 263|0x0000000090700000, 0x0000000090700000, 0x0000000090800000|  0%| F|  |TAMS 0x0000000090700000, 0x0000000090700000| Untracked 
| 264|0x0000000090800000, 0x0000000090800000, 0x0000000090900000|  0%| F|  |TAMS 0x0000000090800000, 0x0000000090800000| Untracked 
| 265|0x0000000090900000, 0x0000000090900000, 0x0000000090a00000|  0%| F|  |TAMS 0x0000000090900000, 0x0000000090900000| Untracked 
| 266|0x0000000090a00000, 0x0000000090a00000, 0x0000000090b00000|  0%| F|  |TAMS 0x0000000090a00000, 0x0000000090a00000| Untracked 
| 267|0x0000000090b00000, 0x0000000090b00000, 0x0000000090c00000|  0%| F|  |TAMS 0x0000000090b00000, 0x0000000090b00000| Untracked 
| 268|0x0000000090c00000, 0x0000000090c00000, 0x0000000090d00000|  0%| F|  |TAMS 0x0000000090c00000, 0x0000000090c00000| Untracked 
| 269|0x0000000090d00000, 0x0000000090d00000, 0x0000000090e00000|  0%| F|  |TAMS 0x0000000090d00000, 0x0000000090d00000| Untracked 
| 270|0x0000000090e00000, 0x0000000090e00000, 0x0000000090f00000|  0%| F|  |TAMS 0x0000000090e00000, 0x0000000090e00000| Untracked 
| 271|0x0000000090f00000, 0x0000000090f00000, 0x0000000091000000|  0%| F|  |TAMS 0x0000000090f00000, 0x0000000090f00000| Untracked 
| 272|0x0000000091000000, 0x0000000091000000, 0x0000000091100000|  0%| F|  |TAMS 0x0000000091000000, 0x0000000091000000| Untracked 
| 273|0x0000000091100000, 0x0000000091100000, 0x0000000091200000|  0%| F|  |TAMS 0x0000000091100000, 0x0000000091100000| Untracked 
| 274|0x0000000091200000, 0x0000000091200000, 0x0000000091300000|  0%| F|  |TAMS 0x0000000091200000, 0x0000000091200000| Untracked 
| 275|0x0000000091300000, 0x0000000091300000, 0x0000000091400000|  0%| F|  |TAMS 0x0000000091300000, 0x0000000091300000| Untracked 
| 276|0x0000000091400000, 0x0000000091400000, 0x0000000091500000|  0%| F|  |TAMS 0x0000000091400000, 0x0000000091400000| Untracked 
| 277|0x0000000091500000, 0x0000000091500000, 0x0000000091600000|  0%| F|  |TAMS 0x0000000091500000, 0x0000000091500000| Untracked 
| 278|0x0000000091600000, 0x0000000091600000, 0x0000000091700000|  0%| F|  |TAMS 0x0000000091600000, 0x0000000091600000| Untracked 
| 279|0x0000000091700000, 0x0000000091700000, 0x0000000091800000|  0%| F|  |TAMS 0x0000000091700000, 0x0000000091700000| Untracked 
| 280|0x0000000091800000, 0x0000000091800000, 0x0000000091900000|  0%| F|  |TAMS 0x0000000091800000, 0x0000000091800000| Untracked 
| 281|0x0000000091900000, 0x0000000091900000, 0x0000000091a00000|  0%| F|  |TAMS 0x0000000091900000, 0x0000000091900000| Untracked 
| 282|0x0000000091a00000, 0x0000000091a00000, 0x0000000091b00000|  0%| F|  |TAMS 0x0000000091a00000, 0x0000000091a00000| Untracked 
| 283|0x0000000091b00000, 0x0000000091b00000, 0x0000000091c00000|  0%| F|  |TAMS 0x0000000091b00000, 0x0000000091b00000| Untracked 
| 284|0x0000000091c00000, 0x0000000091c00000, 0x0000000091d00000|  0%| F|  |TAMS 0x0000000091c00000, 0x0000000091c00000| Untracked 
| 285|0x0000000091d00000, 0x0000000091d00000, 0x0000000091e00000|  0%| F|  |TAMS 0x0000000091d00000, 0x0000000091d00000| Untracked 
| 286|0x0000000091e00000, 0x0000000091e00000, 0x0000000091f00000|  0%| F|  |TAMS 0x0000000091e00000, 0x0000000091e00000| Untracked 
| 287|0x0000000091f00000, 0x0000000091f00000, 0x0000000092000000|  0%| F|  |TAMS 0x0000000091f00000, 0x0000000091f00000| Untracked 
| 288|0x0000000092000000, 0x0000000092000000, 0x0000000092100000|  0%| F|  |TAMS 0x0000000092000000, 0x0000000092000000| Untracked 
| 289|0x0000000092100000, 0x0000000092100000, 0x0000000092200000|  0%| F|  |TAMS 0x0000000092100000, 0x0000000092100000| Untracked 
| 290|0x0000000092200000, 0x0000000092200000, 0x0000000092300000|  0%| F|  |TAMS 0x0000000092200000, 0x0000000092200000| Untracked 
| 291|0x0000000092300000, 0x0000000092300000, 0x0000000092400000|  0%| F|  |TAMS 0x0000000092300000, 0x0000000092300000| Untracked 
| 292|0x0000000092400000, 0x0000000092400000, 0x0000000092500000|  0%| F|  |TAMS 0x0000000092400000, 0x0000000092400000| Untracked 
| 293|0x0000000092500000, 0x0000000092500000, 0x0000000092600000|  0%| F|  |TAMS 0x0000000092500000, 0x0000000092500000| Untracked 
| 294|0x0000000092600000, 0x0000000092600000, 0x0000000092700000|  0%| F|  |TAMS 0x0000000092600000, 0x0000000092600000| Untracked 
| 295|0x0000000092700000, 0x0000000092700000, 0x0000000092800000|  0%| F|  |TAMS 0x0000000092700000, 0x0000000092700000| Untracked 
| 296|0x0000000092800000, 0x0000000092800000, 0x0000000092900000|  0%| F|  |TAMS 0x0000000092800000, 0x0000000092800000| Untracked 
| 297|0x0000000092900000, 0x0000000092900000, 0x0000000092a00000|  0%| F|  |TAMS 0x0000000092900000, 0x0000000092900000| Untracked 
| 298|0x0000000092a00000, 0x0000000092a00000, 0x0000000092b00000|  0%| F|  |TAMS 0x0000000092a00000, 0x0000000092a00000| Untracked 
| 299|0x0000000092b00000, 0x0000000092b00000, 0x0000000092c00000|  0%| F|  |TAMS 0x0000000092b00000, 0x0000000092b00000| Untracked 
| 300|0x0000000092c00000, 0x0000000092c00000, 0x0000000092d00000|  0%| F|  |TAMS 0x0000000092c00000, 0x0000000092c00000| Untracked 
| 301|0x0000000092d00000, 0x0000000092d00000, 0x0000000092e00000|  0%| F|  |TAMS 0x0000000092d00000, 0x0000000092d00000| Untracked 
| 302|0x0000000092e00000, 0x0000000092e00000, 0x0000000092f00000|  0%| F|  |TAMS 0x0000000092e00000, 0x0000000092e00000| Untracked 
| 303|0x0000000092f00000, 0x0000000092f00000, 0x0000000093000000|  0%| F|  |TAMS 0x0000000092f00000, 0x0000000092f00000| Untracked 
| 304|0x0000000093000000, 0x0000000093000000, 0x0000000093100000|  0%| F|  |TAMS 0x0000000093000000, 0x0000000093000000| Untracked 
| 305|0x0000000093100000, 0x0000000093100000, 0x0000000093200000|  0%| F|  |TAMS 0x0000000093100000, 0x0000000093100000| Untracked 
| 306|0x0000000093200000, 0x0000000093200000, 0x0000000093300000|  0%| F|  |TAMS 0x0000000093200000, 0x0000000093200000| Untracked 
| 307|0x0000000093300000, 0x0000000093300000, 0x0000000093400000|  0%| F|  |TAMS 0x0000000093300000, 0x0000000093300000| Untracked 
| 308