#
# There is insufficient memory for the Java Runtime Environment to continue.
# Native memory allocation (mmap) failed to map 157286400 bytes for G1 virtual space
# Possible reasons:
#   The system is out of physical RAM or swap space
#   The process is running with CompressedOops enabled, and the Java Heap may be blocking the growth of the native heap
# Possible solutions:
#   Reduce memory load on the system
#   Increase physical memory or swap space
#   Check if swap backing store is full
#   Decrease Java heap size (-Xmx/-Xms)
#   Decrease number of Java threads
#   Decrease Java thread stack sizes (-Xss)
#   Set larger code cache with -XX:ReservedCodeCacheSize=
#   JVM is running with Unscaled Compressed Oops mode in which the Java heap is
#     placed in the first 4GB address space. The Java Heap base address is the
#     maximum limit for the native heap growth. Please use -XX:HeapBaseMinAddress
#     to set the Java Heap base and to place the Java Heap above 4GB virtual address.
# This output file may be truncated or incomplete.
#
#  Out of Memory Error (os_windows.cpp:3769), pid=4548, tid=11740
#
# JRE version: OpenJDK Runtime Environment (17.0.6) (build 17.0.6+0-b2043.56-10027231)
# Java VM: OpenJDK 64-Bit Server VM (17.0.6+0-b2043.56-10027231, mixed mode, tiered, compressed oops, compressed class ptrs, g1 gc, windows-amd64)
# No core dump will be written. Minidumps are not enabled by default on client versions of Windows
#

---------------  S U M M A R Y ------------

Command Line: --add-opens=java.base/java.util=ALL-UNNAMED --add-opens=java.base/java.lang=ALL-UNNAMED --add-opens=java.base/java.lang.invoke=ALL-UNNAMED --add-opens=java.prefs/java.util.prefs=ALL-UNNAMED --add-opens=java.base/java.nio.charset=ALL-UNNAMED --add-opens=java.base/java.net=ALL-UNNAMED --add-opens=java.base/java.util.concurrent.atomic=ALL-UNNAMED -Xmx2048m -Dfile.encoding=UTF-8 -Duser.country=CN -Duser.language=zh -Duser.variant org.gradle.launcher.daemon.bootstrap.GradleDaemon 8.0

Host: 11th Gen Intel(R) Core(TM) i5-1135G7 @ 2.40GHz, 8 cores, 15G,  Windows 11 , 64 bit Build 22621 (10.0.22621.2506)
Time: Thu Jan 25 20:49:20 2024  Windows 11 , 64 bit Build 22621 (10.0.22621.2506) elapsed time: 20.376409 seconds (0d 0h 0m 20s)

---------------  T H R E A D  ---------------

Current thread (0x000001cfabc63950):  VMThread "VM Thread" [stack: 0x000000537ee00000,0x000000537ef00000] [id=11740]

Stack: [0x000000537ee00000,0x000000537ef00000]
Native frames: (J=compiled Java code, j=interpreted, Vv=VM code, C=native code)
V  [jvm.dll+0x683c9a]
V  [jvm.dll+0x8427a4]
V  [jvm.dll+0x843f9e]
V  [jvm.dll+0x844603]
V  [jvm.dll+0x249b75]
V  [jvm.dll+0x680b69]
V  [jvm.dll+0x67505a]
V  [jvm.dll+0x309acb]
V  [jvm.dll+0x310f86]
V  [jvm.dll+0x3608ee]
V  [jvm.dll+0x360b1f]
V  [jvm.dll+0x2dfbf8]
V  [jvm.dll+0x2ddec4]
V  [jvm.dll+0x2dd4cc]
V  [jvm.dll+0x321f3b]
V  [jvm.dll+0x848ccb]
V  [jvm.dll+0x849a04]
V  [jvm.dll+0x849f1d]
V  [jvm.dll+0x84a2f4]
V  [jvm.dll+0x84a3c0]
V  [jvm.dll+0x7f274a]
V  [jvm.dll+0x682ad5]
C  [ucrtbase.dll+0x29363]
C  [KERNEL32.DLL+0x1257d]
C  [ntdll.dll+0x5aa58]

VM_Operation (0x00000053057fc7e0): G1CollectForAllocation, mode: safepoint, requested by thread 0x000001cfad483050


---------------  P R O C E S S  ---------------

Threads class SMR info:
_java_thread_list=0x000001cfb64f0290, length=142, elements={
0x000001cf91e00610, 0x000001cfabc681e0, 0x000001cfabc68d90, 0x000001cfabd85000,
0x000001cfabd857c0, 0x000001cfabd1e810, 0x000001cfabd1f0d0, 0x000001cfabd1fdb0,
0x000001cfabd3a3f0, 0x000001cfabd3ade0, 0x000001cfabec4e30, 0x000001cfabec7310,
0x000001cfaff31330, 0x000001cfaddce740, 0x000001cfae39d8b0, 0x000001cfaecce000,
0x000001cfaf1f0e80, 0x000001cfad46d570, 0x000001cfad636d30, 0x000001cfad638070,
0x000001cfad636390, 0x000001cfad634b80, 0x000001cfad636860, 0x000001cfad637200,
0x000001cfad6376d0, 0x000001cfad637ba0, 0x000001cfad635050, 0x000001cfad6359f0,
0x000001cfb0051030, 0x000001cfb004c800, 0x000001cfb0050b60, 0x000001cfb0051500,
0x000001cfb0050690, 0x000001cfb00519d0, 0x000001cfb0051ea0, 0x000001cfb004e010,
0x000001cfb004ccd0, 0x000001cfb004be60, 0x000001cfb004c330, 0x000001cfb004e9b0,
0x000001cfb004ee80, 0x000001cfb004f820, 0x000001cfad3dfe20, 0x000001cfad3de610,
0x000001cfad3dc930, 0x000001cfad3dc460, 0x000001cfad3dbf90, 0x000001cfad3e0c90,
0x000001cfad3dce00, 0x000001cfad3dd2d0, 0x000001cfad3e02f0, 0x000001cfad3dd7a0,
0x000001cfad3ddc70, 0x000001cfad3deae0, 0x000001cfad3defb0, 0x000001cfad3df480,
0x000001cfad3e2970, 0x000001cfad3e07c0, 0x000001cfad3e24a0, 0x000001cfad3e1630,
0x000001cfad3e2e40, 0x000001cfad3df950, 0x000001cfad3e1b00, 0x000001cfad3e1fd0,
0x000001cfad3e3310, 0x000001cfad3e37e0, 0x000001cfb1e7a940, 0x000001cfb1e79ad0,
0x000001cfb1e78c60, 0x000001cfb1e79fa0, 0x000001cfb1e765e0, 0x000001cfb1e7b7b0,
0x000001cfb1e782c0, 0x000001cfb1e7bc80, 0x000001cfb1e7a470, 0x000001cfb1e7ae10,
0x000001cfb1e7b2e0, 0x000001cfb1e77450, 0x000001cfb1e79130, 0x000001cfb1e79600,
0x000001cfb1e7c150, 0x000001cfb1e76110, 0x000001cfb1e76ab0, 0x000001cfb1e7c620,
0x000001cfb1e7caf0, 0x000001cfb1e7cfc0, 0x000001cfb1e7d490, 0x000001cfb1e75c40,
0x000001cfb1e76f80, 0x000001cfb1e77920, 0x000001cfb1e77df0, 0x000001cfb1e78790,
0x000001cfad481840, 0x000001cfad480030, 0x000001cfad483050, 0x000001cfad484860,
0x000001cfad480500, 0x000001cfad47de80, 0x000001cfad484390, 0x000001cfad4821e0,
0x000001cfad47fb60, 0x000001cfad485200, 0x000001cfad483520, 0x000001cfad484d30,
0x000001cfad47ecf0, 0x000001cfad480ea0, 0x000001cfad47e350, 0x000001cfad47d9b0,
0x000001cfad47e820, 0x000001cfad481d10, 0x000001cfad4809d0, 0x000001cfad4839f0,
0x000001cfad483ec0, 0x000001cfad47f1c0, 0x000001cfad47f690, 0x000001cfad481370,
0x000001cfad4826b0, 0x000001cfad482b80, 0x000001cfb21e1e00, 0x000001cfb21e6160,
0x000001cfb21e3ae0, 0x000001cfb21e6fd0, 0x000001cfb21e8310, 0x000001cfb21e0ac0,
0x000001cfb21e3fb0, 0x000001cfb21e5c90, 0x000001cfb21e27a0, 0x000001cfb21e3140,
0x000001cfb21e52f0, 0x000001cfb4761e90, 0x000001cfb4767530, 0x000001cfb4767ed0,
0x000001cfb4765d20, 0x000001cfb4767a00, 0x000001cfb4764510, 0x000001cfb47661f0,
0x000001cfb47666c0, 0x000001cfb47614f0, 0x000001cfb44952e0, 0x000001cfb38f52a0,
0x000001cfb38f6110, 0x000001cfb1e424d0
}

Java Threads: ( => current thread )
  0x000001cf91e00610 JavaThread "main" [_thread_blocked, id=18884, stack(0x000000537e800000,0x000000537e900000)]
  0x000001cfabc681e0 JavaThread "Reference Handler" daemon [_thread_blocked, id=11956, stack(0x000000537ef00000,0x000000537f000000)]
  0x000001cfabc68d90 JavaThread "Finalizer" daemon [_thread_blocked, id=19344, stack(0x000000537f000000,0x000000537f100000)]
  0x000001cfabd85000 JavaThread "Signal Dispatcher" daemon [_thread_blocked, id=11620, stack(0x000000537f100000,0x000000537f200000)]
  0x000001cfabd857c0 JavaThread "Attach Listener" daemon [_thread_blocked, id=3352, stack(0x000000537f200000,0x000000537f300000)]
  0x000001cfabd1e810 JavaThread "Service Thread" daemon [_thread_blocked, id=2792, stack(0x000000537f300000,0x000000537f400000)]
  0x000001cfabd1f0d0 JavaThread "Monitor Deflation Thread" daemon [_thread_blocked, id=3692, stack(0x000000537f400000,0x000000537f500000)]
  0x000001cfabd1fdb0 JavaThread "C2 CompilerThread0" daemon [_thread_blocked, id=14928, stack(0x000000537f500000,0x000000537f600000)]
  0x000001cfabd3a3f0 JavaThread "C1 CompilerThread0" daemon [_thread_blocked, id=17368, stack(0x000000537f600000,0x000000537f700000)]
  0x000001cfabd3ade0 JavaThread "Sweeper thread" daemon [_thread_blocked, id=3300, stack(0x000000537f700000,0x000000537f800000)]
  0x000001cfabec4e30 JavaThread "Common-Cleaner" daemon [_thread_blocked, id=14492, stack(0x000000537f800000,0x000000537f900000)]
  0x000001cfabec7310 JavaThread "Notification Thread" daemon [_thread_blocked, id=9160, stack(0x000000537f900000,0x000000537fa00000)]
  0x000001cfaff31330 JavaThread "Daemon health stats" [_thread_blocked, id=8480, stack(0x0000005300100000,0x0000005300200000)]
  0x000001cfaddce740 JavaThread "Incoming local TCP Connector on port 55364" [_thread_in_native, id=14844, stack(0x0000005300000000,0x0000005300100000)]
  0x000001cfae39d8b0 JavaThread "Daemon periodic checks" [_thread_blocked, id=18592, stack(0x0000005300200000,0x0000005300300000)]
  0x000001cfaecce000 JavaThread "C2 CompilerThread1" daemon [_thread_blocked, id=11452, stack(0x0000005300300000,0x0000005300400000)]
  0x000001cfaf1f0e80 JavaThread "Daemon" [_thread_blocked, id=14304, stack(0x0000005300400000,0x0000005300500000)]
  0x000001cfad46d570 JavaThread "Handler for socket connection from /127.0.0.1:55364 to /127.0.0.1:55365" [_thread_in_native, id=17204, stack(0x0000005300500000,0x0000005300600000)]
  0x000001cfad636d30 JavaThread "Cancel handler" [_thread_blocked, id=9208, stack(0x0000005300600000,0x0000005300700000)]
  0x000001cfad638070 JavaThread "Daemon worker" [_thread_blocked, id=1448, stack(0x0000005300700000,0x0000005300800000)]
  0x000001cfad636390 JavaThread "Asynchronous log dispatcher for DefaultDaemonConnection: socket connection from /127.0.0.1:55364 to /127.0.0.1:55365" [_thread_blocked, id=15872, stack(0x0000005300800000,0x0000005300900000)]
  0x000001cfad634b80 JavaThread "Stdin handler" [_thread_blocked, id=18184, stack(0x0000005300900000,0x0000005300a00000)]
  0x000001cfad636860 JavaThread "Daemon client event forwarder" [_thread_blocked, id=5416, stack(0x0000005300a00000,0x0000005300b00000)]
  0x000001cfad637200 JavaThread "Cache worker for journal cache (C:\Users\86199\.gradle\caches\journal-1)" [_thread_blocked, id=17160, stack(0x0000005300e00000,0x0000005300f00000)]
  0x000001cfad6376d0 JavaThread "File lock request listener" [_thread_in_native, id=9136, stack(0x0000005300f00000,0x0000005301000000)]
  0x000001cfad637ba0 JavaThread "Cache worker for file hash cache (C:\Users\86199\.gradle\caches\8.0\fileHashes)" [_thread_blocked, id=15160, stack(0x0000005301000000,0x0000005301100000)]
  0x000001cfad635050 JavaThread "File watcher server" daemon [_thread_blocked, id=12532, stack(0x0000005301200000,0x0000005301300000)]
  0x000001cfad6359f0 JavaThread "File watcher consumer" daemon [_thread_blocked, id=2580, stack(0x0000005301300000,0x0000005301400000)]
  0x000001cfb0051030 JavaThread "Cache worker for checksums cache (D:\MyApplication\.gradle\8.0\checksums)" [_thread_blocked, id=19396, stack(0x0000005301400000,0x0000005301500000)]
  0x000001cfb004c800 JavaThread "Cache worker for cache directory md-rule (C:\Users\86199\.gradle\caches\8.0\md-rule)" [_thread_blocked, id=13544, stack(0x0000005301500000,0x0000005301600000)]
  0x000001cfb0050b60 JavaThread "Cache worker for file content cache (C:\Users\86199\.gradle\caches\8.0\fileContent)" [_thread_blocked, id=12936, stack(0x0000005301600000,0x0000005301700000)]
  0x000001cfb0051500 JavaThread "Cache worker for file hash cache (D:\MyApplication\.gradle\8.0\fileHashes)" [_thread_blocked, id=10180, stack(0x0000005301700000,0x0000005301800000)]
  0x000001cfb0050690 JavaThread "Cache worker for cache directory md-supplier (C:\Users\86199\.gradle\caches\8.0\md-supplier)" [_thread_blocked, id=15124, stack(0x0000005301800000,0x0000005301900000)]
  0x000001cfb00519d0 JavaThread "Cache worker for execution history cache (C:\Users\86199\.gradle\caches\8.0\executionHistory)" [_thread_blocked, id=2240, stack(0x0000005301900000,0x0000005301a00000)]
  0x000001cfb0051ea0 JavaThread "jar transforms" [_thread_blocked, id=19404, stack(0x0000005301a00000,0x0000005301b00000)]
  0x000001cfb004e010 JavaThread "jar transforms Thread 2" [_thread_blocked, id=12488, stack(0x0000005301b00000,0x0000005301c00000)]
  0x000001cfb004ccd0 JavaThread "Cache worker for kotlin-dsl (C:\Users\86199\.gradle\caches\8.0\kotlin-dsl)" [_thread_blocked, id=296, stack(0x0000005301d00000,0x0000005301e00000)]
  0x000001cfb004be60 JavaThread "jar transforms Thread 3" [_thread_blocked, id=19368, stack(0x0000005301e00000,0x0000005301f00000)]
  0x000001cfb004c330 JavaThread "jar transforms Thread 4" [_thread_blocked, id=13896, stack(0x0000005301f00000,0x0000005302000000)]
  0x000001cfb004e9b0 JavaThread "Cache worker for dependencies-accessors (D:\MyApplication\.gradle\8.0\dependencies-accessors)" [_thread_blocked, id=3340, stack(0x0000005302000000,0x0000005302100000)]
  0x000001cfb004ee80 JavaThread "Cache worker for Build Output Cleanup Cache (D:\MyApplication\.gradle\buildOutputCleanup)" [_thread_blocked, id=308, stack(0x0000005302100000,0x0000005302200000)]
  0x000001cfb004f820 JavaThread "jar transforms Thread 5" [_thread_blocked, id=10268, stack(0x0000005302200000,0x0000005302300000)]
  0x000001cfad3dfe20 JavaThread "Unconstrained build operations" [_thread_blocked, id=8736, stack(0x0000005302300000,0x0000005302400000)]
  0x000001cfad3de610 JavaThread "Unconstrained build operations Thread 2" [_thread_blocked, id=4184, stack(0x0000005302400000,0x0000005302500000)]
  0x000001cfad3dc930 JavaThread "Unconstrained build operations Thread 3" [_thread_blocked, id=18828, stack(0x0000005302500000,0x0000005302600000)]
  0x000001cfad3dc460 JavaThread "Unconstrained build operations Thread 4" [_thread_blocked, id=5988, stack(0x0000005302600000,0x0000005302700000)]
  0x000001cfad3dbf90 JavaThread "Unconstrained build operations Thread 5" [_thread_blocked, id=11220, stack(0x0000005302700000,0x0000005302800000)]
  0x000001cfad3e0c90 JavaThread "Unconstrained build operations Thread 6" [_thread_blocked, id=19316, stack(0x0000005302800000,0x0000005302900000)]
  0x000001cfad3dce00 JavaThread "Unconstrained build operations Thread 7" [_thread_blocked, id=19136, stack(0x0000005302900000,0x0000005302a00000)]
  0x000001cfad3dd2d0 JavaThread "Unconstrained build operations Thread 8" [_thread_blocked, id=7748, stack(0x0000005302a00000,0x0000005302b00000)]
  0x000001cfad3e02f0 JavaThread "Unconstrained build operations Thread 9" [_thread_blocked, id=19104, stack(0x0000005302b00000,0x0000005302c00000)]
  0x000001cfad3dd7a0 JavaThread "Unconstrained build operations Thread 10" [_thread_blocked, id=6580, stack(0x0000005302c00000,0x0000005302d00000)]
  0x000001cfad3ddc70 JavaThread "Unconstrained build operations Thread 11" [_thread_blocked, id=14852, stack(0x0000005302d00000,0x0000005302e00000)]
  0x000001cfad3deae0 JavaThread "Unconstrained build operations Thread 12" [_thread_blocked, id=15680, stack(0x0000005302e00000,0x0000005302f00000)]
  0x000001cfad3defb0 JavaThread "Unconstrained build operations Thread 13" [_thread_blocked, id=4292, stack(0x0000005302f00000,0x0000005303000000)]
  0x000001cfad3df480 JavaThread "Unconstrained build operations Thread 14" [_thread_blocked, id=10868, stack(0x0000005303000000,0x0000005303100000)]
  0x000001cfad3e2970 JavaThread "Unconstrained build operations Thread 15" [_thread_blocked, id=15708, stack(0x0000005303100000,0x0000005303200000)]
  0x000001cfad3e07c0 JavaThread "Unconstrained build operations Thread 16" [_thread_blocked, id=18252, stack(0x0000005303200000,0x0000005303300000)]
  0x000001cfad3e24a0 JavaThread "Unconstrained build operations Thread 17" [_thread_blocked, id=16668, stack(0x0000005303300000,0x0000005303400000)]
  0x000001cfad3e1630 JavaThread "Unconstrained build operations Thread 18" [_thread_blocked, id=12104, stack(0x0000005303400000,0x0000005303500000)]
  0x000001cfad3e2e40 JavaThread "Unconstrained build operations Thread 19" [_thread_blocked, id=10208, stack(0x0000005303500000,0x0000005303600000)]
  0x000001cfad3df950 JavaThread "Unconstrained build operations Thread 20" [_thread_blocked, id=9184, stack(0x0000005303600000,0x0000005303700000)]
  0x000001cfad3e1b00 JavaThread "Unconstrained build operations Thread 21" [_thread_blocked, id=10628, stack(0x0000005303700000,0x0000005303800000)]
  0x000001cfad3e1fd0 JavaThread "Unconstrained build operations Thread 22" [_thread_blocked, id=19148, stack(0x0000005303800000,0x0000005303900000)]
  0x000001cfad3e3310 JavaThread "Unconstrained build operations Thread 23" [_thread_blocked, id=11868, stack(0x0000005303900000,0x0000005303a00000)]
  0x000001cfad3e37e0 JavaThread "Unconstrained build operations Thread 24" [_thread_blocked, id=5956, stack(0x0000005303a00000,0x0000005303b00000)]
  0x000001cfb1e7a940 JavaThread "Unconstrained build operations Thread 25" [_thread_blocked, id=18720, stack(0x0000005303b00000,0x0000005303c00000)]
  0x000001cfb1e79ad0 JavaThread "Unconstrained build operations Thread 26" [_thread_blocked, id=17776, stack(0x0000005303c00000,0x0000005303d00000)]
  0x000001cfb1e78c60 JavaThread "Unconstrained build operations Thread 27" [_thread_blocked, id=17404, stack(0x0000005303d00000,0x0000005303e00000)]
  0x000001cfb1e79fa0 JavaThread "Unconstrained build operations Thread 28" [_thread_blocked, id=8976, stack(0x0000005303e00000,0x0000005303f00000)]
  0x000001cfb1e765e0 JavaThread "Unconstrained build operations Thread 29" [_thread_blocked, id=12596, stack(0x0000005303f00000,0x0000005304000000)]
  0x000001cfb1e7b7b0 JavaThread "Unconstrained build operations Thread 30" [_thread_blocked, id=19112, stack(0x0000005304000000,0x0000005304100000)]
  0x000001cfb1e782c0 JavaThread "Unconstrained build operations Thread 31" [_thread_blocked, id=2128, stack(0x0000005304100000,0x0000005304200000)]
  0x000001cfb1e7bc80 JavaThread "Unconstrained build operations Thread 32" [_thread_blocked, id=3792, stack(0x0000005304200000,0x0000005304300000)]
  0x000001cfb1e7a470 JavaThread "Unconstrained build operations Thread 33" [_thread_blocked, id=10264, stack(0x0000005304300000,0x0000005304400000)]
  0x000001cfb1e7ae10 JavaThread "Unconstrained build operations Thread 34" [_thread_blocked, id=10528, stack(0x0000005304400000,0x0000005304500000)]
  0x000001cfb1e7b2e0 JavaThread "Unconstrained build operations Thread 35" [_thread_blocked, id=364, stack(0x0000005304500000,0x0000005304600000)]
  0x000001cfb1e77450 JavaThread "Unconstrained build operations Thread 36" [_thread_blocked, id=15008, stack(0x0000005304600000,0x0000005304700000)]
  0x000001cfb1e79130 JavaThread "Unconstrained build operations Thread 37" [_thread_blocked, id=15664, stack(0x0000005304700000,0x0000005304800000)]
  0x000001cfb1e79600 JavaThread "Unconstrained build operations Thread 38" [_thread_blocked, id=17148, stack(0x0000005304800000,0x0000005304900000)]
  0x000001cfb1e7c150 JavaThread "Unconstrained build operations Thread 39" [_thread_blocked, id=17496, stack(0x0000005304900000,0x0000005304a00000)]
  0x000001cfb1e76110 JavaThread "Unconstrained build operations Thread 40" [_thread_blocked, id=12988, stack(0x0000005304a00000,0x0000005304b00000)]
  0x000001cfb1e76ab0 JavaThread "Unconstrained build operations Thread 41" [_thread_blocked, id=9804, stack(0x0000005304b00000,0x0000005304c00000)]
  0x000001cfb1e7c620 JavaThread "Unconstrained build operations Thread 42" [_thread_blocked, id=1860, stack(0x0000005304c00000,0x0000005304d00000)]
  0x000001cfb1e7caf0 JavaThread "Unconstrained build operations Thread 43" [_thread_blocked, id=16160, stack(0x0000005304d00000,0x0000005304e00000)]
  0x000001cfb1e7cfc0 JavaThread "Unconstrained build operations Thread 44" [_thread_blocked, id=8792, stack(0x0000005304e00000,0x0000005304f00000)]
  0x000001cfb1e7d490 JavaThread "Unconstrained build operations Thread 45" [_thread_blocked, id=18732, stack(0x0000005304f00000,0x0000005305000000)]
  0x000001cfb1e75c40 JavaThread "Unconstrained build operations Thread 46" [_thread_blocked, id=18640, stack(0x0000005305000000,0x0000005305100000)]
  0x000001cfb1e76f80 JavaThread "Unconstrained build operations Thread 47" [_thread_blocked, id=15588, stack(0x0000005305100000,0x0000005305200000)]
  0x000001cfb1e77920 JavaThread "Unconstrained build operations Thread 48" [_thread_blocked, id=14636, stack(0x0000005305200000,0x0000005305300000)]
  0x000001cfb1e77df0 JavaThread "Unconstrained build operations Thread 49" [_thread_blocked, id=11764, stack(0x0000005305300000,0x0000005305400000)]
  0x000001cfb1e78790 JavaThread "Unconstrained build operations Thread 50" [_thread_blocked, id=1696, stack(0x0000005305400000,0x0000005305500000)]
  0x000001cfad481840 JavaThread "Unconstrained build operations Thread 51" [_thread_blocked, id=1968, stack(0x0000005305500000,0x0000005305600000)]
  0x000001cfad480030 JavaThread "Unconstrained build operations Thread 52" [_thread_blocked, id=19044, stack(0x0000005305600000,0x0000005305700000)]
  0x000001cfad483050 JavaThread "Unconstrained build operations Thread 53" [_thread_blocked, id=6512, stack(0x0000005305700000,0x0000005305800000)]
  0x000001cfad484860 JavaThread "Unconstrained build operations Thread 54" [_thread_blocked, id=3024, stack(0x0000005305800000,0x0000005305900000)]
  0x000001cfad480500 JavaThread "Unconstrained build operations Thread 55" [_thread_blocked, id=14240, stack(0x0000005305900000,0x0000005305a00000)]
  0x000001cfad47de80 JavaThread "Unconstrained build operations Thread 56" [_thread_blocked, id=19384, stack(0x0000005305a00000,0x0000005305b00000)]
  0x000001cfad484390 JavaThread "Unconstrained build operations Thread 57" [_thread_blocked, id=19016, stack(0x0000005305b00000,0x0000005305c00000)]
  0x000001cfad4821e0 JavaThread "Unconstrained build operations Thread 58" [_thread_blocked, id=14236, stack(0x0000005305c00000,0x0000005305d00000)]
  0x000001cfad47fb60 JavaThread "Unconstrained build operations Thread 59" [_thread_blocked, id=17884, stack(0x0000005305d00000,0x0000005305e00000)]
  0x000001cfad485200 JavaThread "Unconstrained build operations Thread 60" [_thread_blocked, id=18740, stack(0x0000005305e00000,0x0000005305f00000)]
  0x000001cfad483520 JavaThread "Unconstrained build operations Thread 61" [_thread_blocked, id=2692, stack(0x0000005305f00000,0x0000005306000000)]
  0x000001cfad484d30 JavaThread "Unconstrained build operations Thread 62" [_thread_blocked, id=19116, stack(0x0000005306000000,0x0000005306100000)]
  0x000001cfad47ecf0 JavaThread "Unconstrained build operations Thread 63" [_thread_blocked, id=772, stack(0x0000005306100000,0x0000005306200000)]
  0x000001cfad480ea0 JavaThread "Unconstrained build operations Thread 64" [_thread_blocked, id=16708, stack(0x0000005306200000,0x0000005306300000)]
  0x000001cfad47e350 JavaThread "Unconstrained build operations Thread 65" [_thread_blocked, id=3124, stack(0x0000005306300000,0x0000005306400000)]
  0x000001cfad47d9b0 JavaThread "Unconstrained build operations Thread 66" [_thread_blocked, id=18472, stack(0x0000005306400000,0x0000005306500000)]
  0x000001cfad47e820 JavaThread "Unconstrained build operations Thread 67" [_thread_blocked, id=3608, stack(0x0000005306500000,0x0000005306600000)]
  0x000001cfad481d10 JavaThread "Unconstrained build operations Thread 68" [_thread_blocked, id=18480, stack(0x0000005306600000,0x0000005306700000)]
  0x000001cfad4809d0 JavaThread "Unconstrained build operations Thread 69" [_thread_blocked, id=18564, stack(0x0000005306700000,0x0000005306800000)]
  0x000001cfad4839f0 JavaThread "Unconstrained build operations Thread 70" [_thread_blocked, id=11916, stack(0x0000005306800000,0x0000005306900000)]
  0x000001cfad483ec0 JavaThread "Unconstrained build operations Thread 71" [_thread_blocked, id=18992, stack(0x0000005306900000,0x0000005306a00000)]
  0x000001cfad47f1c0 JavaThread "Unconstrained build operations Thread 72" [_thread_blocked, id=14324, stack(0x0000005306a00000,0x0000005306b00000)]
  0x000001cfad47f690 JavaThread "Unconstrained build operations Thread 73" [_thread_blocked, id=12484, stack(0x0000005306b00000,0x0000005306c00000)]
  0x000001cfad481370 JavaThread "Unconstrained build operations Thread 74" [_thread_blocked, id=4140, stack(0x0000005306c00000,0x0000005306d00000)]
  0x000001cfad4826b0 JavaThread "Unconstrained build operations Thread 75" [_thread_blocked, id=5360, stack(0x0000005306d00000,0x0000005306e00000)]
  0x000001cfad482b80 JavaThread "Unconstrained build operations Thread 76" [_thread_blocked, id=19212, stack(0x0000005306e00000,0x0000005306f00000)]
  0x000001cfb21e1e00 JavaThread "Unconstrained build operations Thread 77" [_thread_blocked, id=19020, stack(0x0000005306f00000,0x0000005307000000)]
  0x000001cfb21e6160 JavaThread "Unconstrained build operations Thread 78" [_thread_blocked, id=16304, stack(0x0000005307000000,0x0000005307100000)]
  0x000001cfb21e3ae0 JavaThread "Unconstrained build operations Thread 79" [_thread_blocked, id=8296, stack(0x0000005307100000,0x0000005307200000)]
  0x000001cfb21e6fd0 JavaThread "Unconstrained build operations Thread 80" [_thread_blocked, id=13424, stack(0x0000005307200000,0x0000005307300000)]
  0x000001cfb21e8310 JavaThread "jar transforms Thread 6" [_thread_blocked, id=8492, stack(0x0000005307300000,0x0000005307400000)]
  0x000001cfb21e0ac0 JavaThread "jar transforms Thread 7" [_thread_blocked, id=12280, stack(0x0000005307400000,0x0000005307500000)]
  0x000001cfb21e3fb0 JavaThread "jar transforms Thread 8" [_thread_blocked, id=15540, stack(0x0000005307500000,0x0000005307600000)]
  0x000001cfb21e5c90 JavaThread "build event listener" [_thread_blocked, id=2304, stack(0x0000005301100000,0x0000005301200000)]
  0x000001cfb21e27a0 JavaThread "Memory manager" [_thread_blocked, id=2136, stack(0x0000005307600000,0x0000005307700000)]
  0x000001cfb21e3140 JavaThread "build event listener" [_thread_blocked, id=4068, stack(0x0000005307800000,0x0000005307900000)]
  0x000001cfb21e52f0 JavaThread "build event listener" [_thread_blocked, id=3420, stack(0x0000005307900000,0x0000005307a00000)]
  0x000001cfb4761e90 JavaThread "included builds" [_thread_blocked, id=6236, stack(0x0000005307a00000,0x0000005307b00000)]
  0x000001cfb4767530 JavaThread "Execution worker" [_thread_blocked, id=16352, stack(0x0000005307b00000,0x0000005307c00000)]
  0x000001cfb4767ed0 JavaThread "Execution worker Thread 2" [_thread_blocked, id=19300, stack(0x0000005307c00000,0x0000005307d00000)]
  0x000001cfb4765d20 JavaThread "Execution worker Thread 3" [_thread_blocked, id=7712, stack(0x0000005307d00000,0x0000005307e00000)]
  0x000001cfb4767a00 JavaThread "Execution worker Thread 4" [_thread_blocked, id=9124, stack(0x0000005307e00000,0x0000005307f00000)]
  0x000001cfb4764510 JavaThread "Execution worker Thread 5" [_thread_blocked, id=13460, stack(0x0000005307f00000,0x0000005308000000)]
  0x000001cfb47661f0 JavaThread "Execution worker Thread 6" [_thread_blocked, id=2340, stack(0x0000005308000000,0x0000005308100000)]
  0x000001cfb47666c0 JavaThread "Execution worker Thread 7" [_thread_blocked, id=17684, stack(0x0000005308100000,0x0000005308200000)]
  0x000001cfb47614f0 JavaThread "Cache worker for execution history cache (D:\MyApplication\.gradle\8.0\executionHistory)" [_thread_blocked, id=4208, stack(0x0000005308200000,0x0000005308300000)]
  0x000001cfb44952e0 JavaThread "C2 CompilerThread2" daemon [_thread_blocked, id=19400, stack(0x0000005307700000,0x0000005307800000)]
  0x000001cfb38f52a0 JavaThread "WorkerExecutor Queue" [_thread_blocked, id=4724, stack(0x0000005308500000,0x0000005308600000)]
  0x000001cfb38f6110 JavaThread "WorkerExecutor Queue Thread 2" [_thread_blocked, id=4696, stack(0x0000005308600000,0x0000005308700000)]
  0x000001cfb1e424d0 JavaThread "WorkerExecutor Queue Thread 3" [_thread_blocked, id=17632, stack(0x0000005308700000,0x0000005308800000)]

Other Threads:
=>0x000001cfabc63950 VMThread "VM Thread" [stack: 0x000000537ee00000,0x000000537ef00000] [id=11740]
  0x000001cfabe15790 WatcherThread [stack: 0x000000537fa00000,0x000000537fb00000] [id=1720]
  0x000001cf91e5b650 GCTaskThread "GC Thread#0" [stack: 0x000000537e900000,0x000000537ea00000] [id=10968]
  0x000001cfad4abd60 GCTaskThread "GC Thread#1" [stack: 0x000000537fb00000,0x000000537fc00000] [id=4988]
  0x000001cfad6973f0 GCTaskThread "GC Thread#2" [stack: 0x000000537fc00000,0x000000537fd00000] [id=1480]
  0x000001cfad6976a0 GCTaskThread "GC Thread#3" [stack: 0x000000537fd00000,0x000000537fe00000] [id=7324]
  0x000001cfad697950 GCTaskThread "GC Thread#4" [stack: 0x000000537fe00000,0x000000537ff00000] [id=3356]
  0x000001cfad697c00 GCTaskThread "GC Thread#5" [stack: 0x000000537ff00000,0x0000005380000000] [id=9768]
  0x000001cfacc3e690 GCTaskThread "GC Thread#6" [stack: 0x0000005300b00000,0x0000005300c00000] [id=6972]
  0x000001cfae36f4a0 GCTaskThread "GC Thread#7" [stack: 0x0000005300c00000,0x0000005300d00000] [id=17880]
  0x000001cf91e6c590 ConcurrentGCThread "G1 Main Marker" [stack: 0x000000537ea00000,0x000000537eb00000] [id=12640]
  0x000001cf91e6cfa0 ConcurrentGCThread "G1 Conc#0" [stack: 0x000000537eb00000,0x000000537ec00000] [id=8200]
  0x000001cfadbe9890 ConcurrentGCThread "G1 Conc#1" [stack: 0x0000005300d00000,0x0000005300e00000] [id=12340]
  0x000001cf91ebe820 ConcurrentGCThread "G1 Refine#0" [stack: 0x000000537ec00000,0x000000537ed00000] [id=916]
  0x000001cfaf1b4450 ConcurrentGCThread "G1 Refine#1" [stack: 0x0000005301c00000,0x0000005301d00000] [id=10892]
  0x000001cfb00ac560 ConcurrentGCThread "G1 Refine#2" [stack: 0x0000005308300000,0x0000005308400000] [id=13408]
  0x000001cfb00ace00 ConcurrentGCThread "G1 Refine#3" [stack: 0x0000005308400000,0x0000005308500000] [id=1368]
  0x000001cfabb3c7b0 ConcurrentGCThread "G1 Service" [stack: 0x000000537ed00000,0x000000537ee00000] [id=8376]

Threads with active compile tasks:
C2 CompilerThread0    20443 12644       4       java.lang.reflect.AccessibleObject::checkCanSetAccessible (368 bytes)
C2 CompilerThread1    20444 12718       4       org.gradle.internal.logging.sink.OutputEventListenerManager$1::onOutput (33 bytes)
C2 CompilerThread2    20444 12719   !   4       org.gradle.internal.logging.sink.OutputEventRenderer::onOutput (101 bytes)

VM state: at safepoint (normal execution)

VM Mutex/Monitor currently owned by a thread:  ([mutex/lock_event])
[0x000001cf91dfb9f0] Threads_lock - owner thread: 0x000001cfabc63950
[0x000001cf91dfc2f0] Heap_lock - owner thread: 0x000001cfad483050

Heap address: 0x0000000080000000, size: 2048 MB, Compressed Oops mode: 32-bit

CDS archive(s) not mapped
Compressed class space mapped at: 0x0000000100000000-0x0000000140000000, reserved size: 1073741824
Narrow klass base: 0x0000000000000000, Narrow klass shift: 3, Narrow klass range: 0x140000000

GC Precious Log:
 CPUs: 8 total, 8 available
 Memory: 16167M
 Large Page Support: Disabled
 NUMA Support: Disabled
 Compressed Oops: Enabled (32-bit)
 Heap Region Size: 1M
 Heap Min Capacity: 8M
 Heap Initial Capacity: 254M
 Heap Max Capacity: 2G
 Pre-touch: Disabled
 Parallel Workers: 8
 Concurrent Workers: 2
 Concurrent Refinement Workers: 8
 Periodic GC: Disabled

Heap:
 garbage-first heap   total 260096K, used 123081K [0x0000000080000000, 0x0000000100000000)
  region size 1024K, 2 young (2048K), 2 survivors (2048K)
 Metaspace       used 102975K, committed 103680K, reserved 1146880K
  class space    used 13982K, committed 14336K, reserved 1048576K

Heap Regions: E=young(eden), S=young(survivor), O=old, HS=humongous(starts), HC=humongous(continues), CS=collection set, F=free, OA=open archive, CA=closed archive, TAMS=top-at-mark-start (previous, next)
|   0|0x0000000080000000, 0x0000000080100000, 0x0000000080100000|100%|HS|  |TAMS 0x0000000080100000, 0x0000000080000000| Complete 
|   1|0x0000000080100000, 0x0000000080200000, 0x0000000080200000|100%|HC|  |TAMS 0x0000000080200000, 0x0000000080100000| Complete 
|   2|0x0000000080200000, 0x0000000080300000, 0x0000000080300000|100%|HC|  |TAMS 0x0000000080300000, 0x0000000080200000| Complete 
|   3|0x0000000080300000, 0x0000000080400000, 0x0000000080400000|100%|HC|  |TAMS 0x0000000080400000, 0x0000000080300000| Complete 
|   4|0x0000000080400000, 0x0000000080500000, 0x0000000080500000|100%| O|  |TAMS 0x0000000080500000, 0x0000000080400000| Untracked 
|   5|0x0000000080500000, 0x0000000080600000, 0x0000000080600000|100%| O|  |TAMS 0x0000000080600000, 0x0000000080500000| Untracked 
|   6|0x0000000080600000, 0x0000000080700000, 0x0000000080700000|100%| O|  |TAMS 0x0000000080700000, 0x0000000080600000| Untracked 
|   7|0x0000000080700000, 0x0000000080800000, 0x0000000080800000|100%| O|  |TAMS 0x0000000080800000, 0x0000000080700000| Untracked 
|   8|0x0000000080800000, 0x0000000080900000, 0x0000000080900000|100%| O|  |TAMS 0x0000000080900000, 0x0000000080800000| Untracked 
|   9|0x0000000080900000, 0x0000000080a00000, 0x0000000080a00000|100%| O|  |TAMS 0x0000000080a00000, 0x0000000080900000| Untracked 
|  10|0x0000000080a00000, 0x0000000080b00000, 0x0000000080b00000|100%| O|  |TAMS 0x0000000080b00000, 0x0000000080a00000| Untracked 
|  11|0x0000000080b00000, 0x0000000080c00000, 0x0000000080c00000|100%| O|  |TAMS 0x0000000080c00000, 0x0000000080b00000| Untracked 
|  12|0x0000000080c00000, 0x0000000080d00000, 0x0000000080d00000|100%| O|  |TAMS 0x0000000080d00000, 0x0000000080c00000| Untracked 
|  13|0x0000000080d00000, 0x0000000080e00000, 0x0000000080e00000|100%| O|  |TAMS 0x0000000080e00000, 0x0000000080d00000| Untracked 
|  14|0x0000000080e00000, 0x0000000080f00000, 0x0000000080f00000|100%| O|  |TAMS 0x0000000080f00000, 0x0000000080e00000| Untracked 
|  15|0x0000000080f00000, 0x0000000081000000, 0x0000000081000000|100%| O|  |TAMS 0x0000000081000000, 0x0000000080f00000| Untracked 
|  16|0x0000000081000000, 0x0000000081100000, 0x0000000081100000|100%| O|  |TAMS 0x0000000081100000, 0x0000000081000000| Untracked 
|  17|0x0000000081100000, 0x0000000081200000, 0x0000000081200000|100%| O|  |TAMS 0x0000000081200000, 0x0000000081100000| Untracked 
|  18|0x0000000081200000, 0x0000000081300000, 0x0000000081300000|100%| O|  |TAMS 0x0000000081300000, 0x0000000081200000| Untracked 
|  19|0x0000000081300000, 0x0000000081400000, 0x0000000081400000|100%| O|  |TAMS 0x0000000081400000, 0x0000000081300000| Untracked 
|  20|0x0000000081400000, 0x0000000081500000, 0x0000000081500000|100%| O|  |TAMS 0x0000000081500000, 0x0000000081400000| Untracked 
|  21|0x0000000081500000, 0x0000000081600000, 0x0000000081600000|100%| O|  |TAMS 0x0000000081600000, 0x0000000081500000| Untracked 
|  22|0x0000000081600000, 0x0000000081700000, 0x0000000081700000|100%| O|  |TAMS 0x0000000081700000, 0x0000000081600000| Untracked 
|  23|0x0000000081700000, 0x0000000081800000, 0x0000000081800000|100%| O|  |TAMS 0x0000000081800000, 0x0000000081700000| Untracked 
|  24|0x0000000081800000, 0x0000000081900000, 0x0000000081900000|100%| O|  |TAMS 0x0000000081900000, 0x0000000081800000| Untracked 
|  25|0x0000000081900000, 0x0000000081a00000, 0x0000000081a00000|100%| O|  |TAMS 0x0000000081a00000, 0x0000000081900000| Untracked 
|  26|0x0000000081a00000, 0x0000000081b00000, 0x0000000081b00000|100%| O|  |TAMS 0x0000000081b00000, 0x0000000081a00000| Untracked 
|  27|0x0000000081b00000, 0x0000000081c00000, 0x0000000081c00000|100%| O|  |TAMS 0x0000000081c00000, 0x0000000081b00000| Untracked 
|  28|0x0000000081c00000, 0x0000000081d00000, 0x0000000081d00000|100%| O|  |TAMS 0x0000000081d00000, 0x0000000081c00000| Untracked 
|  29|0x0000000081d00000, 0x0000000081e00000, 0x0000000081e00000|100%| O|  |TAMS 0x0000000081e00000, 0x0000000081d00000| Untracked 
|  30|0x0000000081e00000, 0x0000000081f00000, 0x0000000081f00000|100%|HS|  |TAMS 0x0000000081f00000, 0x0000000081e00000| Complete 
|  31|0x0000000081f00000, 0x0000000082000000, 0x0000000082000000|100%|HS|  |TAMS 0x0000000082000000, 0x0000000081f00000| Complete 
|  32|0x0000000082000000, 0x0000000082100000, 0x0000000082100000|100%|HS|  |TAMS 0x0000000082100000, 0x0000000082000000| Complete 
|  33|0x0000000082100000, 0x0000000082200000, 0x0000000082200000|100%|HC|  |TAMS 0x0000000082200000, 0x0000000082100000| Complete 
|  34|0x0000000082200000, 0x0000000082300000, 0x0000000082300000|100%|HS|  |TAMS 0x0000000082300000, 0x0000000082200000| Complete 
|  35|0x0000000082300000, 0x0000000082400000, 0x0000000082400000|100%| O|  |TAMS 0x0000000082400000, 0x0000000082300000| Untracked 
|  36|0x0000000082400000, 0x0000000082500000, 0x0000000082500000|100%| O|  |TAMS 0x0000000082500000, 0x0000000082400000| Untracked 
|  37|0x0000000082500000, 0x0000000082600000, 0x0000000082600000|100%| O|  |TAMS 0x0000000082600000, 0x0000000082500000| Untracked 
|  38|0x0000000082600000, 0x0000000082700000, 0x0000000082700000|100%| O|  |TAMS 0x0000000082700000, 0x0000000082600000| Untracked 
|  39|0x0000000082700000, 0x0000000082800000, 0x0000000082800000|100%|HS|  |TAMS 0x0000000082800000, 0x0000000082700000| Complete 
|  40|0x0000000082800000, 0x0000000082900000, 0x0000000082900000|100%|HC|  |TAMS 0x0000000082900000, 0x0000000082800000| Complete 
|  41|0x0000000082900000, 0x0000000082a00000, 0x0000000082a00000|100%|HC|  |TAMS 0x0000000082a00000, 0x0000000082900000| Complete 
|  42|0x0000000082a00000, 0x0000000082b00000, 0x0000000082b00000|100%|HC|  |TAMS 0x0000000082b00000, 0x0000000082a00000| Complete 
|  43|0x0000000082b00000, 0x0000000082c00000, 0x0000000082c00000|100%| O|  |TAMS 0x0000000082c00000, 0x0000000082b00000| Untracked 
|  44|0x0000000082c00000, 0x0000000082d00000, 0x0000000082d00000|100%| O|  |TAMS 0x0000000082d00000, 0x0000000082c00000| Untracked 
|  45|0x0000000082d00000, 0x0000000082e00000, 0x0000000082e00000|100%| O|  |TAMS 0x0000000082e00000, 0x0000000082d00000| Untracked 
|  46|0x0000000082e00000, 0x0000000082f00000, 0x0000000082f00000|100%| O|  |TAMS 0x0000000082f00000, 0x0000000082e00000| Untracked 
|  47|0x0000000082f00000, 0x0000000083000000, 0x0000000083000000|100%| O|  |TAMS 0x0000000083000000, 0x0000000082f00000| Untracked 
|  48|0x0000000083000000, 0x0000000083100000, 0x0000000083100000|100%| O|  |TAMS 0x0000000083100000, 0x0000000083000000| Untracked 
|  49|0x0000000083100000, 0x0000000083200000, 0x0000000083200000|100%| O|  |TAMS 0x0000000083100000, 0x0000000083100000| Untracked 
|  50|0x0000000083200000, 0x0000000083300000, 0x0000000083300000|100%| O|  |TAMS 0x0000000083300000, 0x0000000083200000| Untracked 
|  51|0x0000000083300000, 0x0000000083400000, 0x0000000083400000|100%| O|  |TAMS 0x0000000083400000, 0x0000000083300000| Untracked 
|  52|0x0000000083400000, 0x0000000083500000, 0x0000000083500000|100%| O|  |TAMS 0x0000000083500000, 0x0000000083400000| Untracked 
|  53|0x0000000083500000, 0x0000000083600000, 0x0000000083600000|100%| O|  |TAMS 0x0000000083600000, 0x0000000083500000| Untracked 
|  54|0x0000000083600000, 0x0000000083700000, 0x0000000083700000|100%| O|  |TAMS 0x0000000083600000, 0x0000000083600000| Untracked 
|  55|0x0000000083700000, 0x0000000083800000, 0x0000000083800000|100%| O|  |TAMS 0x0000000083800000, 0x0000000083700000| Untracked 
|  56|0x0000000083800000, 0x0000000083900000, 0x0000000083900000|100%| O|  |TAMS 0x0000000083900000, 0x0000000083800000| Untracked 
|  57|0x0000000083900000, 0x0000000083a00000, 0x0000000083a00000|100%| O|  |TAMS 0x0000000083a00000, 0x0000000083900000| Untracked 
|  58|0x0000000083a00000, 0x0000000083b00000, 0x0000000083b00000|100%| O|  |TAMS 0x0000000083b00000, 0x0000000083a00000| Untracked 
|  59|0x0000000083b00000, 0x0000000083c00000, 0x0000000083c00000|100%| O|  |TAMS 0x0000000083c00000, 0x0000000083b00000| Untracked 
|  60|0x0000000083c00000, 0x0000000083d00000, 0x0000000083d00000|100%| O|  |TAMS 0x0000000083d00000, 0x0000000083c00000| Untracked 
|  61|0x0000000083d00000, 0x0000000083e00000, 0x0000000083e00000|100%| O|  |TAMS 0x0000000083e00000, 0x0000000083d00000| Untracked 
|  62|0x0000000083e00000, 0x0000000083f00000, 0x0000000083f00000|100%| O|  |TAMS 0x0000000083f00000, 0x0000000083e00000| Untracked 
|  63|0x0000000083f00000, 0x0000000084000000, 0x0000000084000000|100%| O|  |TAMS 0x0000000084000000, 0x0000000083f00000| Untracked 
|  64|0x0000000084000000, 0x0000000084100000, 0x0000000084100000|100%| O|  |TAMS 0x0000000084100000, 0x0000000084000000| Untracked 
|  65|0x0000000084100000, 0x0000000084200000, 0x0000000084200000|100%| O|  |TAMS 0x0000000084200000, 0x0000000084100000| Untracked 
|  66|0x0000000084200000, 0x0000000084300000, 0x0000000084300000|100%| O|  |TAMS 0x0000000084300000, 0x0000000084200000| Untracked 
|  67|0x0000000084300000, 0x0000000084400000, 0x0000000084400000|100%| O|  |TAMS 0x0000000084400000, 0x0000000084300000| Untracked 
|  68|0x0000000084400000, 0x0000000084500000, 0x0000000084500000|100%| O|  |TAMS 0x0000000084500000, 0x0000000084400000| Untracked 
|  69|0x0000000084500000, 0x0000000084600000, 0x0000000084600000|100%| O|  |TAMS 0x0000000084600000, 0x0000000084500000| Untracked 
|  70|0x0000000084600000, 0x0000000084700000, 0x0000000084700000|100%| O|  |TAMS 0x0000000084700000, 0x0000000084600000| Untracked 
|  71|0x0000000084700000, 0x0000000084800000, 0x0000000084800000|100%| O|  |TAMS 0x0000000084800000, 0x0000000084700000| Untracked 
|  72|0x0000000084800000, 0x0000000084900000, 0x0000000084900000|100%| O|  |TAMS 0x0000000084900000, 0x0000000084800000| Untracked 
|  73|0x0000000084900000, 0x0000000084a00000, 0x0000000084a00000|100%| O|  |TAMS 0x0000000084a00000, 0x0000000084900000| Untracked 
|  74|0x0000000084a00000, 0x0000000084b00000, 0x0000000084b00000|100%| O|  |TAMS 0x0000000084b00000, 0x0000000084a00000| Untracked 
|  75|0x0000000084b00000, 0x0000000084c00000, 0x0000000084c00000|100%| O|  |TAMS 0x0000000084c00000, 0x0000000084b00000| Untracked 
|  76|0x0000000084c00000, 0x0000000084d00000, 0x0000000084d00000|100%| O|  |TAMS 0x0000000084d00000, 0x0000000084c00000| Untracked 
|  77|0x0000000084d00000, 0x0000000084e00000, 0x0000000084e00000|100%| O|  |TAMS 0x0000000084e00000, 0x0000000084d00000| Untracked 
|  78|0x0000000084e00000, 0x0000000084f00000, 0x0000000084f00000|100%| O|  |TAMS 0x0000000084f00000, 0x0000000084e00000| Untracked 
|  79|0x0000000084f00000, 0x0000000085000000, 0x0000000085000000|100%| O|  |TAMS 0x0000000085000000, 0x0000000084f00000| Untracked 
|  80|0x0000000085000000, 0x0000000085100000, 0x0000000085100000|100%| O|  |TAMS 0x0000000085100000, 0x0000000085000000| Untracked 
|  81|0x0000000085100000, 0x0000000085200000, 0x0000000085200000|100%| O|  |TAMS 0x0000000085200000, 0x0000000085100000| Untracked 
|  82|0x0000000085200000, 0x0000000085300000, 0x0000000085300000|100%| O|  |TAMS 0x0000000085300000, 0x0000000085200000| Untracked 
|  83|0x0000000085300000, 0x0000000085400000, 0x0000000085400000|100%| O|  |TAMS 0x00000000853cb800, 0x0000000085300000| Untracked 
|  84|0x0000000085400000, 0x0000000085500000, 0x0000000085500000|100%| O|  |TAMS 0x0000000085400000, 0x0000000085400000| Untracked 
|  85|0x0000000085500000, 0x0000000085600000, 0x0000000085600000|100%| O|  |TAMS 0x0000000085500000, 0x0000000085500000| Untracked 
|  86|0x0000000085600000, 0x0000000085700000, 0x0000000085700000|100%| O|  |TAMS 0x0000000085600000, 0x0000000085600000| Untracked 
|  87|0x0000000085700000, 0x0000000085800000, 0x0000000085800000|100%| O|  |TAMS 0x0000000085700000, 0x0000000085700000| Untracked 
|  88|0x0000000085800000, 0x0000000085900000, 0x0000000085900000|100%| O|  |TAMS 0x0000000085800000, 0x0000000085800000| Untracked 
|  89|0x0000000085900000, 0x0000000085a00000, 0x0000000085a00000|100%| O|  |TAMS 0x0000000085900000, 0x0000000085900000| Untracked 
|  90|0x0000000085a00000, 0x0000000085b00000, 0x0000000085b00000|100%| O|  |TAMS 0x0000000085a00000, 0x0000000085a00000| Untracked 
|  91|0x0000000085b00000, 0x0000000085c00000, 0x0000000085c00000|100%| O|  |TAMS 0x0000000085b00000, 0x0000000085b00000| Untracked 
|  92|0x0000000085c00000, 0x0000000085d00000, 0x0000000085d00000|100%| O|  |TAMS 0x0000000085c00000, 0x0000000085c00000| Untracked 
|  93|0x0000000085d00000, 0x0000000085e00000, 0x0000000085e00000|100%| O|  |TAMS 0x0000000085d00000, 0x0000000085d00000| Untracked 
|  94|0x0000000085e00000, 0x0000000085f00000, 0x0000000085f00000|100%| O|  |TAMS 0x0000000085e00000, 0x0000000085e00000| Untracked 
|  95|0x0000000085f00000, 0x0000000086000000, 0x0000000086000000|100%| O|  |TAMS 0x0000000085f00000, 0x0000000085f00000| Untracked 
|  96|0x0000000086000000, 0x0000000086100000, 0x0000000086100000|100%| O|  |TAMS 0x0000000086000000, 0x0000000086000000| Untracked 
|  97|0x0000000086100000, 0x0000000086200000, 0x0000000086200000|100%| O|  |TAMS 0x0000000086100000, 0x0000000086100000| Untracked 
|  98|0x0000000086200000, 0x0000000086300000, 0x0000000086300000|100%| O|  |TAMS 0x0000000086200000, 0x0000000086200000| Untracked 
|  99|0x0000000086300000, 0x0000000086400000, 0x0000000086400000|100%| O|  |TAMS 0x0000000086300000, 0x0000000086300000| Untracked 
| 100|0x0000000086400000, 0x0000000086500000, 0x0000000086500000|100%| O|  |TAMS 0x0000000086400000, 0x0000000086400000| Untracked 
| 101|0x0000000086500000, 0x0000000086600000, 0x0000000086600000|100%| O|  |TAMS 0x0000000086500000, 0x0000000086500000| Untracked 
| 102|0x0000000086600000, 0x0000000086700000, 0x0000000086700000|100%| O|  |TAMS 0x0000000086600000, 0x0000000086600000| Untracked 
| 103|0x0000000086700000, 0x0000000086800000, 0x0000000086800000|100%| O|  |TAMS 0x0000000086700000, 0x0000000086700000| Untracked 
| 104|0x0000000086800000, 0x0000000086900000, 0x0000000086900000|100%| O|  |TAMS 0x0000000086800000, 0x0000000086800000| Untracked 
| 105|0x0000000086900000, 0x0000000086a00000, 0x0000000086a00000|100%| O|  |TAMS 0x0000000086900000, 0x0000000086900000| Untracked 
| 106|0x0000000086a00000, 0x0000000086b00000, 0x0000000086b00000|100%| O|  |TAMS 0x0000000086a00000, 0x0000000086a00000| Untracked 
| 107|0x0000000086b00000, 0x0000000086c00000, 0x0000000086c00000|100%| O|  |TAMS 0x0000000086b00000, 0x0000000086b00000| Untracked 
| 108|0x0000000086c00000, 0x0000000086d00000, 0x0000000086d00000|100%| O|  |TAMS 0x0000000086c00000, 0x0000000086c00000| Untracked 
| 109|0x0000000086d00000, 0x0000000086e00000, 0x0000000086e00000|100%| O|  |TAMS 0x0000000086d00000, 0x0000000086d00000| Untracked 
| 110|0x0000000086e00000, 0x0000000086f00000, 0x0000000086f00000|100%| O|  |TAMS 0x0000000086e00000, 0x0000000086e00000| Untracked 
| 111|0x0000000086f00000, 0x0000000087000000, 0x0000000087000000|100%| O|  |TAMS 0x0000000086f00000, 0x0000000086f00000| Untracked 
| 112|0x0000000087000000, 0x0000000087100000, 0x0000000087100000|100%| O|  |TAMS 0x0000000087000000, 0x0000000087000000| Untracked 
| 113|0x0000000087100000, 0x0000000087177000, 0x0000000087200000| 46%| O|  |TAMS 0x0000000087100000, 0x0000000087100000| Untracked 
| 114|0x0000000087200000, 0x0000000087200000, 0x0000000087300000|  0%| F|  |TAMS 0x0000000087200000, 0x0000000087200000| Untracked 
| 115|0x0000000087300000, 0x0000000087300000, 0x0000000087400000|  0%| F|  |TAMS 0x0000000087300000, 0x0000000087300000| Untracked 
| 116|0x0000000087400000, 0x0000000087400000, 0x0000000087500000|  0%| F|  |TAMS 0x0000000087400000, 0x0000000087400000| Untracked 
| 117|0x0000000087500000, 0x0000000087500000, 0x0000000087600000|  0%| F|  |TAMS 0x0000000087500000, 0x0000000087500000| Untracked 
| 118|0x0000000087600000, 0x0000000087600000, 0x0000000087700000|  0%| F|  |TAMS 0x0000000087600000, 0x0000000087600000| Untracked 
| 119|0x0000000087700000, 0x0000000087700000, 0x0000000087800000|  0%| F|  |TAMS 0x0000000087700000, 0x0000000087700000| Untracked 
| 120|0x0000000087800000, 0x0000000087800000, 0x0000000087900000|  0%| F|  |TAMS 0x0000000087800000, 0x0000000087800000| Untracked 
| 121|0x0000000087900000, 0x0000000087900000, 0x0000000087a00000|  0%| F|  |TAMS 0x0000000087900000, 0x0000000087900000| Untracked 
| 122|0x0000000087a00000, 0x0000000087a00000, 0x0000000087b00000|  0%| F|  |TAMS 0x0000000087a00000, 0x0000000087a00000| Untracked 
| 123|0x0000000087b00000, 0x0000000087b00000, 0x0000000087c00000|  0%| F|  |TAMS 0x0000000087b00000, 0x0000000087b00000| Untracked 
| 124|0x0000000087c00000, 0x0000000087c00000, 0x0000000087d00000|  0%| F|  |TAMS 0x0000000087c00000, 0x0000000087c00000| Untracked 
| 125|0x0000000087d00000, 0x0000000087d00000, 0x0000000087e00000|  0%| F|  |TAMS 0x0000000087d00000, 0x0000000087d00000| Untracked 
| 126|0x0000000087e00000, 0x0000000087e00000, 0x0000000087f00000|  0%| F|  |TAMS 0x0000000087e00000, 0x0000000087e00000| Untracked 
| 127|0x0000000087f00000, 0x0000000088000000, 0x0000000088000000|100%| O|  |TAMS 0x0000000087f00000, 0x0000000087f00000| Untracked 
| 128|0x0000000088000000, 0x0000000088100000, 0x0000000088100000|100%| O|  |TAMS 0x0000000088000000, 0x0000000088000000| Untracked 
| 129|0x0000000088100000, 0x0000000088200000, 0x0000000088200000|100%| O|  |TAMS 0x0000000088100000, 0x0000000088100000| Untracked 
| 130|0x0000000088200000, 0x0000000088300000, 0x0000000088300000|100%| O|  |TAMS 0x0000000088200000, 0x0000000088200000| Untracked 
| 131|0x0000000088300000, 0x0000000088400000, 0x0000000088400000|100%| O|  |TAMS 0x0000000088300000, 0x0000000088300000| Untracked 
| 132|0x0000000088400000, 0x0000000088400000, 0x0000000088500000|  0%| F|  |TAMS 0x0000000088400000, 0x0000000088400000| Untracked 
| 133|0x0000000088500000, 0x0000000088500000, 0x0000000088600000|  0%| F|  |TAMS 0x0000000088500000, 0x0000000088500000| Untracked 
| 134|0x0000000088600000, 0x0000000088600000, 0x0000000088700000|  0%| F|  |TAMS 0x0000000088600000, 0x0000000088600000| Untracked 
| 135|0x0000000088700000, 0x0000000088700000, 0x0000000088800000|  0%| F|  |TAMS 0x0000000088700000, 0x0000000088700000| Untracked 
| 136|0x0000000088800000, 0x0000000088800000, 0x0000000088900000|  0%| F|  |TAMS 0x0000000088800000, 0x0000000088800000| Untracked 
| 137|0x0000000088900000, 0x0000000088900000, 0x0000000088a00000|  0%| F|  |TAMS 0x0000000088900000, 0x0000000088900000| Untracked 
| 138|0x0000000088a00000, 0x0000000088a00000, 0x0000000088b00000|  0%| F|  |TAMS 0x0000000088a00000, 0x0000000088a00000| Untracked 
| 139|0x0000000088b00000, 0x0000000088b00000, 0x0000000088c00000|  0%| F|  |TAMS 0x0000000088b00000, 0x0000000088b00000| Untracked 
| 140|0x0000000088c00000, 0x0000000088c00000, 0x0000000088d00000|  0%| F|  |TAMS 0x0000000088c00000, 0x0000000088c00000| Untracked 
| 141|0x0000000088d00000, 0x0000000088d00000, 0x0000000088e00000|  0%| F|  |TAMS 0x0000000088d00000, 0x0000000088d00000| Untracked 
| 142|0x0000000088e00000, 0x0000000088e00000, 0x0000000088f00000|  0%| F|  |TAMS 0x0000000088e00000, 0x0000000088e00000| Untracked 
| 143|0x0000000088f00000, 0x0000000088f00000, 0x0000000089000000|  0%| F|  |TAMS 0x0000000088f00000, 0x0000000088f00000| Untracked 
| 144|0x0000000089000000, 0x0000000089000000, 0x0000000089100000|  0%| F|  |TAMS 0x0000000089000000, 0x0000000089000000| Untracked 
| 145|0x0000000089100000, 0x0000000089100000, 0x0000000089200000|  0%| F|  |TAMS 0x0000000089100000, 0x0000000089100000| Untracked 
| 146|0x0000000089200000, 0x0000000089200000, 0x0000000089300000|  0%| F|  |TAMS 0x0000000089200000, 0x0000000089200000| Untracked 
| 147|0x0000000089300000, 0x0000000089300000, 0x0000000089400000|  0%| F|  |TAMS 0x0000000089300000, 0x0000000089300000| Untracked 
| 148|0x0000000089400000, 0x0000000089400000, 0x0000000089500000|  0%| F|  |TAMS 0x0000000089400000, 0x0000000089400000| Untracked 
| 149|0x0000000089500000, 0x0000000089500000, 0x0000000089600000|  0%| F|  |TAMS 0x0000000089500000, 0x0000000089500000| Untracked 
| 150|0x0000000089600000, 0x0000000089600000, 0x0000000089700000|  0%| F|  |TAMS 0x0000000089600000, 0x0000000089600000| Untracked 
| 151|0x0000000089700000, 0x0000000089700000, 0x0000000089800000|  0%| F|  |TAMS 0x0000000089700000, 0x0000000089700000| Untracked 
| 152|0x0000000089800000, 0x0000000089800000, 0x0000000089900000|  0%| F|  |TAMS 0x0000000089800000, 0x0000000089800000| Untracked 
| 153|0x0000000089900000, 0x00000000899bb500, 0x0000000089a00000| 73%| S|CS|TAMS 0x0000000089900000, 0x0000000089900000| Complete 
| 154|0x0000000089a00000, 0x0000000089a00000, 0x0000000089b00000|  0%| F|  |TAMS 0x0000000089a00000, 0x0000000089a00000| Untracked 
| 155|0x0000000089b00000, 0x0000000089b00000, 0x0000000089c00000|  0%| F|  |TAMS 0x0000000089b00000, 0x0000000089b00000| Untracked 
| 156|0x0000000089c00000, 0x0000000089c00000, 0x0000000089d00000|  0%| F|  |TAMS 0x0000000089c00000, 0x0000000089c00000| Untracked 
| 157|0x0000000089d00000, 0x0000000089d00000, 0x0000000089e00000|  0%| F|  |TAMS 0x0000000089d00000, 0x0000000089d00000| Untracked 
| 158|0x0000000089e00000, 0x0000000089f00000, 0x0000000089f00000|100%| S|CS|TAMS 0x0000000089e00000, 0x0000000089e00000| Complete 
| 159|0x0000000089f00000, 0x0000000089f00000, 0x000000008a000000|  0%| F|  |TAMS 0x0000000089f00000, 0x0000000089f00000| Untracked 
| 160|0x000000008a000000, 0x000000008a000000, 0x000000008a100000|  0%| F|  |TAMS 0x000000008a000000, 0x000000008a000000| Untracked 
| 161|0x000000008a100000, 0x000000008a100000, 0x000000008a200000|  0%| F|  |TAMS 0x000000008a100000, 0x000000008a100000| Untracked 
| 162|0x000000008a200000, 0x000000008a200000, 0x000000008a300000|  0%| F|  |TAMS 0x000000008a200000, 0x000000008a200000| Untracked 
| 163|0x000000008a300000, 0x000000008a300000, 0x000000008a400000|  0%| F|  |TAMS 0x000000008a300000, 0x000000008a300000| Untracked 
| 164|0x000000008a400000, 0x000000008a400000, 0x000000008a500000|  0%| F|  |TAMS 0x000000008a400000, 0x000000008a400000| Untracked 
| 165|0x000000008a500000, 0x000000008a500000, 0x000000008a600000|  0%| F|  |TAMS 0x000000008a500000, 0x000000008a500000| Untracked 
| 166|0x000000008a600000, 0x000000008a600000, 0x000000008a700000|  0%| F|  |TAMS 0x000000008a600000, 0x000000008a600000| Untracked 
| 167|0x000000008a700000, 0x000000008a700000, 0x000000008a800000|  0%| F|  |TAMS 0x000000008a700000, 0x000000008a700000| Untracked 
| 168|0x000000008a800000, 0x000000008a800000, 0x000000008a900000|  0%| F|  |TAMS 0x000000008a800000, 0x000000008a800000| Untracked 
| 169|0x000000008a900000, 0x000000008a900000, 0x000000008aa00000|  0%| F|  |TAMS 0x000000008a900000, 0x000000008a900000| Untracked 
| 170|0x000000008aa00000, 0x000000008aa00000, 0x000000008ab00000|  0%| F|  |TAMS 0x000000008aa00000, 0x000000008aa00000| Untracked 
| 171|0x000000008ab00000, 0x000000008ab00000, 0x000000008ac00000|  0%| F|  |TAMS 0x000000008ab00000, 0x000000008ab00000| Untracked 
| 172|0x000000008ac00000, 0x000000008ac00000, 0x000000008ad00000|  0%| F|  |TAMS 0x000000008ac00000, 0x000000008ac00000| Untracked 
| 173|0x000000008ad00000, 0x000000008ad00000, 0x000000008ae00000|  0%| F|  |TAMS 0x000000008ad00000, 0x000000008ad00000| Untracked 
| 174|0x000000008ae00000, 0x000000008ae00000, 0x000000008af00000|  0%| F|  |TAMS 0x000000008ae00000, 0x000000008ae00000| Untracked 
| 175|0x000000008af00000, 0x000000008af00000, 0x000000008b000000|  0%| F|  |TAMS 0x000000008af00000, 0x000000008af00000| Untracked 
| 176|0x000000008b000000, 0x000000008b000000, 0x000000008b100000|  0%| F|  |TAMS 0x000000008b000000, 0x000000008b000000| Untracked 
| 177|0x000000008b100000, 0x000000008b100000, 0x000000008b200000|  0%| F|  |TAMS 0x000000008b100000, 0x000000008b100000| Untracked 
| 178|0x000000008b200000, 0x000000008b200000, 0x000000008b300000|  0%| F|  |TAMS 0x000000008b200000, 0x000000008b200000| Untracked 
| 179|0x000000008b300000, 0x000000008b300000, 0x000000008b400000|  0%| F|  |TAMS 0x000000008b300000, 0x000000008b300000| Untracked 
| 180|0x000000008b400000, 0x000000008b400000, 0x000000008b500000|  0%| F|  |TAMS 0x000000008b400000, 0x000000008b400000| Untracked 
| 181|0x000000008b500000, 0x000000008b500000, 0x000000008b600000|  0%| F|  |TAMS 0x000000008b500000, 0x000000008b500000| Untracked 
| 182|0x000000008b600000, 0x000000008b600000, 0x000000008b700000|  0%| F|  |TAMS 0x000000008b600000, 0x000000008b600000| Untracked 
| 183|0x000000008b700000, 0x000000008b700000, 0x000000008b800000|  0%| F|  |TAMS 0x000000008b700000, 0x000000008b700000| Untracked 
| 184|0x000000008b800000, 0x000000008b800000, 0x000000008b900000|  0%| F|  |TAMS 0x000000008b800000, 0x000000008b800000| Untracked 
| 185|0x000000008b900000, 0x000000008b900000, 0x000000008ba00000|  0%| F|  |TAMS 0x000000008b900000, 0x000000008b900000| Untracked 
| 186|0x000000008ba00000, 0x000000008ba00000, 0x000000008bb00000|  0%| F|  |TAMS 0x000000008ba00000, 0x000000008ba00000| Untracked 
| 187|0x000000008bb00000, 0x000000008bb00000, 0x000000008bc00000|  0%| F|  |TAMS 0x000000008bb00000, 0x000000008bb00000| Untracked 
| 188|0x000000008bc00000, 0x000000008bc00000, 0x000000008bd00000|  0%| F|  |TAMS 0x000000008bc00000, 0x000000008bc00000| Untracked 
| 189|0x000000008bd00000, 0x000000008bd00000, 0x000000008be00000|  0%| F|  |TAMS 0x000000008bd00000, 0x000000008bd00000| Untracked 
| 190|0x000000008be00000, 0x000000008be00000, 0x000000008bf00000|  0%| F|  |TAMS 0x000000008be00000, 0x000000008be00000| Untracked 
| 191|0x000000008bf00000, 0x000000008bf00000, 0x000000008c000000|  0%| F|  |TAMS 0x000000008bf00000, 0x000000008bf00000| Untracked 
| 192|0x000000008c000000, 0x000000008c000000, 0x000000008c100000|  0%| F|  |TAMS 0x000000008c000000, 0x000000008c000000| Untracked 
| 193|0x000000008c100000, 0x000000008c100000, 0x000000008c200000|  0%| F|  |TAMS 0x000000008c100000, 0x000000008c100000| Untracked 
| 194|0x000000008c200000, 0x000000008c200000, 0x000000008c300000|  0%| F|  |TAMS 0x000000008c200000, 0x000000008c200000| Untracked 
| 195|0x000000008c300000, 0x000000008c300000, 0x000000008c400000|  0%| F|  |TAMS 0x000000008c300000, 0x000000008c300000| Untracked 
| 196|0x000000008c400000, 0x000000008c400000, 0x000000008c500000|  0%| F|  |TAMS 0x000000008c400000, 0x000000008c400000| Untracked 
| 197|0x000000008c500000, 0x000000008c500000, 0x000000008c600000|  0%| F|  |TAMS 0x000000008c500000, 0x000000008c500000| Untracked 
| 198|0x000000008c600000, 0x000000008c600000, 0x000000008c700000|  0%| F|  |TAMS 0x000000008c600000, 0x000000008c600000| Untracked 
| 199|0x000000008c700000, 0x000000008c700000, 0x000000008c800000|  0%| F|  |TAMS 0x000000008c700000, 0x000000008c700000| Untracked 
| 200|0x000000008c800000, 0x000000008c800000, 0x000000008c900000|  0%| F|  |TAMS 0x000000008c800000, 0x000000008c800000| Untracked 
| 201|0x000000008c900000, 0x000000008c900000, 0x000000008ca00000|  0%| F|  |TAMS 0x000000008c900000, 0x000000008c900000| Untracked 
| 202|0x000000008ca00000, 0x000000008ca00000, 0x000000008cb00000|  0%| F|  |TAMS 0x000000008ca00000, 0x000000008ca00000| Untracked 
| 203|0x000000008cb00000, 0x000000008cb00000, 0x000000008cc00000|  0%| F|  |TAMS 0x000000008cb00000, 0x000000008cb00000| Untracked 
| 204|0x000000008cc00000, 0x000000008cc00000, 0x000000008cd00000|  0%| F|  |TAMS 0x000000008cc00000, 0x000000008cc00000| Untracked 
| 205|0x000000008cd00000, 0x000000008cd00000, 0x000000008ce00000|  0%| F|  |TAMS 0x000000008cd00000, 0x000000008cd00000| Untracked 
| 206|0x000000008ce00000, 0x000000008ce00000, 0x000000008cf00000|  0%| F|  |TAMS 0x000000008ce00000, 0x000000008ce00000| Untracked 
| 207|0x000000008cf00000, 0x000000008cf00000, 0x000000008d000000|  0%| F|  |TAMS 0x000000008cf00000, 0x000000008cf00000| Untracked 
| 208|0x000000008d000000, 0x000000008d000000, 0x000000008d100000|  0%| F|  |TAMS 0x000000008d000000, 0x000000008d000000| Untracked 
| 209|0x000000008d100000, 0x000000008d100000, 0x000000008d200000|  0%| F|  |TAMS 0x000000008d100000, 0x000000008d100000| Untracked 
| 210|0x000000008d200000, 0x000000008d200000, 0x000000008d300000|  0%| F|  |TAMS 0x000000008d200000, 0x000000008d200000| Untracked 
| 211|0x000000008d300000, 0x000000008d300000, 0x000000008d400000|  0%| F|  |TAMS 0x000000008d300000, 0x000000008d300000| Untracked 
| 212|0x000000008d400000, 0x000000008d400000, 0x000000008d500000|  0%| F|  |TAMS 0x000000008d400000, 0x000000008d400000| Untracked 
| 213|0x000000008d500000, 0x000000008d500000, 0x000000008d600000|  0%| F|  |TAMS 0x000000008d500000, 0x000000008d500000| Untracked 
| 214|0x000000008d600000, 0x000000008d600000, 0x000000008d700000|  0%| F|  |TAMS 0x000000008d600000, 0x000000008d600000| Untracked 
| 215|0x000000008d700000, 0x000000008d700000, 0x000000008d800000|  0%| F|  |TAMS 0x000000008d700000, 0x000000008d700000| Untracked 
| 216|0x000000008d800000, 0x000000008d800000, 0x000000008d900000|  0%| F|  |TAMS 0x000000008d800000, 0x000000008d800000| Untracked 
| 217|0x000000008d900000, 0x000000008d900000, 0x000000008da00000|  0%| F|  |TAMS 0x000000008d900000, 0x000000008d900000| Untracked 
| 218|0x000000008da00000, 0x000000008da00000, 0x000000008db00000|  0%| F|  |TAMS 0x000000008da00000, 0x000000008da00000| Untracked 
| 219|0x000000008db00000, 0x000000008db00000, 0x000000008dc00000|  0%| F|  |TAMS 0x000000008db00000, 0x000000008db00000| Untracked 
| 220|0x000000008dc00000, 0x000000008dc00000, 0x000000008dd00000|  0%| F|  |TAMS 0x000000008dc00000, 0x000000008dc00000| Untracked 
| 221|0x000000008dd00000, 0x000000008dd00000, 0x000000008de00000|  0%| F|  |TAMS 0x000000008dd00000, 0x000000008dd00000| Untracked 
| 222|0x000000008de00000, 0x000000008de00000, 0x000000008df00000|  0%| F|  |TAMS 0x000000008de00000, 0x000000008de00000| Untracked 
| 223|0x000000008df00000, 0x000000008df00000, 0x000000008e000000|  0%| F|  |TAMS 0x000000008df00000, 0x000000008df00000| Untracked 
| 224|0x000000008e000000, 0x000000008e000000, 0x000000008e100000|  0%| F|  |TAMS 0x000000008e000000, 0x000000008e000000| Untracked 
| 225|0x000000008e100000, 0x000000008e100000, 0x000000008e200000|  0%| F|  |TAMS 0x000000008e100000, 0x000000008e100000| Untracked 
| 226|0x000000008e200000, 0x000000008e200000, 0x000000008e300000|  0%| F|  |TAMS 0x000000008e200000, 0x000000008e200000| Untracked 
| 227|0x000000008e300000, 0x000000008e300000, 0x000000008e400000|  0%| F|  |TAMS 0x000000008e300000, 0x000000008e300000| Untracked 
| 228|0x000000008e400000, 0x000000008e400000, 0x000000008e500000|  0%| F|  |TAMS 0x000000008e400000, 0x000000008e400000| Untracked 
| 229|0x000000008e500000, 0x000000008e500000, 0x000000008e600000|  0%| F|  |TAMS 0x000000008e500000, 0x000000008e500000| Untracked 
| 230|0x000000008e600000, 0x000000008e600000, 0x000000008e700000|  0%| F|  |TAMS 0x000000008e600000, 0x000000008e600000| Untracked 
| 231|0x000000008e700000, 0x000000008e700000, 0x000000008e800000|  0%| F|  |TAMS 0x000000008e700000, 0x000000008e700000| Untracked 
| 232|0x000000008e800000, 0x000000008e800000, 0x000000008e900000|  0%| F|  |TAMS 0x000000008e800000, 0x000000008e800000| Untracked 
| 233|0x000000008e900000, 0x000000008e900000, 0x000000008ea00000|  0%| F|  |TAMS 0x000000008e900000, 0x000000008e900000| Untracked 
| 234|0x000000008ea00000, 0x000000008ea00000, 0x000000008eb00000|  0%| F|  |TAMS 0x000000008ea00000, 0x000000008ea00000| Untracked 
| 235|0x000000008eb00000, 0x000000008eb00000, 0x000000008ec00000|  0%| F|  |TAMS 0x000000008eb00000, 0x000000008eb00000| Untracked 
| 236|0x000000008ec00000, 0x000000008ec00000, 0x000000008ed00000|  0%| F|  |TAMS 0x000000008ec00000, 0x000000008ec00000| Untracked 
| 237|0x000000008ed00000, 0x000000008ed00000, 0x000000008ee00000|  0%| F|  |TAMS 0x000000008ed00000, 0x000000008ed00000| Untracked 
| 238|0x000000008ee00000, 0x000000008ee00000, 0x000000008ef00000|  0%| F|  |TAMS 0x000000008ee00000, 0x000000008ee00000| Untracked 
| 239|0x000000008ef00000, 0x000000008ef00000, 0x000000008f000000|  0%| F|  |TAMS 0x000000008ef00000, 0x000000008ef00000| Untracked 
| 240|0x000000008f000000, 0x000000008f000000, 0x000000008f100000|  0%| F|  |TAMS 0x000000008f000000, 0x000000008f000000| Untracked 
| 241|0x000000008f100000, 0x000000008f100000, 0x000000008f200000|  0%| F|  |TAMS 0x000000008f100000, 0x000000008f100000| Untracked 
| 242|0x000000008f200000, 0x000000008f200000, 0x000000008f300000|  0%| F|  |TAMS 0x000000008f200000, 0x000000008f200000| Untracked 
| 243|0x000000008f300000, 0x000000008f300000, 0x000000008f400000|  0%| F|  |TAMS 0x000000008f300000, 0x000000008f300000| Untracked 
| 244|0x000000008f400000, 0x000000008f400000, 0x000000008f500000|  0%| F|  |TAMS 0x000000008f400000, 0x000000008f400000| Untracked 
| 245|0x000000008f500000, 0x000000008f500000, 0x000000008f600000|  0%| F|  |TAMS 0x000000008f500000, 0x000000008f500000| Untracked 
| 246|0x000000008f600000, 0x000000008f600000, 0x000000008f700000|  0%| F|  |TAMS 0x000000008f600000, 0x000000008f600000| Untracked 
| 247|0x000000008f700000, 0x000000008f700000, 0x000000008f800000|  0%| F|  |TAMS 0x000000008f700000, 0x000000008f700000| Untracked 
| 248|0x000000008f800000, 0x000000008f800000, 0x000000008f900000|  0%| F|  |TAMS 0x000000008f800000, 0x000000008f800000| Untracked 
| 249|0x000000008f900000, 0x000000008f900000, 0x000000008fa00000|  0%| F|  |TAMS 0x000000008f900000, 0x000000008f900000| Untracked 
| 250|0x000000008fa00000, 0x000000008fa00000, 0x000000008fb00000|  0%| F|  |TAMS 0x000000008fa00000, 0x000000008fa00000| Untracked 
| 251|0x000000008fb00000, 0x000000008fb00000, 0x000000008fc00000|  0%| F|  |TAMS 0x000000008fb00000, 0x000000008fb00000| Untracked 
| 252|0x000000008fc00000, 0x000000008fc00000, 0x000000008fd00000|  0%| F|  |TAMS 0x000000008fc00000, 0x000000008fc00000| Untracked 
| 253|0x000000008fd00000, 0x000000008fd00000, 0x000000008fe00000|  0%| F|  |TAMS 0x000000008fd00000, 0x000000008fd00000| Untracked 

Card table byte_map: [0x000001cfa49f0000,0x000001cfa4df0000] _byte_map_base: 0x000001cfa45f0000

Marking Bits (Prev, Next): (CMBitMap*) 0x000001cf91e5bca0, (CMBitMap*) 0x000001cf91e5bc60
 Prev Bits: [0x000001cfa71f0000, 0x000001cfa91f0000)
 Next Bits: [0x000001cfa51f0000, 0x000001cfa71f0000)

Polling page: 0x000001cf915c0000

Metaspace:

Usage:
  Non-class:     86.91 MB used.
      Class:     13.65 MB used.
       Both:    100.56 MB used.

Virtual space:
  Non-class space:       96.00 MB reserved,      87.25 MB ( 91%) committed,  12 nodes.
      Class space:        1.00 GB reserved,      14.00 MB (  1%) committed,  1 nodes.
             Both:        1.09 GB reserved,     101.25 MB (  9%) committed. 

Chunk freelists:
   Non-Class:  3.83 MB
       Class:  2.01 MB
        Both:  5.84 MB

MaxMetaspaceSize: unlimited
CompressedClassSpaceSize: 1.00 GB
Initial GC threshold: 21.00 MB
Current GC threshold: 158.12 MB
CDS: off
MetaspaceReclaimPolicy: balanced
 - commit_granule_bytes: 65536.
 - commit_granule_words: 8192.
 - virtual_space_node_default_size: 1048576.
 - enlarge_chunks_in_place: 1.
 - new_chunks_are_fully_committed: 0.
 - uncommit_free_chunks: 1.
 - use_allocation_guard: 0.
 - handle_deallocations: 1.


Internal statistics:

num_allocs_failed_limit: 6.
num_arena_births: 1106.
num_arena_deaths: 0.
num_vsnodes_births: 13.
num_vsnodes_deaths: 0.
num_space_committed: 1619.
num_space_uncommitted: 0.
num_chunks_returned_to_freelist: 6.
num_chunks_taken_from_freelist: 4969.
num_chunk_merges: 6.
num_chunk_splits: 3303.
num_chunks_enlarged: 2207.
num_purges: 0.
num_inconsistent_stats: 0.

CodeHeap 'non-profiled nmethods': size=120000Kb used=7664Kb max_used=7664Kb free=112335Kb
 bounds [0x000001cf9cd90000, 0x000001cf9d510000, 0x000001cfa42c0000]
CodeHeap 'profiled nmethods': size=120000Kb used=21578Kb max_used=21578Kb free=98421Kb
 bounds [0x000001cf952c0000, 0x000001cf967e0000, 0x000001cf9c7f0000]
CodeHeap 'non-nmethods': size=5760Kb used=2423Kb max_used=2479Kb free=3336Kb
 bounds [0x000001cf9c7f0000, 0x000001cf9ca70000, 0x000001cf9cd90000]
 total_blobs=12064 nmethods=11114 adapters=862
 compilation: enabled
              stopped_count=0, restarted_count=0
 full_count=0

Compilation events (20 events):
Event: 20.363 Thread 0x000001cfabd3a3f0 12710       3       org.gradle.internal.execution.steps.CleanupStaleOutputsStep::execute (27 bytes)
Event: 20.363 Thread 0x000001cfabd3a3f0 nmethod 12710 0x000001cf967cdf10 code [0x000001cf967ce0e0, 0x000001cf967ce408]
Event: 20.363 Thread 0x000001cfabd3a3f0 12711       3       org.gradle.internal.execution.steps.AssignWorkspaceStep::execute (10 bytes)
Event: 20.363 Thread 0x000001cfabd3a3f0 nmethod 12711 0x000001cf967ce510 code [0x000001cf967ce6c0, 0x000001cf967ce8e8]
Event: 20.363 Thread 0x000001cfabd3a3f0 12712   !   3       jdk.proxy1.$Proxy49::onExecute (38 bytes)
Event: 20.363 Thread 0x000001cfaecce000 12713       4       com.google.common.collect.RegularImmutableAsList::get (9 bytes)
Event: 20.363 Thread 0x000001cfabd3a3f0 nmethod 12712 0x000001cf967ce990 code [0x000001cf967ceb80, 0x000001cf967cf1f8]
Event: 20.364 Thread 0x000001cfaecce000 nmethod 12713 0x000001cf9d50be90 code [0x000001cf9d50c020, 0x000001cf9d50c118]
Event: 20.364 Thread 0x000001cfabd3a3f0 12714   !   3       sun.nio.cs.StreamDecoder::close (48 bytes)
Event: 20.364 Thread 0x000001cfabd3a3f0 nmethod 12714 0x000001cf967cf510 code [0x000001cf967cf700, 0x000001cf967cfc58]
Event: 20.365 Thread 0x000001cfabd3a3f0 12715       3       org.gradle.internal.execution.steps.CaptureStateBeforeExecutionStep$ImplementationsBuilder::visitImplementation (13 bytes)
Event: 20.365 Thread 0x000001cfabd3a3f0 nmethod 12715 0x000001cf967cfe90 code [0x000001cf967d0060, 0x000001cf967d0338]
Event: 20.365 Thread 0x000001cfabd3a3f0 12716       3       org.gradle.internal.snapshot.impl.ImplementationSnapshot::of (27 bytes)
Event: 20.366 Thread 0x000001cfabd3a3f0 nmethod 12716 0x000001cf967d0490 code [0x000001cf967d0780, 0x000001cf967d1868]
Event: 20.366 Thread 0x000001cfabd3a3f0 12717       3       org.gradle.internal.execution.steps.UpToDateResult::getReusedOutputOriginMetadata (8 bytes)
Event: 20.366 Thread 0x000001cfaecce000 12718       4       org.gradle.internal.logging.sink.OutputEventListenerManager$1::onOutput (33 bytes)
Event: 20.366 Thread 0x000001cfb44952e0 12719   !   4       org.gradle.internal.logging.sink.OutputEventRenderer::onOutput (101 bytes)
Event: 20.367 Thread 0x000001cfabd3a3f0 nmethod 12717 0x000001cf967d1e10 code [0x000001cf967d1fc0, 0x000001cf967d22f8]
Event: 20.367 Thread 0x000001cfabd3a3f0 12721       3       org.gradle.internal.execution.steps.CaptureStateBeforeExecutionStep$$Lambda$503/0x00000001005e3a08::accept (14 bytes)
Event: 20.367 Thread 0x000001cfabd3a3f0 nmethod 12721 0x000001cf967d2410 code [0x000001cf967d25c0, 0x000001cf967d2888]

GC Heap History (20 events):
Event: 16.114 GC heap after
{Heap after GC invocations=41 (full 0):
 garbage-first heap   total 144384K, used 75291K [0x0000000080000000, 0x0000000100000000)
  region size 1024K, 4 young (4096K), 4 survivors (4096K)
 Metaspace       used 90076K, committed 90688K, reserved 1130496K
  class space    used 12367K, committed 12672K, reserved 1048576K
}
Event: 16.193 GC heap before
{Heap before GC invocations=41 (full 0):
 garbage-first heap   total 144384K, used 78363K [0x0000000080000000, 0x0000000100000000)
  region size 1024K, 7 young (7168K), 4 survivors (4096K)
 Metaspace       used 91392K, committed 92032K, reserved 1130496K
  class space    used 12519K, committed 12800K, reserved 1048576K
}
Event: 16.198 GC heap after
{Heap after GC invocations=42 (full 0):
 garbage-first heap   total 144384K, used 75418K [0x0000000080000000, 0x0000000100000000)
  region size 1024K, 1 young (1024K), 1 survivors (1024K)
 Metaspace       used 91392K, committed 92032K, reserved 1130496K
  class space    used 12519K, committed 12800K, reserved 1048576K
}
Event: 16.772 GC heap before
{Heap before GC invocations=42 (full 0):
 garbage-first heap   total 144384K, used 116378K [0x0000000080000000, 0x0000000100000000)
  region size 1024K, 41 young (41984K), 1 survivors (1024K)
 Metaspace       used 93959K, committed 94592K, reserved 1130496K
  class space    used 12854K, committed 13120K, reserved 1048576K
}
Event: 16.776 GC heap after
{Heap after GC invocations=43 (full 0):
 garbage-first heap   total 144384K, used 78985K [0x0000000080000000, 0x0000000100000000)
  region size 1024K, 5 young (5120K), 5 survivors (5120K)
 Metaspace       used 93959K, committed 94592K, reserved 1130496K
  class space    used 12854K, committed 13120K, reserved 1048576K
}
Event: 17.259 GC heap before
{Heap before GC invocations=44 (full 0):
 garbage-first heap   total 144384K, used 116873K [0x0000000080000000, 0x0000000100000000)
  region size 1024K, 42 young (43008K), 5 survivors (5120K)
 Metaspace       used 94070K, committed 94720K, reserved 1130496K
  class space    used 12861K, committed 13184K, reserved 1048576K
}
Event: 17.269 GC heap after
{Heap after GC invocations=45 (full 0):
 garbage-first heap   total 144384K, used 84992K [0x0000000080000000, 0x0000000100000000)
  region size 1024K, 6 young (6144K), 6 survivors (6144K)
 Metaspace       used 94070K, committed 94720K, reserved 1130496K
  class space    used 12861K, committed 13184K, reserved 1048576K
}
Event: 17.283 GC heap before
{Heap before GC invocations=45 (full 0):
 garbage-first heap   total 144384K, used 86016K [0x0000000080000000, 0x0000000100000000)
  region size 1024K, 7 young (7168K), 6 survivors (6144K)
 Metaspace       used 94070K, committed 94720K, reserved 1130496K
  class space    used 12861K, committed 13184K, reserved 1048576K
}
Event: 17.289 GC heap after
{Heap after GC invocations=46 (full 0):
 garbage-first heap   total 188416K, used 85449K [0x0000000080000000, 0x0000000100000000)
  region size 1024K, 1 young (1024K), 1 survivors (1024K)
 Metaspace       used 94070K, committed 94720K, reserved 1130496K
  class space    used 12861K, committed 13184K, reserved 1048576K
}
Event: 18.285 GC heap before
{Heap before GC invocations=46 (full 0):
 garbage-first heap   total 188416K, used 148937K [0x0000000080000000, 0x0000000100000000)
  region size 1024K, 63 young (64512K), 1 survivors (1024K)
 Metaspace       used 96377K, committed 97024K, reserved 1138688K
  class space    used 13261K, committed 13568K, reserved 1048576K
}
Event: 18.291 GC heap after
{Heap after GC invocations=47 (full 0):
 garbage-first heap   total 188416K, used 90680K [0x0000000080000000, 0x0000000100000000)
  region size 1024K, 6 young (6144K), 6 survivors (6144K)
 Metaspace       used 96377K, committed 97024K, reserved 1138688K
  class space    used 13261K, committed 13568K, reserved 1048576K
}
Event: 19.134 GC heap before
{Heap before GC invocations=48 (full 0):
 garbage-first heap   total 188416K, used 151096K [0x0000000080000000, 0x0000000100000000)
  region size 1024K, 63 young (64512K), 6 survivors (6144K)
 Metaspace       used 100270K, committed 101056K, reserved 1138688K
  class space    used 13693K, committed 14080K, reserved 1048576K
}
Event: 19.145 GC heap after
{Heap after GC invocations=49 (full 0):
 garbage-first heap   total 188416K, used 108291K [0x0000000080000000, 0x0000000100000000)
  region size 1024K, 8 young (8192K), 8 survivors (8192K)
 Metaspace       used 100270K, committed 101056K, reserved 1138688K
  class space    used 13693K, committed 14080K, reserved 1048576K
}
Event: 19.158 GC heap before
{Heap before GC invocations=49 (full 0):
 garbage-first heap   total 188416K, used 109315K [0x0000000080000000, 0x0000000100000000)
  region size 1024K, 9 young (9216K), 8 survivors (8192K)
 Metaspace       used 100327K, committed 101120K, reserved 1138688K
  class space    used 13700K, committed 14080K, reserved 1048576K
}
Event: 19.164 GC heap after
{Heap after GC invocations=50 (full 0):
 garbage-first heap   total 188416K, used 110495K [0x0000000080000000, 0x0000000100000000)
  region size 1024K, 2 young (2048K), 2 survivors (2048K)
 Metaspace       used 100327K, committed 101120K, reserved 1138688K
  class space    used 13700K, committed 14080K, reserved 1048576K
}
Event: 19.666 GC heap before
{Heap before GC invocations=50 (full 0):
 garbage-first heap   total 188416K, used 143263K [0x0000000080000000, 0x0000000100000000)
  region size 1024K, 34 young (34816K), 2 survivors (2048K)
 Metaspace       used 100629K, committed 101376K, reserved 1138688K
  class space    used 13724K, committed 14080K, reserved 1048576K
}
Event: 19.673 GC heap after
{Heap after GC invocations=51 (full 0):
 garbage-first heap   total 188416K, used 117187K [0x0000000080000000, 0x0000000100000000)
  region size 1024K, 5 young (5120K), 5 survivors (5120K)
 Metaspace       used 100629K, committed 101376K, reserved 1138688K
  class space    used 13724K, committed 14080K, reserved 1048576K
}
Event: 20.075 GC heap before
{Heap before GC invocations=51 (full 0):
 garbage-first heap   total 188416K, used 160195K [0x0000000080000000, 0x0000000100000000)
  region size 1024K, 31 young (31744K), 5 survivors (5120K)
 Metaspace       used 102521K, committed 103296K, reserved 1138688K
  class space    used 13943K, committed 14336K, reserved 1048576K
}
Event: 20.084 GC heap after
{Heap after GC invocations=52 (full 0):
 garbage-first heap   total 188416K, used 121494K [0x0000000080000000, 0x0000000100000000)
  region size 1024K, 4 young (4096K), 4 survivors (4096K)
 Metaspace       used 102521K, committed 103296K, reserved 1138688K
  class space    used 13943K, committed 14336K, reserved 1048576K
}
Event: 20.367 GC heap before
{Heap before GC invocations=52 (full 0):
 garbage-first heap   total 188416K, used 146070K [0x0000000080000000, 0x0000000100000000)
  region size 1024K, 29 young (29696K), 4 survivors (4096K)
 Metaspace       used 102975K, committed 103680K, reserved 1146880K
  class space    used 13982K, committed 14336K, reserved 1048576K
}

Dll operation events (2 events):
Event: 0.017 Loaded shared library C:\Program Files\Android\Android Studio\jbr\bin\java.dll
Event: 0.722 Loaded shared library C:\Program Files\Android\Android Studio\jbr\bin\verify.dll

Deoptimization events (20 events):
Event: 20.252 Thread 0x000001cfb4767ed0 DEOPT PACKING pc=0x000001cf9d4d2e38 sp=0x0000005307cfb860
Event: 20.252 Thread 0x000001cfb4767ed0 DEOPT UNPACKING pc=0x000001cf9c84a1a3 sp=0x0000005307cfb800 mode 2
Event: 20.252 Thread 0x000001cfb4767ed0 Uncommon trap: trap_request=0xffffffd6 fr.pc=0x000001cf9d4d2e38 relative=0x0000000000000378
Event: 20.252 Thread 0x000001cfb4767ed0 Uncommon trap: reason=array_check action=maybe_recompile pc=0x000001cf9d4d2e38 method=java.util.AbstractCollection.toArray([Ljava/lang/Object;)[Ljava/lang/Object; @ 116 c2
Event: 20.252 Thread 0x000001cfb4767ed0 DEOPT PACKING pc=0x000001cf9d4d2e38 sp=0x0000005307cfb860
Event: 20.252 Thread 0x000001cfb4767ed0 DEOPT UNPACKING pc=0x000001cf9c84a1a3 sp=0x0000005307cfb800 mode 2
Event: 20.288 Thread 0x000001cfb38f52a0 Uncommon trap: trap_request=0xffffff45 fr.pc=0x000001cf9d4ccd28 relative=0x0000000000000188
Event: 20.288 Thread 0x000001cfb38f52a0 Uncommon trap: reason=unstable_if action=reinterpret pc=0x000001cf9d4ccd28 method=com.google.common.collect.RegularImmutableMap.get(Ljava/lang/Object;[Lcom/google/common/collect/ImmutableMapEntry;I)Ljava/lang/Object; @ 27 c2
Event: 20.288 Thread 0x000001cfb38f52a0 DEOPT PACKING pc=0x000001cf9d4ccd28 sp=0x00000053085fdd70
Event: 20.288 Thread 0x000001cfb38f52a0 DEOPT UNPACKING pc=0x000001cf9c84a1a3 sp=0x00000053085fdc98 mode 2
Event: 20.289 Thread 0x000001cfb38f52a0 Uncommon trap: trap_request=0xffffff45 fr.pc=0x000001cf9d423964 relative=0x0000000000000144
Event: 20.290 Thread 0x000001cfb38f52a0 Uncommon trap: reason=unstable_if action=reinterpret pc=0x000001cf9d423964 method=com.google.common.collect.RegularImmutableMap.get(Ljava/lang/Object;[Lcom/google/common/collect/ImmutableMapEntry;I)Ljava/lang/Object; @ 27 c2
Event: 20.290 Thread 0x000001cfb38f52a0 DEOPT PACKING pc=0x000001cf9d423964 sp=0x00000053085fdd00
Event: 20.290 Thread 0x000001cfb38f52a0 DEOPT UNPACKING pc=0x000001cf9c84a1a3 sp=0x00000053085fdc98 mode 2
Event: 20.298 Thread 0x000001cfad637ba0 Uncommon trap: trap_request=0xffffff45 fr.pc=0x000001cf9d4cfde8 relative=0x0000000000001d08
Event: 20.298 Thread 0x000001cfad637ba0 Uncommon trap: reason=unstable_if action=reinterpret pc=0x000001cf9d4cfde8 method=java.util.concurrent.locks.AbstractQueuedSynchronizer.acquire(Ljava/util/concurrent/locks/AbstractQueuedSynchronizer$Node;IZZZJ)I @ 83 c2
Event: 20.299 Thread 0x000001cfad637ba0 DEOPT PACKING pc=0x000001cf9d4cfde8 sp=0x00000053010ff000
Event: 20.299 Thread 0x000001cfad637ba0 DEOPT UNPACKING pc=0x000001cf9c84a1a3 sp=0x00000053010fefc0 mode 2
Event: 20.334 Thread 0x000001cfad47e820 DEOPT PACKING pc=0x000001cf9669b209 sp=0x00000053065fbc00
Event: 20.334 Thread 0x000001cfad47e820 DEOPT UNPACKING pc=0x000001cf9c84ace3 sp=0x00000053065fb138 mode 0

Classes unloaded (0 events):
No events

Classes redefined (0 events):
No events

Internal exceptions (20 events):
Event: 19.809 Thread 0x000001cfb4767ed0 Exception <a 'java/lang/NoSuchMethodError'{0x000000008cbc5078}: static Lcom/android/ide/common/resources/CompileResourceRequest;.<clinit>()V> (0x000000008cbc5078) 
thrown [s\src\hotspot\share\prims\jni.cpp, line 1108]
Event: 19.817 Thread 0x000001cfb4767ed0 Exception <a 'java/lang/NoSuchMethodError'{0x000000008ca2b580}: static [Ljava/lang/Object;.<clinit>()V> (0x000000008ca2b580) 
thrown [s\src\hotspot\share\prims\jni.cpp, line 1108]
Event: 19.820 Thread 0x000001cfb4767ed0 Exception <a 'java/lang/NoSuchMethodError'{0x000000008ca5d580}: static Lkotlin/InitializedLazyImpl;.<clinit>()V> (0x000000008ca5d580) 
thrown [s\src\hotspot\share\prims\jni.cpp, line 1108]
Event: 19.866 Thread 0x000001cfb4767530 Implicit null exception at 0x000001cf9d4006a0 to 0x000001cf9d402248
Event: 19.893 Thread 0x000001cfb4767530 Exception <a 'sun/nio/fs/WindowsException'{0x000000008acabb08}> (0x000000008acabb08) 
thrown [s\src\hotspot\share\prims\jni.cpp, line 517]
Event: 19.894 Thread 0x000001cfb4767530 Exception <a 'sun/nio/fs/WindowsException'{0x000000008acabec8}> (0x000000008acabec8) 
thrown [s\src\hotspot\share\prims\jni.cpp, line 517]
Event: 19.898 Thread 0x000001cfb4767530 Exception <a 'sun/nio/fs/WindowsException'{0x000000008acadb40}> (0x000000008acadb40) 
thrown [s\src\hotspot\share\prims\jni.cpp, line 517]
Event: 19.899 Thread 0x000001cfb4767530 Exception <a 'sun/nio/fs/WindowsException'{0x000000008acadec0}> (0x000000008acadec0) 
thrown [s\src\hotspot\share\prims\jni.cpp, line 517]
Event: 19.902 Thread 0x000001cfb4767530 Exception <a 'sun/nio/fs/WindowsException'{0x000000008acb0ba0}> (0x000000008acb0ba0) 
thrown [s\src\hotspot\share\prims\jni.cpp, line 517]
Event: 19.902 Thread 0x000001cfb4767530 Exception <a 'sun/nio/fs/WindowsException'{0x000000008acb0fd0}> (0x000000008acb0fd0) 
thrown [s\src\hotspot\share\prims\jni.cpp, line 517]
Event: 19.903 Thread 0x000001cfb4767530 Exception <a 'sun/nio/fs/WindowsException'{0x000000008acb2c58}> (0x000000008acb2c58) 
thrown [s\src\hotspot\share\prims\jni.cpp, line 517]
Event: 19.903 Thread 0x000001cfb4767530 Exception <a 'sun/nio/fs/WindowsException'{0x000000008acb3010}> (0x000000008acb3010) 
thrown [s\src\hotspot\share\prims\jni.cpp, line 517]
Event: 19.905 Thread 0x000001cfb4767530 Exception <a 'sun/nio/fs/WindowsException'{0x000000008acb6328}> (0x000000008acb6328) 
thrown [s\src\hotspot\share\prims\jni.cpp, line 517]
Event: 19.905 Thread 0x000001cfb4767530 Exception <a 'sun/nio/fs/WindowsException'{0x000000008acb6718}> (0x000000008acb6718) 
thrown [s\src\hotspot\share\prims\jni.cpp, line 517]
Event: 19.906 Thread 0x000001cfb4767530 Exception <a 'sun/nio/fs/WindowsException'{0x000000008acb8390}> (0x000000008acb8390) 
thrown [s\src\hotspot\share\prims\jni.cpp, line 517]
Event: 19.907 Thread 0x000001cfb4767530 Exception <a 'sun/nio/fs/WindowsException'{0x000000008acb8720}> (0x000000008acb8720) 
thrown [s\src\hotspot\share\prims\jni.cpp, line 517]
Event: 19.920 Thread 0x000001cfb4767530 Exception <a 'sun/nio/fs/WindowsException'{0x000000008ab3b608}> (0x000000008ab3b608) 
thrown [s\src\hotspot\share\prims\jni.cpp, line 517]
Event: 20.103 Thread 0x000001cfb4767ed0 Exception <a 'sun/nio/fs/WindowsException'{0x000000008d06cbe0}> (0x000000008d06cbe0) 
thrown [s\src\hotspot\share\prims\jni.cpp, line 517]
Event: 20.103 Thread 0x000001cfb4767ed0 Exception <a 'sun/nio/fs/WindowsException'{0x000000008d06cef0}> (0x000000008d06cef0) 
thrown [s\src\hotspot\share\prims\jni.cpp, line 517]
Event: 20.198 Thread 0x000001cfb38f52a0 Implicit null exception at 0x000001cf9d411cf6 to 0x000001cf9d411dc8

VM Operations (20 events):
Event: 19.956 Executing VM operation: HandshakeAllThreads done
Event: 19.960 Executing VM operation: HandshakeAllThreads
Event: 19.960 Executing VM operation: HandshakeAllThreads done
Event: 19.962 Executing VM operation: HandshakeAllThreads
Event: 19.963 Executing VM operation: HandshakeAllThreads done
Event: 19.985 Executing VM operation: HandshakeAllThreads
Event: 19.986 Executing VM operation: HandshakeAllThreads done
Event: 19.991 Executing VM operation: ICBufferFull
Event: 19.991 Executing VM operation: ICBufferFull done
Event: 20.049 Executing VM operation: HandshakeAllThreads
Event: 20.049 Executing VM operation: HandshakeAllThreads done
Event: 20.074 Executing VM operation: G1CollectForAllocation
Event: 20.084 Executing VM operation: G1CollectForAllocation done
Event: 20.181 Executing VM operation: HandshakeAllThreads
Event: 20.181 Executing VM operation: HandshakeAllThreads done
Event: 20.245 Executing VM operation: HandshakeAllThreads
Event: 20.245 Executing VM operation: HandshakeAllThreads done
Event: 20.310 Executing VM operation: ICBufferFull
Event: 20.310 Executing VM operation: ICBufferFull done
Event: 20.367 Executing VM operation: G1CollectForAllocation

Events (20 events):
Event: 19.907 loading class java/nio/file/StandardCopyOption done
Event: 19.907 loading class sun/nio/fs/WindowsFileCopy
Event: 19.908 loading class sun/nio/fs/WindowsFileCopy done
Event: 20.000 Thread 0x000001cfb1e424d0 Thread added: 0x000001cfb1e424d0
Event: 20.018 loading class java/util/zip/ZipInputStream
Event: 20.022 loading class java/util/zip/ZipInputStream done
Event: 20.039 loading class java/nio/file/FileChannelLinesSpliterator
Event: 20.039 loading class java/nio/file/FileChannelLinesSpliterator done
Event: 20.040 loading class java/util/stream/Streams$1
Event: 20.040 loading class java/util/stream/Streams$1 done
Event: 20.063 loading class java/nio/file/FileChannelLinesSpliterator$1
Event: 20.063 loading class java/nio/file/FileChannelLinesSpliterator$1 done
Event: 20.186 loading class java/net/HttpURLConnection
Event: 20.187 loading class java/net/HttpURLConnection done
Event: 20.187 loading class sun/net/ProgressMonitor
Event: 20.188 loading class sun/net/ProgressMonitor done
Event: 20.188 loading class sun/net/DefaultProgressMeteringPolicy
Event: 20.188 loading class sun/net/ProgressMeteringPolicy
Event: 20.188 loading class sun/net/ProgressMeteringPolicy done
Event: 20.188 loading class sun/net/DefaultProgressMeteringPolicy done


Dynamic libraries:
0x00007ff6cc880000 - 0x00007ff6cc88a000 	C:\Program Files\Android\Android Studio\jbr\bin\java.exe
0x00007ffc695f0000 - 0x00007ffc69807000 	C:\WINDOWS\SYSTEM32\ntdll.dll
0x00007ffc68c40000 - 0x00007ffc68d04000 	C:\WINDOWS\System32\KERNEL32.DLL
0x00007ffc66d80000 - 0x00007ffc67126000 	C:\WINDOWS\System32\KERNELBASE.dll
0x00007ffc66bc0000 - 0x00007ffc66cd1000 	C:\WINDOWS\System32\ucrtbase.dll
0x00007ffc43ce0000 - 0x00007ffc43cf7000 	C:\Program Files\Android\Android Studio\jbr\bin\jli.dll
0x00007ffc67bd0000 - 0x00007ffc67d7e000 	C:\WINDOWS\System32\USER32.dll
0x00007ffc57ef0000 - 0x00007ffc57f0b000 	C:\Program Files\Android\Android Studio\jbr\bin\VCRUNTIME140.dll
0x00007ffc67310000 - 0x00007ffc67336000 	C:\WINDOWS\System32\win32u.dll
0x00007ffc4b100000 - 0x00007ffc4b393000 	C:\WINDOWS\WinSxS\amd64_microsoft.windows.common-controls_6595b64144ccf1df_6.0.22621.2506_none_270c5ae97388e100\COMCTL32.dll
0x00007ffc67500000 - 0x00007ffc675a7000 	C:\WINDOWS\System32\msvcrt.dll
0x00007ffc674d0000 - 0x00007ffc674f9000 	C:\WINDOWS\System32\GDI32.dll
0x00007ffc671f0000 - 0x00007ffc67308000 	C:\WINDOWS\System32\gdi32full.dll
0x00007ffc66ce0000 - 0x00007ffc66d7a000 	C:\WINDOWS\System32\msvcp_win.dll
0x00007ffc67340000 - 0x00007ffc67371000 	C:\WINDOWS\System32\IMM32.DLL
0x00007ffc57ee0000 - 0x00007ffc57eec000 	C:\Program Files\Android\Android Studio\jbr\bin\vcruntime140_1.dll
0x00007ffc57e50000 - 0x00007ffc57edd000 	C:\Program Files\Android\Android Studio\jbr\bin\msvcp140.dll
0x00007ffbc4420000 - 0x00007ffbc508e000 	C:\Program Files\Android\Android Studio\jbr\bin\server\jvm.dll
0x00007ffc68b80000 - 0x00007ffc68c33000 	C:\WINDOWS\System32\ADVAPI32.dll
0x00007ffc67ab0000 - 0x00007ffc67b58000 	C:\WINDOWS\System32\sechost.dll
0x00007ffc66930000 - 0x00007ffc66958000 	C:\WINDOWS\System32\bcrypt.dll
0x00007ffc67f40000 - 0x00007ffc68057000 	C:\WINDOWS\System32\RPCRT4.dll
0x00007ffc61830000 - 0x00007ffc61839000 	C:\WINDOWS\SYSTEM32\WSOCK32.dll
0x00007ffc676c0000 - 0x00007ffc67731000 	C:\WINDOWS\System32\WS2_32.dll
0x00007ffc5a5d0000 - 0x00007ffc5a5da000 	C:\WINDOWS\SYSTEM32\VERSION.dll
0x00007ffc57dc0000 - 0x00007ffc57df4000 	C:\WINDOWS\SYSTEM32\WINMM.dll
0x00007ffc65960000 - 0x00007ffc65978000 	C:\WINDOWS\SYSTEM32\kernel.appcore.dll
0x00007ffc5e730000 - 0x00007ffc5e73a000 	C:\Program Files\Android\Android Studio\jbr\bin\jimage.dll
0x00007ffc63de0000 - 0x00007ffc64013000 	C:\WINDOWS\SYSTEM32\DBGHELP.DLL
0x00007ffc68060000 - 0x00007ffc683e9000 	C:\WINDOWS\System32\combase.dll
0x00007ffc683f0000 - 0x00007ffc684c7000 	C:\WINDOWS\System32\OLEAUT32.dll
0x00007ffc3eef0000 - 0x00007ffc3ef22000 	C:\WINDOWS\SYSTEM32\dbgcore.DLL
0x00007ffc66ad0000 - 0x00007ffc66b4a000 	C:\WINDOWS\System32\bcryptPrimitives.dll
0x00007ffc5e700000 - 0x00007ffc5e725000 	C:\Program Files\Android\Android Studio\jbr\bin\java.dll
0x00007ffc57e30000 - 0x00007ffc57e48000 	C:\Program Files\Android\Android Studio\jbr\bin\zip.dll
0x00007ffc68d30000 - 0x00007ffc6958a000 	C:\WINDOWS\System32\SHELL32.dll
0x00007ffc64880000 - 0x00007ffc65176000 	C:\WINDOWS\SYSTEM32\windows.storage.dll
0x00007ffc64740000 - 0x00007ffc6487e000 	C:\WINDOWS\SYSTEM32\wintypes.dll
0x00007ffc67850000 - 0x00007ffc67943000 	C:\WINDOWS\System32\SHCORE.dll
0x00007ffc675b0000 - 0x00007ffc6760e000 	C:\WINDOWS\System32\shlwapi.dll
0x00007ffc66860000 - 0x00007ffc66886000 	C:\WINDOWS\SYSTEM32\profapi.dll
0x00007ffc47390000 - 0x00007ffc473a9000 	C:\Program Files\Android\Android Studio\jbr\bin\net.dll
0x00007ffc5fc20000 - 0x00007ffc5fd57000 	C:\WINDOWS\SYSTEM32\WINHTTP.dll
0x00007ffc65de0000 - 0x00007ffc65e49000 	C:\WINDOWS\system32\mswsock.dll
0x00007ffc43f20000 - 0x00007ffc43f36000 	C:\Program Files\Android\Android Studio\jbr\bin\nio.dll
0x00007ffc43f10000 - 0x00007ffc43f20000 	C:\Program Files\Android\Android Studio\jbr\bin\verify.dll
0x00007ffc57f10000 - 0x00007ffc57f37000 	C:\Users\86199\.gradle\native\68d5fa5c4cc2d200863cafc0d521ce42e7d3e7ee720ec0a83991735586a16f82\windows-amd64\native-platform.dll
0x00007ffc277f0000 - 0x00007ffc27934000 	C:\Users\86199\.gradle\native\e376f236ea51e6404a007f0833ffe2c6e607c4080706a723a18a27aeea778392\windows-amd64\native-platform-file-events.dll
0x00007ffc43f00000 - 0x00007ffc43f09000 	C:\Program Files\Android\Android Studio\jbr\bin\management.dll
0x00007ffc43e20000 - 0x00007ffc43e2b000 	C:\Program Files\Android\Android Studio\jbr\bin\management_ext.dll
0x00007ffc68540000 - 0x00007ffc68548000 	C:\WINDOWS\System32\PSAPI.DLL
0x00007ffc66030000 - 0x00007ffc6604b000 	C:\WINDOWS\SYSTEM32\CRYPTSP.dll
0x00007ffc658c0000 - 0x00007ffc658f5000 	C:\WINDOWS\system32\rsaenh.dll
0x00007ffc65ed0000 - 0x00007ffc65efc000 	C:\WINDOWS\SYSTEM32\USERENV.dll
0x00007ffc66050000 - 0x00007ffc6605c000 	C:\WINDOWS\SYSTEM32\CRYPTBASE.dll
0x00007ffc653e0000 - 0x00007ffc6540d000 	C:\WINDOWS\SYSTEM32\IPHLPAPI.DLL
0x00007ffc67b60000 - 0x00007ffc67b69000 	C:\WINDOWS\System32\NSI.dll
0x00007ffc5fab0000 - 0x00007ffc5fac9000 	C:\WINDOWS\SYSTEM32\dhcpcsvc6.DLL
0x00007ffc5fa90000 - 0x00007ffc5faaf000 	C:\WINDOWS\SYSTEM32\dhcpcsvc.DLL
0x00007ffc65410000 - 0x00007ffc65509000 	C:\WINDOWS\SYSTEM32\DNSAPI.dll
0x00007ffc43e00000 - 0x00007ffc43e08000 	C:\WINDOWS\system32\wshunix.dll
0x00007ffc4bb20000 - 0x00007ffc4bb37000 	C:\WINDOWS\system32\napinsp.dll
0x00007ffc40850000 - 0x00007ffc4086b000 	C:\WINDOWS\system32\pnrpnsp.dll
0x00007ffc40700000 - 0x00007ffc40711000 	C:\WINDOWS\System32\winrnr.dll
0x00007ffc406e0000 - 0x00007ffc406f5000 	C:\WINDOWS\system32\wshbth.dll
0x00007ffc406b0000 - 0x00007ffc406d1000 	C:\WINDOWS\system32\nlansp_c.dll
0x00007ffc57db0000 - 0x00007ffc57dba000 	C:\Windows\System32\rasadhlp.dll
0x00007ffc5ca30000 - 0x00007ffc5cab3000 	C:\WINDOWS\System32\fwpuclnt.dll
0x00007ffc65980000 - 0x00007ffc659b4000 	C:\WINDOWS\SYSTEM32\ntmarta.dll

dbghelp: loaded successfully - version: 4.0.5 - missing functions: none
symbol engine: initialized successfully - sym options: 0x614 - pdb path: .;C:\Program Files\Android\Android Studio\jbr\bin;C:\WINDOWS\SYSTEM32;C:\WINDOWS\WinSxS\amd64_microsoft.windows.common-controls_6595b64144ccf1df_6.0.22621.2506_none_270c5ae97388e100;C:\Program Files\Android\Android Studio\jbr\bin\server;C:\Users\86199\.gradle\native\68d5fa5c4cc2d200863cafc0d521ce42e7d3e7ee720ec0a83991735586a16f82\windows-amd64;C:\Users\86199\.gradle\native\e376f236ea51e6404a007f0833ffe2c6e607c4080706a723a18a27aeea778392\windows-amd64

VM Arguments:
jvm_args: --add-opens=java.base/java.util=ALL-UNNAMED --add-opens=java.base/java.lang=ALL-UNNAMED --add-opens=java.base/java.lang.invoke=ALL-UNNAMED --add-opens=java.prefs/java.util.prefs=ALL-UNNAMED --add-opens=java.base/java.nio.charset=ALL-UNNAMED --add-opens=java.base/java.net=ALL-UNNAMED --add-opens=java.base/java.util.concurrent.atomic=ALL-UNNAMED -Xmx2048m -Dfile.encoding=UTF-8 -Duser.country=CN -Duser.language=zh -Duser.variant 
java_command: org.gradle.launcher.daemon.bootstrap.GradleDaemon 8.0
java_class_path (initial): C:\Users\86199\.gradle\wrapper\dists\gradle-8.0-bin\ca5e32bp14vu59qr306oxotwh\gradle-8.0\lib\gradle-launcher-8.0.jar
Launcher Type: SUN_STANDARD

[Global flags]
     intx CICompilerCount                          = 4                                         {product} {ergonomic}
     uint ConcGCThreads                            = 2                                         {product} {ergonomic}
     uint G1ConcRefinementThreads                  = 8                                         {product} {ergonomic}
   size_t G1HeapRegionSize                         = 1048576                                   {product} {ergonomic}
    uintx GCDrainStackTargetSize                   = 64                                        {product} {ergonomic}
   size_t InitialHeapSize                          = 266338304                                 {product} {ergonomic}
   size_t MarkStackSize                            = 4194304                                   {product} {ergonomic}
   size_t MaxHeapSize                              = 2147483648                                {product} {command line}
   size_t MaxNewSize                               = 1287651328                                {product} {ergonomic}
   size_t MinHeapDeltaBytes                        = 1048576                                   {product} {ergonomic}
   size_t MinHeapSize                              = 8388608                                   {product} {ergonomic}
    uintx NonNMethodCodeHeapSize                   = 5839372                                {pd product} {ergonomic}
    uintx NonProfiledCodeHeapSize                  = 122909434                              {pd product} {ergonomic}
    uintx ProfiledCodeHeapSize                     = 122909434                              {pd product} {ergonomic}
    uintx ReservedCodeCacheSize                    = 251658240                              {pd product} {ergonomic}
     bool SegmentedCodeCache                       = true                                      {product} {ergonomic}
   size_t SoftMaxHeapSize                          = 2147483648                             {manageable} {ergonomic}
     bool UseCompressedClassPointers               = true                           {product lp64_product} {ergonomic}
     bool UseCompressedOops                        = true                           {product lp64_product} {ergonomic}
     bool UseG1GC                                  = true                                      {product} {ergonomic}
     bool UseLargePagesIndividualAllocation        = false                                  {pd product} {ergonomic}

Logging:
Log output configuration:
 #0: stdout all=warning uptime,level,tags
 #1: stderr all=off uptime,level,tags

Environment Variables:
JAVA_HOME=D:\android\Java
CLASSPATH=.;D:\android\Java\lib;D:\android\Java\lib\tools.jar
PATH=C:\Program Files\Java\jdk 1.8.0_341\bin;D:\android\Java\bin;D:\android\Java\jre\bin;D:\mysql\mysql-5.7.27-winx64\bin;c:\windows\system32;C:\WINDOWS\system32;D:\tomcat\apache-tomcat-8.5.47\bin;D:\Anaconda;D:\Anaconda\Scripts;D:\Anaconda\Library\bin;D:\Anaconda\Library\mingw-w64\bin;D:\tomcat\apache-tomcat-8.5.47\lib\;%OMCAT_HOME%\bin;C:\Program Files\Azure Data Studio\bin;C:\Users\86199\Downloads\ffmpeg-6.0-full_build\bin;C:\WINDOWS;C:\WINDOWS\System32\Wbem;C:\WINDOWS\System32\WindowsPowerShell\v1.0\;C:\WINDOWS\System32\OpenSSH\;D:\Download\web\dll;%MAVEN;HOME%\bin;"% ANDROID_SDK_HOME%\platform-tools;% ANDROID_SDK_HOME%\tools";D:\android\SDK\platform-tools;C:\WINDOWS\system32;D:\software\node.js\;D:\software\gradle-8.0\bin;D:\software\Git\Git\cmd;D:\Anaconda;D:\Anaconda\Library\mingw-w64\bin;D:\Anaconda\Library\usr\bin;D:\Anaconda\Library\bin;D:\Anaconda\Scripts;C:\Users\86199\AppData\Local\Microsoft\WindowsApps;C:\Program Files\JetBrains\PyCharm Community Edition 2021.3\bin;;%JAVA_HOME\bin;%IntelliJ IDEA Community Edition%;C:\Program Files (x86)\Tencent\QQGameTempest\Hall.57915\;C:\Program Files\Azure Data Studio\bin;D:\Download\Microsoft VS Code\bin;C:\Users\86199\AppData\Roaming\npm
USERNAME=86199
OS=Windows_NT
PROCESSOR_IDENTIFIER=Intel64 Family 6 Model 140 Stepping 1, GenuineIntel
TMP=C:\Users\86199\AppData\Local\Temp
TEMP=C:\Users\86199\AppData\Local\Temp


JNI global refs:
JNI global refs: 28, weak refs: 1

JNI global refs memory usage: 843, weak refs: 841


---------------  S Y S T E M  ---------------

OS:
 Windows 11 , 64 bit Build 22621 (10.0.22621.2506)
OS uptime: 0 days 3:51 hours

CPU: total 8 (initial active 8) (4 cores per cpu, 2 threads per core) family 6 model 140 stepping 1 microcode 0x86, cx8, cmov, fxsr, ht, mmx, 3dnowpref, sse, sse2, sse3, ssse3, sse4.1, sse4.2, popcnt, lzcnt, tsc, tscinvbit, avx, avx2, aes, erms, clmul, bmi1, bmi2, adx, avx512f, avx512dq, avx512cd, avx512bw, avx512vl, sha, fma, vzeroupper, avx512_vpopcntdq, avx512_vpclmulqdq, avx512_vaes, avx512_vnni, clflush, clflushopt, clwb, avx512_vbmi2, avx512_vbmi

Memory: 4k page, system-wide physical 16167M (1646M free)
TotalPageFile size 16167M (AvailPageFile size 110M)
current process WorkingSet (physical memory assigned to process): 477M, peak: 486M
current process commit charge ("private bytes"): 584M, peak: 734M

vm_info: OpenJDK 64-Bit Server VM (17.0.6+0-b2043.56-10027231) for windows-amd64 JRE (17.0.6+0-b2043.56-10027231), built on Apr 28 2023 00:43:19 by "androidbuild" with MS VC++ 16.10 / 16.11 (VS2019)

END.
