#
# There is insufficient memory for the Java Runtime Environment to continue.
# Native memory allocation (mmap) failed to map 266338304 bytes for G1 virtual space
# Possible reasons:
#   The system is out of physical RAM or swap space
#   The process is running with CompressedOops enabled, and the Java Heap may be blocking the growth of the native heap
# Possible solutions:
#   Reduce memory load on the system
#   Increase physical memory or swap space
#   Check if swap backing store is full
#   Decrease Java heap size (-Xmx/-Xms)
#   Decrease number of Java threads
#   Decrease Java thread stack sizes (-Xss)
#   Set larger code cache with -XX:ReservedCodeCacheSize=
#   JVM is running with Zero Based Compressed Oops mode in which the Java heap is
#     placed in the first 32GB address space. The Java Heap base address is the
#     maximum limit for the native heap growth. Please use -XX:HeapBaseMinAddress
#     to set the Java Heap base and to place the Java Heap above 32GB virtual address.
# This output file may be truncated or incomplete.
#
#  Out of Memory Error (os_windows.cpp:3769), pid=9708, tid=10348
#
# JRE version:  (17.0.6) (build )
# Java VM: OpenJDK 64-Bit Server VM (17.0.6+0-b2043.56-10027231, mixed mode, sharing, tiered, compressed oops, compressed class ptrs, g1 gc, windows-amd64)
# No core dump will be written. Minidumps are not enabled by default on client versions of Windows
#

---------------  S U M M A R Y ------------

Command Line: org.jetbrains.kotlin.cli.jvm.K2JVMCompiler @D:\MyApplication\app\build\20240114_6015174784184210424.compiler.options

Host: 11th Gen Intel(R) Core(TM) i5-1135G7 @ 2.40GHz, 8 cores, 15G,  Windows 11 , 64 bit Build 22621 (10.0.22621.2506)
Time: Sun Jan 14 20:42:34 2024  Windows 11 , 64 bit Build 22621 (10.0.22621.2506) elapsed time: 0.033110 seconds (0d 0h 0m 0s)

---------------  T H R E A D  ---------------

Current thread (0x0000025aee06f9c0):  JavaThread "Unknown thread" [_thread_in_vm, id=10348, stack(0x0000005dff200000,0x0000005dff300000)]

Stack: [0x0000005dff200000,0x0000005dff300000]
Native frames: (J=compiled Java code, j=interpreted, Vv=VM code, C=native code)
V  [jvm.dll+0x683c9a]
V  [jvm.dll+0x8427a4]
V  [jvm.dll+0x843f9e]
V  [jvm.dll+0x844603]
V  [jvm.dll+0x249b75]
V  [jvm.dll+0x680b69]
V  [jvm.dll+0x67505a]
V  [jvm.dll+0x309acb]
V  [jvm.dll+0x310f86]
V  [jvm.dll+0x3608ee]
V  [jvm.dll+0x360b1f]
V  [jvm.dll+0x2dfbf8]
V  [jvm.dll+0x2e0b64]
V  [jvm.dll+0x814091]
V  [jvm.dll+0x36e6a1]
V  [jvm.dll+0x7f35cc]
V  [jvm.dll+0x3f0e8f]
V  [jvm.dll+0x3f29d1]
C  [jli.dll+0x526b]
C  [ucrtbase.dll+0x29363]
C  [KERNEL32.DLL+0x1257d]
C  [ntdll.dll+0x5aa58]


---------------  P R O C E S S  ---------------

Threads class SMR info:
_java_thread_list=0x00007ffa865cc058, length=0, elements={
}

Java Threads: ( => current thread )

Other Threads:
  0x0000025aee0dc2d0 GCTaskThread "GC Thread#0" [stack: 0x0000005dff300000,0x0000005dff400000] [id=19484]
  0x0000025aee0edeb0 ConcurrentGCThread "G1 Main Marker" [stack: 0x0000005dff400000,0x0000005dff500000] [id=15640]
  0x0000025aee0ee8c0 ConcurrentGCThread "G1 Conc#0" [stack: 0x0000005dff500000,0x0000005dff600000] [id=21288]

[error occurred during error reporting (printing all threads), id 0xc0000005, EXCEPTION_ACCESS_VIOLATION (0xc0000005) at pc=0x00007ffa85d80797]

VM state: not at safepoint (not fully initialized)

VM Mutex/Monitor currently owned by a thread:  ([mutex/lock_event])
[0x0000025aee06a210] Heap_lock - owner thread: 0x0000025aee06f9c0

Heap address: 0x0000000703600000, size: 4042 MB, Compressed Oops mode: Zero based, Oop shift amount: 3

CDS archive(s) mapped at: [0x0000000000000000-0x0000000000000000-0x0000000000000000), size 0, SharedBaseAddress: 0x0000000800000000, ArchiveRelocationMode: 0.
Narrow klass base: 0x0000000000000000, Narrow klass shift: 0, Narrow klass range: 0x0

GC Precious Log:
<Empty>

Heap:
 garbage-first heap   total 0K, used 0K [0x0000000703600000, 0x0000000800000000)
  region size 2048K, 0 young (0K), 0 survivors (0K)

[error occurred during error reporting (printing heap information), id 0xc0000005, EXCEPTION_ACCESS_VIOLATION (0xc0000005) at pc=0x00007ffa8616da89]

GC Heap History (0 events):
No events

Dll operation events (1 events):
Event: 0.018 Loaded shared library C:\Program Files\Android\Android Studio\jbr\bin\java.dll

Deoptimization events (0 events):
No events

Classes unloaded (0 events):
No events

Classes redefined (0 events):
No events

Internal exceptions (0 events):
No events

VM Operations (0 events):
No events

Events (0 events):
No events


Dynamic libraries:
0x00007ff687e10000 - 0x00007ff687e1a000 	C:\Program Files\Android\Android Studio\jbr\bin\java.exe
0x00007ffb1c5d0000 - 0x00007ffb1c7e7000 	C:\WINDOWS\SYSTEM32\ntdll.dll
0x00007ffb1b8e0000 - 0x00007ffb1b9a4000 	C:\WINDOWS\System32\KERNEL32.DLL
0x00007ffb19c50000 - 0x00007ffb19ff6000 	C:\WINDOWS\System32\KERNELBASE.dll
0x00007ffb19940000 - 0x00007ffb19a51000 	C:\WINDOWS\System32\ucrtbase.dll
0x00007ffafa9a0000 - 0x00007ffafa9b7000 	C:\Program Files\Android\Android Studio\jbr\bin\jli.dll
0x00007ffae5b50000 - 0x00007ffae5b6b000 	C:\Program Files\Android\Android Studio\jbr\bin\VCRUNTIME140.dll
0x00007ffb1b300000 - 0x00007ffb1b4ae000 	C:\WINDOWS\System32\USER32.dll
0x00007ffb19b00000 - 0x00007ffb19b26000 	C:\WINDOWS\System32\win32u.dll
0x00007ffb1aec0000 - 0x00007ffb1aee9000 	C:\WINDOWS\System32\GDI32.dll
0x00007ffafdfc0000 - 0x00007ffafe253000 	C:\WINDOWS\WinSxS\amd64_microsoft.windows.common-controls_6595b64144ccf1df_6.0.22621.2506_none_270c5ae97388e100\COMCTL32.dll
0x00007ffb19b30000 - 0x00007ffb19c48000 	C:\WINDOWS\System32\gdi32full.dll
0x00007ffb1a510000 - 0x00007ffb1a5b7000 	C:\WINDOWS\System32\msvcrt.dll
0x00007ffb19a60000 - 0x00007ffb19afa000 	C:\WINDOWS\System32\msvcp_win.dll
0x00007ffb1b9b0000 - 0x00007ffb1b9e1000 	C:\WINDOWS\System32\IMM32.DLL
0x00007ffafba60000 - 0x00007ffafba6c000 	C:\Program Files\Android\Android Studio\jbr\bin\vcruntime140_1.dll
0x00007ffae5ac0000 - 0x00007ffae5b4d000 	C:\Program Files\Android\Android Studio\jbr\bin\msvcp140.dll
0x00007ffa85a90000 - 0x00007ffa866fe000 	C:\Program Files\Android\Android Studio\jbr\bin\server\jvm.dll
0x00007ffb1c110000 - 0x00007ffb1c1c3000 	C:\WINDOWS\System32\ADVAPI32.dll
0x00007ffb1b4b0000 - 0x00007ffb1b558000 	C:\WINDOWS\System32\sechost.dll
0x00007ffb19910000 - 0x00007ffb19938000 	C:\WINDOWS\System32\bcrypt.dll
0x00007ffb1c460000 - 0x00007ffb1c577000 	C:\WINDOWS\System32\RPCRT4.dll
0x00007ffb05400000 - 0x00007ffb0540a000 	C:\WINDOWS\SYSTEM32\VERSION.dll
0x00007ffb0f460000 - 0x00007ffb0f494000 	C:\WINDOWS\SYSTEM32\WINMM.dll
0x00007ffb14720000 - 0x00007ffb14729000 	C:\WINDOWS\SYSTEM32\WSOCK32.dll
0x00007ffb1c280000 - 0x00007ffb1c2f1000 	C:\WINDOWS\System32\WS2_32.dll
0x00007ffb18940000 - 0x00007ffb18958000 	C:\WINDOWS\SYSTEM32\kernel.appcore.dll
0x00007ffafc5a0000 - 0x00007ffafc5aa000 	C:\Program Files\Android\Android Studio\jbr\bin\jimage.dll
0x00007ffb17220000 - 0x00007ffb17453000 	C:\WINDOWS\SYSTEM32\DBGHELP.DLL
0x00007ffb1af70000 - 0x00007ffb1b2f9000 	C:\WINDOWS\System32\combase.dll
0x00007ffb1c030000 - 0x00007ffb1c107000 	C:\WINDOWS\System32\OLEAUT32.dll
0x00007ffafd0a0000 - 0x00007ffafd0d2000 	C:\WINDOWS\SYSTEM32\dbgcore.DLL
0x00007ffb1a130000 - 0x00007ffb1a1aa000 	C:\WINDOWS\System32\bcryptPrimitives.dll
0x00007ffafc110000 - 0x00007ffafc135000 	C:\Program Files\Android\Android Studio\jbr\bin\java.dll

dbghelp: loaded successfully - version: 4.0.5 - missing functions: none
symbol engine: initialized successfully - sym options: 0x614 - pdb path: .;C:\Program Files\Android\Android Studio\jbr\bin;C:\WINDOWS\SYSTEM32;C:\WINDOWS\WinSxS\amd64_microsoft.windows.common-controls_6595b64144ccf1df_6.0.22621.2506_none_270c5ae97388e100;C:\Program Files\Android\Android Studio\jbr\bin\server

VM Arguments:
java_command: org.jetbrains.kotlin.cli.jvm.K2JVMCompiler @D:\MyApplication\app\build\20240114_6015174784184210424.compiler.options
java_class_path (initial): C:\Users\86199\.gradle\caches\modules-2\files-2.1\org.jetbrains.kotlin\kotlin-compiler-embeddable\1.9.0\2c8c3a7402becca891f12739b3e9fd2dc2adbd7a\kotlin-compiler-embeddable-1.9.0.jar;C:\Users\86199\.gradle\caches\modules-2\files-2.1\org.jetbrains.kotlin\kotlin-stdlib\1.9.0\8ee15ef0c67dc83d874f412d84378d7f0eb50b63\kotlin-stdlib-1.9.0.jar;C:\Users\86199\.gradle\caches\modules-2\files-2.1\org.jetbrains.kotlin\kotlin-script-runtime\1.9.0\4b3102cbbb7e1b58d9d1adf89563f00069ffa7d1\kotlin-script-runtime-1.9.0.jar;C:\Users\86199\.gradle\caches\modules-2\files-2.1\org.jetbrains.kotlin\kotlin-reflect\1.6.10\1cbe9c92c12a94eea200d23c2bbaedaf3daf5132\kotlin-reflect-1.6.10.jar;C:\Users\86199\.gradle\caches\modules-2\files-2.1\org.jetbrains.kotlin\kotlin-daemon-embeddable\1.9.0\186543f5e28cf8d9a0290fecc2cf34301c40a65c\kotlin-daemon-embeddable-1.9.0.jar;C:\Users\86199\.gradle\caches\modules-2\files-2.1\org.jetbrains.intellij.deps\trove4j\1.0.20200330\3afb14d5f9ceb459d724e907a21145e8ff394f02\trove4j-1.0.20200330.jar;C:\Users\86199\.gradle\caches\modules-2\files-2.1\org.jetbrains.kotlin\kotlin-stdlib-common\1.9.0\cd65c21cfd1eec4d44ef09f9f52b6d9f8a720636\kotlin-stdlib-common-1.9.0.jar;C:\Users\86199\.gradle\caches\modules-2\files-2.1\org.jetbrains\annotations\13.0\919f0dfe192fb4e063e7dacadee7f8bb9a2672a9\annotations-13.0.jar
Launcher Type: SUN_STANDARD

[Global flags]
     intx CICompilerCount                          = 4                                         {product} {ergonomic}
     uint ConcGCThreads                            = 2                                         {product} {ergonomic}
     uint G1ConcRefinementThreads                  = 8                                         {product} {ergonomic}
   size_t G1HeapRegionSize                         = 2097152                                   {product} {ergonomic}
    uintx GCDrainStackTargetSize                   = 64                                        {product} {ergonomic}
   size_t InitialHeapSize                          = 266338304                                 {product} {ergonomic}
   size_t MarkStackSize                            = 4194304                                   {product} {ergonomic}
   size_t MaxHeapSize                              = 4238344192                                {product} {ergonomic}
   size_t MinHeapDeltaBytes                        = 2097152                                   {product} {ergonomic}
   size_t MinHeapSize                              = 8388608                                   {product} {ergonomic}
    uintx NonNMethodCodeHeapSize                   = 5839372                                {pd product} {ergonomic}
    uintx NonProfiledCodeHeapSize                  = 122909434                              {pd product} {ergonomic}
    uintx ProfiledCodeHeapSize                     = 122909434                              {pd product} {ergonomic}
    uintx ReservedCodeCacheSize                    = 251658240                              {pd product} {ergonomic}
     bool SegmentedCodeCache                       = true                                      {product} {ergonomic}
   size_t SoftMaxHeapSize                          = 4238344192                             {manageable} {ergonomic}
     bool UseCompressedClassPointers               = true                           {product lp64_product} {ergonomic}
     bool UseCompressedOops                        = true                           {product lp64_product} {ergonomic}
     bool UseG1GC                                  = true                                      {product} {ergonomic}
     bool UseLargePagesIndividualAllocation        = false                                  {pd product} {ergonomic}

Logging:
Log output configuration:
 #0: stdout all=warning uptime,level,tags
 #1: stderr all=off uptime,level,tags

Environment Variables:
JAVA_HOME=D:\android\Java
CLASSPATH=.;D:\android\Java\lib;D:\android\Java\lib\tools.jar
PATH=C:\Program Files\Java\jdk 1.8.0_341\bin;D:\android\Java\bin;D:\android\Java\jre\bin;D:\mysql\mysql-5.7.27-winx64\bin;c:\windows\system32;C:\WINDOWS\system32;D:\tomcat\apache-tomcat-8.5.47\bin;D:\Anaconda;D:\Anaconda\Scripts;D:\Anaconda\Library\bin;D:\Anaconda\Library\mingw-w64\bin;D:\tomcat\apache-tomcat-8.5.47\lib\;%OMCAT_HOME%\bin;C:\Program Files\Azure Data Studio\bin;C:\Users\86199\Downloads\ffmpeg-6.0-full_build\bin;C:\WINDOWS;C:\WINDOWS\System32\Wbem;C:\WINDOWS\System32\WindowsPowerShell\v1.0\;C:\WINDOWS\System32\OpenSSH\;D:\Download\微信web开发者工具\dll;%MAVEN;HOME%\bin;"% ANDROID_SDK_HOME%\platform-tools;% ANDROID_SDK_HOME%\tools";D:\android\SDK\platform-tools;C:\WINDOWS\system32;D:\software\node.js\;D:\software\gradle-8.0\bin;D:\software\Git\Git\cmd;D:\Anaconda;D:\Anaconda\Library\mingw-w64\bin;D:\Anaconda\Library\usr\bin;D:\Anaconda\Library\bin;D:\Anaconda\Scripts;C:\Users\86199\AppData\Local\Microsoft\WindowsApps;C:\Program Files\JetBrains\PyCharm Community Edition 2021.3\bin;;%JAVA_HOME\bin;%IntelliJ IDEA Community Edition%;C:\Program Files (x86)\Tencent\QQGameTempest\Hall.57915\;C:\Program Files\Azure Data Studio\bin;D:\Download\Microsoft VS Code\bin;C:\Users\86199\AppData\Roaming\npm
USERNAME=86199
OS=Windows_NT
PROCESSOR_IDENTIFIER=Intel64 Family 6 Model 140 Stepping 1, GenuineIntel
TMP=C:\Users\86199\AppData\Local\Temp
TEMP=C:\Users\86199\AppData\Local\Temp


JNI global refs:

[error occurred during error reporting (JNI global references), id 0xc0000005, EXCEPTION_ACCESS_VIOLATION (0xc0000005) at pc=0x00007ffa85b47a10]


---------------  S Y S T E M  ---------------

OS:
 Windows 11 , 64 bit Build 22621 (10.0.22621.2506)
OS uptime: 1 days 0:29 hours

CPU: total 8 (initial active 8) (4 cores per cpu, 2 threads per core) family 6 model 140 stepping 1 microcode 0x86, cx8, cmov, fxsr, ht, mmx, 3dnowpref, sse, sse2, sse3, ssse3, sse4.1, sse4.2, popcnt, lzcnt, tsc, tscinvbit, avx, avx2, aes, erms, clmul, bmi1, bmi2, adx, avx512f, avx512dq, avx512cd, avx512bw, avx512vl, sha, fma, vzeroupper, avx512_vpopcntdq, avx512_vpclmulqdq, avx512_vaes, avx512_vnni, clflush, clflushopt, clwb, avx512_vbmi2, avx512_vbmi

Memory: 4k page, system-wide physical 16167M (2496M free)
TotalPageFile size 16167M (AvailPageFile size 130M)
current process WorkingSet (physical memory assigned to process): 12M, peak: 12M
current process commit charge ("private bytes"): 60M, peak: 314M

vm_info: OpenJDK 64-Bit Server VM (17.0.6+0-b2043.56-10027231) for windows-amd64 JRE (17.0.6+0-b2043.56-10027231), built on Apr 28 2023 00:43:19 by "androidbuild" with MS VC++ 16.10 / 16.11 (VS2019)

END.
