#
# There is insufficient memory for the Java Runtime Environment to continue.
# Native memory allocation (malloc) failed to allocate 1428080 bytes for Chunk::new
# Possible reasons:
#   The system is out of physical RAM or swap space
#   The process is running with CompressedOops enabled, and the Java Heap may be blocking the growth of the native heap
# Possible solutions:
#   Reduce memory load on the system
#   Increase physical memory or swap space
#   Check if swap backing store is full
#   Decrease Java heap size (-Xmx/-Xms)
#   Decrease number of Java threads
#   Decrease Java thread stack sizes (-Xss)
#   Set larger code cache with -XX:ReservedCodeCacheSize=
#   JVM is running with Zero Based Compressed Oops mode in which the Java heap is
#     placed in the first 32GB address space. The Java Heap base address is the
#     maximum limit for the native heap growth. Please use -XX:HeapBaseMinAddress
#     to set the Java Heap base and to place the Java Heap above 32GB virtual address.
# This output file may be truncated or incomplete.
#
#  Out of Memory Error (arena.cpp:189), pid=11788, tid=6244
#
# JRE version: OpenJDK Runtime Environment (17.0.6) (build 17.0.6+0-b2043.56-10027231)
# Java VM: OpenJDK 64-Bit Server VM (17.0.6+0-b2043.56-10027231, mixed mode, tiered, compressed oops, compressed class ptrs, g1 gc, windows-amd64)
# No core dump will be written. Minidumps are not enabled by default on client versions of Windows
#

---------------  S U M M A R Y ------------

Command Line: org.jetbrains.kotlin.cli.jvm.K2JVMCompiler @D:\MyApplication\app\build\20240118_5118225366955572398.compiler.options

Host: 11th Gen Intel(R) Core(TM) i5-1135G7 @ 2.40GHz, 8 cores, 15G,  Windows 11 , 64 bit Build 22621 (10.0.22621.2506)
Time: Thu Jan 18 23:31:00 2024  Windows 11 , 64 bit Build 22621 (10.0.22621.2506) elapsed time: 12.669966 seconds (0d 0h 0m 12s)

---------------  T H R E A D  ---------------

Current thread (0x00000264a24295e0):  JavaThread "C2 CompilerThread2" daemon [_thread_in_native, id=6244, stack(0x000000ff05800000,0x000000ff05900000)]


Current CompileTask:
C2:  12670 12195       4       org.jetbrains.kotlin.backend.jvm.MemoizedValueClassAbstractReplacements::computeOverrideReplacement (32 bytes)

Stack: [0x000000ff05800000,0x000000ff05900000]
Native frames: (J=compiled Java code, j=interpreted, Vv=VM code, C=native code)
V  [jvm.dll+0x683c9a]
V  [jvm.dll+0x8427a4]
V  [jvm.dll+0x843f9e]
V  [jvm.dll+0x844603]
V  [jvm.dll+0x249b75]
V  [jvm.dll+0xabcac]
V  [jvm.dll+0xac27c]
V  [jvm.dll+0x368857]
V  [jvm.dll+0x332f31]
V  [jvm.dll+0x3323da]
V  [jvm.dll+0x21c201]
V  [jvm.dll+0x21b621]
V  [jvm.dll+0x1a4fdd]
V  [jvm.dll+0x22b098]
V  [jvm.dll+0x229159]
V  [jvm.dll+0x7f81ec]
V  [jvm.dll+0x7f274a]
V  [jvm.dll+0x682ad5]
C  [ucrtbase.dll+0x29363]
C  [KERNEL32.DLL+0x1257d]
C  [ntdll.dll+0x5aa58]


---------------  P R O C E S S  ---------------

Threads class SMR info:
_java_thread_list=0x00000264a4be0a20, length=14, elements={
0x00000264ffb30c40, 0x00000264a0c4a4f0, 0x00000264a0c4b0a0, 0x00000264a002d7f0,
0x00000264a002e3a0, 0x00000264a0cbf030, 0x00000264a0cc1900, 0x00000264a0cc2c90,
0x00000264a0cc3ed0, 0x00000264a0cc7dc0, 0x00000264a0e1d200, 0x00000264a0e1c860,
0x00000264a24290d0, 0x00000264a24295e0
}

Java Threads: ( => current thread )
  0x00000264ffb30c40 JavaThread "main" [_thread_in_Java, id=14780, stack(0x000000ff03c00000,0x000000ff03d00000)]
  0x00000264a0c4a4f0 JavaThread "Reference Handler" daemon [_thread_blocked, id=17368, stack(0x000000ff04300000,0x000000ff04400000)]
  0x00000264a0c4b0a0 JavaThread "Finalizer" daemon [_thread_blocked, id=240, stack(0x000000ff04400000,0x000000ff04500000)]
  0x00000264a002d7f0 JavaThread "Signal Dispatcher" daemon [_thread_blocked, id=8172, stack(0x000000ff04500000,0x000000ff04600000)]
  0x00000264a002e3a0 JavaThread "Attach Listener" daemon [_thread_blocked, id=11464, stack(0x000000ff04600000,0x000000ff04700000)]
  0x00000264a0cbf030 JavaThread "Service Thread" daemon [_thread_blocked, id=8780, stack(0x000000ff04700000,0x000000ff04800000)]
  0x00000264a0cc1900 JavaThread "Monitor Deflation Thread" daemon [_thread_blocked, id=9096, stack(0x000000ff04800000,0x000000ff04900000)]
  0x00000264a0cc2c90 JavaThread "C2 CompilerThread0" daemon [_thread_in_native, id=2288, stack(0x000000ff04900000,0x000000ff04a00000)]
  0x00000264a0cc3ed0 JavaThread "C1 CompilerThread0" daemon [_thread_blocked, id=8032, stack(0x000000ff04a00000,0x000000ff04b00000)]
  0x00000264a0cc7dc0 JavaThread "Sweeper thread" daemon [_thread_blocked, id=1408, stack(0x000000ff04b00000,0x000000ff04c00000)]
  0x00000264a0e1d200 JavaThread "Notification Thread" daemon [_thread_blocked, id=2396, stack(0x000000ff04c00000,0x000000ff04d00000)]
  0x00000264a0e1c860 JavaThread "Common-Cleaner" daemon [_thread_blocked, id=16828, stack(0x000000ff04e00000,0x000000ff04f00000)]
  0x00000264a24290d0 JavaThread "C2 CompilerThread1" daemon [_thread_in_native, id=10188, stack(0x000000ff05700000,0x000000ff05800000)]
=>0x00000264a24295e0 JavaThread "C2 CompilerThread2" daemon [_thread_in_native, id=6244, stack(0x000000ff05800000,0x000000ff05900000)]

Other Threads:
  0x00000264a0029be0 VMThread "VM Thread" [stack: 0x000000ff04200000,0x000000ff04300000] [id=3124]
  0x00000264ffbb5840 WatcherThread [stack: 0x000000ff04d00000,0x000000ff04e00000] [id=18268]
  0x00000264ffb9d200 GCTaskThread "GC Thread#0" [stack: 0x000000ff03d00000,0x000000ff03e00000] [id=11396]
  0x00000264a133d800 GCTaskThread "GC Thread#1" [stack: 0x000000ff05000000,0x000000ff05100000] [id=856]
  0x00000264a133dab0 GCTaskThread "GC Thread#2" [stack: 0x000000ff05100000,0x000000ff05200000] [id=11920]
  0x00000264a12e8160 GCTaskThread "GC Thread#3" [stack: 0x000000ff05200000,0x000000ff05300000] [id=14432]
  0x00000264a12e8410 GCTaskThread "GC Thread#4" [stack: 0x000000ff05300000,0x000000ff05400000] [id=16420]
  0x00000264a12ec7c0 GCTaskThread "GC Thread#5" [stack: 0x000000ff05400000,0x000000ff05500000] [id=15704]
  0x00000264a22885d0 GCTaskThread "GC Thread#6" [stack: 0x000000ff04f00000,0x000000ff05000000] [id=3244]
  0x00000264a22898a0 GCTaskThread "GC Thread#7" [stack: 0x000000ff05500000,0x000000ff05600000] [id=13268]
  0x00000264ffbaddd0 ConcurrentGCThread "G1 Main Marker" [stack: 0x000000ff03e00000,0x000000ff03f00000] [id=9284]
  0x00000264ffbaf7f0 ConcurrentGCThread "G1 Conc#0" [stack: 0x000000ff03f00000,0x000000ff04000000] [id=12456]
  0x00000264a2288320 ConcurrentGCThread "G1 Conc#1" [stack: 0x000000ff05600000,0x000000ff05700000] [id=7392]
  0x00000264ffbee420 ConcurrentGCThread "G1 Refine#0" [stack: 0x000000ff04000000,0x000000ff04100000] [id=2820]
  0x00000264a2ece7f0 ConcurrentGCThread "G1 Refine#1" [stack: 0x000000ff05900000,0x000000ff05a00000] [id=4152]
  0x000002649fec6500 ConcurrentGCThread "G1 Service" [stack: 0x000000ff04100000,0x000000ff04200000] [id=12292]

Threads with active compile tasks:
C2 CompilerThread0    12762 12267       4       org.jetbrains.kotlin.ir.declarations.IrFunction::transformChildren (99 bytes)
C1 CompilerThread0    12762 12341       3       org.jetbrains.kotlin.backend.jvm.lower.SyntheticAccessorTransformer::visitFunctionAccess (314 bytes)
C2 CompilerThread1    12763 12202       4       org.jetbrains.kotlin.backend.jvm.MemoizedValueClassAbstractReplacements$replaceOverriddenSymbolsImpl$1::invoke (118 bytes)
C2 CompilerThread2    12763 12195       4       org.jetbrains.kotlin.backend.jvm.MemoizedValueClassAbstractReplacements::computeOverrideReplacement (32 bytes)

VM state: not at safepoint (normal execution)

VM Mutex/Monitor currently owned by a thread: None

Heap address: 0x0000000703600000, size: 4042 MB, Compressed Oops mode: Zero based, Oop shift amount: 3

CDS archive(s) not mapped
Compressed class space mapped at: 0x0000000800000000-0x0000000840000000, reserved size: 1073741824
Narrow klass base: 0x0000000800000000, Narrow klass shift: 0, Narrow klass range: 0x40000000

GC Precious Log:
 CPUs: 8 total, 8 available
 Memory: 16167M
 Large Page Support: Disabled
 NUMA Support: Disabled
 Compressed Oops: Enabled (Zero based)
 Heap Region Size: 2M
 Heap Min Capacity: 8M
 Heap Initial Capacity: 254M
 Heap Max Capacity: 4042M
 Pre-touch: Disabled
 Parallel Workers: 8
 Concurrent Workers: 2
 Concurrent Refinement Workers: 8
 Periodic GC: Disabled

Heap:
 garbage-first heap   total 303104K, used 112836K [0x0000000703600000, 0x0000000800000000)
  region size 2048K, 32 young (65536K), 3 survivors (6144K)
 Metaspace       used 81566K, committed 81856K, reserved 1122304K
  class space    used 9267K, committed 9408K, reserved 1048576K

Heap Regions: E=young(eden), S=young(survivor), O=old, HS=humongous(starts), HC=humongous(continues), CS=collection set, F=free, OA=open archive, CA=closed archive, TAMS=top-at-mark-start (previous, next)
|   0|0x0000000703600000, 0x0000000703800000, 0x0000000703800000|100%|HS|  |TAMS 0x0000000703800000, 0x0000000703600000| Complete 
|   1|0x0000000703800000, 0x0000000703a00000, 0x0000000703a00000|100%|HC|  |TAMS 0x0000000703a00000, 0x0000000703800000| Complete 
|   2|0x0000000703a00000, 0x0000000703a00000, 0x0000000703c00000|  0%| F|  |TAMS 0x0000000703a00000, 0x0000000703a00000| Untracked 
|   3|0x0000000703c00000, 0x0000000703e00000, 0x0000000703e00000|100%| O|  |TAMS 0x0000000703e00000, 0x0000000703c00000| Untracked 
|   4|0x0000000703e00000, 0x0000000704000000, 0x0000000704000000|100%|HS|  |TAMS 0x0000000704000000, 0x0000000703e00000| Complete 
|   5|0x0000000704000000, 0x0000000704200000, 0x0000000704200000|100%| O|  |TAMS 0x0000000704200000, 0x0000000704000000| Untracked 
|   6|0x0000000704200000, 0x0000000704400000, 0x0000000704400000|100%| O|  |TAMS 0x0000000704400000, 0x0000000704200000| Untracked 
|   7|0x0000000704400000, 0x0000000704600000, 0x0000000704600000|100%| O|  |TAMS 0x0000000704600000, 0x0000000704400000| Untracked 
|   8|0x0000000704600000, 0x0000000704800000, 0x0000000704800000|100%| O|  |TAMS 0x0000000704800000, 0x0000000704600000| Untracked 
|   9|0x0000000704800000, 0x0000000704a00000, 0x0000000704a00000|100%| O|  |TAMS 0x0000000704a00000, 0x0000000704800000| Untracked 
|  10|0x0000000704a00000, 0x0000000704c00000, 0x0000000704c00000|100%| O|  |TAMS 0x0000000704c00000, 0x0000000704a00000| Untracked 
|  11|0x0000000704c00000, 0x0000000704e00000, 0x0000000704e00000|100%| O|  |TAMS 0x0000000704e00000, 0x0000000704c00000| Untracked 
|  12|0x0000000704e00000, 0x0000000705000000, 0x0000000705000000|100%| O|  |TAMS 0x0000000705000000, 0x0000000704e00000| Untracked 
|  13|0x0000000705000000, 0x0000000705200000, 0x0000000705200000|100%| O|  |TAMS 0x0000000705200000, 0x0000000705000000| Untracked 
|  14|0x0000000705200000, 0x0000000705400000, 0x0000000705400000|100%| O|  |TAMS 0x0000000705337a00, 0x0000000705200000| Untracked 
|  15|0x0000000705400000, 0x0000000705600000, 0x0000000705600000|100%| O|  |TAMS 0x0000000705400000, 0x0000000705400000| Untracked 
|  16|0x0000000705600000, 0x0000000705800000, 0x0000000705800000|100%| O|  |TAMS 0x0000000705600000, 0x0000000705600000| Untracked 
|  17|0x0000000705800000, 0x0000000705a00000, 0x0000000705a00000|100%| O|  |TAMS 0x0000000705800000, 0x0000000705800000| Untracked 
|  18|0x0000000705a00000, 0x0000000705c00000, 0x0000000705c00000|100%| O|  |TAMS 0x0000000705a00000, 0x0000000705a00000| Untracked 
|  19|0x0000000705c00000, 0x0000000705e00000, 0x0000000705e00000|100%| O|  |TAMS 0x0000000705c00000, 0x0000000705c00000| Untracked 
|  20|0x0000000705e00000, 0x0000000706000000, 0x0000000706000000|100%| O|  |TAMS 0x0000000705e00000, 0x0000000705e00000| Untracked 
|  21|0x0000000706000000, 0x0000000706200000, 0x0000000706200000|100%| O|  |TAMS 0x0000000706000000, 0x0000000706000000| Untracked 
|  22|0x0000000706200000, 0x0000000706400000, 0x0000000706400000|100%| O|  |TAMS 0x0000000706200000, 0x0000000706200000| Untracked 
|  23|0x0000000706400000, 0x0000000706600000, 0x0000000706600000|100%| O|  |TAMS 0x0000000706400000, 0x0000000706400000| Untracked 
|  24|0x0000000706600000, 0x0000000706800000, 0x0000000706800000|100%| O|  |TAMS 0x0000000706600000, 0x0000000706600000| Untracked 
|  25|0x0000000706800000, 0x0000000706871800, 0x0000000706a00000| 22%| O|  |TAMS 0x0000000706800000, 0x0000000706800000| Untracked 
|  26|0x0000000706a00000, 0x0000000706a00000, 0x0000000706c00000|  0%| F|  |TAMS 0x0000000706a00000, 0x0000000706a00000| Untracked 
|  27|0x0000000706c00000, 0x0000000706c00000, 0x0000000706e00000|  0%| F|  |TAMS 0x0000000706c00000, 0x0000000706c00000| Untracked 
|  28|0x0000000706e00000, 0x0000000706e00000, 0x0000000707000000|  0%| F|  |TAMS 0x0000000706e00000, 0x0000000706e00000| Untracked 
|  29|0x0000000707000000, 0x0000000707000000, 0x0000000707200000|  0%| F|  |TAMS 0x0000000707000000, 0x0000000707000000| Untracked 
|  30|0x0000000707200000, 0x0000000707200000, 0x0000000707400000|  0%| F|  |TAMS 0x0000000707200000, 0x0000000707200000| Untracked 
|  31|0x0000000707400000, 0x0000000707400000, 0x0000000707600000|  0%| F|  |TAMS 0x0000000707400000, 0x0000000707400000| Untracked 
|  32|0x0000000707600000, 0x0000000707600000, 0x0000000707800000|  0%| F|  |TAMS 0x0000000707600000, 0x0000000707600000| Untracked 
|  33|0x0000000707800000, 0x0000000707800000, 0x0000000707a00000|  0%| F|  |TAMS 0x0000000707800000, 0x0000000707800000| Untracked 
|  34|0x0000000707a00000, 0x0000000707a00000, 0x0000000707c00000|  0%| F|  |TAMS 0x0000000707a00000, 0x0000000707a00000| Untracked 
|  35|0x0000000707c00000, 0x0000000707c00000, 0x0000000707e00000|  0%| F|  |TAMS 0x0000000707c00000, 0x0000000707c00000| Untracked 
|  36|0x0000000707e00000, 0x0000000707e00000, 0x0000000708000000|  0%| F|  |TAMS 0x0000000707e00000, 0x0000000707e00000| Untracked 
|  37|0x0000000708000000, 0x0000000708000000, 0x0000000708200000|  0%| F|  |TAMS 0x0000000708000000, 0x0000000708000000| Untracked 
|  38|0x0000000708200000, 0x0000000708200000, 0x0000000708400000|  0%| F|  |TAMS 0x0000000708200000, 0x0000000708200000| Untracked 
|  39|0x0000000708400000, 0x0000000708400000, 0x0000000708600000|  0%| F|  |TAMS 0x0000000708400000, 0x0000000708400000| Untracked 
|  40|0x0000000708600000, 0x00000007087bfae0, 0x0000000708800000| 87%| S|CS|TAMS 0x0000000708600000, 0x0000000708600000| Complete 
|  41|0x0000000708800000, 0x0000000708a00000, 0x0000000708a00000|100%| S|CS|TAMS 0x0000000708800000, 0x0000000708800000| Complete 
|  42|0x0000000708a00000, 0x0000000708c00000, 0x0000000708c00000|100%| S|CS|TAMS 0x0000000708a00000, 0x0000000708a00000| Complete 
|  43|0x0000000708c00000, 0x0000000708c00000, 0x0000000708e00000|  0%| F|  |TAMS 0x0000000708c00000, 0x0000000708c00000| Untracked 
|  44|0x0000000708e00000, 0x0000000708e00000, 0x0000000709000000|  0%| F|  |TAMS 0x0000000708e00000, 0x0000000708e00000| Untracked 
|  45|0x0000000709000000, 0x0000000709000000, 0x0000000709200000|  0%| F|  |TAMS 0x0000000709000000, 0x0000000709000000| Untracked 
|  46|0x0000000709200000, 0x0000000709200000, 0x0000000709400000|  0%| F|  |TAMS 0x0000000709200000, 0x0000000709200000| Untracked 
|  47|0x0000000709400000, 0x0000000709400000, 0x0000000709600000|  0%| F|  |TAMS 0x0000000709400000, 0x0000000709400000| Untracked 
|  48|0x0000000709600000, 0x0000000709600000, 0x0000000709800000|  0%| F|  |TAMS 0x0000000709600000, 0x0000000709600000| Untracked 
|  49|0x0000000709800000, 0x0000000709800000, 0x0000000709a00000|  0%| F|  |TAMS 0x0000000709800000, 0x0000000709800000| Untracked 
|  50|0x0000000709a00000, 0x0000000709a00000, 0x0000000709c00000|  0%| F|  |TAMS 0x0000000709a00000, 0x0000000709a00000| Untracked 
|  51|0x0000000709c00000, 0x0000000709c00000, 0x0000000709e00000|  0%| F|  |TAMS 0x0000000709c00000, 0x0000000709c00000| Untracked 
|  52|0x0000000709e00000, 0x0000000709e00000, 0x000000070a000000|  0%| F|  |TAMS 0x0000000709e00000, 0x0000000709e00000| Untracked 
|  53|0x000000070a000000, 0x000000070a000000, 0x000000070a200000|  0%| F|  |TAMS 0x000000070a000000, 0x000000070a000000| Untracked 
|  54|0x000000070a200000, 0x000000070a200000, 0x000000070a400000|  0%| F|  |TAMS 0x000000070a200000, 0x000000070a200000| Untracked 
|  55|0x000000070a400000, 0x000000070a400000, 0x000000070a600000|  0%| F|  |TAMS 0x000000070a400000, 0x000000070a400000| Untracked 
|  56|0x000000070a600000, 0x000000070a600000, 0x000000070a800000|  0%| F|  |TAMS 0x000000070a600000, 0x000000070a600000| Untracked 
|  57|0x000000070a800000, 0x000000070a800000, 0x000000070aa00000|  0%| F|  |TAMS 0x000000070a800000, 0x000000070a800000| Untracked 
|  58|0x000000070aa00000, 0x000000070aa00000, 0x000000070ac00000|  0%| F|  |TAMS 0x000000070aa00000, 0x000000070aa00000| Untracked 
|  59|0x000000070ac00000, 0x000000070ac00000, 0x000000070ae00000|  0%| F|  |TAMS 0x000000070ac00000, 0x000000070ac00000| Untracked 
|  60|0x000000070ae00000, 0x000000070ae00000, 0x000000070b000000|  0%| F|  |TAMS 0x000000070ae00000, 0x000000070ae00000| Untracked 
|  61|0x000000070b000000, 0x000000070b000000, 0x000000070b200000|  0%| F|  |TAMS 0x000000070b000000, 0x000000070b000000| Untracked 
|  62|0x000000070b200000, 0x000000070b200000, 0x000000070b400000|  0%| F|  |TAMS 0x000000070b200000, 0x000000070b200000| Untracked 
|  63|0x000000070b400000, 0x000000070b400000, 0x000000070b600000|  0%| F|  |TAMS 0x000000070b400000, 0x000000070b400000| Untracked 
|  64|0x000000070b600000, 0x000000070b600000, 0x000000070b800000|  0%| F|  |TAMS 0x000000070b600000, 0x000000070b600000| Untracked 
|  65|0x000000070b800000, 0x000000070b800000, 0x000000070ba00000|  0%| F|  |TAMS 0x000000070b800000, 0x000000070b800000| Untracked 
|  66|0x000000070ba00000, 0x000000070ba00000, 0x000000070bc00000|  0%| F|  |TAMS 0x000000070ba00000, 0x000000070ba00000| Untracked 
|  67|0x000000070bc00000, 0x000000070bc00000, 0x000000070be00000|  0%| F|  |TAMS 0x000000070bc00000, 0x000000070bc00000| Untracked 
|  68|0x000000070be00000, 0x000000070be00000, 0x000000070c000000|  0%| F|  |TAMS 0x000000070be00000, 0x000000070be00000| Untracked 
|  69|0x000000070c000000, 0x000000070c000000, 0x000000070c200000|  0%| F|  |TAMS 0x000000070c000000, 0x000000070c000000| Untracked 
|  70|0x000000070c200000, 0x000000070c200000, 0x000000070c400000|  0%| F|  |TAMS 0x000000070c200000, 0x000000070c200000| Untracked 
|  71|0x000000070c400000, 0x000000070c400000, 0x000000070c600000|  0%| F|  |TAMS 0x000000070c400000, 0x000000070c400000| Untracked 
|  72|0x000000070c600000, 0x000000070c600000, 0x000000070c800000|  0%| F|  |TAMS 0x000000070c600000, 0x000000070c600000| Untracked 
|  73|0x000000070c800000, 0x000000070c800000, 0x000000070ca00000|  0%| F|  |TAMS 0x000000070c800000, 0x000000070c800000| Untracked 
|  74|0x000000070ca00000, 0x000000070ca00000, 0x000000070cc00000|  0%| F|  |TAMS 0x000000070ca00000, 0x000000070ca00000| Untracked 
|  75|0x000000070cc00000, 0x000000070cc00000, 0x000000070ce00000|  0%| F|  |TAMS 0x000000070cc00000, 0x000000070cc00000| Untracked 
|  76|0x000000070ce00000, 0x000000070ce00000, 0x000000070d000000|  0%| F|  |TAMS 0x000000070ce00000, 0x000000070ce00000| Untracked 
|  77|0x000000070d000000, 0x000000070d000000, 0x000000070d200000|  0%| F|  |TAMS 0x000000070d000000, 0x000000070d000000| Untracked 
|  78|0x000000070d200000, 0x000000070d200000, 0x000000070d400000|  0%| F|  |TAMS 0x000000070d200000, 0x000000070d200000| Untracked 
|  79|0x000000070d400000, 0x000000070d400000, 0x000000070d600000|  0%| F|  |TAMS 0x000000070d400000, 0x000000070d400000| Untracked 
|  80|0x000000070d600000, 0x000000070d600000, 0x000000070d800000|  0%| F|  |TAMS 0x000000070d600000, 0x000000070d600000| Untracked 
|  81|0x000000070d800000, 0x000000070d800000, 0x000000070da00000|  0%| F|  |TAMS 0x000000070d800000, 0x000000070d800000| Untracked 
|  82|0x000000070da00000, 0x000000070da00000, 0x000000070dc00000|  0%| F|  |TAMS 0x000000070da00000, 0x000000070da00000| Untracked 
|  83|0x000000070dc00000, 0x000000070dc00000, 0x000000070de00000|  0%| F|  |TAMS 0x000000070dc00000, 0x000000070dc00000| Untracked 
|  84|0x000000070de00000, 0x000000070de00000, 0x000000070e000000|  0%| F|  |TAMS 0x000000070de00000, 0x000000070de00000| Untracked 
|  85|0x000000070e000000, 0x000000070e000000, 0x000000070e200000|  0%| F|  |TAMS 0x000000070e000000, 0x000000070e000000| Untracked 
|  86|0x000000070e200000, 0x000000070e200000, 0x000000070e400000|  0%| F|  |TAMS 0x000000070e200000, 0x000000070e200000| Untracked 
|  87|0x000000070e400000, 0x000000070e400000, 0x000000070e600000|  0%| F|  |TAMS 0x000000070e400000, 0x000000070e400000| Untracked 
|  88|0x000000070e600000, 0x000000070e600000, 0x000000070e800000|  0%| F|  |TAMS 0x000000070e600000, 0x000000070e600000| Untracked 
|  89|0x000000070e800000, 0x000000070e800000, 0x000000070ea00000|  0%| F|  |TAMS 0x000000070e800000, 0x000000070e800000| Untracked 
|  90|0x000000070ea00000, 0x000000070ea00000, 0x000000070ec00000|  0%| F|  |TAMS 0x000000070ea00000, 0x000000070ea00000| Untracked 
|  91|0x000000070ec00000, 0x000000070ec00000, 0x000000070ee00000|  0%| F|  |TAMS 0x000000070ec00000, 0x000000070ec00000| Untracked 
|  92|0x000000070ee00000, 0x000000070ee00000, 0x000000070f000000|  0%| F|  |TAMS 0x000000070ee00000, 0x000000070ee00000| Untracked 
|  93|0x000000070f000000, 0x000000070f000000, 0x000000070f200000|  0%| F|  |TAMS 0x000000070f000000, 0x000000070f000000| Untracked 
|  94|0x000000070f200000, 0x000000070f200000, 0x000000070f400000|  0%| F|  |TAMS 0x000000070f200000, 0x000000070f200000| Untracked 
|  95|0x000000070f400000, 0x000000070f400000, 0x000000070f600000|  0%| F|  |TAMS 0x000000070f400000, 0x000000070f400000| Untracked 
|  96|0x000000070f600000, 0x000000070f600000, 0x000000070f800000|  0%| F|  |TAMS 0x000000070f600000, 0x000000070f600000| Untracked 
|  97|0x000000070f800000, 0x000000070f800000, 0x000000070fa00000|  0%| F|  |TAMS 0x000000070f800000, 0x000000070f800000| Untracked 
|  98|0x000000070fa00000, 0x000000070fa00000, 0x000000070fc00000|  0%| F|  |TAMS 0x000000070fa00000, 0x000000070fa00000| Untracked 
|  99|0x000000070fc00000, 0x000000070fc00000, 0x000000070fe00000|  0%| F|  |TAMS 0x000000070fc00000, 0x000000070fc00000| Untracked 
| 100|0x000000070fe00000, 0x000000070fe00000, 0x0000000710000000|  0%| F|  |TAMS 0x000000070fe00000, 0x000000070fe00000| Untracked 
| 101|0x0000000710000000, 0x0000000710000000, 0x0000000710200000|  0%| F|  |TAMS 0x0000000710000000, 0x0000000710000000| Untracked 
| 102|0x0000000710200000, 0x0000000710200000, 0x0000000710400000|  0%| F|  |TAMS 0x0000000710200000, 0x0000000710200000| Untracked 
| 103|0x0000000710400000, 0x0000000710400000, 0x0000000710600000|  0%| F|  |TAMS 0x0000000710400000, 0x0000000710400000| Untracked 
| 104|0x0000000710600000, 0x0000000710600000, 0x0000000710800000|  0%| F|  |TAMS 0x0000000710600000, 0x0000000710600000| Untracked 
| 105|0x0000000710800000, 0x0000000710800000, 0x0000000710a00000|  0%| F|  |TAMS 0x0000000710800000, 0x0000000710800000| Untracked 
| 106|0x0000000710a00000, 0x0000000710a00000, 0x0000000710c00000|  0%| F|  |TAMS 0x0000000710a00000, 0x0000000710a00000| Untracked 
| 107|0x0000000710c00000, 0x0000000710c00000, 0x0000000710e00000|  0%| F|  |TAMS 0x0000000710c00000, 0x0000000710c00000| Untracked 
| 108|0x0000000710e00000, 0x0000000710e00000, 0x0000000711000000|  0%| F|  |TAMS 0x0000000710e00000, 0x0000000710e00000| Untracked 
| 109|0x0000000711000000, 0x0000000711000000, 0x0000000711200000|  0%| F|  |TAMS 0x0000000711000000, 0x0000000711000000| Untracked 
| 110|0x0000000711200000, 0x0000000711200000, 0x0000000711400000|  0%| F|  |TAMS 0x0000000711200000, 0x0000000711200000| Untracked 
| 111|0x0000000711400000, 0x0000000711400000, 0x0000000711600000|  0%| F|  |TAMS 0x0000000711400000, 0x0000000711400000| Untracked 
| 112|0x0000000711600000, 0x0000000711600000, 0x0000000711800000|  0%| F|  |TAMS 0x0000000711600000, 0x0000000711600000| Untracked 
| 113|0x0000000711800000, 0x0000000711800000, 0x0000000711a00000|  0%| F|  |TAMS 0x0000000711800000, 0x0000000711800000| Untracked 
| 114|0x0000000711a00000, 0x0000000711a00000, 0x0000000711c00000|  0%| F|  |TAMS 0x0000000711a00000, 0x0000000711a00000| Untracked 
| 115|0x0000000711c00000, 0x0000000711c00000, 0x0000000711e00000|  0%| F|  |TAMS 0x0000000711c00000, 0x0000000711c00000| Untracked 
| 116|0x0000000711e00000, 0x0000000711e00000, 0x0000000712000000|  0%| F|  |TAMS 0x0000000711e00000, 0x0000000711e00000| Untracked 
| 117|0x0000000712000000, 0x0000000712000000, 0x0000000712200000|  0%| F|  |TAMS 0x0000000712000000, 0x0000000712000000| Untracked 
| 118|0x0000000712200000, 0x0000000712200000, 0x0000000712400000|  0%| F|  |TAMS 0x0000000712200000, 0x0000000712200000| Untracked 
| 119|0x0000000712400000, 0x0000000712600000, 0x0000000712600000|100%| E|  |TAMS 0x0000000712400000, 0x0000000712400000| Complete 
| 120|0x0000000712600000, 0x0000000712800000, 0x0000000712800000|100%| E|CS|TAMS 0x0000000712600000, 0x0000000712600000| Complete 
| 121|0x0000000712800000, 0x0000000712a00000, 0x0000000712a00000|100%| E|CS|TAMS 0x0000000712800000, 0x0000000712800000| Complete 
| 122|0x0000000712a00000, 0x0000000712c00000, 0x0000000712c00000|100%| E|CS|TAMS 0x0000000712a00000, 0x0000000712a00000| Complete 
| 123|0x0000000712c00000, 0x0000000712e00000, 0x0000000712e00000|100%| E|CS|TAMS 0x0000000712c00000, 0x0000000712c00000| Complete 
| 124|0x0000000712e00000, 0x0000000713000000, 0x0000000713000000|100%| E|CS|TAMS 0x0000000712e00000, 0x0000000712e00000| Complete 
| 125|0x0000000713000000, 0x0000000713200000, 0x0000000713200000|100%| E|CS|TAMS 0x0000000713000000, 0x0000000713000000| Complete 
| 126|0x0000000713200000, 0x0000000713400000, 0x0000000713400000|100%| E|CS|TAMS 0x0000000713200000, 0x0000000713200000| Complete 
| 127|0x0000000713400000, 0x0000000713600000, 0x0000000713600000|100%| E|CS|TAMS 0x0000000713400000, 0x0000000713400000| Complete 
| 128|0x0000000713600000, 0x0000000713800000, 0x0000000713800000|100%| E|CS|TAMS 0x0000000713600000, 0x0000000713600000| Complete 
| 129|0x0000000713800000, 0x0000000713a00000, 0x0000000713a00000|100%| E|CS|TAMS 0x0000000713800000, 0x0000000713800000| Complete 
| 130|0x0000000713a00000, 0x0000000713c00000, 0x0000000713c00000|100%| E|CS|TAMS 0x0000000713a00000, 0x0000000713a00000| Complete 
| 131|0x0000000713c00000, 0x0000000713e00000, 0x0000000713e00000|100%| E|CS|TAMS 0x0000000713c00000, 0x0000000713c00000| Complete 
| 132|0x0000000713e00000, 0x0000000714000000, 0x0000000714000000|100%| E|CS|TAMS 0x0000000713e00000, 0x0000000713e00000| Complete 
| 133|0x0000000714000000, 0x0000000714200000, 0x0000000714200000|100%| E|CS|TAMS 0x0000000714000000, 0x0000000714000000| Complete 
| 134|0x0000000714200000, 0x0000000714400000, 0x0000000714400000|100%| E|CS|TAMS 0x0000000714200000, 0x0000000714200000| Complete 
| 135|0x0000000714400000, 0x0000000714600000, 0x0000000714600000|100%| E|CS|TAMS 0x0000000714400000, 0x0000000714400000| Complete 
| 136|0x0000000714600000, 0x0000000714800000, 0x0000000714800000|100%| E|CS|TAMS 0x0000000714600000, 0x0000000714600000| Complete 
| 137|0x0000000714800000, 0x0000000714a00000, 0x0000000714a00000|100%| E|CS|TAMS 0x0000000714800000, 0x0000000714800000| Complete 
| 138|0x0000000714a00000, 0x0000000714c00000, 0x0000000714c00000|100%| E|CS|TAMS 0x0000000714a00000, 0x0000000714a00000| Complete 
| 139|0x0000000714c00000, 0x0000000714e00000, 0x0000000714e00000|100%| E|CS|TAMS 0x0000000714c00000, 0x0000000714c00000| Complete 
| 140|0x0000000714e00000, 0x0000000715000000, 0x0000000715000000|100%| E|CS|TAMS 0x0000000714e00000, 0x0000000714e00000| Complete 
| 141|0x0000000715000000, 0x0000000715200000, 0x0000000715200000|100%| E|CS|TAMS 0x0000000715000000, 0x0000000715000000| Complete 
| 142|0x0000000715200000, 0x0000000715400000, 0x0000000715400000|100%| E|CS|TAMS 0x0000000715200000, 0x0000000715200000| Complete 
| 143|0x0000000715400000, 0x0000000715600000, 0x0000000715600000|100%| E|CS|TAMS 0x0000000715400000, 0x0000000715400000| Complete 
| 144|0x0000000715600000, 0x0000000715800000, 0x0000000715800000|100%| E|CS|TAMS 0x0000000715600000, 0x0000000715600000| Complete 
| 145|0x0000000715800000, 0x0000000715a00000, 0x0000000715a00000|100%| E|CS|TAMS 0x0000000715800000, 0x0000000715800000| Complete 
| 146|0x0000000715a00000, 0x0000000715c00000, 0x0000000715c00000|100%| E|CS|TAMS 0x0000000715a00000, 0x0000000715a00000| Complete 
| 147|0x0000000715c00000, 0x0000000715e00000, 0x0000000715e00000|100%| E|CS|TAMS 0x0000000715c00000, 0x0000000715c00000| Complete 

Card table byte_map: [0x0000026494770000,0x0000026494f60000] _byte_map_base: 0x0000026490f55000

Marking Bits (Prev, Next): (CMBitMap*) 0x00000264ffb9d850, (CMBitMap*) 0x00000264ffb9d810
 Prev Bits: [0x0000026499680000, 0x000002649d5a8000)
 Next Bits: [0x0000026495750000, 0x0000026499678000)

Polling page: 0x00000264ffbf0000

Metaspace:

Usage:
  Non-class:     70.70 MB used.
      Class:      9.06 MB used.
       Both:     79.76 MB used.

Virtual space:
  Non-class space:       72.00 MB reserved,      70.88 MB ( 98%) committed,  9 nodes.
      Class space:        1.00 GB reserved,       9.19 MB ( <1%) committed,  1 nodes.
             Both:        1.07 GB reserved,      80.06 MB (  7%) committed. 

Chunk freelists:
   Non-Class:  1.03 MB
       Class:  2.81 MB
        Both:  3.84 MB

MaxMetaspaceSize: unlimited
CompressedClassSpaceSize: 1.00 GB
Initial GC threshold: 21.00 MB
Current GC threshold: 98.56 MB
CDS: off
MetaspaceReclaimPolicy: balanced
 - commit_granule_bytes: 65536.
 - commit_granule_words: 8192.
 - virtual_space_node_default_size: 1048576.
 - enlarge_chunks_in_place: 1.
 - new_chunks_are_fully_committed: 0.
 - uncommit_free_chunks: 1.
 - use_allocation_guard: 0.
 - handle_deallocations: 1.


Internal statistics:

num_allocs_failed_limit: 9.
num_arena_births: 312.
num_arena_deaths: 0.
num_vsnodes_births: 10.
num_vsnodes_deaths: 0.
num_space_committed: 1279.
num_space_uncommitted: 0.
num_chunks_returned_to_freelist: 9.
num_chunks_taken_from_freelist: 2889.
num_chunk_merges: 9.
num_chunk_splits: 2411.
num_chunks_enlarged: 2191.
num_purges: 0.
num_inconsistent_stats: 0.

CodeHeap 'non-profiled nmethods': size=120000Kb used=5225Kb max_used=5534Kb free=114774Kb
 bounds [0x000002648c2e0000, 0x000002648c850000, 0x0000026493810000]
CodeHeap 'profiled nmethods': size=120000Kb used=30431Kb max_used=31099Kb free=89568Kb
 bounds [0x0000026484810000, 0x0000026486680000, 0x000002648bd40000]
CodeHeap 'non-nmethods': size=5760Kb used=1410Kb max_used=1459Kb free=4349Kb
 bounds [0x000002648bd40000, 0x000002648bfb0000, 0x000002648c2e0000]
 total_blobs=10945 nmethods=10226 adapters=626
 compilation: enabled
              stopped_count=0, restarted_count=0
 full_count=0

Compilation events (20 events):
Event: 12.622 Thread 0x00000264a0cc3ed0 nmethod 12270 0x00000264862c1a10 code [0x00000264862c1ce0, 0x00000264862c2c08]
Event: 12.622 Thread 0x00000264a0cc3ed0 12271       3       org.jetbrains.kotlin.backend.jvm.lower.TailCallOptimizationLowering$lower$1::visitValueAccess (7 bytes)
Event: 12.624 Thread 0x00000264a0cc3ed0 nmethod 12271 0x00000264862add10 code [0x00000264862ae000, 0x00000264862af078]
Event: 12.624 Thread 0x00000264a0cc3ed0 12268       3       org.jetbrains.kotlin.backend.jvm.lower.InterfaceObjectCallsLowering::visitCall (209 bytes)
Event: 12.637 Thread 0x00000264a0cc3ed0 nmethod 12268 0x00000264859f0110 code [0x00000264859f0e40, 0x00000264859f8ab8]
Event: 12.637 Thread 0x00000264a0cc3ed0 12274       3       org.jetbrains.kotlin.backend.jvm.lower.UniqueLoopLabelsLowering$lower$1::visitValueAccess (13 bytes)
Event: 12.638 Thread 0x00000264a0cc3ed0 nmethod 12274 0x0000026485229410 code [0x0000026485229680, 0x000002648522a0f8]
Event: 12.638 Thread 0x00000264a0cc3ed0 12275       3       org.jetbrains.kotlin.backend.jvm.lower.UniqueLoopLabelsLowering$lower$1::visitValueAccess (8 bytes)
Event: 12.640 Thread 0x00000264a0cc3ed0 nmethod 12275 0x0000026486294c10 code [0x0000026486294ec0, 0x0000026486295ae8]
Event: 12.640 Thread 0x00000264a0cc3ed0 12272       3       org.jetbrains.kotlin.backend.jvm.lower.TailCallOptimizationLowering$lower$1::visitGetValue (10 bytes)
Event: 12.642 Thread 0x00000264a0cc3ed0 nmethod 12272 0x0000026484c70b10 code [0x0000026484c70da0, 0x0000026484c71af8]
Event: 12.642 Thread 0x00000264a0cc3ed0 12276       3       org.jetbrains.kotlin.backend.jvm.lower.UniqueLoopLabelsLowering$lower$1::visitGetValue (13 bytes)
Event: 12.644 Thread 0x00000264a0cc3ed0 nmethod 12276 0x00000264852c6f90 code [0x00000264852c7200, 0x00000264852c7c78]
Event: 12.644 Thread 0x00000264a0cc3ed0 12259       3       org.jetbrains.kotlin.backend.jvm.lower.ReplaceDefaultImplsOverriddenSymbols::visitCall (13 bytes)
Event: 12.646 Thread 0x00000264a0cc3ed0 nmethod 12259 0x0000026486231690 code [0x0000026486231980, 0x0000026486232798]
Event: 12.646 Thread 0x00000264a0cc3ed0 12260       3       org.jetbrains.kotlin.backend.jvm.lower.ReplaceDefaultImplsOverriddenSymbols::visitCall (7 bytes)
Event: 12.648 Thread 0x00000264a0cc3ed0 nmethod 12260 0x000002648623ba90 code [0x000002648623bd60, 0x000002648623ca18]
Event: 12.648 Thread 0x00000264a0cc3ed0 12261       3       org.jetbrains.kotlin.backend.jvm.lower.ReplaceDefaultImplsOverriddenSymbols::visitCall (6 bytes)
Event: 12.649 Thread 0x00000264a0cc3ed0 nmethod 12261 0x0000026485cbe290 code [0x0000026485cbe560, 0x0000026485cbf218]
Event: 12.649 Thread 0x00000264a0cc3ed0 12279       2       org.jetbrains.kotlin.ir.util.IrUtilsKt::getFqNameWhenAvailable (77 bytes)

GC Heap History (20 events):
Event: 2.760 GC heap before
{Heap before GC invocations=6 (full 0):
 garbage-first heap   total 40960K, used 23715K [0x0000000703600000, 0x0000000800000000)
  region size 2048K, 6 young (12288K), 1 survivors (2048K)
 Metaspace       used 35864K, committed 36096K, reserved 1081344K
  class space    used 4539K, committed 4672K, reserved 1048576K
}
Event: 2.765 GC heap after
{Heap after GC invocations=7 (full 0):
 garbage-first heap   total 40960K, used 16742K [0x0000000703600000, 0x0000000800000000)
  region size 2048K, 1 young (2048K), 1 survivors (2048K)
 Metaspace       used 35864K, committed 36096K, reserved 1081344K
  class space    used 4539K, committed 4672K, reserved 1048576K
}
Event: 2.956 GC heap before
{Heap before GC invocations=8 (full 0):
 garbage-first heap   total 40960K, used 26982K [0x0000000703600000, 0x0000000800000000)
  region size 2048K, 7 young (14336K), 1 survivors (2048K)
 Metaspace       used 38303K, committed 38528K, reserved 1089536K
  class space    used 4772K, committed 4864K, reserved 1048576K
}
Event: 2.960 GC heap after
{Heap after GC invocations=9 (full 0):
 garbage-first heap   total 40960K, used 17921K [0x0000000703600000, 0x0000000800000000)
  region size 2048K, 1 young (2048K), 1 survivors (2048K)
 Metaspace       used 38303K, committed 38528K, reserved 1089536K
  class space    used 4772K, committed 4864K, reserved 1048576K
}
Event: 2.982 GC heap before
{Heap before GC invocations=9 (full 0):
 garbage-first heap   total 40960K, used 19969K [0x0000000703600000, 0x0000000800000000)
  region size 2048K, 2 young (4096K), 1 survivors (2048K)
 Metaspace       used 38652K, committed 38912K, reserved 1089536K
  class space    used 4792K, committed 4928K, reserved 1048576K
}
Event: 2.990 GC heap after
{Heap after GC invocations=10 (full 0):
 garbage-first heap   total 40960K, used 17871K [0x0000000703600000, 0x0000000800000000)
  region size 2048K, 1 young (2048K), 1 survivors (2048K)
 Metaspace       used 38652K, committed 38912K, reserved 1089536K
  class space    used 4792K, committed 4928K, reserved 1048576K
}
Event: 3.172 GC heap before
{Heap before GC invocations=10 (full 0):
 garbage-first heap   total 40960K, used 28111K [0x0000000703600000, 0x0000000800000000)
  region size 2048K, 6 young (12288K), 1 survivors (2048K)
 Metaspace       used 40683K, committed 40896K, reserved 1089536K
  class space    used 4994K, committed 5120K, reserved 1048576K
}
Event: 3.175 GC heap after
{Heap after GC invocations=11 (full 0):
 garbage-first heap   total 151552K, used 18390K [0x0000000703600000, 0x0000000800000000)
  region size 2048K, 1 young (2048K), 1 survivors (2048K)
 Metaspace       used 40683K, committed 40896K, reserved 1089536K
  class space    used 4994K, committed 5120K, reserved 1048576K
}
Event: 5.108 GC heap before
{Heap before GC invocations=11 (full 0):
 garbage-first heap   total 151552K, used 104406K [0x0000000703600000, 0x0000000800000000)
  region size 2048K, 42 young (86016K), 1 survivors (2048K)
 Metaspace       used 53419K, committed 53632K, reserved 1097728K
  class space    used 6434K, committed 6528K, reserved 1048576K
}
Event: 5.119 GC heap after
{Heap after GC invocations=12 (full 0):
 garbage-first heap   total 151552K, used 29778K [0x0000000703600000, 0x0000000800000000)
  region size 2048K, 5 young (10240K), 5 survivors (10240K)
 Metaspace       used 53419K, committed 53632K, reserved 1097728K
  class space    used 6434K, committed 6528K, reserved 1048576K
}
Event: 6.049 GC heap before
{Heap before GC invocations=12 (full 0):
 garbage-first heap   total 151552K, used 97362K [0x0000000703600000, 0x0000000800000000)
  region size 2048K, 38 young (77824K), 5 survivors (10240K)
 Metaspace       used 55934K, committed 56128K, reserved 1105920K
  class space    used 6620K, committed 6720K, reserved 1048576K
}
Event: 6.068 GC heap after
{Heap after GC invocations=13 (full 0):
 garbage-first heap   total 151552K, used 40158K [0x0000000703600000, 0x0000000800000000)
  region size 2048K, 5 young (10240K), 5 survivors (10240K)
 Metaspace       used 55934K, committed 56128K, reserved 1105920K
  class space    used 6620K, committed 6720K, reserved 1048576K
}
Event: 8.012 GC heap before
{Heap before GC invocations=13 (full 0):
 garbage-first heap   total 151552K, used 87262K [0x0000000703600000, 0x0000000800000000)
  region size 2048K, 29 young (59392K), 5 survivors (10240K)
 Metaspace       used 60280K, committed 60480K, reserved 1105920K
  class space    used 6953K, committed 7040K, reserved 1048576K
}
Event: 8.035 GC heap after
{Heap after GC invocations=14 (full 0):
 garbage-first heap   total 151552K, used 45633K [0x0000000703600000, 0x0000000800000000)
  region size 2048K, 3 young (6144K), 3 survivors (6144K)
 Metaspace       used 60280K, committed 60480K, reserved 1105920K
  class space    used 6953K, committed 7040K, reserved 1048576K
}
Event: 10.477 GC heap before
{Heap before GC invocations=15 (full 0):
 garbage-first heap   total 151552K, used 107073K [0x0000000703600000, 0x0000000800000000)
  region size 2048K, 33 young (67584K), 3 survivors (6144K)
 Metaspace       used 69571K, committed 69888K, reserved 1114112K
  class space    used 8095K, committed 8256K, reserved 1048576K
}
Event: 10.502 GC heap after
{Heap after GC invocations=16 (full 0):
 garbage-first heap   total 151552K, used 50556K [0x0000000703600000, 0x0000000800000000)
  region size 2048K, 5 young (10240K), 5 survivors (10240K)
 Metaspace       used 69571K, committed 69888K, reserved 1114112K
  class space    used 8095K, committed 8256K, reserved 1048576K
}
Event: 10.557 GC heap before
{Heap before GC invocations=16 (full 0):
 garbage-first heap   total 151552K, used 52604K [0x0000000703600000, 0x0000000800000000)
  region size 2048K, 6 young (12288K), 5 survivors (10240K)
 Metaspace       used 70086K, committed 70464K, reserved 1114112K
  class space    used 8143K, committed 8320K, reserved 1048576K
}
Event: 10.591 GC heap after
{Heap after GC invocations=17 (full 0):
 garbage-first heap   total 151552K, used 51358K [0x0000000703600000, 0x0000000800000000)
  region size 2048K, 1 young (2048K), 1 survivors (2048K)
 Metaspace       used 70086K, committed 70464K, reserved 1114112K
  class space    used 8143K, committed 8320K, reserved 1048576K
}
Event: 11.862 GC heap before
{Heap before GC invocations=17 (full 0):
 garbage-first heap   total 151552K, used 112798K [0x0000000703600000, 0x0000000800000000)
  region size 2048K, 31 young (63488K), 1 survivors (2048K)
 Metaspace       used 78753K, committed 79104K, reserved 1122304K
  class space    used 8999K, committed 9152K, reserved 1048576K
}
Event: 11.873 GC heap after
{Heap after GC invocations=18 (full 0):
 garbage-first heap   total 303104K, used 55492K [0x0000000703600000, 0x0000000800000000)
  region size 2048K, 3 young (6144K), 3 survivors (6144K)
 Metaspace       used 78753K, committed 79104K, reserved 1122304K
  class space    used 8999K, committed 9152K, reserved 1048576K
}

Dll operation events (2 events):
Event: 0.021 Loaded shared library C:\Program Files\Android\Android Studio\jbr\bin\java.dll
Event: 1.568 Loaded shared library C:\Program Files\Android\Android Studio\jbr\bin\verify.dll

Deoptimization events (20 events):
Event: 12.554 Thread 0x00000264ffb30c40 Uncommon trap: trap_request=0xffffffc6 fr.pc=0x000002648c5466b8 relative=0x0000000000000e58
Event: 12.554 Thread 0x00000264ffb30c40 Uncommon trap: reason=bimorphic_or_optimized_type_check action=maybe_recompile pc=0x000002648c5466b8 method=org.jetbrains.kotlin.ir.util.TransformKt.transformIfNeeded(Ljava/util/List;Lorg/jetbrains/kotlin/ir/visitors/IrElementTransformer;Ljava/lang/Object
Event: 12.554 Thread 0x00000264ffb30c40 DEOPT PACKING pc=0x000002648c5466b8 sp=0x000000ff03cfd680
Event: 12.554 Thread 0x00000264ffb30c40 DEOPT UNPACKING pc=0x000002648bd9a1a3 sp=0x000000ff03cfd600 mode 2
Event: 12.557 Thread 0x00000264ffb30c40 Uncommon trap: trap_request=0xffffffc6 fr.pc=0x000002648c5466b8 relative=0x0000000000000e58
Event: 12.557 Thread 0x00000264ffb30c40 Uncommon trap: reason=bimorphic_or_optimized_type_check action=maybe_recompile pc=0x000002648c5466b8 method=org.jetbrains.kotlin.ir.util.TransformKt.transformIfNeeded(Ljava/util/List;Lorg/jetbrains/kotlin/ir/visitors/IrElementTransformer;Ljava/lang/Object
Event: 12.557 Thread 0x00000264ffb30c40 DEOPT PACKING pc=0x000002648c5466b8 sp=0x000000ff03cfd6b0
Event: 12.557 Thread 0x00000264ffb30c40 DEOPT UNPACKING pc=0x000002648bd9a1a3 sp=0x000000ff03cfd630 mode 2
Event: 12.559 Thread 0x00000264ffb30c40 Uncommon trap: trap_request=0xffffffc6 fr.pc=0x000002648c5466b8 relative=0x0000000000000e58
Event: 12.559 Thread 0x00000264ffb30c40 Uncommon trap: reason=bimorphic_or_optimized_type_check action=maybe_recompile pc=0x000002648c5466b8 method=org.jetbrains.kotlin.ir.util.TransformKt.transformIfNeeded(Ljava/util/List;Lorg/jetbrains/kotlin/ir/visitors/IrElementTransformer;Ljava/lang/Object
Event: 12.559 Thread 0x00000264ffb30c40 DEOPT PACKING pc=0x000002648c5466b8 sp=0x000000ff03cfd550
Event: 12.559 Thread 0x00000264ffb30c40 DEOPT UNPACKING pc=0x000002648bd9a1a3 sp=0x000000ff03cfd4d0 mode 2
Event: 12.604 Thread 0x00000264ffb30c40 Uncommon trap: trap_request=0xffffffc6 fr.pc=0x000002648c5466b8 relative=0x0000000000000e58
Event: 12.604 Thread 0x00000264ffb30c40 Uncommon trap: reason=bimorphic_or_optimized_type_check action=maybe_recompile pc=0x000002648c5466b8 method=org.jetbrains.kotlin.ir.util.TransformKt.transformIfNeeded(Ljava/util/List;Lorg/jetbrains/kotlin/ir/visitors/IrElementTransformer;Ljava/lang/Object
Event: 12.604 Thread 0x00000264ffb30c40 DEOPT PACKING pc=0x000002648c5466b8 sp=0x000000ff03cfd6b0
Event: 12.604 Thread 0x00000264ffb30c40 DEOPT UNPACKING pc=0x000002648bd9a1a3 sp=0x000000ff03cfd630 mode 2
Event: 12.606 Thread 0x00000264ffb30c40 Uncommon trap: trap_request=0xffffffc6 fr.pc=0x000002648c78c3b8 relative=0x00000000000004d8
Event: 12.607 Thread 0x00000264ffb30c40 Uncommon trap: reason=bimorphic_or_optimized_type_check action=maybe_recompile pc=0x000002648c78c3b8 method=org.jetbrains.kotlin.ir.util.TransformKt.transformIfNeeded(Ljava/util/List;Lorg/jetbrains/kotlin/ir/visitors/IrElementTransformer;Ljava/lang/Object
Event: 12.607 Thread 0x00000264ffb30c40 DEOPT PACKING pc=0x000002648c78c3b8 sp=0x000000ff03cfd520
Event: 12.607 Thread 0x00000264ffb30c40 DEOPT UNPACKING pc=0x000002648bd9a1a3 sp=0x000000ff03cfd4c0 mode 2

Classes unloaded (0 events):
No events

Classes redefined (0 events):
No events

Internal exceptions (20 events):
Event: 6.269 Thread 0x00000264ffb30c40 Exception <a 'java/lang/NoSuchMethodError'{0x000000070ba2baf8}: 'java.lang.Object java.lang.invoke.DirectMethodHandle$Holder.newInvokeSpecial(java.lang.Object, java.lang.Object, java.lang.Object, java.lang.Object, java.lang.Object, java.lang.Object, java.lang.Object)'> (0x000000070ba2baf8) 
thrown [s\src\hotspot\share\interpreter\linkResolver.cpp, line 771]
Event: 6.270 Thread 0x00000264ffb30c40 Exception <a 'java/lang/NoSuchMethodError'{0x000000070ba306b0}: 'java.lang.Object java.lang.invoke.Invokers$Holder.linkToTargetMethod(java.lang.Object, java.lang.Object, java.lang.Object, java.lang.Object, java.lang.Object, java.lang.Object, java.lang.Object)'> (0x000000070ba306b0) 
thrown [s\src\hotspot\share\interpreter\linkResolver.cpp, line 771]
Event: 6.297 Thread 0x00000264ffb30c40 Exception <a 'java/lang/NoSuchMethodError'{0x000000070b900ef8}: 'java.lang.Object java.lang.invoke.DirectMethodHandle$Holder.invokeStatic(java.lang.Object, int, java.lang.Object)'> (0x000000070b900ef8) 
thrown [s\src\hotspot\share\interpreter\linkResolver.cpp, line 771]
Event: 6.305 Thread 0x00000264ffb30c40 Exception <a 'java/lang/NoSuchMethodError'{0x000000070b93f058}: 'java.lang.Object java.lang.invoke.DirectMethodHandle$Holder.newInvokeSpecial(java.lang.Object, int, java.lang.Object, java.lang.Object)'> (0x000000070b93f058) 
thrown [s\src\hotspot\share\interpreter\linkResolver.cpp, line 771]
Event: 6.333 Thread 0x00000264ffb30c40 Exception <a 'java/lang/NoSuchMethodError'{0x000000070b638830}: 'java.lang.Object java.lang.invoke.DirectMethodHandle$Holder.invokeInterface(java.lang.Object, java.lang.Object, java.lang.Object)'> (0x000000070b638830) 
thrown [s\src\hotspot\share\interpreter\linkResolver.cpp, line 771]
Event: 6.334 Thread 0x00000264ffb30c40 Exception <a 'java/lang/IncompatibleClassChangeError'{0x000000070b63c1a0}: Found class java.lang.Object, but interface was expected> (0x000000070b63c1a0) 
thrown [s\src\hotspot\share\interpreter\linkResolver.cpp, line 838]
Event: 7.206 Thread 0x00000264ffb30c40 Implicit null exception at 0x000002648c69150b to 0x000002648c692cec
Event: 8.879 Thread 0x00000264ffb30c40 Exception <a 'java/lang/NoSuchMethodError'{0x000000070bce0428}: 'java.lang.Object java.lang.invoke.DirectMethodHandle$Holder.invokeStatic(java.lang.Object, java.lang.Object, java.lang.Object, java.lang.Object, int)'> (0x000000070bce0428) 
thrown [s\src\hotspot\share\interpreter\linkResolver.cpp, line 771]
Event: 8.880 Thread 0x00000264ffb30c40 Exception <a 'java/lang/NoSuchMethodError'{0x000000070bcea110}: 'java.lang.Object java.lang.invoke.DirectMethodHandle$Holder.newInvokeSpecial(java.lang.Object, java.lang.Object, java.lang.Object, java.lang.Object, int)'> (0x000000070bcea110) 
thrown [s\src\hotspot\share\interpreter\linkResolver.cpp, line 771]
Event: 8.881 Thread 0x00000264ffb30c40 Exception <a 'java/lang/NoSuchMethodError'{0x000000070bcf21e0}: 'java.lang.Object java.lang.invoke.Invokers$Holder.linkToTargetMethod(java.lang.Object, java.lang.Object, java.lang.Object, int, java.lang.Object)'> (0x000000070bcf21e0) 
thrown [s\src\hotspot\share\interpreter\linkResolver.cpp, line 771]
Event: 8.989 Thread 0x00000264ffb30c40 Exception <a 'java/lang/NoSuchMethodError'{0x000000070bbf23a0}: 'void java.lang.invoke.DirectMethodHandle$Holder.invokeInterface(java.lang.Object, java.lang.Object)'> (0x000000070bbf23a0) 
thrown [s\src\hotspot\share\interpreter\linkResolver.cpp, line 771]
Event: 9.208 Thread 0x00000264ffb30c40 Exception <a 'java/lang/IncompatibleClassChangeError'{0x000000070b4baae0}: Found class java.lang.Object, but interface was expected> (0x000000070b4baae0) 
thrown [s\src\hotspot\share\interpreter\linkResolver.cpp, line 838]
Event: 9.910 Thread 0x00000264ffb30c40 Implicit null exception at 0x000002648c37c16b to 0x000002648c37c340
Event: 10.063 Thread 0x00000264ffb30c40 Implicit null exception at 0x000002648c5c215b to 0x000002648c5c2434
Event: 10.207 Thread 0x00000264ffb30c40 Exception <a 'java/lang/NoSuchMethodError'{0x0000000709da0b50}: 'java.lang.Object java.lang.invoke.DirectMethodHandle$Holder.invokeStaticInit(java.lang.Object, java.lang.Object, java.lang.Object, java.lang.Object)'> (0x0000000709da0b50) 
thrown [s\src\hotspot\share\interpreter\linkResolver.cpp, line 771]
Event: 10.548 Thread 0x00000264ffb30c40 Exception <a 'java/lang/NoSuchMethodError'{0x00000007133a7e70}: 'java.lang.Object java.lang.invoke.DirectMethodHandle$Holder.newInvokeSpecial(java.lang.Object, java.lang.Object, java.lang.Object, int, int)'> (0x00000007133a7e70) 
thrown [s\src\hotspot\share\interpreter\linkResolver.cpp, line 771]
Event: 10.549 Thread 0x00000264ffb30c40 Exception <a 'java/lang/NoSuchMethodError'{0x00000007133abcb0}: 'java.lang.Object java.lang.invoke.DirectMethodHandle$Holder.invokeSpecial(java.lang.Object, java.lang.Object, java.lang.Object, java.lang.Object, int, int)'> (0x00000007133abcb0) 
thrown [s\src\hotspot\share\interpreter\linkResolver.cpp, line 771]
Event: 10.652 Thread 0x00000264ffb30c40 Exception <a 'java/lang/NoSuchMethodError'{0x00000007133aab50}: 'java.lang.Object java.lang.invoke.Invokers$Holder.linkToTargetMethod(java.lang.Object, java.lang.Object, int, int, java.lang.Object, java.lang.Object, java.lang.Object, java.lang.Object, java.lang.Object)'> (0x00000007133aab50) 
thrown [s\src\hotspot\share\interpreter\linkResolver.cpp, line 771]
Event: 12.242 Thread 0x00000264ffb30c40 Implicit null exception at 0x000002648c82fcf1 to 0x000002648c830328
Event: 12.343 Thread 0x00000264ffb30c40 Implicit null exception at 0x000002648c34a770 to 0x000002648c34a9a8

VM Operations (20 events):
Event: 12.178 Executing VM operation: HandshakeAllThreads
Event: 12.178 Executing VM operation: HandshakeAllThreads done
Event: 12.179 Executing VM operation: ICBufferFull
Event: 12.180 Executing VM operation: ICBufferFull done
Event: 12.231 Executing VM operation: ICBufferFull
Event: 12.231 Executing VM operation: ICBufferFull done
Event: 12.346 Executing VM operation: HandshakeAllThreads
Event: 12.346 Executing VM operation: HandshakeAllThreads done
Event: 12.346 Executing VM operation: HandshakeAllThreads
Event: 12.346 Executing VM operation: HandshakeAllThreads done
Event: 12.348 Executing VM operation: HandshakeAllThreads
Event: 12.348 Executing VM operation: HandshakeAllThreads done
Event: 12.351 Executing VM operation: HandshakeAllThreads
Event: 12.351 Executing VM operation: HandshakeAllThreads done
Event: 12.358 Executing VM operation: ICBufferFull
Event: 12.358 Executing VM operation: ICBufferFull done
Event: 12.400 Executing VM operation: HandshakeAllThreads
Event: 12.400 Executing VM operation: HandshakeAllThreads done
Event: 12.474 Executing VM operation: ICBufferFull
Event: 12.475 Executing VM operation: ICBufferFull done

Events (20 events):
Event: 12.423 Thread 0x00000264a0cc7dc0 flushing nmethod 0x0000026486298610
Event: 12.423 Thread 0x00000264a0cc7dc0 flushing nmethod 0x000002648629ae10
Event: 12.423 Thread 0x00000264a0cc7dc0 flushing nmethod 0x000002648629c810
Event: 12.423 Thread 0x00000264a0cc7dc0 flushing nmethod 0x00000264862add10
Event: 12.423 Thread 0x00000264a0cc7dc0 flushing nmethod 0x00000264862b9a90
Event: 12.423 Thread 0x00000264a0cc7dc0 flushing nmethod 0x00000264862c1a10
Event: 12.423 Thread 0x00000264a0cc7dc0 flushing nmethod 0x00000264862d2910
Event: 12.424 Thread 0x00000264a0cc7dc0 flushing nmethod 0x00000264862dae90
Event: 12.424 Thread 0x00000264a0cc7dc0 flushing nmethod 0x00000264862e7390
Event: 12.424 Thread 0x00000264a0cc7dc0 flushing nmethod 0x00000264862f4a90
Event: 12.424 Thread 0x00000264a0cc7dc0 flushing nmethod 0x00000264862f5190
Event: 12.424 Thread 0x00000264a0cc7dc0 flushing nmethod 0x00000264862f5f90
Event: 12.424 Thread 0x00000264a0cc7dc0 flushing nmethod 0x00000264862f6510
Event: 12.424 Thread 0x00000264a0cc7dc0 flushing nmethod 0x00000264862fd110
Event: 12.424 Thread 0x00000264a0cc7dc0 flushing nmethod 0x0000026486301190
Event: 12.424 Thread 0x00000264a0cc7dc0 flushing nmethod 0x0000026486361810
Event: 12.424 Thread 0x00000264a0cc7dc0 flushing nmethod 0x0000026486385f90
Event: 12.424 Thread 0x00000264a0cc7dc0 flushing nmethod 0x0000026486387590
Event: 12.424 Thread 0x00000264a0cc7dc0 flushing nmethod 0x00000264863ee010
Event: 12.425 Thread 0x00000264a0cc7dc0 flushing nmethod 0x000002648646e590


Dynamic libraries:
0x00007ff7430c0000 - 0x00007ff7430ca000 	C:\Program Files\Android\Android Studio\jbr\bin\java.exe
0x00007ffc57cf0000 - 0x00007ffc57f07000 	C:\WINDOWS\SYSTEM32\ntdll.dll
0x00007ffc56900000 - 0x00007ffc569c4000 	C:\WINDOWS\System32\KERNEL32.DLL
0x00007ffc55690000 - 0x00007ffc55a36000 	C:\WINDOWS\System32\KERNELBASE.dll
0x00007ffc55400000 - 0x00007ffc55511000 	C:\WINDOWS\System32\ucrtbase.dll
0x00007ffc2e7c0000 - 0x00007ffc2e7d7000 	C:\Program Files\Android\Android Studio\jbr\bin\jli.dll
0x00007ffc2f520000 - 0x00007ffc2f53b000 	C:\Program Files\Android\Android Studio\jbr\bin\VCRUNTIME140.dll
0x00007ffc55df0000 - 0x00007ffc55f9e000 	C:\WINDOWS\System32\USER32.dll
0x00007ffc55260000 - 0x00007ffc55286000 	C:\WINDOWS\System32\win32u.dll
0x00007ffc56a20000 - 0x00007ffc56a49000 	C:\WINDOWS\System32\GDI32.dll
0x00007ffc55030000 - 0x00007ffc55148000 	C:\WINDOWS\System32\gdi32full.dll
0x00007ffc3d730000 - 0x00007ffc3d9c3000 	C:\WINDOWS\WinSxS\amd64_microsoft.windows.common-controls_6595b64144ccf1df_6.0.22621.2506_none_270c5ae97388e100\COMCTL32.dll
0x00007ffc55150000 - 0x00007ffc551ea000 	C:\WINDOWS\System32\msvcp_win.dll
0x00007ffc55a40000 - 0x00007ffc55ae7000 	C:\WINDOWS\System32\msvcrt.dll
0x00007ffc55cf0000 - 0x00007ffc55d21000 	C:\WINDOWS\System32\IMM32.DLL
0x00007ffc3d3d0000 - 0x00007ffc3d3dc000 	C:\Program Files\Android\Android Studio\jbr\bin\vcruntime140_1.dll
0x00007ffc15870000 - 0x00007ffc158fd000 	C:\Program Files\Android\Android Studio\jbr\bin\msvcp140.dll
0x00007ffbda0d0000 - 0x00007ffbdad3e000 	C:\Program Files\Android\Android Studio\jbr\bin\server\jvm.dll
0x00007ffc56840000 - 0x00007ffc568f3000 	C:\WINDOWS\System32\ADVAPI32.dll
0x00007ffc55d30000 - 0x00007ffc55dd8000 	C:\WINDOWS\System32\sechost.dll
0x00007ffc55310000 - 0x00007ffc55338000 	C:\WINDOWS\System32\bcrypt.dll
0x00007ffc56720000 - 0x00007ffc56837000 	C:\WINDOWS\System32\RPCRT4.dll
0x00007ffc4c1b0000 - 0x00007ffc4c1e4000 	C:\WINDOWS\SYSTEM32\WINMM.dll
0x00007ffc2f480000 - 0x00007ffc2f489000 	C:\WINDOWS\SYSTEM32\WSOCK32.dll
0x00007ffc56640000 - 0x00007ffc566b1000 	C:\WINDOWS\System32\WS2_32.dll
0x00007ffc3ee80000 - 0x00007ffc3ee8a000 	C:\WINDOWS\SYSTEM32\VERSION.dll
0x00007ffc54060000 - 0x00007ffc54078000 	C:\WINDOWS\SYSTEM32\kernel.appcore.dll
0x00007ffc2f470000 - 0x00007ffc2f47a000 	C:\Program Files\Android\Android Studio\jbr\bin\jimage.dll
0x00007ffc52940000 - 0x00007ffc52b73000 	C:\WINDOWS\SYSTEM32\DBGHELP.DLL
0x00007ffc56f70000 - 0x00007ffc572f9000 	C:\WINDOWS\System32\combase.dll
0x00007ffc55bf0000 - 0x00007ffc55cc7000 	C:\WINDOWS\System32\OLEAUT32.dll
0x00007ffc34a10000 - 0x00007ffc34a42000 	C:\WINDOWS\SYSTEM32\dbgcore.DLL
0x00007ffc55290000 - 0x00007ffc5530a000 	C:\WINDOWS\System32\bcryptPrimitives.dll
0x00007ffc2e950000 - 0x00007ffc2e975000 	C:\Program Files\Android\Android Studio\jbr\bin\java.dll
0x00007ffc2e930000 - 0x00007ffc2e948000 	C:\Program Files\Android\Android Studio\jbr\bin\zip.dll
0x00007ffc57450000 - 0x00007ffc57caa000 	C:\WINDOWS\System32\SHELL32.dll
0x00007ffc52f80000 - 0x00007ffc53876000 	C:\WINDOWS\SYSTEM32\windows.storage.dll
0x00007ffc52e40000 - 0x00007ffc52f7e000 	C:\WINDOWS\SYSTEM32\wintypes.dll
0x00007ffc564c0000 - 0x00007ffc565b3000 	C:\WINDOWS\System32\SHCORE.dll
0x00007ffc566c0000 - 0x00007ffc5671e000 	C:\WINDOWS\System32\shlwapi.dll
0x00007ffc54f60000 - 0x00007ffc54f86000 	C:\WINDOWS\SYSTEM32\profapi.dll
0x00007ffc2e910000 - 0x00007ffc2e929000 	C:\Program Files\Android\Android Studio\jbr\bin\net.dll
0x00007ffc4e370000 - 0x00007ffc4e4a7000 	C:\WINDOWS\SYSTEM32\WINHTTP.dll
0x00007ffc544e0000 - 0x00007ffc54549000 	C:\WINDOWS\system32\mswsock.dll
0x00007ffc2e8f0000 - 0x00007ffc2e906000 	C:\Program Files\Android\Android Studio\jbr\bin\nio.dll
0x00007ffc2ed80000 - 0x00007ffc2ed90000 	C:\Program Files\Android\Android Studio\jbr\bin\verify.dll

dbghelp: loaded successfully - version: 4.0.5 - missing functions: none
symbol engine: initialized successfully - sym options: 0x614 - pdb path: .;C:\Program Files\Android\Android Studio\jbr\bin;C:\WINDOWS\SYSTEM32;C:\WINDOWS\WinSxS\amd64_microsoft.windows.common-controls_6595b64144ccf1df_6.0.22621.2506_none_270c5ae97388e100;C:\Program Files\Android\Android Studio\jbr\bin\server

VM Arguments:
java_command: org.jetbrains.kotlin.cli.jvm.K2JVMCompiler @D:\MyApplication\app\build\20240118_5118225366955572398.compiler.options
java_class_path (initial): C:\Users\86199\.gradle\caches\modules-2\files-2.1\org.jetbrains.kotlin\kotlin-compiler-embeddable\1.9.0\2c8c3a7402becca891f12739b3e9fd2dc2adbd7a\kotlin-compiler-embeddable-1.9.0.jar;C:\Users\86199\.gradle\caches\modules-2\files-2.1\org.jetbrains.kotlin\kotlin-stdlib\1.9.0\8ee15ef0c67dc83d874f412d84378d7f0eb50b63\kotlin-stdlib-1.9.0.jar;C:\Users\86199\.gradle\caches\modules-2\files-2.1\org.jetbrains.kotlin\kotlin-script-runtime\1.9.0\4b3102cbbb7e1b58d9d1adf89563f00069ffa7d1\kotlin-script-runtime-1.9.0.jar;C:\Users\86199\.gradle\caches\modules-2\files-2.1\org.jetbrains.kotlin\kotlin-reflect\1.6.10\1cbe9c92c12a94eea200d23c2bbaedaf3daf5132\kotlin-reflect-1.6.10.jar;C:\Users\86199\.gradle\caches\modules-2\files-2.1\org.jetbrains.kotlin\kotlin-daemon-embeddable\1.9.0\186543f5e28cf8d9a0290fecc2cf34301c40a65c\kotlin-daemon-embeddable-1.9.0.jar;C:\Users\86199\.gradle\caches\modules-2\files-2.1\org.jetbrains.intellij.deps\trove4j\1.0.20200330\3afb14d5f9ceb459d724e907a21145e8ff394f02\trove4j-1.0.20200330.jar;C:\Users\86199\.gradle\caches\modules-2\files-2.1\org.jetbrains.kotlin\kotlin-stdlib-common\1.9.0\cd65c21cfd1eec4d44ef09f9f52b6d9f8a720636\kotlin-stdlib-common-1.9.0.jar;C:\Users\86199\.gradle\caches\modules-2\files-2.1\org.jetbrains\annotations\13.0\919f0dfe192fb4e063e7dacadee7f8bb9a2672a9\annotations-13.0.jar
Launcher Type: SUN_STANDARD

[Global flags]
     intx CICompilerCount                          = 4                                         {product} {ergonomic}
     uint ConcGCThreads                            = 2                                         {product} {ergonomic}
     uint G1ConcRefinementThreads                  = 8                                         {product} {ergonomic}
   size_t G1HeapRegionSize                         = 2097152                                   {product} {ergonomic}
    uintx GCDrainStackTargetSize                   = 64                                        {product} {ergonomic}
   size_t InitialHeapSize                          = 266338304                                 {product} {ergonomic}
   size_t MarkStackSize                            = 4194304                                   {product} {ergonomic}
   size_t MaxHeapSize                              = 4238344192                                {product} {ergonomic}
   size_t MaxNewSize                               = 2541748224                                {product} {ergonomic}
   size_t MinHeapDeltaBytes                        = 2097152                                   {product} {ergonomic}
   size_t MinHeapSize                              = 8388608                                   {product} {ergonomic}
    uintx NonNMethodCodeHeapSize                   = 5839372                                {pd product} {ergonomic}
    uintx NonProfiledCodeHeapSize                  = 122909434                              {pd product} {ergonomic}
    uintx ProfiledCodeHeapSize                     = 122909434                              {pd product} {ergonomic}
    uintx ReservedCodeCacheSize                    = 251658240                              {pd product} {ergonomic}
     bool SegmentedCodeCache                       = true                                      {product} {ergonomic}
   size_t SoftMaxHeapSize                          = 4238344192                             {manageable} {ergonomic}
     bool UseCompressedClassPointers               = true                           {product lp64_product} {ergonomic}
     bool UseCompressedOops                        = true                           {product lp64_product} {ergonomic}
     bool UseG1GC                                  = true                                      {product} {ergonomic}
     bool UseLargePagesIndividualAllocation        = false                                  {pd product} {ergonomic}

Logging:
Log output configuration:
 #0: stdout all=warning uptime,level,tags
 #1: stderr all=off uptime,level,tags

Environment Variables:
JAVA_HOME=D:\android\Java
CLASSPATH=.;D:\android\Java\lib;D:\android\Java\lib\tools.jar
PATH=C:\Program Files\Java\jdk 1.8.0_341\bin;D:\android\Java\bin;D:\android\Java\jre\bin;D:\mysql\mysql-5.7.27-winx64\bin;c:\windows\system32;C:\WINDOWS\system32;D:\tomcat\apache-tomcat-8.5.47\bin;D:\Anaconda;D:\Anaconda\Scripts;D:\Anaconda\Library\bin;D:\Anaconda\Library\mingw-w64\bin;D:\tomcat\apache-tomcat-8.5.47\lib\;%OMCAT_HOME%\bin;C:\Program Files\Azure Data Studio\bin;C:\Users\86199\Downloads\ffmpeg-6.0-full_build\bin;C:\WINDOWS;C:\WINDOWS\System32\Wbem;C:\WINDOWS\System32\WindowsPowerShell\v1.0\;C:\WINDOWS\System32\OpenSSH\;D:\Download\web\dll;%MAVEN;HOME%\bin;"% ANDROID_SDK_HOME%\platform-tools;% ANDROID_SDK_HOME%\tools";D:\android\SDK\platform-tools;C:\WINDOWS\system32;D:\software\node.js\;D:\software\gradle-8.0\bin;D:\software\Git\Git\cmd;D:\Anaconda;D:\Anaconda\Library\mingw-w64\bin;D:\Anaconda\Library\usr\bin;D:\Anaconda\Library\bin;D:\Anaconda\Scripts;C:\Users\86199\AppData\Local\Microsoft\WindowsApps;C:\Program Files\JetBrains\PyCharm Community Edition 2021.3\bin;;%JAVA_HOME\bin;%IntelliJ IDEA Community Edition%;C:\Program Files (x86)\Tencent\QQGameTempest\Hall.57915\;C:\Program Files\Azure Data Studio\bin;D:\Download\Microsoft VS Code\bin;C:\Users\86199\AppData\Roaming\npm
USERNAME=86199
OS=Windows_NT
PROCESSOR_IDENTIFIER=Intel64 Family 6 Model 140 Stepping 1, GenuineIntel
TMP=C:\Users\86199\AppData\Local\Temp
TEMP=C:\Users\86199\AppData\Local\Temp


JNI global refs:
JNI global refs: 13, weak refs: 2

JNI global refs memory usage: 843, weak refs: 841


---------------  S Y S T E M  ---------------

OS:
 Windows 11 , 64 bit Build 22621 (10.0.22621.2506)
OS uptime: 0 days 0:47 hours

CPU: total 8 (initial active 8) (4 cores per cpu, 2 threads per core) family 6 model 140 stepping 1 microcode 0x86, cx8, cmov, fxsr, ht, mmx, 3dnowpref, sse, sse2, sse3, ssse3, sse4.1, sse4.2, popcnt, lzcnt, tsc, tscinvbit, avx, avx2, aes, erms, clmul, bmi1, bmi2, adx, avx512f, avx512dq, avx512cd, avx512bw, avx512vl, sha, fma, vzeroupper, avx512_vpopcntdq, avx512_vpclmulqdq, avx512_vaes, avx512_vnni, clflush, clflushopt, clwb, avx512_vbmi2, avx512_vbmi

Memory: 4k page, system-wide physical 16167M (1470M free)
TotalPageFile size 16167M (AvailPageFile size 4M)
current process WorkingSet (physical memory assigned to process): 424M, peak: 424M
current process commit charge ("private bytes"): 566M, peak: 567M

vm_info: OpenJDK 64-Bit Server VM (17.0.6+0-b2043.56-10027231) for windows-amd64 JRE (17.0.6+0-b2043.56-10027231), built on Apr 28 2023 00:43:19 by "androidbuild" with MS VC++ 16.10 / 16.11 (VS2019)

END.
