#
# There is insufficient memory for the Java Runtime Environment to continue.
# Native memory allocation (mmap) failed to map 77594624 bytes for G1 virtual space
# Possible reasons:
#   The system is out of physical RAM or swap space
#   The process is running with CompressedOops enabled, and the Java Heap may be blocking the growth of the native heap
# Possible solutions:
#   Reduce memory load on the system
#   Increase physical memory or swap space
#   Check if swap backing store is full
#   Decrease Java heap size (-Xmx/-Xms)
#   Decrease number of Java threads
#   Decrease Java thread stack sizes (-Xss)
#   Set larger code cache with -XX:ReservedCodeCacheSize=
#   JVM is running with Unscaled Compressed Oops mode in which the Java heap is
#     placed in the first 4GB address space. The Java Heap base address is the
#     maximum limit for the native heap growth. Please use -XX:HeapBaseMinAddress
#     to set the Java Heap base and to place the Java Heap above 4GB virtual address.
# This output file may be truncated or incomplete.
#
#  Out of Memory Error (os_windows.cpp:3769), pid=17236, tid=6524
#
# JRE version: OpenJDK Runtime Environment (17.0.6) (build 17.0.6+0-b2043.56-10027231)
# Java VM: OpenJDK 64-Bit Server VM (17.0.6+0-b2043.56-10027231, mixed mode, tiered, compressed oops, compressed class ptrs, g1 gc, windows-amd64)
# No core dump will be written. Minidumps are not enabled by default on client versions of Windows
#

---------------  S U M M A R Y ------------

Command Line: --add-opens=java.base/java.util=ALL-UNNAMED --add-opens=java.base/java.lang=ALL-UNNAMED --add-opens=java.base/java.lang.invoke=ALL-UNNAMED --add-opens=java.prefs/java.util.prefs=ALL-UNNAMED --add-opens=java.base/java.nio.charset=ALL-UNNAMED --add-opens=java.base/java.net=ALL-UNNAMED --add-opens=java.base/java.util.concurrent.atomic=ALL-UNNAMED -Xmx2048m -Dfile.encoding=UTF-8 -Duser.country=CN -Duser.language=zh -Duser.variant org.gradle.launcher.daemon.bootstrap.GradleDaemon 8.0

Host: 11th Gen Intel(R) Core(TM) i5-1135G7 @ 2.40GHz, 8 cores, 15G,  Windows 11 , 64 bit Build 22621 (10.0.22621.2506)
Time: Mon Jan 15 19:04:03 2024  Windows 11 , 64 bit Build 22621 (10.0.22621.2506) elapsed time: 12.620190 seconds (0d 0h 0m 12s)

---------------  T H R E A D  ---------------

Current thread (0x000002737b4c25c0):  VMThread "VM Thread" [stack: 0x000000b84e800000,0x000000b84e900000] [id=6524]

Stack: [0x000000b84e800000,0x000000b84e900000]
Native frames: (J=compiled Java code, j=interpreted, Vv=VM code, C=native code)
V  [jvm.dll+0x683c9a]
V  [jvm.dll+0x8427a4]
V  [jvm.dll+0x843f9e]
V  [jvm.dll+0x844603]
V  [jvm.dll+0x249b75]
V  [jvm.dll+0x680b69]
V  [jvm.dll+0x67505a]
V  [jvm.dll+0x309acb]
V  [jvm.dll+0x310f86]
V  [jvm.dll+0x3608ee]
V  [jvm.dll+0x360b1f]
V  [jvm.dll+0x2dfbf8]
V  [jvm.dll+0x2ddec4]
V  [jvm.dll+0x2dd4cc]
V  [jvm.dll+0x321f3b]
V  [jvm.dll+0x848ccb]
V  [jvm.dll+0x849a04]
V  [jvm.dll+0x849f1d]
V  [jvm.dll+0x84a2f4]
V  [jvm.dll+0x84a3c0]
V  [jvm.dll+0x7f274a]
V  [jvm.dll+0x682ad5]
C  [ucrtbase.dll+0x29363]
C  [KERNEL32.DLL+0x1257d]
C  [ntdll.dll+0x5aa58]

VM_Operation (0x000000b8501f0140): G1CollectForAllocation, mode: safepoint, requested by thread 0x000002737cef8240


---------------  P R O C E S S  ---------------

Threads class SMR info:
_java_thread_list=0x000002737d000e70, length=129, elements={
0x000002736e6cf2d0, 0x000002737c060250, 0x000002737c060e00, 0x000002737c083850,
0x000002737c084400, 0x000002737c086ec0, 0x000002737c089880, 0x000002737c08cfe0,
0x000002737c0c3760, 0x000002737c0ccd30, 0x000002737c21b010, 0x000002737c2341f0,
0x000002737cef9580, 0x000002737cef8710, 0x000002737cefa3f0, 0x000002737cef90b0,
0x000002737cef7d70, 0x000002737cefa8c0, 0x000002737cef8240, 0x000002737cef8be0,
0x000002737cef9a50, 0x000002737cef9f20, 0x000002737cefad90, 0x000002737cefb260,
0x000002737f0e41d0, 0x000002737f0e76c0, 0x000002737f0e9870, 0x000002737f0e2e90,
0x000002737f0e6850, 0x000002737f0e5510, 0x000002737f0e46a0, 0x000002737f0e8060,
0x000002737f0e6380, 0x000002737f0e3360, 0x000002737f0e3830, 0x000002737f0e7b90,
0x000002737f0e3d00, 0x000002737f0e5040, 0x000002737f0e4b70, 0x000002737f0e59e0,
0x000002737f0e5eb0, 0x000002737f0e24f0, 0x00000273115ae3a0, 0x00000273115aa9e0,
0x00000273115ab850, 0x00000273115b0a20, 0x00000273115abd20, 0x00000273115aa510,
0x00000273115aaeb0, 0x00000273115b13c0, 0x00000273115ac6c0, 0x00000273115acb90,
0x00000273115af6e0, 0x00000273115ae870, 0x00000273115ab380, 0x00000273115aded0,
0x00000273115ac1f0, 0x00000273115aed40, 0x00000273115ad060, 0x00000273115ad530,
0x00000273115afbb0, 0x00000273115ada00, 0x00000273115af210, 0x00000273115b0550,
0x00000273115b0ef0, 0x0000027312ed0bf0, 0x0000027312ecd230, 0x0000027312ed2400,
0x0000027312ed3270, 0x0000027312ed3740, 0x0000027312ed28d0, 0x0000027312ed2da0,
0x0000027312ecdbd0, 0x0000027312ed4a80, 0x0000027312ecef10, 0x0000027312ecd700,
0x0000027312ed3c10, 0x0000027312ed40e0, 0x0000027312ece0a0, 0x0000027312ed45b0,
0x0000027312ed0720, 0x0000027312ed10c0, 0x0000027312ece570, 0x0000027312ed1590,
0x0000027312ecea40, 0x0000027312ed1a60, 0x0000027312ecf3e0, 0x0000027312ecf8b0,
0x0000027312ecfd80, 0x0000027312ed0250, 0x0000027312ed1f30, 0x00000273116794d0,
0x0000027311677cc0, 0x0000027311675640, 0x00000273116777f0, 0x00000273116764b0,
0x000002731167b1b0, 0x000002731167bb50, 0x0000027311676e50, 0x000002731167ace0,
0x0000027311675b10, 0x0000027311678190, 0x000002731167c020, 0x0000027311675fe0,
0x000002731167c9c0, 0x0000027311678660, 0x000002731167b680, 0x000002731167a340,
0x000002731167c4f0, 0x0000027311676980, 0x00000273116799a0, 0x0000027311675170,
0x0000027311677320, 0x0000027311678b30, 0x0000027311679000, 0x0000027311679e70,
0x000002731167a810, 0x000002737ebe7b70, 0x000002737ebe3ce0, 0x000002737ebe4680,
0x000002737ebe59c0, 0x000002737ebe76a0, 0x000002737ebe8040, 0x000002737ebe6360,
0x000002737ebe3810, 0x000002737ebe89e0, 0x000002737ebe2000, 0x000002737cb11950,
0x000002737cb15100
}

Java Threads: ( => current thread )
  0x000002736e6cf2d0 JavaThread "main" [_thread_blocked, id=16988, stack(0x000000b84e200000,0x000000b84e300000)]
  0x000002737c060250 JavaThread "Reference Handler" daemon [_thread_blocked, id=16440, stack(0x000000b84e900000,0x000000b84ea00000)]
  0x000002737c060e00 JavaThread "Finalizer" daemon [_thread_blocked, id=6580, stack(0x000000b84ea00000,0x000000b84eb00000)]
  0x000002737c083850 JavaThread "Signal Dispatcher" daemon [_thread_blocked, id=4736, stack(0x000000b84eb00000,0x000000b84ec00000)]
  0x000002737c084400 JavaThread "Attach Listener" daemon [_thread_blocked, id=9648, stack(0x000000b84ec00000,0x000000b84ed00000)]
  0x000002737c086ec0 JavaThread "Service Thread" daemon [_thread_blocked, id=13556, stack(0x000000b84ed00000,0x000000b84ee00000)]
  0x000002737c089880 JavaThread "Monitor Deflation Thread" daemon [_thread_blocked, id=19856, stack(0x000000b84ee00000,0x000000b84ef00000)]
  0x000002737c08cfe0 JavaThread "C2 CompilerThread0" daemon [_thread_blocked, id=14244, stack(0x000000b84ef00000,0x000000b84f000000)]
  0x000002737c0c3760 JavaThread "C1 CompilerThread0" daemon [_thread_blocked, id=18200, stack(0x000000b84f000000,0x000000b84f100000)]
  0x000002737c0ccd30 JavaThread "Sweeper thread" daemon [_thread_blocked, id=17120, stack(0x000000b84f100000,0x000000b84f200000)]
  0x000002737c21b010 JavaThread "Common-Cleaner" daemon [_thread_blocked, id=7780, stack(0x000000b84f200000,0x000000b84f300000)]
  0x000002737c2341f0 JavaThread "Notification Thread" daemon [_thread_blocked, id=19304, stack(0x000000b84f300000,0x000000b84f400000)]
  0x000002737cef9580 JavaThread "Daemon health stats" [_thread_blocked, id=18692, stack(0x000000b84fc00000,0x000000b84fd00000)]
  0x000002737cef8710 JavaThread "Incoming local TCP Connector on port 54722" [_thread_in_native, id=6456, stack(0x000000b84f500000,0x000000b84f600000)]
  0x000002737cefa3f0 JavaThread "Daemon periodic checks" [_thread_blocked, id=15584, stack(0x000000b84f600000,0x000000b84f700000)]
  0x000002737cef90b0 JavaThread "Daemon" [_thread_blocked, id=16708, stack(0x000000b84fe00000,0x000000b84ff00000)]
  0x000002737cef7d70 JavaThread "Handler for socket connection from /127.0.0.1:54722 to /127.0.0.1:54723" [_thread_in_native, id=5736, stack(0x000000b84ff00000,0x000000b850000000)]
  0x000002737cefa8c0 JavaThread "Cancel handler" [_thread_blocked, id=14876, stack(0x000000b850000000,0x000000b850100000)]
  0x000002737cef8240 JavaThread "Daemon worker" [_thread_blocked, id=3776, stack(0x000000b850100000,0x000000b850200000)]
  0x000002737cef8be0 JavaThread "Asynchronous log dispatcher for DefaultDaemonConnection: socket connection from /127.0.0.1:54722 to /127.0.0.1:54723" [_thread_blocked, id=16132, stack(0x000000b850200000,0x000000b850300000)]
  0x000002737cef9a50 JavaThread "Stdin handler" [_thread_blocked, id=15472, stack(0x000000b850300000,0x000000b850400000)]
  0x000002737cef9f20 JavaThread "Daemon client event forwarder" [_thread_blocked, id=16672, stack(0x000000b850400000,0x000000b850500000)]
  0x000002737cefad90 JavaThread "Cache worker for journal cache (C:\Users\86199\.gradle\caches\journal-1)" [_thread_blocked, id=16488, stack(0x000000b850800000,0x000000b850900000)]
  0x000002737cefb260 JavaThread "File lock request listener" [_thread_in_native, id=7624, stack(0x000000b850900000,0x000000b850a00000)]
  0x000002737f0e41d0 JavaThread "Cache worker for file hash cache (C:\Users\86199\.gradle\caches\8.0\fileHashes)" [_thread_blocked, id=17648, stack(0x000000b850a00000,0x000000b850b00000)]
  0x000002737f0e76c0 JavaThread "File watcher server" daemon [_thread_in_native, id=12324, stack(0x000000b850c00000,0x000000b850d00000)]
  0x000002737f0e9870 JavaThread "File watcher consumer" daemon [_thread_blocked, id=16896, stack(0x000000b850d00000,0x000000b850e00000)]
  0x000002737f0e2e90 JavaThread "jar transforms" [_thread_blocked, id=2372, stack(0x000000b850e00000,0x000000b850f00000)]
  0x000002737f0e6850 JavaThread "jar transforms Thread 2" [_thread_blocked, id=4756, stack(0x000000b850f00000,0x000000b851000000)]
  0x000002737f0e5510 JavaThread "jar transforms Thread 3" [_thread_blocked, id=17852, stack(0x000000b851000000,0x000000b851100000)]
  0x000002737f0e46a0 JavaThread "jar transforms Thread 4" [_thread_blocked, id=13640, stack(0x000000b851100000,0x000000b851200000)]
  0x000002737f0e8060 JavaThread "jar transforms Thread 5" [_thread_blocked, id=20432, stack(0x000000b851200000,0x000000b851300000)]
  0x000002737f0e6380 JavaThread "jar transforms Thread 6" [_thread_blocked, id=20416, stack(0x000000b851300000,0x000000b851400000)]
  0x000002737f0e3360 JavaThread "jar transforms Thread 7" [_thread_blocked, id=20220, stack(0x000000b851400000,0x000000b851500000)]
  0x000002737f0e3830 JavaThread "jar transforms Thread 8" [_thread_blocked, id=11076, stack(0x000000b851500000,0x000000b851600000)]
  0x000002737f0e7b90 JavaThread "Cache worker for checksums cache (D:\MyApplication\.gradle\8.0\checksums)" [_thread_blocked, id=16480, stack(0x000000b851600000,0x000000b851700000)]
  0x000002737f0e3d00 JavaThread "Cache worker for cache directory md-rule (C:\Users\86199\.gradle\caches\8.0\md-rule)" [_thread_blocked, id=11016, stack(0x000000b851700000,0x000000b851800000)]
  0x000002737f0e5040 JavaThread "Cache worker for file content cache (C:\Users\86199\.gradle\caches\8.0\fileContent)" [_thread_blocked, id=20072, stack(0x000000b851800000,0x000000b851900000)]
  0x000002737f0e4b70 JavaThread "Cache worker for file hash cache (D:\MyApplication\.gradle\8.0\fileHashes)" [_thread_blocked, id=11184, stack(0x000000b851900000,0x000000b851a00000)]
  0x000002737f0e59e0 JavaThread "Cache worker for cache directory md-supplier (C:\Users\86199\.gradle\caches\8.0\md-supplier)" [_thread_blocked, id=18276, stack(0x000000b851a00000,0x000000b851b00000)]
  0x000002737f0e5eb0 JavaThread "Cache worker for execution history cache (C:\Users\86199\.gradle\caches\8.0\executionHistory)" [_thread_blocked, id=10248, stack(0x000000b851b00000,0x000000b851c00000)]
  0x000002737f0e24f0 JavaThread "Cache worker for kotlin-dsl (C:\Users\86199\.gradle\caches\8.0\kotlin-dsl)" [_thread_blocked, id=5084, stack(0x000000b851c00000,0x000000b851d00000)]
  0x00000273115ae3a0 JavaThread "Cache worker for dependencies-accessors (D:\MyApplication\.gradle\8.0\dependencies-accessors)" [_thread_blocked, id=14444, stack(0x000000b851d00000,0x000000b851e00000)]
  0x00000273115aa9e0 JavaThread "Cache worker for Build Output Cleanup Cache (D:\MyApplication\.gradle\buildOutputCleanup)" [_thread_blocked, id=20100, stack(0x000000b851e00000,0x000000b851f00000)]
  0x00000273115ab850 JavaThread "Unconstrained build operations" [_thread_blocked, id=18036, stack(0x000000b851f00000,0x000000b852000000)]
  0x00000273115b0a20 JavaThread "Unconstrained build operations Thread 2" [_thread_blocked, id=6932, stack(0x000000b852000000,0x000000b852100000)]
  0x00000273115abd20 JavaThread "Unconstrained build operations Thread 3" [_thread_blocked, id=14892, stack(0x000000b852100000,0x000000b852200000)]
  0x00000273115aa510 JavaThread "Unconstrained build operations Thread 4" [_thread_blocked, id=18856, stack(0x000000b852200000,0x000000b852300000)]
  0x00000273115aaeb0 JavaThread "Unconstrained build operations Thread 5" [_thread_blocked, id=18500, stack(0x000000b852300000,0x000000b852400000)]
  0x00000273115b13c0 JavaThread "Unconstrained build operations Thread 6" [_thread_blocked, id=17044, stack(0x000000b852400000,0x000000b852500000)]
  0x00000273115ac6c0 JavaThread "Unconstrained build operations Thread 7" [_thread_blocked, id=15464, stack(0x000000b852500000,0x000000b852600000)]
  0x00000273115acb90 JavaThread "Unconstrained build operations Thread 8" [_thread_blocked, id=3832, stack(0x000000b852600000,0x000000b852700000)]
  0x00000273115af6e0 JavaThread "Unconstrained build operations Thread 9" [_thread_blocked, id=15140, stack(0x000000b852700000,0x000000b852800000)]
  0x00000273115ae870 JavaThread "Unconstrained build operations Thread 10" [_thread_blocked, id=3384, stack(0x000000b852800000,0x000000b852900000)]
  0x00000273115ab380 JavaThread "Unconstrained build operations Thread 11" [_thread_blocked, id=17068, stack(0x000000b852900000,0x000000b852a00000)]
  0x00000273115aded0 JavaThread "Unconstrained build operations Thread 12" [_thread_blocked, id=5340, stack(0x000000b852a00000,0x000000b852b00000)]
  0x00000273115ac1f0 JavaThread "Unconstrained build operations Thread 13" [_thread_blocked, id=19608, stack(0x000000b852b00000,0x000000b852c00000)]
  0x00000273115aed40 JavaThread "Unconstrained build operations Thread 14" [_thread_blocked, id=17364, stack(0x000000b852c00000,0x000000b852d00000)]
  0x00000273115ad060 JavaThread "Unconstrained build operations Thread 15" [_thread_blocked, id=7632, stack(0x000000b852d00000,0x000000b852e00000)]
  0x00000273115ad530 JavaThread "Unconstrained build operations Thread 16" [_thread_blocked, id=7464, stack(0x000000b852e00000,0x000000b852f00000)]
  0x00000273115afbb0 JavaThread "Unconstrained build operations Thread 17" [_thread_blocked, id=18752, stack(0x000000b852f00000,0x000000b853000000)]
  0x00000273115ada00 JavaThread "Unconstrained build operations Thread 18" [_thread_blocked, id=14864, stack(0x000000b853000000,0x000000b853100000)]
  0x00000273115af210 JavaThread "Unconstrained build operations Thread 19" [_thread_blocked, id=17380, stack(0x000000b853100000,0x000000b853200000)]
  0x00000273115b0550 JavaThread "Unconstrained build operations Thread 20" [_thread_blocked, id=18848, stack(0x000000b853200000,0x000000b853300000)]
  0x00000273115b0ef0 JavaThread "Unconstrained build operations Thread 21" [_thread_blocked, id=8868, stack(0x000000b853300000,0x000000b853400000)]
  0x0000027312ed0bf0 JavaThread "Unconstrained build operations Thread 22" [_thread_blocked, id=8044, stack(0x000000b853400000,0x000000b853500000)]
  0x0000027312ecd230 JavaThread "Unconstrained build operations Thread 23" [_thread_blocked, id=18300, stack(0x000000b853500000,0x000000b853600000)]
  0x0000027312ed2400 JavaThread "Unconstrained build operations Thread 24" [_thread_blocked, id=13132, stack(0x000000b853600000,0x000000b853700000)]
  0x0000027312ed3270 JavaThread "Unconstrained build operations Thread 25" [_thread_blocked, id=5608, stack(0x000000b853700000,0x000000b853800000)]
  0x0000027312ed3740 JavaThread "Unconstrained build operations Thread 26" [_thread_blocked, id=3852, stack(0x000000b853800000,0x000000b853900000)]
  0x0000027312ed28d0 JavaThread "Unconstrained build operations Thread 27" [_thread_blocked, id=19672, stack(0x000000b853900000,0x000000b853a00000)]
  0x0000027312ed2da0 JavaThread "Unconstrained build operations Thread 28" [_thread_blocked, id=16572, stack(0x000000b853a00000,0x000000b853b00000)]
  0x0000027312ecdbd0 JavaThread "Unconstrained build operations Thread 29" [_thread_blocked, id=19208, stack(0x000000b853b00000,0x000000b853c00000)]
  0x0000027312ed4a80 JavaThread "Unconstrained build operations Thread 30" [_thread_blocked, id=10768, stack(0x000000b853c00000,0x000000b853d00000)]
  0x0000027312ecef10 JavaThread "Unconstrained build operations Thread 31" [_thread_blocked, id=16840, stack(0x000000b853d00000,0x000000b853e00000)]
  0x0000027312ecd700 JavaThread "Unconstrained build operations Thread 32" [_thread_blocked, id=14744, stack(0x000000b853e00000,0x000000b853f00000)]
  0x0000027312ed3c10 JavaThread "Unconstrained build operations Thread 33" [_thread_blocked, id=6600, stack(0x000000b853f00000,0x000000b854000000)]
  0x0000027312ed40e0 JavaThread "Unconstrained build operations Thread 34" [_thread_blocked, id=19700, stack(0x000000b854000000,0x000000b854100000)]
  0x0000027312ece0a0 JavaThread "Unconstrained build operations Thread 35" [_thread_blocked, id=4260, stack(0x000000b854100000,0x000000b854200000)]
  0x0000027312ed45b0 JavaThread "Unconstrained build operations Thread 36" [_thread_blocked, id=17784, stack(0x000000b854200000,0x000000b854300000)]
  0x0000027312ed0720 JavaThread "Unconstrained build operations Thread 37" [_thread_blocked, id=9864, stack(0x000000b854300000,0x000000b854400000)]
  0x0000027312ed10c0 JavaThread "Unconstrained build operations Thread 38" [_thread_blocked, id=18496, stack(0x000000b854400000,0x000000b854500000)]
  0x0000027312ece570 JavaThread "Unconstrained build operations Thread 39" [_thread_blocked, id=16532, stack(0x000000b854500000,0x000000b854600000)]
  0x0000027312ed1590 JavaThread "Unconstrained build operations Thread 40" [_thread_blocked, id=20376, stack(0x000000b854600000,0x000000b854700000)]
  0x0000027312ecea40 JavaThread "Unconstrained build operations Thread 41" [_thread_blocked, id=8500, stack(0x000000b854700000,0x000000b854800000)]
  0x0000027312ed1a60 JavaThread "Unconstrained build operations Thread 42" [_thread_blocked, id=16668, stack(0x000000b854800000,0x000000b854900000)]
  0x0000027312ecf3e0 JavaThread "Unconstrained build operations Thread 43" [_thread_blocked, id=13464, stack(0x000000b854900000,0x000000b854a00000)]
  0x0000027312ecf8b0 JavaThread "Unconstrained build operations Thread 44" [_thread_blocked, id=17684, stack(0x000000b854a00000,0x000000b854b00000)]
  0x0000027312ecfd80 JavaThread "Unconstrained build operations Thread 45" [_thread_blocked, id=18628, stack(0x000000b854b00000,0x000000b854c00000)]
  0x0000027312ed0250 JavaThread "Unconstrained build operations Thread 46" [_thread_blocked, id=15440, stack(0x000000b854c00000,0x000000b854d00000)]
  0x0000027312ed1f30 JavaThread "Unconstrained build operations Thread 47" [_thread_blocked, id=16216, stack(0x000000b854d00000,0x000000b854e00000)]
  0x00000273116794d0 JavaThread "Unconstrained build operations Thread 48" [_thread_blocked, id=14964, stack(0x000000b854e00000,0x000000b854f00000)]
  0x0000027311677cc0 JavaThread "Unconstrained build operations Thread 49" [_thread_blocked, id=2508, stack(0x000000b854f00000,0x000000b855000000)]
  0x0000027311675640 JavaThread "Unconstrained build operations Thread 50" [_thread_blocked, id=16788, stack(0x000000b855000000,0x000000b855100000)]
  0x00000273116777f0 JavaThread "Unconstrained build operations Thread 51" [_thread_blocked, id=19648, stack(0x000000b855100000,0x000000b855200000)]
  0x00000273116764b0 JavaThread "Unconstrained build operations Thread 52" [_thread_blocked, id=3432, stack(0x000000b855200000,0x000000b855300000)]
  0x000002731167b1b0 JavaThread "Unconstrained build operations Thread 53" [_thread_blocked, id=8668, stack(0x000000b855300000,0x000000b855400000)]
  0x000002731167bb50 JavaThread "Unconstrained build operations Thread 54" [_thread_blocked, id=13324, stack(0x000000b855400000,0x000000b855500000)]
  0x0000027311676e50 JavaThread "Unconstrained build operations Thread 55" [_thread_blocked, id=19548, stack(0x000000b855500000,0x000000b855600000)]
  0x000002731167ace0 JavaThread "Unconstrained build operations Thread 56" [_thread_blocked, id=15968, stack(0x000000b855600000,0x000000b855700000)]
  0x0000027311675b10 JavaThread "Unconstrained build operations Thread 57" [_thread_blocked, id=7156, stack(0x000000b855700000,0x000000b855800000)]
  0x0000027311678190 JavaThread "Unconstrained build operations Thread 58" [_thread_blocked, id=1564, stack(0x000000b855800000,0x000000b855900000)]
  0x000002731167c020 JavaThread "Unconstrained build operations Thread 59" [_thread_blocked, id=16628, stack(0x000000b855900000,0x000000b855a00000)]
  0x0000027311675fe0 JavaThread "Unconstrained build operations Thread 60" [_thread_blocked, id=14480, stack(0x000000b855a00000,0x000000b855b00000)]
  0x000002731167c9c0 JavaThread "Unconstrained build operations Thread 61" [_thread_blocked, id=20424, stack(0x000000b855b00000,0x000000b855c00000)]
  0x0000027311678660 JavaThread "Unconstrained build operations Thread 62" [_thread_blocked, id=9020, stack(0x000000b855c00000,0x000000b855d00000)]
  0x000002731167b680 JavaThread "Unconstrained build operations Thread 63" [_thread_blocked, id=1720, stack(0x000000b855d00000,0x000000b855e00000)]
  0x000002731167a340 JavaThread "Unconstrained build operations Thread 64" [_thread_blocked, id=17500, stack(0x000000b855e00000,0x000000b855f00000)]
  0x000002731167c4f0 JavaThread "Unconstrained build operations Thread 65" [_thread_blocked, id=13780, stack(0x000000b855f00000,0x000000b856000000)]
  0x0000027311676980 JavaThread "Unconstrained build operations Thread 66" [_thread_blocked, id=18040, stack(0x000000b856000000,0x000000b856100000)]
  0x00000273116799a0 JavaThread "Unconstrained build operations Thread 67" [_thread_blocked, id=19888, stack(0x000000b856100000,0x000000b856200000)]
  0x0000027311675170 JavaThread "Unconstrained build operations Thread 68" [_thread_blocked, id=12364, stack(0x000000b856200000,0x000000b856300000)]
  0x0000027311677320 JavaThread "Unconstrained build operations Thread 69" [_thread_blocked, id=13588, stack(0x000000b856300000,0x000000b856400000)]
  0x0000027311678b30 JavaThread "Unconstrained build operations Thread 70" [_thread_blocked, id=19412, stack(0x000000b856400000,0x000000b856500000)]
  0x0000027311679000 JavaThread "Unconstrained build operations Thread 71" [_thread_blocked, id=17224, stack(0x000000b856500000,0x000000b856600000)]
  0x0000027311679e70 JavaThread "Unconstrained build operations Thread 72" [_thread_blocked, id=4660, stack(0x000000b856600000,0x000000b856700000)]
  0x000002731167a810 JavaThread "Unconstrained build operations Thread 73" [_thread_blocked, id=7176, stack(0x000000b856700000,0x000000b856800000)]
  0x000002737ebe7b70 JavaThread "Unconstrained build operations Thread 74" [_thread_blocked, id=18512, stack(0x000000b856800000,0x000000b856900000)]
  0x000002737ebe3ce0 JavaThread "Unconstrained build operations Thread 75" [_thread_blocked, id=19688, stack(0x000000b856900000,0x000000b856a00000)]
  0x000002737ebe4680 JavaThread "Unconstrained build operations Thread 76" [_thread_blocked, id=18928, stack(0x000000b856a00000,0x000000b856b00000)]
  0x000002737ebe59c0 JavaThread "Unconstrained build operations Thread 77" [_thread_blocked, id=15812, stack(0x000000b856b00000,0x000000b856c00000)]
  0x000002737ebe76a0 JavaThread "Unconstrained build operations Thread 78" [_thread_blocked, id=17020, stack(0x000000b856c00000,0x000000b856d00000)]
  0x000002737ebe8040 JavaThread "Unconstrained build operations Thread 79" [_thread_blocked, id=13136, stack(0x000000b856d00000,0x000000b856e00000)]
  0x000002737ebe6360 JavaThread "Unconstrained build operations Thread 80" [_thread_blocked, id=8568, stack(0x000000b856e00000,0x000000b856f00000)]
  0x000002737ebe3810 JavaThread "Memory manager" [_thread_blocked, id=18812, stack(0x000000b856f00000,0x000000b857000000)]
  0x000002737ebe89e0 JavaThread "build event listener" [_thread_blocked, id=3000, stack(0x000000b857000000,0x000000b857100000)]
  0x000002737ebe2000 JavaThread "build event listener" [_thread_blocked, id=12296, stack(0x000000b857100000,0x000000b857200000)]
  0x000002737cb11950 JavaThread "C2 CompilerThread1" daemon [_thread_blocked, id=8496, stack(0x000000b84fd00000,0x000000b84fe00000)]
  0x000002737cb15100 JavaThread "C2 CompilerThread2" daemon [_thread_blocked, id=9628, stack(0x000000b850b00000,0x000000b850c00000)]

Other Threads:
=>0x000002737b4c25c0 VMThread "VM Thread" [stack: 0x000000b84e800000,0x000000b84e900000] [id=6524]
  0x000002737c235010 WatcherThread [stack: 0x000000b84f400000,0x000000b84f500000] [id=2164]
  0x000002736e72a180 GCTaskThread "GC Thread#0" [stack: 0x000000b84e300000,0x000000b84e400000] [id=7172]
  0x000002737d0d4cf0 GCTaskThread "GC Thread#1" [stack: 0x000000b84f700000,0x000000b84f800000] [id=3288]
  0x000002737d0d4fa0 GCTaskThread "GC Thread#2" [stack: 0x000000b84f800000,0x000000b84f900000] [id=15832]
  0x000002737cf03880 GCTaskThread "GC Thread#3" [stack: 0x000000b84f900000,0x000000b84fa00000] [id=5144]
  0x000002737cf03b30 GCTaskThread "GC Thread#4" [stack: 0x000000b84fa00000,0x000000b84fb00000] [id=16632]
  0x000002737cdd5420 GCTaskThread "GC Thread#5" [stack: 0x000000b84fb00000,0x000000b84fc00000] [id=13108]
  0x000002730f1a6630 GCTaskThread "GC Thread#6" [stack: 0x000000b850500000,0x000000b850600000] [id=19428]
  0x000002737ee65880 GCTaskThread "GC Thread#7" [stack: 0x000000b850600000,0x000000b850700000] [id=13488]
  0x000002736e73b0c0 ConcurrentGCThread "G1 Main Marker" [stack: 0x000000b84e400000,0x000000b84e500000] [id=14588]
  0x000002736e73bad0 ConcurrentGCThread "G1 Conc#0" [stack: 0x000000b84e500000,0x000000b84e600000] [id=14640]
  0x000002737e6c1d00 ConcurrentGCThread "G1 Conc#1" [stack: 0x000000b850700000,0x000000b850800000] [id=1748]
  0x000002736e78db10 ConcurrentGCThread "G1 Refine#0" [stack: 0x000000b84e600000,0x000000b84e700000] [id=18624]
  0x000002736e78e530 ConcurrentGCThread "G1 Service" [stack: 0x000000b84e700000,0x000000b84e800000] [id=10560]

Threads with active compile tasks:

VM state: at safepoint (normal execution)

VM Mutex/Monitor currently owned by a thread:  ([mutex/lock_event])
[0x000002736e6c9d20] Threads_lock - owner thread: 0x000002737b4c25c0
[0x000002736e6ca500] Heap_lock - owner thread: 0x000002737cef8240

Heap address: 0x0000000080000000, size: 2048 MB, Compressed Oops mode: 32-bit

CDS archive(s) not mapped
Compressed class space mapped at: 0x0000000100000000-0x0000000140000000, reserved size: 1073741824
Narrow klass base: 0x0000000000000000, Narrow klass shift: 3, Narrow klass range: 0x140000000

GC Precious Log:
 CPUs: 8 total, 8 available
 Memory: 16167M
 Large Page Support: Disabled
 NUMA Support: Disabled
 Compressed Oops: Enabled (32-bit)
 Heap Region Size: 1M
 Heap Min Capacity: 8M
 Heap Initial Capacity: 254M
 Heap Max Capacity: 2G
 Pre-touch: Disabled
 Parallel Workers: 8
 Concurrent Workers: 2
 Concurrent Refinement Workers: 8
 Periodic GC: Disabled

Heap:
 garbage-first heap   total 260096K, used 100792K [0x0000000080000000, 0x0000000100000000)
  region size 1024K, 3 young (3072K), 3 survivors (3072K)
 Metaspace       used 80464K, committed 81216K, reserved 1122304K
  class space    used 10785K, committed 11136K, reserved 1048576K

Heap Regions: E=young(eden), S=young(survivor), O=old, HS=humongous(starts), HC=humongous(continues), CS=collection set, F=free, OA=open archive, CA=closed archive, TAMS=top-at-mark-start (previous, next)
|   0|0x0000000080000000, 0x0000000080100000, 0x0000000080100000|100%|HS|  |TAMS 0x0000000080100000, 0x0000000080100000| Complete 
|   1|0x0000000080100000, 0x0000000080200000, 0x0000000080200000|100%|HC|  |TAMS 0x0000000080200000, 0x0000000080200000| Complete 
|   2|0x0000000080200000, 0x0000000080300000, 0x0000000080300000|100%|HC|  |TAMS 0x0000000080300000, 0x0000000080300000| Complete 
|   3|0x0000000080300000, 0x0000000080400000, 0x0000000080400000|100%|HC|  |TAMS 0x0000000080400000, 0x0000000080400000| Complete 
|   4|0x0000000080400000, 0x0000000080500000, 0x0000000080500000|100%| O|  |TAMS 0x0000000080500000, 0x0000000080500000| Untracked 
|   5|0x0000000080500000, 0x0000000080600000, 0x0000000080600000|100%| O|  |TAMS 0x0000000080600000, 0x0000000080600000| Untracked 
|   6|0x0000000080600000, 0x0000000080700000, 0x0000000080700000|100%| O|  |TAMS 0x0000000080700000, 0x0000000080700000| Untracked 
|   7|0x0000000080700000, 0x0000000080800000, 0x0000000080800000|100%| O|  |TAMS 0x0000000080800000, 0x0000000080800000| Untracked 
|   8|0x0000000080800000, 0x0000000080900000, 0x0000000080900000|100%| O|  |TAMS 0x0000000080900000, 0x0000000080900000| Untracked 
|   9|0x0000000080900000, 0x0000000080a00000, 0x0000000080a00000|100%| O|  |TAMS 0x0000000080a00000, 0x0000000080a00000| Untracked 
|  10|0x0000000080a00000, 0x0000000080b00000, 0x0000000080b00000|100%| O|  |TAMS 0x0000000080b00000, 0x0000000080b00000| Untracked 
|  11|0x0000000080b00000, 0x0000000080c00000, 0x0000000080c00000|100%| O|  |TAMS 0x0000000080c00000, 0x0000000080c00000| Untracked 
|  12|0x0000000080c00000, 0x0000000080d00000, 0x0000000080d00000|100%| O|  |TAMS 0x0000000080d00000, 0x0000000080d00000| Untracked 
|  13|0x0000000080d00000, 0x0000000080e00000, 0x0000000080e00000|100%| O|  |TAMS 0x0000000080e00000, 0x0000000080e00000| Untracked 
|  14|0x0000000080e00000, 0x0000000080f00000, 0x0000000080f00000|100%| O|  |TAMS 0x0000000080f00000, 0x0000000080f00000| Untracked 
|  15|0x0000000080f00000, 0x0000000081000000, 0x0000000081000000|100%| O|  |TAMS 0x0000000081000000, 0x0000000081000000| Untracked 
|  16|0x0000000081000000, 0x0000000081100000, 0x0000000081100000|100%| O|  |TAMS 0x0000000081100000, 0x0000000081100000| Untracked 
|  17|0x0000000081100000, 0x0000000081200000, 0x0000000081200000|100%| O|  |TAMS 0x0000000081200000, 0x0000000081200000| Untracked 
|  18|0x0000000081200000, 0x0000000081300000, 0x0000000081300000|100%| O|  |TAMS 0x0000000081300000, 0x0000000081300000| Untracked 
|  19|0x0000000081300000, 0x0000000081400000, 0x0000000081400000|100%| O|  |TAMS 0x0000000081400000, 0x0000000081400000| Untracked 
|  20|0x0000000081400000, 0x0000000081500000, 0x0000000081500000|100%| O|  |TAMS 0x0000000081500000, 0x0000000081500000| Untracked 
|  21|0x0000000081500000, 0x0000000081600000, 0x0000000081600000|100%|HS|  |TAMS 0x0000000081600000, 0x0000000081600000| Complete 
|  22|0x0000000081600000, 0x0000000081700000, 0x0000000081700000|100%|HC|  |TAMS 0x0000000081700000, 0x0000000081700000| Complete 
|  23|0x0000000081700000, 0x0000000081800000, 0x0000000081800000|100%|HS|  |TAMS 0x0000000081800000, 0x0000000081800000| Complete 
|  24|0x0000000081800000, 0x0000000081900000, 0x0000000081900000|100%|HC|  |TAMS 0x0000000081900000, 0x0000000081900000| Complete 
|  25|0x0000000081900000, 0x0000000081a00000, 0x0000000081a00000|100%|HC|  |TAMS 0x0000000081a00000, 0x0000000081a00000| Complete 
|  26|0x0000000081a00000, 0x0000000081b00000, 0x0000000081b00000|100%|HS|  |TAMS 0x0000000081b00000, 0x0000000081b00000| Complete 
|  27|0x0000000081b00000, 0x0000000081c00000, 0x0000000081c00000|100%|HC|  |TAMS 0x0000000081c00000, 0x0000000081c00000| Complete 
|  28|0x0000000081c00000, 0x0000000081d00000, 0x0000000081d00000|100%|HC|  |TAMS 0x0000000081d00000, 0x0000000081d00000| Complete 
|  29|0x0000000081d00000, 0x0000000081e00000, 0x0000000081e00000|100%|HS|  |TAMS 0x0000000081e00000, 0x0000000081e00000| Complete 
|  30|0x0000000081e00000, 0x0000000081f00000, 0x0000000081f00000|100%|HC|  |TAMS 0x0000000081f00000, 0x0000000081f00000| Complete 
|  31|0x0000000081f00000, 0x0000000082000000, 0x0000000082000000|100%|HC|  |TAMS 0x0000000082000000, 0x0000000082000000| Complete 
|  32|0x0000000082000000, 0x0000000082100000, 0x0000000082100000|100%|HC|  |TAMS 0x0000000082100000, 0x0000000082100000| Complete 
|  33|0x0000000082100000, 0x0000000082200000, 0x0000000082200000|100%|HC|  |TAMS 0x0000000082200000, 0x0000000082200000| Complete 
|  34|0x0000000082200000, 0x0000000082300000, 0x0000000082300000|100%|HC|  |TAMS 0x0000000082300000, 0x0000000082300000| Complete 
|  35|0x0000000082300000, 0x0000000082400000, 0x0000000082400000|100%|HC|  |TAMS 0x0000000082400000, 0x0000000082400000| Complete 
|  36|0x0000000082400000, 0x0000000082500000, 0x0000000082500000|100%|HC|  |TAMS 0x0000000082500000, 0x0000000082500000| Complete 
|  37|0x0000000082500000, 0x0000000082600000, 0x0000000082600000|100%|HC|  |TAMS 0x0000000082600000, 0x0000000082600000| Complete 
|  38|0x0000000082600000, 0x0000000082700000, 0x0000000082700000|100%|HC|  |TAMS 0x0000000082700000, 0x0000000082700000| Complete 
|  39|0x0000000082700000, 0x0000000082800000, 0x0000000082800000|100%|HC|  |TAMS 0x0000000082800000, 0x0000000082800000| Complete 
|  40|0x0000000082800000, 0x0000000082900000, 0x0000000082900000|100%|HC|  |TAMS 0x0000000082900000, 0x0000000082900000| Complete 
|  41|0x0000000082900000, 0x0000000082a00000, 0x0000000082a00000|100%| O|  |TAMS 0x0000000082a00000, 0x0000000082a00000| Untracked 
|  42|0x0000000082a00000, 0x0000000082b00000, 0x0000000082b00000|100%| O|  |TAMS 0x0000000082b00000, 0x0000000082b00000| Untracked 
|  43|0x0000000082b00000, 0x0000000082c00000, 0x0000000082c00000|100%| O|  |TAMS 0x0000000082c00000, 0x0000000082c00000| Untracked 
|  44|0x0000000082c00000, 0x0000000082d00000, 0x0000000082d00000|100%|HS|  |TAMS 0x0000000082d00000, 0x0000000082d00000| Complete 
|  45|0x0000000082d00000, 0x0000000082e00000, 0x0000000082e00000|100%|HC|  |TAMS 0x0000000082e00000, 0x0000000082e00000| Complete 
|  46|0x0000000082e00000, 0x0000000082f00000, 0x0000000082f00000|100%| O|  |TAMS 0x0000000082f00000, 0x0000000082f00000| Untracked 
|  47|0x0000000082f00000, 0x0000000083000000, 0x0000000083000000|100%| O|  |TAMS 0x0000000083000000, 0x0000000083000000| Untracked 
|  48|0x0000000083000000, 0x0000000083100000, 0x0000000083100000|100%| O|  |TAMS 0x0000000083100000, 0x0000000083100000| Untracked 
|  49|0x0000000083100000, 0x0000000083200000, 0x0000000083200000|100%| O|  |TAMS 0x0000000083200000, 0x0000000083200000| Untracked 
|  50|0x0000000083200000, 0x0000000083300000, 0x0000000083300000|100%| O|  |TAMS 0x0000000083300000, 0x0000000083300000| Untracked 
|  51|0x0000000083300000, 0x0000000083400000, 0x0000000083400000|100%| O|  |TAMS 0x0000000083400000, 0x0000000083400000| Untracked 
|  52|0x0000000083400000, 0x0000000083500000, 0x0000000083500000|100%| O|  |TAMS 0x0000000083500000, 0x0000000083500000| Untracked 
|  53|0x0000000083500000, 0x0000000083600000, 0x0000000083600000|100%| O|  |TAMS 0x0000000083600000, 0x0000000083600000| Untracked 
|  54|0x0000000083600000, 0x0000000083700000, 0x0000000083700000|100%|HS|  |TAMS 0x0000000083700000, 0x0000000083700000| Complete 
|  55|0x0000000083700000, 0x0000000083800000, 0x0000000083800000|100%|HC|  |TAMS 0x0000000083800000, 0x0000000083800000| Complete 
|  56|0x0000000083800000, 0x0000000083900000, 0x0000000083900000|100%|HC|  |TAMS 0x0000000083900000, 0x0000000083900000| Complete 
|  57|0x0000000083900000, 0x0000000083a00000, 0x0000000083a00000|100%|HS|  |TAMS 0x0000000083a00000, 0x0000000083a00000| Complete 
|  58|0x0000000083a00000, 0x0000000083b00000, 0x0000000083b00000|100%|HC|  |TAMS 0x0000000083b00000, 0x0000000083b00000| Complete 
|  59|0x0000000083b00000, 0x0000000083c00000, 0x0000000083c00000|100%|HC|  |TAMS 0x0000000083c00000, 0x0000000083c00000| Complete 
|  60|0x0000000083c00000, 0x0000000083d00000, 0x0000000083d00000|100%| O|  |TAMS 0x0000000083d00000, 0x0000000083d00000| Untracked 
|  61|0x0000000083d00000, 0x0000000083e00000, 0x0000000083e00000|100%| O|  |TAMS 0x0000000083e00000, 0x0000000083e00000| Untracked 
|  62|0x0000000083e00000, 0x0000000083f00000, 0x0000000083f00000|100%| O|  |TAMS 0x0000000083f00000, 0x0000000083f00000| Untracked 
|  63|0x0000000083f00000, 0x0000000084000000, 0x0000000084000000|100%| O|  |TAMS 0x0000000083f00000, 0x0000000084000000| Untracked 
|  64|0x0000000084000000, 0x0000000084100000, 0x0000000084100000|100%|HS|  |TAMS 0x0000000084100000, 0x0000000084100000| Complete 
|  65|0x0000000084100000, 0x0000000084200000, 0x0000000084200000|100%|HS|  |TAMS 0x0000000084200000, 0x0000000084200000| Complete 
|  66|0x0000000084200000, 0x0000000084300000, 0x0000000084300000|100%|HS|  |TAMS 0x0000000084300000, 0x0000000084300000| Complete 
|  67|0x0000000084300000, 0x0000000084400000, 0x0000000084400000|100%|HC|  |TAMS 0x0000000084400000, 0x0000000084400000| Complete 
|  68|0x0000000084400000, 0x0000000084500000, 0x0000000084500000|100%|HS|  |TAMS 0x0000000084500000, 0x0000000084500000| Complete 
|  69|0x0000000084500000, 0x0000000084600000, 0x0000000084600000|100%|HS|  |TAMS 0x0000000084600000, 0x0000000084600000| Complete 
|  70|0x0000000084600000, 0x0000000084700000, 0x0000000084700000|100%|HC|  |TAMS 0x0000000084700000, 0x0000000084700000| Complete 
|  71|0x0000000084700000, 0x0000000084800000, 0x0000000084800000|100%|HC|  |TAMS 0x0000000084800000, 0x0000000084800000| Complete 
|  72|0x0000000084800000, 0x0000000084900000, 0x0000000084900000|100%|HC|  |TAMS 0x0000000084900000, 0x0000000084900000| Complete 
|  73|0x0000000084900000, 0x0000000084a00000, 0x0000000084a00000|100%| O|  |TAMS 0x0000000084a00000, 0x0000000084a00000| Untracked 
|  74|0x0000000084a00000, 0x0000000084b00000, 0x0000000084b00000|100%| O|  |TAMS 0x0000000084b00000, 0x0000000084b00000| Untracked 
|  75|0x0000000084b00000, 0x0000000084c00000, 0x0000000084c00000|100%| O|  |TAMS 0x0000000084c00000, 0x0000000084c00000| Untracked 
|  76|0x0000000084c00000, 0x0000000084d00000, 0x0000000084d00000|100%| O|  |TAMS 0x0000000084d00000, 0x0000000084d00000| Untracked 
|  77|0x0000000084d00000, 0x0000000084e00000, 0x0000000084e00000|100%| O|  |TAMS 0x0000000084e00000, 0x0000000084e00000| Untracked 
|  78|0x0000000084e00000, 0x0000000084f00000, 0x0000000084f00000|100%| O|  |TAMS 0x0000000084f00000, 0x0000000084f00000| Untracked 
|  79|0x0000000084f00000, 0x0000000085000000, 0x0000000085000000|100%| O|  |TAMS 0x0000000085000000, 0x0000000085000000| Untracked 
|  80|0x0000000085000000, 0x0000000085100000, 0x0000000085100000|100%| O|  |TAMS 0x0000000085100000, 0x0000000085100000| Untracked 
|  81|0x0000000085100000, 0x0000000085200000, 0x0000000085200000|100%| O|  |TAMS 0x0000000085200000, 0x0000000085200000| Untracked 
|  82|0x0000000085200000, 0x0000000085300000, 0x0000000085300000|100%| O|  |TAMS 0x0000000085300000, 0x0000000085300000| Untracked 
|  83|0x0000000085300000, 0x0000000085400000, 0x0000000085400000|100%| O|  |TAMS 0x0000000085400000, 0x0000000085400000| Untracked 
|  84|0x0000000085400000, 0x0000000085500000, 0x0000000085500000|100%| O|  |TAMS 0x0000000085500000, 0x0000000085500000| Untracked 
|  85|0x0000000085500000, 0x0000000085600000, 0x0000000085600000|100%| O|  |TAMS 0x0000000085600000, 0x0000000085600000| Untracked 
|  86|0x0000000085600000, 0x0000000085600000, 0x0000000085700000|  0%| F|  |TAMS 0x0000000085600000, 0x0000000085600000| Untracked 
|  87|0x0000000085700000, 0x0000000085800000, 0x0000000085800000|100%| O|  |TAMS 0x0000000085800000, 0x0000000085800000| Untracked 
|  88|0x0000000085800000, 0x0000000085900000, 0x0000000085900000|100%| O|  |TAMS 0x0000000085900000, 0x0000000085900000| Untracked 
|  89|0x0000000085900000, 0x0000000085a00000, 0x0000000085a00000|100%| O|  |TAMS 0x0000000085a00000, 0x0000000085a00000| Untracked 
|  90|0x0000000085a00000, 0x0000000085b00000, 0x0000000085b00000|100%| O|  |TAMS 0x0000000085b00000, 0x0000000085b00000| Untracked 
|  91|0x0000000085b00000, 0x0000000085c00000, 0x0000000085c00000|100%| O|  |TAMS 0x0000000085b62c00, 0x0000000085c00000| Untracked 
|  92|0x0000000085c00000, 0x0000000085d00000, 0x0000000085d00000|100%| O|  |TAMS 0x0000000085d00000, 0x0000000085d00000| Untracked 
|  93|0x0000000085d00000, 0x0000000085e00000, 0x0000000085e00000|100%| O|  |TAMS 0x0000000085d00000, 0x0000000085e00000| Untracked 
|  94|0x0000000085e00000, 0x0000000085f00000, 0x0000000085f00000|100%| O|  |TAMS 0x0000000085e00000, 0x0000000085f00000| Untracked 
|  95|0x0000000085f00000, 0x0000000086000000, 0x0000000086000000|100%| O|  |TAMS 0x0000000085f00000, 0x0000000086000000| Untracked 
|  96|0x0000000086000000, 0x00000000860ec000, 0x0000000086100000| 92%| O|  |TAMS 0x0000000086000000, 0x00000000860ec000| Untracked 
|  97|0x0000000086100000, 0x0000000086100000, 0x0000000086200000|  0%| F|  |TAMS 0x0000000086100000, 0x0000000086100000| Untracked 
|  98|0x0000000086200000, 0x0000000086200000, 0x0000000086300000|  0%| F|  |TAMS 0x0000000086200000, 0x0000000086200000| Untracked 
|  99|0x0000000086300000, 0x0000000086300000, 0x0000000086400000|  0%| F|  |TAMS 0x0000000086300000, 0x0000000086300000| Untracked 
| 100|0x0000000086400000, 0x0000000086400000, 0x0000000086500000|  0%| F|  |TAMS 0x0000000086400000, 0x0000000086400000| Untracked 
| 101|0x0000000086500000, 0x0000000086500000, 0x0000000086600000|  0%| F|  |TAMS 0x0000000086500000, 0x0000000086500000| Untracked 
| 102|0x0000000086600000, 0x0000000086600000, 0x0000000086700000|  0%| F|  |TAMS 0x0000000086600000, 0x0000000086600000| Untracked 
| 103|0x0000000086700000, 0x0000000086700000, 0x0000000086800000|  0%| F|  |TAMS 0x0000000086700000, 0x0000000086700000| Untracked 
| 104|0x0000000086800000, 0x0000000086800000, 0x0000000086900000|  0%| F|  |TAMS 0x0000000086800000, 0x0000000086800000| Untracked 
| 105|0x0000000086900000, 0x0000000086900000, 0x0000000086a00000|  0%| F|  |TAMS 0x0000000086900000, 0x0000000086900000| Untracked 
| 106|0x0000000086a00000, 0x0000000086a00000, 0x0000000086b00000|  0%| F|  |TAMS 0x0000000086a00000, 0x0000000086a00000| Untracked 
| 107|0x0000000086b00000, 0x0000000086b00000, 0x0000000086c00000|  0%| F|  |TAMS 0x0000000086b00000, 0x0000000086b00000| Untracked 
| 108|0x0000000086c00000, 0x0000000086c00000, 0x0000000086d00000|  0%| F|  |TAMS 0x0000000086c00000, 0x0000000086c00000| Untracked 
| 109|0x0000000086d00000, 0x0000000086d00000, 0x0000000086e00000|  0%| F|  |TAMS 0x0000000086d00000, 0x0000000086d00000| Untracked 
| 110|0x0000000086e00000, 0x0000000086e00000, 0x0000000086f00000|  0%| F|  |TAMS 0x0000000086e00000, 0x0000000086e00000| Untracked 
| 111|0x0000000086f00000, 0x0000000086f00000, 0x0000000087000000|  0%| F|  |TAMS 0x0000000086f00000, 0x0000000086f00000| Untracked 
| 112|0x0000000087000000, 0x0000000087000000, 0x0000000087100000|  0%| F|  |TAMS 0x0000000087000000, 0x0000000087000000| Untracked 
| 113|0x0000000087100000, 0x0000000087100000, 0x0000000087200000|  0%| F|  |TAMS 0x0000000087100000, 0x0000000087100000| Untracked 
| 114|0x0000000087200000, 0x0000000087200000, 0x0000000087300000|  0%| F|  |TAMS 0x0000000087200000, 0x0000000087200000| Untracked 
| 115|0x0000000087300000, 0x0000000087300000, 0x0000000087400000|  0%| F|  |TAMS 0x0000000087300000, 0x0000000087300000| Untracked 
| 116|0x0000000087400000, 0x0000000087400000, 0x0000000087500000|  0%| F|  |TAMS 0x0000000087400000, 0x0000000087400000| Untracked 
| 117|0x0000000087500000, 0x0000000087500000, 0x0000000087600000|  0%| F|  |TAMS 0x0000000087500000, 0x0000000087500000| Untracked 
| 118|0x0000000087600000, 0x0000000087600000, 0x0000000087700000|  0%| F|  |TAMS 0x0000000087600000, 0x0000000087600000| Untracked 
| 119|0x0000000087700000, 0x0000000087700000, 0x0000000087800000|  0%| F|  |TAMS 0x0000000087700000, 0x0000000087700000| Untracked 
| 120|0x0000000087800000, 0x0000000087800000, 0x0000000087900000|  0%| F|  |TAMS 0x0000000087800000, 0x0000000087800000| Untracked 
| 121|0x0000000087900000, 0x0000000087900000, 0x0000000087a00000|  0%| F|  |TAMS 0x0000000087900000, 0x0000000087900000| Untracked 
| 122|0x0000000087a00000, 0x0000000087a00000, 0x0000000087b00000|  0%| F|  |TAMS 0x0000000087a00000, 0x0000000087a00000| Untracked 
| 123|0x0000000087b00000, 0x0000000087b82070, 0x0000000087c00000| 50%| S|CS|TAMS 0x0000000087b00000, 0x0000000087b00000| Complete 
| 124|0x0000000087c00000, 0x0000000087d00000, 0x0000000087d00000|100%| S|CS|TAMS 0x0000000087c00000, 0x0000000087c00000| Complete 
| 125|0x0000000087d00000, 0x0000000087e00000, 0x0000000087e00000|100%| S|CS|TAMS 0x0000000087d00000, 0x0000000087d00000| Complete 
| 126|0x0000000087e00000, 0x0000000087e00000, 0x0000000087f00000|  0%| F|  |TAMS 0x0000000087e00000, 0x0000000087e00000| Untracked 
| 127|0x0000000087f00000, 0x0000000087f00000, 0x0000000088000000|  0%| F|  |TAMS 0x0000000087f00000, 0x0000000087f00000| Untracked 
| 128|0x0000000088000000, 0x0000000088000000, 0x0000000088100000|  0%| F|  |TAMS 0x0000000088000000, 0x0000000088000000| Untracked 
| 129|0x0000000088100000, 0x0000000088100000, 0x0000000088200000|  0%| F|  |TAMS 0x0000000088100000, 0x0000000088100000| Untracked 
| 130|0x0000000088200000, 0x0000000088200000, 0x0000000088300000|  0%| F|  |TAMS 0x0000000088200000, 0x0000000088200000| Untracked 
| 131|0x0000000088300000, 0x0000000088300000, 0x0000000088400000|  0%| F|  |TAMS 0x0000000088300000, 0x0000000088300000| Untracked 
| 132|0x0000000088400000, 0x0000000088400000, 0x0000000088500000|  0%| F|  |TAMS 0x0000000088400000, 0x0000000088400000| Untracked 
| 133|0x0000000088500000, 0x0000000088500000, 0x0000000088600000|  0%| F|  |TAMS 0x0000000088500000, 0x0000000088500000| Untracked 
| 134|0x0000000088600000, 0x0000000088600000, 0x0000000088700000|  0%| F|  |TAMS 0x0000000088600000, 0x0000000088600000| Untracked 
| 135|0x0000000088700000, 0x0000000088700000, 0x0000000088800000|  0%| F|  |TAMS 0x0000000088700000, 0x0000000088700000| Untracked 
| 136|0x0000000088800000, 0x0000000088800000, 0x0000000088900000|  0%| F|  |TAMS 0x0000000088800000, 0x0000000088800000| Untracked 
| 137|0x0000000088900000, 0x0000000088900000, 0x0000000088a00000|  0%| F|  |TAMS 0x0000000088900000, 0x0000000088900000| Untracked 
| 138|0x0000000088a00000, 0x0000000088a00000, 0x0000000088b00000|  0%| F|  |TAMS 0x0000000088a00000, 0x0000000088a00000| Untracked 
| 139|0x0000000088b00000, 0x0000000088b00000, 0x0000000088c00000|  0%| F|  |TAMS 0x0000000088b00000, 0x0000000088b00000| Untracked 
| 140|0x0000000088c00000, 0x0000000088c00000, 0x0000000088d00000|  0%| F|  |TAMS 0x0000000088c00000, 0x0000000088c00000| Untracked 
| 141|0x0000000088d00000, 0x0000000088d00000, 0x0000000088e00000|  0%| F|  |TAMS 0x0000000088d00000, 0x0000000088d00000| Untracked 
| 142|0x0000000088e00000, 0x0000000088e00000, 0x0000000088f00000|  0%| F|  |TAMS 0x0000000088e00000, 0x0000000088e00000| Untracked 
| 143|0x0000000088f00000, 0x0000000088f00000, 0x0000000089000000|  0%| F|  |TAMS 0x0000000088f00000, 0x0000000088f00000| Untracked 
| 144|0x0000000089000000, 0x0000000089000000, 0x0000000089100000|  0%| F|  |TAMS 0x0000000089000000, 0x0000000089000000| Untracked 
| 145|0x0000000089100000, 0x0000000089100000, 0x0000000089200000|  0%| F|  |TAMS 0x0000000089100000, 0x0000000089100000| Untracked 
| 146|0x0000000089200000, 0x0000000089200000, 0x0000000089300000|  0%| F|  |TAMS 0x0000000089200000, 0x0000000089200000| Untracked 
| 147|0x0000000089300000, 0x0000000089300000, 0x0000000089400000|  0%| F|  |TAMS 0x0000000089300000, 0x0000000089300000| Untracked 
| 148|0x0000000089400000, 0x0000000089400000, 0x0000000089500000|  0%| F|  |TAMS 0x0000000089400000, 0x0000000089400000| Untracked 
| 149|0x0000000089500000, 0x0000000089500000, 0x0000000089600000|  0%| F|  |TAMS 0x0000000089500000, 0x0000000089500000| Untracked 
| 150|0x0000000089600000, 0x0000000089600000, 0x0000000089700000|  0%| F|  |TAMS 0x0000000089600000, 0x0000000089600000| Untracked 
| 151|0x0000000089700000, 0x0000000089700000, 0x0000000089800000|  0%| F|  |TAMS 0x0000000089700000, 0x0000000089700000| Untracked 
| 152|0x0000000089800000, 0x0000000089800000, 0x0000000089900000|  0%| F|  |TAMS 0x0000000089800000, 0x0000000089800000| Untracked 
| 153|0x0000000089900000, 0x0000000089900000, 0x0000000089a00000|  0%| F|  |TAMS 0x0000000089900000, 0x0000000089900000| Untracked 
| 154|0x0000000089a00000, 0x0000000089a00000, 0x0000000089b00000|  0%| F|  |TAMS 0x0000000089a00000, 0x0000000089a00000| Untracked 
| 155|0x0000000089b00000, 0x0000000089b00000, 0x0000000089c00000|  0%| F|  |TAMS 0x0000000089b00000, 0x0000000089b00000| Untracked 
| 156|0x0000000089c00000, 0x0000000089c00000, 0x0000000089d00000|  0%| F|  |TAMS 0x0000000089c00000, 0x0000000089c00000| Untracked 
| 157|0x0000000089d00000, 0x0000000089d00000, 0x0000000089e00000|  0%| F|  |TAMS 0x0000000089d00000, 0x0000000089d00000| Untracked 
| 158|0x0000000089e00000, 0x0000000089e00000, 0x0000000089f00000|  0%| F|  |TAMS 0x0000000089e00000, 0x0000000089e00000| Untracked 
| 159|0x0000000089f00000, 0x0000000089f00000, 0x000000008a000000|  0%| F|  |TAMS 0x0000000089f00000, 0x0000000089f00000| Untracked 
| 160|0x000000008a000000, 0x000000008a000000, 0x000000008a100000|  0%| F|  |TAMS 0x000000008a000000, 0x000000008a000000| Untracked 
| 161|0x000000008a100000, 0x000000008a100000, 0x000000008a200000|  0%| F|  |TAMS 0x000000008a100000, 0x000000008a100000| Untracked 
| 162|0x000000008a200000, 0x000000008a200000, 0x000000008a300000|  0%| F|  |TAMS 0x000000008a200000, 0x000000008a200000| Untracked 
| 163|0x000000008a300000, 0x000000008a300000, 0x000000008a400000|  0%| F|  |TAMS 0x000000008a300000, 0x000000008a300000| Untracked 
| 164|0x000000008a400000, 0x000000008a400000, 0x000000008a500000|  0%| F|  |TAMS 0x000000008a400000, 0x000000008a400000| Untracked 
| 165|0x000000008a500000, 0x000000008a500000, 0x000000008a600000|  0%| F|  |TAMS 0x000000008a500000, 0x000000008a500000| Untracked 
| 166|0x000000008a600000, 0x000000008a600000, 0x000000008a700000|  0%| F|  |TAMS 0x000000008a600000, 0x000000008a600000| Untracked 
| 167|0x000000008a700000, 0x000000008a700000, 0x000000008a800000|  0%| F|  |TAMS 0x000000008a700000, 0x000000008a700000| Untracked 
| 168|0x000000008a800000, 0x000000008a800000, 0x000000008a900000|  0%| F|  |TAMS 0x000000008a800000, 0x000000008a800000| Untracked 
| 169|0x000000008a900000, 0x000000008a900000, 0x000000008aa00000|  0%| F|  |TAMS 0x000000008a900000, 0x000000008a900000| Untracked 
| 170|0x000000008aa00000, 0x000000008aa00000, 0x000000008ab00000|  0%| F|  |TAMS 0x000000008aa00000, 0x000000008aa00000| Untracked 
| 171|0x000000008ab00000, 0x000000008ab00000, 0x000000008ac00000|  0%| F|  |TAMS 0x000000008ab00000, 0x000000008ab00000| Untracked 
| 172|0x000000008ac00000, 0x000000008ac00000, 0x000000008ad00000|  0%| F|  |TAMS 0x000000008ac00000, 0x000000008ac00000| Untracked 
| 173|0x000000008ad00000, 0x000000008ad00000, 0x000000008ae00000|  0%| F|  |TAMS 0x000000008ad00000, 0x000000008ad00000| Untracked 
| 174|0x000000008ae00000, 0x000000008ae00000, 0x000000008af00000|  0%| F|  |TAMS 0x000000008ae00000, 0x000000008ae00000| Untracked 
| 175|0x000000008af00000, 0x000000008af00000, 0x000000008b000000|  0%| F|  |TAMS 0x000000008af00000, 0x000000008af00000| Untracked 
| 176|0x000000008b000000, 0x000000008b000000, 0x000000008b100000|  0%| F|  |TAMS 0x000000008b000000, 0x000000008b000000| Untracked 
| 177|0x000000008b100000, 0x000000008b100000, 0x000000008b200000|  0%| F|  |TAMS 0x000000008b100000, 0x000000008b100000| Untracked 
| 178|0x000000008b200000, 0x000000008b200000, 0x000000008b300000|  0%| F|  |TAMS 0x000000008b200000, 0x000000008b200000| Untracked 
| 179|0x000000008b300000, 0x000000008b300000, 0x000000008b400000|  0%| F|  |TAMS 0x000000008b300000, 0x000000008b300000| Untracked 
| 180|0x000000008b400000, 0x000000008b400000, 0x000000008b500000|  0%| F|  |TAMS 0x000000008b400000, 0x000000008b400000| Untracked 
| 181|0x000000008b500000, 0x000000008b500000, 0x000000008b600000|  0%| F|  |TAMS 0x000000008b500000, 0x000000008b500000| Untracked 
| 182|0x000000008b600000, 0x000000008b600000, 0x000000008b700000|  0%| F|  |TAMS 0x000000008b600000, 0x000000008b600000| Untracked 
| 183|0x000000008b700000, 0x000000008b700000, 0x000000008b800000|  0%| F|  |TAMS 0x000000008b700000, 0x000000008b700000| Untracked 
| 184|0x000000008b800000, 0x000000008b800000, 0x000000008b900000|  0%| F|  |TAMS 0x000000008b800000, 0x000000008b800000| Untracked 
| 185|0x000000008b900000, 0x000000008b900000, 0x000000008ba00000|  0%| F|  |TAMS 0x000000008b900000, 0x000000008b900000| Untracked 
| 186|0x000000008ba00000, 0x000000008ba00000, 0x000000008bb00000|  0%| F|  |TAMS 0x000000008ba00000, 0x000000008ba00000| Untracked 
| 187|0x000000008bb00000, 0x000000008bb00000, 0x000000008bc00000|  0%| F|  |TAMS 0x000000008bb00000, 0x000000008bb00000| Untracked 
| 188|0x000000008bc00000, 0x000000008bc00000, 0x000000008bd00000|  0%| F|  |TAMS 0x000000008bc00000, 0x000000008bc00000| Untracked 
| 189|0x000000008bd00000, 0x000000008bd00000, 0x000000008be00000|  0%| F|  |TAMS 0x000000008bd00000, 0x000000008bd00000| Untracked 
| 190|0x000000008be00000, 0x000000008be00000, 0x000000008bf00000|  0%| F|  |TAMS 0x000000008be00000, 0x000000008be00000| Untracked 
| 191|0x000000008bf00000, 0x000000008bf00000, 0x000000008c000000|  0%| F|  |TAMS 0x000000008bf00000, 0x000000008bf00000| Untracked 
| 192|0x000000008c000000, 0x000000008c000000, 0x000000008c100000|  0%| F|  |TAMS 0x000000008c000000, 0x000000008c000000| Untracked 
| 193|0x000000008c100000, 0x000000008c100000, 0x000000008c200000|  0%| F|  |TAMS 0x000000008c100000, 0x000000008c100000| Untracked 
| 194|0x000000008c200000, 0x000000008c200000, 0x000000008c300000|  0%| F|  |TAMS 0x000000008c200000, 0x000000008c200000| Untracked 
| 195|0x000000008c300000, 0x000000008c300000, 0x000000008c400000|  0%| F|  |TAMS 0x000000008c300000, 0x000000008c300000| Untracked 
| 196|0x000000008c400000, 0x000000008c400000, 0x000000008c500000|  0%| F|  |TAMS 0x000000008c400000, 0x000000008c400000| Untracked 
| 197|0x000000008c500000, 0x000000008c500000, 0x000000008c600000|  0%| F|  |TAMS 0x000000008c500000, 0x000000008c500000| Untracked 
| 198|0x000000008c600000, 0x000000008c600000, 0x000000008c700000|  0%| F|  |TAMS 0x000000008c600000, 0x000000008c600000| Untracked 
| 199|0x000000008c700000, 0x000000008c700000, 0x000000008c800000|  0%| F|  |TAMS 0x000000008c700000, 0x000000008c700000| Untracked 
| 200|0x000000008c800000, 0x000000008c800000, 0x000000008c900000|  0%| F|  |TAMS 0x000000008c800000, 0x000000008c800000| Untracked 
| 201|0x000000008c900000, 0x000000008c900000, 0x000000008ca00000|  0%| F|  |TAMS 0x000000008c900000, 0x000000008c900000| Untracked 
| 202|0x000000008ca00000, 0x000000008ca00000, 0x000000008cb00000|  0%| F|  |TAMS 0x000000008ca00000, 0x000000008ca00000| Untracked 
| 203|0x000000008cb00000, 0x000000008cb00000, 0x000000008cc00000|  0%| F|  |TAMS 0x000000008cb00000, 0x000000008cb00000| Untracked 
| 204|0x000000008cc00000, 0x000000008cc00000, 0x000000008cd00000|  0%| F|  |TAMS 0x000000008cc00000, 0x000000008cc00000| Untracked 
| 205|0x000000008cd00000, 0x000000008cd00000, 0x000000008ce00000|  0%| F|  |TAMS 0x000000008cd00000, 0x000000008cd00000| Untracked 
| 206|0x000000008ce00000, 0x000000008ce00000, 0x000000008cf00000|  0%| F|  |TAMS 0x000000008ce00000, 0x000000008ce00000| Untracked 
| 207|0x000000008cf00000, 0x000000008cf00000, 0x000000008d000000|  0%| F|  |TAMS 0x000000008cf00000, 0x000000008cf00000| Untracked 
| 208|0x000000008d000000, 0x000000008d000000, 0x000000008d100000|  0%| F|  |TAMS 0x000000008d000000, 0x000000008d000000| Untracked 
| 209|0x000000008d100000, 0x000000008d100000, 0x000000008d200000|  0%| F|  |TAMS 0x000000008d100000, 0x000000008d100000| Untracked 
| 210|0x000000008d200000, 0x000000008d200000, 0x000000008d300000|  0%| F|  |TAMS 0x000000008d200000, 0x000000008d200000| Untracked 
| 211|0x000000008d300000, 0x000000008d300000, 0x000000008d400000|  0%| F|  |TAMS 0x000000008d300000, 0x000000008d300000| Untracked 
| 212|0x000000008d400000, 0x000000008d400000, 0x000000008d500000|  0%| F|  |TAMS 0x000000008d400000, 0x000000008d400000| Untracked 
| 213|0x000000008d500000, 0x000000008d500000, 0x000000008d600000|  0%| F|  |TAMS 0x000000008d500000, 0x000000008d500000| Untracked 
| 214|0x000000008d600000, 0x000000008d600000, 0x000000008d700000|  0%| F|  |TAMS 0x000000008d600000, 0x000000008d600000| Untracked 
| 215|0x000000008d700000, 0x000000008d700000, 0x000000008d800000|  0%| F|  |TAMS 0x000000008d700000, 0x000000008d700000| Untracked 
| 216|0x000000008d800000, 0x000000008d800000, 0x000000008d900000|  0%| F|  |TAMS 0x000000008d800000, 0x000000008d800000| Untracked 
| 217|0x000000008d900000, 0x000000008d900000, 0x000000008da00000|  0%| F|  |TAMS 0x000000008d900000, 0x000000008d900000| Untracked 
| 218|0x000000008da00000, 0x000000008da00000, 0x000000008db00000|  0%| F|  |TAMS 0x000000008da00000, 0x000000008da00000| Untracked 
| 219|0x000000008db00000, 0x000000008db00000, 0x000000008dc00000|  0%| F|  |TAMS 0x000000008db00000, 0x000000008db00000| Untracked 
| 220|0x000000008dc00000, 0x000000008dc00000, 0x000000008dd00000|  0%| F|  |TAMS 0x000000008dc00000, 0x000000008dc00000| Untracked 
| 221|0x000000008dd00000, 0x000000008dd00000, 0x000000008de00000|  0%| F|  |TAMS 0x000000008dd00000, 0x000000008dd00000| Untracked 
| 222|0x000000008de00000, 0x000000008de00000, 0x000000008df00000|  0%| F|  |TAMS 0x000000008de00000, 0x000000008de00000| Untracked 
| 223|0x000000008df00000, 0x000000008df00000, 0x000000008e000000|  0%| F|  |TAMS 0x000000008df00000, 0x000000008df00000| Untracked 
| 224|0x000000008e000000, 0x000000008e000000, 0x000000008e100000|  0%| F|  |TAMS 0x000000008e000000, 0x000000008e000000| Untracked 
| 225|0x000000008e100000, 0x000000008e100000, 0x000000008e200000|  0%| F|  |TAMS 0x000000008e100000, 0x000000008e100000| Untracked 
| 226|0x000000008e200000, 0x000000008e200000, 0x000000008e300000|  0%| F|  |TAMS 0x000000008e200000, 0x000000008e200000| Untracked 
| 227|0x000000008e300000, 0x000000008e300000, 0x000000008e400000|  0%| F|  |TAMS 0x000000008e300000, 0x000000008e300000| Untracked 
| 228|0x000000008e400000, 0x000000008e400000, 0x000000008e500000|  0%| F|  |TAMS 0x000000008e400000, 0x000000008e400000| Untracked 
| 229|0x000000008e500000, 0x000000008e500000, 0x000000008e600000|  0%| F|  |TAMS 0x000000008e500000, 0x000000008e500000| Untracked 
| 230|0x000000008e600000, 0x000000008e600000, 0x000000008e700000|  0%| F|  |TAMS 0x000000008e600000, 0x000000008e600000| Untracked 
| 231|0x000000008e700000, 0x000000008e700000, 0x000000008e800000|  0%| F|  |TAMS 0x000000008e700000, 0x000000008e700000| Untracked 
| 232|0x000000008e800000, 0x000000008e800000, 0x000000008e900000|  0%| F|  |TAMS 0x000000008e800000, 0x000000008e800000| Untracked 
| 233|0x000000008e900000, 0x000000008e900000, 0x000000008ea00000|  0%| F|  |TAMS 0x000000008e900000, 0x000000008e900000| Untracked 
| 234|0x000000008ea00000, 0x000000008ea00000, 0x000000008eb00000|  0%| F|  |TAMS 0x000000008ea00000, 0x000000008ea00000| Untracked 
| 235|0x000000008eb00000, 0x000000008eb00000, 0x000000008ec00000|  0%| F|  |TAMS 0x000000008eb00000, 0x000000008eb00000| Untracked 
| 236|0x000000008ec00000, 0x000000008ec00000, 0x000000008ed00000|  0%| F|  |TAMS 0x000000008ec00000, 0x000000008ec00000| Untracked 
| 237|0x000000008ed00000, 0x000000008ed00000, 0x000000008ee00000|  0%| F|  |TAMS 0x000000008ed00000, 0x000000008ed00000| Untracked 
| 238|0x000000008ee00000, 0x000000008ee00000, 0x000000008ef00000|  0%| F|  |TAMS 0x000000008ee00000, 0x000000008ee00000| Untracked 
| 239|0x000000008ef00000, 0x000000008ef00000, 0x000000008f000000|  0%| F|  |TAMS 0x000000008ef00000, 0x000000008ef00000| Untracked 
| 240|0x000000008f000000, 0x000000008f000000, 0x000000008f100000|  0%| F|  |TAMS 0x000000008f000000, 0x000000008f000000| Untracked 
| 241|0x000000008f100000, 0x000000008f100000, 0x000000008f200000|  0%| F|  |TAMS 0x000000008f100000, 0x000000008f100000| Untracked 
| 242|0x000000008f200000, 0x000000008f200000, 0x000000008f300000|  0%| F|  |TAMS 0x000000008f200000, 0x000000008f200000| Untracked 
| 243|0x000000008f300000, 0x000000008f300000, 0x000000008f400000|  0%| F|  |TAMS 0x000000008f300000, 0x000000008f300000| Untracked 
| 244|0x000000008f400000, 0x000000008f400000, 0x000000008f500000|  0%| F|  |TAMS 0x000000008f400000, 0x000000008f400000| Untracked 
| 245|0x000000008f500000, 0x000000008f500000, 0x000000008f600000|  0%| F|  |TAMS 0x000000008f500000, 0x000000008f500000| Untracked 
| 246|0x000000008f600000, 0x000000008f600000, 0x000000008f700000|  0%| F|  |TAMS 0x000000008f600000, 0x000000008f600000| Untracked 
| 247|0x000000008f700000, 0x000000008f700000, 0x000000008f800000|  0%| F|  |TAMS 0x000000008f700000, 0x000000008f700000| Untracked 
| 248|0x000000008f800000, 0x000000008f800000, 0x000000008f900000|  0%| F|  |TAMS 0x000000008f800000, 0x000000008f800000| Untracked 
| 249|0x000000008f900000, 0x000000008f900000, 0x000000008fa00000|  0%| F|  |TAMS 0x000000008f900000, 0x000000008f900000| Untracked 
| 250|0x000000008fa00000, 0x000000008fa00000, 0x000000008fb00000|  0%| F|  |TAMS 0x000000008fa00000, 0x000000008fa00000| Untracked 
| 251|0x000000008fb00000, 0x000000008fb00000, 0x000000008fc00000|  0%| F|  |TAMS 0x000000008fb00000, 0x000000008fb00000| Untracked 
| 252|0x000000008fc00000, 0x000000008fc00000, 0x000000008fd00000|  0%| F|  |TAMS 0x000000008fc00000, 0x000000008fc00000| Untracked 
| 253|0x000000008fd00000, 0x000000008fd00000, 0x000000008fe00000|  0%| F|  |TAMS 0x000000008fd00000, 0x000000008fd00000| Untracked 

Card table byte_map: [0x00000273741d0000,0x00000273745d0000] _byte_map_base: 0x0000027373dd0000

Marking Bits (Prev, Next): (CMBitMap*) 0x000002736e72a790, (CMBitMap*) 0x000002736e72a7d0
 Prev Bits: [0x00000273749d0000, 0x00000273769d0000)
 Next Bits: [0x00000273769d0000, 0x00000273789d0000)

Polling page: 0x000002736e790000

Metaspace:

Usage:
  Non-class:     68.05 MB used.
      Class:     10.53 MB used.
       Both:     78.58 MB used.

Virtual space:
  Non-class space:       72.00 MB reserved,      68.44 MB ( 95%) committed,  9 nodes.
      Class space:        1.00 GB reserved,      10.88 MB (  1%) committed,  1 nodes.
             Both:        1.07 GB reserved,      79.31 MB (  7%) committed. 

Chunk freelists:
   Non-Class:  3.14 MB
       Class:  1.11 MB
        Both:  4.25 MB

MaxMetaspaceSize: unlimited
CompressedClassSpaceSize: 1.00 GB
Initial GC threshold: 21.00 MB
Current GC threshold: 119.94 MB
CDS: off
MetaspaceReclaimPolicy: balanced
 - commit_granule_bytes: 65536.
 - commit_granule_words: 8192.
 - virtual_space_node_default_size: 1048576.
 - enlarge_chunks_in_place: 1.
 - new_chunks_are_fully_committed: 0.
 - uncommit_free_chunks: 1.
 - use_allocation_guard: 0.
 - handle_deallocations: 1.


Internal statistics:

num_allocs_failed_limit: 3.
num_arena_births: 934.
num_arena_deaths: 0.
num_vsnodes_births: 10.
num_vsnodes_deaths: 0.
num_space_committed: 1269.
num_space_uncommitted: 0.
num_chunks_returned_to_freelist: 3.
num_chunks_taken_from_freelist: 3766.
num_chunk_merges: 3.
num_chunk_splits: 2521.
num_chunks_enlarged: 1714.
num_purges: 0.
num_inconsistent_stats: 0.

CodeHeap 'non-profiled nmethods': size=120000Kb used=4504Kb max_used=4504Kb free=115495Kb
 bounds [0x0000027307ad0000, 0x0000027307f40000, 0x000002730f000000]
CodeHeap 'profiled nmethods': size=120000Kb used=14086Kb max_used=14086Kb free=105913Kb
 bounds [0x0000027300000000, 0x0000027300dd0000, 0x0000027307530000]
CodeHeap 'non-nmethods': size=5760Kb used=2395Kb max_used=2438Kb free=3364Kb
 bounds [0x0000027307530000, 0x00000273077a0000, 0x0000027307ad0000]
 total_blobs=8180 nmethods=7263 adapters=829
 compilation: enabled
              stopped_count=0, restarted_count=0
 full_count=0

Compilation events (20 events):
Event: 12.365 Thread 0x000002737cb11950 8077       4       org.gradle.tooling.internal.provider.runner.ToolingApiBuildEventListenerFactory$1::started (1 bytes)
Event: 12.366 Thread 0x000002737cb11950 nmethod 8077 0x0000027307f2ef10 code [0x0000027307f2f080, 0x0000027307f2f0f8]
Event: 12.373 Thread 0x000002737c0c3760 8078       3       java.lang.invoke.MethodHandles::identity (87 bytes)
Event: 12.373 Thread 0x000002737c08cfe0 nmethod 8044 0x0000027307f2f210 code [0x0000027307f2f480, 0x0000027307f30930]
Event: 12.374 Thread 0x000002737c0c3760 nmethod 8078 0x0000027300dbf610 code [0x0000027300dbf800, 0x0000027300dbfc38]
Event: 12.385 Thread 0x000002737c08cfe0 8080       4       java.lang.invoke.InvokerBytecodeGenerator::emitLoadInsn (21 bytes)
Event: 12.387 Thread 0x000002737c0c3760 8081   !   3       org.jetbrains.kotlin.com.intellij.util.containers.ConcurrentIntObjectHashMap::tabAt (33 bytes)
Event: 12.388 Thread 0x000002737cb11950 8083       4       java.lang.invoke.DirectMethodHandle::internalMemberName (8 bytes)
Event: 12.389 Thread 0x000002737c0c3760 nmethod 8081 0x0000027300dbfe10 code [0x0000027300dc0040, 0x0000027300dc0d08]
Event: 12.389 Thread 0x000002737c0c3760 8082       3       java.lang.invoke.LambdaForm$MH/0x0000000100abb000::invokeExact_MT (25 bytes)
Event: 12.389 Thread 0x000002737c08cfe0 nmethod 8080 0x0000027307f31a10 code [0x0000027307f31ba0, 0x0000027307f31d48]
Event: 12.389 Thread 0x000002737cb11950 nmethod 8083 0x0000027307f31f10 code [0x0000027307f32080, 0x0000027307f32118]
Event: 12.390 Thread 0x000002737c0c3760 nmethod 8082 0x0000027300dc1010 code [0x0000027300dc1220, 0x0000027300dc1958]
Event: 12.424 Thread 0x000002737cb11950 8084       4       java.util.regex.Pattern$TreeInfo::reset (21 bytes)
Event: 12.424 Thread 0x000002737cb11950 nmethod 8084 0x0000027307f32210 code [0x0000027307f32380, 0x0000027307f32418]
Event: 12.439 Thread 0x000002737cb15100 nmethod 8067 0x0000027307f32510 code [0x0000027307f32780, 0x0000027307f347f0]
Event: 12.487 Thread 0x000002737c0c3760 8085       1       org.jetbrains.kotlin.com.intellij.openapi.util.Key::hashCode (5 bytes)
Event: 12.487 Thread 0x000002737c0c3760 nmethod 8085 0x0000027307f35d90 code [0x0000027307f35f20, 0x0000027307f35ff8]
Event: 12.495 Thread 0x000002737c0c3760 8086       1       java.util.stream.FindOps$FindSink::cancellationRequested (5 bytes)
Event: 12.495 Thread 0x000002737c0c3760 nmethod 8086 0x0000027307f36090 code [0x0000027307f36220, 0x0000027307f362f8]

GC Heap History (20 events):
Event: 6.218 GC heap after
{Heap after GC invocations=24 (full 0):
 garbage-first heap   total 164864K, used 68134K [0x0000000080000000, 0x0000000100000000)
  region size 1024K, 5 young (5120K), 5 survivors (5120K)
 Metaspace       used 51432K, committed 51968K, reserved 1097728K
  class space    used 6855K, committed 7104K, reserved 1048576K
}
Event: 7.079 GC heap before
{Heap before GC invocations=24 (full 0):
 garbage-first heap   total 164864K, used 119334K [0x0000000080000000, 0x0000000100000000)
  region size 1024K, 55 young (56320K), 5 survivors (5120K)
 Metaspace       used 55667K, committed 56320K, reserved 1097728K
  class space    used 7505K, committed 7808K, reserved 1048576K
}
Event: 7.086 GC heap after
{Heap after GC invocations=25 (full 0):
 garbage-first heap   total 164864K, used 72186K [0x0000000080000000, 0x0000000100000000)
  region size 1024K, 7 young (7168K), 7 survivors (7168K)
 Metaspace       used 55667K, committed 56320K, reserved 1097728K
  class space    used 7505K, committed 7808K, reserved 1048576K
}
Event: 7.727 GC heap before
{Heap before GC invocations=26 (full 0):
 garbage-first heap   total 164864K, used 129530K [0x0000000080000000, 0x0000000100000000)
  region size 1024K, 54 young (55296K), 7 survivors (7168K)
 Metaspace       used 58754K, committed 59392K, reserved 1105920K
  class space    used 7920K, committed 8192K, reserved 1048576K
}
Event: 7.734 GC heap after
{Heap after GC invocations=27 (full 0):
 garbage-first heap   total 164864K, used 87951K [0x0000000080000000, 0x0000000100000000)
  region size 1024K, 7 young (7168K), 7 survivors (7168K)
 Metaspace       used 58754K, committed 59392K, reserved 1105920K
  class space    used 7920K, committed 8192K, reserved 1048576K
}
Event: 7.743 GC heap before
{Heap before GC invocations=27 (full 0):
 garbage-first heap   total 164864K, used 88975K [0x0000000080000000, 0x0000000100000000)
  region size 1024K, 8 young (8192K), 7 survivors (7168K)
 Metaspace       used 58877K, committed 59584K, reserved 1105920K
  class space    used 7937K, committed 8256K, reserved 1048576K
}
Event: 7.747 GC heap after
{Heap after GC invocations=28 (full 0):
 garbage-first heap   total 164864K, used 88331K [0x0000000080000000, 0x0000000100000000)
  region size 1024K, 1 young (1024K), 1 survivors (1024K)
 Metaspace       used 58877K, committed 59584K, reserved 1105920K
  class space    used 7937K, committed 8256K, reserved 1048576K
}
Event: 8.268 GC heap before
{Heap before GC invocations=28 (full 0):
 garbage-first heap   total 164864K, used 125195K [0x0000000080000000, 0x0000000100000000)
  region size 1024K, 37 young (37888K), 1 survivors (1024K)
 Metaspace       used 64879K, committed 65536K, reserved 1105920K
  class space    used 8714K, committed 9024K, reserved 1048576K
}
Event: 8.270 GC heap after
{Heap after GC invocations=29 (full 0):
 garbage-first heap   total 164864K, used 89661K [0x0000000080000000, 0x0000000100000000)
  region size 1024K, 2 young (2048K), 2 survivors (2048K)
 Metaspace       used 64879K, committed 65536K, reserved 1105920K
  class space    used 8714K, committed 9024K, reserved 1048576K
}
Event: 9.099 GC heap before
{Heap before GC invocations=30 (full 0):
 garbage-first heap   total 164864K, used 134717K [0x0000000080000000, 0x0000000100000000)
  region size 1024K, 40 young (40960K), 2 survivors (2048K)
 Metaspace       used 68512K, committed 69184K, reserved 1114112K
  class space    used 9165K, committed 9472K, reserved 1048576K
}
Event: 9.108 GC heap after
{Heap after GC invocations=31 (full 0):
 garbage-first heap   total 164864K, used 93667K [0x0000000080000000, 0x0000000100000000)
  region size 1024K, 5 young (5120K), 5 survivors (5120K)
 Metaspace       used 68512K, committed 69184K, reserved 1114112K
  class space    used 9165K, committed 9472K, reserved 1048576K
}
Event: 9.176 GC heap before
{Heap before GC invocations=31 (full 0):
 garbage-first heap   total 164864K, used 96739K [0x0000000080000000, 0x0000000100000000)
  region size 1024K, 8 young (8192K), 5 survivors (5120K)
 Metaspace       used 68714K, committed 69440K, reserved 1114112K
  class space    used 9189K, committed 9536K, reserved 1048576K
}
Event: 9.186 GC heap after
{Heap after GC invocations=32 (full 0):
 garbage-first heap   total 164864K, used 94603K [0x0000000080000000, 0x0000000100000000)
  region size 1024K, 1 young (1024K), 1 survivors (1024K)
 Metaspace       used 68714K, committed 69440K, reserved 1114112K
  class space    used 9189K, committed 9536K, reserved 1048576K
}
Event: 10.238 GC heap before
{Heap before GC invocations=32 (full 0):
 garbage-first heap   total 164864K, used 130443K [0x0000000080000000, 0x0000000100000000)
  region size 1024K, 36 young (36864K), 1 survivors (1024K)
 Metaspace       used 72633K, committed 73280K, reserved 1114112K
  class space    used 9759K, committed 10048K, reserved 1048576K
}
Event: 10.247 GC heap after
{Heap after GC invocations=33 (full 0):
 garbage-first heap   total 164864K, used 95828K [0x0000000080000000, 0x0000000100000000)
  region size 1024K, 3 young (3072K), 3 survivors (3072K)
 Metaspace       used 72633K, committed 73280K, reserved 1114112K
  class space    used 9759K, committed 10048K, reserved 1048576K
}
Event: 11.361 GC heap before
{Heap before GC invocations=34 (full 0):
 garbage-first heap   total 167936K, used 131668K [0x0000000080000000, 0x0000000100000000)
  region size 1024K, 38 young (38912K), 3 survivors (3072K)
 Metaspace       used 76863K, committed 77504K, reserved 1122304K
  class space    used 10331K, committed 10624K, reserved 1048576K
}
Event: 11.371 GC heap after
{Heap after GC invocations=35 (full 0):
 garbage-first heap   total 167936K, used 98620K [0x0000000080000000, 0x0000000100000000)
  region size 1024K, 5 young (5120K), 5 survivors (5120K)
 Metaspace       used 76863K, committed 77504K, reserved 1122304K
  class space    used 10331K, committed 10624K, reserved 1048576K
}
Event: 11.458 GC heap before
{Heap before GC invocations=35 (full 0):
 garbage-first heap   total 167936K, used 101692K [0x0000000080000000, 0x0000000100000000)
  region size 1024K, 8 young (8192K), 5 survivors (5120K)
 Metaspace       used 77142K, committed 77824K, reserved 1122304K
  class space    used 10367K, committed 10688K, reserved 1048576K
}
Event: 11.468 GC heap after
{Heap after GC invocations=36 (full 0):
 garbage-first heap   total 167936K, used 99039K [0x0000000080000000, 0x0000000100000000)
  region size 1024K, 1 young (1024K), 1 survivors (1024K)
 Metaspace       used 77142K, committed 77824K, reserved 1122304K
  class space    used 10367K, committed 10688K, reserved 1048576K
}
Event: 12.590 GC heap before
{Heap before GC invocations=36 (full 0):
 garbage-first heap   total 167936K, used 136927K [0x0000000080000000, 0x0000000100000000)
  region size 1024K, 38 young (38912K), 1 survivors (1024K)
 Metaspace       used 80464K, committed 81216K, reserved 1122304K
  class space    used 10785K, committed 11136K, reserved 1048576K
}

Dll operation events (2 events):
Event: 0.016 Loaded shared library C:\Program Files\Android\Android Studio\jbr\bin\java.dll
Event: 0.491 Loaded shared library C:\Program Files\Android\Android Studio\jbr\bin\verify.dll

Deoptimization events (20 events):
Event: 11.731 Thread 0x000002737f0e24f0 Uncommon trap: trap_request=0xffffff45 fr.pc=0x0000027307e3bf60 relative=0x0000000000000220
Event: 11.731 Thread 0x000002737f0e24f0 Uncommon trap: reason=unstable_if action=reinterpret pc=0x0000027307e3bf60 method=com.esotericsoftware.kryo.io.Input.readVarInt(Z)I @ 42 c2
Event: 11.731 Thread 0x000002737f0e24f0 DEOPT PACKING pc=0x0000027307e3bf60 sp=0x000000b851cfe1e0
Event: 11.731 Thread 0x000002737f0e24f0 DEOPT UNPACKING pc=0x000002730758a1a3 sp=0x000000b851cfe0d0 mode 2
Event: 12.005 Thread 0x000002737cef8240 Uncommon trap: trap_request=0xffffffde fr.pc=0x0000027307b79838 relative=0x00000000000004b8
Event: 12.005 Thread 0x000002737cef8240 Uncommon trap: reason=class_check action=maybe_recompile pc=0x0000027307b79838 method=org.gradle.internal.snapshot.ChildMap$Entry.handleAncestorDescendantOrExactMatch(Lorg/gradle/internal/snapshot/VfsRelativePath;Lorg/gradle/internal/snapshot/CaseSensitiv
Event: 12.005 Thread 0x000002737cef8240 DEOPT PACKING pc=0x0000027307b79838 sp=0x000000b8501f5ed0
Event: 12.005 Thread 0x000002737cef8240 DEOPT UNPACKING pc=0x000002730758a1a3 sp=0x000000b8501f5e80 mode 2
Event: 12.007 Thread 0x000002737cef8240 Uncommon trap: trap_request=0xffffffde fr.pc=0x0000027307b79838 relative=0x00000000000004b8
Event: 12.007 Thread 0x000002737cef8240 Uncommon trap: reason=class_check action=maybe_recompile pc=0x0000027307b79838 method=org.gradle.internal.snapshot.ChildMap$Entry.handleAncestorDescendantOrExactMatch(Lorg/gradle/internal/snapshot/VfsRelativePath;Lorg/gradle/internal/snapshot/CaseSensitiv
Event: 12.007 Thread 0x000002737cef8240 DEOPT PACKING pc=0x0000027307b79838 sp=0x000000b8501f5a90
Event: 12.007 Thread 0x000002737cef8240 DEOPT UNPACKING pc=0x000002730758a1a3 sp=0x000000b8501f5a40 mode 2
Event: 12.007 Thread 0x000002737cef8240 Uncommon trap: trap_request=0xffffffde fr.pc=0x0000027307b79838 relative=0x00000000000004b8
Event: 12.007 Thread 0x000002737cef8240 Uncommon trap: reason=class_check action=maybe_recompile pc=0x0000027307b79838 method=org.gradle.internal.snapshot.ChildMap$Entry.handleAncestorDescendantOrExactMatch(Lorg/gradle/internal/snapshot/VfsRelativePath;Lorg/gradle/internal/snapshot/CaseSensitiv
Event: 12.007 Thread 0x000002737cef8240 DEOPT PACKING pc=0x0000027307b79838 sp=0x000000b8501f5650
Event: 12.007 Thread 0x000002737cef8240 DEOPT UNPACKING pc=0x000002730758a1a3 sp=0x000000b8501f5600 mode 2
Event: 12.007 Thread 0x000002737cef8240 Uncommon trap: trap_request=0xffffffde fr.pc=0x0000027307b79838 relative=0x00000000000004b8
Event: 12.007 Thread 0x000002737cef8240 Uncommon trap: reason=class_check action=maybe_recompile pc=0x0000027307b79838 method=org.gradle.internal.snapshot.ChildMap$Entry.handleAncestorDescendantOrExactMatch(Lorg/gradle/internal/snapshot/VfsRelativePath;Lorg/gradle/internal/snapshot/CaseSensitiv
Event: 12.007 Thread 0x000002737cef8240 DEOPT PACKING pc=0x0000027307b79838 sp=0x000000b8501f5210
Event: 12.007 Thread 0x000002737cef8240 DEOPT UNPACKING pc=0x000002730758a1a3 sp=0x000000b8501f51c0 mode 2

Classes unloaded (0 events):
No events

Classes redefined (0 events):
No events

Internal exceptions (20 events):
Event: 11.469 Thread 0x000002737cef8240 Exception <a 'java/lang/ClassNotFoundException'{0x000000008fd12d60}: org/jetbrains/kotlin/gradle/targets/js/npm/NpmDependencyExtensionDelegateBeanInfo> (0x000000008fd12d60) 
thrown [s\src\hotspot\share\classfile\systemDictionary.cpp, line 256]
Event: 11.470 Thread 0x000002737cef8240 Exception <a 'java/lang/ClassNotFoundException'{0x000000008fd1f4c0}: org/jetbrains/kotlin/gradle/targets/js/npm/NpmDependencyExtensionDelegateCustomizer> (0x000000008fd1f4c0) 
thrown [s\src\hotspot\share\classfile\systemDictionary.cpp, line 256]
Event: 11.472 Thread 0x000002737cef8240 Exception <a 'java/lang/ClassNotFoundException'{0x000000008fd40db8}: org/jetbrains/kotlin/gradle/targets/js/npm/NpmDependencyExtensionKt$defaultNpmDependencyDelegate$1Customizer> (0x000000008fd40db8) 
thrown [s\src\hotspot\share\classfile\systemDictionary.cpp, line 256]
Event: 11.478 Thread 0x000002737cef8240 Exception <a 'java/lang/ClassNotFoundException'{0x000000008fd78370}: org/jetbrains/kotlin/gradle/targets/js/npm/DefaultDevNpmDependencyExtensionBeanInfo> (0x000000008fd78370) 
thrown [s\src\hotspot\share\classfile\systemDictionary.cpp, line 256]
Event: 11.479 Thread 0x000002737cef8240 Exception <a 'java/lang/ClassNotFoundException'{0x000000008fd84d30}: org/jetbrains/kotlin/gradle/targets/js/npm/DefaultDevNpmDependencyExtensionCustomizer> (0x000000008fd84d30) 
thrown [s\src\hotspot\share\classfile\systemDictionary.cpp, line 256]
Event: 11.484 Thread 0x000002737cef8240 Exception <a 'java/lang/ClassNotFoundException'{0x000000008fdbf5a0}: org/jetbrains/kotlin/gradle/targets/js/npm/DefaultPeerNpmDependencyExtensionBeanInfo> (0x000000008fdbf5a0) 
thrown [s\src\hotspot\share\classfile\systemDictionary.cpp, line 256]
Event: 11.485 Thread 0x000002737cef8240 Exception <a 'java/lang/ClassNotFoundException'{0x000000008fdcbd58}: org/jetbrains/kotlin/gradle/targets/js/npm/DefaultPeerNpmDependencyExtensionCustomizer> (0x000000008fdcbd58) 
thrown [s\src\hotspot\share\classfile\systemDictionary.cpp, line 256]
Event: 11.492 Thread 0x000002737cef8240 Exception <a 'java/lang/ClassNotFoundException'{0x000000008d20e248}: org/jetbrains/kotlin/gradle/targets/js/npm/DefaultPeerNpmDependencyExtension$delegate$1BeanInfo> (0x000000008d20e248) 
thrown [s\src\hotspot\share\classfile\systemDictionary.cpp, line 256]
Event: 11.493 Thread 0x000002737cef8240 Exception <a 'java/lang/ClassNotFoundException'{0x000000008d21acc8}: org/jetbrains/kotlin/gradle/targets/js/npm/DefaultPeerNpmDependencyExtension$delegate$1Customizer> (0x000000008d21acc8) 
thrown [s\src\hotspot\share\classfile\systemDictionary.cpp, line 256]
Event: 12.017 Thread 0x000002737cef8240 Exception <a 'java/lang/NoSuchMethodError'{0x0000000088d712f8}: 'void java.lang.invoke.DirectMethodHandle$Holder.invokeVirtual(java.lang.Object, java.lang.Object)'> (0x0000000088d712f8) 
thrown [s\src\hotspot\share\interpreter\linkResolver.cpp, line 771]
Event: 12.262 Thread 0x000002737cef8240 Exception <a 'java/lang/NoSuchMethodError'{0x00000000887bdc90}: 'int java.lang.invoke.DelegatingMethodHandle$Holder.reinvoke_L(java.lang.Object, java.lang.Object, java.lang.Object, long, int, int)'> (0x00000000887bdc90) 
thrown [s\src\hotspot\share\interpreter\linkResolver.cpp, line 771]
Event: 12.264 Thread 0x000002737cef8240 Exception <a 'java/lang/NoSuchMethodError'{0x00000000887cda78}: 'int java.lang.invoke.DelegatingMethodHandle$Holder.reinvoke_L(java.lang.Object, java.lang.Object, java.lang.Object, long, long, long)'> (0x00000000887cda78) 
thrown [s\src\hotspot\share\interpreter\linkResolver.cpp, line 771]
Event: 12.266 Thread 0x000002737cef8240 Exception <a 'java/lang/NoSuchMethodError'{0x00000000887ddb68}: 'int java.lang.invoke.DelegatingMethodHandle$Holder.reinvoke_L(java.lang.Object, java.lang.Object, java.lang.Object, long, java.lang.Object, java.lang.Object)'> (0x00000000887ddb68) 
thrown [s\src\hotspot\share\interpreter\linkResolver.cpp, line 771]
Event: 12.269 Thread 0x000002737cef8240 Exception <a 'java/lang/NoSuchMethodError'{0x00000000887edaa0}: 'void java.lang.invoke.DelegatingMethodHandle$Holder.reinvoke_L(java.lang.Object, java.lang.Object, java.lang.Object, long, java.lang.Object)'> (0x00000000887edaa0) 
thrown [s\src\hotspot\share\interpreter\linkResolver.cpp, line 771]
Event: 12.275 Thread 0x000002737cef8240 Exception <a 'java/lang/NoSuchMethodError'{0x00000000887f63d0}: 'java.lang.Object java.lang.invoke.DirectMethodHandle$Holder.invokeSpecial(java.lang.Object, java.lang.Object, java.lang.Object, java.lang.Object, long)'> (0x00000000887f63d0) 
thrown [s\src\hotspot\share\interpreter\linkResolver.cpp, line 771]
Event: 12.280 Thread 0x000002737cef8240 Exception <a 'java/lang/NoSuchMethodError'{0x000000008861b830}: 'long java.lang.invoke.Invokers$Holder.invoke_MT(java.lang.Object, java.lang.Object, java.lang.Object, java.lang.Object)'> (0x000000008861b830) 
thrown [s\src\hotspot\share\interpreter\linkResolver.cpp, line 771]
Event: 12.283 Thread 0x000002737cef8240 Exception <a 'java/lang/NoSuchMethodError'{0x0000000088624930}: 'int java.lang.invoke.Invokers$Holder.invoke_MT(java.lang.Object, java.lang.Object, java.lang.Object, java.lang.Object)'> (0x0000000088624930) 
thrown [s\src\hotspot\share\interpreter\linkResolver.cpp, line 771]
Event: 12.287 Thread 0x000002737cef8240 Exception <a 'java/lang/NoSuchMethodError'{0x00000000886358e8}: 'int java.lang.invoke.DelegatingMethodHandle$Holder.reinvoke_L(java.lang.Object, java.lang.Object, java.lang.Object, long, int)'> (0x00000000886358e8) 
thrown [s\src\hotspot\share\interpreter\linkResolver.cpp, line 771]
Event: 12.291 Thread 0x000002737cef8240 Exception <a 'java/lang/NoSuchMethodError'{0x0000000088648e98}: 'java.lang.Object java.lang.invoke.Invokers$Holder.invokeExact_MT(java.lang.Object, java.lang.Object, long, java.lang.Object)'> (0x0000000088648e98) 
thrown [s\src\hotspot\share\interpreter\linkResolver.cpp, line 771]
Event: 12.568 Thread 0x000002737cef8240 Exception <a 'java/lang/NoSuchMethodError'{0x0000000087e54240}: 'java.lang.Object java.lang.invoke.DirectMethodHandle$Holder.invokeStaticInit(java.lang.Object, int)'> (0x0000000087e54240) 
thrown [s\src\hotspot\share\interpreter\linkResolver.cpp, line 771]

VM Operations (20 events):
Event: 10.248 Executing VM operation: G1CollectForAllocation done
Event: 10.365 Executing VM operation: G1Concurrent
Event: 10.371 Executing VM operation: G1Concurrent done
Event: 10.416 Executing VM operation: G1Concurrent
Event: 10.416 Executing VM operation: G1Concurrent done
Event: 10.500 Executing VM operation: HandshakeAllThreads
Event: 10.501 Executing VM operation: HandshakeAllThreads done
Event: 11.361 Executing VM operation: G1CollectForAllocation
Event: 11.371 Executing VM operation: G1CollectForAllocation done
Event: 11.458 Executing VM operation: G1CollectForAllocation
Event: 11.468 Executing VM operation: G1CollectForAllocation done
Event: 12.012 Executing VM operation: HandshakeAllThreads
Event: 12.013 Executing VM operation: HandshakeAllThreads done
Event: 12.096 Executing VM operation: HandshakeAllThreads
Event: 12.096 Executing VM operation: HandshakeAllThreads done
Event: 12.156 Executing VM operation: HandshakeAllThreads
Event: 12.157 Executing VM operation: HandshakeAllThreads done
Event: 12.158 Executing VM operation: HandshakeAllThreads
Event: 12.158 Executing VM operation: HandshakeAllThreads done
Event: 12.589 Executing VM operation: G1CollectForAllocation

Events (20 events):
Event: 10.511 Thread 0x000002737c0ccd30 flushing nmethod 0x00000273005b9f10
Event: 10.517 Thread 0x000002737c0ccd30 flushing nmethod 0x000002730098da10
Event: 10.583 Thread 0x000002737cb12370 Thread added: 0x000002737cb12370
Event: 10.775 Thread 0x000002737cb12370 Thread exited: 0x000002737cb12370
Event: 10.878 loading class java/util/ArrayList$SubList$1
Event: 10.879 loading class java/util/ArrayList$SubList$1 done
Event: 11.003 Thread 0x000002737cb11950 Thread added: 0x000002737cb11950
Event: 11.608 Thread 0x000002737cb15100 Thread added: 0x000002737cb15100
Event: 12.097 loading class java/util/Stack
Event: 12.097 loading class java/util/Stack done
Event: 12.134 loading class java/util/concurrent/LinkedBlockingDeque$Itr
Event: 12.134 loading class java/util/concurrent/LinkedBlockingDeque$AbstractItr
Event: 12.134 loading class java/util/concurrent/LinkedBlockingDeque$AbstractItr done
Event: 12.134 loading class java/util/concurrent/LinkedBlockingDeque$Itr done
Event: 12.423 loading class java/util/regex/Pattern$Behind
Event: 12.424 loading class java/util/regex/Pattern$Behind done
Event: 12.425 loading class javax/swing/text/html/HTMLEditorKit$ParserCallback
Event: 12.426 loading class javax/swing/text/html/HTMLEditorKit$ParserCallback done
Event: 12.499 loading class java/lang/AbstractMethodError
Event: 12.500 loading class java/lang/AbstractMethodError done


Dynamic libraries:
0x00007ff73d970000 - 0x00007ff73d97a000 	C:\Program Files\Android\Android Studio\jbr\bin\java.exe
0x00007ffcb0010000 - 0x00007ffcb0227000 	C:\WINDOWS\SYSTEM32\ntdll.dll
0x00007ffcaf480000 - 0x00007ffcaf544000 	C:\WINDOWS\System32\KERNEL32.DLL
0x00007ffcad470000 - 0x00007ffcad816000 	C:\WINDOWS\System32\KERNELBASE.dll
0x00007ffcad350000 - 0x00007ffcad461000 	C:\WINDOWS\System32\ucrtbase.dll
0x00007ffc8e8a0000 - 0x00007ffc8e8b7000 	C:\Program Files\Android\Android Studio\jbr\bin\jli.dll
0x00007ffc88280000 - 0x00007ffc8829b000 	C:\Program Files\Android\Android Studio\jbr\bin\VCRUNTIME140.dll
0x00007ffcadef0000 - 0x00007ffcae09e000 	C:\WINDOWS\System32\USER32.dll
0x00007ffcada10000 - 0x00007ffcada36000 	C:\WINDOWS\System32\win32u.dll
0x00007ffcaee80000 - 0x00007ffcaeea9000 	C:\WINDOWS\System32\GDI32.dll
0x00007ffcad8f0000 - 0x00007ffcada08000 	C:\WINDOWS\System32\gdi32full.dll
0x00007ffcad820000 - 0x00007ffcad8ba000 	C:\WINDOWS\System32\msvcp_win.dll
0x00007ffc91b20000 - 0x00007ffc91db3000 	C:\WINDOWS\WinSxS\amd64_microsoft.windows.common-controls_6595b64144ccf1df_6.0.22621.2506_none_270c5ae97388e100\COMCTL32.dll
0x00007ffcade40000 - 0x00007ffcadee7000 	C:\WINDOWS\System32\msvcrt.dll
0x00007ffcaff90000 - 0x00007ffcaffc1000 	C:\WINDOWS\System32\IMM32.DLL
0x00007ffc8f6f0000 - 0x00007ffc8f6fc000 	C:\Program Files\Android\Android Studio\jbr\bin\vcruntime140_1.dll
0x00007ffc87960000 - 0x00007ffc879ed000 	C:\Program Files\Android\Android Studio\jbr\bin\msvcp140.dll
0x00007ffc5e950000 - 0x00007ffc5f5be000 	C:\Program Files\Android\Android Studio\jbr\bin\server\jvm.dll
0x00007ffcafe30000 - 0x00007ffcafee3000 	C:\WINDOWS\System32\ADVAPI32.dll
0x00007ffcaf3c0000 - 0x00007ffcaf468000 	C:\WINDOWS\System32\sechost.dll
0x00007ffcad8c0000 - 0x00007ffcad8e8000 	C:\WINDOWS\System32\bcrypt.dll
0x00007ffcaf1f0000 - 0x00007ffcaf307000 	C:\WINDOWS\System32\RPCRT4.dll
0x00007ffca95e0000 - 0x00007ffca95e9000 	C:\WINDOWS\SYSTEM32\WSOCK32.dll
0x00007ffca2fb0000 - 0x00007ffca2fe4000 	C:\WINDOWS\SYSTEM32\WINMM.dll
0x00007ffc9e500000 - 0x00007ffc9e50a000 	C:\WINDOWS\SYSTEM32\VERSION.dll
0x00007ffcae900000 - 0x00007ffcae971000 	C:\WINDOWS\System32\WS2_32.dll
0x00007ffcac380000 - 0x00007ffcac398000 	C:\WINDOWS\SYSTEM32\kernel.appcore.dll
0x00007ffca9520000 - 0x00007ffca952a000 	C:\Program Files\Android\Android Studio\jbr\bin\jimage.dll
0x00007ffcaac60000 - 0x00007ffcaae93000 	C:\WINDOWS\SYSTEM32\DBGHELP.DLL
0x00007ffcaeaf0000 - 0x00007ffcaee79000 	C:\WINDOWS\System32\combase.dll
0x00007ffcadd60000 - 0x00007ffcade37000 	C:\WINDOWS\System32\OLEAUT32.dll
0x00007ffc92170000 - 0x00007ffc921a2000 	C:\WINDOWS\SYSTEM32\dbgcore.DLL
0x00007ffcada40000 - 0x00007ffcadaba000 	C:\WINDOWS\System32\bcryptPrimitives.dll
0x00007ffc8fd90000 - 0x00007ffc8fdb5000 	C:\Program Files\Android\Android Studio\jbr\bin\java.dll
0x00007ffca9500000 - 0x00007ffca9518000 	C:\Program Files\Android\Android Studio\jbr\bin\zip.dll
0x00007ffcae0a0000 - 0x00007ffcae8fa000 	C:\WINDOWS\System32\SHELL32.dll
0x00007ffcab2a0000 - 0x00007ffcabb96000 	C:\WINDOWS\SYSTEM32\windows.storage.dll
0x00007ffcab160000 - 0x00007ffcab29e000 	C:\WINDOWS\SYSTEM32\wintypes.dll
0x00007ffcaeec0000 - 0x00007ffcaefb3000 	C:\WINDOWS\System32\SHCORE.dll
0x00007ffcaf790000 - 0x00007ffcaf7ee000 	C:\WINDOWS\System32\shlwapi.dll
0x00007ffcad280000 - 0x00007ffcad2a6000 	C:\WINDOWS\SYSTEM32\profapi.dll
0x00007ffc8f700000 - 0x00007ffc8f719000 	C:\Program Files\Android\Android Studio\jbr\bin\net.dll
0x00007ffca6430000 - 0x00007ffca6567000 	C:\WINDOWS\SYSTEM32\WINHTTP.dll
0x00007ffcac800000 - 0x00007ffcac869000 	C:\WINDOWS\system32\mswsock.dll
0x00007ffc8e9b0000 - 0x00007ffc8e9c6000 	C:\Program Files\Android\Android Studio\jbr\bin\nio.dll
0x00007ffca69c0000 - 0x00007ffca69d0000 	C:\Program Files\Android\Android Studio\jbr\bin\verify.dll
0x00007ffc8e3c0000 - 0x00007ffc8e3e7000 	C:\Users\86199\.gradle\native\68d5fa5c4cc2d200863cafc0d521ce42e7d3e7ee720ec0a83991735586a16f82\windows-amd64\native-platform.dll
0x00007ffc63f40000 - 0x00007ffc64084000 	C:\Users\86199\.gradle\native\e376f236ea51e6404a007f0833ffe2c6e607c4080706a723a18a27aeea778392\windows-amd64\native-platform-file-events.dll
0x00007ffc8fe60000 - 0x00007ffc8fe69000 	C:\Program Files\Android\Android Studio\jbr\bin\management.dll
0x00007ffc8fd80000 - 0x00007ffc8fd8b000 	C:\Program Files\Android\Android Studio\jbr\bin\management_ext.dll
0x00007ffcaf9a0000 - 0x00007ffcaf9a8000 	C:\WINDOWS\System32\PSAPI.DLL
0x00007ffcaca50000 - 0x00007ffcaca6b000 	C:\WINDOWS\SYSTEM32\CRYPTSP.dll
0x00007ffcac2e0000 - 0x00007ffcac315000 	C:\WINDOWS\system32\rsaenh.dll
0x00007ffcac8f0000 - 0x00007ffcac91c000 	C:\WINDOWS\SYSTEM32\USERENV.dll
0x00007ffcaca70000 - 0x00007ffcaca7c000 	C:\WINDOWS\SYSTEM32\CRYPTBASE.dll
0x00007ffcabe00000 - 0x00007ffcabe2d000 	C:\WINDOWS\SYSTEM32\IPHLPAPI.DLL
0x00007ffcaf470000 - 0x00007ffcaf479000 	C:\WINDOWS\System32\NSI.dll
0x00007ffca6410000 - 0x00007ffca6429000 	C:\WINDOWS\SYSTEM32\dhcpcsvc6.DLL
0x00007ffca63f0000 - 0x00007ffca640f000 	C:\WINDOWS\SYSTEM32\dhcpcsvc.DLL
0x00007ffcabe30000 - 0x00007ffcabf29000 	C:\WINDOWS\SYSTEM32\DNSAPI.dll
0x00007ffc8fcf0000 - 0x00007ffc8fcf8000 	C:\WINDOWS\system32\wshunix.dll

dbghelp: loaded successfully - version: 4.0.5 - missing functions: none
symbol engine: initialized successfully - sym options: 0x614 - pdb path: .;C:\Program Files\Android\Android Studio\jbr\bin;C:\WINDOWS\SYSTEM32;C:\WINDOWS\WinSxS\amd64_microsoft.windows.common-controls_6595b64144ccf1df_6.0.22621.2506_none_270c5ae97388e100;C:\Program Files\Android\Android Studio\jbr\bin\server;C:\Users\86199\.gradle\native\68d5fa5c4cc2d200863cafc0d521ce42e7d3e7ee720ec0a83991735586a16f82\windows-amd64;C:\Users\86199\.gradle\native\e376f236ea51e6404a007f0833ffe2c6e607c4080706a723a18a27aeea778392\windows-amd64

VM Arguments:
jvm_args: --add-opens=java.base/java.util=ALL-UNNAMED --add-opens=java.base/java.lang=ALL-UNNAMED --add-opens=java.base/java.lang.invoke=ALL-UNNAMED --add-opens=java.prefs/java.util.prefs=ALL-UNNAMED --add-opens=java.base/java.nio.charset=ALL-UNNAMED --add-opens=java.base/java.net=ALL-UNNAMED --add-opens=java.base/java.util.concurrent.atomic=ALL-UNNAMED -Xmx2048m -Dfile.encoding=UTF-8 -Duser.country=CN -Duser.language=zh -Duser.variant 
java_command: org.gradle.launcher.daemon.bootstrap.GradleDaemon 8.0
java_class_path (initial): C:\Users\86199\.gradle\wrapper\dists\gradle-8.0-bin\ca5e32bp14vu59qr306oxotwh\gradle-8.0\lib\gradle-launcher-8.0.jar
Launcher Type: SUN_STANDARD

[Global flags]
     intx CICompilerCount                          = 4                                         {product} {ergonomic}
     uint ConcGCThreads                            = 2                                         {product} {ergonomic}
     uint G1ConcRefinementThreads                  = 8                                         {product} {ergonomic}
   size_t G1HeapRegionSize                         = 1048576                                   {product} {ergonomic}
    uintx GCDrainStackTargetSize                   = 64                                        {product} {ergonomic}
   size_t InitialHeapSize                          = 266338304                                 {product} {ergonomic}
   size_t MarkStackSize                            = 4194304                                   {product} {ergonomic}
   size_t MaxHeapSize                              = 2147483648                                {product} {command line}
   size_t MaxNewSize                               = 1287651328                                {product} {ergonomic}
   size_t MinHeapDeltaBytes                        = 1048576                                   {product} {ergonomic}
   size_t MinHeapSize                              = 8388608                                   {product} {ergonomic}
    uintx NonNMethodCodeHeapSize                   = 5839372                                {pd product} {ergonomic}
    uintx NonProfiledCodeHeapSize                  = 122909434                              {pd product} {ergonomic}
    uintx ProfiledCodeHeapSize                     = 122909434                              {pd product} {ergonomic}
    uintx ReservedCodeCacheSize                    = 251658240                              {pd product} {ergonomic}
     bool SegmentedCodeCache                       = true                                      {product} {ergonomic}
   size_t SoftMaxHeapSize                          = 2147483648                             {manageable} {ergonomic}
     bool UseCompressedClassPointers               = true                           {product lp64_product} {ergonomic}
     bool UseCompressedOops                        = true                           {product lp64_product} {ergonomic}
     bool UseG1GC                                  = true                                      {product} {ergonomic}
     bool UseLargePagesIndividualAllocation        = false                                  {pd product} {ergonomic}

Logging:
Log output configuration:
 #0: stdout all=warning uptime,level,tags
 #1: stderr all=off uptime,level,tags

Environment Variables:
JAVA_HOME=D:\android\Java
CLASSPATH=.;D:\android\Java\lib;D:\android\Java\lib\tools.jar
PATH=C:\Program Files\Java\jdk 1.8.0_341\bin;D:\android\Java\bin;D:\android\Java\jre\bin;D:\mysql\mysql-5.7.27-winx64\bin;c:\windows\system32;C:\WINDOWS\system32;D:\tomcat\apache-tomcat-8.5.47\bin;D:\Anaconda;D:\Anaconda\Scripts;D:\Anaconda\Library\bin;D:\Anaconda\Library\mingw-w64\bin;D:\tomcat\apache-tomcat-8.5.47\lib\;%OMCAT_HOME%\bin;C:\Program Files\Azure Data Studio\bin;C:\Users\86199\Downloads\ffmpeg-6.0-full_build\bin;C:\WINDOWS;C:\WINDOWS\System32\Wbem;C:\WINDOWS\System32\WindowsPowerShell\v1.0\;C:\WINDOWS\System32\OpenSSH\;D:\Download\web\dll;%MAVEN;HOME%\bin;"% ANDROID_SDK_HOME%\platform-tools;% ANDROID_SDK_HOME%\tools";D:\android\SDK\platform-tools;C:\WINDOWS\system32;D:\software\node.js\;D:\software\gradle-8.0\bin;D:\software\Git\Git\cmd;D:\Anaconda;D:\Anaconda\Library\mingw-w64\bin;D:\Anaconda\Library\usr\bin;D:\Anaconda\Library\bin;D:\Anaconda\Scripts;C:\Users\86199\AppData\Local\Microsoft\WindowsApps;C:\Program Files\JetBrains\PyCharm Community Edition 2021.3\bin;;%JAVA_HOME\bin;%IntelliJ IDEA Community Edition%;C:\Program Files (x86)\Tencent\QQGameTempest\Hall.57915\;C:\Program Files\Azure Data Studio\bin;D:\Download\Microsoft VS Code\bin;C:\Users\86199\AppData\Roaming\npm
USERNAME=86199
OS=Windows_NT
PROCESSOR_IDENTIFIER=Intel64 Family 6 Model 140 Stepping 1, GenuineIntel
TMP=C:\Users\86199\AppData\Local\Temp
TEMP=C:\Users\86199\AppData\Local\Temp


JNI global refs:
JNI global refs: 26, weak refs: 0

JNI global refs memory usage: 843, weak refs: 841


---------------  S Y S T E M  ---------------

OS:
 Windows 11 , 64 bit Build 22621 (10.0.22621.2506)
OS uptime: 0 days 8:44 hours

CPU: total 8 (initial active 8) (4 cores per cpu, 2 threads per core) family 6 model 140 stepping 1 microcode 0x86, cx8, cmov, fxsr, ht, mmx, 3dnowpref, sse, sse2, sse3, ssse3, sse4.1, sse4.2, popcnt, lzcnt, tsc, tscinvbit, avx, avx2, aes, erms, clmul, bmi1, bmi2, adx, avx512f, avx512dq, avx512cd, avx512bw, avx512vl, sha, fma, vzeroupper, avx512_vpopcntdq, avx512_vpclmulqdq, avx512_vaes, avx512_vnni, clflush, clflushopt, clwb, avx512_vbmi2, avx512_vbmi

Memory: 4k page, system-wide physical 16167M (2029M free)
TotalPageFile size 16167M (AvailPageFile size 5M)
current process WorkingSet (physical memory assigned to process): 385M, peak: 415M
current process commit charge ("private bytes"): 515M, peak: 589M

vm_info: OpenJDK 64-Bit Server VM (17.0.6+0-b2043.56-10027231) for windows-amd64 JRE (17.0.6+0-b2043.56-10027231), built on Apr 28 2023 00:43:19 by "androidbuild" with MS VC++ 16.10 / 16.11 (VS2019)

END.
