#
# There is insufficient memory for the Java Runtime Environment to continue.
# Native memory allocation (mmap) failed to map 285212672 bytes for G1 virtual space
# Possible reasons:
#   The system is out of physical RAM or swap space
#   The process is running with CompressedOops enabled, and the Java Heap may be blocking the growth of the native heap
# Possible solutions:
#   Reduce memory load on the system
#   Increase physical memory or swap space
#   Check if swap backing store is full
#   Decrease Java heap size (-Xmx/-Xms)
#   Decrease number of Java threads
#   Decrease Java thread stack sizes (-Xss)
#   Set larger code cache with -XX:ReservedCodeCacheSize=
#   JVM is running with Unscaled Compressed Oops mode in which the Java heap is
#     placed in the first 4GB address space. The Java Heap base address is the
#     maximum limit for the native heap growth. Please use -XX:HeapBaseMinAddress
#     to set the Java Heap base and to place the Java Heap above 4GB virtual address.
# This output file may be truncated or incomplete.
#
#  Out of Memory Error (os_windows.cpp:3769), pid=7048, tid=17184
#
# JRE version: OpenJDK Runtime Environment (17.0.6) (build 17.0.6+0-b2043.56-10027231)
# Java VM: OpenJDK 64-Bit Server VM (17.0.6+0-b2043.56-10027231, mixed mode, tiered, compressed oops, compressed class ptrs, g1 gc, windows-amd64)
# No core dump will be written. Minidumps are not enabled by default on client versions of Windows
#

---------------  S U M M A R Y ------------

Command Line: --add-opens=java.base/java.util=ALL-UNNAMED --add-opens=java.base/java.lang=ALL-UNNAMED --add-opens=java.base/java.lang.invoke=ALL-UNNAMED --add-opens=java.prefs/java.util.prefs=ALL-UNNAMED --add-opens=java.base/java.nio.charset=ALL-UNNAMED --add-opens=java.base/java.net=ALL-UNNAMED --add-opens=java.base/java.util.concurrent.atomic=ALL-UNNAMED -Xmx2048m -Dfile.encoding=UTF-8 -Duser.country=CN -Duser.language=zh -Duser.variant org.gradle.launcher.daemon.bootstrap.GradleDaemon 8.0

Host: 11th Gen Intel(R) Core(TM) i5-1135G7 @ 2.40GHz, 8 cores, 15G,  Windows 11 , 64 bit Build 22621 (10.0.22621.2506)
Time: Mon Jan 15 19:03:21 2024  Windows 11 , 64 bit Build 22621 (10.0.22621.2506) elapsed time: 29.114052 seconds (0d 0h 0m 29s)

---------------  T H R E A D  ---------------

Current thread (0x000002d3e7cb3ba0):  VMThread "VM Thread" [stack: 0x000000fcc0400000,0x000000fcc0500000] [id=17184]

Stack: [0x000000fcc0400000,0x000000fcc0500000]
Native frames: (J=compiled Java code, j=interpreted, Vv=VM code, C=native code)
V  [jvm.dll+0x683c9a]
V  [jvm.dll+0x8427a4]
V  [jvm.dll+0x843f9e]
V  [jvm.dll+0x844603]
V  [jvm.dll+0x249b75]
V  [jvm.dll+0x680b69]
V  [jvm.dll+0x67505a]
V  [jvm.dll+0x309acb]
V  [jvm.dll+0x310f86]
V  [jvm.dll+0x3608ee]
V  [jvm.dll+0x360b1f]
V  [jvm.dll+0x2dfbf8]
V  [jvm.dll+0x2ddec4]
V  [jvm.dll+0x2dd4cc]
V  [jvm.dll+0x321f3b]
V  [jvm.dll+0x848ccb]
V  [jvm.dll+0x849a04]
V  [jvm.dll+0x849f1d]
V  [jvm.dll+0x84a2f4]
V  [jvm.dll+0x84a3c0]
V  [jvm.dll+0x7f274a]
V  [jvm.dll+0x682ad5]
C  [ucrtbase.dll+0x29363]
C  [KERNEL32.DLL+0x1257d]
C  [ntdll.dll+0x5aa58]

VM_Operation (0x000000fcc1df4a90): G1CollectForAllocation, mode: safepoint, requested by thread 0x000002d3e9ef2400


---------------  P R O C E S S  ---------------

Threads class SMR info:
_java_thread_list=0x000002d3e8dc0fd0, length=128, elements={
0x000002d3cde3f650, 0x000002d3e883f030, 0x000002d3e883faf0, 0x000002d3e886ad70,
0x000002d3e886b830, 0x000002d3e8890000, 0x000002d3e88b4410, 0x000002d3e88b4d80,
0x000002d3e88b9120, 0x000002d3e88c2cc0, 0x000002d3e8a34010, 0x000002d3e8a38500,
0x000002d3ead04aa0, 0x000002d3e8a81a20, 0x000002d3eb2c1160, 0x000002d3eacd7030,
0x000002d3eb3f0fb0, 0x000002d3e9ef40e0, 0x000002d3e9ef2400, 0x000002d3e9ef1a60,
0x000002d3e9ef0bf0, 0x000002d3e9ef3270, 0x000002d3e9ef28d0, 0x000002d3e9ef3740,
0x000002d3e9ef0720, 0x000002d3e9ef3c10, 0x000002d3e9ef2da0, 0x000002d3ecd44560,
0x000002d3ecd458a0, 0x000002d3ecd46710, 0x000002d3ecd453d0, 0x000002d3ecd44090,
0x000002d3ecd46240, 0x000002d3ecd46be0, 0x000002d3ecd436f0, 0x000002d3ecd43bc0,
0x000002d3ecd44a30, 0x000002d3ecd470b0, 0x000002d3ecd44f00, 0x000002d3ecd45d70,
0x000002d3ec35c810, 0x000002d3ec35c340, 0x000002d3ec35cce0, 0x000002d3ec355490,
0x000002d3ec35b9a0, 0x000002d3ec356300, 0x000002d3ec35b000, 0x000002d3ec357b10,
0x000002d3ec357640, 0x000002d3ec3584b0, 0x000002d3ec3597f0, 0x000002d3ec355e30,
0x000002d3ec359320, 0x000002d3ec357170, 0x000002d3ec359cc0, 0x000002d3eb8ce4d0,
0x000002d3eb8cc320, 0x000002d3eb8d2d00, 0x000002d3eb8cfce0, 0x000002d3eb8cd660,
0x000002d3eb8cb4b0, 0x000002d3eb8cd190, 0x000002d3eb8cb980, 0x000002d3eb8cbe50,
0x000002d3eb8d1e90, 0x000002d3eb8d1020, 0x000002d3eb8ce000, 0x000002d3eb8ce9a0,
0x000002d3eb8cdb30, 0x000002d3eb8cee70, 0x000002d3eb8d01b0, 0x000002d3eb8cc7f0,
0x000002d3eb8d0680, 0x000002d3eb8d14f0, 0x000002d3eb8cf340, 0x000002d3eb8cccc0,
0x000002d3eb8cf810, 0x000002d3eb8d0b50, 0x000002d3eb8d19c0, 0x000002d3eb8d2360,
0x000002d3eb8d2830, 0x000002d3e980c060, 0x000002d3e980f550, 0x000002d3e9812a40,
0x000002d3e9812570, 0x000002d3e980c530, 0x000002d3e980ced0, 0x000002d3e980d3a0,
0x000002d3e9811230, 0x000002d3e98138b0, 0x000002d3e9811bd0, 0x000002d3e98103c0,
0x000002d3e980dd40, 0x000002d3e980e210, 0x000002d3e980e6e0, 0x000002d3e980ebb0,
0x000002d3e980f080, 0x000002d3e98120a0, 0x000002d3e980fa20, 0x000002d3e980fef0,
0x000002d3e9810890, 0x000002d3e9812f10, 0x000002d3e98133e0, 0x000002d3e9810d60,
0x000002d3e9811700, 0x000002d3e980ca00, 0x000002d3e980d870, 0x000002d3ee18e340,
0x000002d3ee192b70, 0x000002d3ee191830, 0x000002d3ee193040, 0x000002d3ee18fb50,
0x000002d3ee1951f0, 0x000002d3ee18de70, 0x000002d3ee191360, 0x000002d3ee1939e0,
0x000002d3ee194850, 0x000002d3ee191d00, 0x000002d3ee1926a0, 0x000002d3ee18ece0,
0x000002d3ee1921d0, 0x000002d3ee193510, 0x000002d3ee1909c0, 0x000002d3ee193eb0,
0x000002d3ee1956c0, 0x000002d3ee18e810, 0x000002d3ee190020, 0x000002d3f23d1680
}

Java Threads: ( => current thread )
  0x000002d3cde3f650 JavaThread "main" [_thread_blocked, id=8668, stack(0x000000fcbfe00000,0x000000fcbff00000)]
  0x000002d3e883f030 JavaThread "Reference Handler" daemon [_thread_blocked, id=4260, stack(0x000000fcc0500000,0x000000fcc0600000)]
  0x000002d3e883faf0 JavaThread "Finalizer" daemon [_thread_blocked, id=17784, stack(0x000000fcc0600000,0x000000fcc0700000)]
  0x000002d3e886ad70 JavaThread "Signal Dispatcher" daemon [_thread_blocked, id=9864, stack(0x000000fcc0700000,0x000000fcc0800000)]
  0x000002d3e886b830 JavaThread "Attach Listener" daemon [_thread_blocked, id=18496, stack(0x000000fcc0800000,0x000000fcc0900000)]
  0x000002d3e8890000 JavaThread "Service Thread" daemon [_thread_blocked, id=16532, stack(0x000000fcc0900000,0x000000fcc0a00000)]
  0x000002d3e88b4410 JavaThread "Monitor Deflation Thread" daemon [_thread_blocked, id=20376, stack(0x000000fcc0a00000,0x000000fcc0b00000)]
  0x000002d3e88b4d80 JavaThread "C2 CompilerThread0" daemon [_thread_blocked, id=8500, stack(0x000000fcc0b00000,0x000000fcc0c00000)]
  0x000002d3e88b9120 JavaThread "C1 CompilerThread0" daemon [_thread_blocked, id=16668, stack(0x000000fcc0c00000,0x000000fcc0d00000)]
  0x000002d3e88c2cc0 JavaThread "Sweeper thread" daemon [_thread_blocked, id=13464, stack(0x000000fcc0d00000,0x000000fcc0e00000)]
  0x000002d3e8a34010 JavaThread "Common-Cleaner" daemon [_thread_blocked, id=17684, stack(0x000000fcc0e00000,0x000000fcc0f00000)]
  0x000002d3e8a38500 JavaThread "Notification Thread" daemon [_thread_blocked, id=18628, stack(0x000000fcc0f00000,0x000000fcc1000000)]
  0x000002d3ead04aa0 JavaThread "Daemon health stats" [_thread_blocked, id=3432, stack(0x000000fcc1800000,0x000000fcc1900000)]
  0x000002d3e8a81a20 JavaThread "Incoming local TCP Connector on port 54583" [_thread_in_native, id=19548, stack(0x000000fcc1100000,0x000000fcc1200000)]
  0x000002d3eb2c1160 JavaThread "Daemon periodic checks" [_thread_blocked, id=13324, stack(0x000000fcc1200000,0x000000fcc1300000)]
  0x000002d3eacd7030 JavaThread "Daemon" [_thread_blocked, id=15968, stack(0x000000fcc1a00000,0x000000fcc1b00000)]
  0x000002d3eb3f0fb0 JavaThread "Handler for socket connection from /127.0.0.1:54583 to /127.0.0.1:54584" [_thread_in_native, id=7156, stack(0x000000fcc1b00000,0x000000fcc1c00000)]
  0x000002d3e9ef40e0 JavaThread "Cancel handler" [_thread_blocked, id=1564, stack(0x000000fcc1c00000,0x000000fcc1d00000)]
  0x000002d3e9ef2400 JavaThread "Daemon worker" [_thread_blocked, id=16628, stack(0x000000fcc1d00000,0x000000fcc1e00000)]
  0x000002d3e9ef1a60 JavaThread "Asynchronous log dispatcher for DefaultDaemonConnection: socket connection from /127.0.0.1:54583 to /127.0.0.1:54584" [_thread_blocked, id=19888, stack(0x000000fcc1e00000,0x000000fcc1f00000)]
  0x000002d3e9ef0bf0 JavaThread "Stdin handler" [_thread_blocked, id=14480, stack(0x000000fcc1f00000,0x000000fcc2000000)]
  0x000002d3e9ef3270 JavaThread "Daemon client event forwarder" [_thread_blocked, id=20424, stack(0x000000fcc2000000,0x000000fcc2100000)]
  0x000002d3e9ef28d0 JavaThread "Cache worker for journal cache (C:\Users\86199\.gradle\caches\journal-1)" [_thread_blocked, id=13780, stack(0x000000fcc1900000,0x000000fcc1a00000)]
  0x000002d3e9ef3740 JavaThread "File lock request listener" [_thread_in_native, id=18040, stack(0x000000fcc2400000,0x000000fcc2500000)]
  0x000002d3e9ef0720 JavaThread "Cache worker for file hash cache (C:\Users\86199\.gradle\caches\8.0\fileHashes)" [_thread_blocked, id=12364, stack(0x000000fcc2600000,0x000000fcc2700000)]
  0x000002d3e9ef3c10 JavaThread "File watcher server" daemon [_thread_in_native, id=13588, stack(0x000000fcc2800000,0x000000fcc2900000)]
  0x000002d3e9ef2da0 JavaThread "File watcher consumer" daemon [_thread_blocked, id=19412, stack(0x000000fcc2900000,0x000000fcc2a00000)]
  0x000002d3ecd44560 JavaThread "jar transforms" [_thread_blocked, id=17224, stack(0x000000fcc2a00000,0x000000fcc2b00000)]
  0x000002d3ecd458a0 JavaThread "jar transforms Thread 2" [_thread_blocked, id=4660, stack(0x000000fcc2b00000,0x000000fcc2c00000)]
  0x000002d3ecd46710 JavaThread "jar transforms Thread 3" [_thread_blocked, id=7176, stack(0x000000fcc2c00000,0x000000fcc2d00000)]
  0x000002d3ecd453d0 JavaThread "jar transforms Thread 4" [_thread_blocked, id=18512, stack(0x000000fcc2d00000,0x000000fcc2e00000)]
  0x000002d3ecd44090 JavaThread "jar transforms Thread 5" [_thread_blocked, id=19688, stack(0x000000fcc2e00000,0x000000fcc2f00000)]
  0x000002d3ecd46240 JavaThread "jar transforms Thread 6" [_thread_blocked, id=18928, stack(0x000000fcc2f00000,0x000000fcc3000000)]
  0x000002d3ecd46be0 JavaThread "jar transforms Thread 7" [_thread_blocked, id=15812, stack(0x000000fcc3000000,0x000000fcc3100000)]
  0x000002d3ecd436f0 JavaThread "jar transforms Thread 8" [_thread_blocked, id=17020, stack(0x000000fcc3100000,0x000000fcc3200000)]
  0x000002d3ecd43bc0 JavaThread "Cache worker for checksums cache (D:\MyApplication\.gradle\8.0\checksums)" [_thread_blocked, id=8568, stack(0x000000fcc3300000,0x000000fcc3400000)]
  0x000002d3ecd44a30 JavaThread "Cache worker for cache directory md-rule (C:\Users\86199\.gradle\caches\8.0\md-rule)" [_thread_blocked, id=18812, stack(0x000000fcc3400000,0x000000fcc3500000)]
  0x000002d3ecd470b0 JavaThread "Cache worker for file content cache (C:\Users\86199\.gradle\caches\8.0\fileContent)" [_thread_blocked, id=1764, stack(0x000000fcc3500000,0x000000fcc3600000)]
  0x000002d3ecd44f00 JavaThread "Cache worker for file hash cache (D:\MyApplication\.gradle\8.0\fileHashes)" [_thread_blocked, id=3000, stack(0x000000fcc3600000,0x000000fcc3700000)]
  0x000002d3ecd45d70 JavaThread "Cache worker for cache directory md-supplier (C:\Users\86199\.gradle\caches\8.0\md-supplier)" [_thread_blocked, id=12296, stack(0x000000fcc3700000,0x000000fcc3800000)]
  0x000002d3ec35c810 JavaThread "Cache worker for execution history cache (C:\Users\86199\.gradle\caches\8.0\executionHistory)" [_thread_blocked, id=16208, stack(0x000000fcc3800000,0x000000fcc3900000)]
  0x000002d3ec35c340 JavaThread "Cache worker for kotlin-dsl (C:\Users\86199\.gradle\caches\8.0\kotlin-dsl)" [_thread_blocked, id=17532, stack(0x000000fcc3900000,0x000000fcc3a00000)]
  0x000002d3ec35cce0 JavaThread "Cache worker for dependencies-accessors (D:\MyApplication\.gradle\8.0\dependencies-accessors)" [_thread_blocked, id=1088, stack(0x000000fcc3a00000,0x000000fcc3b00000)]
  0x000002d3ec355490 JavaThread "Cache worker for Build Output Cleanup Cache (D:\MyApplication\.gradle\buildOutputCleanup)" [_thread_blocked, id=8496, stack(0x000000fcc3b00000,0x000000fcc3c00000)]
  0x000002d3ec35b9a0 JavaThread "Unconstrained build operations" [_thread_blocked, id=9628, stack(0x000000fcc3c00000,0x000000fcc3d00000)]
  0x000002d3ec356300 JavaThread "Unconstrained build operations Thread 2" [_thread_blocked, id=20148, stack(0x000000fcc3d00000,0x000000fcc3e00000)]
  0x000002d3ec35b000 JavaThread "Unconstrained build operations Thread 3" [_thread_blocked, id=8380, stack(0x000000fcc3e00000,0x000000fcc3f00000)]
  0x000002d3ec357b10 JavaThread "Unconstrained build operations Thread 4" [_thread_blocked, id=16416, stack(0x000000fcc3f00000,0x000000fcc4000000)]
  0x000002d3ec357640 JavaThread "Unconstrained build operations Thread 5" [_thread_blocked, id=13080, stack(0x000000fcc4000000,0x000000fcc4100000)]
  0x000002d3ec3584b0 JavaThread "Unconstrained build operations Thread 6" [_thread_blocked, id=20040, stack(0x000000fcc4100000,0x000000fcc4200000)]
  0x000002d3ec3597f0 JavaThread "Unconstrained build operations Thread 7" [_thread_blocked, id=764, stack(0x000000fcc4200000,0x000000fcc4300000)]
  0x000002d3ec355e30 JavaThread "Unconstrained build operations Thread 8" [_thread_blocked, id=11272, stack(0x000000fcc4300000,0x000000fcc4400000)]
  0x000002d3ec359320 JavaThread "Unconstrained build operations Thread 9" [_thread_blocked, id=15616, stack(0x000000fcc4400000,0x000000fcc4500000)]
  0x000002d3ec357170 JavaThread "Unconstrained build operations Thread 10" [_thread_blocked, id=18740, stack(0x000000fcc4500000,0x000000fcc4600000)]
  0x000002d3ec359cc0 JavaThread "Unconstrained build operations Thread 11" [_thread_blocked, id=17668, stack(0x000000fcc4600000,0x000000fcc4700000)]
  0x000002d3eb8ce4d0 JavaThread "Unconstrained build operations Thread 12" [_thread_blocked, id=17732, stack(0x000000fcc4700000,0x000000fcc4800000)]
  0x000002d3eb8cc320 JavaThread "Unconstrained build operations Thread 13" [_thread_blocked, id=14080, stack(0x000000fcc4800000,0x000000fcc4900000)]
  0x000002d3eb8d2d00 JavaThread "Unconstrained build operations Thread 14" [_thread_blocked, id=20120, stack(0x000000fcc4900000,0x000000fcc4a00000)]
  0x000002d3eb8cfce0 JavaThread "Unconstrained build operations Thread 15" [_thread_blocked, id=17052, stack(0x000000fcc4a00000,0x000000fcc4b00000)]
  0x000002d3eb8cd660 JavaThread "Unconstrained build operations Thread 16" [_thread_blocked, id=18712, stack(0x000000fcc4b00000,0x000000fcc4c00000)]
  0x000002d3eb8cb4b0 JavaThread "Unconstrained build operations Thread 17" [_thread_blocked, id=18476, stack(0x000000fcc4c00000,0x000000fcc4d00000)]
  0x000002d3eb8cd190 JavaThread "Unconstrained build operations Thread 18" [_thread_blocked, id=8984, stack(0x000000fcc4d00000,0x000000fcc4e00000)]
  0x000002d3eb8cb980 JavaThread "Unconstrained build operations Thread 19" [_thread_blocked, id=17000, stack(0x000000fcc4e00000,0x000000fcc4f00000)]
  0x000002d3eb8cbe50 JavaThread "Unconstrained build operations Thread 20" [_thread_blocked, id=17640, stack(0x000000fcc4f00000,0x000000fcc5000000)]
  0x000002d3eb8d1e90 JavaThread "Unconstrained build operations Thread 21" [_thread_blocked, id=15012, stack(0x000000fcc5000000,0x000000fcc5100000)]
  0x000002d3eb8d1020 JavaThread "Unconstrained build operations Thread 22" [_thread_blocked, id=20096, stack(0x000000fcc5100000,0x000000fcc5200000)]
  0x000002d3eb8ce000 JavaThread "Unconstrained build operations Thread 23" [_thread_blocked, id=2724, stack(0x000000fcc5200000,0x000000fcc5300000)]
  0x000002d3eb8ce9a0 JavaThread "Unconstrained build operations Thread 24" [_thread_blocked, id=8488, stack(0x000000fcc5300000,0x000000fcc5400000)]
  0x000002d3eb8cdb30 JavaThread "Unconstrained build operations Thread 25" [_thread_blocked, id=13008, stack(0x000000fcc5400000,0x000000fcc5500000)]
  0x000002d3eb8cee70 JavaThread "Unconstrained build operations Thread 26" [_thread_blocked, id=17768, stack(0x000000fcc5500000,0x000000fcc5600000)]
  0x000002d3eb8d01b0 JavaThread "Unconstrained build operations Thread 27" [_thread_blocked, id=17092, stack(0x000000fcc5600000,0x000000fcc5700000)]
  0x000002d3eb8cc7f0 JavaThread "Unconstrained build operations Thread 28" [_thread_blocked, id=20412, stack(0x000000fcc5700000,0x000000fcc5800000)]
  0x000002d3eb8d0680 JavaThread "Unconstrained build operations Thread 29" [_thread_blocked, id=19512, stack(0x000000fcc5800000,0x000000fcc5900000)]
  0x000002d3eb8d14f0 JavaThread "Unconstrained build operations Thread 30" [_thread_blocked, id=900, stack(0x000000fcc5900000,0x000000fcc5a00000)]
  0x000002d3eb8cf340 JavaThread "Unconstrained build operations Thread 31" [_thread_blocked, id=15844, stack(0x000000fcc5a00000,0x000000fcc5b00000)]
  0x000002d3eb8cccc0 JavaThread "Unconstrained build operations Thread 32" [_thread_blocked, id=16972, stack(0x000000fcc5b00000,0x000000fcc5c00000)]
  0x000002d3eb8cf810 JavaThread "Unconstrained build operations Thread 33" [_thread_blocked, id=2620, stack(0x000000fcc5c00000,0x000000fcc5d00000)]
  0x000002d3eb8d0b50 JavaThread "Unconstrained build operations Thread 34" [_thread_blocked, id=19528, stack(0x000000fcc5d00000,0x000000fcc5e00000)]
  0x000002d3eb8d19c0 JavaThread "Unconstrained build operations Thread 35" [_thread_blocked, id=5148, stack(0x000000fcc5e00000,0x000000fcc5f00000)]
  0x000002d3eb8d2360 JavaThread "Unconstrained build operations Thread 36" [_thread_blocked, id=8532, stack(0x000000fcc5f00000,0x000000fcc6000000)]
  0x000002d3eb8d2830 JavaThread "Unconstrained build operations Thread 37" [_thread_blocked, id=18012, stack(0x000000fcc6000000,0x000000fcc6100000)]
  0x000002d3e980c060 JavaThread "Unconstrained build operations Thread 38" [_thread_blocked, id=19808, stack(0x000000fcc6100000,0x000000fcc6200000)]
  0x000002d3e980f550 JavaThread "Unconstrained build operations Thread 39" [_thread_blocked, id=1888, stack(0x000000fcc6200000,0x000000fcc6300000)]
  0x000002d3e9812a40 JavaThread "Unconstrained build operations Thread 40" [_thread_blocked, id=2732, stack(0x000000fcc6300000,0x000000fcc6400000)]
  0x000002d3e9812570 JavaThread "Unconstrained build operations Thread 41" [_thread_blocked, id=17508, stack(0x000000fcc6400000,0x000000fcc6500000)]
  0x000002d3e980c530 JavaThread "Unconstrained build operations Thread 42" [_thread_blocked, id=17136, stack(0x000000fcc6500000,0x000000fcc6600000)]
  0x000002d3e980ced0 JavaThread "Unconstrained build operations Thread 43" [_thread_blocked, id=18076, stack(0x000000fcc6600000,0x000000fcc6700000)]
  0x000002d3e980d3a0 JavaThread "Unconstrained build operations Thread 44" [_thread_blocked, id=15572, stack(0x000000fcc6700000,0x000000fcc6800000)]
  0x000002d3e9811230 JavaThread "Unconstrained build operations Thread 45" [_thread_blocked, id=5964, stack(0x000000fcc6800000,0x000000fcc6900000)]
  0x000002d3e98138b0 JavaThread "Unconstrained build operations Thread 46" [_thread_blocked, id=2032, stack(0x000000fcc6900000,0x000000fcc6a00000)]
  0x000002d3e9811bd0 JavaThread "Unconstrained build operations Thread 47" [_thread_blocked, id=19516, stack(0x000000fcc6a00000,0x000000fcc6b00000)]
  0x000002d3e98103c0 JavaThread "Unconstrained build operations Thread 48" [_thread_blocked, id=19540, stack(0x000000fcc6b00000,0x000000fcc6c00000)]
  0x000002d3e980dd40 JavaThread "Unconstrained build operations Thread 49" [_thread_blocked, id=18364, stack(0x000000fcc6c00000,0x000000fcc6d00000)]
  0x000002d3e980e210 JavaThread "Unconstrained build operations Thread 50" [_thread_blocked, id=18304, stack(0x000000fcc6d00000,0x000000fcc6e00000)]
  0x000002d3e980e6e0 JavaThread "Unconstrained build operations Thread 51" [_thread_blocked, id=19628, stack(0x000000fcc6e00000,0x000000fcc6f00000)]
  0x000002d3e980ebb0 JavaThread "Unconstrained build operations Thread 52" [_thread_blocked, id=15060, stack(0x000000fcc6f00000,0x000000fcc7000000)]
  0x000002d3e980f080 JavaThread "Unconstrained build operations Thread 53" [_thread_blocked, id=18684, stack(0x000000fcc7000000,0x000000fcc7100000)]
  0x000002d3e98120a0 JavaThread "Unconstrained build operations Thread 54" [_thread_blocked, id=20448, stack(0x000000fcc7100000,0x000000fcc7200000)]
  0x000002d3e980fa20 JavaThread "Unconstrained build operations Thread 55" [_thread_blocked, id=19812, stack(0x000000fcc7200000,0x000000fcc7300000)]
  0x000002d3e980fef0 JavaThread "Unconstrained build operations Thread 56" [_thread_blocked, id=16880, stack(0x000000fcc7300000,0x000000fcc7400000)]
  0x000002d3e9810890 JavaThread "Unconstrained build operations Thread 57" [_thread_blocked, id=19312, stack(0x000000fcc7400000,0x000000fcc7500000)]
  0x000002d3e9812f10 JavaThread "Unconstrained build operations Thread 58" [_thread_blocked, id=13904, stack(0x000000fcc7500000,0x000000fcc7600000)]
  0x000002d3e98133e0 JavaThread "Unconstrained build operations Thread 59" [_thread_blocked, id=14216, stack(0x000000fcc7600000,0x000000fcc7700000)]
  0x000002d3e9810d60 JavaThread "Unconstrained build operations Thread 60" [_thread_blocked, id=18716, stack(0x000000fcc7700000,0x000000fcc7800000)]
  0x000002d3e9811700 JavaThread "Unconstrained build operations Thread 61" [_thread_blocked, id=16420, stack(0x000000fcc7800000,0x000000fcc7900000)]
  0x000002d3e980ca00 JavaThread "Unconstrained build operations Thread 62" [_thread_blocked, id=18468, stack(0x000000fcc7900000,0x000000fcc7a00000)]
  0x000002d3e980d870 JavaThread "Unconstrained build operations Thread 63" [_thread_blocked, id=20184, stack(0x000000fcc7a00000,0x000000fcc7b00000)]
  0x000002d3ee18e340 JavaThread "Unconstrained build operations Thread 64" [_thread_blocked, id=15284, stack(0x000000fcc7b00000,0x000000fcc7c00000)]
  0x000002d3ee192b70 JavaThread "Unconstrained build operations Thread 65" [_thread_blocked, id=18736, stack(0x000000fcc7c00000,0x000000fcc7d00000)]
  0x000002d3ee191830 JavaThread "Unconstrained build operations Thread 66" [_thread_blocked, id=16656, stack(0x000000fcc7d00000,0x000000fcc7e00000)]
  0x000002d3ee193040 JavaThread "Unconstrained build operations Thread 67" [_thread_blocked, id=1216, stack(0x000000fcc7e00000,0x000000fcc7f00000)]
  0x000002d3ee18fb50 JavaThread "Unconstrained build operations Thread 68" [_thread_blocked, id=15892, stack(0x000000fcc7f00000,0x000000fcc8000000)]
  0x000002d3ee1951f0 JavaThread "Unconstrained build operations Thread 69" [_thread_blocked, id=12652, stack(0x000000fcc8000000,0x000000fcc8100000)]
  0x000002d3ee18de70 JavaThread "Unconstrained build operations Thread 70" [_thread_blocked, id=20064, stack(0x000000fcc8100000,0x000000fcc8200000)]
  0x000002d3ee191360 JavaThread "Unconstrained build operations Thread 71" [_thread_blocked, id=18836, stack(0x000000fcc8200000,0x000000fcc8300000)]
  0x000002d3ee1939e0 JavaThread "Unconstrained build operations Thread 72" [_thread_blocked, id=19132, stack(0x000000fcc8300000,0x000000fcc8400000)]
  0x000002d3ee194850 JavaThread "Unconstrained build operations Thread 73" [_thread_blocked, id=17760, stack(0x000000fcc8400000,0x000000fcc8500000)]
  0x000002d3ee191d00 JavaThread "Unconstrained build operations Thread 74" [_thread_blocked, id=3488, stack(0x000000fcc8500000,0x000000fcc8600000)]
  0x000002d3ee1926a0 JavaThread "Unconstrained build operations Thread 75" [_thread_blocked, id=16800, stack(0x000000fcc8600000,0x000000fcc8700000)]
  0x000002d3ee18ece0 JavaThread "Unconstrained build operations Thread 76" [_thread_blocked, id=5764, stack(0x000000fcc8700000,0x000000fcc8800000)]
  0x000002d3ee1921d0 JavaThread "Unconstrained build operations Thread 77" [_thread_blocked, id=10528, stack(0x000000fcc8800000,0x000000fcc8900000)]
  0x000002d3ee193510 JavaThread "Unconstrained build operations Thread 78" [_thread_blocked, id=7768, stack(0x000000fcc8900000,0x000000fcc8a00000)]
  0x000002d3ee1909c0 JavaThread "Unconstrained build operations Thread 79" [_thread_blocked, id=17016, stack(0x000000fcc8a00000,0x000000fcc8b00000)]
  0x000002d3ee193eb0 JavaThread "Unconstrained build operations Thread 80" [_thread_blocked, id=15468, stack(0x000000fcc8b00000,0x000000fcc8c00000)]
  0x000002d3ee1956c0 JavaThread "Memory manager" [_thread_blocked, id=18488, stack(0x000000fcc8c00000,0x000000fcc8d00000)]
  0x000002d3ee18e810 JavaThread "build event listener" [_thread_blocked, id=19780, stack(0x000000fcc8d00000,0x000000fcc8e00000)]
  0x000002d3ee190020 JavaThread "build event listener" [_thread_blocked, id=11252, stack(0x000000fcc8e00000,0x000000fcc8f00000)]
  0x000002d3f23d1680 JavaThread "C2 CompilerThread1" daemon [_thread_blocked, id=880, stack(0x000000fcc2500000,0x000000fcc2600000)]

Other Threads:
=>0x000002d3e7cb3ba0 VMThread "VM Thread" [stack: 0x000000fcc0400000,0x000000fcc0500000] [id=17184]
  0x000002d3e7c84ac0 WatcherThread [stack: 0x000000fcc1000000,0x000000fcc1100000] [id=15440]
  0x000002d3cde9a870 GCTaskThread "GC Thread#0" [stack: 0x000000fcbff00000,0x000000fcc0000000] [id=10768]
  0x000002d3e8e42240 GCTaskThread "GC Thread#1" [stack: 0x000000fcc1300000,0x000000fcc1400000] [id=16216]
  0x000002d3e962a540 GCTaskThread "GC Thread#2" [stack: 0x000000fcc1400000,0x000000fcc1500000] [id=14964]
  0x000002d3e962a7f0 GCTaskThread "GC Thread#3" [stack: 0x000000fcc1500000,0x000000fcc1600000] [id=2508]
  0x000002d3e962aaa0 GCTaskThread "GC Thread#4" [stack: 0x000000fcc1600000,0x000000fcc1700000] [id=16788]
  0x000002d3e962ad50 GCTaskThread "GC Thread#5" [stack: 0x000000fcc1700000,0x000000fcc1800000] [id=19648]
  0x000002d3e9ef7060 GCTaskThread "GC Thread#6" [stack: 0x000000fcc2100000,0x000000fcc2200000] [id=9020]
  0x000002d3e9d2d9a0 GCTaskThread "GC Thread#7" [stack: 0x000000fcc2200000,0x000000fcc2300000] [id=1720]
  0x000002d3cdeab7b0 ConcurrentGCThread "G1 Main Marker" [stack: 0x000000fcc0000000,0x000000fcc0100000] [id=16840]
  0x000002d3cdeac960 ConcurrentGCThread "G1 Conc#0" [stack: 0x000000fcc0100000,0x000000fcc0200000] [id=14744]
  0x000002d3eb425440 ConcurrentGCThread "G1 Conc#1" [stack: 0x000000fcc2300000,0x000000fcc2400000] [id=17500]
  0x000002d3cdefe690 ConcurrentGCThread "G1 Refine#0" [stack: 0x000000fcc0200000,0x000000fcc0300000] [id=6600]
  0x000002d3e9e792e0 ConcurrentGCThread "G1 Refine#1" [stack: 0x000000fcc3200000,0x000000fcc3300000] [id=13136]
  0x000002d3ef815270 ConcurrentGCThread "G1 Refine#2" [stack: 0x000000fcc2700000,0x000000fcc2800000] [id=5968]
  0x000002d3ef814f90 ConcurrentGCThread "G1 Refine#3" [stack: 0x000000fcc8f00000,0x000000fcc9000000] [id=156]
  0x000002d3ef815b10 ConcurrentGCThread "G1 Refine#4" [stack: 0x000000fcc9000000,0x000000fcc9100000] [id=4824]
  0x000002d3e7b4a310 ConcurrentGCThread "G1 Service" [stack: 0x000000fcc0300000,0x000000fcc0400000] [id=19700]

Threads with active compile tasks:
C2 CompilerThread0    29286 11779       4       org.jetbrains.kotlin.serialization.deserialization.descriptors.DeserializedMemberScope::getContributedFunctions (24 bytes)
C2 CompilerThread1    29287 11780       4       org.jetbrains.kotlin.serialization.deserialization.descriptors.DeserializedMemberScope$OptimizedImplementation::getContributedFunctions (48 bytes)

VM state: at safepoint (normal execution)

VM Mutex/Monitor currently owned by a thread:  ([mutex/lock_event])
[0x000002d3cde3a200] Threads_lock - owner thread: 0x000002d3e7cb3ba0
[0x000002d3cde3a050] Heap_lock - owner thread: 0x000002d3e9ef2400

Heap address: 0x0000000080000000, size: 2048 MB, Compressed Oops mode: 32-bit

CDS archive(s) not mapped
Compressed class space mapped at: 0x0000000100000000-0x0000000140000000, reserved size: 1073741824
Narrow klass base: 0x0000000000000000, Narrow klass shift: 3, Narrow klass range: 0x140000000

GC Precious Log:
 CPUs: 8 total, 8 available
 Memory: 16167M
 Large Page Support: Disabled
 NUMA Support: Disabled
 Compressed Oops: Enabled (32-bit)
 Heap Region Size: 1M
 Heap Min Capacity: 8M
 Heap Initial Capacity: 254M
 Heap Max Capacity: 2G
 Pre-touch: Disabled
 Parallel Workers: 8
 Concurrent Workers: 2
 Concurrent Refinement Workers: 8
 Periodic GC: Disabled

Heap:
 garbage-first heap   total 278528K, used 169335K [0x0000000080000000, 0x0000000100000000)
  region size 1024K, 5 young (5120K), 5 survivors (5120K)
 Metaspace       used 123329K, committed 124096K, reserved 1163264K
  class space    used 16233K, committed 16576K, reserved 1048576K

Heap Regions: E=young(eden), S=young(survivor), O=old, HS=humongous(starts), HC=humongous(continues), CS=collection set, F=free, OA=open archive, CA=closed archive, TAMS=top-at-mark-start (previous, next)
|   0|0x0000000080000000, 0x0000000080100000, 0x0000000080100000|100%|HS|  |TAMS 0x0000000080100000, 0x0000000080100000| Complete 
|   1|0x0000000080100000, 0x0000000080200000, 0x0000000080200000|100%|HC|  |TAMS 0x0000000080200000, 0x0000000080200000| Complete 
|   2|0x0000000080200000, 0x0000000080300000, 0x0000000080300000|100%|HC|  |TAMS 0x0000000080300000, 0x0000000080300000| Complete 
|   3|0x0000000080300000, 0x0000000080400000, 0x0000000080400000|100%|HC|  |TAMS 0x0000000080400000, 0x0000000080400000| Complete 
|   4|0x0000000080400000, 0x0000000080500000, 0x0000000080500000|100%| O|  |TAMS 0x0000000080500000, 0x0000000080500000| Untracked 
|   5|0x0000000080500000, 0x0000000080600000, 0x0000000080600000|100%| O|  |TAMS 0x0000000080600000, 0x0000000080600000| Untracked 
|   6|0x0000000080600000, 0x0000000080700000, 0x0000000080700000|100%| O|  |TAMS 0x0000000080700000, 0x0000000080700000| Untracked 
|   7|0x0000000080700000, 0x0000000080800000, 0x0000000080800000|100%| O|  |TAMS 0x0000000080800000, 0x0000000080800000| Untracked 
|   8|0x0000000080800000, 0x0000000080900000, 0x0000000080900000|100%| O|  |TAMS 0x0000000080900000, 0x0000000080900000| Untracked 
|   9|0x0000000080900000, 0x0000000080a00000, 0x0000000080a00000|100%| O|  |TAMS 0x0000000080a00000, 0x0000000080a00000| Untracked 
|  10|0x0000000080a00000, 0x0000000080b00000, 0x0000000080b00000|100%| O|  |TAMS 0x0000000080b00000, 0x0000000080b00000| Untracked 
|  11|0x0000000080b00000, 0x0000000080c00000, 0x0000000080c00000|100%| O|  |TAMS 0x0000000080c00000, 0x0000000080c00000| Untracked 
|  12|0x0000000080c00000, 0x0000000080d00000, 0x0000000080d00000|100%| O|  |TAMS 0x0000000080d00000, 0x0000000080d00000| Untracked 
|  13|0x0000000080d00000, 0x0000000080e00000, 0x0000000080e00000|100%| O|  |TAMS 0x0000000080e00000, 0x0000000080e00000| Untracked 
|  14|0x0000000080e00000, 0x0000000080f00000, 0x0000000080f00000|100%| O|  |TAMS 0x0000000080f00000, 0x0000000080f00000| Untracked 
|  15|0x0000000080f00000, 0x0000000081000000, 0x0000000081000000|100%| O|  |TAMS 0x0000000081000000, 0x0000000081000000| Untracked 
|  16|0x0000000081000000, 0x0000000081100000, 0x0000000081100000|100%| O|  |TAMS 0x0000000081100000, 0x0000000081100000| Untracked 
|  17|0x0000000081100000, 0x0000000081200000, 0x0000000081200000|100%| O|  |TAMS 0x0000000081200000, 0x0000000081200000| Untracked 
|  18|0x0000000081200000, 0x0000000081300000, 0x0000000081300000|100%| O|  |TAMS 0x0000000081300000, 0x0000000081300000| Untracked 
|  19|0x0000000081300000, 0x0000000081400000, 0x0000000081400000|100%|HS|  |TAMS 0x0000000081400000, 0x0000000081400000| Complete 
|  20|0x0000000081400000, 0x0000000081500000, 0x0000000081500000|100%|HC|  |TAMS 0x0000000081500000, 0x0000000081500000| Complete 
|  21|0x0000000081500000, 0x0000000081600000, 0x0000000081600000|100%|HS|  |TAMS 0x0000000081600000, 0x0000000081600000| Complete 
|  22|0x0000000081600000, 0x0000000081700000, 0x0000000081700000|100%|HC|  |TAMS 0x0000000081700000, 0x0000000081700000| Complete 
|  23|0x0000000081700000, 0x0000000081800000, 0x0000000081800000|100%|HC|  |TAMS 0x0000000081800000, 0x0000000081800000| Complete 
|  24|0x0000000081800000, 0x0000000081900000, 0x0000000081900000|100%| O|  |TAMS 0x0000000081900000, 0x0000000081900000| Untracked 
|  25|0x0000000081900000, 0x0000000081a00000, 0x0000000081a00000|100%| O|  |TAMS 0x0000000081a00000, 0x0000000081a00000| Untracked 
|  26|0x0000000081a00000, 0x0000000081b00000, 0x0000000081b00000|100%| O|  |TAMS 0x0000000081b00000, 0x0000000081b00000| Untracked 
|  27|0x0000000081b00000, 0x0000000081c00000, 0x0000000081c00000|100%|HS|  |TAMS 0x0000000081c00000, 0x0000000081c00000| Complete 
|  28|0x0000000081c00000, 0x0000000081d00000, 0x0000000081d00000|100%|HC|  |TAMS 0x0000000081d00000, 0x0000000081d00000| Complete 
|  29|0x0000000081d00000, 0x0000000081e00000, 0x0000000081e00000|100%|HC|  |TAMS 0x0000000081e00000, 0x0000000081e00000| Complete 
|  30|0x0000000081e00000, 0x0000000081f00000, 0x0000000081f00000|100%| O|  |TAMS 0x0000000081f00000, 0x0000000081f00000| Untracked 
|  31|0x0000000081f00000, 0x0000000082000000, 0x0000000082000000|100%| O|  |TAMS 0x0000000082000000, 0x0000000082000000| Untracked 
|  32|0x0000000082000000, 0x0000000082100000, 0x0000000082100000|100%| O|  |TAMS 0x0000000082100000, 0x0000000082100000| Untracked 
|  33|0x0000000082100000, 0x0000000082200000, 0x0000000082200000|100%|HS|  |TAMS 0x0000000082200000, 0x0000000082200000| Complete 
|  34|0x0000000082200000, 0x0000000082300000, 0x0000000082300000|100%|HC|  |TAMS 0x0000000082300000, 0x0000000082300000| Complete 
|  35|0x0000000082300000, 0x0000000082400000, 0x0000000082400000|100%| O|  |TAMS 0x0000000082400000, 0x0000000082400000| Untracked 
|  36|0x0000000082400000, 0x0000000082500000, 0x0000000082500000|100%| O|  |TAMS 0x0000000082500000, 0x0000000082500000| Untracked 
|  37|0x0000000082500000, 0x0000000082600000, 0x0000000082600000|100%| O|  |TAMS 0x0000000082600000, 0x0000000082600000| Untracked 
|  38|0x0000000082600000, 0x0000000082700000, 0x0000000082700000|100%| O|  |TAMS 0x0000000082700000, 0x0000000082700000| Untracked 
|  39|0x0000000082700000, 0x0000000082800000, 0x0000000082800000|100%| O|  |TAMS 0x0000000082800000, 0x0000000082800000| Untracked 
|  40|0x0000000082800000, 0x0000000082900000, 0x0000000082900000|100%| O|  |TAMS 0x0000000082900000, 0x0000000082900000| Untracked 
|  41|0x0000000082900000, 0x0000000082a00000, 0x0000000082a00000|100%| O|  |TAMS 0x0000000082a00000, 0x0000000082a00000| Untracked 
|  42|0x0000000082a00000, 0x0000000082b00000, 0x0000000082b00000|100%|HS|  |TAMS 0x0000000082b00000, 0x0000000082b00000| Complete 
|  43|0x0000000082b00000, 0x0000000082c00000, 0x0000000082c00000|100%|HC|  |TAMS 0x0000000082c00000, 0x0000000082c00000| Complete 
|  44|0x0000000082c00000, 0x0000000082d00000, 0x0000000082d00000|100%|HC|  |TAMS 0x0000000082d00000, 0x0000000082d00000| Complete 
|  45|0x0000000082d00000, 0x0000000082e00000, 0x0000000082e00000|100%|HS|  |TAMS 0x0000000082e00000, 0x0000000082e00000| Complete 
|  46|0x0000000082e00000, 0x0000000082f00000, 0x0000000082f00000|100%|HC|  |TAMS 0x0000000082f00000, 0x0000000082f00000| Complete 
|  47|0x0000000082f00000, 0x0000000083000000, 0x0000000083000000|100%|HC|  |TAMS 0x0000000083000000, 0x0000000083000000| Complete 
|  48|0x0000000083000000, 0x0000000083100000, 0x0000000083100000|100%|HC|  |TAMS 0x0000000083100000, 0x0000000083100000| Complete 
|  49|0x0000000083100000, 0x0000000083200000, 0x0000000083200000|100%|HC|  |TAMS 0x0000000083200000, 0x0000000083200000| Complete 
|  50|0x0000000083200000, 0x0000000083300000, 0x0000000083300000|100%|HC|  |TAMS 0x0000000083300000, 0x0000000083300000| Complete 
|  51|0x0000000083300000, 0x0000000083400000, 0x0000000083400000|100%|HC|  |TAMS 0x0000000083400000, 0x0000000083400000| Complete 
|  52|0x0000000083400000, 0x0000000083500000, 0x0000000083500000|100%|HC|  |TAMS 0x0000000083500000, 0x0000000083500000| Complete 
|  53|0x0000000083500000, 0x0000000083600000, 0x0000000083600000|100%|HC|  |TAMS 0x0000000083600000, 0x0000000083600000| Complete 
|  54|0x0000000083600000, 0x0000000083700000, 0x0000000083700000|100%|HC|  |TAMS 0x0000000083700000, 0x0000000083700000| Complete 
|  55|0x0000000083700000, 0x0000000083800000, 0x0000000083800000|100%|HC|  |TAMS 0x0000000083800000, 0x0000000083800000| Complete 
|  56|0x0000000083800000, 0x0000000083900000, 0x0000000083900000|100%|HC|  |TAMS 0x0000000083900000, 0x0000000083900000| Complete 
|  57|0x0000000083900000, 0x0000000083a00000, 0x0000000083a00000|100%|HS|  |TAMS 0x0000000083a00000, 0x0000000083a00000| Complete 
|  58|0x0000000083a00000, 0x0000000083b00000, 0x0000000083b00000|100%|HC|  |TAMS 0x0000000083b00000, 0x0000000083b00000| Complete 
|  59|0x0000000083b00000, 0x0000000083c00000, 0x0000000083c00000|100%|HC|  |TAMS 0x0000000083c00000, 0x0000000083c00000| Complete 
|  60|0x0000000083c00000, 0x0000000083d00000, 0x0000000083d00000|100%| O|  |TAMS 0x0000000083d00000, 0x0000000083d00000| Untracked 
|  61|0x0000000083d00000, 0x0000000083e00000, 0x0000000083e00000|100%| O|  |TAMS 0x0000000083e00000, 0x0000000083e00000| Untracked 
|  62|0x0000000083e00000, 0x0000000083f00000, 0x0000000083f00000|100%| O|  |TAMS 0x0000000083f00000, 0x0000000083f00000| Untracked 
|  63|0x0000000083f00000, 0x0000000084000000, 0x0000000084000000|100%| O|  |TAMS 0x0000000084000000, 0x0000000084000000| Untracked 
|  64|0x0000000084000000, 0x0000000084100000, 0x0000000084100000|100%| O|  |TAMS 0x0000000084100000, 0x0000000084100000| Untracked 
|  65|0x0000000084100000, 0x0000000084200000, 0x0000000084200000|100%| O|  |TAMS 0x0000000084200000, 0x0000000084200000| Untracked 
|  66|0x0000000084200000, 0x0000000084300000, 0x0000000084300000|100%| O|  |TAMS 0x0000000084300000, 0x0000000084300000| Untracked 
|  67|0x0000000084300000, 0x0000000084400000, 0x0000000084400000|100%| O|  |TAMS 0x0000000084400000, 0x0000000084400000| Untracked 
|  68|0x0000000084400000, 0x0000000084500000, 0x0000000084500000|100%| O|  |TAMS 0x0000000084500000, 0x0000000084500000| Untracked 
|  69|0x0000000084500000, 0x0000000084600000, 0x0000000084600000|100%| O|  |TAMS 0x0000000084600000, 0x0000000084600000| Untracked 
|  70|0x0000000084600000, 0x0000000084700000, 0x0000000084700000|100%| O|  |TAMS 0x0000000084700000, 0x0000000084700000| Untracked 
|  71|0x0000000084700000, 0x0000000084800000, 0x0000000084800000|100%| O|  |TAMS 0x0000000084800000, 0x0000000084800000| Untracked 
|  72|0x0000000084800000, 0x0000000084900000, 0x0000000084900000|100%|HS|  |TAMS 0x0000000084900000, 0x0000000084900000| Complete 
|  73|0x0000000084900000, 0x0000000084a00000, 0x0000000084a00000|100%|HS|  |TAMS 0x0000000084a00000, 0x0000000084a00000| Complete 
|  74|0x0000000084a00000, 0x0000000084b00000, 0x0000000084b00000|100%|HS|  |TAMS 0x0000000084b00000, 0x0000000084b00000| Complete 
|  75|0x0000000084b00000, 0x0000000084c00000, 0x0000000084c00000|100%|HC|  |TAMS 0x0000000084c00000, 0x0000000084c00000| Complete 
|  76|0x0000000084c00000, 0x0000000084d00000, 0x0000000084d00000|100%|HS|  |TAMS 0x0000000084d00000, 0x0000000084d00000| Complete 
|  77|0x0000000084d00000, 0x0000000084e00000, 0x0000000084e00000|100%|HS|  |TAMS 0x0000000084e00000, 0x0000000084e00000| Complete 
|  78|0x0000000084e00000, 0x0000000084f00000, 0x0000000084f00000|100%|HC|  |TAMS 0x0000000084f00000, 0x0000000084f00000| Complete 
|  79|0x0000000084f00000, 0x0000000085000000, 0x0000000085000000|100%|HC|  |TAMS 0x0000000085000000, 0x0000000085000000| Complete 
|  80|0x0000000085000000, 0x0000000085100000, 0x0000000085100000|100%|HC|  |TAMS 0x0000000085100000, 0x0000000085100000| Complete 
|  81|0x0000000085100000, 0x0000000085200000, 0x0000000085200000|100%| O|  |TAMS 0x0000000085200000, 0x0000000085200000| Untracked 
|  82|0x0000000085200000, 0x0000000085300000, 0x0000000085300000|100%| O|  |TAMS 0x0000000085300000, 0x0000000085300000| Untracked 
|  83|0x0000000085300000, 0x0000000085400000, 0x0000000085400000|100%| O|  |TAMS 0x0000000085400000, 0x0000000085400000| Untracked 
|  84|0x0000000085400000, 0x0000000085500000, 0x0000000085500000|100%| O|  |TAMS 0x0000000085500000, 0x0000000085500000| Untracked 
|  85|0x0000000085500000, 0x0000000085600000, 0x0000000085600000|100%| O|  |TAMS 0x0000000085600000, 0x0000000085600000| Untracked 
|  86|0x0000000085600000, 0x0000000085700000, 0x0000000085700000|100%| O|  |TAMS 0x0000000085700000, 0x0000000085700000| Untracked 
|  87|0x0000000085700000, 0x0000000085800000, 0x0000000085800000|100%| O|  |TAMS 0x0000000085800000, 0x0000000085800000| Untracked 
|  88|0x0000000085800000, 0x0000000085900000, 0x0000000085900000|100%| O|  |TAMS 0x0000000085900000, 0x0000000085900000| Untracked 
|  89|0x0000000085900000, 0x0000000085a00000, 0x0000000085a00000|100%| O|  |TAMS 0x0000000085a00000, 0x0000000085a00000| Untracked 
|  90|0x0000000085a00000, 0x0000000085b00000, 0x0000000085b00000|100%| O|  |TAMS 0x0000000085b00000, 0x0000000085b00000| Untracked 
|  91|0x0000000085b00000, 0x0000000085c00000, 0x0000000085c00000|100%| O|  |TAMS 0x0000000085c00000, 0x0000000085c00000| Untracked 
|  92|0x0000000085c00000, 0x0000000085d00000, 0x0000000085d00000|100%| O|  |TAMS 0x0000000085d00000, 0x0000000085d00000| Untracked 
|  93|0x0000000085d00000, 0x0000000085e00000, 0x0000000085e00000|100%| O|  |TAMS 0x0000000085e00000, 0x0000000085e00000| Untracked 
|  94|0x0000000085e00000, 0x0000000085f00000, 0x0000000085f00000|100%| O|  |TAMS 0x0000000085f00000, 0x0000000085f00000| Untracked 
|  95|0x0000000085f00000, 0x0000000086000000, 0x0000000086000000|100%| O|  |TAMS 0x0000000086000000, 0x0000000086000000| Untracked 
|  96|0x0000000086000000, 0x0000000086100000, 0x0000000086100000|100%|HS|  |TAMS 0x0000000086100000, 0x0000000086100000| Complete 
|  97|0x0000000086100000, 0x0000000086200000, 0x0000000086200000|100%|HC|  |TAMS 0x0000000086200000, 0x0000000086200000| Complete 
|  98|0x0000000086200000, 0x0000000086300000, 0x0000000086300000|100%|HC|  |TAMS 0x0000000086300000, 0x0000000086300000| Complete 
|  99|0x0000000086300000, 0x0000000086400000, 0x0000000086400000|100%|HC|  |TAMS 0x0000000086400000, 0x0000000086400000| Complete 
| 100|0x0000000086400000, 0x0000000086500000, 0x0000000086500000|100%| O|  |TAMS 0x0000000086500000, 0x0000000086500000| Untracked 
| 101|0x0000000086500000, 0x0000000086600000, 0x0000000086600000|100%| O|  |TAMS 0x0000000086600000, 0x0000000086600000| Untracked 
| 102|0x0000000086600000, 0x0000000086700000, 0x0000000086700000|100%| O|  |TAMS 0x0000000086700000, 0x0000000086700000| Untracked 
| 103|0x0000000086700000, 0x0000000086800000, 0x0000000086800000|100%| O|  |TAMS 0x0000000086800000, 0x0000000086800000| Untracked 
| 104|0x0000000086800000, 0x0000000086900000, 0x0000000086900000|100%| O|  |TAMS 0x0000000086900000, 0x0000000086900000| Untracked 
| 105|0x0000000086900000, 0x0000000086a00000, 0x0000000086a00000|100%| O|  |TAMS 0x0000000086a00000, 0x0000000086a00000| Untracked 
| 106|0x0000000086a00000, 0x0000000086b00000, 0x0000000086b00000|100%| O|  |TAMS 0x0000000086b00000, 0x0000000086b00000| Untracked 
| 107|0x0000000086b00000, 0x0000000086c00000, 0x0000000086c00000|100%| O|  |TAMS 0x0000000086c00000, 0x0000000086c00000| Untracked 
| 108|0x0000000086c00000, 0x0000000086d00000, 0x0000000086d00000|100%| O|  |TAMS 0x0000000086d00000, 0x0000000086d00000| Untracked 
| 109|0x0000000086d00000, 0x0000000086e00000, 0x0000000086e00000|100%| O|  |TAMS 0x0000000086e00000, 0x0000000086e00000| Untracked 
| 110|0x0000000086e00000, 0x0000000086f00000, 0x0000000086f00000|100%| O|  |TAMS 0x0000000086f00000, 0x0000000086f00000| Untracked 
| 111|0x0000000086f00000, 0x0000000087000000, 0x0000000087000000|100%| O|  |TAMS 0x0000000087000000, 0x0000000087000000| Untracked 
| 112|0x0000000087000000, 0x0000000087100000, 0x0000000087100000|100%| O|  |TAMS 0x0000000087100000, 0x0000000087100000| Untracked 
| 113|0x0000000087100000, 0x0000000087200000, 0x0000000087200000|100%| O|  |TAMS 0x0000000087200000, 0x0000000087200000| Untracked 
| 114|0x0000000087200000, 0x0000000087300000, 0x0000000087300000|100%| O|  |TAMS 0x0000000087300000, 0x0000000087300000| Untracked 
| 115|0x0000000087300000, 0x0000000087400000, 0x0000000087400000|100%| O|  |TAMS 0x0000000087400000, 0x0000000087400000| Untracked 
| 116|0x0000000087400000, 0x0000000087500000, 0x0000000087500000|100%| O|  |TAMS 0x0000000087500000, 0x0000000087500000| Untracked 
| 117|0x0000000087500000, 0x0000000087600000, 0x0000000087600000|100%| O|  |TAMS 0x0000000087600000, 0x0000000087600000| Untracked 
| 118|0x0000000087600000, 0x0000000087700000, 0x0000000087700000|100%| O|  |TAMS 0x0000000087700000, 0x0000000087700000| Untracked 
| 119|0x0000000087700000, 0x0000000087800000, 0x0000000087800000|100%| O|  |TAMS 0x0000000087800000, 0x0000000087800000| Untracked 
| 120|0x0000000087800000, 0x0000000087900000, 0x0000000087900000|100%| O|  |TAMS 0x0000000087900000, 0x0000000087900000| Untracked 
| 121|0x0000000087900000, 0x0000000087a00000, 0x0000000087a00000|100%| O|  |TAMS 0x0000000087a00000, 0x0000000087a00000| Untracked 
| 122|0x0000000087a00000, 0x0000000087b00000, 0x0000000087b00000|100%| O|  |TAMS 0x0000000087b00000, 0x0000000087b00000| Untracked 
| 123|0x0000000087b00000, 0x0000000087c00000, 0x0000000087c00000|100%| O|  |TAMS 0x0000000087c00000, 0x0000000087c00000| Untracked 
| 124|0x0000000087c00000, 0x0000000087d00000, 0x0000000087d00000|100%| O|  |TAMS 0x0000000087d00000, 0x0000000087d00000| Untracked 
| 125|0x0000000087d00000, 0x0000000087e00000, 0x0000000087e00000|100%| O|  |TAMS 0x0000000087e00000, 0x0000000087e00000| Untracked 
| 126|0x0000000087e00000, 0x0000000087f00000, 0x0000000087f00000|100%| O|  |TAMS 0x0000000087f00000, 0x0000000087f00000| Untracked 
| 127|0x0000000087f00000, 0x0000000088000000, 0x0000000088000000|100%| O|  |TAMS 0x0000000087f00000, 0x0000000088000000| Untracked 
| 128|0x0000000088000000, 0x0000000088100000, 0x0000000088100000|100%|HS|  |TAMS 0x0000000088100000, 0x0000000088100000| Complete 
| 129|0x0000000088100000, 0x0000000088200000, 0x0000000088200000|100%|HC|  |TAMS 0x0000000088200000, 0x0000000088200000| Complete 
| 130|0x0000000088200000, 0x0000000088300000, 0x0000000088300000|100%|HC|  |TAMS 0x0000000088300000, 0x0000000088300000| Complete 
| 131|0x0000000088300000, 0x0000000088400000, 0x0000000088400000|100%|HC|  |TAMS 0x0000000088400000, 0x0000000088400000| Complete 
| 132|0x0000000088400000, 0x0000000088500000, 0x0000000088500000|100%|HC|  |TAMS 0x0000000088500000, 0x0000000088500000| Complete 
| 133|0x0000000088500000, 0x0000000088600000, 0x0000000088600000|100%|HC|  |TAMS 0x0000000088600000, 0x0000000088600000| Complete 
| 134|0x0000000088600000, 0x0000000088700000, 0x0000000088700000|100%| O|  |TAMS 0x0000000088700000, 0x0000000088700000| Untracked 
| 135|0x0000000088700000, 0x0000000088800000, 0x0000000088800000|100%| O|  |TAMS 0x0000000088800000, 0x0000000088800000| Untracked 
| 136|0x0000000088800000, 0x0000000088900000, 0x0000000088900000|100%| O|  |TAMS 0x0000000088900000, 0x0000000088900000| Untracked 
| 137|0x0000000088900000, 0x0000000088a00000, 0x0000000088a00000|100%| O|  |TAMS 0x0000000088a00000, 0x0000000088a00000| Untracked 
| 138|0x0000000088a00000, 0x0000000088b00000, 0x0000000088b00000|100%| O|  |TAMS 0x0000000088b00000, 0x0000000088b00000| Untracked 
| 139|0x0000000088b00000, 0x0000000088c00000, 0x0000000088c00000|100%| O|  |TAMS 0x0000000088c00000, 0x0000000088c00000| Untracked 
| 140|0x0000000088c00000, 0x0000000088d00000, 0x0000000088d00000|100%| O|  |TAMS 0x0000000088d00000, 0x0000000088d00000| Untracked 
| 141|0x0000000088d00000, 0x0000000088e00000, 0x0000000088e00000|100%| O|  |TAMS 0x0000000088e00000, 0x0000000088e00000| Untracked 
| 142|0x0000000088e00000, 0x0000000088f00000, 0x0000000088f00000|100%| O|  |TAMS 0x0000000088f00000, 0x0000000088f00000| Untracked 
| 143|0x0000000088f00000, 0x0000000089000000, 0x0000000089000000|100%| O|  |TAMS 0x0000000089000000, 0x0000000089000000| Untracked 
| 144|0x0000000089000000, 0x0000000089100000, 0x0000000089100000|100%| O|  |TAMS 0x0000000089100000, 0x0000000089100000| Untracked 
| 145|0x0000000089100000, 0x0000000089100000, 0x0000000089200000|  0%| F|  |TAMS 0x0000000089100000, 0x0000000089100000| Untracked 
| 146|0x0000000089200000, 0x0000000089300000, 0x0000000089300000|100%| O|  |TAMS 0x0000000089300000, 0x0000000089300000| Untracked 
| 147|0x0000000089300000, 0x0000000089400000, 0x0000000089400000|100%| O|  |TAMS 0x0000000089400000, 0x0000000089400000| Untracked 
| 148|0x0000000089400000, 0x0000000089500000, 0x0000000089500000|100%| O|  |TAMS 0x0000000089500000, 0x0000000089500000| Untracked 
| 149|0x0000000089500000, 0x0000000089600000, 0x0000000089600000|100%| O|  |TAMS 0x0000000089600000, 0x0000000089600000| Untracked 
| 150|0x0000000089600000, 0x0000000089700000, 0x0000000089700000|100%| O|  |TAMS 0x0000000089700000, 0x0000000089700000| Untracked 
| 151|0x0000000089700000, 0x0000000089800000, 0x0000000089800000|100%| O|  |TAMS 0x0000000089800000, 0x0000000089800000| Untracked 
| 152|0x0000000089800000, 0x0000000089900000, 0x0000000089900000|100%| O|  |TAMS 0x00000000898d4a00, 0x0000000089900000| Untracked 
| 153|0x0000000089900000, 0x0000000089a00000, 0x0000000089a00000|100%| O|  |TAMS 0x0000000089900000, 0x0000000089a00000| Untracked 
| 154|0x0000000089a00000, 0x0000000089b00000, 0x0000000089b00000|100%| O|  |TAMS 0x0000000089a00000, 0x0000000089b00000| Untracked 
| 155|0x0000000089b00000, 0x0000000089c00000, 0x0000000089c00000|100%| O|  |TAMS 0x0000000089b00000, 0x0000000089c00000| Untracked 
| 156|0x0000000089c00000, 0x0000000089d00000, 0x0000000089d00000|100%| O|  |TAMS 0x0000000089c00000, 0x0000000089d00000| Untracked 
| 157|0x0000000089d00000, 0x0000000089e00000, 0x0000000089e00000|100%| O|  |TAMS 0x0000000089d00000, 0x0000000089e00000| Untracked 
| 158|0x0000000089e00000, 0x0000000089f00000, 0x0000000089f00000|100%| O|  |TAMS 0x0000000089e00000, 0x0000000089f00000| Untracked 
| 159|0x0000000089f00000, 0x000000008a000000, 0x000000008a000000|100%| O|  |TAMS 0x0000000089f00000, 0x000000008a000000| Untracked 
| 160|0x000000008a000000, 0x000000008a100000, 0x000000008a100000|100%| O|  |TAMS 0x000000008a000000, 0x000000008a100000| Untracked 
| 161|0x000000008a100000, 0x000000008a1ac200, 0x000000008a200000| 67%| O|  |TAMS 0x000000008a100000, 0x000000008a1ac200| Untracked 
| 162|0x000000008a200000, 0x000000008a200000, 0x000000008a300000|  0%| F|  |TAMS 0x000000008a200000, 0x000000008a200000| Untracked 
| 163|0x000000008a300000, 0x000000008a300000, 0x000000008a400000|  0%| F|  |TAMS 0x000000008a300000, 0x000000008a300000| Untracked 
| 164|0x000000008a400000, 0x000000008a400000, 0x000000008a500000|  0%| F|  |TAMS 0x000000008a400000, 0x000000008a400000| Untracked 
| 165|0x000000008a500000, 0x000000008a500000, 0x000000008a600000|  0%| F|  |TAMS 0x000000008a500000, 0x000000008a500000| Untracked 
| 166|0x000000008a600000, 0x000000008a600000, 0x000000008a700000|  0%| F|  |TAMS 0x000000008a600000, 0x000000008a600000| Untracked 
| 167|0x000000008a700000, 0x000000008a700000, 0x000000008a800000|  0%| F|  |TAMS 0x000000008a700000, 0x000000008a700000| Untracked 
| 168|0x000000008a800000, 0x000000008a800000, 0x000000008a900000|  0%| F|  |TAMS 0x000000008a800000, 0x000000008a800000| Untracked 
| 169|0x000000008a900000, 0x000000008a900000, 0x000000008aa00000|  0%| F|  |TAMS 0x000000008a900000, 0x000000008a900000| Untracked 
| 170|0x000000008aa00000, 0x000000008aa00000, 0x000000008ab00000|  0%| F|  |TAMS 0x000000008aa00000, 0x000000008aa00000| Untracked 
| 171|0x000000008ab00000, 0x000000008ab00000, 0x000000008ac00000|  0%| F|  |TAMS 0x000000008ab00000, 0x000000008ab00000| Untracked 
| 172|0x000000008ac00000, 0x000000008ac00000, 0x000000008ad00000|  0%| F|  |TAMS 0x000000008ac00000, 0x000000008ac00000| Untracked 
| 173|0x000000008ad00000, 0x000000008ad00000, 0x000000008ae00000|  0%| F|  |TAMS 0x000000008ad00000, 0x000000008ad00000| Untracked 
| 174|0x000000008ae00000, 0x000000008ae00000, 0x000000008af00000|  0%| F|  |TAMS 0x000000008ae00000, 0x000000008ae00000| Untracked 
| 175|0x000000008af00000, 0x000000008af00000, 0x000000008b000000|  0%| F|  |TAMS 0x000000008af00000, 0x000000008af00000| Untracked 
| 176|0x000000008b000000, 0x000000008b000000, 0x000000008b100000|  0%| F|  |TAMS 0x000000008b000000, 0x000000008b000000| Untracked 
| 177|0x000000008b100000, 0x000000008b100000, 0x000000008b200000|  0%| F|  |TAMS 0x000000008b100000, 0x000000008b100000| Untracked 
| 178|0x000000008b200000, 0x000000008b200000, 0x000000008b300000|  0%| F|  |TAMS 0x000000008b200000, 0x000000008b200000| Untracked 
| 179|0x000000008b300000, 0x000000008b300000, 0x000000008b400000|  0%| F|  |TAMS 0x000000008b300000, 0x000000008b300000| Untracked 
| 180|0x000000008b400000, 0x000000008b400000, 0x000000008b500000|  0%| F|  |TAMS 0x000000008b400000, 0x000000008b400000| Untracked 
| 181|0x000000008b500000, 0x000000008b500000, 0x000000008b600000|  0%| F|  |TAMS 0x000000008b500000, 0x000000008b500000| Untracked 
| 182|0x000000008b600000, 0x000000008b600000, 0x000000008b700000|  0%| F|  |TAMS 0x000000008b600000, 0x000000008b600000| Untracked 
| 183|0x000000008b700000, 0x000000008b700000, 0x000000008b800000|  0%| F|  |TAMS 0x000000008b700000, 0x000000008b700000| Untracked 
| 184|0x000000008b800000, 0x000000008b800000, 0x000000008b900000|  0%| F|  |TAMS 0x000000008b800000, 0x000000008b800000| Untracked 
| 185|0x000000008b900000, 0x000000008b900000, 0x000000008ba00000|  0%| F|  |TAMS 0x000000008b900000, 0x000000008b900000| Untracked 
| 186|0x000000008ba00000, 0x000000008ba00000, 0x000000008bb00000|  0%| F|  |TAMS 0x000000008ba00000, 0x000000008ba00000| Untracked 
| 187|0x000000008bb00000, 0x000000008bb00000, 0x000000008bc00000|  0%| F|  |TAMS 0x000000008bb00000, 0x000000008bb00000| Untracked 
| 188|0x000000008bc00000, 0x000000008bc00000, 0x000000008bd00000|  0%| F|  |TAMS 0x000000008bc00000, 0x000000008bc00000| Untracked 
| 189|0x000000008bd00000, 0x000000008bd00000, 0x000000008be00000|  0%| F|  |TAMS 0x000000008bd00000, 0x000000008bd00000| Untracked 
| 190|0x000000008be00000, 0x000000008be00000, 0x000000008bf00000|  0%| F|  |TAMS 0x000000008be00000, 0x000000008be00000| Untracked 
| 191|0x000000008bf00000, 0x000000008bf00000, 0x000000008c000000|  0%| F|  |TAMS 0x000000008bf00000, 0x000000008bf00000| Untracked 
| 192|0x000000008c000000, 0x000000008c000000, 0x000000008c100000|  0%| F|  |TAMS 0x000000008c000000, 0x000000008c000000| Untracked 
| 193|0x000000008c100000, 0x000000008c100000, 0x000000008c200000|  0%| F|  |TAMS 0x000000008c100000, 0x000000008c100000| Untracked 
| 194|0x000000008c200000, 0x000000008c200000, 0x000000008c300000|  0%| F|  |TAMS 0x000000008c200000, 0x000000008c200000| Untracked 
| 195|0x000000008c300000, 0x000000008c300000, 0x000000008c400000|  0%| F|  |TAMS 0x000000008c300000, 0x000000008c300000| Untracked 
| 196|0x000000008c400000, 0x000000008c400000, 0x000000008c500000|  0%| F|  |TAMS 0x000000008c400000, 0x000000008c400000| Untracked 
| 197|0x000000008c500000, 0x000000008c500000, 0x000000008c600000|  0%| F|  |TAMS 0x000000008c500000, 0x000000008c500000| Untracked 
| 198|0x000000008c600000, 0x000000008c600000, 0x000000008c700000|  0%| F|  |TAMS 0x000000008c600000, 0x000000008c600000| Untracked 
| 199|0x000000008c700000, 0x000000008c700000, 0x000000008c800000|  0%| F|  |TAMS 0x000000008c700000, 0x000000008c700000| Untracked 
| 200|0x000000008c800000, 0x000000008c800000, 0x000000008c900000|  0%| F|  |TAMS 0x000000008c800000, 0x000000008c800000| Untracked 
| 201|0x000000008c900000, 0x000000008c900000, 0x000000008ca00000|  0%| F|  |TAMS 0x000000008c900000, 0x000000008c900000| Untracked 
| 202|0x000000008ca00000, 0x000000008ca00000, 0x000000008cb00000|  0%| F|  |TAMS 0x000000008ca00000, 0x000000008ca00000| Untracked 
| 203|0x000000008cb00000, 0x000000008cb00000, 0x000000008cc00000|  0%| F|  |TAMS 0x000000008cb00000, 0x000000008cb00000| Untracked 
| 204|0x000000008cc00000, 0x000000008cc00000, 0x000000008cd00000|  0%| F|  |TAMS 0x000000008cc00000, 0x000000008cc00000| Untracked 
| 205|0x000000008cd00000, 0x000000008cdb1a00, 0x000000008ce00000| 69%| S|CS|TAMS 0x000000008cd00000, 0x000000008cd00000| Complete 
| 206|0x000000008ce00000, 0x000000008cf00000, 0x000000008cf00000|100%| S|CS|TAMS 0x000000008ce00000, 0x000000008ce00000| Complete 
| 207|0x000000008cf00000, 0x000000008d000000, 0x000000008d000000|100%| S|CS|TAMS 0x000000008cf00000, 0x000000008cf00000| Complete 
| 208|0x000000008d000000, 0x000000008d100000, 0x000000008d100000|100%| S|CS|TAMS 0x000000008d000000, 0x000000008d000000| Complete 
| 209|0x000000008d100000, 0x000000008d200000, 0x000000008d200000|100%| S|CS|TAMS 0x000000008d100000, 0x000000008d100000| Complete 
| 210|0x000000008d200000, 0x000000008d200000, 0x000000008d300000|  0%| F|  |TAMS 0x000000008d200000, 0x000000008d200000| Untracked 
| 211|0x000000008d300000, 0x000000008d300000, 0x000000008d400000|  0%| F|  |TAMS 0x000000008d300000, 0x000000008d300000| Untracked 
| 212|0x000000008d400000, 0x000000008d400000, 0x000000008d500000|  0%| F|  |TAMS 0x000000008d400000, 0x000000008d400000| Untracked 
| 213|0x000000008d500000, 0x000000008d500000, 0x000000008d600000|  0%| F|  |TAMS 0x000000008d500000, 0x000000008d500000| Untracked 
| 214|0x000000008d600000, 0x000000008d600000, 0x000000008d700000|  0%| F|  |TAMS 0x000000008d600000, 0x000000008d600000| Untracked 
| 215|0x000000008d700000, 0x000000008d700000, 0x000000008d800000|  0%| F|  |TAMS 0x000000008d700000, 0x000000008d700000| Untracked 
| 216|0x000000008d800000, 0x000000008d800000, 0x000000008d900000|  0%| F|  |TAMS 0x000000008d800000, 0x000000008d800000| Untracked 
| 217|0x000000008d900000, 0x000000008d900000, 0x000000008da00000|  0%| F|  |TAMS 0x000000008d900000, 0x000000008d900000| Untracked 
| 218|0x000000008da00000, 0x000000008da00000, 0x000000008db00000|  0%| F|  |TAMS 0x000000008da00000, 0x000000008da00000| Untracked 
| 219|0x000000008db00000, 0x000000008db00000, 0x000000008dc00000|  0%| F|  |TAMS 0x000000008db00000, 0x000000008db00000| Untracked 
| 220|0x000000008dc00000, 0x000000008dc00000, 0x000000008dd00000|  0%| F|  |TAMS 0x000000008dc00000, 0x000000008dc00000| Untracked 
| 221|0x000000008dd00000, 0x000000008dd00000, 0x000000008de00000|  0%| F|  |TAMS 0x000000008dd00000, 0x000000008dd00000| Untracked 
| 222|0x000000008de00000, 0x000000008de00000, 0x000000008df00000|  0%| F|  |TAMS 0x000000008de00000, 0x000000008de00000| Untracked 
| 223|0x000000008df00000, 0x000000008df00000, 0x000000008e000000|  0%| F|  |TAMS 0x000000008df00000, 0x000000008df00000| Untracked 
| 224|0x000000008e000000, 0x000000008e000000, 0x000000008e100000|  0%| F|  |TAMS 0x000000008e000000, 0x000000008e000000| Untracked 
| 225|0x000000008e100000, 0x000000008e100000, 0x000000008e200000|  0%| F|  |TAMS 0x000000008e100000, 0x000000008e100000| Untracked 
| 226|0x000000008e200000, 0x000000008e200000, 0x000000008e300000|  0%| F|  |TAMS 0x000000008e200000, 0x000000008e200000| Untracked 
| 227|0x000000008e300000, 0x000000008e300000, 0x000000008e400000|  0%| F|  |TAMS 0x000000008e300000, 0x000000008e300000| Untracked 
| 228|0x000000008e400000, 0x000000008e400000, 0x000000008e500000|  0%| F|  |TAMS 0x000000008e400000, 0x000000008e400000| Untracked 
| 229|0x000000008e500000, 0x000000008e500000, 0x000000008e600000|  0%| F|  |TAMS 0x000000008e500000, 0x000000008e500000| Untracked 
| 230|0x000000008e600000, 0x000000008e600000, 0x000000008e700000|  0%| F|  |TAMS 0x000000008e600000, 0x000000008e600000| Untracked 
| 231|0x000000008e700000, 0x000000008e700000, 0x000000008e800000|  0%| F|  |TAMS 0x000000008e700000, 0x000000008e700000| Untracked 
| 232|0x000000008e800000, 0x000000008e800000, 0x000000008e900000|  0%| F|  |TAMS 0x000000008e800000, 0x000000008e800000| Untracked 
| 233|0x000000008e900000, 0x000000008e900000, 0x000000008ea00000|  0%| F|  |TAMS 0x000000008e900000, 0x000000008e900000| Untracked 
| 234|0x000000008ea00000, 0x000000008ea00000, 0x000000008eb00000|  0%| F|  |TAMS 0x000000008ea00000, 0x000000008ea00000| Untracked 
| 235|0x000000008eb00000, 0x000000008eb00000, 0x000000008ec00000|  0%| F|  |TAMS 0x000000008eb00000, 0x000000008eb00000| Untracked 
| 236|0x000000008ec00000, 0x000000008ec00000, 0x000000008ed00000|  0%| F|  |TAMS 0x000000008ec00000, 0x000000008ec00000| Untracked 
| 237|0x000000008ed00000, 0x000000008ed00000, 0x000000008ee00000|  0%| F|  |TAMS 0x000000008ed00000, 0x000000008ed00000| Untracked 
| 238|0x000000008ee00000, 0x000000008ee00000, 0x000000008ef00000|  0%| F|  |TAMS 0x000000008ee00000, 0x000000008ee00000| Untracked 
| 239|0x000000008ef00000, 0x000000008ef00000, 0x000000008f000000|  0%| F|  |TAMS 0x000000008ef00000, 0x000000008ef00000| Untracked 
| 240|0x000000008f000000, 0x000000008f000000, 0x000000008f100000|  0%| F|  |TAMS 0x000000008f000000, 0x000000008f000000| Untracked 
| 241|0x000000008f100000, 0x000000008f100000, 0x000000008f200000|  0%| F|  |TAMS 0x000000008f100000, 0x000000008f100000| Untracked 
| 242|0x000000008f200000, 0x000000008f200000, 0x000000008f300000|  0%| F|  |TAMS 0x000000008f200000, 0x000000008f200000| Untracked 
| 243|0x000000008f300000, 0x000000008f300000, 0x000000008f400000|  0%| F|  |TAMS 0x000000008f300000, 0x000000008f300000| Untracked 
| 244|0x000000008f400000, 0x000000008f400000, 0x000000008f500000|  0%| F|  |TAMS 0x000000008f400000, 0x000000008f400000| Untracked 
| 245|0x000000008f500000, 0x000000008f500000, 0x000000008f600000|  0%| F|  |TAMS 0x000000008f500000, 0x000000008f500000| Untracked 
| 246|0x000000008f600000, 0x000000008f600000, 0x000000008f700000|  0%| F|  |TAMS 0x000000008f600000, 0x000000008f600000| Untracked 
| 247|0x000000008f700000, 0x000000008f700000, 0x000000008f800000|  0%| F|  |TAMS 0x000000008f700000, 0x000000008f700000| Untracked 
| 248|0x000000008f800000, 0x000000008f800000, 0x000000008f900000|  0%| F|  |TAMS 0x000000008f800000, 0x000000008f800000| Untracked 
| 249|0x000000008f900000, 0x000000008f900000, 0x000000008fa00000|  0%| F|  |TAMS 0x000000008f900000, 0x000000008f900000| Untracked 
| 250|0x000000008fa00000, 0x000000008fa00000, 0x000000008fb00000|  0%| F|  |TAMS 0x000000008fa00000, 0x000000008fa00000| Untracked 
| 251|0x000000008fb00000, 0x000000008fb00000, 0x000000008fc00000|  0%| F|  |TAMS 0x000000008fb00000, 0x000000008fb00000| Untracked 
| 252|0x000000008fc00000, 0x000000008fc00000, 0x000000008fd00000|  0%| F|  |TAMS 0x000000008fc00000, 0x000000008fc00000| Untracked 
| 253|0x000000008fd00000, 0x000000008fd00000, 0x000000008fe00000|  0%| F|  |TAMS 0x000000008fd00000, 0x000000008fd00000| Untracked 
| 254|0x000000008fe00000, 0x000000008fe00000, 0x000000008ff00000|  0%| F|  |TAMS 0x000000008fe00000, 0x000000008fe00000| Untracked 
| 255|0x000000008ff00000, 0x000000008ff00000, 0x0000000090000000|  0%| F|  |TAMS 0x000000008ff00000, 0x000000008ff00000| Untracked 
| 256|0x0000000090000000, 0x0000000090000000, 0x0000000090100000|  0%| F|  |TAMS 0x0000000090000000, 0x0000000090000000| Untracked 
| 257|0x0000000090100000, 0x0000000090100000, 0x0000000090200000|  0%| F|  |TAMS 0x0000000090100000, 0x0000000090100000| Untracked 
| 258|0x0000000090200000, 0x0000000090200000, 0x0000000090300000|  0%| F|  |TAMS 0x0000000090200000, 0x0000000090200000| Untracked 
| 259|0x0000000090300000, 0x0000000090300000, 0x0000000090400000|  0%| F|  |TAMS 0x0000000090300000, 0x0000000090300000| Untracked 
| 260|0x0000000090400000, 0x0000000090400000, 0x0000000090500000|  0%| F|  |TAMS 0x0000000090400000, 0x0000000090400000| Untracked 
| 261|0x0000000090500000, 0x0000000090500000, 0x0000000090600000|  0%| F|  |TAMS 0x0000000090500000, 0x0000000090500000| Untracked 
| 262|0x0000000090600000, 0x0000000090600000, 0x0000000090700000|  0%| F|  |TAMS 0x0000000090600000, 0x0000000090600000| Untracked 
| 263|0x0000000090700000, 0x0000000090700000, 0x0000000090800000|  0%| F|  |TAMS 0x0000000090700000, 0x0000000090700000| Untracked 
| 264|0x0000000090800000, 0x0000000090800000, 0x0000000090900000|  0%| F|  |TAMS 0x0000000090800000, 0x0000000090800000| Untracked 
| 265|0x0000000090900000, 0x0000000090900000, 0x0000000090a00000|  0%| F|  |TAMS 0x0000000090900000, 0x0000000090900000| Untracked 
| 266|0x0000000090a00000, 0x0000000090a00000, 0x0000000090b00000|  0%| F|  |TAMS 0x0000000090a00000, 0x0000000090a00000| Untracked 
| 267|0x0000000090b00000, 0x0000000090b00000, 0x0000000090c00000|  0%| F|  |TAMS 0x0000000090b00000, 0x0000000090b00000| Untracked 
| 268|0x0000000090c00000, 0x0000000090c00000, 0x0000000090d00000|  0%| F|  |TAMS 0x0000000090c00000, 0x0000000090c00000| Untracked 
| 269|0x0000000090d00000, 0x0000000090d00000, 0x0000000090e00000|  0%| F|  |TAMS 0x0000000090d00000, 0x0000000090d00000| Untracked 
| 270|0x0000000090e00000, 0x0000000090e00000, 0x0000000090f00000|  0%| F|  |TAMS 0x0000000090e00000, 0x0000000090e00000| Untracked 
| 271|0x0000000090f00000, 0x0000000090f00000, 0x0000000091000000|  0%| F|  |TAMS 0x0000000090f00000, 0x0000000090f00000| Untracked 

Card table byte_map: [0x000002d3e0a30000,0x000002d3e0e30000] _byte_map_base: 0x000002d3e0630000

Marking Bits (Prev, Next): (CMBitMap*) 0x000002d3cde9aec0, (CMBitMap*) 0x000002d3cde9ae80
 Prev Bits: [0x000002d3e3230000, 0x000002d3e5230000)
 Next Bits: [0x000002d3e1230000, 0x000002d3e3230000)

Polling page: 0x000002d3cbe10000

Metaspace:

Usage:
  Non-class:    104.59 MB used.
      Class:     15.85 MB used.
       Both:    120.44 MB used.

Virtual space:
  Non-class space:      112.00 MB reserved,     105.00 MB ( 94%) committed,  14 nodes.
      Class space:        1.00 GB reserved,      16.19 MB (  2%) committed,  1 nodes.
             Both:        1.11 GB reserved,     121.19 MB ( 11%) committed. 

Chunk freelists:
   Non-Class:  2.80 MB
       Class:  3.84 MB
        Both:  6.64 MB

MaxMetaspaceSize: unlimited
CompressedClassSpaceSize: 1.00 GB
Initial GC threshold: 21.00 MB
Current GC threshold: 183.88 MB
CDS: off
MetaspaceReclaimPolicy: balanced
 - commit_granule_bytes: 65536.
 - commit_granule_words: 8192.
 - virtual_space_node_default_size: 1048576.
 - enlarge_chunks_in_place: 1.
 - new_chunks_are_fully_committed: 0.
 - uncommit_free_chunks: 1.
 - use_allocation_guard: 0.
 - handle_deallocations: 1.


Internal statistics:

num_allocs_failed_limit: 3.
num_arena_births: 986.
num_arena_deaths: 0.
num_vsnodes_births: 15.
num_vsnodes_deaths: 0.
num_space_committed: 1937.
num_space_uncommitted: 0.
num_chunks_returned_to_freelist: 3.
num_chunks_taken_from_freelist: 5253.
num_chunk_merges: 3.
num_chunk_splits: 3862.
num_chunks_enlarged: 2996.
num_purges: 0.
num_inconsistent_stats: 0.

CodeHeap 'non-profiled nmethods': size=120000Kb used=6196Kb max_used=6196Kb free=113803Kb
 bounds [0x000002d3d8dd0000, 0x000002d3d93e0000, 0x000002d3e0300000]
CodeHeap 'profiled nmethods': size=120000Kb used=20999Kb max_used=20999Kb free=99000Kb
 bounds [0x000002d3d1300000, 0x000002d3d2790000, 0x000002d3d8830000]
CodeHeap 'non-nmethods': size=5760Kb used=2511Kb max_used=2543Kb free=3248Kb
 bounds [0x000002d3d8830000, 0x000002d3d8ac0000, 0x000002d3d8dd0000]
 total_blobs=11252 nmethods=10189 adapters=975
 compilation: enabled
              stopped_count=0, restarted_count=0
 full_count=0

Compilation events (20 events):
Event: 29.084 Thread 0x000002d3e88b9120 11818       1       org.jetbrains.kotlin.ir.declarations.impl.IrClassImpl::getThisReceiver (5 bytes)
Event: 29.084 Thread 0x000002d3e88b9120 nmethod 11818 0x000002d3d93db910 code [0x000002d3d93dbaa0, 0x000002d3d93dbb78]
Event: 29.093 Thread 0x000002d3e88b9120 11819       1       org.jetbrains.kotlin.ir.declarations.impl.IrValueParameterImpl::getAnnotations (5 bytes)
Event: 29.093 Thread 0x000002d3e88b9120 nmethod 11819 0x000002d3d93dbc10 code [0x000002d3d93dbda0, 0x000002d3d93dbe78]
Event: 29.093 Thread 0x000002d3e88b9120 11820       1       org.jetbrains.kotlin.ir.declarations.impl.IrValueParameterImpl::getDefaultValue (5 bytes)
Event: 29.093 Thread 0x000002d3e88b9120 nmethod 11820 0x000002d3d93dbf10 code [0x000002d3d93dc0a0, 0x000002d3d93dc178]
Event: 29.094 Thread 0x000002d3e88b9120 11821       3       org.jetbrains.kotlin.ir.builders.declarations.IrDeclarationBuilder::setName (12 bytes)
Event: 29.095 Thread 0x000002d3e88b9120 nmethod 11821 0x000002d3d2782a90 code [0x000002d3d2782ca0, 0x000002d3d2783298]
Event: 29.095 Thread 0x000002d3e88b9120 11822       3       org.jetbrains.kotlin.ir.builders.declarations.IrDeclarationBuilder::getName (17 bytes)
Event: 29.096 Thread 0x000002d3e88b9120 nmethod 11822 0x000002d3d2783510 code [0x000002d3d2783780, 0x000002d3d2783ff8]
Event: 29.096 Thread 0x000002d3e88b9120 11823       1       org.jetbrains.kotlin.ir.builders.declarations.IrFunctionBuilder::getReturnType (5 bytes)
Event: 29.096 Thread 0x000002d3e88b9120 nmethod 11823 0x000002d3d93dc210 code [0x000002d3d93dc3a0, 0x000002d3d93dc478]
Event: 29.096 Thread 0x000002d3e88b9120 11824       1       org.jetbrains.kotlin.ir.builders.declarations.IrFunctionBuilder::isInline (5 bytes)
Event: 29.096 Thread 0x000002d3e88b9120 nmethod 11824 0x000002d3d93dc510 code [0x000002d3d93dc6a0, 0x000002d3d93dc778]
Event: 29.096 Thread 0x000002d3e88b9120 11825       1       org.jetbrains.kotlin.ir.builders.declarations.IrFunctionBuilder::isExternal (5 bytes)
Event: 29.097 Thread 0x000002d3e88b9120 nmethod 11825 0x000002d3d93dc810 code [0x000002d3d93dc9a0, 0x000002d3d93dca78]
Event: 29.097 Thread 0x000002d3e88b9120 11826       1       org.jetbrains.kotlin.ir.builders.declarations.IrFunctionBuilder::isExpect (5 bytes)
Event: 29.097 Thread 0x000002d3e88b9120 nmethod 11826 0x000002d3d93dcb10 code [0x000002d3d93dcca0, 0x000002d3d93dcd78]
Event: 29.097 Thread 0x000002d3e88b9120 11827       1       org.jetbrains.kotlin.ir.builders.declarations.IrFunctionBuilder::getContainerSource (5 bytes)
Event: 29.097 Thread 0x000002d3e88b9120 nmethod 11827 0x000002d3d93dce10 code [0x000002d3d93dcfa0, 0x000002d3d93dd078]

GC Heap History (20 events):
Event: 18.323 GC heap after
{Heap after GC invocations=46 (full 0):
 garbage-first heap   total 218112K, used 128555K [0x0000000080000000, 0x0000000100000000)
  region size 1024K, 9 young (9216K), 9 survivors (9216K)
 Metaspace       used 91428K, committed 92224K, reserved 1130496K
  class space    used 12635K, committed 12992K, reserved 1048576K
}
Event: 19.435 GC heap before
{Heap before GC invocations=46 (full 0):
 garbage-first heap   total 218112K, used 170539K [0x0000000080000000, 0x0000000100000000)
  region size 1024K, 50 young (51200K), 9 survivors (9216K)
 Metaspace       used 94317K, committed 95040K, reserved 1138688K
  class space    used 12987K, committed 13312K, reserved 1048576K
}
Event: 19.461 GC heap after
{Heap after GC invocations=47 (full 0):
 garbage-first heap   total 218112K, used 136329K [0x0000000080000000, 0x0000000100000000)
  region size 1024K, 7 young (7168K), 7 survivors (7168K)
 Metaspace       used 94317K, committed 95040K, reserved 1138688K
  class space    used 12987K, committed 13312K, reserved 1048576K
}
Event: 20.522 GC heap before
{Heap before GC invocations=48 (full 0):
 garbage-first heap   total 240640K, used 180361K [0x0000000080000000, 0x0000000100000000)
  region size 1024K, 44 young (45056K), 7 survivors (7168K)
 Metaspace       used 97315K, committed 98048K, reserved 1138688K
  class space    used 13304K, committed 13632K, reserved 1048576K
}
Event: 20.535 GC heap after
{Heap after GC invocations=49 (full 0):
 garbage-first heap   total 240640K, used 148697K [0x0000000080000000, 0x0000000100000000)
  region size 1024K, 6 young (6144K), 6 survivors (6144K)
 Metaspace       used 97315K, committed 98048K, reserved 1138688K
  class space    used 13304K, committed 13632K, reserved 1048576K
}
Event: 20.665 GC heap before
{Heap before GC invocations=49 (full 0):
 garbage-first heap   total 240640K, used 152793K [0x0000000080000000, 0x0000000100000000)
  region size 1024K, 11 young (11264K), 6 survivors (6144K)
 Metaspace       used 98028K, committed 98752K, reserved 1138688K
  class space    used 13378K, committed 13696K, reserved 1048576K
}
Event: 20.671 GC heap after
{Heap after GC invocations=50 (full 0):
 garbage-first heap   total 240640K, used 149616K [0x0000000080000000, 0x0000000100000000)
  region size 1024K, 2 young (2048K), 2 survivors (2048K)
 Metaspace       used 98028K, committed 98752K, reserved 1138688K
  class space    used 13378K, committed 13696K, reserved 1048576K
}
Event: 22.089 GC heap before
{Heap before GC invocations=50 (full 0):
 garbage-first heap   total 240640K, used 193648K [0x0000000080000000, 0x0000000100000000)
  region size 1024K, 45 young (46080K), 2 survivors (2048K)
 Metaspace       used 104237K, committed 104960K, reserved 1146880K
  class space    used 13990K, committed 14336K, reserved 1048576K
}
Event: 22.096 GC heap after
{Heap after GC invocations=51 (full 0):
 garbage-first heap   total 240640K, used 151964K [0x0000000080000000, 0x0000000100000000)
  region size 1024K, 4 young (4096K), 4 survivors (4096K)
 Metaspace       used 104237K, committed 104960K, reserved 1146880K
  class space    used 13990K, committed 14336K, reserved 1048576K
}
Event: 23.605 GC heap before
{Heap before GC invocations=52 (full 0):
 garbage-first heap   total 266240K, used 198044K [0x0000000080000000, 0x0000000100000000)
  region size 1024K, 48 young (49152K), 4 survivors (4096K)
 Metaspace       used 109754K, committed 110528K, reserved 1146880K
  class space    used 14693K, committed 15040K, reserved 1048576K
}
Event: 23.616 GC heap after
{Heap after GC invocations=53 (full 0):
 garbage-first heap   total 266240K, used 155380K [0x0000000080000000, 0x0000000100000000)
  region size 1024K, 6 young (6144K), 6 survivors (6144K)
 Metaspace       used 109754K, committed 110528K, reserved 1146880K
  class space    used 14693K, committed 15040K, reserved 1048576K
}
Event: 23.649 GC heap before
{Heap before GC invocations=53 (full 0):
 garbage-first heap   total 266240K, used 162548K [0x0000000080000000, 0x0000000100000000)
  region size 1024K, 13 young (13312K), 6 survivors (6144K)
 Metaspace       used 109773K, committed 110528K, reserved 1146880K
  class space    used 14693K, committed 15040K, reserved 1048576K
}
Event: 23.665 GC heap after
{Heap after GC invocations=54 (full 0):
 garbage-first heap   total 266240K, used 157522K [0x0000000080000000, 0x0000000100000000)
  region size 1024K, 2 young (2048K), 2 survivors (2048K)
 Metaspace       used 109773K, committed 110528K, reserved 1146880K
  class space    used 14693K, committed 15040K, reserved 1048576K
}
Event: 25.209 GC heap before
{Heap before GC invocations=54 (full 0):
 garbage-first heap   total 266240K, used 215890K [0x0000000080000000, 0x0000000100000000)
  region size 1024K, 59 young (60416K), 2 survivors (2048K)
 Metaspace       used 112233K, committed 112960K, reserved 1146880K
  class space    used 14960K, committed 15296K, reserved 1048576K
}
Event: 25.218 GC heap after
{Heap after GC invocations=55 (full 0):
 garbage-first heap   total 266240K, used 160059K [0x0000000080000000, 0x0000000100000000)
  region size 1024K, 5 young (5120K), 5 survivors (5120K)
 Metaspace       used 112233K, committed 112960K, reserved 1146880K
  class space    used 14960K, committed 15296K, reserved 1048576K
}
Event: 26.688 GC heap before
{Heap before GC invocations=56 (full 0):
 garbage-first heap   total 278528K, used 217403K [0x0000000080000000, 0x0000000100000000)
  region size 1024K, 61 young (62464K), 5 survivors (5120K)
 Metaspace       used 115161K, committed 115904K, reserved 1155072K
  class space    used 15275K, committed 15616K, reserved 1048576K
}
Event: 26.703 GC heap after
{Heap after GC invocations=57 (full 0):
 garbage-first heap   total 278528K, used 165026K [0x0000000080000000, 0x0000000100000000)
  region size 1024K, 6 young (6144K), 6 survivors (6144K)
 Metaspace       used 115161K, committed 115904K, reserved 1155072K
  class space    used 15275K, committed 15616K, reserved 1048576K
}
Event: 27.079 GC heap before
{Heap before GC invocations=57 (full 0):
 garbage-first heap   total 278528K, used 172194K [0x0000000080000000, 0x0000000100000000)
  region size 1024K, 13 young (13312K), 6 survivors (6144K)
 Metaspace       used 115678K, committed 116416K, reserved 1155072K
  class space    used 15328K, committed 15680K, reserved 1048576K
}
Event: 27.092 GC heap after
{Heap after GC invocations=58 (full 0):
 garbage-first heap   total 278528K, used 165904K [0x0000000080000000, 0x0000000100000000)
  region size 1024K, 2 young (2048K), 2 survivors (2048K)
 Metaspace       used 115678K, committed 116416K, reserved 1155072K
  class space    used 15328K, committed 15680K, reserved 1048576K
}
Event: 29.098 GC heap before
{Heap before GC invocations=58 (full 0):
 garbage-first heap   total 278528K, used 227344K [0x0000000080000000, 0x0000000100000000)
  region size 1024K, 62 young (63488K), 2 survivors (2048K)
 Metaspace       used 123329K, committed 124096K, reserved 1163264K
  class space    used 16233K, committed 16576K, reserved 1048576K
}

Dll operation events (2 events):
Event: 0.016 Loaded shared library C:\Program Files\Android\Android Studio\jbr\bin\java.dll
Event: 0.469 Loaded shared library C:\Program Files\Android\Android Studio\jbr\bin\verify.dll

Deoptimization events (20 events):
Event: 27.842 Thread 0x000002d3e9ef2400 Uncommon trap: trap_request=0xffffffde fr.pc=0x000002d3d9353f60 relative=0x0000000000000560
Event: 27.842 Thread 0x000002d3e9ef2400 Uncommon trap: reason=class_check action=maybe_recompile pc=0x000002d3d9353f60 method=org.jetbrains.kotlin.storage.LockBasedStorageManager$LockBasedLazyValue.invoke()Ljava/lang/Object; @ 24 c2
Event: 27.842 Thread 0x000002d3e9ef2400 DEOPT PACKING pc=0x000002d3d9353f60 sp=0x000000fcc1df4d60
Event: 27.842 Thread 0x000002d3e9ef2400 DEOPT UNPACKING pc=0x000002d3d888a1a3 sp=0x000000fcc1df4c58 mode 2
Event: 27.842 Thread 0x000002d3e9ef2400 Uncommon trap: trap_request=0xffffffde fr.pc=0x000002d3d932eea0 relative=0x0000000000000bc0
Event: 27.842 Thread 0x000002d3e9ef2400 Uncommon trap: reason=class_check action=maybe_recompile pc=0x000002d3d932eea0 method=org.jetbrains.kotlin.storage.LockBasedStorageManager$LockBasedLazyValue.invoke()Ljava/lang/Object; @ 24 c2
Event: 27.842 Thread 0x000002d3e9ef2400 DEOPT PACKING pc=0x000002d3d932eea0 sp=0x000000fcc1df4ef0
Event: 27.842 Thread 0x000002d3e9ef2400 DEOPT UNPACKING pc=0x000002d3d888a1a3 sp=0x000000fcc1df4c80 mode 2
Event: 27.851 Thread 0x000002d3e9ef2400 Uncommon trap: trap_request=0xffffffde fr.pc=0x000002d3d9231c58 relative=0x0000000000000558
Event: 27.851 Thread 0x000002d3e9ef2400 Uncommon trap: reason=class_check action=maybe_recompile pc=0x000002d3d9231c58 method=org.jetbrains.kotlin.storage.LockBasedStorageManager$LockBasedLazyValue.invoke()Ljava/lang/Object; @ 24 c2
Event: 27.851 Thread 0x000002d3e9ef2400 DEOPT PACKING pc=0x000002d3d9231c58 sp=0x000000fcc1df4c10
Event: 27.851 Thread 0x000002d3e9ef2400 DEOPT UNPACKING pc=0x000002d3d888a1a3 sp=0x000000fcc1df4b60 mode 2
Event: 27.851 Thread 0x000002d3e9ef2400 Uncommon trap: trap_request=0xffffffde fr.pc=0x000002d3d923ffcc relative=0x000000000000036c
Event: 27.851 Thread 0x000002d3e9ef2400 Uncommon trap: reason=class_check action=maybe_recompile pc=0x000002d3d923ffcc method=org.jetbrains.kotlin.storage.LockBasedStorageManager$LockBasedLazyValue.invoke()Ljava/lang/Object; @ 24 c2
Event: 27.851 Thread 0x000002d3e9ef2400 DEOPT PACKING pc=0x000002d3d923ffcc sp=0x000000fcc1df47a0
Event: 27.851 Thread 0x000002d3e9ef2400 DEOPT UNPACKING pc=0x000002d3d888a1a3 sp=0x000000fcc1df4740 mode 2
Event: 28.700 Thread 0x000002d3e9ef2400 Uncommon trap: trap_request=0xffffffbe fr.pc=0x000002d3d92e4f44 relative=0x00000000000001a4
Event: 28.700 Thread 0x000002d3e9ef2400 Uncommon trap: reason=profile_predicate action=maybe_recompile pc=0x000002d3d92e4f44 method=java.util.LinkedHashMap.keysToArray([Ljava/lang/Object;)[Ljava/lang/Object; @ 12 c2
Event: 28.700 Thread 0x000002d3e9ef2400 DEOPT PACKING pc=0x000002d3d92e4f44 sp=0x000000fcc1df5480
Event: 28.700 Thread 0x000002d3e9ef2400 DEOPT UNPACKING pc=0x000002d3d888a1a3 sp=0x000000fcc1df5438 mode 2

Classes unloaded (0 events):
No events

Classes redefined (0 events):
No events

Internal exceptions (20 events):
Event: 14.823 Thread 0x000002d3e9ef2400 Exception <a 'java/lang/NoSuchMethodError'{0x000000008c215458}: 'int java.lang.invoke.DelegatingMethodHandle$Holder.reinvoke_L(java.lang.Object, java.lang.Object, java.lang.Object, long, java.lang.Object, java.lang.Object)'> (0x000000008c215458) 
thrown [s\src\hotspot\share\interpreter\linkResolver.cpp, line 771]
Event: 14.824 Thread 0x000002d3e9ef2400 Exception <a 'java/lang/NoSuchMethodError'{0x000000008c225420}: 'void java.lang.invoke.DelegatingMethodHandle$Holder.reinvoke_L(java.lang.Object, java.lang.Object, java.lang.Object, long, java.lang.Object)'> (0x000000008c225420) 
thrown [s\src\hotspot\share\interpreter\linkResolver.cpp, line 771]
Event: 14.825 Thread 0x000002d3e9ef2400 Exception <a 'java/lang/NoSuchMethodError'{0x000000008c22dd50}: 'java.lang.Object java.lang.invoke.DirectMethodHandle$Holder.invokeSpecial(java.lang.Object, java.lang.Object, java.lang.Object, java.lang.Object, long)'> (0x000000008c22dd50) 
thrown [s\src\hotspot\share\interpreter\linkResolver.cpp, line 771]
Event: 14.829 Thread 0x000002d3e9ef2400 Exception <a 'java/lang/NoSuchMethodError'{0x000000008c252cc8}: 'long java.lang.invoke.Invokers$Holder.invoke_MT(java.lang.Object, java.lang.Object, java.lang.Object, java.lang.Object)'> (0x000000008c252cc8) 
thrown [s\src\hotspot\share\interpreter\linkResolver.cpp, line 771]
Event: 14.831 Thread 0x000002d3e9ef2400 Exception <a 'java/lang/NoSuchMethodError'{0x000000008c25bdc8}: 'int java.lang.invoke.Invokers$Holder.invoke_MT(java.lang.Object, java.lang.Object, java.lang.Object, java.lang.Object)'> (0x000000008c25bdc8) 
thrown [s\src\hotspot\share\interpreter\linkResolver.cpp, line 771]
Event: 14.834 Thread 0x000002d3e9ef2400 Exception <a 'java/lang/NoSuchMethodError'{0x000000008c26d1e8}: 'int java.lang.invoke.DelegatingMethodHandle$Holder.reinvoke_L(java.lang.Object, java.lang.Object, java.lang.Object, long, int)'> (0x000000008c26d1e8) 
thrown [s\src\hotspot\share\interpreter\linkResolver.cpp, line 771]
Event: 14.838 Thread 0x000002d3e9ef2400 Exception <a 'java/lang/NoSuchMethodError'{0x000000008c2809e8}: 'java.lang.Object java.lang.invoke.Invokers$Holder.invokeExact_MT(java.lang.Object, java.lang.Object, long, java.lang.Object)'> (0x000000008c2809e8) 
thrown [s\src\hotspot\share\interpreter\linkResolver.cpp, line 771]
Event: 15.081 Thread 0x000002d3e9ef2400 Exception <a 'java/lang/NoSuchMethodError'{0x000000008ba8d308}: 'java.lang.Object java.lang.invoke.DirectMethodHandle$Holder.invokeStaticInit(java.lang.Object, int)'> (0x000000008ba8d308) 
thrown [s\src\hotspot\share\interpreter\linkResolver.cpp, line 771]
Event: 15.168 Thread 0x000002d3e9ef2400 Exception <a 'java/lang/NoSuchMethodError'{0x000000008b76c518}: 'long java.lang.invoke.DirectMethodHandle$Holder.invokeStatic(java.lang.Object)'> (0x000000008b76c518) 
thrown [s\src\hotspot\share\interpreter\linkResolver.cpp, line 771]
Event: 15.168 Thread 0x000002d3e9ef2400 Exception <a 'java/lang/NoSuchMethodError'{0x000000008b771100}: 'long java.lang.invoke.DirectMethodHandle$Holder.invokeStaticInit(java.lang.Object)'> (0x000000008b771100) 
thrown [s\src\hotspot\share\interpreter\linkResolver.cpp, line 771]
Event: 16.671 Thread 0x000002d3e9ef2400 Implicit null exception at 0x000002d3d9214e13 to 0x000002d3d9214f58
Event: 17.180 Thread 0x000002d3e9ef2400 Exception <a 'java/lang/NoSuchMethodError'{0x000000008a1c3408}: 'java.lang.Object java.lang.invoke.Invokers$Holder.invoke_MT(java.lang.Object, java.lang.Object, java.lang.Object)'> (0x000000008a1c3408) 
thrown [s\src\hotspot\share\interpreter\linkResolver.cpp, line 771]
Event: 17.655 Thread 0x000002d3e9ef2400 Implicit null exception at 0x000002d3d92449d0 to 0x000002d3d92469a8
Event: 17.678 Thread 0x000002d3e9ef2400 Implicit null exception at 0x000002d3d92499d9 to 0x000002d3d924b7ac
Event: 18.120 Thread 0x000002d3e9ef2400 Implicit null exception at 0x000002d3d92550fb to 0x000002d3d92566a0
Event: 23.152 Thread 0x000002d3e9ef2400 Exception <a 'java/lang/NoSuchMethodError'{0x000000008ec357f0}: 'java.lang.Object java.lang.invoke.DirectMethodHandle$Holder.invokeStatic(java.lang.Object, java.lang.Object, java.lang.Object, java.lang.Object, int)'> (0x000000008ec357f0) 
thrown [s\src\hotspot\share\interpreter\linkResolver.cpp, line 771]
Event: 26.107 Thread 0x000002d3e9ef2400 Exception <a 'java/lang/IncompatibleClassChangeError'{0x000000008e7e2888}: Found class java.lang.Object, but interface was expected> (0x000000008e7e2888) 
thrown [s\src\hotspot\share\interpreter\linkResolver.cpp, line 838]
Event: 26.138 Thread 0x000002d3e9ef2400 Exception <a 'java/lang/NoSuchMethodError'{0x000000008e6632d0}: 'int java.lang.invoke.DirectMethodHandle$Holder.invokeStaticInit(java.lang.Object, int)'> (0x000000008e6632d0) 
thrown [s\src\hotspot\share\interpreter\linkResolver.cpp, line 771]
Event: 26.961 Thread 0x000002d3e9ef2400 Implicit null exception at 0x000002d3d8e27f11 to 0x000002d3d8e28078
Event: 28.299 Thread 0x000002d3e9ef2400 Exception <a 'java/lang/NoSuchMethodError'{0x000000008e9ef8c8}: 'java.lang.Object java.lang.invoke.DirectMethodHandle$Holder.newInvokeSpecial(java.lang.Object, java.lang.Object, java.lang.Object, int, int, java.lang.Object, java.lang.Object)'> (0x000000008e9ef8c8) 
thrown [s\src\hotspot\share\interpreter\linkResolver.cpp, line 771]

VM Operations (20 events):
Event: 27.293 Executing VM operation: ICBufferFull done
Event: 27.470 Executing VM operation: HandshakeAllThreads
Event: 27.471 Executing VM operation: HandshakeAllThreads done
Event: 27.692 Executing VM operation: HandshakeAllThreads
Event: 27.693 Executing VM operation: HandshakeAllThreads done
Event: 27.703 Executing VM operation: HandshakeAllThreads
Event: 27.704 Executing VM operation: HandshakeAllThreads done
Event: 27.762 Executing VM operation: HandshakeAllThreads
Event: 27.762 Executing VM operation: HandshakeAllThreads done
Event: 28.205 Executing VM operation: ICBufferFull
Event: 28.205 Executing VM operation: ICBufferFull done
Event: 28.372 Executing VM operation: HandshakeAllThreads
Event: 28.373 Executing VM operation: HandshakeAllThreads done
Event: 28.467 Executing VM operation: HandshakeAllThreads
Event: 28.467 Executing VM operation: HandshakeAllThreads done
Event: 28.583 Executing VM operation: HandshakeAllThreads
Event: 28.583 Executing VM operation: HandshakeAllThreads done
Event: 29.009 Executing VM operation: HandshakeAllThreads
Event: 29.009 Executing VM operation: HandshakeAllThreads done
Event: 29.097 Executing VM operation: G1CollectForAllocation

Events (20 events):
Event: 23.095 loading class java/util/AbstractList$SubList
Event: 23.096 loading class java/util/AbstractList$SubList done
Event: 23.096 loading class java/util/AbstractList$SubList$1
Event: 23.096 loading class java/util/AbstractList$SubList$1 done
Event: 23.096 loading class java/util/AbstractList$ListItr
Event: 23.096 loading class java/util/AbstractList$ListItr done
Event: 23.200 Thread 0x000002d3f23d4410 Thread exited: 0x000002d3f23d4410
Event: 23.447 Thread 0x000002d3f23ce3e0 Thread exited: 0x000002d3f23ce3e0
Event: 23.636 Thread 0x000002d3f23ce3e0 Thread added: 0x000002d3f23ce3e0
Event: 23.686 Thread 0x000002d3f23d0c60 Thread added: 0x000002d3f23d0c60
Event: 25.274 Thread 0x000002d3f23d0c60 Thread exited: 0x000002d3f23d0c60
Event: 25.393 Thread 0x000002d3f23d20a0 Thread added: 0x000002d3f23d20a0
Event: 25.670 loading class java/util/AbstractList$RandomAccessSubList
Event: 25.671 loading class java/util/AbstractList$RandomAccessSubList done
Event: 27.261 Thread 0x000002d3e88c2cc0 flushing nmethod 0x000002d3d902b810
Event: 27.420 Thread 0x000002d3f23d20a0 Thread exited: 0x000002d3f23d20a0
Event: 27.420 Thread 0x000002d3f23ce3e0 Thread exited: 0x000002d3f23ce3e0
Event: 27.476 Thread 0x000002d3f23d1680 Thread added: 0x000002d3f23d1680
Event: 27.844 Thread 0x000002d3f23d4e30 Thread added: 0x000002d3f23d4e30
Event: 28.885 Thread 0x000002d3f23d4e30 Thread exited: 0x000002d3f23d4e30


Dynamic libraries:
0x00007ff73d970000 - 0x00007ff73d97a000 	C:\Program Files\Android\Android Studio\jbr\bin\java.exe
0x00007ffcb0010000 - 0x00007ffcb0227000 	C:\WINDOWS\SYSTEM32\ntdll.dll
0x00007ffcaf480000 - 0x00007ffcaf544000 	C:\WINDOWS\System32\KERNEL32.DLL
0x00007ffcad470000 - 0x00007ffcad816000 	C:\WINDOWS\System32\KERNELBASE.dll
0x00007ffcad350000 - 0x00007ffcad461000 	C:\WINDOWS\System32\ucrtbase.dll
0x00007ffc8e8a0000 - 0x00007ffc8e8b7000 	C:\Program Files\Android\Android Studio\jbr\bin\jli.dll
0x00007ffc88430000 - 0x00007ffc8844b000 	C:\Program Files\Android\Android Studio\jbr\bin\VCRUNTIME140.dll
0x00007ffcadef0000 - 0x00007ffcae09e000 	C:\WINDOWS\System32\USER32.dll
0x00007ffcada10000 - 0x00007ffcada36000 	C:\WINDOWS\System32\win32u.dll
0x00007ffcaee80000 - 0x00007ffcaeea9000 	C:\WINDOWS\System32\GDI32.dll
0x00007ffcad8f0000 - 0x00007ffcada08000 	C:\WINDOWS\System32\gdi32full.dll
0x00007ffc91b20000 - 0x00007ffc91db3000 	C:\WINDOWS\WinSxS\amd64_microsoft.windows.common-controls_6595b64144ccf1df_6.0.22621.2506_none_270c5ae97388e100\COMCTL32.dll
0x00007ffcad820000 - 0x00007ffcad8ba000 	C:\WINDOWS\System32\msvcp_win.dll
0x00007ffcade40000 - 0x00007ffcadee7000 	C:\WINDOWS\System32\msvcrt.dll
0x00007ffcaff90000 - 0x00007ffcaffc1000 	C:\WINDOWS\System32\IMM32.DLL
0x00007ffc8fb70000 - 0x00007ffc8fb7c000 	C:\Program Files\Android\Android Studio\jbr\bin\vcruntime140_1.dll
0x00007ffc881b0000 - 0x00007ffc8823d000 	C:\Program Files\Android\Android Studio\jbr\bin\msvcp140.dll
0x00007ffc5e950000 - 0x00007ffc5f5be000 	C:\Program Files\Android\Android Studio\jbr\bin\server\jvm.dll
0x00007ffcafe30000 - 0x00007ffcafee3000 	C:\WINDOWS\System32\ADVAPI32.dll
0x00007ffcaf3c0000 - 0x00007ffcaf468000 	C:\WINDOWS\System32\sechost.dll
0x00007ffcad8c0000 - 0x00007ffcad8e8000 	C:\WINDOWS\System32\bcrypt.dll
0x00007ffcaf1f0000 - 0x00007ffcaf307000 	C:\WINDOWS\System32\RPCRT4.dll
0x00007ffca95e0000 - 0x00007ffca95e9000 	C:\WINDOWS\SYSTEM32\WSOCK32.dll
0x00007ffca2fb0000 - 0x00007ffca2fe4000 	C:\WINDOWS\SYSTEM32\WINMM.dll
0x00007ffc9e500000 - 0x00007ffc9e50a000 	C:\WINDOWS\SYSTEM32\VERSION.dll
0x00007ffcae900000 - 0x00007ffcae971000 	C:\WINDOWS\System32\WS2_32.dll
0x00007ffcac380000 - 0x00007ffcac398000 	C:\WINDOWS\SYSTEM32\kernel.appcore.dll
0x00007ffca9520000 - 0x00007ffca952a000 	C:\Program Files\Android\Android Studio\jbr\bin\jimage.dll
0x00007ffcaac60000 - 0x00007ffcaae93000 	C:\WINDOWS\SYSTEM32\DBGHELP.DLL
0x00007ffcaeaf0000 - 0x00007ffcaee79000 	C:\WINDOWS\System32\combase.dll
0x00007ffcadd60000 - 0x00007ffcade37000 	C:\WINDOWS\System32\OLEAUT32.dll
0x00007ffc92170000 - 0x00007ffc921a2000 	C:\WINDOWS\SYSTEM32\dbgcore.DLL
0x00007ffcada40000 - 0x00007ffcadaba000 	C:\WINDOWS\System32\bcryptPrimitives.dll
0x00007ffc8fd90000 - 0x00007ffc8fdb5000 	C:\Program Files\Android\Android Studio\jbr\bin\java.dll
0x00007ffca9500000 - 0x00007ffca9518000 	C:\Program Files\Android\Android Studio\jbr\bin\zip.dll
0x00007ffcae0a0000 - 0x00007ffcae8fa000 	C:\WINDOWS\System32\SHELL32.dll
0x00007ffcab2a0000 - 0x00007ffcabb96000 	C:\WINDOWS\SYSTEM32\windows.storage.dll
0x00007ffcab160000 - 0x00007ffcab29e000 	C:\WINDOWS\SYSTEM32\wintypes.dll
0x00007ffcaeec0000 - 0x00007ffcaefb3000 	C:\WINDOWS\System32\SHCORE.dll
0x00007ffcaf790000 - 0x00007ffcaf7ee000 	C:\WINDOWS\System32\shlwapi.dll
0x00007ffcad280000 - 0x00007ffcad2a6000 	C:\WINDOWS\SYSTEM32\profapi.dll
0x00007ffc8f700000 - 0x00007ffc8f719000 	C:\Program Files\Android\Android Studio\jbr\bin\net.dll
0x00007ffca6430000 - 0x00007ffca6567000 	C:\WINDOWS\SYSTEM32\WINHTTP.dll
0x00007ffcac800000 - 0x00007ffcac869000 	C:\WINDOWS\system32\mswsock.dll
0x00007ffc8e9b0000 - 0x00007ffc8e9c6000 	C:\Program Files\Android\Android Studio\jbr\bin\nio.dll
0x00007ffca69c0000 - 0x00007ffca69d0000 	C:\Program Files\Android\Android Studio\jbr\bin\verify.dll
0x00007ffc8e3c0000 - 0x00007ffc8e3e7000 	C:\Users\86199\.gradle\native\68d5fa5c4cc2d200863cafc0d521ce42e7d3e7ee720ec0a83991735586a16f82\windows-amd64\native-platform.dll
0x00007ffc88060000 - 0x00007ffc881a4000 	C:\Users\86199\.gradle\native\e376f236ea51e6404a007f0833ffe2c6e607c4080706a723a18a27aeea778392\windows-amd64\native-platform-file-events.dll
0x00007ffc8fe60000 - 0x00007ffc8fe69000 	C:\Program Files\Android\Android Studio\jbr\bin\management.dll
0x00007ffc8fd80000 - 0x00007ffc8fd8b000 	C:\Program Files\Android\Android Studio\jbr\bin\management_ext.dll
0x00007ffcaf9a0000 - 0x00007ffcaf9a8000 	C:\WINDOWS\System32\PSAPI.DLL
0x00007ffcaca50000 - 0x00007ffcaca6b000 	C:\WINDOWS\SYSTEM32\CRYPTSP.dll
0x00007ffcac2e0000 - 0x00007ffcac315000 	C:\WINDOWS\system32\rsaenh.dll
0x00007ffcac8f0000 - 0x00007ffcac91c000 	C:\WINDOWS\SYSTEM32\USERENV.dll
0x00007ffcaca70000 - 0x00007ffcaca7c000 	C:\WINDOWS\SYSTEM32\CRYPTBASE.dll
0x00007ffcabe00000 - 0x00007ffcabe2d000 	C:\WINDOWS\SYSTEM32\IPHLPAPI.DLL
0x00007ffcaf470000 - 0x00007ffcaf479000 	C:\WINDOWS\System32\NSI.dll
0x00007ffca6410000 - 0x00007ffca6429000 	C:\WINDOWS\SYSTEM32\dhcpcsvc6.DLL
0x00007ffca63f0000 - 0x00007ffca640f000 	C:\WINDOWS\SYSTEM32\dhcpcsvc.DLL
0x00007ffcabe30000 - 0x00007ffcabf29000 	C:\WINDOWS\SYSTEM32\DNSAPI.dll
0x00007ffc8fcf0000 - 0x00007ffc8fcf8000 	C:\WINDOWS\system32\wshunix.dll

dbghelp: loaded successfully - version: 4.0.5 - missing functions: none
symbol engine: initialized successfully - sym options: 0x614 - pdb path: .;C:\Program Files\Android\Android Studio\jbr\bin;C:\WINDOWS\SYSTEM32;C:\WINDOWS\WinSxS\amd64_microsoft.windows.common-controls_6595b64144ccf1df_6.0.22621.2506_none_270c5ae97388e100;C:\Program Files\Android\Android Studio\jbr\bin\server;C:\Users\86199\.gradle\native\68d5fa5c4cc2d200863cafc0d521ce42e7d3e7ee720ec0a83991735586a16f82\windows-amd64;C:\Users\86199\.gradle\native\e376f236ea51e6404a007f0833ffe2c6e607c4080706a723a18a27aeea778392\windows-amd64

VM Arguments:
jvm_args: --add-opens=java.base/java.util=ALL-UNNAMED --add-opens=java.base/java.lang=ALL-UNNAMED --add-opens=java.base/java.lang.invoke=ALL-UNNAMED --add-opens=java.prefs/java.util.prefs=ALL-UNNAMED --add-opens=java.base/java.nio.charset=ALL-UNNAMED --add-opens=java.base/java.net=ALL-UNNAMED --add-opens=java.base/java.util.concurrent.atomic=ALL-UNNAMED -Xmx2048m -Dfile.encoding=UTF-8 -Duser.country=CN -Duser.language=zh -Duser.variant 
java_command: org.gradle.launcher.daemon.bootstrap.GradleDaemon 8.0
java_class_path (initial): C:\Users\86199\.gradle\wrapper\dists\gradle-8.0-bin\ca5e32bp14vu59qr306oxotwh\gradle-8.0\lib\gradle-launcher-8.0.jar
Launcher Type: SUN_STANDARD

[Global flags]
     intx CICompilerCount                          = 4                                         {product} {ergonomic}
     uint ConcGCThreads                            = 2                                         {product} {ergonomic}
     uint G1ConcRefinementThreads                  = 8                                         {product} {ergonomic}
   size_t G1HeapRegionSize                         = 1048576                                   {product} {ergonomic}
    uintx GCDrainStackTargetSize                   = 64                                        {product} {ergonomic}
   size_t InitialHeapSize                          = 266338304                                 {product} {ergonomic}
   size_t MarkStackSize                            = 4194304                                   {product} {ergonomic}
   size_t MaxHeapSize                              = 2147483648                                {product} {command line}
   size_t MaxNewSize                               = 1287651328                                {product} {ergonomic}
   size_t MinHeapDeltaBytes                        = 1048576                                   {product} {ergonomic}
   size_t MinHeapSize                              = 8388608                                   {product} {ergonomic}
    uintx NonNMethodCodeHeapSize                   = 5839372                                {pd product} {ergonomic}
    uintx NonProfiledCodeHeapSize                  = 122909434                              {pd product} {ergonomic}
    uintx ProfiledCodeHeapSize                     = 122909434                              {pd product} {ergonomic}
    uintx ReservedCodeCacheSize                    = 251658240                              {pd product} {ergonomic}
     bool SegmentedCodeCache                       = true                                      {product} {ergonomic}
   size_t SoftMaxHeapSize                          = 2147483648                             {manageable} {ergonomic}
     bool UseCompressedClassPointers               = true                           {product lp64_product} {ergonomic}
     bool UseCompressedOops                        = true                           {product lp64_product} {ergonomic}
     bool UseG1GC                                  = true                                      {product} {ergonomic}
     bool UseLargePagesIndividualAllocation        = false                                  {pd product} {ergonomic}

Logging:
Log output configuration:
 #0: stdout all=warning uptime,level,tags
 #1: stderr all=off uptime,level,tags

Environment Variables:
JAVA_HOME=D:\android\Java
CLASSPATH=.;D:\android\Java\lib;D:\android\Java\lib\tools.jar
PATH=C:\Program Files\Java\jdk 1.8.0_341\bin;D:\android\Java\bin;D:\android\Java\jre\bin;D:\mysql\mysql-5.7.27-winx64\bin;c:\windows\system32;C:\WINDOWS\system32;D:\tomcat\apache-tomcat-8.5.47\bin;D:\Anaconda;D:\Anaconda\Scripts;D:\Anaconda\Library\bin;D:\Anaconda\Library\mingw-w64\bin;D:\tomcat\apache-tomcat-8.5.47\lib\;%OMCAT_HOME%\bin;C:\Program Files\Azure Data Studio\bin;C:\Users\86199\Downloads\ffmpeg-6.0-full_build\bin;C:\WINDOWS;C:\WINDOWS\System32\Wbem;C:\WINDOWS\System32\WindowsPowerShell\v1.0\;C:\WINDOWS\System32\OpenSSH\;D:\Download\web\dll;%MAVEN;HOME%\bin;"% ANDROID_SDK_HOME%\platform-tools;% ANDROID_SDK_HOME%\tools";D:\android\SDK\platform-tools;C:\WINDOWS\system32;D:\software\node.js\;D:\software\gradle-8.0\bin;D:\software\Git\Git\cmd;D:\Anaconda;D:\Anaconda\Library\mingw-w64\bin;D:\Anaconda\Library\usr\bin;D:\Anaconda\Library\bin;D:\Anaconda\Scripts;C:\Users\86199\AppData\Local\Microsoft\WindowsApps;C:\Program Files\JetBrains\PyCharm Community Edition 2021.3\bin;;%JAVA_HOME\bin;%IntelliJ IDEA Community Edition%;C:\Program Files (x86)\Tencent\QQGameTempest\Hall.57915\;C:\Program Files\Azure Data Studio\bin;D:\Download\Microsoft VS Code\bin;C:\Users\86199\AppData\Roaming\npm
USERNAME=86199
OS=Windows_NT
PROCESSOR_IDENTIFIER=Intel64 Family 6 Model 140 Stepping 1, GenuineIntel
TMP=C:\Users\86199\AppData\Local\Temp
TEMP=C:\Users\86199\AppData\Local\Temp


JNI global refs:
JNI global refs: 27, weak refs: 1

JNI global refs memory usage: 843, weak refs: 841


---------------  S Y S T E M  ---------------

OS:
 Windows 11 , 64 bit Build 22621 (10.0.22621.2506)
OS uptime: 0 days 8:43 hours

CPU: total 8 (initial active 8) (4 cores per cpu, 2 threads per core) family 6 model 140 stepping 1 microcode 0x86, cx8, cmov, fxsr, ht, mmx, 3dnowpref, sse, sse2, sse3, ssse3, sse4.1, sse4.2, popcnt, lzcnt, tsc, tscinvbit, avx, avx2, aes, erms, clmul, bmi1, bmi2, adx, avx512f, avx512dq, avx512cd, avx512bw, avx512vl, sha, fma, vzeroupper, avx512_vpopcntdq, avx512_vpclmulqdq, avx512_vaes, avx512_vnni, clflush, clflushopt, clwb, avx512_vbmi2, avx512_vbmi

Memory: 4k page, system-wide physical 16167M (1957M free)
TotalPageFile size 16167M (AvailPageFile size 25M)
current process WorkingSet (physical memory assigned to process): 582M, peak: 586M
current process commit charge ("private bytes"): 616M, peak: 888M

vm_info: OpenJDK 64-Bit Server VM (17.0.6+0-b2043.56-10027231) for windows-amd64 JRE (17.0.6+0-b2043.56-10027231), built on Apr 28 2023 00:43:19 by "androidbuild" with MS VC++ 16.10 / 16.11 (VS2019)

END.
