#
# There is insufficient memory for the Java Runtime Environment to continue.
# Native memory allocation (mmap) failed to map 18874368 bytes for G1 virtual space
# Possible reasons:
#   The system is out of physical RAM or swap space
#   The process is running with CompressedOops enabled, and the Java Heap may be blocking the growth of the native heap
# Possible solutions:
#   Reduce memory load on the system
#   Increase physical memory or swap space
#   Check if swap backing store is full
#   Decrease Java heap size (-Xmx/-Xms)
#   Decrease number of Java threads
#   Decrease Java thread stack sizes (-Xss)
#   Set larger code cache with -XX:ReservedCodeCacheSize=
#   JVM is running with Unscaled Compressed Oops mode in which the Java heap is
#     placed in the first 4GB address space. The Java Heap base address is the
#     maximum limit for the native heap growth. Please use -XX:HeapBaseMinAddress
#     to set the Java Heap base and to place the Java Heap above 4GB virtual address.
# This output file may be truncated or incomplete.
#
#  Out of Memory Error (os_windows.cpp:3769), pid=9616, tid=15004
#
# JRE version: OpenJDK Runtime Environment (17.0.6) (build 17.0.6+0-b2043.56-10027231)
# Java VM: OpenJDK 64-Bit Server VM (17.0.6+0-b2043.56-10027231, mixed mode, tiered, compressed oops, compressed class ptrs, g1 gc, windows-amd64)
# No core dump will be written. Minidumps are not enabled by default on client versions of Windows
#

---------------  S U M M A R Y ------------

Command Line: --add-opens=java.base/java.util=ALL-UNNAMED --add-opens=java.base/java.lang=ALL-UNNAMED --add-opens=java.base/java.lang.invoke=ALL-UNNAMED --add-opens=java.prefs/java.util.prefs=ALL-UNNAMED --add-opens=java.base/java.nio.charset=ALL-UNNAMED --add-opens=java.base/java.net=ALL-UNNAMED --add-opens=java.base/java.util.concurrent.atomic=ALL-UNNAMED -Xmx2048m -Dfile.encoding=UTF-8 -Duser.country=CN -Duser.language=zh -Duser.variant org.gradle.launcher.daemon.bootstrap.GradleDaemon 8.0

Host: 11th Gen Intel(R) Core(TM) i5-1135G7 @ 2.40GHz, 8 cores, 15G,  Windows 11 , 64 bit Build 22621 (10.0.22621.2506)
Time: Mon Jan 15 18:59:49 2024  Windows 11 , 64 bit Build 22621 (10.0.22621.2506) elapsed time: 13.870809 seconds (0d 0h 0m 13s)

---------------  T H R E A D  ---------------

Current thread (0x000002257f41a930):  VMThread "VM Thread" [stack: 0x00000098b4d00000,0x00000098b4e00000] [id=15004]

Stack: [0x00000098b4d00000,0x00000098b4e00000]
Native frames: (J=compiled Java code, j=interpreted, Vv=VM code, C=native code)
V  [jvm.dll+0x683c9a]
V  [jvm.dll+0x8427a4]
V  [jvm.dll+0x843f9e]
V  [jvm.dll+0x844603]
V  [jvm.dll+0x249b75]
V  [jvm.dll+0x680b69]
V  [jvm.dll+0x67505a]
V  [jvm.dll+0x309acb]
V  [jvm.dll+0x310f86]
V  [jvm.dll+0x3608ee]
V  [jvm.dll+0x360b1f]
V  [jvm.dll+0x2dfbf8]
V  [jvm.dll+0x2ddec4]
V  [jvm.dll+0x2dd4cc]
V  [jvm.dll+0x321f3b]
V  [jvm.dll+0x848ccb]
V  [jvm.dll+0x849a04]
V  [jvm.dll+0x849f1d]
V  [jvm.dll+0x84a2f4]
V  [jvm.dll+0x84a3c0]
V  [jvm.dll+0x7f274a]
V  [jvm.dll+0x682ad5]
C  [ucrtbase.dll+0x29363]
C  [KERNEL32.DLL+0x1257d]
C  [ntdll.dll+0x5aa58]

VM_Operation (0x00000098b67f3d00): G1CollectForAllocation, mode: safepoint, requested by thread 0x0000022500dd18e0


---------------  P R O C E S S  ---------------

Threads class SMR info:
_java_thread_list=0x0000022508583730, length=128, elements={
0x0000022564acf420, 0x000002257f493250, 0x000002257f493e00, 0x000002257f4c0020,
0x000002257f4c0bd0, 0x000002257f4e18c0, 0x000002257f4e43a0, 0x000002257f4e4f90,
0x000002257f4eda40, 0x000002257f4eee50, 0x000002257f656b90, 0x000002257f662c10,
0x000002250188f6b0, 0x0000022500e744f0, 0x0000022501da96e0, 0x0000022500760980,
0x0000022500dd0a70, 0x0000022500dd2c20, 0x0000022500dd18e0, 0x0000022500dd2280,
0x0000022500dd1db0, 0x0000022500dd0f40, 0x0000022500dd1410, 0x0000022500dd35c0,
0x0000022500dd2750, 0x0000022500dd30f0, 0x0000022500dd00d0, 0x0000022500dd05a0,
0x0000022502650d60, 0x0000022502650890, 0x000002250264ebb0, 0x000002250264dd40,
0x000002250264c530, 0x0000022502652f10, 0x000002250264d3a0, 0x00000225026533e0,
0x000002250264ca00, 0x00000225026538b0, 0x000002250264e210, 0x000002250264ced0,
0x000002250264f550, 0x00000225026520a0, 0x0000022502652570, 0x000002250264d870,
0x000002250333a8b0, 0x0000022503337890, 0x0000022503334d40, 0x0000022503339f10,
0x0000022503334870, 0x0000022503335210, 0x00000225033343a0, 0x0000022503339570,
0x0000022503333530, 0x0000022503337d60, 0x00000225033356e0, 0x000002250333a3e0,
0x0000022503333a00, 0x0000022503335bb0, 0x0000022503333ed0, 0x0000022503338700,
0x0000022503336a20, 0x0000022503333060, 0x0000022503336080, 0x0000022503339a40,
0x0000022503336550, 0x0000022503336ef0, 0x00000225033373c0, 0x0000022503338230,
0x0000022503338bd0, 0x00000225033390a0, 0x0000022506367890, 0x0000022506368700,
0x0000022506368230, 0x0000022506368bd0, 0x00000225063690a0, 0x0000022506367d60,
0x0000022506369570, 0x0000022506366550, 0x0000022506365bb0, 0x0000022506366a20,
0x0000022506366ef0, 0x0000022506366080, 0x00000225063673c0, 0x0000022505fbb2f0,
0x0000022505fbe7e0, 0x0000022505fbcb00, 0x0000022505fbe310, 0x0000022505fb7e00,
0x0000022505fb6f90, 0x0000022505fbd4a0, 0x0000022505fb87a0, 0x0000022505fbde40,
0x0000022505fb7460, 0x0000022505fbc160, 0x0000022505fb8c70, 0x0000022505fbcfd0,
0x0000022505fbc630, 0x0000022505fbbc90, 0x0000022505fba480, 0x0000022505fb7930,
0x0000022505fbb7c0, 0x0000022505fbd970, 0x0000022505fb82d0, 0x0000022505fb9140,
0x0000022505fb9610, 0x0000022505fb9ae0, 0x0000022505fb9fb0, 0x0000022505fba950,
0x0000022505fbae20, 0x000002250592c090, 0x0000022505929070, 0x00000225059308c0,
0x000002250592ca30, 0x0000022505929ee0, 0x000002250592c560, 0x00000225059303f0,
0x000002250592cf00, 0x000002250592dd70, 0x0000022505929540, 0x000002250592d3d0,
0x000002250592d8a0, 0x000002250592ad50, 0x000002250592e240, 0x000002250592e710,
0x000002250592ebe0, 0x000002250592f0b0, 0x000002250592ff20, 0x000002250592f580
}

Java Threads: ( => current thread )
  0x0000022564acf420 JavaThread "main" [_thread_blocked, id=11736, stack(0x00000098b4700000,0x00000098b4800000)]
  0x000002257f493250 JavaThread "Reference Handler" daemon [_thread_blocked, id=13280, stack(0x00000098b4e00000,0x00000098b4f00000)]
  0x000002257f493e00 JavaThread "Finalizer" daemon [_thread_blocked, id=12476, stack(0x00000098b4f00000,0x00000098b5000000)]
  0x000002257f4c0020 JavaThread "Signal Dispatcher" daemon [_thread_blocked, id=8684, stack(0x00000098b5000000,0x00000098b5100000)]
  0x000002257f4c0bd0 JavaThread "Attach Listener" daemon [_thread_blocked, id=16440, stack(0x00000098b5100000,0x00000098b5200000)]
  0x000002257f4e18c0 JavaThread "Service Thread" daemon [_thread_blocked, id=14588, stack(0x00000098b5200000,0x00000098b5300000)]
  0x000002257f4e43a0 JavaThread "Monitor Deflation Thread" daemon [_thread_blocked, id=14892, stack(0x00000098b5300000,0x00000098b5400000)]
  0x000002257f4e4f90 JavaThread "C2 CompilerThread0" daemon [_thread_blocked, id=11548, stack(0x00000098b5400000,0x00000098b5500000)]
  0x000002257f4eda40 JavaThread "C1 CompilerThread0" daemon [_thread_blocked, id=18564, stack(0x00000098b5500000,0x00000098b5600000)]
  0x000002257f4eee50 JavaThread "Sweeper thread" daemon [_thread_blocked, id=11320, stack(0x00000098b5600000,0x00000098b5700000)]
  0x000002257f656b90 JavaThread "Common-Cleaner" daemon [_thread_blocked, id=14992, stack(0x00000098b5700000,0x00000098b5800000)]
  0x000002257f662c10 JavaThread "Notification Thread" daemon [_thread_blocked, id=17936, stack(0x00000098b5800000,0x00000098b5900000)]
  0x000002250188f6b0 JavaThread "Daemon health stats" [_thread_blocked, id=16760, stack(0x00000098b6100000,0x00000098b6200000)]
  0x0000022500e744f0 JavaThread "Incoming local TCP Connector on port 54428" [_thread_in_native, id=17044, stack(0x00000098b5a00000,0x00000098b5b00000)]
  0x0000022501da96e0 JavaThread "Daemon periodic checks" [_thread_blocked, id=14644, stack(0x00000098b5b00000,0x00000098b5c00000)]
  0x0000022500760980 JavaThread "Daemon" [_thread_blocked, id=12312, stack(0x00000098b6400000,0x00000098b6500000)]
  0x0000022500dd0a70 JavaThread "Handler for socket connection from /127.0.0.1:54428 to /127.0.0.1:54429" [_thread_in_native, id=11076, stack(0x00000098b6500000,0x00000098b6600000)]
  0x0000022500dd2c20 JavaThread "Cancel handler" [_thread_blocked, id=18808, stack(0x00000098b6600000,0x00000098b6700000)]
  0x0000022500dd18e0 JavaThread "Daemon worker" [_thread_blocked, id=12652, stack(0x00000098b6700000,0x00000098b6800000)]
  0x0000022500dd2280 JavaThread "Asynchronous log dispatcher for DefaultDaemonConnection: socket connection from /127.0.0.1:54428 to /127.0.0.1:54429" [_thread_blocked, id=18036, stack(0x00000098b6800000,0x00000098b6900000)]
  0x0000022500dd1db0 JavaThread "Stdin handler" [_thread_blocked, id=2508, stack(0x00000098b6900000,0x00000098b6a00000)]
  0x0000022500dd0f40 JavaThread "Daemon client event forwarder" [_thread_blocked, id=9900, stack(0x00000098b6a00000,0x00000098b6b00000)]
  0x0000022500dd1410 JavaThread "Cache worker for journal cache (C:\Users\86199\.gradle\caches\journal-1)" [_thread_blocked, id=17892, stack(0x00000098b6e00000,0x00000098b6f00000)]
  0x0000022500dd35c0 JavaThread "File lock request listener" [_thread_in_native, id=18668, stack(0x00000098b6f00000,0x00000098b7000000)]
  0x0000022500dd2750 JavaThread "Cache worker for file hash cache (C:\Users\86199\.gradle\caches\8.0\fileHashes)" [_thread_blocked, id=11016, stack(0x00000098b7000000,0x00000098b7100000)]
  0x0000022500dd30f0 JavaThread "File watcher server" daemon [_thread_in_native, id=20216, stack(0x00000098b7100000,0x00000098b7200000)]
  0x0000022500dd00d0 JavaThread "File watcher consumer" daemon [_thread_blocked, id=19656, stack(0x00000098b7200000,0x00000098b7300000)]
  0x0000022500dd05a0 JavaThread "Cache worker for checksums cache (D:\MyApplication\.gradle\8.0\checksums)" [_thread_blocked, id=17852, stack(0x00000098b7300000,0x00000098b7400000)]
  0x0000022502650d60 JavaThread "Cache worker for cache directory md-rule (C:\Users\86199\.gradle\caches\8.0\md-rule)" [_thread_blocked, id=19620, stack(0x00000098b7400000,0x00000098b7500000)]
  0x0000022502650890 JavaThread "Cache worker for file content cache (C:\Users\86199\.gradle\caches\8.0\fileContent)" [_thread_blocked, id=4204, stack(0x00000098b7500000,0x00000098b7600000)]
  0x000002250264ebb0 JavaThread "Cache worker for file hash cache (D:\MyApplication\.gradle\8.0\fileHashes)" [_thread_blocked, id=1304, stack(0x00000098b7600000,0x00000098b7700000)]
  0x000002250264dd40 JavaThread "Cache worker for cache directory md-supplier (C:\Users\86199\.gradle\caches\8.0\md-supplier)" [_thread_blocked, id=19228, stack(0x00000098b7700000,0x00000098b7800000)]
  0x000002250264c530 JavaThread "Cache worker for execution history cache (C:\Users\86199\.gradle\caches\8.0\executionHistory)" [_thread_blocked, id=19472, stack(0x00000098b7800000,0x00000098b7900000)]
  0x0000022502652f10 JavaThread "jar transforms" [_thread_blocked, id=8540, stack(0x00000098b7900000,0x00000098b7a00000)]
  0x000002250264d3a0 JavaThread "jar transforms Thread 2" [_thread_blocked, id=18200, stack(0x00000098b7a00000,0x00000098b7b00000)]
  0x00000225026533e0 JavaThread "Cache worker for kotlin-dsl (C:\Users\86199\.gradle\caches\8.0\kotlin-dsl)" [_thread_blocked, id=14640, stack(0x00000098b7c00000,0x00000098b7d00000)]
  0x000002250264ca00 JavaThread "jar transforms Thread 3" [_thread_blocked, id=16644, stack(0x00000098b7d00000,0x00000098b7e00000)]
  0x00000225026538b0 JavaThread "jar transforms Thread 4" [_thread_blocked, id=18624, stack(0x00000098b7e00000,0x00000098b7f00000)]
  0x000002250264e210 JavaThread "Cache worker for dependencies-accessors (D:\MyApplication\.gradle\8.0\dependencies-accessors)" [_thread_blocked, id=18752, stack(0x00000098b7f00000,0x00000098b8000000)]
  0x000002250264ced0 JavaThread "Cache worker for Build Output Cleanup Cache (D:\MyApplication\.gradle\buildOutputCleanup)" [_thread_blocked, id=3488, stack(0x00000098b8000000,0x00000098b8100000)]
  0x000002250264f550 JavaThread "jar transforms Thread 5" [_thread_blocked, id=13656, stack(0x00000098b8100000,0x00000098b8200000)]
  0x00000225026520a0 JavaThread "Unconstrained build operations" [_thread_blocked, id=2420, stack(0x00000098b6200000,0x00000098b6300000)]
  0x0000022502652570 JavaThread "Unconstrained build operations Thread 2" [_thread_blocked, id=8868, stack(0x00000098b6300000,0x00000098b6400000)]
  0x000002250264d870 JavaThread "Unconstrained build operations Thread 3" [_thread_blocked, id=16592, stack(0x00000098b8300000,0x00000098b8400000)]
  0x000002250333a8b0 JavaThread "Unconstrained build operations Thread 4" [_thread_blocked, id=14488, stack(0x00000098b8400000,0x00000098b8500000)]
  0x0000022503337890 JavaThread "Unconstrained build operations Thread 5" [_thread_blocked, id=6372, stack(0x00000098b8500000,0x00000098b8600000)]
  0x0000022503334d40 JavaThread "Unconstrained build operations Thread 6" [_thread_blocked, id=17608, stack(0x00000098b8600000,0x00000098b8700000)]
  0x0000022503339f10 JavaThread "Unconstrained build operations Thread 7" [_thread_blocked, id=10468, stack(0x00000098b8700000,0x00000098b8800000)]
  0x0000022503334870 JavaThread "Unconstrained build operations Thread 8" [_thread_blocked, id=12724, stack(0x00000098b8800000,0x00000098b8900000)]
  0x0000022503335210 JavaThread "Unconstrained build operations Thread 9" [_thread_blocked, id=14084, stack(0x00000098b8900000,0x00000098b8a00000)]
  0x00000225033343a0 JavaThread "Unconstrained build operations Thread 10" [_thread_blocked, id=19972, stack(0x00000098b8a00000,0x00000098b8b00000)]
  0x0000022503339570 JavaThread "Unconstrained build operations Thread 11" [_thread_blocked, id=14484, stack(0x00000098b8b00000,0x00000098b8c00000)]
  0x0000022503333530 JavaThread "Unconstrained build operations Thread 12" [_thread_blocked, id=19624, stack(0x00000098b8c00000,0x00000098b8d00000)]
  0x0000022503337d60 JavaThread "Unconstrained build operations Thread 13" [_thread_blocked, id=16788, stack(0x00000098b8d00000,0x00000098b8e00000)]
  0x00000225033356e0 JavaThread "Unconstrained build operations Thread 14" [_thread_blocked, id=15808, stack(0x00000098b8e00000,0x00000098b8f00000)]
  0x000002250333a3e0 JavaThread "Unconstrained build operations Thread 15" [_thread_blocked, id=18720, stack(0x00000098b8f00000,0x00000098b9000000)]
  0x0000022503333a00 JavaThread "Unconstrained build operations Thread 16" [_thread_blocked, id=6548, stack(0x00000098b9000000,0x00000098b9100000)]
  0x0000022503335bb0 JavaThread "Unconstrained build operations Thread 17" [_thread_blocked, id=10488, stack(0x00000098b9100000,0x00000098b9200000)]
  0x0000022503333ed0 JavaThread "Unconstrained build operations Thread 18" [_thread_blocked, id=13176, stack(0x00000098b9200000,0x00000098b9300000)]
  0x0000022503338700 JavaThread "Unconstrained build operations Thread 19" [_thread_blocked, id=20032, stack(0x00000098b9300000,0x00000098b9400000)]
  0x0000022503336a20 JavaThread "Unconstrained build operations Thread 20" [_thread_blocked, id=6828, stack(0x00000098b9400000,0x00000098b9500000)]
  0x0000022503333060 JavaThread "Unconstrained build operations Thread 21" [_thread_blocked, id=11752, stack(0x00000098b9500000,0x00000098b9600000)]
  0x0000022503336080 JavaThread "Unconstrained build operations Thread 22" [_thread_blocked, id=19540, stack(0x00000098b9600000,0x00000098b9700000)]
  0x0000022503339a40 JavaThread "Unconstrained build operations Thread 23" [_thread_blocked, id=17356, stack(0x00000098b9700000,0x00000098b9800000)]
  0x0000022503336550 JavaThread "Unconstrained build operations Thread 24" [_thread_blocked, id=14320, stack(0x00000098b9800000,0x00000098b9900000)]
  0x0000022503336ef0 JavaThread "Unconstrained build operations Thread 25" [_thread_blocked, id=19808, stack(0x00000098b9900000,0x00000098b9a00000)]
  0x00000225033373c0 JavaThread "Unconstrained build operations Thread 26" [_thread_blocked, id=18012, stack(0x00000098b9a00000,0x00000098b9b00000)]
  0x0000022503338230 JavaThread "Unconstrained build operations Thread 27" [_thread_blocked, id=19196, stack(0x00000098b9b00000,0x00000098b9c00000)]
  0x0000022503338bd0 JavaThread "Unconstrained build operations Thread 28" [_thread_blocked, id=17480, stack(0x00000098b9c00000,0x00000098b9d00000)]
  0x00000225033390a0 JavaThread "Unconstrained build operations Thread 29" [_thread_blocked, id=19988, stack(0x00000098b9d00000,0x00000098b9e00000)]
  0x0000022506367890 JavaThread "Unconstrained build operations Thread 30" [_thread_blocked, id=20224, stack(0x00000098b9e00000,0x00000098b9f00000)]
  0x0000022506368700 JavaThread "Unconstrained build operations Thread 31" [_thread_blocked, id=18776, stack(0x00000098b9f00000,0x00000098ba000000)]
  0x0000022506368230 JavaThread "Unconstrained build operations Thread 32" [_thread_blocked, id=19912, stack(0x00000098ba000000,0x00000098ba100000)]
  0x0000022506368bd0 JavaThread "Unconstrained build operations Thread 33" [_thread_blocked, id=8668, stack(0x00000098ba100000,0x00000098ba200000)]
  0x00000225063690a0 JavaThread "Unconstrained build operations Thread 34" [_thread_blocked, id=19844, stack(0x00000098ba200000,0x00000098ba300000)]
  0x0000022506367d60 JavaThread "Unconstrained build operations Thread 35" [_thread_blocked, id=11256, stack(0x00000098ba300000,0x00000098ba400000)]
  0x0000022506369570 JavaThread "Unconstrained build operations Thread 36" [_thread_blocked, id=13212, stack(0x00000098ba400000,0x00000098ba500000)]
  0x0000022506366550 JavaThread "Unconstrained build operations Thread 37" [_thread_blocked, id=14340, stack(0x00000098ba500000,0x00000098ba600000)]
  0x0000022506365bb0 JavaThread "Unconstrained build operations Thread 38" [_thread_blocked, id=3432, stack(0x00000098ba600000,0x00000098ba700000)]
  0x0000022506366a20 JavaThread "Unconstrained build operations Thread 39" [_thread_blocked, id=20172, stack(0x00000098ba700000,0x00000098ba800000)]
  0x0000022506366ef0 JavaThread "Unconstrained build operations Thread 40" [_thread_blocked, id=1724, stack(0x00000098ba800000,0x00000098ba900000)]
  0x0000022506366080 JavaThread "Unconstrained build operations Thread 41" [_thread_blocked, id=19952, stack(0x00000098ba900000,0x00000098baa00000)]
  0x00000225063673c0 JavaThread "Unconstrained build operations Thread 42" [_thread_blocked, id=18360, stack(0x00000098baa00000,0x00000098bab00000)]
  0x0000022505fbb2f0 JavaThread "Unconstrained build operations Thread 43" [_thread_blocked, id=20464, stack(0x00000098bab00000,0x00000098bac00000)]
  0x0000022505fbe7e0 JavaThread "Unconstrained build operations Thread 44" [_thread_blocked, id=19772, stack(0x00000098bac00000,0x00000098bad00000)]
  0x0000022505fbcb00 JavaThread "Unconstrained build operations Thread 45" [_thread_blocked, id=16428, stack(0x00000098bad00000,0x00000098bae00000)]
  0x0000022505fbe310 JavaThread "Unconstrained build operations Thread 46" [_thread_blocked, id=16888, stack(0x00000098bae00000,0x00000098baf00000)]
  0x0000022505fb7e00 JavaThread "Unconstrained build operations Thread 47" [_thread_blocked, id=19828, stack(0x00000098baf00000,0x00000098bb000000)]
  0x0000022505fb6f90 JavaThread "Unconstrained build operations Thread 48" [_thread_blocked, id=19576, stack(0x00000098bb000000,0x00000098bb100000)]
  0x0000022505fbd4a0 JavaThread "Unconstrained build operations Thread 49" [_thread_blocked, id=7688, stack(0x00000098bb100000,0x00000098bb200000)]
  0x0000022505fb87a0 JavaThread "Unconstrained build operations Thread 50" [_thread_blocked, id=17700, stack(0x00000098bb200000,0x00000098bb300000)]
  0x0000022505fbde40 JavaThread "Unconstrained build operations Thread 51" [_thread_blocked, id=19516, stack(0x00000098bb300000,0x00000098bb400000)]
  0x0000022505fb7460 JavaThread "Unconstrained build operations Thread 52" [_thread_blocked, id=19672, stack(0x00000098bb400000,0x00000098bb500000)]
  0x0000022505fbc160 JavaThread "Unconstrained build operations Thread 53" [_thread_blocked, id=16256, stack(0x00000098bb500000,0x00000098bb600000)]
  0x0000022505fb8c70 JavaThread "Unconstrained build operations Thread 54" [_thread_blocked, id=8268, stack(0x00000098bb600000,0x00000098bb700000)]
  0x0000022505fbcfd0 JavaThread "Unconstrained build operations Thread 55" [_thread_blocked, id=748, stack(0x00000098bb700000,0x00000098bb800000)]
  0x0000022505fbc630 JavaThread "Unconstrained build operations Thread 56" [_thread_blocked, id=4496, stack(0x00000098bb800000,0x00000098bb900000)]
  0x0000022505fbbc90 JavaThread "Unconstrained build operations Thread 57" [_thread_blocked, id=19488, stack(0x00000098bb900000,0x00000098bba00000)]
  0x0000022505fba480 JavaThread "Unconstrained build operations Thread 58" [_thread_blocked, id=19756, stack(0x00000098bba00000,0x00000098bbb00000)]
  0x0000022505fb7930 JavaThread "Unconstrained build operations Thread 59" [_thread_blocked, id=19572, stack(0x00000098bbb00000,0x00000098bbc00000)]
  0x0000022505fbb7c0 JavaThread "Unconstrained build operations Thread 60" [_thread_blocked, id=17024, stack(0x00000098bbc00000,0x00000098bbd00000)]
  0x0000022505fbd970 JavaThread "Unconstrained build operations Thread 61" [_thread_blocked, id=6864, stack(0x00000098bbd00000,0x00000098bbe00000)]
  0x0000022505fb82d0 JavaThread "Unconstrained build operations Thread 62" [_thread_blocked, id=10768, stack(0x00000098bbe00000,0x00000098bbf00000)]
  0x0000022505fb9140 JavaThread "Unconstrained build operations Thread 63" [_thread_blocked, id=16948, stack(0x00000098bbf00000,0x00000098bc000000)]
  0x0000022505fb9610 JavaThread "Unconstrained build operations Thread 64" [_thread_blocked, id=19636, stack(0x00000098bc000000,0x00000098bc100000)]
  0x0000022505fb9ae0 JavaThread "Unconstrained build operations Thread 65" [_thread_blocked, id=20044, stack(0x00000098bc100000,0x00000098bc200000)]
  0x0000022505fb9fb0 JavaThread "Unconstrained build operations Thread 66" [_thread_blocked, id=16132, stack(0x00000098bc200000,0x00000098bc300000)]
  0x0000022505fba950 JavaThread "Unconstrained build operations Thread 67" [_thread_blocked, id=17500, stack(0x00000098bc300000,0x00000098bc400000)]
  0x0000022505fbae20 JavaThread "Unconstrained build operations Thread 68" [_thread_blocked, id=19648, stack(0x00000098bc400000,0x00000098bc500000)]
  0x000002250592c090 JavaThread "Unconstrained build operations Thread 69" [_thread_blocked, id=16696, stack(0x00000098bc500000,0x00000098bc600000)]
  0x0000022505929070 JavaThread "Unconstrained build operations Thread 70" [_thread_blocked, id=12704, stack(0x00000098bc600000,0x00000098bc700000)]
  0x00000225059308c0 JavaThread "Unconstrained build operations Thread 71" [_thread_blocked, id=14224, stack(0x00000098bc700000,0x00000098bc800000)]
  0x000002250592ca30 JavaThread "Unconstrained build operations Thread 72" [_thread_blocked, id=3384, stack(0x00000098bc800000,0x00000098bc900000)]
  0x0000022505929ee0 JavaThread "Unconstrained build operations Thread 73" [_thread_blocked, id=1748, stack(0x00000098bc900000,0x00000098bca00000)]
  0x000002250592c560 JavaThread "Unconstrained build operations Thread 74" [_thread_blocked, id=19856, stack(0x00000098bca00000,0x00000098bcb00000)]
  0x00000225059303f0 JavaThread "Unconstrained build operations Thread 75" [_thread_blocked, id=20024, stack(0x00000098bcb00000,0x00000098bcc00000)]
  0x000002250592cf00 JavaThread "Unconstrained build operations Thread 76" [_thread_blocked, id=16680, stack(0x00000098bcc00000,0x00000098bcd00000)]
  0x000002250592dd70 JavaThread "Unconstrained build operations Thread 77" [_thread_blocked, id=5144, stack(0x00000098bcd00000,0x00000098bce00000)]
  0x0000022505929540 JavaThread "Unconstrained build operations Thread 78" [_thread_blocked, id=11884, stack(0x00000098bce00000,0x00000098bcf00000)]
  0x000002250592d3d0 JavaThread "Unconstrained build operations Thread 79" [_thread_blocked, id=12256, stack(0x00000098bcf00000,0x00000098bd000000)]
  0x000002250592d8a0 JavaThread "Unconstrained build operations Thread 80" [_thread_blocked, id=4756, stack(0x00000098bd000000,0x00000098bd100000)]
  0x000002250592ad50 JavaThread "jar transforms Thread 6" [_thread_blocked, id=4312, stack(0x00000098bd200000,0x00000098bd300000)]
  0x000002250592e240 JavaThread "jar transforms Thread 7" [_thread_blocked, id=11712, stack(0x00000098bd300000,0x00000098bd400000)]
  0x000002250592e710 JavaThread "jar transforms Thread 8" [_thread_blocked, id=5344, stack(0x00000098bd400000,0x00000098bd500000)]
  0x000002250592ebe0 JavaThread "build event listener" [_thread_blocked, id=17596, stack(0x00000098bd500000,0x00000098bd600000)]
  0x000002250592f0b0 JavaThread "Memory manager" [_thread_blocked, id=16540, stack(0x00000098bd700000,0x00000098bd800000)]
  0x000002250592ff20 JavaThread "build event listener" [_thread_blocked, id=12744, stack(0x00000098bd800000,0x00000098bd900000)]
  0x000002250592f580 JavaThread "build event listener" [_thread_blocked, id=17744, stack(0x00000098bd900000,0x00000098bda00000)]

Other Threads:
=>0x000002257f41a930 VMThread "VM Thread" [stack: 0x00000098b4d00000,0x00000098b4e00000] [id=15004]
  0x0000022564b4b510 WatcherThread [stack: 0x00000098b5900000,0x00000098b5a00000] [id=14244]
  0x0000022564b2a640 GCTaskThread "GC Thread#0" [stack: 0x00000098b4800000,0x00000098b4900000] [id=15140]
  0x00000225007d98d0 GCTaskThread "GC Thread#1" [stack: 0x00000098b5c00000,0x00000098b5d00000] [id=8692]
  0x00000225007d9b80 GCTaskThread "GC Thread#2" [stack: 0x00000098b5d00000,0x00000098b5e00000] [id=16988]
  0x00000225004835b0 GCTaskThread "GC Thread#3" [stack: 0x00000098b5e00000,0x00000098b5f00000] [id=19720]
  0x0000022500483860 GCTaskThread "GC Thread#4" [stack: 0x00000098b5f00000,0x00000098b6000000] [id=5004]
  0x0000022500457550 GCTaskThread "GC Thread#5" [stack: 0x00000098b6000000,0x00000098b6100000] [id=20072]
  0x0000022502446e90 GCTaskThread "GC Thread#6" [stack: 0x00000098b6b00000,0x00000098b6c00000] [id=6524]
  0x0000022502447140 GCTaskThread "GC Thread#7" [stack: 0x00000098b6c00000,0x00000098b6d00000] [id=3288]
  0x0000022564b3b580 ConcurrentGCThread "G1 Main Marker" [stack: 0x00000098b4900000,0x00000098b4a00000] [id=2448]
  0x0000022564b3bf90 ConcurrentGCThread "G1 Conc#0" [stack: 0x00000098b4a00000,0x00000098b4b00000] [id=16480]
  0x00000225024473f0 ConcurrentGCThread "G1 Conc#1" [stack: 0x00000098b6d00000,0x00000098b6e00000] [id=13556]
  0x0000022564b8e4b0 ConcurrentGCThread "G1 Refine#0" [stack: 0x00000098b4b00000,0x00000098b4c00000] [id=12748]
  0x0000022500cdf490 ConcurrentGCThread "G1 Refine#1" [stack: 0x00000098b7b00000,0x00000098b7c00000] [id=15948]
  0x0000022506083270 ConcurrentGCThread "G1 Refine#2" [stack: 0x00000098bda00000,0x00000098bdb00000] [id=11088]
  0x0000022506083830 ConcurrentGCThread "G1 Refine#3" [stack: 0x00000098bdb00000,0x00000098bdc00000] [id=2724]
  0x0000022506083b10 ConcurrentGCThread "G1 Refine#4" [stack: 0x00000098bdc00000,0x00000098bdd00000] [id=2832]
  0x00000225060840d0 ConcurrentGCThread "G1 Refine#5" [stack: 0x00000098bdd00000,0x00000098bde00000] [id=16348]
  0x0000022506084f30 ConcurrentGCThread "G1 Refine#6" [stack: 0x00000098bde00000,0x00000098bdf00000] [id=2732]
  0x000002257e5e44b0 ConcurrentGCThread "G1 Service" [stack: 0x00000098b4c00000,0x00000098b4d00000] [id=15016]

Threads with active compile tasks:

VM state: at safepoint (normal execution)

VM Mutex/Monitor currently owned by a thread:  ([mutex/lock_event])
[0x0000022564acb100] Threads_lock - owner thread: 0x000002257f41a930
[0x0000022564acb970] Heap_lock - owner thread: 0x0000022500dd18e0

Heap address: 0x0000000080000000, size: 2048 MB, Compressed Oops mode: 32-bit

CDS archive(s) not mapped
Compressed class space mapped at: 0x0000000100000000-0x0000000140000000, reserved size: 1073741824
Narrow klass base: 0x0000000000000000, Narrow klass shift: 3, Narrow klass range: 0x140000000

GC Precious Log:
 CPUs: 8 total, 8 available
 Memory: 16167M
 Large Page Support: Disabled
 NUMA Support: Disabled
 Compressed Oops: Enabled (32-bit)
 Heap Region Size: 1M
 Heap Min Capacity: 8M
 Heap Initial Capacity: 254M
 Heap Max Capacity: 2G
 Pre-touch: Disabled
 Parallel Workers: 8
 Concurrent Workers: 2
 Concurrent Refinement Workers: 8
 Periodic GC: Disabled

Heap:
 garbage-first heap   total 198656K, used 117413K [0x0000000080000000, 0x0000000100000000)
  region size 1024K, 1 young (1024K), 1 survivors (1024K)
 Metaspace       used 103269K, committed 103936K, reserved 1138688K
  class space    used 13992K, committed 14272K, reserved 1048576K

Heap Regions: E=young(eden), S=young(survivor), O=old, HS=humongous(starts), HC=humongous(continues), CS=collection set, F=free, OA=open archive, CA=closed archive, TAMS=top-at-mark-start (previous, next)
|   0|0x0000000080000000, 0x0000000080100000, 0x0000000080100000|100%|HS|  |TAMS 0x0000000080100000, 0x0000000080000000| Complete 
|   1|0x0000000080100000, 0x0000000080200000, 0x0000000080200000|100%|HC|  |TAMS 0x0000000080200000, 0x0000000080100000| Complete 
|   2|0x0000000080200000, 0x0000000080300000, 0x0000000080300000|100%|HC|  |TAMS 0x0000000080300000, 0x0000000080200000| Complete 
|   3|0x0000000080300000, 0x0000000080400000, 0x0000000080400000|100%|HC|  |TAMS 0x0000000080400000, 0x0000000080300000| Complete 
|   4|0x0000000080400000, 0x0000000080500000, 0x0000000080500000|100%| O|  |TAMS 0x0000000080500000, 0x0000000080400000| Untracked 
|   5|0x0000000080500000, 0x0000000080600000, 0x0000000080600000|100%| O|  |TAMS 0x0000000080600000, 0x0000000080500000| Untracked 
|   6|0x0000000080600000, 0x0000000080700000, 0x0000000080700000|100%| O|  |TAMS 0x0000000080700000, 0x0000000080600000| Untracked 
|   7|0x0000000080700000, 0x0000000080800000, 0x0000000080800000|100%| O|  |TAMS 0x0000000080800000, 0x0000000080700000| Untracked 
|   8|0x0000000080800000, 0x0000000080900000, 0x0000000080900000|100%| O|  |TAMS 0x0000000080900000, 0x0000000080800000| Untracked 
|   9|0x0000000080900000, 0x0000000080a00000, 0x0000000080a00000|100%| O|  |TAMS 0x0000000080a00000, 0x0000000080900000| Untracked 
|  10|0x0000000080a00000, 0x0000000080b00000, 0x0000000080b00000|100%| O|  |TAMS 0x0000000080b00000, 0x0000000080a00000| Untracked 
|  11|0x0000000080b00000, 0x0000000080b00000, 0x0000000080c00000|  0%| F|  |TAMS 0x0000000080b00000, 0x0000000080b00000| Untracked 
|  12|0x0000000080c00000, 0x0000000080d00000, 0x0000000080d00000|100%| O|  |TAMS 0x0000000080d00000, 0x0000000080c00000| Untracked 
|  13|0x0000000080d00000, 0x0000000080e00000, 0x0000000080e00000|100%| O|  |TAMS 0x0000000080e00000, 0x0000000080d00000| Untracked 
|  14|0x0000000080e00000, 0x0000000080f00000, 0x0000000080f00000|100%| O|  |TAMS 0x0000000080f00000, 0x0000000080e00000| Untracked 
|  15|0x0000000080f00000, 0x0000000081000000, 0x0000000081000000|100%| O|  |TAMS 0x0000000081000000, 0x0000000080f00000| Untracked 
|  16|0x0000000081000000, 0x0000000081100000, 0x0000000081100000|100%| O|  |TAMS 0x0000000081100000, 0x0000000081000000| Untracked 
|  17|0x0000000081100000, 0x0000000081200000, 0x0000000081200000|100%| O|  |TAMS 0x0000000081200000, 0x0000000081100000| Untracked 
|  18|0x0000000081200000, 0x0000000081300000, 0x0000000081300000|100%| O|  |TAMS 0x0000000081300000, 0x0000000081200000| Untracked 
|  19|0x0000000081300000, 0x0000000081400000, 0x0000000081400000|100%| O|  |TAMS 0x0000000081400000, 0x0000000081300000| Untracked 
|  20|0x0000000081400000, 0x0000000081500000, 0x0000000081500000|100%| O|  |TAMS 0x0000000081500000, 0x0000000081400000| Untracked 
|  21|0x0000000081500000, 0x0000000081600000, 0x0000000081600000|100%| O|  |TAMS 0x0000000081600000, 0x0000000081500000| Untracked 
|  22|0x0000000081600000, 0x0000000081700000, 0x0000000081700000|100%| O|  |TAMS 0x0000000081700000, 0x0000000081600000| Untracked 
|  23|0x0000000081700000, 0x0000000081800000, 0x0000000081800000|100%| O|  |TAMS 0x0000000081800000, 0x0000000081700000| Untracked 
|  24|0x0000000081800000, 0x0000000081900000, 0x0000000081900000|100%| O|  |TAMS 0x0000000081900000, 0x0000000081800000| Untracked 
|  25|0x0000000081900000, 0x0000000081a00000, 0x0000000081a00000|100%| O|  |TAMS 0x0000000081a00000, 0x0000000081900000| Untracked 
|  26|0x0000000081a00000, 0x0000000081b00000, 0x0000000081b00000|100%| O|  |TAMS 0x0000000081b00000, 0x0000000081a00000| Untracked 
|  27|0x0000000081b00000, 0x0000000081c00000, 0x0000000081c00000|100%| O|  |TAMS 0x0000000081c00000, 0x0000000081b00000| Untracked 
|  28|0x0000000081c00000, 0x0000000081d00000, 0x0000000081d00000|100%| O|  |TAMS 0x0000000081d00000, 0x0000000081c00000| Untracked 
|  29|0x0000000081d00000, 0x0000000081e00000, 0x0000000081e00000|100%| O|  |TAMS 0x0000000081e00000, 0x0000000081d00000| Untracked 
|  30|0x0000000081e00000, 0x0000000081f00000, 0x0000000081f00000|100%| O|  |TAMS 0x0000000081f00000, 0x0000000081e00000| Untracked 
|  31|0x0000000081f00000, 0x0000000082000000, 0x0000000082000000|100%| O|  |TAMS 0x0000000082000000, 0x0000000081f00000| Untracked 
|  32|0x0000000082000000, 0x0000000082100000, 0x0000000082100000|100%| O|  |TAMS 0x0000000082100000, 0x0000000082000000| Untracked 
|  33|0x0000000082100000, 0x0000000082200000, 0x0000000082200000|100%| O|  |TAMS 0x0000000082200000, 0x0000000082100000| Untracked 
|  34|0x0000000082200000, 0x0000000082300000, 0x0000000082300000|100%| O|  |TAMS 0x0000000082300000, 0x0000000082200000| Untracked 
|  35|0x0000000082300000, 0x0000000082400000, 0x0000000082400000|100%| O|  |TAMS 0x0000000082400000, 0x0000000082300000| Untracked 
|  36|0x0000000082400000, 0x0000000082500000, 0x0000000082500000|100%| O|  |TAMS 0x0000000082500000, 0x0000000082400000| Untracked 
|  37|0x0000000082500000, 0x0000000082600000, 0x0000000082600000|100%| O|  |TAMS 0x0000000082600000, 0x0000000082500000| Untracked 
|  38|0x0000000082600000, 0x0000000082700000, 0x0000000082700000|100%|HS|  |TAMS 0x0000000082700000, 0x0000000082600000| Complete 
|  39|0x0000000082700000, 0x0000000082800000, 0x0000000082800000|100%|HS|  |TAMS 0x0000000082800000, 0x0000000082700000| Complete 
|  40|0x0000000082800000, 0x0000000082900000, 0x0000000082900000|100%|HS|  |TAMS 0x0000000082900000, 0x0000000082800000| Complete 
|  41|0x0000000082900000, 0x0000000082a00000, 0x0000000082a00000|100%|HC|  |TAMS 0x0000000082a00000, 0x0000000082900000| Complete 
|  42|0x0000000082a00000, 0x0000000082b00000, 0x0000000082b00000|100%|HS|  |TAMS 0x0000000082b00000, 0x0000000082a00000| Complete 
|  43|0x0000000082b00000, 0x0000000082c00000, 0x0000000082c00000|100%|HS|  |TAMS 0x0000000082c00000, 0x0000000082b00000| Complete 
|  44|0x0000000082c00000, 0x0000000082d00000, 0x0000000082d00000|100%|HC|  |TAMS 0x0000000082d00000, 0x0000000082c00000| Complete 
|  45|0x0000000082d00000, 0x0000000082e00000, 0x0000000082e00000|100%|HC|  |TAMS 0x0000000082e00000, 0x0000000082d00000| Complete 
|  46|0x0000000082e00000, 0x0000000082f00000, 0x0000000082f00000|100%|HC|  |TAMS 0x0000000082f00000, 0x0000000082e00000| Complete 
|  47|0x0000000082f00000, 0x0000000083000000, 0x0000000083000000|100%| O|  |TAMS 0x0000000083000000, 0x0000000082f00000| Untracked 
|  48|0x0000000083000000, 0x0000000083100000, 0x0000000083100000|100%| O|  |TAMS 0x0000000083100000, 0x0000000083000000| Untracked 
|  49|0x0000000083100000, 0x0000000083200000, 0x0000000083200000|100%| O|  |TAMS 0x0000000083200000, 0x0000000083100000| Untracked 
|  50|0x0000000083200000, 0x0000000083300000, 0x0000000083300000|100%| O|  |TAMS 0x0000000083300000, 0x0000000083200000| Untracked 
|  51|0x0000000083300000, 0x0000000083400000, 0x0000000083400000|100%| O|  |TAMS 0x0000000083400000, 0x0000000083300000| Untracked 
|  52|0x0000000083400000, 0x0000000083500000, 0x0000000083500000|100%| O|  |TAMS 0x0000000083500000, 0x0000000083400000| Untracked 
|  53|0x0000000083500000, 0x0000000083600000, 0x0000000083600000|100%| O|  |TAMS 0x0000000083600000, 0x0000000083500000| Untracked 
|  54|0x0000000083600000, 0x0000000083700000, 0x0000000083700000|100%| O|  |TAMS 0x0000000083700000, 0x0000000083600000| Untracked 
|  55|0x0000000083700000, 0x0000000083800000, 0x0000000083800000|100%| O|  |TAMS 0x0000000083800000, 0x0000000083700000| Untracked 
|  56|0x0000000083800000, 0x0000000083900000, 0x0000000083900000|100%| O|  |TAMS 0x0000000083900000, 0x0000000083800000| Untracked 
|  57|0x0000000083900000, 0x0000000083a00000, 0x0000000083a00000|100%| O|  |TAMS 0x0000000083a00000, 0x0000000083900000| Untracked 
|  58|0x0000000083a00000, 0x0000000083b00000, 0x0000000083b00000|100%| O|  |TAMS 0x0000000083b00000, 0x0000000083a00000| Untracked 
|  59|0x0000000083b00000, 0x0000000083c00000, 0x0000000083c00000|100%| O|  |TAMS 0x0000000083c00000, 0x0000000083b00000| Untracked 
|  60|0x0000000083c00000, 0x0000000083d00000, 0x0000000083d00000|100%| O|  |TAMS 0x0000000083d00000, 0x0000000083c00000| Untracked 
|  61|0x0000000083d00000, 0x0000000083e00000, 0x0000000083e00000|100%| O|  |TAMS 0x0000000083e00000, 0x0000000083d00000| Untracked 
|  62|0x0000000083e00000, 0x0000000083f00000, 0x0000000083f00000|100%| O|  |TAMS 0x0000000083f00000, 0x0000000083e00000| Untracked 
|  63|0x0000000083f00000, 0x0000000084000000, 0x0000000084000000|100%| O|  |TAMS 0x0000000084000000, 0x0000000083f00000| Untracked 
|  64|0x0000000084000000, 0x0000000084100000, 0x0000000084100000|100%| O|  |TAMS 0x0000000084100000, 0x0000000084000000| Untracked 
|  65|0x0000000084100000, 0x0000000084200000, 0x0000000084200000|100%| O|  |TAMS 0x0000000084200000, 0x0000000084100000| Untracked 
|  66|0x0000000084200000, 0x0000000084300000, 0x0000000084300000|100%| O|  |TAMS 0x0000000084300000, 0x0000000084200000| Untracked 
|  67|0x0000000084300000, 0x0000000084400000, 0x0000000084400000|100%|HS|  |TAMS 0x0000000084400000, 0x0000000084300000| Complete 
|  68|0x0000000084400000, 0x0000000084500000, 0x0000000084500000|100%|HC|  |TAMS 0x0000000084500000, 0x0000000084400000| Complete 
|  69|0x0000000084500000, 0x0000000084600000, 0x0000000084600000|100%|HC|  |TAMS 0x0000000084600000, 0x0000000084500000| Complete 
|  70|0x0000000084600000, 0x0000000084700000, 0x0000000084700000|100%|HC|  |TAMS 0x0000000084700000, 0x0000000084600000| Complete 
|  71|0x0000000084700000, 0x0000000084800000, 0x0000000084800000|100%| O|  |TAMS 0x0000000084800000, 0x0000000084700000| Untracked 
|  72|0x0000000084800000, 0x0000000084900000, 0x0000000084900000|100%| O|  |TAMS 0x0000000084900000, 0x0000000084800000| Untracked 
|  73|0x0000000084900000, 0x0000000084a00000, 0x0000000084a00000|100%| O|  |TAMS 0x0000000084a00000, 0x0000000084900000| Untracked 
|  74|0x0000000084a00000, 0x0000000084b00000, 0x0000000084b00000|100%| O|  |TAMS 0x0000000084b00000, 0x0000000084a00000| Untracked 
|  75|0x0000000084b00000, 0x0000000084c00000, 0x0000000084c00000|100%| O|  |TAMS 0x0000000084c00000, 0x0000000084b00000| Untracked 
|  76|0x0000000084c00000, 0x0000000084d00000, 0x0000000084d00000|100%| O|  |TAMS 0x0000000084d00000, 0x0000000084c00000| Untracked 
|  77|0x0000000084d00000, 0x0000000084e00000, 0x0000000084e00000|100%| O|  |TAMS 0x0000000084e00000, 0x0000000084d00000| Untracked 
|  78|0x0000000084e00000, 0x0000000084f00000, 0x0000000084f00000|100%| O|  |TAMS 0x0000000084f00000, 0x0000000084e00000| Untracked 
|  79|0x0000000084f00000, 0x0000000085000000, 0x0000000085000000|100%| O|  |TAMS 0x0000000085000000, 0x0000000084f00000| Untracked 
|  80|0x0000000085000000, 0x0000000085100000, 0x0000000085100000|100%| O|  |TAMS 0x0000000085100000, 0x0000000085000000| Untracked 
|  81|0x0000000085100000, 0x0000000085200000, 0x0000000085200000|100%| O|  |TAMS 0x0000000085200000, 0x0000000085100000| Untracked 
|  82|0x0000000085200000, 0x0000000085300000, 0x0000000085300000|100%| O|  |TAMS 0x0000000085300000, 0x0000000085200000| Untracked 
|  83|0x0000000085300000, 0x0000000085400000, 0x0000000085400000|100%| O|  |TAMS 0x0000000085400000, 0x0000000085300000| Untracked 
|  84|0x0000000085400000, 0x0000000085500000, 0x0000000085500000|100%| O|  |TAMS 0x0000000085500000, 0x0000000085400000| Untracked 
|  85|0x0000000085500000, 0x0000000085600000, 0x0000000085600000|100%| O|  |TAMS 0x0000000085600000, 0x0000000085500000| Untracked 
|  86|0x0000000085600000, 0x0000000085700000, 0x0000000085700000|100%| O|  |TAMS 0x0000000085700000, 0x0000000085600000| Untracked 
|  87|0x0000000085700000, 0x0000000085800000, 0x0000000085800000|100%| O|  |TAMS 0x0000000085800000, 0x0000000085700000| Untracked 
|  88|0x0000000085800000, 0x0000000085900000, 0x0000000085900000|100%| O|  |TAMS 0x0000000085900000, 0x0000000085800000| Untracked 
|  89|0x0000000085900000, 0x0000000085a00000, 0x0000000085a00000|100%| O|  |TAMS 0x0000000085a00000, 0x0000000085900000| Untracked 
|  90|0x0000000085a00000, 0x0000000085b00000, 0x0000000085b00000|100%| O|  |TAMS 0x0000000085b00000, 0x0000000085a00000| Untracked 
|  91|0x0000000085b00000, 0x0000000085c00000, 0x0000000085c00000|100%| O|  |TAMS 0x0000000085c00000, 0x0000000085b00000| Untracked 
|  92|0x0000000085c00000, 0x0000000085d00000, 0x0000000085d00000|100%| O|  |TAMS 0x0000000085d00000, 0x0000000085c00000| Untracked 
|  93|0x0000000085d00000, 0x0000000085e00000, 0x0000000085e00000|100%| O|  |TAMS 0x0000000085e00000, 0x0000000085d00000| Untracked 
|  94|0x0000000085e00000, 0x0000000085f00000, 0x0000000085f00000|100%| O|  |TAMS 0x0000000085f00000, 0x0000000085e00000| Untracked 
|  95|0x0000000085f00000, 0x0000000086000000, 0x0000000086000000|100%| O|  |TAMS 0x0000000085f7da00, 0x0000000085f00000| Untracked 
|  96|0x0000000086000000, 0x0000000086100000, 0x0000000086100000|100%| O|  |TAMS 0x0000000086000000, 0x0000000086000000| Untracked 
|  97|0x0000000086100000, 0x0000000086200000, 0x0000000086200000|100%| O|  |TAMS 0x0000000086200000, 0x0000000086100000| Untracked 
|  98|0x0000000086200000, 0x0000000086300000, 0x0000000086300000|100%| O|  |TAMS 0x0000000086300000, 0x0000000086200000| Untracked 
|  99|0x0000000086300000, 0x0000000086400000, 0x0000000086400000|100%| O|  |TAMS 0x0000000086400000, 0x0000000086300000| Untracked 
| 100|0x0000000086400000, 0x0000000086500000, 0x0000000086500000|100%| O|  |TAMS 0x0000000086400000, 0x0000000086400000| Untracked 
| 101|0x0000000086500000, 0x0000000086600000, 0x0000000086600000|100%| O|  |TAMS 0x0000000086500000, 0x0000000086500000| Untracked 
| 102|0x0000000086600000, 0x0000000086700000, 0x0000000086700000|100%|HS|  |TAMS 0x0000000086600000, 0x0000000086600000| Complete 
| 103|0x0000000086700000, 0x0000000086800000, 0x0000000086800000|100%|HC|  |TAMS 0x0000000086700000, 0x0000000086700000| Complete 
| 104|0x0000000086800000, 0x0000000086900000, 0x0000000086900000|100%|HC|  |TAMS 0x0000000086800000, 0x0000000086800000| Complete 
| 105|0x0000000086900000, 0x0000000086a00000, 0x0000000086a00000|100%|HC|  |TAMS 0x0000000086900000, 0x0000000086900000| Complete 
| 106|0x0000000086a00000, 0x0000000086b00000, 0x0000000086b00000|100%|HC|  |TAMS 0x0000000086a00000, 0x0000000086a00000| Complete 
| 107|0x0000000086b00000, 0x0000000086c00000, 0x0000000086c00000|100%|HC|  |TAMS 0x0000000086b00000, 0x0000000086b00000| Complete 
| 108|0x0000000086c00000, 0x0000000086d00000, 0x0000000086d00000|100%| O|  |TAMS 0x0000000086c00000, 0x0000000086c00000| Untracked 
| 109|0x0000000086d00000, 0x0000000086e00000, 0x0000000086e00000|100%| O|  |TAMS 0x0000000086d00000, 0x0000000086d00000| Untracked 
| 110|0x0000000086e00000, 0x0000000086f00000, 0x0000000086f00000|100%| O|  |TAMS 0x0000000086e00000, 0x0000000086e00000| Untracked 
| 111|0x0000000086f00000, 0x0000000087000000, 0x0000000087000000|100%| O|  |TAMS 0x0000000086f00000, 0x0000000086f00000| Untracked 
| 112|0x0000000087000000, 0x0000000087100000, 0x0000000087100000|100%| O|  |TAMS 0x0000000087000000, 0x0000000087000000| Untracked 
| 113|0x0000000087100000, 0x0000000087200000, 0x0000000087200000|100%| O|  |TAMS 0x0000000087100000, 0x0000000087100000| Untracked 
| 114|0x0000000087200000, 0x00000000872f2800, 0x0000000087300000| 94%| O|  |TAMS 0x0000000087200000, 0x0000000087200000| Untracked 
| 115|0x0000000087300000, 0x0000000087300000, 0x0000000087400000|  0%| F|  |TAMS 0x0000000087300000, 0x0000000087300000| Untracked 
| 116|0x0000000087400000, 0x0000000087400000, 0x0000000087500000|  0%| F|  |TAMS 0x0000000087400000, 0x0000000087400000| Untracked 
| 117|0x0000000087500000, 0x0000000087500000, 0x0000000087600000|  0%| F|  |TAMS 0x0000000087500000, 0x0000000087500000| Untracked 
| 118|0x0000000087600000, 0x0000000087600000, 0x0000000087700000|  0%| F|  |TAMS 0x0000000087600000, 0x0000000087600000| Untracked 
| 119|0x0000000087700000, 0x0000000087700000, 0x0000000087800000|  0%| F|  |TAMS 0x0000000087700000, 0x0000000087700000| Untracked 
| 120|0x0000000087800000, 0x0000000087800000, 0x0000000087900000|  0%| F|  |TAMS 0x0000000087800000, 0x0000000087800000| Untracked 
| 121|0x0000000087900000, 0x0000000087900000, 0x0000000087a00000|  0%| F|  |TAMS 0x0000000087900000, 0x0000000087900000| Untracked 
| 122|0x0000000087a00000, 0x0000000087a00000, 0x0000000087b00000|  0%| F|  |TAMS 0x0000000087a00000, 0x0000000087a00000| Untracked 
| 123|0x0000000087b00000, 0x0000000087b00000, 0x0000000087c00000|  0%| F|  |TAMS 0x0000000087b00000, 0x0000000087b00000| Untracked 
| 124|0x0000000087c00000, 0x0000000087c00000, 0x0000000087d00000|  0%| F|  |TAMS 0x0000000087c00000, 0x0000000087c00000| Untracked 
| 125|0x0000000087d00000, 0x0000000087d00000, 0x0000000087e00000|  0%| F|  |TAMS 0x0000000087d00000, 0x0000000087d00000| Untracked 
| 126|0x0000000087e00000, 0x0000000087e00000, 0x0000000087f00000|  0%| F|  |TAMS 0x0000000087e00000, 0x0000000087e00000| Untracked 
| 127|0x0000000087f00000, 0x0000000087f00000, 0x0000000088000000|  0%| F|  |TAMS 0x0000000087f00000, 0x0000000087f00000| Untracked 
| 128|0x0000000088000000, 0x0000000088000000, 0x0000000088100000|  0%| F|  |TAMS 0x0000000088000000, 0x0000000088000000| Untracked 
| 129|0x0000000088100000, 0x0000000088100000, 0x0000000088200000|  0%| F|  |TAMS 0x0000000088100000, 0x0000000088100000| Untracked 
| 130|0x0000000088200000, 0x0000000088200000, 0x0000000088300000|  0%| F|  |TAMS 0x0000000088200000, 0x0000000088200000| Untracked 
| 131|0x0000000088300000, 0x0000000088300000, 0x0000000088400000|  0%| F|  |TAMS 0x0000000088300000, 0x0000000088300000| Untracked 
| 132|0x0000000088400000, 0x0000000088400000, 0x0000000088500000|  0%| F|  |TAMS 0x0000000088400000, 0x0000000088400000| Untracked 
| 133|0x0000000088500000, 0x0000000088500000, 0x0000000088600000|  0%| F|  |TAMS 0x0000000088500000, 0x0000000088500000| Untracked 
| 134|0x0000000088600000, 0x0000000088600000, 0x0000000088700000|  0%| F|  |TAMS 0x0000000088600000, 0x0000000088600000| Untracked 
| 135|0x0000000088700000, 0x0000000088700000, 0x0000000088800000|  0%| F|  |TAMS 0x0000000088700000, 0x0000000088700000| Untracked 
| 136|0x0000000088800000, 0x0000000088800000, 0x0000000088900000|  0%| F|  |TAMS 0x0000000088800000, 0x0000000088800000| Untracked 
| 137|0x0000000088900000, 0x0000000088900000, 0x0000000088a00000|  0%| F|  |TAMS 0x0000000088900000, 0x0000000088900000| Untracked 
| 138|0x0000000088a00000, 0x0000000088a00000, 0x0000000088b00000|  0%| F|  |TAMS 0x0000000088a00000, 0x0000000088a00000| Untracked 
| 139|0x0000000088b00000, 0x0000000088b00000, 0x0000000088c00000|  0%| F|  |TAMS 0x0000000088b00000, 0x0000000088b00000| Untracked 
| 140|0x0000000088c00000, 0x0000000088c00000, 0x0000000088d00000|  0%| F|  |TAMS 0x0000000088c00000, 0x0000000088c00000| Untracked 
| 141|0x0000000088d00000, 0x0000000088d00000, 0x0000000088e00000|  0%| F|  |TAMS 0x0000000088d00000, 0x0000000088d00000| Untracked 
| 142|0x0000000088e00000, 0x0000000088e00000, 0x0000000088f00000|  0%| F|  |TAMS 0x0000000088e00000, 0x0000000088e00000| Untracked 
| 143|0x0000000088f00000, 0x0000000088f00000, 0x0000000089000000|  0%| F|  |TAMS 0x0000000088f00000, 0x0000000088f00000| Untracked 
| 144|0x0000000089000000, 0x0000000089000000, 0x0000000089100000|  0%| F|  |TAMS 0x0000000089000000, 0x0000000089000000| Untracked 
| 145|0x0000000089100000, 0x0000000089100000, 0x0000000089200000|  0%| F|  |TAMS 0x0000000089100000, 0x0000000089100000| Untracked 
| 146|0x0000000089200000, 0x0000000089200000, 0x0000000089300000|  0%| F|  |TAMS 0x0000000089200000, 0x0000000089200000| Untracked 
| 147|0x0000000089300000, 0x0000000089300000, 0x0000000089400000|  0%| F|  |TAMS 0x0000000089300000, 0x0000000089300000| Untracked 
| 148|0x0000000089400000, 0x0000000089400000, 0x0000000089500000|  0%| F|  |TAMS 0x0000000089400000, 0x0000000089400000| Untracked 
| 149|0x0000000089500000, 0x0000000089500000, 0x0000000089600000|  0%| F|  |TAMS 0x0000000089500000, 0x0000000089500000| Untracked 
| 150|0x0000000089600000, 0x0000000089600000, 0x0000000089700000|  0%| F|  |TAMS 0x0000000089600000, 0x0000000089600000| Untracked 
| 151|0x0000000089700000, 0x0000000089700000, 0x0000000089800000|  0%| F|  |TAMS 0x0000000089700000, 0x0000000089700000| Untracked 
| 152|0x0000000089800000, 0x0000000089800000, 0x0000000089900000|  0%| F|  |TAMS 0x0000000089800000, 0x0000000089800000| Untracked 
| 153|0x0000000089900000, 0x0000000089900000, 0x0000000089a00000|  0%| F|  |TAMS 0x0000000089900000, 0x0000000089900000| Untracked 
| 154|0x0000000089a00000, 0x0000000089a00000, 0x0000000089b00000|  0%| F|  |TAMS 0x0000000089a00000, 0x0000000089a00000| Untracked 
| 155|0x0000000089b00000, 0x0000000089b00000, 0x0000000089c00000|  0%| F|  |TAMS 0x0000000089b00000, 0x0000000089b00000| Untracked 
| 156|0x0000000089c00000, 0x0000000089c00000, 0x0000000089d00000|  0%| F|  |TAMS 0x0000000089c00000, 0x0000000089c00000| Untracked 
| 157|0x0000000089d00000, 0x0000000089d00000, 0x0000000089e00000|  0%| F|  |TAMS 0x0000000089d00000, 0x0000000089d00000| Untracked 
| 158|0x0000000089e00000, 0x0000000089e00000, 0x0000000089f00000|  0%| F|  |TAMS 0x0000000089e00000, 0x0000000089e00000| Untracked 
| 159|0x0000000089f00000, 0x0000000089f00000, 0x000000008a000000|  0%| F|  |TAMS 0x0000000089f00000, 0x0000000089f00000| Untracked 
| 160|0x000000008a000000, 0x000000008a000000, 0x000000008a100000|  0%| F|  |TAMS 0x000000008a000000, 0x000000008a000000| Untracked 
| 161|0x000000008a100000, 0x000000008a100000, 0x000000008a200000|  0%| F|  |TAMS 0x000000008a100000, 0x000000008a100000| Untracked 
| 162|0x000000008a200000, 0x000000008a200000, 0x000000008a300000|  0%| F|  |TAMS 0x000000008a200000, 0x000000008a200000| Untracked 
| 163|0x000000008a300000, 0x000000008a300000, 0x000000008a400000|  0%| F|  |TAMS 0x000000008a300000, 0x000000008a300000| Untracked 
| 164|0x000000008a400000, 0x000000008a400000, 0x000000008a500000|  0%| F|  |TAMS 0x000000008a400000, 0x000000008a400000| Untracked 
| 165|0x000000008a500000, 0x000000008a500000, 0x000000008a600000|  0%| F|  |TAMS 0x000000008a500000, 0x000000008a500000| Untracked 
| 166|0x000000008a600000, 0x000000008a600000, 0x000000008a700000|  0%| F|  |TAMS 0x000000008a600000, 0x000000008a600000| Untracked 
| 167|0x000000008a700000, 0x000000008a700000, 0x000000008a800000|  0%| F|  |TAMS 0x000000008a700000, 0x000000008a700000| Untracked 
| 168|0x000000008a800000, 0x000000008a800000, 0x000000008a900000|  0%| F|  |TAMS 0x000000008a800000, 0x000000008a800000| Untracked 
| 169|0x000000008a900000, 0x000000008a900000, 0x000000008aa00000|  0%| F|  |TAMS 0x000000008a900000, 0x000000008a900000| Untracked 
| 170|0x000000008aa00000, 0x000000008aa00000, 0x000000008ab00000|  0%| F|  |TAMS 0x000000008aa00000, 0x000000008aa00000| Untracked 
| 171|0x000000008ab00000, 0x000000008ab00000, 0x000000008ac00000|  0%| F|  |TAMS 0x000000008ab00000, 0x000000008ab00000| Untracked 
| 172|0x000000008ac00000, 0x000000008ac00000, 0x000000008ad00000|  0%| F|  |TAMS 0x000000008ac00000, 0x000000008ac00000| Untracked 
| 173|0x000000008ad00000, 0x000000008ad00000, 0x000000008ae00000|  0%| F|  |TAMS 0x000000008ad00000, 0x000000008ad00000| Untracked 
| 174|0x000000008ae00000, 0x000000008ae00000, 0x000000008af00000|  0%| F|  |TAMS 0x000000008ae00000, 0x000000008ae00000| Untracked 
| 175|0x000000008af00000, 0x000000008af00000, 0x000000008b000000|  0%| F|  |TAMS 0x000000008af00000, 0x000000008af00000| Untracked 
| 176|0x000000008b000000, 0x000000008b000000, 0x000000008b100000|  0%| F|  |TAMS 0x000000008b000000, 0x000000008b000000| Untracked 
| 177|0x000000008b100000, 0x000000008b100000, 0x000000008b200000|  0%| F|  |TAMS 0x000000008b100000, 0x000000008b100000| Untracked 
| 178|0x000000008b200000, 0x000000008b200000, 0x000000008b300000|  0%| F|  |TAMS 0x000000008b200000, 0x000000008b200000| Untracked 
| 179|0x000000008b300000, 0x000000008b300000, 0x000000008b400000|  0%| F|  |TAMS 0x000000008b300000, 0x000000008b300000| Untracked 
| 180|0x000000008b400000, 0x000000008b400000, 0x000000008b500000|  0%| F|  |TAMS 0x000000008b400000, 0x000000008b400000| Untracked 
| 181|0x000000008b500000, 0x000000008b500000, 0x000000008b600000|  0%| F|  |TAMS 0x000000008b500000, 0x000000008b500000| Untracked 
| 182|0x000000008b600000, 0x000000008b600000, 0x000000008b700000|  0%| F|  |TAMS 0x000000008b600000, 0x000000008b600000| Untracked 
| 183|0x000000008b700000, 0x000000008b700000, 0x000000008b800000|  0%| F|  |TAMS 0x000000008b700000, 0x000000008b700000| Untracked 
| 184|0x000000008b800000, 0x000000008b800000, 0x000000008b900000|  0%| F|  |TAMS 0x000000008b800000, 0x000000008b800000| Untracked 
| 203|0x000000008cb00000, 0x000000008cb00000, 0x000000008cc00000|  0%| F|  |TAMS 0x000000008cb00000, 0x000000008cb00000| Untracked 
| 204|0x000000008cc00000, 0x000000008cc00000, 0x000000008cd00000|  0%| F|  |TAMS 0x000000008cc00000, 0x000000008cc00000| Untracked 
| 205|0x000000008cd00000, 0x000000008cd00000, 0x000000008ce00000|  0%| F|  |TAMS 0x000000008cd00000, 0x000000008cd00000| Untracked 
| 206|0x000000008ce00000, 0x000000008ce00000, 0x000000008cf00000|  0%| F|  |TAMS 0x000000008ce00000, 0x000000008ce00000| Untracked 
| 207|0x000000008cf00000, 0x000000008cfb6f40, 0x000000008d000000| 71%| S|CS|TAMS 0x000000008cf00000, 0x000000008cf00000| Complete 
| 208|0x000000008d000000, 0x000000008d000000, 0x000000008d100000|  0%| F|  |TAMS 0x000000008d000000, 0x000000008d000000| Untracked 
| 209|0x000000008d100000, 0x000000008d100000, 0x000000008d200000|  0%| F|  |TAMS 0x000000008d100000, 0x000000008d100000| Untracked 
| 210|0x000000008d200000, 0x000000008d200000, 0x000000008d300000|  0%| F|  |TAMS 0x000000008d200000, 0x000000008d200000| Untracked 
| 253|0x000000008fd00000, 0x000000008fd00000, 0x000000008fe00000|  0%| F|  |TAMS 0x000000008fd00000, 0x000000008fd00000| Untracked 

Card table byte_map: [0x00000225776c0000,0x0000022577ac0000] _byte_map_base: 0x00000225772c0000

Marking Bits (Prev, Next): (CMBitMap*) 0x0000022564b2ac90, (CMBitMap*) 0x0000022564b2ac50
 Prev Bits: [0x0000022579ec0000, 0x000002257bec0000)
 Next Bits: [0x0000022577ec0000, 0x0000022579ec0000)

Polling page: 0x0000022564290000

Metaspace:

Usage:
  Non-class:     87.18 MB used.
      Class:     13.66 MB used.
       Both:    100.85 MB used.

Virtual space:
  Non-class space:       88.00 MB reserved,      87.56 MB (>99%) committed,  11 nodes.
      Class space:        1.00 GB reserved,      13.94 MB (  1%) committed,  1 nodes.
             Both:        1.09 GB reserved,     101.50 MB (  9%) committed. 

Chunk freelists:
   Non-Class:  368.00 KB
       Class:  2.07 MB
        Both:  2.42 MB

MaxMetaspaceSize: unlimited
CompressedClassSpaceSize: 1.00 GB
Initial GC threshold: 21.00 MB
Current GC threshold: 164.69 MB
CDS: off
MetaspaceReclaimPolicy: balanced
 - commit_granule_bytes: 65536.
 - commit_granule_words: 8192.
 - virtual_space_node_default_size: 1048576.
 - enlarge_chunks_in_place: 1.
 - new_chunks_are_fully_committed: 0.
 - uncommit_free_chunks: 1.
 - use_allocation_guard: 0.
 - handle_deallocations: 1.


Internal statistics:

num_allocs_failed_limit: 31.
num_arena_births: 888.
num_arena_deaths: 0.
num_vsnodes_births: 12.
num_vsnodes_deaths: 0.
num_space_committed: 1623.
num_space_uncommitted: 0.
num_chunks_returned_to_freelist: 31.
num_chunks_taken_from_freelist: 4266.
num_chunk_merges: 31.
num_chunk_splits: 3078.
num_chunks_enlarged: 2296.
num_purges: 0.
num_inconsistent_stats: 0.

CodeHeap 'non-profiled nmethods': size=120000Kb used=5276Kb max_used=5276Kb free=114723Kb
 bounds [0x000002256fa60000, 0x000002256ff90000, 0x0000022576f90000]
CodeHeap 'profiled nmethods': size=120000Kb used=16215Kb max_used=16215Kb free=103784Kb
 bounds [0x0000022567f90000, 0x0000022568f70000, 0x000002256f4c0000]
CodeHeap 'non-nmethods': size=5760Kb used=2456Kb max_used=2501Kb free=3303Kb
 bounds [0x000002256f4c0000, 0x000002256f740000, 0x000002256fa60000]
 total_blobs=9400 nmethods=8411 adapters=901
 compilation: enabled
              stopped_count=0, restarted_count=0
 full_count=0

Compilation events (20 events):
Event: 13.761 Thread 0x000002257f4eda40 9214       3       kotlin.sequences.GeneratorSequence$iterator$1::<init> (16 bytes)
Event: 13.761 Thread 0x000002257f4eda40 nmethod 9214 0x0000022568f60c10 code [0x0000022568f60da0, 0x0000022568f60f78]
Event: 13.787 Thread 0x000002257f4eda40 9216       3       java.lang.reflect.ProxyGenerator$ProxyMethod::codeUnwrapReturnValue (172 bytes)
Event: 13.787 Thread 0x000002257f4e4f90 9217       4       jdk.internal.org.objectweb.asm.AnnotationWriter::computeAnnotationsSize (66 bytes)
Event: 13.787 Thread 0x000002257f4eda40 nmethod 9216 0x0000022568f61010 code [0x0000022568f612c0, 0x0000022568f62198]
Event: 13.790 Thread 0x000002257f4e4f90 nmethod 9217 0x000002256ff86290 code [0x000002256ff86420, 0x000002256ff865a8]
Event: 13.790 Thread 0x000002257f4e4f90 9218       4       jdk.internal.org.objectweb.asm.Attribute::putAttributes (78 bytes)
Event: 13.791 Thread 0x000002257f4e4f90 nmethod 9218 0x000002256ff86790 code [0x000002256ff86900, 0x000002256ff869d8]
Event: 13.822 Thread 0x000002257f4e4f90 9219       4       java.util.LinkedHashMap::keysToArray (38 bytes)
Event: 13.827 Thread 0x000002257f4e4f90 nmethod 9219 0x000002256ff86a90 code [0x000002256ff86c20, 0x000002256ff86df8]
Event: 13.835 Thread 0x000002257f4eda40 9220       3       kotlin.collections.CollectionsKt___CollectionsKt::single (68 bytes)
Event: 13.836 Thread 0x000002257f4eda40 nmethod 9220 0x0000022568f62510 code [0x0000022568f62780, 0x0000022568f63098]
Event: 13.838 Thread 0x000002257f4eda40 9221       3       kotlin.collections.CollectionsKt___CollectionsKt::single (76 bytes)
Event: 13.839 Thread 0x000002257f4eda40 nmethod 9221 0x0000022568f63390 code [0x0000022568f63640, 0x0000022568f64368]
Event: 13.839 Thread 0x000002257f4e4f90 9222       4       java.util.LinkedHashMap::valuesToArray (38 bytes)
Event: 13.845 Thread 0x000002257f4e4f90 nmethod 9222 0x000002256ff86f10 code [0x000002256ff870a0, 0x000002256ff87278]
Event: 13.845 Thread 0x000002257f4eda40 9223       3       org.jetbrains.kotlin.container.CacheKt::getInfo (14 bytes)
Event: 13.846 Thread 0x000002257f4eda40 nmethod 9223 0x0000022568f64710 code [0x0000022568f64920, 0x0000022568f64ec8]
Event: 13.846 Thread 0x000002257f4eda40 9224       3       org.jetbrains.kotlin.container.ClassTraversalCache::getClassInfo (43 bytes)
Event: 13.847 Thread 0x000002257f4eda40 nmethod 9224 0x0000022568f65110 code [0x0000022568f65360, 0x0000022568f65c68]

GC Heap History (20 events):
Event: 10.749 GC heap after
{Heap after GC invocations=32 (full 0):
 garbage-first heap   total 124928K, used 64969K [0x0000000080000000, 0x0000000100000000)
  region size 1024K, 4 young (4096K), 4 survivors (4096K)
 Metaspace       used 81615K, committed 82240K, reserved 1122304K
  class space    used 11344K, committed 11648K, reserved 1048576K
}
Event: 11.076 GC heap before
{Heap before GC invocations=32 (full 0):
 garbage-first heap   total 124928K, used 94665K [0x0000000080000000, 0x0000000100000000)
  region size 1024K, 33 young (33792K), 4 survivors (4096K)
 Metaspace       used 84909K, committed 85568K, reserved 1130496K
  class space    used 11791K, committed 12096K, reserved 1048576K
}
Event: 11.082 GC heap after
{Heap after GC invocations=33 (full 0):
 garbage-first heap   total 150528K, used 67567K [0x0000000080000000, 0x0000000100000000)
  region size 1024K, 5 young (5120K), 5 survivors (5120K)
 Metaspace       used 84909K, committed 85568K, reserved 1130496K
  class space    used 11791K, committed 12096K, reserved 1048576K
}
Event: 11.612 GC heap before
{Heap before GC invocations=34 (full 0):
 garbage-first heap   total 150528K, used 110575K [0x0000000080000000, 0x0000000100000000)
  region size 1024K, 48 young (49152K), 5 survivors (5120K)
 Metaspace       used 88905K, committed 89536K, reserved 1130496K
  class space    used 12302K, committed 12608K, reserved 1048576K
}
Event: 11.618 GC heap after
{Heap after GC invocations=35 (full 0):
 garbage-first heap   total 150528K, used 70715K [0x0000000080000000, 0x0000000100000000)
  region size 1024K, 6 young (6144K), 6 survivors (6144K)
 Metaspace       used 88905K, committed 89536K, reserved 1130496K
  class space    used 12302K, committed 12608K, reserved 1048576K
}
Event: 11.691 GC heap before
{Heap before GC invocations=35 (full 0):
 garbage-first heap   total 150528K, used 74811K [0x0000000080000000, 0x0000000100000000)
  region size 1024K, 11 young (11264K), 6 survivors (6144K)
 Metaspace       used 89874K, committed 90560K, reserved 1130496K
  class space    used 12418K, committed 12736K, reserved 1048576K
}
Event: 11.697 GC heap after
{Heap after GC invocations=36 (full 0):
 garbage-first heap   total 150528K, used 71158K [0x0000000080000000, 0x0000000100000000)
  region size 1024K, 4 young (4096K), 4 survivors (4096K)
 Metaspace       used 89874K, committed 90560K, reserved 1130496K
  class space    used 12418K, committed 12736K, reserved 1048576K
}
Event: 12.265 GC heap before
{Heap before GC invocations=37 (full 0):
 garbage-first heap   total 150528K, used 111094K [0x0000000080000000, 0x0000000100000000)
  region size 1024K, 40 young (40960K), 4 survivors (4096K)
 Metaspace       used 95863K, committed 96512K, reserved 1138688K
  class space    used 13181K, committed 13504K, reserved 1048576K
}
Event: 12.270 GC heap after
{Heap after GC invocations=38 (full 0):
 garbage-first heap   total 150528K, used 75622K [0x0000000080000000, 0x0000000100000000)
  region size 1024K, 4 young (4096K), 4 survivors (4096K)
 Metaspace       used 95863K, committed 96512K, reserved 1138688K
  class space    used 13181K, committed 13504K, reserved 1048576K
}
Event: 12.558 GC heap before
{Heap before GC invocations=39 (full 0):
 garbage-first heap   total 150528K, used 128870K [0x0000000080000000, 0x0000000100000000)
  region size 1024K, 50 young (51200K), 4 survivors (4096K)
 Metaspace       used 96041K, committed 96704K, reserved 1138688K
  class space    used 13189K, committed 13504K, reserved 1048576K
}
Event: 12.569 GC heap after
{Heap after GC invocations=40 (full 0):
 garbage-first heap   total 150528K, used 89454K [0x0000000080000000, 0x0000000100000000)
  region size 1024K, 7 young (7168K), 7 survivors (7168K)
 Metaspace       used 96041K, committed 96704K, reserved 1138688K
  class space    used 13189K, committed 13504K, reserved 1048576K
}
Event: 12.734 GC heap before
{Heap before GC invocations=40 (full 0):
 garbage-first heap   total 150528K, used 119150K [0x0000000080000000, 0x0000000100000000)
  region size 1024K, 36 young (36864K), 7 survivors (7168K)
 Metaspace       used 96042K, committed 96704K, reserved 1138688K
  class space    used 13189K, committed 13504K, reserved 1048576K
}
Event: 12.745 GC heap after
{Heap after GC invocations=41 (full 0):
 garbage-first heap   total 150528K, used 99326K [0x0000000080000000, 0x0000000100000000)
  region size 1024K, 5 young (5120K), 5 survivors (5120K)
 Metaspace       used 96042K, committed 96704K, reserved 1138688K
  class space    used 13189K, committed 13504K, reserved 1048576K
}
Event: 13.017 GC heap before
{Heap before GC invocations=42 (full 0):
 garbage-first heap   total 176128K, used 120830K [0x0000000080000000, 0x0000000100000000)
  region size 1024K, 26 young (26624K), 5 survivors (5120K)
 Metaspace       used 96966K, committed 97664K, reserved 1138688K
  class space    used 13303K, committed 13632K, reserved 1048576K
}
Event: 13.024 GC heap after
{Heap after GC invocations=43 (full 0):
 garbage-first heap   total 176128K, used 103387K [0x0000000080000000, 0x0000000100000000)
  region size 1024K, 4 young (4096K), 4 survivors (4096K)
 Metaspace       used 96966K, committed 97664K, reserved 1138688K
  class space    used 13303K, committed 13632K, reserved 1048576K
}
Event: 13.312 GC heap before
{Heap before GC invocations=43 (full 0):
 garbage-first heap   total 176128K, used 126939K [0x0000000080000000, 0x0000000100000000)
  region size 1024K, 28 young (28672K), 4 survivors (4096K)
 Metaspace       used 100291K, committed 100992K, reserved 1138688K
  class space    used 13691K, committed 14016K, reserved 1048576K
}
Event: 13.316 GC heap after
{Heap after GC invocations=44 (full 0):
 garbage-first heap   total 176128K, used 105719K [0x0000000080000000, 0x0000000100000000)
  region size 1024K, 3 young (3072K), 3 survivors (3072K)
 Metaspace       used 100291K, committed 100992K, reserved 1138688K
  class space    used 13691K, committed 14016K, reserved 1048576K
}
Event: 13.767 GC heap before
{Heap before GC invocations=45 (full 0):
 garbage-first heap   total 198656K, used 144631K [0x0000000080000000, 0x0000000100000000)
  region size 1024K, 35 young (35840K), 3 survivors (3072K)
 Metaspace       used 102711K, committed 103424K, reserved 1138688K
  class space    used 13950K, committed 14272K, reserved 1048576K
}
Event: 13.773 GC heap after
{Heap after GC invocations=46 (full 0):
 garbage-first heap   total 198656K, used 116508K [0x0000000080000000, 0x0000000100000000)
  region size 1024K, 5 young (5120K), 5 survivors (5120K)
 Metaspace       used 102711K, committed 103424K, reserved 1138688K
  class space    used 13950K, committed 14272K, reserved 1048576K
}
Event: 13.855 GC heap before
{Heap before GC invocations=46 (full 0):
 garbage-first heap   total 198656K, used 119580K [0x0000000080000000, 0x0000000100000000)
  region size 1024K, 9 young (9216K), 5 survivors (5120K)
 Metaspace       used 103269K, committed 103936K, reserved 1138688K
  class space    used 13992K, committed 14272K, reserved 1048576K
}

Dll operation events (2 events):
Event: 0.018 Loaded shared library C:\Program Files\Android\Android Studio\jbr\bin\java.dll
Event: 0.376 Loaded shared library C:\Program Files\Android\Android Studio\jbr\bin\verify.dll

Deoptimization events (20 events):
Event: 13.332 Thread 0x0000022500dd18e0 Uncommon trap: trap_request=0xffffffde fr.pc=0x000002256ff56e0c relative=0x00000000000004ac
Event: 13.332 Thread 0x0000022500dd18e0 Uncommon trap: reason=class_check action=maybe_recompile pc=0x000002256ff56e0c method=org.jetbrains.kotlin.protobuf.CodedInputStream.tryRefillBuffer(I)Z @ 177 c2
Event: 13.332 Thread 0x0000022500dd18e0 DEOPT PACKING pc=0x000002256ff56e0c sp=0x00000098b67f52b0
Event: 13.332 Thread 0x0000022500dd18e0 DEOPT UNPACKING pc=0x000002256f51a1a3 sp=0x00000098b67f5198 mode 2
Event: 13.335 Thread 0x0000022500dd18e0 Uncommon trap: trap_request=0xffffffde fr.pc=0x000002256ff56e0c relative=0x00000000000004ac
Event: 13.335 Thread 0x0000022500dd18e0 Uncommon trap: reason=class_check action=maybe_recompile pc=0x000002256ff56e0c method=org.jetbrains.kotlin.protobuf.CodedInputStream.tryRefillBuffer(I)Z @ 177 c2
Event: 13.335 Thread 0x0000022500dd18e0 DEOPT PACKING pc=0x000002256ff56e0c sp=0x00000098b67f52b0
Event: 13.335 Thread 0x0000022500dd18e0 DEOPT UNPACKING pc=0x000002256f51a1a3 sp=0x00000098b67f5198 mode 2
Event: 13.335 Thread 0x0000022500dd18e0 Uncommon trap: trap_request=0xffffffde fr.pc=0x000002256ff56e0c relative=0x00000000000004ac
Event: 13.335 Thread 0x0000022500dd18e0 Uncommon trap: reason=class_check action=maybe_recompile pc=0x000002256ff56e0c method=org.jetbrains.kotlin.protobuf.CodedInputStream.tryRefillBuffer(I)Z @ 177 c2
Event: 13.335 Thread 0x0000022500dd18e0 DEOPT PACKING pc=0x000002256ff56e0c sp=0x00000098b67f52b0
Event: 13.335 Thread 0x0000022500dd18e0 DEOPT UNPACKING pc=0x000002256f51a1a3 sp=0x00000098b67f5198 mode 2
Event: 13.630 Thread 0x0000022500dd18e0 Uncommon trap: trap_request=0xffffff45 fr.pc=0x000002256fef8f04 relative=0x00000000000000e4
Event: 13.630 Thread 0x0000022500dd18e0 Uncommon trap: reason=unstable_if action=reinterpret pc=0x000002256fef8f04 method=org.jetbrains.kotlin.com.intellij.util.SmartList.get(I)Ljava/lang/Object; @ 13 c2
Event: 13.630 Thread 0x0000022500dd18e0 DEOPT PACKING pc=0x000002256fef8f04 sp=0x00000098b67f3c10
Event: 13.630 Thread 0x0000022500dd18e0 DEOPT UNPACKING pc=0x000002256f51a1a3 sp=0x00000098b67f3bb0 mode 2
Event: 13.851 Thread 0x0000022500dd18e0 Uncommon trap: trap_request=0xffffff76 fr.pc=0x000002256ff8723c relative=0x000000000000019c
Event: 13.851 Thread 0x0000022500dd18e0 Uncommon trap: reason=predicate action=maybe_recompile pc=0x000002256ff8723c method=java.util.LinkedHashMap.valuesToArray([Ljava/lang/Object;)[Ljava/lang/Object; @ 12 c2
Event: 13.851 Thread 0x0000022500dd18e0 DEOPT PACKING pc=0x000002256ff8723c sp=0x00000098b67f5100
Event: 13.851 Thread 0x0000022500dd18e0 DEOPT UNPACKING pc=0x000002256f51a1a3 sp=0x00000098b67f50b8 mode 2

Classes unloaded (0 events):
No events

Classes redefined (0 events):
No events

Internal exceptions (20 events):
Event: 10.492 Thread 0x0000022500dd18e0 Exception <a 'java/lang/NoSuchMethodError'{0x0000000086f14630}: static Lorg/jetbrains/kotlin/gradle/plugin/internal/DefaultBasePluginConfigurationVariantFactory;.<clinit>()V> (0x0000000086f14630) 
thrown [s\src\hotspot\share\prims\jni.cpp, line 1108]
Event: 10.493 Thread 0x0000022500dd18e0 Exception <a 'java/lang/NoSuchMethodError'{0x0000000086f2cfc8}: static Lorg/jetbrains/kotlin/gradle/plugin/internal/DefaultIdeaSyncDetectorVariantFactory;.<clinit>()V> (0x0000000086f2cfc8) 
thrown [s\src\hotspot\share\prims\jni.cpp, line 1108]
Event: 10.494 Thread 0x0000022500dd18e0 Exception <a 'java/lang/NoSuchMethodError'{0x0000000086f465e8}: static Lorg/jetbrains/kotlin/gradle/plugin/internal/DefaultKotlinTestReportCompatibilityHelperVariantFactory;.<clinit>()V> (0x0000000086f465e8) 
thrown [s\src\hotspot\share\prims\jni.cpp, line 1108]
Event: 10.495 Thread 0x0000022500dd18e0 Exception <a 'java/lang/NoSuchMethodError'{0x0000000086f49ad0}: 'void java.lang.invoke.DirectMethodHandle$Holder.invokeSpecial(java.lang.Object, java.lang.Object, java.lang.Object, int)'> (0x0000000086f49ad0) 
thrown [s\src\hotspot\share\interpreter\linkResolver.cpp, line 771]
Event: 11.104 Thread 0x0000022500dd18e0 Exception <a 'java/lang/ClassNotFoundException'{0x000000008d2b90f0}: org/jetbrains/kotlin/gradle/targets/js/npm/DefaultNpmDependencyExtensionBeanInfo> (0x000000008d2b90f0) 
thrown [s\src\hotspot\share\classfile\systemDictionary.cpp, line 256]
Event: 11.105 Thread 0x0000022500dd18e0 Exception <a 'java/lang/ClassNotFoundException'{0x000000008d2c5840}: org/jetbrains/kotlin/gradle/targets/js/npm/DefaultNpmDependencyExtensionCustomizer> (0x000000008d2c5840) 
thrown [s\src\hotspot\share\classfile\systemDictionary.cpp, line 256]
Event: 11.109 Thread 0x0000022500dd18e0 Exception <a 'java/lang/ClassNotFoundException'{0x000000008d12f870}: org/jetbrains/kotlin/gradle/targets/js/npm/NpmDependencyExtensionKt$defaultNpmDependencyDelegate$1BeanInfo> (0x000000008d12f870) 
thrown [s\src\hotspot\share\classfile\systemDictionary.cpp, line 256]
Event: 11.109 Thread 0x0000022500dd18e0 Exception <a 'java/lang/ClassNotFoundException'{0x000000008d13c008}: org/jetbrains/kotlin/gradle/targets/js/npm/NpmDependencyExtensionDelegateBeanInfo> (0x000000008d13c008) 
thrown [s\src\hotspot\share\classfile\systemDictionary.cpp, line 256]
Event: 11.109 Thread 0x0000022500dd18e0 Exception <a 'java/lang/ClassNotFoundException'{0x000000008d148768}: org/jetbrains/kotlin/gradle/targets/js/npm/NpmDependencyExtensionDelegateCustomizer> (0x000000008d148768) 
thrown [s\src\hotspot\share\classfile\systemDictionary.cpp, line 256]
Event: 11.110 Thread 0x0000022500dd18e0 Exception <a 'java/lang/ClassNotFoundException'{0x000000008d16a728}: org/jetbrains/kotlin/gradle/targets/js/npm/NpmDependencyExtensionKt$defaultNpmDependencyDelegate$1Customizer> (0x000000008d16a728) 
thrown [s\src\hotspot\share\classfile\systemDictionary.cpp, line 256]
Event: 11.113 Thread 0x0000022500dd18e0 Exception <a 'java/lang/ClassNotFoundException'{0x000000008d1a20b8}: org/jetbrains/kotlin/gradle/targets/js/npm/DefaultDevNpmDependencyExtensionBeanInfo> (0x000000008d1a20b8) 
thrown [s\src\hotspot\share\classfile\systemDictionary.cpp, line 256]
Event: 11.113 Thread 0x0000022500dd18e0 Exception <a 'java/lang/ClassNotFoundException'{0x000000008d1ae820}: org/jetbrains/kotlin/gradle/targets/js/npm/DefaultDevNpmDependencyExtensionCustomizer> (0x000000008d1ae820) 
thrown [s\src\hotspot\share\classfile\systemDictionary.cpp, line 256]
Event: 11.116 Thread 0x0000022500dd18e0 Exception <a 'java/lang/ClassNotFoundException'{0x000000008d1e87a0}: org/jetbrains/kotlin/gradle/targets/js/npm/DefaultPeerNpmDependencyExtensionBeanInfo> (0x000000008d1e87a0) 
thrown [s\src\hotspot\share\classfile\systemDictionary.cpp, line 256]
Event: 11.116 Thread 0x0000022500dd18e0 Exception <a 'java/lang/ClassNotFoundException'{0x000000008d1f4f58}: org/jetbrains/kotlin/gradle/targets/js/npm/DefaultPeerNpmDependencyExtensionCustomizer> (0x000000008d1f4f58) 
thrown [s\src\hotspot\share\classfile\systemDictionary.cpp, line 256]
Event: 11.122 Thread 0x0000022500dd18e0 Exception <a 'java/lang/ClassNotFoundException'{0x000000008d036b50}: org/jetbrains/kotlin/gradle/targets/js/npm/DefaultPeerNpmDependencyExtension$delegate$1BeanInfo> (0x000000008d036b50) 
thrown [s\src\hotspot\share\classfile\systemDictionary.cpp, line 256]
Event: 11.122 Thread 0x0000022500dd18e0 Exception <a 'java/lang/ClassNotFoundException'{0x000000008d0435d0}: org/jetbrains/kotlin/gradle/targets/js/npm/DefaultPeerNpmDependencyExtension$delegate$1Customizer> (0x000000008d0435d0) 
thrown [s\src\hotspot\share\classfile\systemDictionary.cpp, line 256]
Event: 11.540 Thread 0x0000022500dd18e0 Exception <a 'java/lang/NoSuchMethodError'{0x0000000086d64978}: 'long java.lang.invoke.DirectMethodHandle$Holder.invokeStatic(java.lang.Object)'> (0x0000000086d64978) 
thrown [s\src\hotspot\share\interpreter\linkResolver.cpp, line 771]
Event: 11.540 Thread 0x0000022500dd18e0 Exception <a 'java/lang/NoSuchMethodError'{0x0000000086d69518}: 'long java.lang.invoke.DirectMethodHandle$Holder.invokeStaticInit(java.lang.Object)'> (0x0000000086d69518) 
thrown [s\src\hotspot\share\interpreter\linkResolver.cpp, line 771]
Event: 12.243 Thread 0x0000022500dd18e0 Exception <a 'java/lang/NoSuchMethodError'{0x0000000086c9ed50}: 'java.lang.Object java.lang.invoke.Invokers$Holder.invoke_MT(java.lang.Object, java.lang.Object, java.lang.Object)'> (0x0000000086c9ed50) 
thrown [s\src\hotspot\share\interpreter\linkResolver.cpp, line 771]
Event: 12.450 Thread 0x0000022500dd18e0 Implicit null exception at 0x000002256fefcf56 to 0x000002256fefdf1c

VM Operations (20 events):
Event: 12.331 Executing VM operation: G1Concurrent done
Event: 12.558 Executing VM operation: G1CollectForAllocation
Event: 12.569 Executing VM operation: G1CollectForAllocation done
Event: 12.734 Executing VM operation: G1CollectForAllocation
Event: 12.745 Executing VM operation: G1CollectForAllocation done
Event: 12.800 Executing VM operation: G1Concurrent
Event: 12.802 Executing VM operation: G1Concurrent done
Event: 12.825 Executing VM operation: G1Concurrent
Event: 12.825 Executing VM operation: G1Concurrent done
Event: 13.017 Executing VM operation: G1CollectForAllocation
Event: 13.024 Executing VM operation: G1CollectForAllocation done
Event: 13.312 Executing VM operation: G1TryInitiateConcMark
Event: 13.316 Executing VM operation: G1TryInitiateConcMark done
Event: 13.380 Executing VM operation: G1Concurrent
Event: 13.383 Executing VM operation: G1Concurrent done
Event: 13.413 Executing VM operation: G1Concurrent
Event: 13.413 Executing VM operation: G1Concurrent done
Event: 13.766 Executing VM operation: G1CollectForAllocation
Event: 13.773 Executing VM operation: G1CollectForAllocation done
Event: 13.855 Executing VM operation: G1CollectForAllocation

Events (20 events):
Event: 12.244 loading class sun/nio/ch/Util$4
Event: 12.244 loading class sun/nio/ch/Util$4 done
Event: 12.244 loading class jdk/internal/access/foreign/MemorySegmentProxy
Event: 12.244 loading class jdk/internal/access/foreign/MemorySegmentProxy done
Event: 12.245 loading class java/io/UTFDataFormatException
Event: 12.245 loading class java/io/UTFDataFormatException done
Event: 12.261 loading class java/nio/file/attribute/DosFileAttributeView
Event: 12.262 loading class java/nio/file/attribute/DosFileAttributeView done
Event: 12.262 loading class sun/nio/fs/WindowsFileAttributeViews$Dos
Event: 12.262 loading class sun/nio/fs/WindowsFileAttributeViews$Dos done
Event: 12.320 Thread 0x000002250634bd90 Thread added: 0x000002250634bd90
Event: 12.320 Thread 0x0000022508ab58c0 Thread added: 0x0000022508ab58c0
Event: 12.873 loading class java/nio/channels/Channels$ReadableByteChannelImpl
Event: 12.873 loading class java/nio/channels/Channels$ReadableByteChannelImpl done
Event: 12.873 loading class java/nio/channels/NonWritableChannelException
Event: 12.873 loading class java/nio/channels/NonWritableChannelException done
Event: 13.147 Thread 0x0000022508ab58c0 Thread exited: 0x0000022508ab58c0
Event: 13.149 Thread 0x000002250634bd90 Thread exited: 0x000002250634bd90
Event: 13.338 Thread 0x00000225033f35a0 Thread added: 0x00000225033f35a0
Event: 13.787 Thread 0x00000225033f35a0 Thread exited: 0x00000225033f35a0


Dynamic libraries:
0x00007ff73d970000 - 0x00007ff73d97a000 	C:\Program Files\Android\Android Studio\jbr\bin\java.exe
0x00007ffcb0010000 - 0x00007ffcb0227000 	C:\WINDOWS\SYSTEM32\ntdll.dll
0x00007ffcaf480000 - 0x00007ffcaf544000 	C:\WINDOWS\System32\KERNEL32.DLL
0x00007ffcad470000 - 0x00007ffcad816000 	C:\WINDOWS\System32\KERNELBASE.dll
0x00007ffcad350000 - 0x00007ffcad461000 	C:\WINDOWS\System32\ucrtbase.dll
0x00007ffc8fda0000 - 0x00007ffc8fdbb000 	C:\Program Files\Android\Android Studio\jbr\bin\VCRUNTIME140.dll
0x00007ffc75180000 - 0x00007ffc75197000 	C:\Program Files\Android\Android Studio\jbr\bin\jli.dll
0x00007ffcadef0000 - 0x00007ffcae09e000 	C:\WINDOWS\System32\USER32.dll
0x00007ffcada10000 - 0x00007ffcada36000 	C:\WINDOWS\System32\win32u.dll
0x00007ffc91b20000 - 0x00007ffc91db3000 	C:\WINDOWS\WinSxS\amd64_microsoft.windows.common-controls_6595b64144ccf1df_6.0.22621.2506_none_270c5ae97388e100\COMCTL32.dll
0x00007ffcade40000 - 0x00007ffcadee7000 	C:\WINDOWS\System32\msvcrt.dll
0x00007ffcaee80000 - 0x00007ffcaeea9000 	C:\WINDOWS\System32\GDI32.dll
0x00007ffcad8f0000 - 0x00007ffcada08000 	C:\WINDOWS\System32\gdi32full.dll
0x00007ffcad820000 - 0x00007ffcad8ba000 	C:\WINDOWS\System32\msvcp_win.dll
0x00007ffcaff90000 - 0x00007ffcaffc1000 	C:\WINDOWS\System32\IMM32.DLL
0x00007ffca80a0000 - 0x00007ffca80ac000 	C:\Program Files\Android\Android Studio\jbr\bin\vcruntime140_1.dll
0x00007ffc88510000 - 0x00007ffc8859d000 	C:\Program Files\Android\Android Studio\jbr\bin\msvcp140.dll
0x00007ffc1d3b0000 - 0x00007ffc1e01e000 	C:\Program Files\Android\Android Studio\jbr\bin\server\jvm.dll
0x00007ffcafe30000 - 0x00007ffcafee3000 	C:\WINDOWS\System32\ADVAPI32.dll
0x00007ffcaf3c0000 - 0x00007ffcaf468000 	C:\WINDOWS\System32\sechost.dll
0x00007ffcad8c0000 - 0x00007ffcad8e8000 	C:\WINDOWS\System32\bcrypt.dll
0x00007ffcaf1f0000 - 0x00007ffcaf307000 	C:\WINDOWS\System32\RPCRT4.dll
0x00007ffca2fb0000 - 0x00007ffca2fe4000 	C:\WINDOWS\SYSTEM32\WINMM.dll
0x00007ffc8fb70000 - 0x00007ffc8fb79000 	C:\WINDOWS\SYSTEM32\WSOCK32.dll
0x00007ffcae900000 - 0x00007ffcae971000 	C:\WINDOWS\System32\WS2_32.dll
0x00007ffc9e500000 - 0x00007ffc9e50a000 	C:\WINDOWS\SYSTEM32\VERSION.dll
0x00007ffcac380000 - 0x00007ffcac398000 	C:\WINDOWS\SYSTEM32\kernel.appcore.dll
0x00007ffc8e5a0000 - 0x00007ffc8e5aa000 	C:\Program Files\Android\Android Studio\jbr\bin\jimage.dll
0x00007ffcaac60000 - 0x00007ffcaae93000 	C:\WINDOWS\SYSTEM32\DBGHELP.DLL
0x00007ffcaeaf0000 - 0x00007ffcaee79000 	C:\WINDOWS\System32\combase.dll
0x00007ffcadd60000 - 0x00007ffcade37000 	C:\WINDOWS\System32\OLEAUT32.dll
0x00007ffc92170000 - 0x00007ffc921a2000 	C:\WINDOWS\SYSTEM32\dbgcore.DLL
0x00007ffcada40000 - 0x00007ffcadaba000 	C:\WINDOWS\System32\bcryptPrimitives.dll
0x00007ffc87950000 - 0x00007ffc87975000 	C:\Program Files\Android\Android Studio\jbr\bin\java.dll
0x00007ffc79ed0000 - 0x00007ffc79ee8000 	C:\Program Files\Android\Android Studio\jbr\bin\zip.dll
0x00007ffcae0a0000 - 0x00007ffcae8fa000 	C:\WINDOWS\System32\SHELL32.dll
0x00007ffcab2a0000 - 0x00007ffcabb96000 	C:\WINDOWS\SYSTEM32\windows.storage.dll
0x00007ffcab160000 - 0x00007ffcab29e000 	C:\WINDOWS\SYSTEM32\wintypes.dll
0x00007ffcaeec0000 - 0x00007ffcaefb3000 	C:\WINDOWS\System32\SHCORE.dll
0x00007ffcaf790000 - 0x00007ffcaf7ee000 	C:\WINDOWS\System32\shlwapi.dll
0x00007ffcad280000 - 0x00007ffcad2a6000 	C:\WINDOWS\SYSTEM32\profapi.dll
0x00007ffc79ac0000 - 0x00007ffc79ad9000 	C:\Program Files\Android\Android Studio\jbr\bin\net.dll
0x00007ffca6430000 - 0x00007ffca6567000 	C:\WINDOWS\SYSTEM32\WINHTTP.dll
0x00007ffcac800000 - 0x00007ffcac869000 	C:\WINDOWS\system32\mswsock.dll
0x00007ffc79570000 - 0x00007ffc79586000 	C:\Program Files\Android\Android Studio\jbr\bin\nio.dll
0x00007ffc8e370000 - 0x00007ffc8e380000 	C:\Program Files\Android\Android Studio\jbr\bin\verify.dll
0x00007ffca9500000 - 0x00007ffca9527000 	C:\Users\86199\.gradle\native\68d5fa5c4cc2d200863cafc0d521ce42e7d3e7ee720ec0a83991735586a16f82\windows-amd64\native-platform.dll
0x00007ffc880f0000 - 0x00007ffc88234000 	C:\Users\86199\.gradle\native\e376f236ea51e6404a007f0833ffe2c6e607c4080706a723a18a27aeea778392\windows-amd64\native-platform-file-events.dll
0x00007ffc8e310000 - 0x00007ffc8e319000 	C:\Program Files\Android\Android Studio\jbr\bin\management.dll
0x00007ffc88260000 - 0x00007ffc8826b000 	C:\Program Files\Android\Android Studio\jbr\bin\management_ext.dll
0x00007ffcaf9a0000 - 0x00007ffcaf9a8000 	C:\WINDOWS\System32\PSAPI.DLL
0x00007ffcaca50000 - 0x00007ffcaca6b000 	C:\WINDOWS\SYSTEM32\CRYPTSP.dll
0x00007ffcac2e0000 - 0x00007ffcac315000 	C:\WINDOWS\system32\rsaenh.dll
0x00007ffcac8f0000 - 0x00007ffcac91c000 	C:\WINDOWS\SYSTEM32\USERENV.dll
0x00007ffcaca70000 - 0x00007ffcaca7c000 	C:\WINDOWS\SYSTEM32\CRYPTBASE.dll
0x00007ffcabe00000 - 0x00007ffcabe2d000 	C:\WINDOWS\SYSTEM32\IPHLPAPI.DLL
0x00007ffcaf470000 - 0x00007ffcaf479000 	C:\WINDOWS\System32\NSI.dll
0x00007ffca6410000 - 0x00007ffca6429000 	C:\WINDOWS\SYSTEM32\dhcpcsvc6.DLL
0x00007ffca63f0000 - 0x00007ffca640f000 	C:\WINDOWS\SYSTEM32\dhcpcsvc.DLL
0x00007ffcabe30000 - 0x00007ffcabf29000 	C:\WINDOWS\SYSTEM32\DNSAPI.dll
0x00007ffc83ff0000 - 0x00007ffc83ff8000 	C:\WINDOWS\system32\wshunix.dll
0x00007ffca2830000 - 0x00007ffca283a000 	C:\Windows\System32\rasadhlp.dll
0x00007ffca2a40000 - 0x00007ffca2ac3000 	C:\WINDOWS\System32\fwpuclnt.dll

dbghelp: loaded successfully - version: 4.0.5 - missing functions: none
symbol engine: initialized successfully - sym options: 0x614 - pdb path: .;C:\Program Files\Android\Android Studio\jbr\bin;C:\WINDOWS\SYSTEM32;C:\WINDOWS\WinSxS\amd64_microsoft.windows.common-controls_6595b64144ccf1df_6.0.22621.2506_none_270c5ae97388e100;C:\Program Files\Android\Android Studio\jbr\bin\server;C:\Users\86199\.gradle\native\68d5fa5c4cc2d200863cafc0d521ce42e7d3e7ee720ec0a83991735586a16f82\windows-amd64;C:\Users\86199\.gradle\native\e376f236ea51e6404a007f0833ffe2c6e607c4080706a723a18a27aeea778392\windows-amd64

VM Arguments:
jvm_args: --add-opens=java.base/java.util=ALL-UNNAMED --add-opens=java.base/java.lang=ALL-UNNAMED --add-opens=java.base/java.lang.invoke=ALL-UNNAMED --add-opens=java.prefs/java.util.prefs=ALL-UNNAMED --add-opens=java.base/java.nio.charset=ALL-UNNAMED --add-opens=java.base/java.net=ALL-UNNAMED --add-opens=java.base/java.util.concurrent.atomic=ALL-UNNAMED -Xmx2048m -Dfile.encoding=UTF-8 -Duser.country=CN -Duser.language=zh -Duser.variant 
java_command: org.gradle.launcher.daemon.bootstrap.GradleDaemon 8.0
java_class_path (initial): C:\Users\86199\.gradle\wrapper\dists\gradle-8.0-bin\ca5e32bp14vu59qr306oxotwh\gradle-8.0\lib\gradle-launcher-8.0.jar
Launcher Type: SUN_STANDARD

[Global flags]
     intx CICompilerCount                          = 4                                         {product} {ergonomic}
     uint ConcGCThreads                            = 2                                         {product} {ergonomic}
     uint G1ConcRefinementThreads                  = 8                                         {product} {ergonomic}
   size_t G1HeapRegionSize                         = 1048576                                   {product} {ergonomic}
    uintx GCDrainStackTargetSize                   = 64                                        {product} {ergonomic}
   size_t InitialHeapSize                          = 266338304                                 {product} {ergonomic}
   size_t MarkStackSize                            = 4194304                                   {product} {ergonomic}
   size_t MaxHeapSize                              = 2147483648                                {product} {command line}
   size_t MaxNewSize                               = 1287651328                                {product} {ergonomic}
   size_t MinHeapDeltaBytes                        = 1048576                                   {product} {ergonomic}
   size_t MinHeapSize                              = 8388608                                   {product} {ergonomic}
    uintx NonNMethodCodeHeapSize                   = 5839372                                {pd product} {ergonomic}
    uintx NonProfiledCodeHeapSize                  = 122909434                              {pd product} {ergonomic}
    uintx ProfiledCodeHeapSize                     = 122909434                              {pd product} {ergonomic}
    uintx ReservedCodeCacheSize                    = 251658240                              {pd product} {ergonomic}
     bool SegmentedCodeCache                       = true                                      {product} {ergonomic}
   size_t SoftMaxHeapSize                          = 2147483648                             {manageable} {ergonomic}
     bool UseCompressedClassPointers               = true                           {product lp64_product} {ergonomic}
     bool UseCompressedOops                        = true                           {product lp64_product} {ergonomic}
     bool UseG1GC                                  = true                                      {product} {ergonomic}
     bool UseLargePagesIndividualAllocation        = false                                  {pd product} {ergonomic}

Logging:
Log output configuration:
 #0: stdout all=warning uptime,level,tags
 #1: stderr all=off uptime,level,tags

Environment Variables:
JAVA_HOME=D:\android\Java
CLASSPATH=.;D:\android\Java\lib;D:\android\Java\lib\tools.jar
PATH=C:\Program Files\Java\jdk 1.8.0_341\bin;D:\android\Java\bin;D:\android\Java\jre\bin;D:\mysql\mysql-5.7.27-winx64\bin;c:\windows\system32;C:\WINDOWS\system32;D:\tomcat\apache-tomcat-8.5.47\bin;D:\Anaconda;D:\Anaconda\Scripts;D:\Anaconda\Library\bin;D:\Anaconda\Library\mingw-w64\bin;D:\tomcat\apache-tomcat-8.5.47\lib\;%OMCAT_HOME%\bin;C:\Program Files\Azure Data Studio\bin;C:\Users\86199\Downloads\ffmpeg-6.0-full_build\bin;C:\WINDOWS;C:\WINDOWS\System32\Wbem;C:\WINDOWS\System32\WindowsPowerShell\v1.0\;C:\WINDOWS\System32\OpenSSH\;D:\Download\web\dll;%MAVEN;HOME%\bin;"% ANDROID_SDK_HOME%\platform-tools;% ANDROID_SDK_HOME%\tools";D:\android\SDK\platform-tools;C:\WINDOWS\system32;D:\software\node.js\;D:\software\gradle-8.0\bin;D:\software\Git\Git\cmd;D:\Anaconda;D:\Anaconda\Library\mingw-w64\bin;D:\Anaconda\Library\usr\bin;D:\Anaconda\Library\bin;D:\Anaconda\Scripts;C:\Users\86199\AppData\Local\Microsoft\WindowsApps;C:\Program Files\JetBrains\PyCharm Community Edition 2021.3\bin;;%JAVA_HOME\bin;%IntelliJ IDEA Community Edition%;C:\Program Files (x86)\Tencent\QQGameTempest\Hall.57915\;C:\Program Files\Azure Data Studio\bin;D:\Download\Microsoft VS Code\bin;C:\Users\86199\AppData\Roaming\npm
USERNAME=86199
OS=Windows_NT
PROCESSOR_IDENTIFIER=Intel64 Family 6 Model 140 Stepping 1, GenuineIntel
TMP=C:\Users\86199\AppData\Local\Temp
TEMP=C:\Users\86199\AppData\Local\Temp


JNI global refs:
JNI global refs: 26, weak refs: 0

JNI global refs memory usage: 843, weak refs: 841


---------------  S Y S T E M  ---------------

OS:
 Windows 11 , 64 bit Build 22621 (10.0.22621.2506)
OS uptime: 0 days 8:40 hours

CPU: total 8 (initial active 8) (4 cores per cpu, 2 threads per core) family 6 model 140 stepping 1 microcode 0x86, cx8, cmov, fxsr, ht, mmx, 3dnowpref, sse, sse2, sse3, ssse3, sse4.1, sse4.2, popcnt, lzcnt, tsc, tscinvbit, avx, avx2, aes, erms, clmul, bmi1, bmi2, adx, avx512f, avx512dq, avx512cd, avx512bw, avx512vl, sha, fma, vzeroupper, avx512_vpopcntdq, avx512_vpclmulqdq, avx512_vaes, avx512_vnni, clflush, clflushopt, clwb, avx512_vbmi2, avx512_vbmi

Memory: 4k page, system-wide physical 16167M (2769M free)
TotalPageFile size 16167M (AvailPageFile size 7M)
current process WorkingSet (physical memory assigned to process): 465M, peak: 465M
current process commit charge ("private bytes"): 502M, peak: 520M

vm_info: OpenJDK 64-Bit Server VM (17.0.6+0-b2043.56-10027231) for windows-amd64 JRE (17.0.6+0-b2043.56-10027231), built on Apr 28 2023 00:43:19 by "androidbuild" with MS VC++ 16.10 / 16.11 (VS2019)

END.
